Julia Version 1.3.1
Commit 2d5741174c (2019-12-30 21:36 UTC)
Platform Info:
  OS: Linux (x86_64-pc-linux-gnu)
  CPU: AMD Ryzen Threadripper 2990WX 32-Core Processor
  WORD_SIZE: 64
  LIBM: libopenlibm
  LLVM: libLLVM-6.0.1 (ORCJIT, znver1)
Environment:
  JULIA_DEPOT_PATH = ::/usr/local/share/julia
  JULIA_NUM_THREADS = 2

 Resolving package versions...
 Installed CompilerSupportLibraries_jll ─ v0.2.0+1
 Installed Rmath_jll ──────────────────── v0.2.2+0
 Installed ProgressMeter ──────────────── v1.2.0
 Installed StatsFuns ──────────────────── v0.9.4
 Installed FillArrays ─────────────────── v0.8.5
 Installed MacroTools ─────────────────── v0.5.4
 Installed AdvancedHMC ────────────────── v0.2.21
 Installed StatsBase ──────────────────── v0.32.2
 Installed ArgCheck ───────────────────── v2.0.0
 Installed DataAPI ────────────────────── v1.1.0
 Installed Rmath ──────────────────────── v0.6.1
 Installed ArrayLayouts ───────────────── v0.1.5
 Installed Requires ───────────────────── v1.0.1
 Installed SpecialFunctions ───────────── v0.10.0
 Installed StaticArrays ───────────────── v0.12.1
 Installed SortingAlgorithms ──────────── v0.3.1
 Installed InplaceOps ─────────────────── v0.3.0
 Installed OpenSpecFun_jll ────────────── v0.5.3+3
 Installed OrderedCollections ─────────── v1.1.0
 Installed Parameters ─────────────────── v0.12.0
 Installed Missings ───────────────────── v0.4.3
 Installed LazyArrays ─────────────────── v0.15.0
 Installed DataStructures ─────────────── v0.17.10
  Updating `~/.julia/environments/v1.3/Project.toml`
  [0bf59076] + AdvancedHMC v0.2.21
  Updating `~/.julia/environments/v1.3/Manifest.toml`
  [0bf59076] + AdvancedHMC v0.2.21
  [dce04be8] + ArgCheck v2.0.0
  [4c555306] + ArrayLayouts v0.1.5
  [e66e0078] + CompilerSupportLibraries_jll v0.2.0+1
  [9a962f9c] + DataAPI v1.1.0
  [864edb3b] + DataStructures v0.17.10
  [1a297f60] + FillArrays v0.8.5
  [505f98c9] + InplaceOps v0.3.0
  [5078a376] + LazyArrays v0.15.0
  [1914dd2f] + MacroTools v0.5.4
  [e1d29d7a] + Missings v0.4.3
  [efe28fd5] + OpenSpecFun_jll v0.5.3+3
  [bac558e1] + OrderedCollections v1.1.0
  [d96e819e] + Parameters v0.12.0
  [92933f4c] + ProgressMeter v1.2.0
  [ae029012] + Requires v1.0.1
  [79098fc4] + Rmath v0.6.1
  [f50d1b31] + Rmath_jll v0.2.2+0
  [a2af1166] + SortingAlgorithms v0.3.1
  [276daf66] + SpecialFunctions v0.10.0
  [90137ffa] + StaticArrays v0.12.1
  [2913bbd2] + StatsBase v0.32.2
  [4c63d2b9] + StatsFuns v0.9.4
  [2a0f44e3] + Base64 
  [ade2ca70] + Dates 
  [8ba89e20] + Distributed 
  [b77e0a4c] + InteractiveUtils 
  [76f85450] + LibGit2 
  [8f399da3] + Libdl 
  [37e2e46d] + LinearAlgebra 
  [56ddb016] + Logging 
  [d6f4376e] + Markdown 
  [44cfe95a] + Pkg 
  [de0858da] + Printf 
  [3fa0cd96] + REPL 
  [9a3f8284] + Random 
  [ea8e919c] + SHA 
  [9e88b42a] + Serialization 
  [6462fe0b] + Sockets 
  [2f01184e] + SparseArrays 
  [10745b16] + Statistics 
  [8dfed614] + Test 
  [cf7118a7] + UUIDs 
  [4ec0a83e] + Unicode 
   Testing AdvancedHMC
 Resolving package versions...
ERROR: Unsatisfiable requirements detected for package LogDensityProblems [6fdf6af0]:
 LogDensityProblems [6fdf6af0] log:
 ├─possible versions are: [0.2.0, 0.3.0, 0.4.0-0.4.1, 0.5.0-0.5.1, 0.6.0, 0.8.0-0.8.3, 0.9.0-0.9.2, 0.10.0-0.10.3] or uninstalled
 ├─restricted by compatibility requirements with Requires [ae029012] to versions: [0.2.0, 0.3.0, 0.4.0, 0.10.1-0.10.3] or uninstalled
 │ └─Requires [ae029012] log:
 │   ├─possible versions are: [0.5.0-0.5.2, 1.0.0-1.0.1] or uninstalled
 │   └─restricted to versions 1.0.1 by an explicit requirement, leaving only versions 1.0.1
 ├─restricted by compatibility requirements with ArgCheck [dce04be8] to versions: 0.10.2-0.10.3 or uninstalled
 │ └─ArgCheck [dce04be8] log:
 │   ├─possible versions are: [0.7.0, 1.0.0-1.0.1, 1.1.0, 2.0.0] or uninstalled
 │   └─restricted to versions 2.0.0 by an explicit requirement, leaving only versions 2.0.0
 ├─restricted by compatibility requirements with Turing [fce5fe82] to versions: [0.9.0-0.9.2, 0.10.0-0.10.3], leaving only versions: 0.10.2-0.10.3
 │ └─Turing [fce5fe82] log:
 │   ├─possible versions are: [0.5.0-0.5.1, 0.6.0-0.6.2, 0.6.4-0.6.9, 0.6.11-0.6.15, 0.6.17-0.6.19, 0.6.21-0.6.23, 0.7.0-0.7.4, 0.8.0-0.8.3, 0.9.0] or uninstalled
 │   ├─restricted to versions * by an explicit requirement, leaving only versions [0.5.0-0.5.1, 0.6.0-0.6.2, 0.6.4-0.6.9, 0.6.11-0.6.15, 0.6.17-0.6.19, 0.6.21-0.6.23, 0.7.0-0.7.4, 0.8.0-0.8.3, 0.9.0]
 │   ├─restricted by compatibility requirements with StatsFuns [4c63d2b9] to versions: [0.7.4, 0.8.0-0.8.3, 0.9.0] or uninstalled, leaving only versions: [0.7.4, 0.8.0-0.8.3, 0.9.0]
 │   │ └─StatsFuns [4c63d2b9] log:
 │   │   ├─possible versions are: [0.7.0-0.7.1, 0.8.0, 0.9.0-0.9.4] or uninstalled
 │   │   └─restricted to versions 0.9.4 by an explicit requirement, leaving only versions 0.9.4
 │   ├─restricted by compatibility requirements with Requires [ae029012] to versions: [0.8.0-0.8.3, 0.9.0] or uninstalled, leaving only versions: [0.8.0-0.8.3, 0.9.0]
 │   │ └─Requires [ae029012] log: see above
 │   └─restricted by compatibility requirements with SpecialFunctions [276daf66] to versions: [0.5.0-0.5.1, 0.9.0] or uninstalled, leaving only versions: 0.9.0
 │     └─SpecialFunctions [276daf66] log:
 │       ├─possible versions are: [0.7.0-0.7.2, 0.8.0, 0.9.0, 0.10.0] or uninstalled
 │       └─restricted to versions 0.10.0 by an explicit requirement, leaving only versions 0.10.0
 └─restricted by compatibility requirements with TransformVariables [84d833dd] to versions: uninstalled — no versions left
   └─TransformVariables [84d833dd] log:
     ├─possible versions are: [0.1.0-0.1.4, 0.2.0, 0.3.0-0.3.9] or uninstalled
     └─restricted by compatibility requirements with ArgCheck [dce04be8] to versions: uninstalled
       └─ArgCheck [dce04be8] log: see above
Stacktrace:
 [1] #propagate_constraints!#61(::Bool, ::typeof(Pkg.GraphType.propagate_constraints!), ::Pkg.GraphType.Graph, ::Set{Int64}) at /buildworker/worker/package_linux64/build/usr/share/julia/stdlib/v1.3/Pkg/src/GraphType.jl:1007
 [2] propagate_constraints! at /buildworker/worker/package_linux64/build/usr/share/julia/stdlib/v1.3/Pkg/src/GraphType.jl:948 [inlined]
 [3] #simplify_graph!#121(::Bool, ::typeof(Pkg.GraphType.simplify_graph!), ::Pkg.GraphType.Graph, ::Set{Int64}) at /buildworker/worker/package_linux64/build/usr/share/julia/stdlib/v1.3/Pkg/src/GraphType.jl:1462
 [4] simplify_graph! at /buildworker/worker/package_linux64/build/usr/share/julia/stdlib/v1.3/Pkg/src/GraphType.jl:1462 [inlined]
 [5] _resolve_versions!(::Pkg.Types.Context, ::Array{Pkg.Types.PackageSpec,1}, ::Nothing) at /buildworker/worker/package_linux64/build/usr/share/julia/stdlib/v1.3/Pkg/src/backwards_compatible_isolation.jl:148
 [6] _resolve_versions! at /buildworker/worker/package_linux64/build/usr/share/julia/stdlib/v1.3/Pkg/src/backwards_compatible_isolation.jl:93 [inlined]
 [7] #_add_or_develop#26(::Array{Base.UUID,1}, ::Symbol, ::typeof(Pkg.Operations._add_or_develop), ::Pkg.Types.Context, ::Array{Pkg.Types.PackageSpec,1}) at /buildworker/worker/package_linux64/build/usr/share/julia/stdlib/v1.3/Pkg/src/backwards_compatible_isolation.jl:348
 [8] _add_or_develop at /buildworker/worker/package_linux64/build/usr/share/julia/stdlib/v1.3/Pkg/src/backwards_compatible_isolation.jl:333 [inlined]
 [9] (::Pkg.Operations.var"#30#36"{Bool,Pkg.Operations.var"#42#44"{Pkg.Types.Context,Pkg.Types.PackageSpec,Pkg.Operations.var"#41#43"{Pkg.Types.Context,Pkg.Types.PackageSpec,Array{String,1},Cmd}},Pkg.Types.Context,Pkg.Types.PackageSpec,Pkg.Types.Context,Set{Base.UUID},Set{Base.UUID},Array{Pkg.Types.PackageSpec,1}})(::String) at /buildworker/worker/package_linux64/build/usr/share/julia/stdlib/v1.3/Pkg/src/backwards_compatible_isolation.jl:537
 [10] #mktempdir#18(::String, ::typeof(mktempdir), ::Pkg.Operations.var"#30#36"{Bool,Pkg.Operations.var"#42#44"{Pkg.Types.Context,Pkg.Types.PackageSpec,Pkg.Operations.var"#41#43"{Pkg.Types.Context,Pkg.Types.PackageSpec,Array{String,1},Cmd}},Pkg.Types.Context,Pkg.Types.PackageSpec,Pkg.Types.Context,Set{Base.UUID},Set{Base.UUID},Array{Pkg.Types.PackageSpec,1}}, ::String) at ./file.jl:634
 [11] mktempdir at ./file.jl:632 [inlined] (repeats 2 times)
 [12] #with_dependencies_loadable_at_toplevel#27(::Bool, ::typeof(Pkg.Operations.with_dependencies_loadable_at_toplevel), ::Pkg.Operations.var"#42#44"{Pkg.Types.Context,Pkg.Types.PackageSpec,Pkg.Operations.var"#41#43"{Pkg.Types.Context,Pkg.Types.PackageSpec,Array{String,1},Cmd}}, ::Pkg.Types.Context, ::Pkg.Types.PackageSpec) at /buildworker/worker/package_linux64/build/usr/share/julia/stdlib/v1.3/Pkg/src/backwards_compatible_isolation.jl:516
 [13] #with_dependencies_loadable_at_toplevel at ./none:0 [inlined]
 [14] #backwards_compatibility_for_test#40(::Cmd, ::Cmd, ::typeof(Pkg.Operations.backwards_compatibility_for_test), ::Pkg.Types.Context, ::Pkg.Types.PackageSpec, ::String, ::Array{String,1}, ::Bool) at /buildworker/worker/package_linux64/build/usr/share/julia/stdlib/v1.3/Pkg/src/backwards_compatible_isolation.jl:608
 [15] #backwards_compatibility_for_test at ./none:0 [inlined]
 [16] #test#131(::Bool, ::Nothing, ::Cmd, ::Cmd, ::typeof(Pkg.Operations.test), ::Pkg.Types.Context, ::Array{Pkg.Types.PackageSpec,1}) at /buildworker/worker/package_linux64/build/usr/share/julia/stdlib/v1.3/Pkg/src/Operations.jl:1347
 [17] #test at ./none:0 [inlined]
 [18] #test#62(::Bool, ::Nothing, ::Cmd, ::Cmd, ::Base.Iterators.Pairs{Union{},Union{},Tuple{},NamedTuple{(),Tuple{}}}, ::typeof(Pkg.API.test), ::Pkg.Types.Context, ::Array{Pkg.Types.PackageSpec,1}) at /buildworker/worker/package_linux64/build/usr/share/julia/stdlib/v1.3/Pkg/src/API.jl:253
 [19] test(::Pkg.Types.Context, ::Array{Pkg.Types.PackageSpec,1}) at /buildworker/worker/package_linux64/build/usr/share/julia/stdlib/v1.3/Pkg/src/API.jl:239
 [20] #test#61 at /buildworker/worker/package_linux64/build/usr/share/julia/stdlib/v1.3/Pkg/src/API.jl:233 [inlined]
 [21] test at /buildworker/worker/package_linux64/build/usr/share/julia/stdlib/v1.3/Pkg/src/API.jl:233 [inlined]
 [22] #test#60 at /buildworker/worker/package_linux64/build/usr/share/julia/stdlib/v1.3/Pkg/src/API.jl:232 [inlined]
 [23] test at /buildworker/worker/package_linux64/build/usr/share/julia/stdlib/v1.3/Pkg/src/API.jl:232 [inlined]
 [24] #test#59(::Base.Iterators.Pairs{Union{},Union{},Tuple{},NamedTuple{(),Tuple{}}}, ::typeof(Pkg.API.test), ::String) at /buildworker/worker/package_linux64/build/usr/share/julia/stdlib/v1.3/Pkg/src/API.jl:231
 [25] test(::String) at /buildworker/worker/package_linux64/build/usr/share/julia/stdlib/v1.3/Pkg/src/API.jl:231
 [26] top-level scope at none:13
