Julia Version 1.5.1
Commit 697e782ab8 (2020-08-25 20:08 UTC)
Platform Info:
  OS: Linux (x86_64-pc-linux-gnu)
  CPU: Intel(R) Xeon(R) Silver 4114 CPU @ 2.20GHz
  WORD_SIZE: 64
  LIBM: libopenlibm
  LLVM: libLLVM-9.0.1 (ORCJIT, skylake-avx512)
Environment:
  JULIA_DEPOT_PATH = ::/usr/local/share/julia
  JULIA_NUM_THREADS = 2

  Resolving package versions...
  Installed ZygoteRules ────────────────── v0.2.0
  Installed CpuId ──────────────────────── v0.2.2
  Installed ArrayInterface ─────────────── v2.12.0
  Installed UnPack ─────────────────────── v1.0.2
  Installed NaNMath ────────────────────── v0.3.4
  Installed StatsFuns ──────────────────── v0.9.5
  Installed AIBECS ─────────────────────── v0.7.7
  Installed URIParser ──────────────────── v0.4.1
  Installed WeakRefStrings ─────────────── v0.6.2
  Installed TreeViews ──────────────────── v0.3.0
  Installed SIMDPirates ────────────────── v0.8.24
  Installed GeoInterface ───────────────── v0.5.4
  Installed SLEEFPirates ───────────────── v0.5.5
  Installed Interpolations ─────────────── v0.12.10
  Installed Distributions ──────────────── v0.23.10
  Installed CompilerSupportLibraries_jll ─ v0.3.3+0
  Installed DiffResults ────────────────── v1.0.2
  Installed IteratorInterfaceExtensions ── v1.0.0
  Installed RecursiveFactorization ─────── v0.1.4
  Installed Rmath_jll ──────────────────── v0.2.2+1
  Installed DataAPI ────────────────────── v1.3.0
  Installed CommonSubexpressions ───────── v0.3.0
  Installed DiffEqBase ─────────────────── v6.46.1
  Installed ConstructionBase ───────────── v1.0.0
  Installed Conda ──────────────────────── v1.4.1
  Installed DataDeps ───────────────────── v0.7.2
  Installed Unitful ────────────────────── v1.4.0
  Installed DocStringExtensions ────────── v0.8.3
  Installed Parsers ────────────────────── v1.0.10
  Installed Requires ───────────────────── v1.0.2
  Installed StaticArrays ───────────────── v0.12.4
  Installed MacroTools ─────────────────── v0.5.5
  Installed DataFrames ─────────────────── v0.21.7
  Installed FillArrays ─────────────────── v0.9.5
  Installed ForwardDiff ────────────────── v0.10.12
  Installed MbedTLS ────────────────────── v1.0.2
  Installed FieldMetadata ──────────────── v0.3.0
  Installed Rmath ──────────────────────── v0.6.1
  Installed PDMats ─────────────────────── v0.10.0
  Installed MetadataArrays ─────────────── v0.1.0
  Installed HTTP ───────────────────────── v0.8.17
  Installed Distances ──────────────────── v0.9.0
  Installed IterativeSolvers ───────────── v0.8.4
  Installed Shapefile ──────────────────── v0.6.2
  Installed AxisAlgorithms ─────────────── v1.0.0
  Installed NearestNeighbors ───────────── v0.4.6
  Installed InvertedIndices ────────────── v1.0.0
  Installed Flatten ────────────────────── v0.3.5
  Installed LabelledArrays ─────────────── v1.3.0
  Installed VectorizationBase ──────────── v0.12.32
  Installed DataStructures ─────────────── v0.18.2
  Installed OpenSpecFun_jll ────────────── v0.5.3+3
  Installed BSON ───────────────────────── v0.2.6
  Installed PooledArrays ───────────────── v0.5.3
  Installed RecursiveArrayTools ────────── v2.6.0
  Installed FunctionWrappers ───────────── v1.1.1
  Installed WoodburyMatrices ───────────── v0.5.2
  Installed Tables ─────────────────────── v1.0.5
  Installed Missings ───────────────────── v0.4.4
  Installed DataValueInterfaces ────────── v1.0.0
  Installed Ratios ─────────────────────── v0.4.0
  Installed Reexport ───────────────────── v0.2.0
  Installed RecipesBase ────────────────── v1.0.2
  Installed Parameters ─────────────────── v0.12.1
  Installed NCDatasets ─────────────────── v0.10.4
  Installed StatsBase ──────────────────── v0.33.1
  Installed IniFile ────────────────────── v0.5.0
  Installed CFTime ─────────────────────── v0.1.0
  Installed Roots ──────────────────────── v1.0.5
  Installed BinDeps ────────────────────── v1.0.1
  Installed SortingAlgorithms ──────────── v0.3.1
  Installed SpecialFunctions ───────────── v0.10.3
  Installed ChainRulesCore ─────────────── v0.9.6
  Installed Compat ─────────────────────── v3.15.0
  Installed TableTraits ────────────────── v1.0.0
  Installed MuladdMacro ────────────────── v0.2.2
  Installed MbedTLS_jll ────────────────── v2.16.6+1
  Installed UnitfulRecipes ─────────────── v0.2.4
  Installed LoopVectorization ──────────── v0.8.25
  Installed DiffRules ──────────────────── v1.0.1
  Installed OffsetArrays ───────────────── v1.1.3
  Installed VersionParsing ─────────────── v1.2.0
  Installed DBFTables ──────────────────── v0.2.2
  Installed QuadGK ─────────────────────── v2.4.1
  Installed CondaBinDeps ───────────────── v0.2.0
  Installed JSON ───────────────────────── v0.21.0
  Installed OceanGrids ─────────────────── v0.3.0
  Installed OrderedCollections ─────────── v1.3.0
  Installed CategoricalArrays ──────────── v0.8.1
Updating `~/.julia/environments/v1.5/Project.toml`
  [ace601d6] + AIBECS v0.7.7
Updating `~/.julia/environments/v1.5/Manifest.toml`
  [ace601d6] + AIBECS v0.7.7
  [4fba245c] + ArrayInterface v2.12.0
  [13072b0f] + AxisAlgorithms v1.0.0
  [fbb218c0] + BSON v0.2.6
  [9e28174c] + BinDeps v1.0.1
  [179af706] + CFTime v0.1.0
  [324d7699] + CategoricalArrays v0.8.1
  [d360d2e6] + ChainRulesCore v0.9.6
  [bbf7d656] + CommonSubexpressions v0.3.0
  [34da2185] + Compat v3.15.0
  [e66e0078] + CompilerSupportLibraries_jll v0.3.3+0
  [8f4d0f93] + Conda v1.4.1
  [a9693cdc] + CondaBinDeps v0.2.0
  [187b0558] + ConstructionBase v1.0.0
  [adafc99b] + CpuId v0.2.2
  [75c7ada1] + DBFTables v0.2.2
  [9a962f9c] + DataAPI v1.3.0
  [124859b0] + DataDeps v0.7.2
  [a93c6f00] + DataFrames v0.21.7
  [864edb3b] + DataStructures v0.18.2
  [e2d170a0] + DataValueInterfaces v1.0.0
  [2b5f629d] + DiffEqBase v6.46.1
  [163ba53b] + DiffResults v1.0.2
  [b552c78f] + DiffRules v1.0.1
  [b4f34e82] + Distances v0.9.0
  [31c24e10] + Distributions v0.23.10
  [ffbed154] + DocStringExtensions v0.8.3
  [bf96fef3] + FieldMetadata v0.3.0
  [1a297f60] + FillArrays v0.9.5
  [4c728ea3] + Flatten v0.3.5
  [f6369f11] + ForwardDiff v0.10.12
  [069b7b12] + FunctionWrappers v1.1.1
  [cf35fbd7] + GeoInterface v0.5.4
  [cd3eb016] + HTTP v0.8.17
  [83e8ac13] + IniFile v0.5.0
  [a98d9a8b] + Interpolations v0.12.10
  [41ab1584] + InvertedIndices v1.0.0
  [42fd0dbc] + IterativeSolvers v0.8.4
  [82899510] + IteratorInterfaceExtensions v1.0.0
  [682c06a0] + JSON v0.21.0
  [2ee39098] + LabelledArrays v1.3.0
  [bdcacae8] + LoopVectorization v0.8.25
  [1914dd2f] + MacroTools v0.5.5
  [739be429] + MbedTLS v1.0.2
  [c8ffd9c3] + MbedTLS_jll v2.16.6+1
  [49441bc9] + MetadataArrays v0.1.0
  [e1d29d7a] + Missings v0.4.4
  [46d2c3a1] + MuladdMacro v0.2.2
  [85f8d34a] + NCDatasets v0.10.4
  [77ba4419] + NaNMath v0.3.4
  [b8a86587] + NearestNeighbors v0.4.6
  [cfe838f4] + OceanGrids v0.3.0
  [6fe1bfb0] + OffsetArrays v1.1.3
  [efe28fd5] + OpenSpecFun_jll v0.5.3+3
  [bac558e1] + OrderedCollections v1.3.0
  [90014a1f] + PDMats v0.10.0
  [d96e819e] + Parameters v0.12.1
  [69de0a69] + Parsers v1.0.10
  [2dfb63ee] + PooledArrays v0.5.3
  [1fd47b50] + QuadGK v2.4.1
  [c84ed2f1] + Ratios v0.4.0
  [3cdcf5f2] + RecipesBase v1.0.2
  [731186ca] + RecursiveArrayTools v2.6.0
  [f2c3362d] + RecursiveFactorization v0.1.4
  [189a3867] + Reexport v0.2.0
  [ae029012] + Requires v1.0.2
  [79098fc4] + Rmath v0.6.1
  [f50d1b31] + Rmath_jll v0.2.2+1
  [f2b01f46] + Roots v1.0.5
  [21efa798] + SIMDPirates v0.8.24
  [476501e8] + SLEEFPirates v0.5.5
  [8e980c4a] + Shapefile v0.6.2
  [a2af1166] + SortingAlgorithms v0.3.1
  [276daf66] + SpecialFunctions v0.10.3
  [90137ffa] + StaticArrays v0.12.4
  [2913bbd2] + StatsBase v0.33.1
  [4c63d2b9] + StatsFuns v0.9.5
  [3783bdb8] + TableTraits v1.0.0
  [bd369af6] + Tables v1.0.5
  [a2a6695c] + TreeViews v0.3.0
  [30578b45] + URIParser v0.4.1
  [3a884ed6] + UnPack v1.0.2
  [1986cc42] + Unitful v1.4.0
  [42071c24] + UnitfulRecipes v0.2.4
  [3d5dd08c] + VectorizationBase v0.12.32
  [81def892] + VersionParsing v1.2.0
  [ea10d353] + WeakRefStrings v0.6.2
  [efce3f68] + WoodburyMatrices v0.5.2
  [700de1a5] + ZygoteRules v0.2.0
  [2a0f44e3] + Base64
  [ade2ca70] + Dates
  [8bb1440f] + DelimitedFiles
  [8ba89e20] + Distributed
  [9fa8497b] + Future
  [b77e0a4c] + InteractiveUtils
  [76f85450] + LibGit2
  [8f399da3] + Libdl
  [37e2e46d] + LinearAlgebra
  [56ddb016] + Logging
  [d6f4376e] + Markdown
  [a63ad114] + Mmap
  [44cfe95a] + Pkg
  [de0858da] + Printf
  [3fa0cd96] + REPL
  [9a3f8284] + Random
  [ea8e919c] + SHA
  [9e88b42a] + Serialization
  [1a1011a3] + SharedArrays
  [6462fe0b] + Sockets
  [2f01184e] + SparseArrays
  [10745b16] + Statistics
  [4607b0f0] + SuiteSparse
  [8dfed614] + Test
  [cf7118a7] + UUIDs
  [4ec0a83e] + Unicode
   Building SLEEFPirates → `~/.julia/packages/SLEEFPirates/jGsib/deps/build.log`
   Building Conda ───────→ `~/.julia/packages/Conda/3rPhK/deps/build.log`
   Building NCDatasets ──→ `~/.julia/packages/NCDatasets/HhdCu/deps/build.log`
    Testing AIBECS
┌ Error: Pkg.Resolve.ResolverError("Unsatisfiable requirements detected for package StatsBase [2913bbd2]:\n StatsBase [2913bbd2] log:\n ├─possible versions are: [0.24.0, 0.25.0, 0.26.0, 0.27.0, 0.28.0-0.28.1, 0.29.0, 0.30.0, 0.31.0, 0.32.0-0.32.2, 0.33.0-0.33.1] or uninstalled\n ├─restricted to versions 0.33.1 by an explicit requirement, leaving only versions 0.33.1\n └─restricted by compatibility requirements with WorldOceanAtlasTools [04f20302] to versions: [0.24.0, 0.25.0, 0.26.0, 0.27.0, 0.28.0-0.28.1, 0.29.0, 0.30.0, 0.31.0, 0.32.0-0.32.2] — no versions left\n   └─WorldOceanAtlasTools [04f20302] log:\n     ├─possible versions are: [0.2.0-0.2.4, 0.3.0-0.3.5, 0.4.0-0.4.2] or uninstalled\n     └─restricted to versions * by an explicit requirement, leaving only versions [0.2.0-0.2.4, 0.3.0-0.3.5, 0.4.0-0.4.2]", nothing)
└ @ Pkg.Operations /buildworker/worker/package_linux64/build/usr/share/julia/stdlib/v1.5/Pkg/src/Operations.jl:1427
ERROR: Unsatisfiable requirements detected for package OceanGrids [cfe838f4]:
 OceanGrids [cfe838f4] log:
 ├─possible versions are: [0.1.0-0.1.12, 0.2.0-0.2.5, 0.3.0] or uninstalled
 ├─restricted to versions 0.3 by an explicit requirement, leaving only versions 0.3.0
 └─restricted by compatibility requirements with WorldOceanAtlasTools [04f20302] to versions: 0.1.0-0.1.12 — no versions left
   └─WorldOceanAtlasTools [04f20302] log:
     ├─possible versions are: [0.2.0-0.2.4, 0.3.0-0.3.5, 0.4.0-0.4.2] or uninstalled
     ├─restricted to versions * by an explicit requirement, leaving only versions [0.2.0-0.2.4, 0.3.0-0.3.5, 0.4.0-0.4.2]
     └─restricted by compatibility requirements with Unitful [1986cc42] to versions: 0.4.2 or uninstalled, leaving only versions: 0.4.2
       └─Unitful [1986cc42] log:
         ├─possible versions are: [0.9.0, 0.10.0, 0.11.0, 0.12.0, 0.13.0, 0.14.0, 0.15.0, 0.16.0, 0.17.0, 0.18.0, 1.0.0, 1.1.0, 1.2.0-1.2.1, 1.3.0, 1.4.0] or uninstalled
         └─restricted to versions 1 by an explicit requirement, leaving only versions [1.0.0, 1.1.0, 1.2.0-1.2.1, 1.3.0, 1.4.0]
Stacktrace:
 [1] propagate_constraints!(::Pkg.Resolve.Graph, ::Set{Int64}; log_events::Bool) at /buildworker/worker/package_linux64/build/usr/share/julia/stdlib/v1.5/Pkg/src/Resolve/graphtype.jl:1005
 [2] propagate_constraints! at /buildworker/worker/package_linux64/build/usr/share/julia/stdlib/v1.5/Pkg/src/Resolve/graphtype.jl:946 [inlined] (repeats 2 times)
 [3] simplify_graph!(::Pkg.Resolve.Graph, ::Set{Int64}; clean_graph::Bool) at /buildworker/worker/package_linux64/build/usr/share/julia/stdlib/v1.5/Pkg/src/Resolve/graphtype.jl:1460
 [4] simplify_graph! at /buildworker/worker/package_linux64/build/usr/share/julia/stdlib/v1.5/Pkg/src/Resolve/graphtype.jl:1460 [inlined] (repeats 2 times)
 [5] resolve_versions!(::Pkg.Types.Context, ::Array{Pkg.Types.PackageSpec,1}) at /buildworker/worker/package_linux64/build/usr/share/julia/stdlib/v1.5/Pkg/src/Operations.jl:375
 [6] up(::Pkg.Types.Context, ::Array{Pkg.Types.PackageSpec,1}, ::Pkg.Types.UpgradeLevel) at /buildworker/worker/package_linux64/build/usr/share/julia/stdlib/v1.5/Pkg/src/Operations.jl:1222
 [7] up(::Pkg.Types.Context, ::Array{Pkg.Types.PackageSpec,1}; level::Pkg.Types.UpgradeLevel, mode::Pkg.Types.PackageMode, update_registry::Bool, kwargs::Base.Iterators.Pairs{Symbol,Base.DevNull,Tuple{Symbol},NamedTuple{(:io,),Tuple{Base.DevNull}}}) at /buildworker/worker/package_linux64/build/usr/share/julia/stdlib/v1.5/Pkg/src/API.jl:246
 [8] up(::Pkg.Types.Context; kwargs::Base.Iterators.Pairs{Symbol,Any,NTuple{4,Symbol},NamedTuple{(:level, :mode, :update_registry, :io),Tuple{Pkg.Types.UpgradeLevel,Pkg.Types.PackageMode,Bool,Base.DevNull}}}) at /buildworker/worker/package_linux64/build/usr/share/julia/stdlib/v1.5/Pkg/src/API.jl:68
 [9] resolve(::Pkg.Types.Context; kwargs::Base.Iterators.Pairs{Symbol,Base.DevNull,Tuple{Symbol},NamedTuple{(:io,),Tuple{Base.DevNull}}}) at /buildworker/worker/package_linux64/build/usr/share/julia/stdlib/v1.5/Pkg/src/API.jl:252
 [10] (::Pkg.Operations.var"#100#104"{String,Pkg.Operations.var"#110#112"{Bool,Cmd,Cmd,Nothing,Pkg.Types.Context,Array{Tuple{String,Base.Process},1},String,Pkg.Types.PackageSpec},Pkg.Types.PackageSpec})() at /buildworker/worker/package_linux64/build/usr/share/julia/stdlib/v1.5/Pkg/src/Operations.jl:1429
 [11] with_temp_env(::Pkg.Operations.var"#100#104"{String,Pkg.Operations.var"#110#112"{Bool,Cmd,Cmd,Nothing,Pkg.Types.Context,Array{Tuple{String,Base.Process},1},String,Pkg.Types.PackageSpec},Pkg.Types.PackageSpec}, ::String) at /buildworker/worker/package_linux64/build/usr/share/julia/stdlib/v1.5/Pkg/src/Operations.jl:1348
 [12] (::Pkg.Operations.var"#99#103"{Pkg.Operations.var"#110#112"{Bool,Cmd,Cmd,Nothing,Pkg.Types.Context,Array{Tuple{String,Base.Process},1},String,Pkg.Types.PackageSpec},Pkg.Types.Context,Pkg.Types.PackageSpec,String,Pkg.Types.Project,String})(::String) at /buildworker/worker/package_linux64/build/usr/share/julia/stdlib/v1.5/Pkg/src/Operations.jl:1419
 [13] mktempdir(::Pkg.Operations.var"#99#103"{Pkg.Operations.var"#110#112"{Bool,Cmd,Cmd,Nothing,Pkg.Types.Context,Array{Tuple{String,Base.Process},1},String,Pkg.Types.PackageSpec},Pkg.Types.Context,Pkg.Types.PackageSpec,String,Pkg.Types.Project,String}, ::String; prefix::String) at ./file.jl:682
 [14] mktempdir(::Function, ::String) at ./file.jl:680 (repeats 2 times)
 [15] sandbox(::Function, ::Pkg.Types.Context, ::Pkg.Types.PackageSpec, ::String, ::String, ::Pkg.Types.Project) at /buildworker/worker/package_linux64/build/usr/share/julia/stdlib/v1.5/Pkg/src/Operations.jl:1386
 [16] test(::Pkg.Types.Context, ::Array{Pkg.Types.PackageSpec,1}; coverage::Bool, julia_args::Cmd, test_args::Cmd, test_fn::Nothing) at /buildworker/worker/package_linux64/build/usr/share/julia/stdlib/v1.5/Pkg/src/Operations.jl:1550
 [17] test(::Pkg.Types.Context, ::Array{Pkg.Types.PackageSpec,1}; coverage::Bool, test_fn::Nothing, julia_args::Cmd, test_args::Cmd, kwargs::Base.Iterators.Pairs{Union{},Union{},Tuple{},NamedTuple{(),Tuple{}}}) at /buildworker/worker/package_linux64/build/usr/share/julia/stdlib/v1.5/Pkg/src/API.jl:328
 [18] test(::Pkg.Types.Context, ::Array{Pkg.Types.PackageSpec,1}) at /buildworker/worker/package_linux64/build/usr/share/julia/stdlib/v1.5/Pkg/src/API.jl:315
 [19] #test#61 at /buildworker/worker/package_linux64/build/usr/share/julia/stdlib/v1.5/Pkg/src/API.jl:67 [inlined]
 [20] test at /buildworker/worker/package_linux64/build/usr/share/julia/stdlib/v1.5/Pkg/src/API.jl:67 [inlined]
 [21] #test#60 at /buildworker/worker/package_linux64/build/usr/share/julia/stdlib/v1.5/Pkg/src/API.jl:66 [inlined]
 [22] test at /buildworker/worker/package_linux64/build/usr/share/julia/stdlib/v1.5/Pkg/src/API.jl:66 [inlined]
 [23] test(::String; kwargs::Base.Iterators.Pairs{Union{},Union{},Tuple{},NamedTuple{(),Tuple{}}}) at /buildworker/worker/package_linux64/build/usr/share/julia/stdlib/v1.5/Pkg/src/API.jl:65
 [24] test(::String) at /buildworker/worker/package_linux64/build/usr/share/julia/stdlib/v1.5/Pkg/src/API.jl:65
 [25] top-level scope at none:19
caused by [exception 1]
Unsatisfiable requirements detected for package StatsBase [2913bbd2]:
 StatsBase [2913bbd2] log:
 ├─possible versions are: [0.24.0, 0.25.0, 0.26.0, 0.27.0, 0.28.0-0.28.1, 0.29.0, 0.30.0, 0.31.0, 0.32.0-0.32.2, 0.33.0-0.33.1] or uninstalled
 ├─restricted to versions 0.33.1 by an explicit requirement, leaving only versions 0.33.1
 └─restricted by compatibility requirements with WorldOceanAtlasTools [04f20302] to versions: [0.24.0, 0.25.0, 0.26.0, 0.27.0, 0.28.0-0.28.1, 0.29.0, 0.30.0, 0.31.0, 0.32.0-0.32.2] — no versions left
   └─WorldOceanAtlasTools [04f20302] log:
     ├─possible versions are: [0.2.0-0.2.4, 0.3.0-0.3.5, 0.4.0-0.4.2] or uninstalled
     └─restricted to versions * by an explicit requirement, leaving only versions [0.2.0-0.2.4, 0.3.0-0.3.5, 0.4.0-0.4.2]
Stacktrace:
 [1] propagate_constraints!(::Pkg.Resolve.Graph, ::Set{Int64}; log_events::Bool) at /buildworker/worker/package_linux64/build/usr/share/julia/stdlib/v1.5/Pkg/src/Resolve/graphtype.jl:1005
 [2] propagate_constraints! at /buildworker/worker/package_linux64/build/usr/share/julia/stdlib/v1.5/Pkg/src/Resolve/graphtype.jl:946 [inlined] (repeats 2 times)
 [3] simplify_graph!(::Pkg.Resolve.Graph, ::Set{Int64}; clean_graph::Bool) at /buildworker/worker/package_linux64/build/usr/share/julia/stdlib/v1.5/Pkg/src/Resolve/graphtype.jl:1460
 [4] simplify_graph! at /buildworker/worker/package_linux64/build/usr/share/julia/stdlib/v1.5/Pkg/src/Resolve/graphtype.jl:1460 [inlined] (repeats 2 times)
 [5] resolve_versions!(::Pkg.Types.Context, ::Array{Pkg.Types.PackageSpec,1}) at /buildworker/worker/package_linux64/build/usr/share/julia/stdlib/v1.5/Pkg/src/Operations.jl:375
 [6] up(::Pkg.Types.Context, ::Array{Pkg.Types.PackageSpec,1}, ::Pkg.Types.UpgradeLevel) at /buildworker/worker/package_linux64/build/usr/share/julia/stdlib/v1.5/Pkg/src/Operations.jl:1222
 [7] up(::Pkg.Types.Context, ::Array{Pkg.Types.PackageSpec,1}; level::Pkg.Types.UpgradeLevel, mode::Pkg.Types.PackageMode, update_registry::Bool, kwargs::Base.Iterators.Pairs{Symbol,Base.DevNull,Tuple{Symbol},NamedTuple{(:io,),Tuple{Base.DevNull}}}) at /buildworker/worker/package_linux64/build/usr/share/julia/stdlib/v1.5/Pkg/src/API.jl:246
 [8] up(::Pkg.Types.Context; kwargs::Base.Iterators.Pairs{Symbol,Any,NTuple{4,Symbol},NamedTuple{(:level, :mode, :update_registry, :io),Tuple{Pkg.Types.UpgradeLevel,Pkg.Types.PackageMode,Bool,Base.DevNull}}}) at /buildworker/worker/package_linux64/build/usr/share/julia/stdlib/v1.5/Pkg/src/API.jl:68
 [9] resolve(::Pkg.Types.Context; kwargs::Base.Iterators.Pairs{Symbol,Base.DevNull,Tuple{Symbol},NamedTuple{(:io,),Tuple{Base.DevNull}}}) at /buildworker/worker/package_linux64/build/usr/share/julia/stdlib/v1.5/Pkg/src/API.jl:252
 [10] resolve(; kwargs::Base.Iterators.Pairs{Symbol,Base.DevNull,Tuple{Symbol},NamedTuple{(:io,),Tuple{Base.DevNull}}}) at /buildworker/worker/package_linux64/build/usr/share/julia/stdlib/v1.5/Pkg/src/API.jl:250
 [11] (::Pkg.Operations.var"#100#104"{String,Pkg.Operations.var"#110#112"{Bool,Cmd,Cmd,Nothing,Pkg.Types.Context,Array{Tuple{String,Base.Process},1},String,Pkg.Types.PackageSpec},Pkg.Types.PackageSpec})() at /buildworker/worker/package_linux64/build/usr/share/julia/stdlib/v1.5/Pkg/src/Operations.jl:1424
 [12] with_temp_env(::Pkg.Operations.var"#100#104"{String,Pkg.Operations.var"#110#112"{Bool,Cmd,Cmd,Nothing,Pkg.Types.Context,Array{Tuple{String,Base.Process},1},String,Pkg.Types.PackageSpec},Pkg.Types.PackageSpec}, ::String) at /buildworker/worker/package_linux64/build/usr/share/julia/stdlib/v1.5/Pkg/src/Operations.jl:1348
 [13] (::Pkg.Operations.var"#99#103"{Pkg.Operations.var"#110#112"{Bool,Cmd,Cmd,Nothing,Pkg.Types.Context,Array{Tuple{String,Base.Process},1},String,Pkg.Types.PackageSpec},Pkg.Types.Context,Pkg.Types.PackageSpec,String,Pkg.Types.Project,String})(::String) at /buildworker/worker/package_linux64/build/usr/share/julia/stdlib/v1.5/Pkg/src/Operations.jl:1419
 [14] mktempdir(::Pkg.Operations.var"#99#103"{Pkg.Operations.var"#110#112"{Bool,Cmd,Cmd,Nothing,Pkg.Types.Context,Array{Tuple{String,Base.Process},1},String,Pkg.Types.PackageSpec},Pkg.Types.Context,Pkg.Types.PackageSpec,String,Pkg.Types.Project,String}, ::String; prefix::String) at ./file.jl:682
 [15] mktempdir(::Function, ::String) at ./file.jl:680 (repeats 2 times)
 [16] sandbox(::Function, ::Pkg.Types.Context, ::Pkg.Types.PackageSpec, ::String, ::String, ::Pkg.Types.Project) at /buildworker/worker/package_linux64/build/usr/share/julia/stdlib/v1.5/Pkg/src/Operations.jl:1386
 [17] test(::Pkg.Types.Context, ::Array{Pkg.Types.PackageSpec,1}; coverage::Bool, julia_args::Cmd, test_args::Cmd, test_fn::Nothing) at /buildworker/worker/package_linux64/build/usr/share/julia/stdlib/v1.5/Pkg/src/Operations.jl:1550
 [18] test(::Pkg.Types.Context, ::Array{Pkg.Types.PackageSpec,1}; coverage::Bool, test_fn::Nothing, julia_args::Cmd, test_args::Cmd, kwargs::Base.Iterators.Pairs{Union{},Union{},Tuple{},NamedTuple{(),Tuple{}}}) at /buildworker/worker/package_linux64/build/usr/share/julia/stdlib/v1.5/Pkg/src/API.jl:328
 [19] test(::Pkg.Types.Context, ::Array{Pkg.Types.PackageSpec,1}) at /buildworker/worker/package_linux64/build/usr/share/julia/stdlib/v1.5/Pkg/src/API.jl:315
 [20] #test#61 at /buildworker/worker/package_linux64/build/usr/share/julia/stdlib/v1.5/Pkg/src/API.jl:67 [inlined]
 [21] test at /buildworker/worker/package_linux64/build/usr/share/julia/stdlib/v1.5/Pkg/src/API.jl:67 [inlined]
 [22] #test#60 at /buildworker/worker/package_linux64/build/usr/share/julia/stdlib/v1.5/Pkg/src/API.jl:66 [inlined]
 [23] test at /buildworker/worker/package_linux64/build/usr/share/julia/stdlib/v1.5/Pkg/src/API.jl:66 [inlined]
 [24] test(::String; kwargs::Base.Iterators.Pairs{Union{},Union{},Tuple{},NamedTuple{(),Tuple{}}}) at /buildworker/worker/package_linux64/build/usr/share/julia/stdlib/v1.5/Pkg/src/API.jl:65
 [25] test(::String) at /buildworker/worker/package_linux64/build/usr/share/julia/stdlib/v1.5/Pkg/src/API.jl:65
 [26] top-level scope at none:19
