Julia Version 1.3.1
Commit 2d5741174c (2019-12-30 21:36 UTC)
Platform Info:
  OS: Linux (x86_64-pc-linux-gnu)
  CPU: AMD Ryzen Threadripper 2990WX 32-Core Processor
  WORD_SIZE: 64
  LIBM: libopenlibm
  LLVM: libLLVM-6.0.1 (ORCJIT, znver1)
Environment:
  JULIA_DEPOT_PATH = ::/usr/local/share/julia
  JULIA_NUM_THREADS = 2

 Resolving package versions...
 Installed NaNMath ────────────────────── v0.3.3
 Installed MbedTLS ────────────────────── v1.0.1
 Installed DataStreams ────────────────── v0.4.2
 Installed Roots ──────────────────────── v0.8.4
 Installed DataFrames ─────────────────── v0.13.1
 Installed CategoricalArrays ──────────── v0.7.7
 Installed StatsBase ──────────────────── v0.32.2
 Installed AIBECS ─────────────────────── v0.2.9
 Installed FieldMetadata ──────────────── v0.1.1
 Installed CompilerSupportLibraries_jll ─ v0.2.0+1
 Installed DataAPI ────────────────────── v1.1.0
 Installed HTTP ───────────────────────── v0.8.12
 Installed DataDeps ───────────────────── v0.7.2
 Installed DualMatrixTools ────────────── v1.2.5
 Installed CodecZlib ──────────────────── v0.6.0
 Installed Requires ───────────────────── v0.5.2
 Installed RecipesBase ────────────────── v0.7.0
 Installed StaticArrays ───────────────── v0.12.1
 Installed IteratorInterfaceExtensions ── v1.0.0
 Installed DataStructures ─────────────── v0.17.10
 Installed HyperDualNumbers ───────────── v4.0.1
 Installed SpecialFunctions ───────────── v0.10.0
 Installed MbedTLS_jll ────────────────── v2.16.0+1
 Installed Compat ─────────────────────── v2.2.0
 Installed WeakRefStrings ─────────────── v0.5.8
 Installed RecursiveArrayTools ────────── v0.18.6
 Installed HyperDualMatrixTools ───────── v2.0.3
 Installed Parsers ────────────────────── v0.3.12
 Installed DualNumbers ────────────────── v0.6.2
 Installed DiffEqBase ─────────────────── v5.6.4
 Installed UnitfulAstro ───────────────── v0.4.0
 Installed JSON ───────────────────────── v0.21.0
 Installed SortingAlgorithms ──────────── v0.3.1
 Installed UnitfulAngles ──────────────── v0.6.1
 Installed TranscodingStreams ─────────── v0.9.5
 Installed Reexport ───────────────────── v0.2.0
 Installed OrderedCollections ─────────── v1.1.0
 Installed OceanGrids ─────────────────── v0.1.3
 Installed BinaryProvider ─────────────── v0.5.8
 Installed IniFile ────────────────────── v0.5.0
 Installed Unitful ────────────────────── v0.17.0
 Installed DocStringExtensions ────────── v0.8.1
 Installed Flatten ────────────────────── v0.2.1
 Installed OpenSpecFun_jll ────────────── v0.5.3+3
 Installed Calculus ───────────────────── v0.5.1
 Installed Missings ───────────────────── v0.4.3
 Installed TreeViews ──────────────────── v0.3.0
 Installed BSON ───────────────────────── v0.2.5
 Installed TableTraits ────────────────── v1.0.0
  Updating `~/.julia/environments/v1.3/Project.toml`
  [ace601d6] + AIBECS v0.2.9
  Updating `~/.julia/environments/v1.3/Manifest.toml`
  [ace601d6] + AIBECS v0.2.9
  [fbb218c0] + BSON v0.2.5
  [b99e7846] + BinaryProvider v0.5.8
  [49dc2e85] + Calculus v0.5.1
  [324d7699] + CategoricalArrays v0.7.7
  [944b1d66] + CodecZlib v0.6.0
  [34da2185] + Compat v2.2.0
  [e66e0078] + CompilerSupportLibraries_jll v0.2.0+1
  [9a962f9c] + DataAPI v1.1.0
  [124859b0] + DataDeps v0.7.2
  [a93c6f00] + DataFrames v0.13.1
  [9a8bc11e] + DataStreams v0.4.2
  [864edb3b] + DataStructures v0.17.10
  [2b5f629d] + DiffEqBase v5.6.4
  [ffbed154] + DocStringExtensions v0.8.1
  [31f4e45d] + DualMatrixTools v1.2.5
  [fa6b7ba4] + DualNumbers v0.6.2
  [bf96fef3] + FieldMetadata v0.1.1
  [4c728ea3] + Flatten v0.2.1
  [cd3eb016] + HTTP v0.8.12
  [04d39a18] + HyperDualMatrixTools v2.0.3
  [50ceba7f] + HyperDualNumbers v4.0.1
  [83e8ac13] + IniFile v0.5.0
  [82899510] + IteratorInterfaceExtensions v1.0.0
  [682c06a0] + JSON v0.21.0
  [739be429] + MbedTLS v1.0.1
  [c8ffd9c3] + MbedTLS_jll v2.16.0+1
  [e1d29d7a] + Missings v0.4.3
  [77ba4419] + NaNMath v0.3.3
  [cfe838f4] + OceanGrids v0.1.3
  [efe28fd5] + OpenSpecFun_jll v0.5.3+3
  [bac558e1] + OrderedCollections v1.1.0
  [69de0a69] + Parsers v0.3.12
  [3cdcf5f2] + RecipesBase v0.7.0
  [731186ca] + RecursiveArrayTools v0.18.6
  [189a3867] + Reexport v0.2.0
  [ae029012] + Requires v0.5.2
  [f2b01f46] + Roots v0.8.4
  [a2af1166] + SortingAlgorithms v0.3.1
  [276daf66] + SpecialFunctions v0.10.0
  [90137ffa] + StaticArrays v0.12.1
  [2913bbd2] + StatsBase v0.32.2
  [3783bdb8] + TableTraits v1.0.0
  [3bb67fe8] + TranscodingStreams v0.9.5
  [a2a6695c] + TreeViews v0.3.0
  [1986cc42] + Unitful v0.17.0
  [6fb2a4bd] + UnitfulAngles v0.6.1
  [6112ee07] + UnitfulAstro v0.4.0
  [ea10d353] + WeakRefStrings v0.5.8
  [2a0f44e3] + Base64 
  [ade2ca70] + Dates 
  [8bb1440f] + DelimitedFiles 
  [8ba89e20] + Distributed 
  [9fa8497b] + Future 
  [b77e0a4c] + InteractiveUtils 
  [76f85450] + LibGit2 
  [8f399da3] + Libdl 
  [37e2e46d] + LinearAlgebra 
  [56ddb016] + Logging 
  [d6f4376e] + Markdown 
  [a63ad114] + Mmap 
  [44cfe95a] + Pkg 
  [de0858da] + Printf 
  [3fa0cd96] + REPL 
  [9a3f8284] + Random 
  [ea8e919c] + SHA 
  [9e88b42a] + Serialization 
  [1a1011a3] + SharedArrays 
  [6462fe0b] + Sockets 
  [2f01184e] + SparseArrays 
  [10745b16] + Statistics 
  [4607b0f0] + SuiteSparse 
  [8dfed614] + Test 
  [cf7118a7] + UUIDs 
  [4ec0a83e] + Unicode 
  Building CodecZlib → `~/.julia/packages/CodecZlib/5t9zO/deps/build.log`
   Testing AIBECS
 Resolving package versions...
 Installed DiffRules ──────────── v1.0.1
 Installed DiffResults ────────── v1.0.2
 Installed BinDeps ────────────── v0.8.10
 Installed Distances ──────────── v0.8.2
 Installed WorldOceanAtlasTools ─ v0.3.3
 Installed ForwardDiff ────────── v0.10.9
 Installed NCDatasets ─────────── v0.9.5
 Installed NearestNeighbors ───── v0.4.4
 Installed VersionParsing ─────── v1.2.0
 Installed Conda ──────────────── v1.4.1
 Installed CondaBinDeps ───────── v0.1.0
 Installed URIParser ──────────── v0.4.0
 Installed Match ──────────────── v1.1.0
 Installed CFTime ─────────────── v0.0.3
 Installed CommonSubexpressions ─ v0.2.0
  Building Conda ─────→ `~/.julia/packages/Conda/3rPhK/deps/build.log`
  Building NCDatasets → `~/.julia/packages/NCDatasets/uW2kc/deps/build.log`
    Status `/tmp/jl_DwIJjr/Manifest.toml`
  [ace601d6] AIBECS v0.2.9
  [fbb218c0] BSON v0.2.5
  [9e28174c] BinDeps v0.8.10
  [b99e7846] BinaryProvider v0.5.8
  [179af706] CFTime v0.0.3
  [49dc2e85] Calculus v0.5.1
  [324d7699] CategoricalArrays v0.7.7
  [944b1d66] CodecZlib v0.6.0
  [bbf7d656] CommonSubexpressions v0.2.0
  [34da2185] Compat v2.2.0
  [e66e0078] CompilerSupportLibraries_jll v0.2.0+1
  [8f4d0f93] Conda v1.4.1
  [a9693cdc] CondaBinDeps v0.1.0
  [9a962f9c] DataAPI v1.1.0
  [124859b0] DataDeps v0.7.2
  [a93c6f00] DataFrames v0.13.1
  [9a8bc11e] DataStreams v0.4.2
  [864edb3b] DataStructures v0.17.10
  [2b5f629d] DiffEqBase v5.6.4
  [163ba53b] DiffResults v1.0.2
  [b552c78f] DiffRules v1.0.1
  [b4f34e82] Distances v0.8.2
  [ffbed154] DocStringExtensions v0.8.1
  [31f4e45d] DualMatrixTools v1.2.5
  [fa6b7ba4] DualNumbers v0.6.2
  [bf96fef3] FieldMetadata v0.1.1
  [4c728ea3] Flatten v0.2.1
  [f6369f11] ForwardDiff v0.10.9
  [cd3eb016] HTTP v0.8.12
  [04d39a18] HyperDualMatrixTools v2.0.3
  [50ceba7f] HyperDualNumbers v4.0.1
  [83e8ac13] IniFile v0.5.0
  [82899510] IteratorInterfaceExtensions v1.0.0
  [682c06a0] JSON v0.21.0
  [7eb4fadd] Match v1.1.0
  [739be429] MbedTLS v1.0.1
  [c8ffd9c3] MbedTLS_jll v2.16.0+1
  [e1d29d7a] Missings v0.4.3
  [85f8d34a] NCDatasets v0.9.5
  [77ba4419] NaNMath v0.3.3
  [b8a86587] NearestNeighbors v0.4.4
  [cfe838f4] OceanGrids v0.1.3
  [efe28fd5] OpenSpecFun_jll v0.5.3+3
  [bac558e1] OrderedCollections v1.1.0
  [69de0a69] Parsers v0.3.12
  [3cdcf5f2] RecipesBase v0.7.0
  [731186ca] RecursiveArrayTools v0.18.6
  [189a3867] Reexport v0.2.0
  [ae029012] Requires v0.5.2
  [f2b01f46] Roots v0.8.4
  [a2af1166] SortingAlgorithms v0.3.1
  [276daf66] SpecialFunctions v0.10.0
  [90137ffa] StaticArrays v0.12.1
  [2913bbd2] StatsBase v0.32.2
  [3783bdb8] TableTraits v1.0.0
  [3bb67fe8] TranscodingStreams v0.9.5
  [a2a6695c] TreeViews v0.3.0
  [30578b45] URIParser v0.4.0
  [1986cc42] Unitful v0.17.0
  [6fb2a4bd] UnitfulAngles v0.6.1
  [6112ee07] UnitfulAstro v0.4.0
  [81def892] VersionParsing v1.2.0
  [ea10d353] WeakRefStrings v0.5.8
  [04f20302] WorldOceanAtlasTools v0.3.3
  [2a0f44e3] Base64  [`@stdlib/Base64`]
  [ade2ca70] Dates  [`@stdlib/Dates`]
  [8bb1440f] DelimitedFiles  [`@stdlib/DelimitedFiles`]
  [8ba89e20] Distributed  [`@stdlib/Distributed`]
  [9fa8497b] Future  [`@stdlib/Future`]
  [b77e0a4c] InteractiveUtils  [`@stdlib/InteractiveUtils`]
  [76f85450] LibGit2  [`@stdlib/LibGit2`]
  [8f399da3] Libdl  [`@stdlib/Libdl`]
  [37e2e46d] LinearAlgebra  [`@stdlib/LinearAlgebra`]
  [56ddb016] Logging  [`@stdlib/Logging`]
  [d6f4376e] Markdown  [`@stdlib/Markdown`]
  [a63ad114] Mmap  [`@stdlib/Mmap`]
  [44cfe95a] Pkg  [`@stdlib/Pkg`]
  [de0858da] Printf  [`@stdlib/Printf`]
  [3fa0cd96] REPL  [`@stdlib/REPL`]
  [9a3f8284] Random  [`@stdlib/Random`]
  [ea8e919c] SHA  [`@stdlib/SHA`]
  [9e88b42a] Serialization  [`@stdlib/Serialization`]
  [1a1011a3] SharedArrays  [`@stdlib/SharedArrays`]
  [6462fe0b] Sockets  [`@stdlib/Sockets`]
  [2f01184e] SparseArrays  [`@stdlib/SparseArrays`]
  [10745b16] Statistics  [`@stdlib/Statistics`]
  [4607b0f0] SuiteSparse  [`@stdlib/SuiteSparse`]
  [8dfed614] Test  [`@stdlib/Test`]
  [cf7118a7] UUIDs  [`@stdlib/UUIDs`]
  [4ec0a83e] Unicode  [`@stdlib/Unicode`]
Creating 6-box model ✔
┌ Info: You are about to use the 3-box model of Archer et al. [2000].
│ If you use it for research, please cite:
│ 
│ - Archer, D. E., Eshel, G., Winguth, A., Broecker, W., Pierrehumbert, R., Tobis, M., and Jacob, R. (2000), Atmospheric pCO2 sensitivity to the biological pump in the ocean, Global Biogeochem. Cycles, 14 (4), 1219–1230, doi:10.1029/1999GB001216.
│ 
│ You can find the corresponding BibTeX entry in the CITATION.bib file
│ at the root of the AIBECS.jl package repository.
│ (Look for the "Archer_etal_2000" key.)
│ 
│ Note that although this model represents the 3-box model of Archer et al. [2000],
│ it effectively requires 6 boxes to represent in the AIBECS, 
│ so that particulate sinking flux divergence operators can be built.
└ (See the comments at the start of the Archer_etal_2000.jl file for details.)
Test Summary:                | Pass  Total
Archer_etal_2000 3-box model |   18     18
Creating François Primeau's 2x2x2 model ✔
Primeau's 6-box model: Error During Test at /home/pkgeval/.julia/packages/AIBECS/mctSx/test/runtests.jl:20
  Got exception outside of a @test
  LoadError: MethodError: no method matching getindex(::DataFrame, ::typeof(!), ::Symbol)
  Closest candidates are:
    getindex(::DataFrame, !Matched::Real, ::Union{Real, Symbol}) at /home/pkgeval/.julia/packages/DataFrames/utxEh/src/dataframe/dataframe.jl:274
    getindex(::DataFrame, !Matched::AbstractArray{T,1} where T, ::Union{Real, Symbol}) at /home/pkgeval/.julia/packages/DataFrames/utxEh/src/dataframe/dataframe.jl:287
    getindex(::DataFrame, !Matched::Colon, ::Any) at /home/pkgeval/.julia/packages/DataFrames/utxEh/src/dataframe/dataframe.jl:300
    ...
  Stacktrace:
   [1] #add_parameter!#87(::Base.Iterators.Pairs{Symbol,Any,Tuple{Symbol,Symbol,Symbol},NamedTuple{(:variance_obs, :description, :LaTeX),Tuple{Float64,String,String}}}, ::typeof(add_parameter!), ::DataFrame, ::Symbol, ::Vararg{Any,N} where N) at /home/pkgeval/.julia/packages/AIBECS/mctSx/src/Parameters.jl:64
   [2] (::AIBECS.var"#kw##add_parameter!")(::NamedTuple{(:variance_obs, :description, :LaTeX),Tuple{Float64,String,String}}, ::typeof(add_parameter!), ::DataFrame, ::Symbol, ::Vararg{Any,N} where N) at ./none:0
   [3] top-level scope at /home/pkgeval/.julia/packages/AIBECS/mctSx/test/parameters.jl:3
   [4] include at ./boot.jl:328 [inlined]
   [5] include_relative(::Module, ::String) at ./loading.jl:1105
   [6] include(::Module, ::String) at ./Base.jl:31
   [7] include(::String) at ./client.jl:424
   [8] top-level scope at /home/pkgeval/.julia/packages/AIBECS/mctSx/test/runtests.jl:23
   [9] top-level scope at /buildworker/worker/package_linux64/build/usr/share/julia/stdlib/v1.3/Test/src/Test.jl:1107
   [10] top-level scope at /home/pkgeval/.julia/packages/AIBECS/mctSx/test/runtests.jl:22
   [11] include at ./boot.jl:328 [inlined]
   [12] include_relative(::Module, ::String) at ./loading.jl:1105
   [13] include(::Module, ::String) at ./Base.jl:31
   [14] include(::String) at ./client.jl:424
   [15] top-level scope at none:6
   [16] eval(::Module, ::Any) at ./boot.jl:330
   [17] exec_options(::Base.JLOptions) at ./client.jl:263
   [18] _start() at ./client.jl:460
  in expression starting at /home/pkgeval/.julia/packages/AIBECS/mctSx/test/parameters.jl:3
  
Test Summary:                            | Pass  Error  Total
Primeau's 6-box model                    |   18      1     19
  Circulation and grid                   |    5             5
  Constants, vectors, and matrices types |   13            13
ERROR: LoadError: Some tests did not pass: 18 passed, 0 failed, 1 errored, 0 broken.
in expression starting at /home/pkgeval/.julia/packages/AIBECS/mctSx/test/runtests.jl:20
ERROR: Package AIBECS errored during testing
Stacktrace:
 [1] pkgerror(::String, ::Vararg{String,N} where N) at /buildworker/worker/package_linux64/build/usr/share/julia/stdlib/v1.3/Pkg/src/Types.jl:113
 [2] #test#131(::Bool, ::Nothing, ::Cmd, ::Cmd, ::typeof(Pkg.Operations.test), ::Pkg.Types.Context, ::Array{Pkg.Types.PackageSpec,1}) at /buildworker/worker/package_linux64/build/usr/share/julia/stdlib/v1.3/Pkg/src/Operations.jl:1372
 [3] #test at ./none:0 [inlined]
 [4] #test#62(::Bool, ::Nothing, ::Cmd, ::Cmd, ::Base.Iterators.Pairs{Union{},Union{},Tuple{},NamedTuple{(),Tuple{}}}, ::typeof(Pkg.API.test), ::Pkg.Types.Context, ::Array{Pkg.Types.PackageSpec,1}) at /buildworker/worker/package_linux64/build/usr/share/julia/stdlib/v1.3/Pkg/src/API.jl:253
 [5] test(::Pkg.Types.Context, ::Array{Pkg.Types.PackageSpec,1}) at /buildworker/worker/package_linux64/build/usr/share/julia/stdlib/v1.3/Pkg/src/API.jl:239
