Julia Version 1.3.1
Commit 2d5741174c (2019-12-30 21:36 UTC)
Platform Info:
  OS: Linux (x86_64-pc-linux-gnu)
  CPU: AMD Ryzen Threadripper 2990WX 32-Core Processor
  WORD_SIZE: 64
  LIBM: libopenlibm
  LLVM: libLLVM-6.0.1 (ORCJIT, znver1)
Environment:
  JULIA_DEPOT_PATH = ::/usr/local/share/julia
  JULIA_NUM_THREADS = 2

 Resolving package versions...
 Installed Rmath_jll ──────────────────── v0.2.2+0
 Installed CMakeWrapper ───────────────── v0.2.3
 Installed CMake ──────────────────────── v1.2.0
 Installed QuadGK ─────────────────────── v2.3.1
 Installed StatsFuns ──────────────────── v0.9.4
 Installed HDF5 ───────────────────────── v0.12.5
 Installed StatsBase ──────────────────── v0.32.2
 Installed IntelOpenMP_jll ────────────── v2018.0.3+0
 Installed OpenBLAS_jll ───────────────── v0.3.7+7
 Installed CodecZlib ──────────────────── v0.6.0
 Installed CompilerSupportLibraries_jll ─ v0.2.0+1
 Installed Blosc ──────────────────────── v0.5.1
 Installed FillArrays ─────────────────── v0.8.5
 Installed DataAPI ────────────────────── v1.1.0
 Installed Arpack_jll ─────────────────── v3.5.0+2
 Installed BinDeps ────────────────────── v1.0.0
 Installed BufferedStreams ────────────── v1.0.0
 Installed Arpack ─────────────────────── v0.4.0
 Installed StaticArrays ───────────────── v0.12.1
 Installed FFTW ───────────────────────── v1.2.0
 Installed SpecialFunctions ───────────── v0.10.0
 Installed Compat ─────────────────────── v2.2.0
 Installed DataStructures ─────────────── v0.17.10
 Installed AbstractFFTs ───────────────── v0.5.0
 Installed MAT ────────────────────────── v0.7.0
 Installed Distributions ──────────────── v0.22.5
 Installed Rmath ──────────────────────── v0.6.1
 Installed SortingAlgorithms ──────────── v0.3.1
 Installed Reexport ───────────────────── v0.2.0
 Installed ToeplitzMatrices ───────────── v0.6.1
 Installed PDMats ─────────────────────── v0.9.12
 Installed OrderedCollections ─────────── v1.1.0
 Installed TranscodingStreams ─────────── v0.9.5
 Installed URIParser ──────────────────── v0.4.0
 Installed MKL_jll ────────────────────── v2019.0.117+2
 Installed OpenSpecFun_jll ────────────── v0.5.3+3
 Installed Parameters ─────────────────── v0.12.0
 Installed BinaryProvider ─────────────── v0.5.8
 Installed Missings ───────────────────── v0.4.3
 Installed FFTW_jll ───────────────────── v3.3.9+4
 Installed AlphaStableDistributions ───── v0.1.0
  Updating `~/.julia/environments/v1.3/Project.toml`
  [f20549b4] + AlphaStableDistributions v0.1.0
  Updating `~/.julia/environments/v1.3/Manifest.toml`
  [621f4979] + AbstractFFTs v0.5.0
  [f20549b4] + AlphaStableDistributions v0.1.0
  [7d9fca2a] + Arpack v0.4.0
  [68821587] + Arpack_jll v3.5.0+2
  [9e28174c] + BinDeps v1.0.0
  [b99e7846] + BinaryProvider v0.5.8
  [a74b3585] + Blosc v0.5.1
  [e1450e63] + BufferedStreams v1.0.0
  [631607c0] + CMake v1.2.0
  [d5fb7624] + CMakeWrapper v0.2.3
  [944b1d66] + CodecZlib v0.6.0
  [34da2185] + Compat v2.2.0
  [e66e0078] + CompilerSupportLibraries_jll v0.2.0+1
  [9a962f9c] + DataAPI v1.1.0
  [864edb3b] + DataStructures v0.17.10
  [31c24e10] + Distributions v0.22.5
  [7a1cc6ca] + FFTW v1.2.0
  [f5851436] + FFTW_jll v3.3.9+4
  [1a297f60] + FillArrays v0.8.5
  [f67ccb44] + HDF5 v0.12.5
  [1d5cc7b8] + IntelOpenMP_jll v2018.0.3+0
  [23992714] + MAT v0.7.0
  [856f044c] + MKL_jll v2019.0.117+2
  [e1d29d7a] + Missings v0.4.3
  [4536629a] + OpenBLAS_jll v0.3.7+7
  [efe28fd5] + OpenSpecFun_jll v0.5.3+3
  [bac558e1] + OrderedCollections v1.1.0
  [90014a1f] + PDMats v0.9.12
  [d96e819e] + Parameters v0.12.0
  [1fd47b50] + QuadGK v2.3.1
  [189a3867] + Reexport v0.2.0
  [79098fc4] + Rmath v0.6.1
  [f50d1b31] + Rmath_jll v0.2.2+0
  [a2af1166] + SortingAlgorithms v0.3.1
  [276daf66] + SpecialFunctions v0.10.0
  [90137ffa] + StaticArrays v0.12.1
  [2913bbd2] + StatsBase v0.32.2
  [4c63d2b9] + StatsFuns v0.9.4
  [c751599d] + ToeplitzMatrices v0.6.1
  [3bb67fe8] + TranscodingStreams v0.9.5
  [30578b45] + URIParser v0.4.0
  [2a0f44e3] + Base64 
  [ade2ca70] + Dates 
  [8bb1440f] + DelimitedFiles 
  [8ba89e20] + Distributed 
  [b77e0a4c] + InteractiveUtils 
  [76f85450] + LibGit2 
  [8f399da3] + Libdl 
  [37e2e46d] + LinearAlgebra 
  [56ddb016] + Logging 
  [d6f4376e] + Markdown 
  [a63ad114] + Mmap 
  [44cfe95a] + Pkg 
  [de0858da] + Printf 
  [3fa0cd96] + REPL 
  [9a3f8284] + Random 
  [ea8e919c] + SHA 
  [9e88b42a] + Serialization 
  [1a1011a3] + SharedArrays 
  [6462fe0b] + Sockets 
  [2f01184e] + SparseArrays 
  [10745b16] + Statistics 
  [4607b0f0] + SuiteSparse 
  [8dfed614] + Test 
  [cf7118a7] + UUIDs 
  [4ec0a83e] + Unicode 
  Building CMake ────→ `~/.julia/packages/CMake/ULbyn/deps/build.log`
  Building Blosc ────→ `~/.julia/packages/Blosc/lzFr0/deps/build.log`
  Building HDF5 ─────→ `~/.julia/packages/HDF5/Zh9on/deps/build.log`
  Building CodecZlib → `~/.julia/packages/CodecZlib/5t9zO/deps/build.log`
  Building FFTW ─────→ `~/.julia/packages/FFTW/qqcBj/deps/build.log`
   Testing AlphaStableDistributions
 Resolving package versions...
    Status `/tmp/jl_9bDifb/Manifest.toml`
  [621f4979] AbstractFFTs v0.5.0
  [f20549b4] AlphaStableDistributions v0.1.0
  [7d9fca2a] Arpack v0.4.0
  [68821587] Arpack_jll v3.5.0+2
  [9e28174c] BinDeps v1.0.0
  [b99e7846] BinaryProvider v0.5.8
  [a74b3585] Blosc v0.5.1
  [e1450e63] BufferedStreams v1.0.0
  [631607c0] CMake v1.2.0
  [d5fb7624] CMakeWrapper v0.2.3
  [944b1d66] CodecZlib v0.6.0
  [34da2185] Compat v2.2.0
  [e66e0078] CompilerSupportLibraries_jll v0.2.0+1
  [9a962f9c] DataAPI v1.1.0
  [864edb3b] DataStructures v0.17.10
  [31c24e10] Distributions v0.22.5
  [7a1cc6ca] FFTW v1.2.0
  [f5851436] FFTW_jll v3.3.9+4
  [1a297f60] FillArrays v0.8.5
  [f67ccb44] HDF5 v0.12.5
  [1d5cc7b8] IntelOpenMP_jll v2018.0.3+0
  [23992714] MAT v0.7.0
  [856f044c] MKL_jll v2019.0.117+2
  [e1d29d7a] Missings v0.4.3
  [4536629a] OpenBLAS_jll v0.3.7+7
  [efe28fd5] OpenSpecFun_jll v0.5.3+3
  [bac558e1] OrderedCollections v1.1.0
  [90014a1f] PDMats v0.9.12
  [d96e819e] Parameters v0.12.0
  [1fd47b50] QuadGK v2.3.1
  [189a3867] Reexport v0.2.0
  [79098fc4] Rmath v0.6.1
  [f50d1b31] Rmath_jll v0.2.2+0
  [a2af1166] SortingAlgorithms v0.3.1
  [276daf66] SpecialFunctions v0.10.0
  [90137ffa] StaticArrays v0.12.1
  [2913bbd2] StatsBase v0.32.2
  [4c63d2b9] StatsFuns v0.9.4
  [c751599d] ToeplitzMatrices v0.6.1
  [3bb67fe8] TranscodingStreams v0.9.5
  [30578b45] URIParser v0.4.0
  [2a0f44e3] Base64  [`@stdlib/Base64`]
  [ade2ca70] Dates  [`@stdlib/Dates`]
  [8bb1440f] DelimitedFiles  [`@stdlib/DelimitedFiles`]
  [8ba89e20] Distributed  [`@stdlib/Distributed`]
  [b77e0a4c] InteractiveUtils  [`@stdlib/InteractiveUtils`]
  [76f85450] LibGit2  [`@stdlib/LibGit2`]
  [8f399da3] Libdl  [`@stdlib/Libdl`]
  [37e2e46d] LinearAlgebra  [`@stdlib/LinearAlgebra`]
  [56ddb016] Logging  [`@stdlib/Logging`]
  [d6f4376e] Markdown  [`@stdlib/Markdown`]
  [a63ad114] Mmap  [`@stdlib/Mmap`]
  [44cfe95a] Pkg  [`@stdlib/Pkg`]
  [de0858da] Printf  [`@stdlib/Printf`]
  [3fa0cd96] REPL  [`@stdlib/REPL`]
  [9a3f8284] Random  [`@stdlib/Random`]
  [ea8e919c] SHA  [`@stdlib/SHA`]
  [9e88b42a] Serialization  [`@stdlib/Serialization`]
  [1a1011a3] SharedArrays  [`@stdlib/SharedArrays`]
  [6462fe0b] Sockets  [`@stdlib/Sockets`]
  [2f01184e] SparseArrays  [`@stdlib/SparseArrays`]
  [10745b16] Statistics  [`@stdlib/Statistics`]
  [4607b0f0] SuiteSparse  [`@stdlib/SuiteSparse`]
  [8dfed614] Test  [`@stdlib/Test`]
  [cf7118a7] UUIDs  [`@stdlib/UUIDs`]
  [4ec0a83e] Unicode  [`@stdlib/Unicode`]
AlphaStableDistributions.jl: Test Failed at /home/pkgeval/.julia/packages/AlphaStableDistributions/MWLne/test/runtests.jl:38
  Expression: ≈(d4.R, d5.R, rtol=0.1)
   Evaluated: [1.0 0.5804 … 0.1444 -0.0135; 0.5804 1.0 … 0.214 0.1444; … ; 0.1444 0.214 … 1.0 0.5804; -0.0135 0.1444 … 0.5804 1.0] ≈ [1.0 0.5848683810216094 … -0.044761083207365056 -0.15733325850117183; 0.5848683810216094 1.0 … 0.23811066673214212 -0.044761083207365056; … ; -0.044761083207365056 0.23811066673214212 … 1.0 0.5848683810216094; -0.15733325850117183 -0.044761083207365056 … 0.5848683810216094 1.0] (rtol=0.1)
Stacktrace:
 [1] top-level scope at /home/pkgeval/.julia/packages/AlphaStableDistributions/MWLne/test/runtests.jl:38
 [2] top-level scope at /buildworker/worker/package_linux64/build/usr/share/julia/stdlib/v1.3/Test/src/Test.jl:1107
 [3] top-level scope at /home/pkgeval/.julia/packages/AlphaStableDistributions/MWLne/test/runtests.jl:6
Test Summary:               | Pass  Fail  Total
AlphaStableDistributions.jl |  110     1    111
ERROR: LoadError: Some tests did not pass: 110 passed, 1 failed, 0 errored, 0 broken.
in expression starting at /home/pkgeval/.julia/packages/AlphaStableDistributions/MWLne/test/runtests.jl:4
ERROR: Package AlphaStableDistributions errored during testing
Stacktrace:
 [1] pkgerror(::String, ::Vararg{String,N} where N) at /buildworker/worker/package_linux64/build/usr/share/julia/stdlib/v1.3/Pkg/src/Types.jl:113
 [2] #test#131(::Bool, ::Nothing, ::Cmd, ::Cmd, ::typeof(Pkg.Operations.test), ::Pkg.Types.Context, ::Array{Pkg.Types.PackageSpec,1}) at /buildworker/worker/package_linux64/build/usr/share/julia/stdlib/v1.3/Pkg/src/Operations.jl:1372
 [3] #test at ./none:0 [inlined]
 [4] #test#62(::Bool, ::Nothing, ::Cmd, ::Cmd, ::Base.Iterators.Pairs{Union{},Union{},Tuple{},NamedTuple{(),Tuple{}}}, ::typeof(Pkg.API.test), ::Pkg.Types.Context, ::Array{Pkg.Types.PackageSpec,1}) at /buildworker/worker/package_linux64/build/usr/share/julia/stdlib/v1.3/Pkg/src/API.jl:253
 [5] test(::Pkg.Types.Context, ::Array{Pkg.Types.PackageSpec,1}) at /buildworker/worker/package_linux64/build/usr/share/julia/stdlib/v1.3/Pkg/src/API.jl:239
 [6] #test#61 at /buildworker/worker/package_linux64/build/usr/share/julia/stdlib/v1.3/Pkg/src/API.jl:233 [inlined]
 [7] test at /buildworker/worker/package_linux64/build/usr/share/julia/stdlib/v1.3/Pkg/src/API.jl:233 [inlined]
 [8] #test#60 at /buildworker/worker/package_linux64/build/usr/share/julia/stdlib/v1.3/Pkg/src/API.jl:232 [inlined]
 [9] test at /buildworker/worker/package_linux64/build/usr/share/julia/stdlib/v1.3/Pkg/src/API.jl:232 [inlined]
 [10] #test#59(::Base.Iterators.Pairs{Union{},Union{},Tuple{},NamedTuple{(),Tuple{}}}, ::typeof(Pkg.API.test), ::String) at /buildworker/worker/package_linux64/build/usr/share/julia/stdlib/v1.3/Pkg/src/API.jl:231
 [11] test(::String) at /buildworker/worker/package_linux64/build/usr/share/julia/stdlib/v1.3/Pkg/src/API.jl:231
 [12] top-level scope at none:13
