Julia Version 1.3.1
Commit 2d5741174c (2019-12-30 21:36 UTC)
Platform Info:
  OS: Linux (x86_64-pc-linux-gnu)
  CPU: AMD Ryzen Threadripper 2990WX 32-Core Processor
  WORD_SIZE: 64
  LIBM: libopenlibm
  LLVM: libLLVM-6.0.1 (ORCJIT, znver1)
Environment:
  JULIA_DEPOT_PATH = ::/usr/local/share/julia
  JULIA_NUM_THREADS = 2

 Resolving package versions...
 Installed NaNMath ──────────────────────── v0.3.3
 Installed MPFR_jll ─────────────────────── v4.0.2+2
 Installed IntelOpenMP_jll ──────────────── v2018.0.3+0
 Installed InfiniteArrays ───────────────── v0.6.1
 Installed IterTools ────────────────────── v1.3.0
 Installed BlockArrays ──────────────────── v0.11.1
 Installed ApproxFunOrthogonalPolynomials ─ v0.3.2
 Installed StatsBase ────────────────────── v0.32.2
 Installed OpenBLAS_jll ─────────────────── v0.3.7+7
 Installed Nullables ────────────────────── v1.0.0
 Installed MacroTools ───────────────────── v0.5.4
 Installed FillArrays ───────────────────── v0.8.5
 Installed FastTransforms_jll ───────────── v0.2.13+0
 Installed FastGaussQuadrature ──────────── v0.4.2
 Installed CompilerSupportLibraries_jll ─── v0.2.0+1
 Installed DataAPI ──────────────────────── v1.1.0
 Installed MatrixFactorizations ─────────── v0.2.1
 Installed RecipesBase ──────────────────── v0.8.0
 Installed FFTW ─────────────────────────── v1.2.0
 Installed StaticArrays ─────────────────── v0.12.1
 Installed ArrayLayouts ─────────────────── v0.1.5
 Installed GMP_jll ──────────────────────── v6.1.2+4
 Installed SpecialFunctions ─────────────── v0.10.0
 Installed AbstractFFTs ─────────────────── v0.5.0
 Installed DataStructures ───────────────── v0.17.10
 Installed DualNumbers ──────────────────── v0.6.2
 Installed ToeplitzMatrices ─────────────── v0.6.1
 Installed LowRankApprox ────────────────── v0.4.0
 Installed IntervalSets ─────────────────── v0.3.2
 Installed DSP ──────────────────────────── v0.6.3
 Installed SortingAlgorithms ────────────── v0.3.1
 Installed BlockBandedMatrices ──────────── v0.7.1
 Installed Reexport ─────────────────────── v0.2.0
 Installed BandedMatrices ───────────────── v0.14.3
 Installed BinaryProvider ───────────────── v0.5.8
 Installed DomainSets ───────────────────── v0.1.0
 Installed Calculus ─────────────────────── v0.5.1
 Installed OrderedCollections ───────────── v1.1.0
 Installed ApproxFunBase ────────────────── v0.3.2
 Installed FastTransforms ───────────────── v0.8.2
 Installed MKL_jll ──────────────────────── v2019.0.117+2
 Installed LazyArrays ───────────────────── v0.15.0
 Installed Missings ─────────────────────── v0.4.3
 Installed OpenSpecFun_jll ──────────────── v0.5.3+3
 Installed FFTW_jll ─────────────────────── v3.3.9+4
 Installed Polynomials ──────────────────── v0.6.1
  Updating `~/.julia/environments/v1.3/Project.toml`
  [b70543e2] + ApproxFunOrthogonalPolynomials v0.3.2
  Updating `~/.julia/environments/v1.3/Manifest.toml`
  [621f4979] + AbstractFFTs v0.5.0
  [fbd15aa5] + ApproxFunBase v0.3.2
  [b70543e2] + ApproxFunOrthogonalPolynomials v0.3.2
  [4c555306] + ArrayLayouts v0.1.5
  [aae01518] + BandedMatrices v0.14.3
  [b99e7846] + BinaryProvider v0.5.8
  [8e7c35d0] + BlockArrays v0.11.1
  [ffab5731] + BlockBandedMatrices v0.7.1
  [49dc2e85] + Calculus v0.5.1
  [e66e0078] + CompilerSupportLibraries_jll v0.2.0+1
  [717857b8] + DSP v0.6.3
  [9a962f9c] + DataAPI v1.1.0
  [864edb3b] + DataStructures v0.17.10
  [5b8099bc] + DomainSets v0.1.0
  [fa6b7ba4] + DualNumbers v0.6.2
  [7a1cc6ca] + FFTW v1.2.0
  [f5851436] + FFTW_jll v3.3.9+4
  [442a2c76] + FastGaussQuadrature v0.4.2
  [057dd010] + FastTransforms v0.8.2
  [34b6f7d7] + FastTransforms_jll v0.2.13+0
  [1a297f60] + FillArrays v0.8.5
  [781609d7] + GMP_jll v6.1.2+4
  [4858937d] + InfiniteArrays v0.6.1
  [1d5cc7b8] + IntelOpenMP_jll v2018.0.3+0
  [8197267c] + IntervalSets v0.3.2
  [c8e1da08] + IterTools v1.3.0
  [5078a376] + LazyArrays v0.15.0
  [898213cb] + LowRankApprox v0.4.0
  [856f044c] + MKL_jll v2019.0.117+2
  [3a97d323] + MPFR_jll v4.0.2+2
  [1914dd2f] + MacroTools v0.5.4
  [a3b82374] + MatrixFactorizations v0.2.1
  [e1d29d7a] + Missings v0.4.3
  [77ba4419] + NaNMath v0.3.3
  [4d1e1d77] + Nullables v1.0.0
  [4536629a] + OpenBLAS_jll v0.3.7+7
  [efe28fd5] + OpenSpecFun_jll v0.5.3+3
  [bac558e1] + OrderedCollections v1.1.0
  [f27b6e38] + Polynomials v0.6.1
  [3cdcf5f2] + RecipesBase v0.8.0
  [189a3867] + Reexport v0.2.0
  [a2af1166] + SortingAlgorithms v0.3.1
  [276daf66] + SpecialFunctions v0.10.0
  [90137ffa] + StaticArrays v0.12.1
  [2913bbd2] + StatsBase v0.32.2
  [c751599d] + ToeplitzMatrices v0.6.1
  [2a0f44e3] + Base64 
  [ade2ca70] + Dates 
  [8ba89e20] + Distributed 
  [b77e0a4c] + InteractiveUtils 
  [76f85450] + LibGit2 
  [8f399da3] + Libdl 
  [37e2e46d] + LinearAlgebra 
  [56ddb016] + Logging 
  [d6f4376e] + Markdown 
  [a63ad114] + Mmap 
  [44cfe95a] + Pkg 
  [de0858da] + Printf 
  [3fa0cd96] + REPL 
  [9a3f8284] + Random 
  [ea8e919c] + SHA 
  [9e88b42a] + Serialization 
  [1a1011a3] + SharedArrays 
  [6462fe0b] + Sockets 
  [2f01184e] + SparseArrays 
  [10745b16] + Statistics 
  [8dfed614] + Test 
  [cf7118a7] + UUIDs 
  [4ec0a83e] + Unicode 
  Building FFTW ──────────→ `~/.julia/packages/FFTW/qqcBj/deps/build.log`
  Building FastTransforms → `~/.julia/packages/FastTransforms/MjTJy/deps/build.log`
   Testing ApproxFunOrthogonalPolynomials
 Resolving package versions...
    Status `/tmp/jl_YyHBYT/Manifest.toml`
  [621f4979] AbstractFFTs v0.5.0
  [fbd15aa5] ApproxFunBase v0.3.2
  [b70543e2] ApproxFunOrthogonalPolynomials v0.3.2
  [4c555306] ArrayLayouts v0.1.5
  [aae01518] BandedMatrices v0.14.3
  [b99e7846] BinaryProvider v0.5.8
  [8e7c35d0] BlockArrays v0.11.1
  [ffab5731] BlockBandedMatrices v0.7.1
  [49dc2e85] Calculus v0.5.1
  [e66e0078] CompilerSupportLibraries_jll v0.2.0+1
  [717857b8] DSP v0.6.3
  [9a962f9c] DataAPI v1.1.0
  [864edb3b] DataStructures v0.17.10
  [5b8099bc] DomainSets v0.1.0
  [fa6b7ba4] DualNumbers v0.6.2
  [7a1cc6ca] FFTW v1.2.0
  [f5851436] FFTW_jll v3.3.9+4
  [442a2c76] FastGaussQuadrature v0.4.2
  [057dd010] FastTransforms v0.8.2
  [34b6f7d7] FastTransforms_jll v0.2.13+0
  [1a297f60] FillArrays v0.8.5
  [781609d7] GMP_jll v6.1.2+4
  [4858937d] InfiniteArrays v0.6.1
  [1d5cc7b8] IntelOpenMP_jll v2018.0.3+0
  [8197267c] IntervalSets v0.3.2
  [c8e1da08] IterTools v1.3.0
  [5078a376] LazyArrays v0.15.0
  [898213cb] LowRankApprox v0.4.0
  [856f044c] MKL_jll v2019.0.117+2
  [3a97d323] MPFR_jll v4.0.2+2
  [1914dd2f] MacroTools v0.5.4
  [a3b82374] MatrixFactorizations v0.2.1
  [e1d29d7a] Missings v0.4.3
  [77ba4419] NaNMath v0.3.3
  [4d1e1d77] Nullables v1.0.0
  [4536629a] OpenBLAS_jll v0.3.7+7
  [efe28fd5] OpenSpecFun_jll v0.5.3+3
  [bac558e1] OrderedCollections v1.1.0
  [f27b6e38] Polynomials v0.6.1
  [3cdcf5f2] RecipesBase v0.8.0
  [189a3867] Reexport v0.2.0
  [a2af1166] SortingAlgorithms v0.3.1
  [276daf66] SpecialFunctions v0.10.0
  [90137ffa] StaticArrays v0.12.1
  [2913bbd2] StatsBase v0.32.2
  [c751599d] ToeplitzMatrices v0.6.1
  [2a0f44e3] Base64  [`@stdlib/Base64`]
  [ade2ca70] Dates  [`@stdlib/Dates`]
  [8ba89e20] Distributed  [`@stdlib/Distributed`]
  [b77e0a4c] InteractiveUtils  [`@stdlib/InteractiveUtils`]
  [76f85450] LibGit2  [`@stdlib/LibGit2`]
  [8f399da3] Libdl  [`@stdlib/Libdl`]
  [37e2e46d] LinearAlgebra  [`@stdlib/LinearAlgebra`]
  [56ddb016] Logging  [`@stdlib/Logging`]
  [d6f4376e] Markdown  [`@stdlib/Markdown`]
  [a63ad114] Mmap  [`@stdlib/Mmap`]
  [44cfe95a] Pkg  [`@stdlib/Pkg`]
  [de0858da] Printf  [`@stdlib/Printf`]
  [3fa0cd96] REPL  [`@stdlib/REPL`]
  [9a3f8284] Random  [`@stdlib/Random`]
  [ea8e919c] SHA  [`@stdlib/SHA`]
  [9e88b42a] Serialization  [`@stdlib/Serialization`]
  [1a1011a3] SharedArrays  [`@stdlib/SharedArrays`]
  [6462fe0b] Sockets  [`@stdlib/Sockets`]
  [2f01184e] SparseArrays  [`@stdlib/SparseArrays`]
  [10745b16] Statistics  [`@stdlib/Statistics`]
  [8dfed614] Test  [`@stdlib/Test`]
  [cf7118a7] UUIDs  [`@stdlib/UUIDs`]
  [4ec0a83e] Unicode  [`@stdlib/Unicode`]
Test Summary: | Pass  Total
Domain        |    1      1
Test Summary: | Pass  Total
Clenshaw      |    1      1
  3.869682 seconds (6.43 M allocations: 314.926 MiB, 4.30% gc time)
Test Summary: | Pass  Total
Chebyshev     |  488    488
 76.766526 seconds (121.73 M allocations: 5.952 GiB, 5.50% gc time)
Test Summary: | Pass  Total
Complex       |   13     13
  2.750944 seconds (3.18 M allocations: 161.565 MiB, 2.00% gc time)
Test Summary: | Pass  Total
broadcast     |   18     18
 19.883744 seconds (31.08 M allocations: 1.509 GiB, 3.57% gc time)
  2.719903 seconds (5.04 M allocations: 239.892 MiB, 3.20% gc time)
  5.563008 seconds (11.53 M allocations: 608.357 MiB, 4.46% gc time)
  2.960385 seconds (6.06 M allocations: 283.792 MiB, 3.96% gc time)
  0.041981 seconds (40.87 k allocations: 2.270 MiB)
  0.525203 seconds (1.57 M allocations: 72.003 MiB, 6.11% gc time)
 12.947890 seconds (25.01 M allocations: 1.249 GiB, 3.04% gc time)
Test Summary: |  Pass  Total
Operator      | 12366  12366
186.181216 seconds (377.60 M allocations: 17.693 GiB, 4.67% gc time)
  0.287185 seconds (583.55 k allocations: 30.552 MiB)
  1.276359 seconds (1.60 M allocations: 82.880 MiB, 3.09% gc time)
  1.362111 seconds (2.36 M allocations: 122.141 MiB, 4.03% gc time)
  1.256651 seconds (4.04 M allocations: 142.790 MiB, 2.26% gc time)
  1.463515 seconds (3.24 M allocations: 161.844 MiB, 2.18% gc time)
  2.415276 seconds (7.13 M allocations: 366.186 MiB, 6.36% gc time)
  2.963840 seconds (5.76 M allocations: 280.822 MiB, 3.63% gc time)
  1.642920 seconds (2.78 M allocations: 141.536 MiB, 2.16% gc time)
Test Summary: | Pass  Total
ODE           | 2729   2729
 72.905869 seconds (167.08 M allocations: 7.989 GiB, 4.00% gc time)
Test Summary:       | Pass  Total
Eigenvalue problems |   13     13
 56.489093 seconds (122.24 M allocations: 6.031 GiB, 3.62% gc time)
  1.026028 seconds (1.66 M allocations: 84.710 MiB, 3.82% gc time)
  0.020012 seconds (28.90 k allocations: 1.309 MiB)
  3.007316 seconds (5.43 M allocations: 279.809 MiB, 2.96% gc time)
  0.353687 seconds (751.69 k allocations: 37.369 MiB)
Test Summary: | Pass  Broken  Total
Vector        |  446       1    447
 38.586683 seconds (80.62 M allocations: 4.047 GiB, 4.63% gc time)
  0.000188 seconds (149 allocations: 6.969 KiB)
  2.962388 seconds (7.50 M allocations: 359.870 MiB, 5.35% gc time)
  0.144242 seconds (18 allocations: 32.844 KiB)
  4.038733 seconds (11.24 M allocations: 788.987 MiB, 8.29% gc time)
  7.845257 seconds (10.68 M allocations: 570.703 MiB, 3.35% gc time)
  3.145580 seconds (7.76 M allocations: 375.427 MiB, 2.62% gc time)
  1.439648 seconds (2.56 M allocations: 130.648 MiB, 2.83% gc time)
  2.575745 seconds (5.52 M allocations: 267.578 MiB, 4.24% gc time)
  2.015138 seconds (4.06 M allocations: 200.776 MiB, 2.64% gc time)
  7.228341 seconds (13.89 M allocations: 689.551 MiB, 3.51% gc time)
  2.553449 seconds (5.54 M allocations: 269.699 MiB, 3.34% gc time)
Test Summary: | Pass  Total
Jacobi        | 4811   4811
 91.513650 seconds (157.46 M allocations: 8.123 GiB, 3.64% gc time)
Test Summary:                 | Pass  Total
Laguerre and WeightedLaguerre |   21     21
 39.695498 seconds (85.42 M allocations: 3.660 GiB, 5.02% gc time)
Test Summary:           | Pass  Total
Hermite and GaussWeight |  415    415
 16.022475 seconds (50.70 M allocations: 2.338 GiB, 6.84% gc time)
  0.034742 seconds (46.82 k allocations: 2.436 MiB)
  0.944526 seconds (3.78 M allocations: 193.826 MiB, 5.03% gc time)
  1.486891 seconds (2.22 M allocations: 116.439 MiB, 4.38% gc time)
  0.001249 seconds (5.45 k allocations: 297.859 KiB)
  0.658276 seconds (1.38 M allocations: 72.411 MiB, 8.43% gc time)
Test Summary: | Pass  Broken  Total
Spaces        | 1745       1   1746
116.039306 seconds (204.71 M allocations: 10.635 GiB, 3.26% gc time)
  1.094402 seconds (2.30 M allocations: 121.605 MiB, 4.78% gc time)
  0.651380 seconds (1.52 M allocations: 83.638 MiB)
  0.100489 seconds (193.94 k allocations: 13.244 MiB)
  0.846793 seconds (1.86 M allocations: 98.023 MiB)
  0.107430 seconds (212.86 k allocations: 11.110 MiB)
  0.306659 seconds (2.21 M allocations: 201.047 MiB, 16.47% gc time)
  0.321486 seconds (2.34 M allocations: 206.185 MiB, 13.80% gc time)
 43.105329 seconds (98.80 M allocations: 4.292 GiB, 3.06% gc time)
  6.487544 seconds (13.21 M allocations: 694.262 MiB, 2.16% gc time)
Test Summary: | Pass  Total
Multivariate  | 3286   3286
119.000812 seconds (256.31 M allocations: 12.242 GiB, 3.38% gc time)
  6.019813 seconds (15.98 M allocations: 848.785 MiB, 4.09% gc time)
  0.868204 seconds (7.24 M allocations: 435.606 MiB, 17.70% gc time)
  2.538426 seconds (10.47 M allocations: 1.378 GiB, 12.24% gc time)
  2.773169 seconds (5.39 M allocations: 284.190 MiB)
  8.749744 seconds (57.23 M allocations: 3.049 GiB, 7.64% gc time)
  3.847049 seconds (9.18 M allocations: 457.576 MiB, 2.26% gc time)
  6.708939 seconds (40.08 M allocations: 1.930 GiB, 6.42% gc time)
  3.399114 seconds (7.79 M allocations: 389.005 MiB, 2.55% gc time)
  5.840400 seconds (11.78 M allocations: 5.466 GiB, 37.77% gc time)
  0.062367 seconds (1.49 M allocations: 34.500 MiB)
  1.156689 seconds (3.60 M allocations: 1.109 GiB, 23.86% gc time)
  0.290162 seconds (1.21 M allocations: 249.542 MiB, 19.41% gc time)
  0.322957 seconds (1.61 M allocations: 293.351 MiB, 16.87% gc time)
  3.638444 seconds (21.02 M allocations: 3.546 GiB, 22.83% gc time)
  1.282498 seconds (8.48 M allocations: 1.136 GiB, 22.85% gc time)
  0.838745 seconds (10.35 M allocations: 675.302 MiB, 13.82% gc time)
 72.275117 seconds (216.85 M allocations: 83.792 GiB, 24.27% gc time)
  1.357657 seconds (2.36 M allocations: 111.305 MiB, 6.66% gc time)
  7.858695 seconds (104.83 M allocations: 4.680 GiB, 12.66% gc time)
Test Summary: | Pass  Total
PDE           | 4537   4537
407.621154 seconds (2.15 G allocations: 259.281 GiB, 14.39% gc time)
  0.012515 seconds (9 allocations: 78.422 KiB)
Clenshaw large coeffs, many points: Time should be ~0.024
  0.000002 seconds (5 allocations: 176 bytes)
Clenshaw large coeffs, 1 point: Time should be ~6e-6
  0.007211 seconds (10.40 k allocations: 5.244 MiB)
Small roots: Time should be ~0.015
  0.096533 seconds (108.03 k allocations: 15.341 MiB)
Roots: Time should be ~0.08
  0.090352 seconds (2.67 M allocations: 55.548 MiB)
Cos/Sin: should be ~0.016920 seconds (3.19 k allocations: 12.593 MiB)
  0.071377 seconds (2.06 M allocations: 43.329 MiB)
Airy: 0.014356 seconds (1.08 k allocations: 8.015 MB)
  0.006032 seconds (184 allocations: 4.881 MiB)
Airy construct op: 0.003200 seconds (131 allocations: 3.723 MiB)
  0.186357 seconds (3.91 M allocations: 74.815 MiB)
Poly: should be ~0.020926 seconds (3.00 k allocations: 9.416 MiB)
  0.196022 seconds (1.60 M allocations: 29.927 MiB)
Cos: should be ~0.0075
  0.205511 seconds (1.60 M allocations: 29.927 MiB)
Sin: should be ~0.008663 seconds (660 allocations: 2.987 MB)
  0.032291 seconds (602.31 k allocations: 16.219 MiB)
Bessel: should be ~0.008441 seconds (6.14 k allocations: 4.765 MiB)
  0.040117 seconds (1.04 M allocations: 34.355 MiB)
Complex exp: Time should be 0.03
  5.367691 seconds (29.10 M allocations: 1.815 GiB, 8.77% gc time)
Piecewise Airy: should be ~0.008
  0.001906 seconds (16.60 k allocations: 674.172 KiB)
Systems: should be ~0.0008
  0.336134 seconds (127.95 k allocations: 797.461 MiB, 21.71% gc time)
Nullspace Airy: 0.052730 seconds (75.21 k allocations: 56.736 MB)
  0.232300 seconds (1.34 M allocations: 135.985 MiB)
  0.071756 seconds (126.56 k allocations: 9.178 MiB)
Laplace: should be ~0.06, 0.001
  0.757598 seconds (9.88 M allocations: 481.803 MiB, 10.81% gc time)
Neumann Helmholtz: should be ~0.032
  0.004131 seconds (121 allocations: 3.916 MiB)
  0.000130 seconds (11 allocations: 98.203 KiB)
  0.003554 seconds (98 allocations: 3.152 MiB)
  0.002040 seconds (57 allocations: 1.529 MiB)
  0.000043 seconds (11 allocations: 293.594 KiB)
  0.000326 seconds (13 allocations: 293.609 KiB)
  0.000311 seconds (15 allocations: 293.734 KiB)
  0.000041 seconds (10 allocations: 293.484 KiB)
  0.001427 seconds (12 allocations: 684.469 KiB)
   Testing ApproxFunOrthogonalPolynomials tests passed 
