Julia Version 1.4.0
Commit b8e9a9ecc6 (2020-03-21 16:36 UTC)
Platform Info:
  OS: Linux (x86_64-pc-linux-gnu)
  CPU: AMD Ryzen Threadripper 2990WX 32-Core Processor
  WORD_SIZE: 64
  LIBM: libopenlibm
  LLVM: libLLVM-8.0.1 (ORCJIT, znver1)
Environment:
  JULIA_DEPOT_PATH = ::/usr/local/share/julia
  JULIA_NUM_THREADS = 2

  Resolving package versions...
  Installed Reexport ─────────────────────── v0.2.0
  Installed DataAPI ──────────────────────── v1.1.0
  Installed Missings ─────────────────────── v0.4.3
  Installed NaNMath ──────────────────────── v0.3.3
  Installed Calculus ─────────────────────── v0.5.1
  Installed FastTransforms_jll ───────────── v0.2.13+1
  Installed LowRankApprox ────────────────── v0.4.0
  Installed ApproxFunOrthogonalPolynomials ─ v0.3.2
  Installed Nullables ────────────────────── v1.0.0
  Installed SortingAlgorithms ────────────── v0.3.1
  Installed RecipesBase ──────────────────── v0.8.0
  Installed MKL_jll ──────────────────────── v2019.0.117+2
  Installed OrderedCollections ───────────── v1.1.0
  Installed IterTools ────────────────────── v1.3.0
  Installed SpecialFunctions ─────────────── v0.10.0
  Installed ApproxFunBase ────────────────── v0.3.2
  Installed GMP_jll ──────────────────────── v6.1.2+5
  Installed MacroTools ───────────────────── v0.5.5
  Installed FillArrays ───────────────────── v0.8.6
  Installed BlockBandedMatrices ──────────── v0.7.2
  Installed LazyArrays ───────────────────── v0.15.1
  Installed InfiniteArrays ───────────────── v0.6.1
  Installed MatrixFactorizations ─────────── v0.3.0
  Installed ArrayLayouts ─────────────────── v0.1.5
  Installed FastTransforms ───────────────── v0.8.2
  Installed BandedMatrices ───────────────── v0.14.3
  Installed OpenBLAS_jll ─────────────────── v0.3.9+0
  Installed DSP ──────────────────────────── v0.6.3
  Installed DualNumbers ──────────────────── v0.6.2
  Installed StatsBase ────────────────────── v0.33.0
  Installed MPFR_jll ─────────────────────── v4.0.2+2
  Installed FFTW_jll ─────────────────────── v3.3.9+5
  Installed CompilerSupportLibraries_jll ─── v0.3.3+0
  Installed BinaryProvider ───────────────── v0.5.8
  Installed ToeplitzMatrices ─────────────── v0.6.0
  Installed StaticArrays ─────────────────── v0.12.1
  Installed FastGaussQuadrature ──────────── v0.4.2
  Installed DataStructures ───────────────── v0.17.11
  Installed DomainSets ───────────────────── v0.1.0
  Installed AbstractFFTs ─────────────────── v0.5.0
  Installed IntelOpenMP_jll ──────────────── v2018.0.3+0
  Installed Polynomials ──────────────────── v0.6.1
  Installed OpenSpecFun_jll ──────────────── v0.5.3+3
  Installed BlockArrays ──────────────────── v0.11.2
  Installed IntervalSets ─────────────────── v0.3.2
  Installed FFTW ─────────────────────────── v1.2.0
   Updating `~/.julia/environments/v1.4/Project.toml`
  [b70543e2] + ApproxFunOrthogonalPolynomials v0.3.2
   Updating `~/.julia/environments/v1.4/Manifest.toml`
  [621f4979] + AbstractFFTs v0.5.0
  [fbd15aa5] + ApproxFunBase v0.3.2
  [b70543e2] + ApproxFunOrthogonalPolynomials v0.3.2
  [4c555306] + ArrayLayouts v0.1.5
  [aae01518] + BandedMatrices v0.14.3
  [b99e7846] + BinaryProvider v0.5.8
  [8e7c35d0] + BlockArrays v0.11.2
  [ffab5731] + BlockBandedMatrices v0.7.2
  [49dc2e85] + Calculus v0.5.1
  [e66e0078] + CompilerSupportLibraries_jll v0.3.3+0
  [717857b8] + DSP v0.6.3
  [9a962f9c] + DataAPI v1.1.0
  [864edb3b] + DataStructures v0.17.11
  [5b8099bc] + DomainSets v0.1.0
  [fa6b7ba4] + DualNumbers v0.6.2
  [7a1cc6ca] + FFTW v1.2.0
  [f5851436] + FFTW_jll v3.3.9+5
  [442a2c76] + FastGaussQuadrature v0.4.2
  [057dd010] + FastTransforms v0.8.2
  [34b6f7d7] + FastTransforms_jll v0.2.13+1
  [1a297f60] + FillArrays v0.8.6
  [781609d7] + GMP_jll v6.1.2+5
  [4858937d] + InfiniteArrays v0.6.1
  [1d5cc7b8] + IntelOpenMP_jll v2018.0.3+0
  [8197267c] + IntervalSets v0.3.2
  [c8e1da08] + IterTools v1.3.0
  [5078a376] + LazyArrays v0.15.1
  [898213cb] + LowRankApprox v0.4.0
  [856f044c] + MKL_jll v2019.0.117+2
  [3a97d323] + MPFR_jll v4.0.2+2
  [1914dd2f] + MacroTools v0.5.5
  [a3b82374] + MatrixFactorizations v0.3.0
  [e1d29d7a] + Missings v0.4.3
  [77ba4419] + NaNMath v0.3.3
  [4d1e1d77] + Nullables v1.0.0
  [4536629a] + OpenBLAS_jll v0.3.9+0
  [efe28fd5] + OpenSpecFun_jll v0.5.3+3
  [bac558e1] + OrderedCollections v1.1.0
  [f27b6e38] + Polynomials v0.6.1
  [3cdcf5f2] + RecipesBase v0.8.0
  [189a3867] + Reexport v0.2.0
  [a2af1166] + SortingAlgorithms v0.3.1
  [276daf66] + SpecialFunctions v0.10.0
  [90137ffa] + StaticArrays v0.12.1
  [2913bbd2] + StatsBase v0.33.0
  [c751599d] + ToeplitzMatrices v0.6.0
  [2a0f44e3] + Base64 
  [ade2ca70] + Dates 
  [8ba89e20] + Distributed 
  [b77e0a4c] + InteractiveUtils 
  [76f85450] + LibGit2 
  [8f399da3] + Libdl 
  [37e2e46d] + LinearAlgebra 
  [56ddb016] + Logging 
  [d6f4376e] + Markdown 
  [a63ad114] + Mmap 
  [44cfe95a] + Pkg 
  [de0858da] + Printf 
  [3fa0cd96] + REPL 
  [9a3f8284] + Random 
  [ea8e919c] + SHA 
  [9e88b42a] + Serialization 
  [1a1011a3] + SharedArrays 
  [6462fe0b] + Sockets 
  [2f01184e] + SparseArrays 
  [10745b16] + Statistics 
  [8dfed614] + Test 
  [cf7118a7] + UUIDs 
  [4ec0a83e] + Unicode 
   Building FFTW ──────────→ `~/.julia/packages/FFTW/qqcBj/deps/build.log`
   Building FastTransforms → `~/.julia/packages/FastTransforms/MjTJy/deps/build.log`
    Testing ApproxFunOrthogonalPolynomials
Status `/tmp/jl_Cq55rD/Manifest.toml`
  [621f4979] AbstractFFTs v0.5.0
  [fbd15aa5] ApproxFunBase v0.3.2
  [b70543e2] ApproxFunOrthogonalPolynomials v0.3.2
  [4c555306] ArrayLayouts v0.1.5
  [aae01518] BandedMatrices v0.14.3
  [b99e7846] BinaryProvider v0.5.8
  [8e7c35d0] BlockArrays v0.11.2
  [ffab5731] BlockBandedMatrices v0.7.2
  [49dc2e85] Calculus v0.5.1
  [e66e0078] CompilerSupportLibraries_jll v0.3.3+0
  [717857b8] DSP v0.6.3
  [9a962f9c] DataAPI v1.1.0
  [864edb3b] DataStructures v0.17.11
  [5b8099bc] DomainSets v0.1.0
  [fa6b7ba4] DualNumbers v0.6.2
  [7a1cc6ca] FFTW v1.2.0
  [f5851436] FFTW_jll v3.3.9+5
  [442a2c76] FastGaussQuadrature v0.4.2
  [057dd010] FastTransforms v0.8.2
  [34b6f7d7] FastTransforms_jll v0.2.13+1
  [1a297f60] FillArrays v0.8.6
  [781609d7] GMP_jll v6.1.2+5
  [4858937d] InfiniteArrays v0.6.1
  [1d5cc7b8] IntelOpenMP_jll v2018.0.3+0
  [8197267c] IntervalSets v0.3.2
  [c8e1da08] IterTools v1.3.0
  [5078a376] LazyArrays v0.15.1
  [898213cb] LowRankApprox v0.4.0
  [856f044c] MKL_jll v2019.0.117+2
  [3a97d323] MPFR_jll v4.0.2+2
  [1914dd2f] MacroTools v0.5.5
  [a3b82374] MatrixFactorizations v0.3.0
  [e1d29d7a] Missings v0.4.3
  [77ba4419] NaNMath v0.3.3
  [4d1e1d77] Nullables v1.0.0
  [4536629a] OpenBLAS_jll v0.3.9+0
  [efe28fd5] OpenSpecFun_jll v0.5.3+3
  [bac558e1] OrderedCollections v1.1.0
  [f27b6e38] Polynomials v0.6.1
  [3cdcf5f2] RecipesBase v0.8.0
  [189a3867] Reexport v0.2.0
  [a2af1166] SortingAlgorithms v0.3.1
  [276daf66] SpecialFunctions v0.10.0
  [90137ffa] StaticArrays v0.12.1
  [2913bbd2] StatsBase v0.33.0
  [c751599d] ToeplitzMatrices v0.6.0
  [2a0f44e3] Base64 
  [ade2ca70] Dates 
  [8ba89e20] Distributed 
  [b77e0a4c] InteractiveUtils 
  [76f85450] LibGit2 
  [8f399da3] Libdl 
  [37e2e46d] LinearAlgebra 
  [56ddb016] Logging 
  [d6f4376e] Markdown 
  [a63ad114] Mmap 
  [44cfe95a] Pkg 
  [de0858da] Printf 
  [3fa0cd96] REPL 
  [9a3f8284] Random 
  [ea8e919c] SHA 
  [9e88b42a] Serialization 
  [1a1011a3] SharedArrays 
  [6462fe0b] Sockets 
  [2f01184e] SparseArrays 
  [10745b16] Statistics 
  [8dfed614] Test 
  [cf7118a7] UUIDs 
  [4ec0a83e] Unicode 
Test Summary: | Pass  Total
Domain        |    1      1
Test Summary: | Pass  Total
Clenshaw      |    1      1
  3.507921 seconds (7.01 M allocations: 355.438 MiB, 3.90% gc time)
Test Summary: | Pass  Total
Chebyshev     |  488    488
 75.336602 seconds (128.00 M allocations: 6.344 GiB, 4.53% gc time)
Test Summary: | Pass  Total
Complex       |   13     13
  2.842614 seconds (3.34 M allocations: 168.801 MiB, 1.78% gc time)
Test Summary: | Pass  Total
broadcast     |   18     18
 21.767339 seconds (31.80 M allocations: 1.544 GiB, 3.12% gc time)
  3.304364 seconds (4.99 M allocations: 237.091 MiB, 4.30% gc time)
  7.609111 seconds (11.38 M allocations: 598.466 MiB, 3.78% gc time)
  5.033664 seconds (6.01 M allocations: 282.382 MiB, 2.51% gc time)
  0.048426 seconds (41.45 k allocations: 2.239 MiB)
  0.685087 seconds (1.57 M allocations: 71.842 MiB, 4.78% gc time)
 21.895561 seconds (25.69 M allocations: 1.293 GiB, 3.32% gc time)
Test Summary: |  Pass  Total
Operator      | 12366  12366
250.414603 seconds (379.46 M allocations: 17.775 GiB, 4.22% gc time)
  0.496725 seconds (656.15 k allocations: 33.682 MiB, 8.13% gc time)
  1.982684 seconds (1.94 M allocations: 105.689 MiB, 4.62% gc time)
  2.035361 seconds (2.54 M allocations: 131.213 MiB, 2.82% gc time)
  1.801594 seconds (3.87 M allocations: 143.073 MiB, 5.84% gc time)
  2.403239 seconds (3.54 M allocations: 174.413 MiB, 3.78% gc time)
  4.294651 seconds (7.65 M allocations: 402.565 MiB, 5.68% gc time)
  5.346482 seconds (6.07 M allocations: 304.217 MiB, 2.02% gc time)
  2.801018 seconds (2.93 M allocations: 148.783 MiB, 2.13% gc time)
Test Summary: | Pass  Total
ODE           | 2729   2729
122.166148 seconds (174.56 M allocations: 8.538 GiB, 3.66% gc time)
Test Summary:       | Pass  Total
Eigenvalue problems |   13     13
 95.684810 seconds (127.28 M allocations: 6.367 GiB, 3.69% gc time)
  1.568925 seconds (1.80 M allocations: 91.319 MiB, 3.19% gc time)
  0.065621 seconds (27.62 k allocations: 1.290 MiB)
  4.148321 seconds (5.71 M allocations: 293.790 MiB, 2.58% gc time)
  0.566800 seconds (730.83 k allocations: 36.406 MiB, 9.08% gc time)
Test Summary: | Pass  Broken  Total
Vector        |  446       1    447
 60.162683 seconds (79.15 M allocations: 4.058 GiB, 3.47% gc time)
  0.000240 seconds (149 allocations: 6.969 KiB)
  5.053029 seconds (7.44 M allocations: 356.459 MiB, 4.87% gc time)
  0.217474 seconds (18 allocations: 32.844 KiB)
  5.614000 seconds (11.19 M allocations: 786.824 MiB, 4.74% gc time)
 15.079254 seconds (10.96 M allocations: 582.342 MiB, 2.20% gc time)
  5.035560 seconds (7.70 M allocations: 371.105 MiB, 2.39% gc time)
  2.197779 seconds (2.52 M allocations: 128.513 MiB, 2.68% gc time)
  3.828567 seconds (5.47 M allocations: 264.969 MiB, 1.78% gc time)
  3.253180 seconds (4.02 M allocations: 198.632 MiB, 4.47% gc time)
 11.530545 seconds (13.83 M allocations: 686.700 MiB, 3.61% gc time)
  3.788528 seconds (5.32 M allocations: 259.788 MiB, 3.18% gc time)
Test Summary: | Pass  Total
Jacobi        | 4811   4811
162.447315 seconds (160.50 M allocations: 8.317 GiB, 3.03% gc time)
Test Summary:                 | Pass  Total
Laguerre and WeightedLaguerre |   21     21
 67.125324 seconds (86.83 M allocations: 3.735 GiB, 4.55% gc time)
Test Summary:           | Pass  Total
Hermite and GaussWeight |  415    415
 27.976866 seconds (51.03 M allocations: 2.348 GiB, 6.28% gc time)
  0.102869 seconds (103.21 k allocations: 5.511 MiB)
  1.436375 seconds (3.92 M allocations: 199.911 MiB, 7.80% gc time)
  1.959004 seconds (2.42 M allocations: 124.718 MiB)
  0.001619 seconds (5.21 k allocations: 288.922 KiB)
  0.956089 seconds (1.53 M allocations: 79.598 MiB, 8.25% gc time)
Test Summary: | Pass  Broken  Total
Spaces        | 1745       1   1746
220.067206 seconds (223.59 M allocations: 11.876 GiB, 3.41% gc time)
  1.802104 seconds (2.26 M allocations: 120.610 MiB, 6.97% gc time)
  1.849829 seconds (2.18 M allocations: 136.798 MiB)
  0.129622 seconds (169.64 k allocations: 12.873 MiB)
  1.314301 seconds (1.91 M allocations: 100.117 MiB)
  0.169076 seconds (211.99 k allocations: 11.006 MiB)
  0.429936 seconds (2.21 M allocations: 201.041 MiB, 24.06% gc time)
  0.463293 seconds (2.34 M allocations: 206.177 MiB, 17.79% gc time)
 85.966066 seconds (102.47 M allocations: 4.632 GiB, 3.06% gc time)
 13.065421 seconds (14.26 M allocations: 746.801 MiB, 2.02% gc time)
Test Summary: | Pass  Total
Multivariate  | 3286   3286
285.873573 seconds (296.48 M allocations: 15.653 GiB, 3.24% gc time)
 10.426522 seconds (15.91 M allocations: 850.263 MiB, 7.83% gc time)
  1.229280 seconds (7.22 M allocations: 435.281 MiB, 14.50% gc time)
  3.996206 seconds (10.62 M allocations: 1.385 GiB, 14.87% gc time)
  4.803754 seconds (6.00 M allocations: 322.751 MiB, 2.63% gc time)
 17.718823 seconds (60.11 M allocations: 3.261 GiB, 8.49% gc time)
  7.409199 seconds (10.23 M allocations: 529.694 MiB, 1.36% gc time)
 12.314359 seconds (41.17 M allocations: 2.003 GiB, 6.09% gc time)
  6.157235 seconds (8.75 M allocations: 433.076 MiB, 3.86% gc time)
  6.032146 seconds (11.78 M allocations: 5.466 GiB, 22.08% gc time)
  0.081016 seconds (1.48 M allocations: 34.457 MiB)
  1.609318 seconds (3.60 M allocations: 1.109 GiB, 25.69% gc time)
  0.344196 seconds (1.21 M allocations: 249.526 MiB)
  0.500796 seconds (1.61 M allocations: 293.341 MiB, 25.33% gc time)
  4.846733 seconds (21.00 M allocations: 3.546 GiB, 18.99% gc time)
  1.738105 seconds (8.47 M allocations: 1.135 GiB, 22.13% gc time)
  1.067510 seconds (10.34 M allocations: 675.120 MiB, 12.18% gc time)
102.416887 seconds (216.63 M allocations: 83.789 GiB, 21.69% gc time)
  1.755055 seconds (2.48 M allocations: 116.424 MiB)
 11.399172 seconds (104.68 M allocations: 4.706 GiB, 17.32% gc time)
Test Summary: | Pass  Total
PDE           | 4537   4537
614.999966 seconds (2.18 G allocations: 261.474 GiB, 11.97% gc time)
  0.015434 seconds (5 allocations: 78.266 KiB)
Clenshaw large coeffs, many points: Time should be ~0.024
  0.000012 seconds (1 allocation: 16 bytes)
Clenshaw large coeffs, 1 point: Time should be ~6e-6
  0.006959 seconds (10.20 k allocations: 4.427 MiB)
Small roots: Time should be ~0.015
  0.200383 seconds (87.58 k allocations: 14.524 MiB)
Roots: Time should be ~0.08
  0.107942 seconds (2.32 M allocations: 50.322 MiB)
Cos/Sin: should be ~0.016920 seconds (3.19 k allocations: 12.593 MiB)
  0.103243 seconds (1.79 M allocations: 39.274 MiB)
Airy: 0.014356 seconds (1.08 k allocations: 8.015 MB)
  0.007190 seconds (175 allocations: 4.881 MiB)
Airy construct op: 0.003200 seconds (131 allocations: 3.723 MiB)
  0.219352 seconds (3.39 M allocations: 66.875 MiB)
Poly: should be ~0.020926 seconds (3.00 k allocations: 9.416 MiB)
  0.219968 seconds (1.39 M allocations: 26.809 MiB)
Cos: should be ~0.0075
  0.198866 seconds (1.39 M allocations: 26.809 MiB)
Sin: should be ~0.008663 seconds (660 allocations: 2.987 MB)
  0.064653 seconds (525.64 k allocations: 15.049 MiB)
Bessel: should be ~0.008441 seconds (6.14 k allocations: 4.765 MiB)
  0.054539 seconds (906.66 k allocations: 31.852 MiB)
Complex exp: Time should be 0.03
  6.753996 seconds (29.05 M allocations: 1.814 GiB, 9.26% gc time)
Piecewise Airy: should be ~0.008
  0.003159 seconds (15.22 k allocations: 652.141 KiB)
Systems: should be ~0.0008
  0.638327 seconds (87.19 k allocations: 795.997 MiB, 24.72% gc time)
Nullspace Airy: 0.052730 seconds (75.21 k allocations: 56.736 MB)
  0.251858 seconds (1.34 M allocations: 135.942 MiB)
  0.124852 seconds (124.87 k allocations: 9.100 MiB)
Laplace: should be ~0.06, 0.001
  1.156353 seconds (9.89 M allocations: 481.938 MiB, 14.24% gc time)
Neumann Helmholtz: should be ~0.032
  0.007701 seconds (110 allocations: 3.916 MiB)
  0.000193 seconds (5 allocations: 97.984 KiB)
  0.004636 seconds (87 allocations: 3.152 MiB)
  0.002769 seconds (48 allocations: 1.528 MiB)
  0.000110 seconds (4 allocations: 293.328 KiB)
  0.000514 seconds (7 allocations: 293.391 KiB)
  0.000500 seconds (9 allocations: 293.516 KiB)
  0.000067 seconds (4 allocations: 293.266 KiB)
  0.001767 seconds (8 allocations: 684.312 KiB)
    Testing ApproxFunOrthogonalPolynomials tests passed 
