Julia Version 1.4.0
Commit b8e9a9ecc6 (2020-03-21 16:36 UTC)
Platform Info:
  OS: Linux (x86_64-pc-linux-gnu)
  CPU: AMD Ryzen Threadripper 2990WX 32-Core Processor
  WORD_SIZE: 64
  LIBM: libopenlibm
  LLVM: libLLVM-8.0.1 (ORCJIT, znver1)
Environment:
  JULIA_DEPOT_PATH = ::/usr/local/share/julia
  JULIA_NUM_THREADS = 2

  Resolving package versions...
  Installed Missings ───────────────────── v0.4.3
  Installed PooledArrays ───────────────── v0.5.3
  Installed NLSolversBase ──────────────── v7.6.1
  Installed StatsFuns ──────────────────── v0.9.4
  Installed QuadGK ─────────────────────── v2.3.1
  Installed FillArrays ─────────────────── v0.8.5
  Installed LineSearches ───────────────── v7.0.1
  Installed ArrayInterface ─────────────── v2.6.1
  Installed FiniteDiff ─────────────────── v2.3.0
  Installed ForwardDiff ────────────────── v0.10.9
  Installed StatsBase ──────────────────── v0.32.2
  Installed ShiftedArrays ──────────────── v1.0.0
  Installed GLM ────────────────────────── v1.3.7
  Installed Parameters ─────────────────── v0.12.0
  Installed Optim ──────────────────────── v0.20.4
    Cloning [189a3867-3050-52da-a836-e630ba90ab69] Reexport from https://github.com/simonster/Reexport.jl.git
[?25l    Fetching: [>                                        ]  0.0 %[2K[?25h  Installed Reexport ───────────────────── v0.2.0
    Cloning [6d3278bc-c23a-5105-85e5-0d57d2bf684f] ARCHModels from https://github.com/s-broda/ARCHModels.jl.git
[?25l    Fetching: [>                                        ]  0.0 %[2K[?25h  Installed ARCHModels ─────────────────── v1.0.1
    Cloning [9a962f9c-6df0-11e9-0e5d-c546b8b5ee8a] DataAPI from https://github.com/JuliaData/DataAPI.jl.git
[?25l    Fetching: [>                                        ]  0.0 %[2K[?25h  Installed DataAPI ────────────────────── v1.1.0
    Cloning [bd369af6-aec1-5ad0-b16a-f7cc5008161c] Tables from https://github.com/JuliaData/Tables.jl.git
[?25l    Fetching: [>                                        ]  0.0 %[2K[?25h  Installed Tables ─────────────────────── v1.0.3
    Cloning [09f84164-cd44-5f33-b23f-e6b0d136a0d5] HypothesisTests from https://github.com/JuliaStats/HypothesisTests.jl.git
[?25l    Fetching: [>                                        ]  0.0 %[2K[?25h  Installed HypothesisTests ────────────── v0.9.1
    Cloning [77ba4419-2d1f-58cd-9bb1-8ffee604a2e3] NaNMath from https://github.com/mlubin/NaNMath.jl.git
[?25l    Fetching: [>                                        ]  0.0 %[2K[?25h  Installed NaNMath ────────────────────── v0.3.3
    Cloning [82899510-4779-5014-852e-03e436cf321d] IteratorInterfaceExtensions from https://github.com/queryverse/IteratorInterfaceExtensions.jl.git
[?25l    Fetching: [>                                        ]  0.0 %[2K[?25h  Installed IteratorInterfaceExtensions ── v1.0.0
    Cloning [ae029012-a4dd-5104-9daa-d747884805df] Requires from https://github.com/MikeInnes/Requires.jl.git
[?25l    Fetching: [>                                        ]  0.0 %[2K[?25h  Installed Requires ───────────────────── v1.0.1
    Cloning [69de0a69-1ddd-5017-9359-2bf0b02dc9f0] Parsers from https://github.com/JuliaData/Parsers.jl.git
[?25l    Fetching: [>                                        ]  0.0 %[2K[?25h  Installed Parsers ────────────────────── v0.3.12
    Cloning [276daf66-3868-5448-9aa4-cd146d93841b] SpecialFunctions from https://github.com/JuliaMath/SpecialFunctions.jl.git
[?25l    Fetching: [>                                        ]  0.0 %[2K[?25h  Installed SpecialFunctions ───────────── v0.10.0
    Cloning [79098fc4-a85e-5d69-aa6a-4863f24498fa] Rmath from https://github.com/JuliaStats/Rmath.jl.git
[?25l    Fetching: [>                                        ]  0.0 %[2K[?25h  Installed Rmath ──────────────────────── v0.6.1
    Cloning [861a8166-3701-5b0c-9a16-15d98fcdc6aa] Combinatorics from https://github.com/JuliaMath/Combinatorics.jl.git
[?25l    Fetching: [>                                        ]  0.0 %[2K[?25h  Installed Combinatorics ──────────────── v1.0.0
    Cloning [bac558e1-5e72-5ebc-8fee-abe8a469f55d] OrderedCollections from https://github.com/JuliaCollections/OrderedCollections.jl.git
[?25l    Fetching: [>                                        ]  0.0 %[2K[?25h  Installed OrderedCollections ─────────── v1.1.0
    Cloning [f2b01f46-fcfa-551c-844a-d8ac1e96c665] Roots from https://github.com/JuliaMath/Roots.jl.git
[?25l    Fetching: [>                                        ]  0.0 %[2K[?25h  Installed Roots ──────────────────────── v0.8.4
    Cloning [3cdcf5f2-1ef4-517c-9805-6587b60abb01] RecipesBase from https://github.com/JuliaPlots/RecipesBase.jl.git
[?25l    Fetching: [>                                        ]  0.0 %[2K[?25h  Installed RecipesBase ────────────────── v0.8.0
    Cloning [a2af1166-a08f-5f64-846c-94a0d3cef48c] SortingAlgorithms from https://github.com/JuliaCollections/SortingAlgorithms.jl.git
[?25l    Fetching: [>                                        ]  0.0 %[2K[?25h  Installed SortingAlgorithms ──────────── v0.3.1
    Cloning [e2d170a0-9d28-54be-80f0-106bbe20a464] DataValueInterfaces from https://github.com/queryverse/DataValueInterfaces.jl.git
[?25l    Fetching: [>                                        ]  0.0 %[2K[?25h  Installed DataValueInterfaces ────────── v1.0.0
    Cloning [7d9fca2a-8960-54d3-9f78-7d1dccf2cb97] Arpack from https://github.com/JuliaLinearAlgebra/Arpack.jl.git
[?25l    Fetching: [>                                        ]  0.0 %[2K[?25h  Installed Arpack ─────────────────────── v0.4.0
    Cloning [68821587-b530-5797-8361-c406ea357684] Arpack_jll from https://github.com/JuliaBinaryWrappers/Arpack_jll.jl.git
[?25l[2K[?25hERROR: failed to clone from https://github.com/JuliaBinaryWrappers/Arpack_jll.jl.git, error: GitError(Code:ERROR, Class:OS, failed to connect to github.com: Connection timed out)
Stacktrace:
 [1] pkgerror(::String) at /buildworker/worker/package_linux64/build/usr/share/julia/stdlib/v1.4/Pkg/src/Types.jl:53
 [2] clone(::Pkg.Types.Context, ::String, ::String; header::String, credentials::Nothing, kwargs::Base.Iterators.Pairs{Symbol,Bool,Tuple{Symbol},NamedTuple{(:isbare,),Tuple{Bool}}}) at /buildworker/worker/package_linux64/build/usr/share/julia/stdlib/v1.4/Pkg/src/GitTools.jl:149
 [3] #ensure_clone#3 at /buildworker/worker/package_linux64/build/usr/share/julia/stdlib/v1.4/Pkg/src/GitTools.jl:110 [inlined]
 [4] install_git(::Pkg.Types.Context, ::Base.UUID, ::String, ::Base.SHA1, ::Array{String,1}, ::VersionNumber, ::String) at /buildworker/worker/package_linux64/build/usr/share/julia/stdlib/v1.4/Pkg/src/Operations.jl:555
 [5] download_source(::Pkg.Types.Context, ::Array{Pkg.Types.PackageSpec,1}, ::Dict{Base.UUID,Array{String,1}}; readonly::Bool) at /buildworker/worker/package_linux64/build/usr/share/julia/stdlib/v1.4/Pkg/src/Operations.jl:714
 [6] #download_source#39 at /buildworker/worker/package_linux64/build/usr/share/julia/stdlib/v1.4/Pkg/src/Operations.jl:633 [inlined]
 [7] download_source at /buildworker/worker/package_linux64/build/usr/share/julia/stdlib/v1.4/Pkg/src/Operations.jl:631 [inlined]
 [8] add(::Pkg.Types.Context, ::Array{Pkg.Types.PackageSpec,1}, ::Array{Base.UUID,1}; preserve::Pkg.Types.PreserveLevel, platform::Pkg.BinaryPlatforms.Linux) at /buildworker/worker/package_linux64/build/usr/share/julia/stdlib/v1.4/Pkg/src/Operations.jl:1080
 [9] add(::Pkg.Types.Context, ::Array{Pkg.Types.PackageSpec,1}; preserve::Pkg.Types.PreserveLevel, platform::Pkg.BinaryPlatforms.Linux, kwargs::Base.Iterators.Pairs{Union{},Union{},Tuple{},NamedTuple{(),Tuple{}}}) at /buildworker/worker/package_linux64/build/usr/share/julia/stdlib/v1.4/Pkg/src/API.jl:159
 [10] add(::Pkg.Types.Context, ::Array{Pkg.Types.PackageSpec,1}) at /buildworker/worker/package_linux64/build/usr/share/julia/stdlib/v1.4/Pkg/src/API.jl:112
 [11] #add#27 at /buildworker/worker/package_linux64/build/usr/share/julia/stdlib/v1.4/Pkg/src/API.jl:109 [inlined]
 [12] add at /buildworker/worker/package_linux64/build/usr/share/julia/stdlib/v1.4/Pkg/src/API.jl:109 [inlined]
 [13] #add#24 at /buildworker/worker/package_linux64/build/usr/share/julia/stdlib/v1.4/Pkg/src/API.jl:107 [inlined]
 [14] add at /buildworker/worker/package_linux64/build/usr/share/julia/stdlib/v1.4/Pkg/src/API.jl:107 [inlined]
 [15] add(::String; kwargs::Base.Iterators.Pairs{Union{},Union{},Tuple{},NamedTuple{(),Tuple{}}}) at /buildworker/worker/package_linux64/build/usr/share/julia/stdlib/v1.4/Pkg/src/API.jl:106
 [16] add(::String) at /buildworker/worker/package_linux64/build/usr/share/julia/stdlib/v1.4/Pkg/src/API.jl:106
 [17] top-level scope at none:15
caused by [exception 1]
GitError(Code:ERROR, Class:OS, failed to connect to github.com: Connection timed out)
Stacktrace:
 [1] macro expansion at /buildworker/worker/package_linux64/build/usr/share/julia/stdlib/v1.4/LibGit2/src/error.jl:101 [inlined]
 [2] clone(::String, ::String, ::LibGit2.CloneOptions) at /buildworker/worker/package_linux64/build/usr/share/julia/stdlib/v1.4/LibGit2/src/repository.jl:459
 [3] clone(::String, ::String; branch::String, isbare::Bool, remote_cb::Ptr{Nothing}, credentials::LibGit2.CachedCredentials, callbacks::Dict{Symbol,Tuple{Ptr{Nothing},Any}}) at /buildworker/worker/package_linux64/build/usr/share/julia/stdlib/v1.4/LibGit2/src/LibGit2.jl:580
 [4] clone(::Pkg.Types.Context, ::String, ::String; header::String, credentials::Nothing, kwargs::Base.Iterators.Pairs{Symbol,Bool,Tuple{Symbol},NamedTuple{(:isbare,),Tuple{Bool}}}) at /buildworker/worker/package_linux64/build/usr/share/julia/stdlib/v1.4/Pkg/src/GitTools.jl:141
 [5] #ensure_clone#3 at /buildworker/worker/package_linux64/build/usr/share/julia/stdlib/v1.4/Pkg/src/GitTools.jl:110 [inlined]
 [6] install_git(::Pkg.Types.Context, ::Base.UUID, ::String, ::Base.SHA1, ::Array{String,1}, ::VersionNumber, ::String) at /buildworker/worker/package_linux64/build/usr/share/julia/stdlib/v1.4/Pkg/src/Operations.jl:555
 [7] download_source(::Pkg.Types.Context, ::Array{Pkg.Types.PackageSpec,1}, ::Dict{Base.UUID,Array{String,1}}; readonly::Bool) at /buildworker/worker/package_linux64/build/usr/share/julia/stdlib/v1.4/Pkg/src/Operations.jl:714
 [8] #download_source#39 at /buildworker/worker/package_linux64/build/usr/share/julia/stdlib/v1.4/Pkg/src/Operations.jl:633 [inlined]
 [9] download_source at /buildworker/worker/package_linux64/build/usr/share/julia/stdlib/v1.4/Pkg/src/Operations.jl:631 [inlined]
 [10] add(::Pkg.Types.Context, ::Array{Pkg.Types.PackageSpec,1}, ::Array{Base.UUID,1}; preserve::Pkg.Types.PreserveLevel, platform::Pkg.BinaryPlatforms.Linux) at /buildworker/worker/package_linux64/build/usr/share/julia/stdlib/v1.4/Pkg/src/Operations.jl:1080
 [11] add(::Pkg.Types.Context, ::Array{Pkg.Types.PackageSpec,1}; preserve::Pkg.Types.PreserveLevel, platform::Pkg.BinaryPlatforms.Linux, kwargs::Base.Iterators.Pairs{Union{},Union{},Tuple{},NamedTuple{(),Tuple{}}}) at /buildworker/worker/package_linux64/build/usr/share/julia/stdlib/v1.4/Pkg/src/API.jl:159
 [12] add(::Pkg.Types.Context, ::Array{Pkg.Types.PackageSpec,1}) at /buildworker/worker/package_linux64/build/usr/share/julia/stdlib/v1.4/Pkg/src/API.jl:112
 [13] #add#27 at /buildworker/worker/package_linux64/build/usr/share/julia/stdlib/v1.4/Pkg/src/API.jl:109 [inlined]
 [14] add at /buildworker/worker/package_linux64/build/usr/share/julia/stdlib/v1.4/Pkg/src/API.jl:109 [inlined]
 [15] #add#24 at /buildworker/worker/package_linux64/build/usr/share/julia/stdlib/v1.4/Pkg/src/API.jl:107 [inlined]
 [16] add at /buildworker/worker/package_linux64/build/usr/share/julia/stdlib/v1.4/Pkg/src/API.jl:107 [inlined]
 [17] add(::String; kwargs::Base.Iterators.Pairs{Union{},Union{},Tuple{},NamedTuple{(),Tuple{}}}) at /buildworker/worker/package_linux64/build/usr/share/julia/stdlib/v1.4/Pkg/src/API.jl:106
 [18] add(::String) at /buildworker/worker/package_linux64/build/usr/share/julia/stdlib/v1.4/Pkg/src/API.jl:106
 [19] top-level scope at none:15
