Julia Version 1.3.1
Commit 2d5741174c (2019-12-30 21:36 UTC)
Platform Info:
  OS: Linux (x86_64-pc-linux-gnu)
  CPU: AMD Ryzen Threadripper 2990WX 32-Core Processor
  WORD_SIZE: 64
  LIBM: libopenlibm
  LLVM: libLLVM-6.0.1 (ORCJIT, znver1)
Environment:
  JULIA_DEPOT_PATH = ::/usr/local/share/julia
  JULIA_NUM_THREADS = 2

 Resolving package versions...
 Installed CompilerSupportLibraries_jll ─ v0.2.0+1
 Installed Combinatorics ──────────────── v0.7.0
 Installed FastGaussQuadrature ────────── v0.4.2
 Installed FFTW ───────────────────────── v0.3.0
 Installed WiltonInts84 ───────────────── v0.2.1
 Installed StaticArrays ───────────────── v0.12.1
 Installed CompScienceMeshes ──────────── v0.2.3
 Installed BEAST ──────────────────────── v1.1.0
 Installed VersionParsing ─────────────── v1.2.0
 Installed RecipesBase ────────────────── v0.8.0
 Installed Compat ─────────────────────── v2.2.0
 Installed SpecialFunctions ───────────── v0.10.0
 Installed Requires ───────────────────── v1.0.1
 Installed Parsers ────────────────────── v0.3.12
 Installed AbstractFFTs ───────────────── v0.4.1
 Installed SauterSchwabQuadrature ─────── v2.1.0
 Installed JSON ───────────────────────── v0.21.0
 Installed Reexport ───────────────────── v0.2.0
 Installed Conda ──────────────────────── v1.4.1
 Installed OpenSpecFun_jll ────────────── v0.5.3+3
 Installed BinaryProvider ─────────────── v0.5.8
 Installed IterativeSolvers ───────────── v0.8.1
 Installed CollisionDetection ─────────── v0.1.2
 Installed Polynomials ────────────────── v0.6.1
  Updating `~/.julia/environments/v1.3/Project.toml`
  [bb4162c7] + BEAST v1.1.0
  Updating `~/.julia/environments/v1.3/Manifest.toml`
  [621f4979] + AbstractFFTs v0.4.1
  [bb4162c7] + BEAST v1.1.0
  [b99e7846] + BinaryProvider v0.5.8
  [2b5bf9a6] + CollisionDetection v0.1.2
  [861a8166] + Combinatorics v0.7.0
  [3e66a162] + CompScienceMeshes v0.2.3
  [34da2185] + Compat v2.2.0
  [e66e0078] + CompilerSupportLibraries_jll v0.2.0+1
  [8f4d0f93] + Conda v1.4.1
  [7a1cc6ca] + FFTW v0.3.0
  [442a2c76] + FastGaussQuadrature v0.4.2
  [42fd0dbc] + IterativeSolvers v0.8.1
  [682c06a0] + JSON v0.21.0
  [efe28fd5] + OpenSpecFun_jll v0.5.3+3
  [69de0a69] + Parsers v0.3.12
  [f27b6e38] + Polynomials v0.6.1
  [3cdcf5f2] + RecipesBase v0.8.0
  [189a3867] + Reexport v0.2.0
  [ae029012] + Requires v1.0.1
  [535c7bfe] + SauterSchwabQuadrature v2.1.0
  [276daf66] + SpecialFunctions v0.10.0
  [90137ffa] + StaticArrays v0.12.1
  [81def892] + VersionParsing v1.2.0
  [a3e2863e] + WiltonInts84 v0.2.1
  [2a0f44e3] + Base64 
  [ade2ca70] + Dates 
  [8bb1440f] + DelimitedFiles 
  [8ba89e20] + Distributed 
  [b77e0a4c] + InteractiveUtils 
  [76f85450] + LibGit2 
  [8f399da3] + Libdl 
  [37e2e46d] + LinearAlgebra 
  [56ddb016] + Logging 
  [d6f4376e] + Markdown 
  [a63ad114] + Mmap 
  [44cfe95a] + Pkg 
  [de0858da] + Printf 
  [3fa0cd96] + REPL 
  [9a3f8284] + Random 
  [ea8e919c] + SHA 
  [9e88b42a] + Serialization 
  [1a1011a3] + SharedArrays 
  [6462fe0b] + Sockets 
  [2f01184e] + SparseArrays 
  [10745b16] + Statistics 
  [8dfed614] + Test 
  [cf7118a7] + UUIDs 
  [4ec0a83e] + Unicode 
  Building Conda → `~/.julia/packages/Conda/3rPhK/deps/build.log`
  Building FFTW ─→ `~/.julia/packages/FFTW/2okGQ/deps/build.log`
   Testing BEAST
    Status `/tmp/jl_GeImUI/Manifest.toml`
  [621f4979] AbstractFFTs v0.4.1
  [bb4162c7] BEAST v1.1.0
  [b99e7846] BinaryProvider v0.5.8
  [2b5bf9a6] CollisionDetection v0.1.2
  [861a8166] Combinatorics v0.7.0
  [3e66a162] CompScienceMeshes v0.2.3
  [34da2185] Compat v2.2.0
  [e66e0078] CompilerSupportLibraries_jll v0.2.0+1
  [8f4d0f93] Conda v1.4.1
  [7a1cc6ca] FFTW v0.3.0
  [442a2c76] FastGaussQuadrature v0.4.2
  [42fd0dbc] IterativeSolvers v0.8.1
  [682c06a0] JSON v0.21.0
  [efe28fd5] OpenSpecFun_jll v0.5.3+3
  [69de0a69] Parsers v0.3.12
  [f27b6e38] Polynomials v0.6.1
  [3cdcf5f2] RecipesBase v0.8.0
  [189a3867] Reexport v0.2.0
  [ae029012] Requires v1.0.1
  [535c7bfe] SauterSchwabQuadrature v2.1.0
  [276daf66] SpecialFunctions v0.10.0
  [90137ffa] StaticArrays v0.12.1
  [81def892] VersionParsing v1.2.0
  [a3e2863e] WiltonInts84 v0.2.1
  [2a0f44e3] Base64  [`@stdlib/Base64`]
  [ade2ca70] Dates  [`@stdlib/Dates`]
  [8bb1440f] DelimitedFiles  [`@stdlib/DelimitedFiles`]
  [8ba89e20] Distributed  [`@stdlib/Distributed`]
  [b77e0a4c] InteractiveUtils  [`@stdlib/InteractiveUtils`]
  [76f85450] LibGit2  [`@stdlib/LibGit2`]
  [8f399da3] Libdl  [`@stdlib/Libdl`]
  [37e2e46d] LinearAlgebra  [`@stdlib/LinearAlgebra`]
  [56ddb016] Logging  [`@stdlib/Logging`]
  [d6f4376e] Markdown  [`@stdlib/Markdown`]
  [a63ad114] Mmap  [`@stdlib/Mmap`]
  [44cfe95a] Pkg  [`@stdlib/Pkg`]
  [de0858da] Printf  [`@stdlib/Printf`]
  [3fa0cd96] REPL  [`@stdlib/REPL`]
  [9a3f8284] Random  [`@stdlib/Random`]
  [ea8e919c] SHA  [`@stdlib/SHA`]
  [9e88b42a] Serialization  [`@stdlib/Serialization`]
  [1a1011a3] SharedArrays  [`@stdlib/SharedArrays`]
  [6462fe0b] Sockets  [`@stdlib/Sockets`]
  [2f01184e] SparseArrays  [`@stdlib/SparseArrays`]
  [10745b16] Statistics  [`@stdlib/Statistics`]
  [8dfed614] Test  [`@stdlib/Test`]
  [cf7118a7] UUIDs  [`@stdlib/UUIDs`]
  [4ec0a83e] Unicode  [`@stdlib/Unicode`]
dots out of 10: ..
  9.440989 seconds (11.14 M allocations: 553.636 MiB, 5.71% gc time)
  8.935127 seconds (10.44 M allocations: 506.802 MiB, 6.51% gc time)
  0.443699 seconds (307.06 k allocations: 16.236 MiB)
dots out of 10: ........
dots out of 10: ........
dots out of 10: ........
dots out of 10: ........
dots out of 10: ........
dots out of 10: ........
dots out of 10: ........
dots out of 10: ........
dots out of 10: ........
RT space is div-conforming
BC space is div-conforming
dots out of 10: ..
dots out of 10: ....
dots out of 10: ..........
dots out of 10: ..
dots out of 10: ..........
dots out of 10: ..........
dots out of 10: ..........
dots out of 10: ..
dots out of 10: .....
dots out of 10: ..........
norm(z_ce_se_1 - z_ce_ss_1) = 7.02763055237641e-6
norm(z_ce_se_2 - z_ce_ss_2) = 5.291100098621302e-6
norm(z_ce_se_3 - z_ce_ss_3) = 9.69616763953194e-6
norm(z_ce_ss_3 - z_ce_ss_3_18) = 1.710857438027987e-15
norm(out_ss - out_dw) / norm(out_dw) = 0.018634753473719713
dots out of 10: ....
dots out of 10: .
dots out of 10: .
Allocating memory for convolution operator....
[ Info: Computing the trivial convolution between a delta and something else
has_zero_tail = true
dots out of 10: ..
Allocated memory for convolution operator.
[ Info: Computing the trivial convolution between a delta and something else
has_zero_tail = true
dots out of 10: ..
Allocating memory for convolution operator....
[ Info: Computing the trivial convolution between a delta and something else
has_zero_tail = true
dots out of 10: ..
Allocated memory for convolution operator.
[ Info: Computing the trivial convolution between a delta and something else
has_zero_tail = true
dots out of 10: ..
dots out of 10: .......
[ Info: `Could not load BogaertInts10`. Related tests skipped.
   Testing BEAST tests passed 
