Julia Version 1.4.0
Commit b8e9a9ecc6 (2020-03-21 16:36 UTC)
Platform Info:
  OS: Linux (x86_64-pc-linux-gnu)
  CPU: AMD Ryzen Threadripper 2990WX 32-Core Processor
  WORD_SIZE: 64
  LIBM: libopenlibm
  LLVM: libLLVM-8.0.1 (ORCJIT, znver1)
Environment:
  JULIA_DEPOT_PATH = ::/usr/local/share/julia
  JULIA_NUM_THREADS = 2

  Resolving package versions...
  Installed Parsers ────────────────────── v0.3.12
  Installed JSON ───────────────────────── v0.21.0
  Installed AbstractFFTs ───────────────── v0.4.1
  Installed Polynomials ────────────────── v0.6.1
  Installed StaticArrays ───────────────── v0.12.1
  Installed CompScienceMeshes ──────────── v0.2.5
    Cloning [189a3867-3050-52da-a836-e630ba90ab69] Reexport from https://github.com/simonster/Reexport.jl.git
[?25l    Fetching: [>                                        ]  0.0 %[2K[?25h  Installed Reexport ───────────────────── v0.2.0
    Cloning [bb4162c7-ba94-5a20-af32-d8ec4428bdd1] BEAST from https://github.com/krcools/BEAST.jl.git
[?25l    Fetching: [>                                        ]  0.0 %[2K[?25h  Installed BEAST ──────────────────────── v1.1.0
    Cloning [ae029012-a4dd-5104-9daa-d747884805df] Requires from https://github.com/MikeInnes/Requires.jl.git
[?25l    Fetching: [>                                        ]  0.0 %[2K[?25h  Installed Requires ───────────────────── v0.5.2
    Cloning [276daf66-3868-5448-9aa4-cd146d93841b] SpecialFunctions from https://github.com/JuliaMath/SpecialFunctions.jl.git
[?25l    Fetching: [>                                        ]  0.0 %[2K[?25h  Installed SpecialFunctions ───────────── v0.10.0
    Cloning [42fd0dbc-a981-5370-80f2-aaf504508153] IterativeSolvers from https://github.com/JuliaMath/IterativeSolvers.jl.git
[?25l    Fetching: [>                                        ]  0.0 %[2K[?25h  Installed IterativeSolvers ───────────── v0.8.3
    Cloning [861a8166-3701-5b0c-9a16-15d98fcdc6aa] Combinatorics from https://github.com/JuliaMath/Combinatorics.jl.git
[?25l    Fetching: [>                                        ]  0.0 %[2K[?25h  Installed Combinatorics ──────────────── v0.7.0
    Cloning [3cdcf5f2-1ef4-517c-9805-6587b60abb01] RecipesBase from https://github.com/JuliaPlots/RecipesBase.jl.git
[?25l    Fetching: [>                                        ]  0.0 %[2K[?25h  Installed RecipesBase ────────────────── v0.8.0
    Cloning [2b5bf9a6-f3f8-5352-af9c-82bb4af718d8] CollisionDetection from https://github.com/krcools/CollisionDetection.jl.git
[?25l    Fetching: [>                                        ]  0.0 %[2K[?25h  Installed CollisionDetection ─────────── v0.1.2
    Cloning [8f4d0f93-b110-5947-807f-2305c1781a2d] Conda from https://github.com/JuliaPy/Conda.jl.git
[?25l    Fetching: [>                                        ]  0.0 %[2K[?25h  Installed Conda ──────────────────────── v1.4.1
    Cloning [a3e2863e-c0ee-5ff6-a523-307a4cdc8724] WiltonInts84 from https://github.com/krcools/WiltonInts84.jl.git
[?25l    Fetching: [>                                        ]  0.0 %[2K[?25h  Installed WiltonInts84 ───────────────── v0.2.1
    Cloning [81def892-9a0e-5fdd-b105-ffc91e053289] VersionParsing from https://github.com/stevengj/VersionParsing.jl.git
[?25l    Fetching: [>                                        ]  0.0 %[2K[?25h  Installed VersionParsing ─────────────── v1.2.0
    Cloning [34da2185-b29b-5c13-b0c7-acf172513d20] Compat from https://github.com/JuliaLang/Compat.jl.git
[?25l    Fetching: [>                                        ]  0.0 %[2K[?25h  Installed Compat ─────────────────────── v2.2.0
    Cloning [535c7bfe-2023-5c1d-b712-654ef9d93a38] SauterSchwabQuadrature from https://github.com/ga96tik/SauterSchwabQuadrature.jl.git
[?25l    Fetching: [>                                        ]  0.0 %[2K[?25h  Installed SauterSchwabQuadrature ─────── v2.1.0
    Cloning [b99e7846-7c00-51b0-8f62-c81ae34c0232] BinaryProvider from https://github.com/JuliaPackaging/BinaryProvider.jl.git
[?25l    Fetching: [>                                        ]  0.0 %[2K[?25h  Installed BinaryProvider ─────────────── v0.5.8
    Cloning [442a2c76-b920-505d-bb47-c5924d526838] FastGaussQuadrature from https://github.com/JuliaApproximation/FastGaussQuadrature.jl.git
[?25l    Fetching: [>                                        ]  0.0 %[2K[?25h  Installed FastGaussQuadrature ────────── v0.4.2
    Cloning [5100927d-02aa-593a-b4f9-7235df19f0db] ClusterTrees from https://github.com/krcools/ClusterTrees.jl.git
[?25l    Fetching: [>                                        ]  0.0 %[2K[?25h  Installed ClusterTrees ───────────────── v0.2.0
    Cloning [e66e0078-7015-5450-92f7-15fbd957f2ae] CompilerSupportLibraries_jll from https://github.com/JuliaBinaryWrappers/CompilerSupportLibraries_jll.jl.git
[?25l    Fetching: [>                                        ]  0.0 %[2K[?25h  Installed CompilerSupportLibraries_jll ─ v0.3.1+0
    Cloning [efe28fd5-8261-553b-a9e1-b2916fc3738e] OpenSpecFun_jll from https://github.com/JuliaBinaryWrappers/OpenSpecFun_jll.jl.git
[?25l    Fetching: [>                                        ]  0.0 %[2K[?25h  Installed OpenSpecFun_jll ────────────── v0.5.3+3
    Cloning [7a1cc6ca-52ef-59f5-83cd-3a7055c09341] FFTW from https://github.com/JuliaMath/FFTW.jl.git
[?25l    Fetching: [>                                        ]  0.0 %[2K[?25h  Installed FFTW ───────────────────────── v0.3.0
   Updating `~/.julia/environments/v1.4/Project.toml`
  [bb4162c7] + BEAST v1.1.0
   Updating `~/.julia/environments/v1.4/Manifest.toml`
  [621f4979] + AbstractFFTs v0.4.1
  [bb4162c7] + BEAST v1.1.0
  [b99e7846] + BinaryProvider v0.5.8
  [5100927d] + ClusterTrees v0.2.0
  [2b5bf9a6] + CollisionDetection v0.1.2
  [861a8166] + Combinatorics v0.7.0
  [3e66a162] + CompScienceMeshes v0.2.5
  [34da2185] + Compat v2.2.0
  [e66e0078] + CompilerSupportLibraries_jll v0.3.1+0
  [8f4d0f93] + Conda v1.4.1
  [7a1cc6ca] + FFTW v0.3.0
  [442a2c76] + FastGaussQuadrature v0.4.2
  [42fd0dbc] + IterativeSolvers v0.8.3
  [682c06a0] + JSON v0.21.0
  [efe28fd5] + OpenSpecFun_jll v0.5.3+3
  [69de0a69] + Parsers v0.3.12
  [f27b6e38] + Polynomials v0.6.1
  [3cdcf5f2] + RecipesBase v0.8.0
  [189a3867] + Reexport v0.2.0
  [ae029012] + Requires v0.5.2
  [535c7bfe] + SauterSchwabQuadrature v2.1.0
  [276daf66] + SpecialFunctions v0.10.0
  [90137ffa] + StaticArrays v0.12.1
  [81def892] + VersionParsing v1.2.0
  [a3e2863e] + WiltonInts84 v0.2.1
  [2a0f44e3] + Base64 
  [ade2ca70] + Dates 
  [8bb1440f] + DelimitedFiles 
  [8ba89e20] + Distributed 
  [b77e0a4c] + InteractiveUtils 
  [76f85450] + LibGit2 
  [8f399da3] + Libdl 
  [37e2e46d] + LinearAlgebra 
  [56ddb016] + Logging 
  [d6f4376e] + Markdown 
  [a63ad114] + Mmap 
  [44cfe95a] + Pkg 
  [de0858da] + Printf 
  [3fa0cd96] + REPL 
  [9a3f8284] + Random 
  [ea8e919c] + SHA 
  [9e88b42a] + Serialization 
  [1a1011a3] + SharedArrays 
  [6462fe0b] + Sockets 
  [2f01184e] + SparseArrays 
  [10745b16] + Statistics 
  [8dfed614] + Test 
  [cf7118a7] + UUIDs 
  [4ec0a83e] + Unicode 
   Building Conda → `~/.julia/packages/Conda/3rPhK/deps/build.log`
   Building FFTW ─→ `~/.julia/packages/FFTW/2okGQ/deps/build.log`
┌ Warning: using test/REQUIRE files is deprecated and current support is lacking in some areas
└ @ Pkg.Operations /buildworker/worker/package_linux64/build/usr/share/julia/stdlib/v1.4/Pkg/src/Operations.jl:1413
    Testing BEAST
Status `/tmp/jl_Ze4PQg/Manifest.toml`
  [621f4979] AbstractFFTs v0.4.1
  [bb4162c7] BEAST v1.1.0
  [b99e7846] BinaryProvider v0.5.8
  [5100927d] ClusterTrees v0.2.0
  [2b5bf9a6] CollisionDetection v0.1.2
  [861a8166] Combinatorics v0.7.0
  [3e66a162] CompScienceMeshes v0.2.5
  [34da2185] Compat v2.2.0
  [e66e0078] CompilerSupportLibraries_jll v0.3.1+0
  [8f4d0f93] Conda v1.4.1
  [7a1cc6ca] FFTW v0.3.0
  [442a2c76] FastGaussQuadrature v0.4.2
  [42fd0dbc] IterativeSolvers v0.8.3
  [682c06a0] JSON v0.21.0
  [efe28fd5] OpenSpecFun_jll v0.5.3+3
  [69de0a69] Parsers v0.3.12
  [f27b6e38] Polynomials v0.6.1
  [3cdcf5f2] RecipesBase v0.8.0
  [189a3867] Reexport v0.2.0
  [ae029012] Requires v0.5.2
  [535c7bfe] SauterSchwabQuadrature v2.1.0
  [276daf66] SpecialFunctions v0.10.0
  [90137ffa] StaticArrays v0.12.1
  [81def892] VersionParsing v1.2.0
  [a3e2863e] WiltonInts84 v0.2.1
  [2a0f44e3] Base64 
  [ade2ca70] Dates 
  [8bb1440f] DelimitedFiles 
  [8ba89e20] Distributed 
  [b77e0a4c] InteractiveUtils 
  [76f85450] LibGit2 
  [8f399da3] Libdl 
  [37e2e46d] LinearAlgebra 
  [56ddb016] Logging 
  [d6f4376e] Markdown 
  [a63ad114] Mmap 
  [44cfe95a] Pkg 
  [de0858da] Printf 
  [3fa0cd96] REPL 
  [9a3f8284] Random 
  [ea8e919c] SHA 
  [9e88b42a] Serialization 
  [1a1011a3] SharedArrays 
  [6462fe0b] Sockets 
  [2f01184e] SparseArrays 
  [10745b16] Statistics 
  [8dfed614] Test 
  [cf7118a7] UUIDs 
  [4ec0a83e] Unicode 
dots out of 10: ..
 10.135445 seconds (11.09 M allocations: 550.184 MiB, 5.58% gc time)
  8.040576 seconds (8.28 M allocations: 401.912 MiB, 5.06% gc time)
  0.520947 seconds (319.47 k allocations: 16.873 MiB, 5.06% gc time)
length(fcs) = 48
length(sorted_fcs) = 48
ERROR: LoadError: LoadError: type BarycentricRefinement has no field faces
Stacktrace:
 [1] getproperty(::CompScienceMeshes.BarycentricRefinement{3,3,Float64,CompScienceMeshes.Mesh{3,3,Float64}}, ::Symbol) at ./Base.jl:33
 [2] singleduallagd0 at /home/pkgeval/.julia/packages/BEAST/8Yit6/src/bases/lagrange.jl:149 [inlined]
 [3] duallagrangecxd0(::CompScienceMeshes.Mesh{3,3,Float64}, ::Array{Int64,1}) at /home/pkgeval/.julia/packages/BEAST/8Yit6/src/bases/lagrange.jl:130
 [4] duallagrangecxd0(::CompScienceMeshes.Mesh{3,3,Float64}, ::CompScienceMeshes.Mesh{3,2,Float64}) at /home/pkgeval/.julia/packages/BEAST/8Yit6/src/bases/lagrange.jl:114
 [5] top-level scope at /home/pkgeval/.julia/packages/BEAST/8Yit6/test/test_basis.jl:146
 [6] include(::Module, ::String) at ./Base.jl:377
 [7] include(::String) at /home/pkgeval/.julia/packages/BEAST/8Yit6/test/runtests.jl:5
 [8] top-level scope at /home/pkgeval/.julia/packages/BEAST/8Yit6/test/runtests.jl:17
 [9] include(::String) at ./client.jl:439
 [10] top-level scope at none:6
in expression starting at /home/pkgeval/.julia/packages/BEAST/8Yit6/test/test_basis.jl:146
in expression starting at /home/pkgeval/.julia/packages/BEAST/8Yit6/test/runtests.jl:17
ERROR: Package BEAST errored during testing
Stacktrace:
 [1] pkgerror(::String, ::Vararg{String,N} where N) at /buildworker/worker/package_linux64/build/usr/share/julia/stdlib/v1.4/Pkg/src/Types.jl:53
 [2] test(::Pkg.Types.Context, ::Array{Pkg.Types.PackageSpec,1}; coverage::Bool, julia_args::Cmd, test_args::Cmd, test_fn::Nothing) at /buildworker/worker/package_linux64/build/usr/share/julia/stdlib/v1.4/Pkg/src/Operations.jl:1503
 [3] test(::Pkg.Types.Context, ::Array{Pkg.Types.PackageSpec,1}; coverage::Bool, test_fn::Nothing, julia_args::Cmd, test_args::Cmd, kwargs::Base.Iterators.Pairs{Union{},Union{},Tuple{},NamedTuple{(),Tuple{}}}) at /buildworker/worker/package_linux64/build/usr/share/julia/stdlib/v1.4/Pkg/src/API.jl:316
 [4] test(::Pkg.Types.Context, ::Array{Pkg.Types.PackageSpec,1}) at /buildworker/worker/package_linux64/build/usr/share/julia/stdlib/v1.4/Pkg/src/API.jl:303
 [5] #test#68 at /buildworker/worker/package_linux64/build/usr/share/julia/stdlib/v1.4/Pkg/src/API.jl:297 [inlined]
 [6] test at /buildworker/worker/package_linux64/build/usr/share/julia/stdlib/v1.4/Pkg/src/API.jl:297 [inlined]
 [7] #test#67 at /buildworker/worker/package_linux64/build/usr/share/julia/stdlib/v1.4/Pkg/src/API.jl:296 [inlined]
 [8] test at /buildworker/worker/package_linux64/build/usr/share/julia/stdlib/v1.4/Pkg/src/API.jl:296 [inlined]
 [9] test(::String; kwargs::Base.Iterators.Pairs{Union{},Union{},Tuple{},NamedTuple{(),Tuple{}}}) at /buildworker/worker/package_linux64/build/usr/share/julia/stdlib/v1.4/Pkg/src/API.jl:295
 [10] test(::String) at /buildworker/worker/package_linux64/build/usr/share/julia/stdlib/v1.4/Pkg/src/API.jl:295
 [11] top-level scope at none:16
