Julia Version 1.3.1
Commit 2d5741174c (2019-12-30 21:36 UTC)
Platform Info:
  OS: Linux (x86_64-pc-linux-gnu)
  CPU: AMD Ryzen Threadripper 2990WX 32-Core Processor
  WORD_SIZE: 64
  LIBM: libopenlibm
  LLVM: libLLVM-6.0.1 (ORCJIT, znver1)
Environment:
  JULIA_DEPOT_PATH = ::/usr/local/share/julia
  JULIA_NUM_THREADS = 2

 Resolving package versions...
 Installed Rmath_jll ──────────────────── v0.2.2+0
 Installed OpenBLAS_jll ───────────────── v0.3.7+7
 Installed StatsFuns ──────────────────── v0.9.4
 Installed Roots ──────────────────────── v1.0.0
 Installed QuadGK ─────────────────────── v2.3.1
 Installed Bijectors ──────────────────── v0.6.2
 Installed StatsBase ──────────────────── v0.32.2
 Installed NNlib ──────────────────────── v0.6.6
 Installed Requires ───────────────────── v1.0.1
 Installed DataAPI ────────────────────── v1.1.0
 Installed FillArrays ─────────────────── v0.8.5
 Installed Arpack ─────────────────────── v0.4.0
 Installed Arpack_jll ─────────────────── v3.5.0+2
 Installed ArgCheck ───────────────────── v2.0.0
 Installed DataStructures ─────────────── v0.17.10
 Installed Compat ─────────────────────── v3.8.0
 Installed SpecialFunctions ───────────── v0.10.0
 Installed SortingAlgorithms ──────────── v0.3.1
 Installed Distributions ──────────────── v0.22.5
 Installed OrderedCollections ─────────── v1.1.0
 Installed Reexport ───────────────────── v0.2.0
 Installed Rmath ──────────────────────── v0.6.1
 Installed CompilerSupportLibraries_jll ─ v0.2.0+1
 Installed OpenSpecFun_jll ────────────── v0.5.3+3
 Installed PDMats ─────────────────────── v0.9.12
 Installed BinaryProvider ─────────────── v0.5.8
 Installed MappedArrays ───────────────── v0.2.2
 Installed Missings ───────────────────── v0.4.3
  Updating `~/.julia/environments/v1.3/Project.toml`
  [76274a88] + Bijectors v0.6.2
  Updating `~/.julia/environments/v1.3/Manifest.toml`
  [dce04be8] + ArgCheck v2.0.0
  [7d9fca2a] + Arpack v0.4.0
  [68821587] + Arpack_jll v3.5.0+2
  [76274a88] + Bijectors v0.6.2
  [b99e7846] + BinaryProvider v0.5.8
  [34da2185] + Compat v3.8.0
  [e66e0078] + CompilerSupportLibraries_jll v0.2.0+1
  [9a962f9c] + DataAPI v1.1.0
  [864edb3b] + DataStructures v0.17.10
  [31c24e10] + Distributions v0.22.5
  [1a297f60] + FillArrays v0.8.5
  [dbb5928d] + MappedArrays v0.2.2
  [e1d29d7a] + Missings v0.4.3
  [872c559c] + NNlib v0.6.6
  [4536629a] + OpenBLAS_jll v0.3.7+7
  [efe28fd5] + OpenSpecFun_jll v0.5.3+3
  [bac558e1] + OrderedCollections v1.1.0
  [90014a1f] + PDMats v0.9.12
  [1fd47b50] + QuadGK v2.3.1
  [189a3867] + Reexport v0.2.0
  [ae029012] + Requires v1.0.1
  [79098fc4] + Rmath v0.6.1
  [f50d1b31] + Rmath_jll v0.2.2+0
  [f2b01f46] + Roots v1.0.0
  [a2af1166] + SortingAlgorithms v0.3.1
  [276daf66] + SpecialFunctions v0.10.0
  [2913bbd2] + StatsBase v0.32.2
  [4c63d2b9] + StatsFuns v0.9.4
  [2a0f44e3] + Base64 
  [ade2ca70] + Dates 
  [8bb1440f] + DelimitedFiles 
  [8ba89e20] + Distributed 
  [b77e0a4c] + InteractiveUtils 
  [76f85450] + LibGit2 
  [8f399da3] + Libdl 
  [37e2e46d] + LinearAlgebra 
  [56ddb016] + Logging 
  [d6f4376e] + Markdown 
  [a63ad114] + Mmap 
  [44cfe95a] + Pkg 
  [de0858da] + Printf 
  [3fa0cd96] + REPL 
  [9a3f8284] + Random 
  [ea8e919c] + SHA 
  [9e88b42a] + Serialization 
  [1a1011a3] + SharedArrays 
  [6462fe0b] + Sockets 
  [2f01184e] + SparseArrays 
  [10745b16] + Statistics 
  [4607b0f0] + SuiteSparse 
  [8dfed614] + Test 
  [cf7118a7] + UUIDs 
  [4ec0a83e] + Unicode 
  Building NNlib → `~/.julia/packages/NNlib/FAI3o/deps/build.log`
   Testing Bijectors
 Resolving package versions...
 Installed DiffResults ────────── v1.0.2
 Installed NaNMath ────────────── v0.3.3
 Installed Combinatorics ──────── v1.0.0
 Installed Tracker ────────────── v0.2.6
 Installed ForwardDiff ────────── v0.10.9
 Installed DistributionsAD ────── v0.1.1
 Installed Zygote ─────────────── v0.4.10
 Installed DiffRules ──────────── v1.0.1
 Installed IntelOpenMP_jll ────── v2018.0.3+0
 Installed RecipesBase ────────── v0.8.0
 Installed MacroTools ─────────── v0.5.4
 Installed ZygoteRules ────────── v0.2.0
 Installed FFTW ───────────────── v1.2.0
 Installed ArrayLayouts ───────── v0.1.5
 Installed IRTools ────────────── v0.3.1
 Installed AbstractFFTs ───────── v0.5.0
 Installed Adapt ──────────────── v1.0.1
 Installed StaticArrays ───────── v0.12.1
 Installed FiniteDifferences ──── v0.9.2
 Installed MKL_jll ────────────── v2019.0.117+2
 Installed CommonSubexpressions ─ v0.2.0
 Installed FFTW_jll ───────────── v3.3.9+4
 Installed Polynomials ────────── v0.6.1
  Building FFTW → `~/.julia/packages/FFTW/qqcBj/deps/build.log`
    Status `/tmp/jl_ha45ei/Manifest.toml`
  [621f4979] AbstractFFTs v0.5.0
  [79e6a3ab] Adapt v1.0.1
  [dce04be8] ArgCheck v2.0.0
  [7d9fca2a] Arpack v0.4.0
  [68821587] Arpack_jll v3.5.0+2
  [4c555306] ArrayLayouts v0.1.5
  [76274a88] Bijectors v0.6.2
  [b99e7846] BinaryProvider v0.5.8
  [861a8166] Combinatorics v1.0.0
  [bbf7d656] CommonSubexpressions v0.2.0
  [34da2185] Compat v3.8.0
  [e66e0078] CompilerSupportLibraries_jll v0.2.0+1
  [9a962f9c] DataAPI v1.1.0
  [864edb3b] DataStructures v0.17.10
  [163ba53b] DiffResults v1.0.2
  [b552c78f] DiffRules v1.0.1
  [31c24e10] Distributions v0.22.5
  [ced4e74d] DistributionsAD v0.1.1
  [7a1cc6ca] FFTW v1.2.0
  [f5851436] FFTW_jll v3.3.9+4
  [1a297f60] FillArrays v0.8.5
  [26cc04aa] FiniteDifferences v0.9.2
  [f6369f11] ForwardDiff v0.10.9
  [7869d1d1] IRTools v0.3.1
  [1d5cc7b8] IntelOpenMP_jll v2018.0.3+0
  [856f044c] MKL_jll v2019.0.117+2
  [1914dd2f] MacroTools v0.5.4
  [dbb5928d] MappedArrays v0.2.2
  [e1d29d7a] Missings v0.4.3
  [872c559c] NNlib v0.6.6
  [77ba4419] NaNMath v0.3.3
  [4536629a] OpenBLAS_jll v0.3.7+7
  [efe28fd5] OpenSpecFun_jll v0.5.3+3
  [bac558e1] OrderedCollections v1.1.0
  [90014a1f] PDMats v0.9.12
  [f27b6e38] Polynomials v0.6.1
  [1fd47b50] QuadGK v2.3.1
  [3cdcf5f2] RecipesBase v0.8.0
  [189a3867] Reexport v0.2.0
  [ae029012] Requires v1.0.1
  [79098fc4] Rmath v0.6.1
  [f50d1b31] Rmath_jll v0.2.2+0
  [f2b01f46] Roots v1.0.0
  [a2af1166] SortingAlgorithms v0.3.1
  [276daf66] SpecialFunctions v0.10.0
  [90137ffa] StaticArrays v0.12.1
  [2913bbd2] StatsBase v0.32.2
  [4c63d2b9] StatsFuns v0.9.4
  [9f7883ad] Tracker v0.2.6
  [e88e6eb3] Zygote v0.4.10
  [700de1a5] ZygoteRules v0.2.0
  [2a0f44e3] Base64  [`@stdlib/Base64`]
  [ade2ca70] Dates  [`@stdlib/Dates`]
  [8bb1440f] DelimitedFiles  [`@stdlib/DelimitedFiles`]
  [8ba89e20] Distributed  [`@stdlib/Distributed`]
  [b77e0a4c] InteractiveUtils  [`@stdlib/InteractiveUtils`]
  [76f85450] LibGit2  [`@stdlib/LibGit2`]
  [8f399da3] Libdl  [`@stdlib/Libdl`]
  [37e2e46d] LinearAlgebra  [`@stdlib/LinearAlgebra`]
  [56ddb016] Logging  [`@stdlib/Logging`]
  [d6f4376e] Markdown  [`@stdlib/Markdown`]
  [a63ad114] Mmap  [`@stdlib/Mmap`]
  [44cfe95a] Pkg  [`@stdlib/Pkg`]
  [de0858da] Printf  [`@stdlib/Printf`]
  [3fa0cd96] REPL  [`@stdlib/REPL`]
  [9a3f8284] Random  [`@stdlib/Random`]
  [ea8e919c] SHA  [`@stdlib/SHA`]
  [9e88b42a] Serialization  [`@stdlib/Serialization`]
  [1a1011a3] SharedArrays  [`@stdlib/SharedArrays`]
  [6462fe0b] Sockets  [`@stdlib/Sockets`]
  [2f01184e] SparseArrays  [`@stdlib/SparseArrays`]
  [10745b16] Statistics  [`@stdlib/Statistics`]
  [4607b0f0] SuiteSparse  [`@stdlib/SuiteSparse`]
  [8dfed614] Test  [`@stdlib/Test`]
  [cf7118a7] UUIDs  [`@stdlib/UUIDs`]
  [4ec0a83e] Unicode  [`@stdlib/Unicode`]
┌ Warning: Error requiring DistributionsAD from Bijectors:
│ LoadError: UndefVarError: TuringDirichlet not defined
│ Stacktrace:
│  [1] include at ./boot.jl:328 [inlined]
│  [2] include_relative(::Module, ::String) at ./loading.jl:1105
│  [3] include at ./Base.jl:31 [inlined]
│  [4] include(::String) at /home/pkgeval/.julia/packages/Bijectors/8wEIv/src/Bijectors.jl:1
│  [5] top-level scope at /home/pkgeval/.julia/packages/Bijectors/8wEIv/test/runtests.jl:1
│  [6] eval at ./boot.jl:330 [inlined]
│  [7] eval at /home/pkgeval/.julia/packages/Bijectors/8wEIv/src/Bijectors.jl:1 [inlined]
│  [8] (::Bijectors.var"#94#109")() at /home/pkgeval/.julia/packages/Requires/qy6zC/src/require.jl:85
│  [9] err(::Any, ::Module, ::String) at /home/pkgeval/.julia/packages/Requires/qy6zC/src/require.jl:42
│  [10] (::Bijectors.var"#93#108")() at /home/pkgeval/.julia/packages/Requires/qy6zC/src/require.jl:84
│  [11] withpath(::Any, ::String) at /home/pkgeval/.julia/packages/Requires/qy6zC/src/require.jl:32
│  [12] (::Bijectors.var"#92#107")() at /home/pkgeval/.julia/packages/Requires/qy6zC/src/require.jl:83
│  [13] listenpkg(::Any, ::Base.PkgId) at /home/pkgeval/.julia/packages/Requires/qy6zC/src/require.jl:15
│  [14] __init__() at /home/pkgeval/.julia/packages/Requires/qy6zC/src/require.jl:81
│  [15] _include_from_serialized(::String, ::Array{Any,1}) at ./loading.jl:692
│  [16] _require_from_serialized(::String) at ./loading.jl:743
│  [17] _require(::Base.PkgId) at ./loading.jl:1034
│  [18] require(::Base.PkgId) at ./loading.jl:922
│  [19] require(::Module, ::Symbol) at ./loading.jl:917
│  [20] include at ./boot.jl:328 [inlined]
│  [21] include_relative(::Module, ::String) at ./loading.jl:1105
│  [22] include(::Module, ::String) at ./Base.jl:31
│  [23] include(::String) at ./client.jl:424
│  [24] top-level scope at none:6
│  [25] eval(::Module, ::Any) at ./boot.jl:330
│  [26] exec_options(::Base.JLOptions) at ./client.jl:263
│  [27] _start() at ./client.jl:460
│ in expression starting at /home/pkgeval/.julia/packages/Bijectors/8wEIv/src/compat/distributionsad.jl:1
└ @ Requires ~/.julia/packages/Requires/qy6zC/src/require.jl:44
ERROR: LoadError: UndefVarError: TuringUniform not defined
Stacktrace:
 [1] include at ./boot.jl:328 [inlined]
 [2] include_relative(::Module, ::String) at ./loading.jl:1105
 [3] include(::Module, ::String) at ./Base.jl:31
 [4] include(::String) at ./client.jl:424
 [5] top-level scope at none:6
in expression starting at /home/pkgeval/.julia/packages/Bijectors/8wEIv/test/runtests.jl:3
ERROR: Package Bijectors errored during testing
Stacktrace:
 [1] pkgerror(::String, ::Vararg{String,N} where N) at /buildworker/worker/package_linux64/build/usr/share/julia/stdlib/v1.3/Pkg/src/Types.jl:113
 [2] #test#131(::Bool, ::Nothing, ::Cmd, ::Cmd, ::typeof(Pkg.Operations.test), ::Pkg.Types.Context, ::Array{Pkg.Types.PackageSpec,1}) at /buildworker/worker/package_linux64/build/usr/share/julia/stdlib/v1.3/Pkg/src/Operations.jl:1372
 [3] #test at ./none:0 [inlined]
 [4] #test#62(::Bool, ::Nothing, ::Cmd, ::Cmd, ::Base.Iterators.Pairs{Union{},Union{},Tuple{},NamedTuple{(),Tuple{}}}, ::typeof(Pkg.API.test), ::Pkg.Types.Context, ::Array{Pkg.Types.PackageSpec,1}) at /buildworker/worker/package_linux64/build/usr/share/julia/stdlib/v1.3/Pkg/src/API.jl:253
 [5] test(::Pkg.Types.Context, ::Array{Pkg.Types.PackageSpec,1}) at /buildworker/worker/package_linux64/build/usr/share/julia/stdlib/v1.3/Pkg/src/API.jl:239
 [6] #test#61 at /buildworker/worker/package_linux64/build/usr/share/julia/stdlib/v1.3/Pkg/src/API.jl:233 [inlined]
 [7] test at /buildworker/worker/package_linux64/build/usr/share/julia/stdlib/v1.3/Pkg/src/API.jl:233 [inlined]
 [8] #test#60 at /buildworker/worker/package_linux64/build/usr/share/julia/stdlib/v1.3/Pkg/src/API.jl:232 [inlined]
 [9] test at /buildworker/worker/package_linux64/build/usr/share/julia/stdlib/v1.3/Pkg/src/API.jl:232 [inlined]
 [10] #test#59(::Base.Iterators.Pairs{Union{},Union{},Tuple{},NamedTuple{(),Tuple{}}}, ::typeof(Pkg.API.test), ::String) at /buildworker/worker/package_linux64/build/usr/share/julia/stdlib/v1.3/Pkg/src/API.jl:231
 [11] test(::String) at /buildworker/worker/package_linux64/build/usr/share/julia/stdlib/v1.3/Pkg/src/API.jl:231
 [12] top-level scope at none:13
