Julia Version 1.4.0
Commit b8e9a9ecc6 (2020-03-21 16:36 UTC)
Platform Info:
  OS: Linux (x86_64-pc-linux-gnu)
  CPU: AMD Ryzen Threadripper 2990WX 32-Core Processor
  WORD_SIZE: 64
  LIBM: libopenlibm
  LLVM: libLLVM-8.0.1 (ORCJIT, znver1)
Environment:
  JULIA_DEPOT_PATH = ::/usr/local/share/julia
  JULIA_NUM_THREADS = 2

  Resolving package versions...
  Installed Requires ── v0.5.2
  Installed Bio3DView ─ v0.1.0
   Updating `~/.julia/environments/v1.4/Project.toml`
  [99c8bb3a] + Bio3DView v0.1.0
   Updating `~/.julia/environments/v1.4/Manifest.toml`
  [99c8bb3a] + Bio3DView v0.1.0
  [ae029012] + Requires v0.5.2
  [2a0f44e3] + Base64 
  [8ba89e20] + Distributed 
  [b77e0a4c] + InteractiveUtils 
  [56ddb016] + Logging 
  [d6f4376e] + Markdown 
  [9a3f8284] + Random 
  [9e88b42a] + Serialization 
  [6462fe0b] + Sockets 
  [8dfed614] + Test 
    Testing Bio3DView
[?25l    Fetching: [>                                        ]  0.0 %[2K[?25h┌ Error: Error building `CodecZlib`: 
│ [ Info: Downloading https://github.com/bicycle1885/ZlibBuilder/releases/download/v1.0.4/Zlib.v1.2.11.x86_64-linux-gnu.tar.gz to /home/pkgeval/.julia/packages/CodecZlib/5t9zO/deps/usr/downloads/Zlib.v1.2.11.x86_64-linux-gnu.tar.gz...
│ ERROR: LoadError: Could not download https://github.com/bicycle1885/ZlibBuilder/releases/download/v1.0.4/Zlib.v1.2.11.x86_64-linux-gnu.tar.gz to /home/pkgeval/.julia/packages/CodecZlib/5t9zO/deps/usr/downloads/Zlib.v1.2.11.x86_64-linux-gnu.tar.gz:
│ ErrorException("")
│ Stacktrace:
│  [1] error(::String) at ./error.jl:33
│  [2] download(::String, ::String; verbose::Bool) at /home/pkgeval/.julia/packages/BinaryProvider/kcGxO/src/PlatformEngines.jl:502
│  [3] download_verify(::String, ::String, ::String; verbose::Bool, force::Bool, quiet_download::Bool) at /home/pkgeval/.julia/packages/BinaryProvider/kcGxO/src/PlatformEngines.jl:571
│  [4] install(::String, ::String; prefix::Prefix, tarball_path::String, force::Bool, ignore_platform::Bool, verbose::Bool) at /home/pkgeval/.julia/packages/BinaryProvider/kcGxO/src/Prefix.jl:314
│  [5] top-level scope at /home/pkgeval/.julia/packages/CodecZlib/5t9zO/deps/build.jl:89
│  [6] include(::String) at ./client.jl:439
│  [7] top-level scope at none:5
│ in expression starting at /home/pkgeval/.julia/packages/CodecZlib/5t9zO/deps/build.jl:78
│ caused by [exception 1]
│ 
│ Stacktrace:
│  [1] error() at ./error.jl:42
│  [2] download(::String, ::String; verbose::Bool) at /home/pkgeval/.julia/packages/BinaryProvider/kcGxO/src/PlatformEngines.jl:496
│  [3] download_verify(::String, ::String, ::String; verbose::Bool, force::Bool, quiet_download::Bool) at /home/pkgeval/.julia/packages/BinaryProvider/kcGxO/src/PlatformEngines.jl:571
│  [4] install(::String, ::String; prefix::Prefix, tarball_path::String, force::Bool, ignore_platform::Bool, verbose::Bool) at /home/pkgeval/.julia/packages/BinaryProvider/kcGxO/src/Prefix.jl:314
│  [5] top-level scope at /home/pkgeval/.julia/packages/CodecZlib/5t9zO/deps/build.jl:89
│  [6] include(::String) at ./client.jl:439
│  [7] top-level scope at none:5
│ [17:12:53] #=#=#                                                                         [17:12:54] ##O#- #                                                                       [17:12:55] ##O=#  #                                                                      [17:12:56] #=#=-#  #                                                                     [17:12:57] -#O#- #   #                                                                   [17:12:58] -=#=#   #   #                                                                 [17:12:59] -=O#- #  #    #                                                               [17:13:00] -=O=#  #   #   #                                                              [17:13:01] -=O=-#  #    #   #                                                            [17:13:02] -=O=- #   #   #     #                                                         [17:13:03] -=O=-   #   #   #     #                                                       [17:13:04] -=O=-    #    #    #    #                                                     [17:13:05] -=O=-      #   #     #    #                                                   [17:13:06] -=O=-        #   #     #     #                                                [17:13:07] -=O=-         #     #    #     #                                              [17:13:08] -=O=-           #     #    #     #                                            [17:13:08] 
│ [17:13:08] curl: (22) The requested URL returned error: 500 internal server error
└ @ Pkg.Operations /buildworker/worker/package_linux64/build/usr/share/julia/stdlib/v1.4/Pkg/src/Operations.jl:892
Status `/tmp/jl_qiqBIX/Manifest.toml`
  [ec485272] ArnoldiMethod v0.0.4
  [67c07d97] Automa v0.8.0
  [28d598bf] BGZFStreams v0.3.0
  [b99e7846] BinaryProvider v0.5.8
  [99c8bb3a] Bio3DView v0.1.0
  [00701ae9] BioAlignments v1.0.1
  [37cfa864] BioCore v2.0.5
  [7e6ae17a] BioSequences v1.1.0
  [de9282ab] BioStructures v0.9.3
  [3c28c6f8] BioSymbols v3.1.0
  [e1450e63] BufferedStreams v1.0.0
  [324d7699] CategoricalArrays v0.7.7
  [944b1d66] CodecZlib v0.6.0
  [3da002f7] ColorTypes v0.9.1
  [861a8166] Combinatorics v0.7.0
  [34da2185] Compat v2.2.0
  [9a962f9c] DataAPI v1.1.0
  [a93c6f00] DataFrames v0.20.2
  [864edb3b] DataStructures v0.17.11
  [e2d170a0] DataValueInterfaces v1.0.0
  [5789e2e9] FileIO v1.2.4
  [53c48c17] FixedPointNumbers v0.7.1
  [1fa38f19] Format v1.1.0
  [899a7d2d] GenomicFeatures v1.0.4
  [1cb3b9ac] IndexableBitVectors v1.0.0
  [d25df0c9] Inflate v0.1.2
  [524e6230] IntervalTrees v1.0.0
  [41ab1584] InvertedIndices v1.0.0
  [82899510] IteratorInterfaceExtensions v1.0.0
  [033835bb] JLD2 v0.1.12
  [682c06a0] JSON v0.21.0
  [2ec943e9] Libz v1.0.1
  [093fc24a] LightGraphs v1.3.1
  [259c3a9c] MMTF v0.1.0
  [1914dd2f] MacroTools v0.5.5
  [626554b9] MetaGraphs v0.6.5
  [e1d29d7a] Missings v0.4.3
  [99f44e22] MsgPack v0.2.0
  [bac558e1] OrderedCollections v1.1.0
  [69de0a69] Parsers v1.0.1
  [f27b6e38] Polynomials v0.6.1
  [2dfb63ee] PooledArrays v0.5.3
  [3cdcf5f2] RecipesBase v0.8.0
  [189a3867] Reexport v0.2.0
  [ae029012] Requires v0.5.2
  [699a6c99] SimpleTraits v0.9.1
  [a2af1166] SortingAlgorithms v0.3.1
  [90137ffa] StaticArrays v0.12.1
  [3783bdb8] TableTraits v1.0.0
  [bd369af6] Tables v1.0.3
  [3bb67fe8] TranscodingStreams v0.9.5
  [7200193e] Twiddle v1.1.1
  [30578b45] URIParser v0.4.0
  [ddb6d928] YAML v0.4.0
  [2a0f44e3] Base64 
  [ade2ca70] Dates 
  [8bb1440f] DelimitedFiles 
  [8ba89e20] Distributed 
  [9fa8497b] Future 
  [b77e0a4c] InteractiveUtils 
  [76f85450] LibGit2 
  [8f399da3] Libdl 
  [37e2e46d] LinearAlgebra 
  [56ddb016] Logging 
  [d6f4376e] Markdown 
  [a63ad114] Mmap 
  [44cfe95a] Pkg 
  [de0858da] Printf 
  [9abbd945] Profile 
  [3fa0cd96] REPL 
  [9a3f8284] Random 
  [ea8e919c] SHA 
  [9e88b42a] Serialization 
  [1a1011a3] SharedArrays 
  [6462fe0b] Sockets 
  [2f01184e] SparseArrays 
  [10745b16] Statistics 
  [8dfed614] Test 
  [cf7118a7] UUIDs 
  [4ec0a83e] Unicode 
ERROR: LoadError: CodecZlib.jl is not installed properly, run Pkg.build("CodecZlib") and restart Julia.
Stacktrace:
 [1] error(::String) at ./error.jl:33
 [2] top-level scope at /home/pkgeval/.julia/packages/CodecZlib/5t9zO/src/CodecZlib.jl:34
 [3] include(::Module, ::String) at ./Base.jl:377
 [4] top-level scope at none:2
 [5] eval at ./boot.jl:331 [inlined]
 [6] eval(::Expr) at ./client.jl:449
 [7] top-level scope at ./none:3
in expression starting at /home/pkgeval/.julia/packages/CodecZlib/5t9zO/src/CodecZlib.jl:33
ERROR: LoadError: Failed to precompile CodecZlib [944b1d66-785c-5afd-91f1-9de20f533193] to /home/pkgeval/.julia/compiled/v1.4/CodecZlib/1TI30_IJoen.ji.
Stacktrace:
 [1] error(::String) at ./error.jl:33
 [2] compilecache(::Base.PkgId, ::String) at ./loading.jl:1272
 [3] _require(::Base.PkgId) at ./loading.jl:1029
 [4] require(::Base.PkgId) at ./loading.jl:927
 [5] require(::Module, ::Symbol) at ./loading.jl:922
 [6] include(::Module, ::String) at ./Base.jl:377
 [7] top-level scope at none:2
 [8] eval at ./boot.jl:331 [inlined]
 [9] eval(::Expr) at ./client.jl:449
 [10] top-level scope at ./none:3
in expression starting at /home/pkgeval/.julia/packages/BioStructures/8kQ3w/src/BioStructures.jl:14
ERROR: LoadError: Failed to precompile BioStructures [de9282ab-8554-53be-b2d6-f6c222edabfc] to /home/pkgeval/.julia/compiled/v1.4/BioStructures/l62VN_IJoen.ji.
Stacktrace:
 [1] error(::String) at ./error.jl:33
 [2] compilecache(::Base.PkgId, ::String) at ./loading.jl:1272
 [3] _require(::Base.PkgId) at ./loading.jl:1029
 [4] require(::Base.PkgId) at ./loading.jl:927
 [5] require(::Module, ::Symbol) at ./loading.jl:922
 [6] include(::String) at ./client.jl:439
 [7] top-level scope at none:6
in expression starting at /home/pkgeval/.julia/packages/Bio3DView/ATXlY/test/runtests.jl:3
ERROR: Package Bio3DView errored during testing
Stacktrace:
 [1] pkgerror(::String, ::Vararg{String,N} where N) at /buildworker/worker/package_linux64/build/usr/share/julia/stdlib/v1.4/Pkg/src/Types.jl:53
 [2] test(::Pkg.Types.Context, ::Array{Pkg.Types.PackageSpec,1}; coverage::Bool, julia_args::Cmd, test_args::Cmd, test_fn::Nothing) at /buildworker/worker/package_linux64/build/usr/share/julia/stdlib/v1.4/Pkg/src/Operations.jl:1503
 [3] test(::Pkg.Types.Context, ::Array{Pkg.Types.PackageSpec,1}; coverage::Bool, test_fn::Nothing, julia_args::Cmd, test_args::Cmd, kwargs::Base.Iterators.Pairs{Union{},Union{},Tuple{},NamedTuple{(),Tuple{}}}) at /buildworker/worker/package_linux64/build/usr/share/julia/stdlib/v1.4/Pkg/src/API.jl:316
 [4] test(::Pkg.Types.Context, ::Array{Pkg.Types.PackageSpec,1}) at /buildworker/worker/package_linux64/build/usr/share/julia/stdlib/v1.4/Pkg/src/API.jl:303
 [5] #test#68 at /buildworker/worker/package_linux64/build/usr/share/julia/stdlib/v1.4/Pkg/src/API.jl:297 [inlined]
 [6] test at /buildworker/worker/package_linux64/build/usr/share/julia/stdlib/v1.4/Pkg/src/API.jl:297 [inlined]
 [7] #test#67 at /buildworker/worker/package_linux64/build/usr/share/julia/stdlib/v1.4/Pkg/src/API.jl:296 [inlined]
 [8] test at /buildworker/worker/package_linux64/build/usr/share/julia/stdlib/v1.4/Pkg/src/API.jl:296 [inlined]
 [9] test(::String; kwargs::Base.Iterators.Pairs{Union{},Union{},Tuple{},NamedTuple{(),Tuple{}}}) at /buildworker/worker/package_linux64/build/usr/share/julia/stdlib/v1.4/Pkg/src/API.jl:295
 [10] test(::String) at /buildworker/worker/package_linux64/build/usr/share/julia/stdlib/v1.4/Pkg/src/API.jl:295
 [11] top-level scope at none:16
