Julia Version 1.5.1
Commit 697e782ab8 (2020-08-25 20:08 UTC)
Platform Info:
  OS: Linux (x86_64-pc-linux-gnu)
  CPU: Intel(R) Xeon(R) Silver 4114 CPU @ 2.20GHz
  WORD_SIZE: 64
  LIBM: libopenlibm
  LLVM: libLLVM-9.0.1 (ORCJIT, skylake-avx512)
Environment:
  JULIA_DEPOT_PATH = ::/usr/local/share/julia
  JULIA_NUM_THREADS = 2

  Resolving package versions...
ERROR: Unsatisfiable requirements detected for package Loess [4345ca2d]:
 Loess [4345ca2d] log:
 ├─possible versions are: [0.4.0, 0.5.0-0.5.1] or uninstalled
 ├─restricted by compatibility requirements with Distances [b4f34e82] to versions: uninstalled
 │ └─Distances [b4f34e82] log:
 │   ├─possible versions are: [0.7.0-0.7.4, 0.8.0-0.8.2, 0.9.0] or uninstalled
 │   └─restricted by compatibility requirements with BioMakie [7de43156] to versions: 0.9.0
 │     └─BioMakie [7de43156] log:
 │       ├─possible versions are: 0.1.0 or uninstalled
 │       └─restricted to versions * by an explicit requirement, leaving only versions 0.1.0
 └─restricted by compatibility requirements with StatsMakie [65254759] to versions: 0.5.0-0.5.1 — no versions left
   └─StatsMakie [65254759] log:
     ├─possible versions are: [0.0.1-0.0.7, 0.1.0-0.1.5, 0.2.0-0.2.3] or uninstalled
     ├─restricted by compatibility requirements with AbstractPlotting [537997a7] to versions: 0.2.2-0.2.3 or uninstalled
     │ └─AbstractPlotting [537997a7] log:
     │   ├─possible versions are: [0.9.0-0.9.27, 0.10.0-0.10.11, 0.11.0-0.11.2, 0.12.0-0.12.9] or uninstalled
     │   ├─restricted by compatibility requirements with BioMakie [7de43156] to versions: 0.11.0-0.11.2
     │   │ └─BioMakie [7de43156] log: see above
     │   └─restricted by compatibility requirements with GLMakie [e9467ef8] to versions: [0.10.0-0.10.11, 0.11.1-0.11.2, 0.12.0-0.12.9], leaving only versions: 0.11.1-0.11.2
     │     └─GLMakie [e9467ef8] log:
     │       ├─possible versions are: [0.0.1-0.0.18, 0.1.0-0.1.11] or uninstalled
     │       ├─restricted by compatibility requirements with BioMakie [7de43156] to versions: 0.1.0-0.1.11
     │       │ └─BioMakie [7de43156] log: see above
     │       └─restricted by compatibility requirements with AbstractPlotting [537997a7] to versions: 0.1.5 or uninstalled, leaving only versions: 0.1.5
     │         └─AbstractPlotting [537997a7] log: see above
     └─restricted by compatibility requirements with Makie [ee78f7c6] to versions: 0.2.0-0.2.3, leaving only versions: 0.2.2-0.2.3
       └─Makie [ee78f7c6] log:
         ├─possible versions are: [0.9.0-0.9.6, 0.10.0, 0.11.0-0.11.1] or uninstalled
         ├─restricted by compatibility requirements with BioMakie [7de43156] to versions: 0.11.0-0.11.1
         │ └─BioMakie [7de43156] log: see above
         └─restricted by compatibility requirements with AbstractPlotting [537997a7] to versions: 0.11.0 or uninstalled, leaving only versions: 0.11.0
           └─AbstractPlotting [537997a7] log: see above
Stacktrace:
 [1] propagate_constraints!(::Pkg.Resolve.Graph, ::Set{Int64}; log_events::Bool) at /buildworker/worker/package_linux64/build/usr/share/julia/stdlib/v1.5/Pkg/src/Resolve/graphtype.jl:1005
 [2] propagate_constraints! at /buildworker/worker/package_linux64/build/usr/share/julia/stdlib/v1.5/Pkg/src/Resolve/graphtype.jl:946 [inlined] (repeats 2 times)
 [3] simplify_graph!(::Pkg.Resolve.Graph, ::Set{Int64}; clean_graph::Bool) at /buildworker/worker/package_linux64/build/usr/share/julia/stdlib/v1.5/Pkg/src/Resolve/graphtype.jl:1460
 [4] simplify_graph! at /buildworker/worker/package_linux64/build/usr/share/julia/stdlib/v1.5/Pkg/src/Resolve/graphtype.jl:1460 [inlined] (repeats 2 times)
 [5] resolve_versions!(::Pkg.Types.Context, ::Array{Pkg.Types.PackageSpec,1}) at /buildworker/worker/package_linux64/build/usr/share/julia/stdlib/v1.5/Pkg/src/Operations.jl:375
 [6] targeted_resolve at /buildworker/worker/package_linux64/build/usr/share/julia/stdlib/v1.5/Pkg/src/Operations.jl:1114 [inlined]
 [7] tiered_resolve(::Pkg.Types.Context, ::Array{Pkg.Types.PackageSpec,1}) at /buildworker/worker/package_linux64/build/usr/share/julia/stdlib/v1.5/Pkg/src/Operations.jl:1100
 [8] _resolve at /buildworker/worker/package_linux64/build/usr/share/julia/stdlib/v1.5/Pkg/src/Operations.jl:1120 [inlined]
 [9] add(::Pkg.Types.Context, ::Array{Pkg.Types.PackageSpec,1}, ::Array{Base.UUID,1}; preserve::Pkg.Types.PreserveLevel, platform::Pkg.BinaryPlatforms.Linux) at /buildworker/worker/package_linux64/build/usr/share/julia/stdlib/v1.5/Pkg/src/Operations.jl:1135
 [10] add(::Pkg.Types.Context, ::Array{Pkg.Types.PackageSpec,1}; preserve::Pkg.Types.PreserveLevel, platform::Pkg.BinaryPlatforms.Linux, kwargs::Base.Iterators.Pairs{Union{},Union{},Tuple{},NamedTuple{(),Tuple{}}}) at /buildworker/worker/package_linux64/build/usr/share/julia/stdlib/v1.5/Pkg/src/API.jl:189
 [11] add(::Pkg.Types.Context, ::Array{Pkg.Types.PackageSpec,1}) at /buildworker/worker/package_linux64/build/usr/share/julia/stdlib/v1.5/Pkg/src/API.jl:140
 [12] #add#21 at /buildworker/worker/package_linux64/build/usr/share/julia/stdlib/v1.5/Pkg/src/API.jl:67 [inlined]
 [13] add at /buildworker/worker/package_linux64/build/usr/share/julia/stdlib/v1.5/Pkg/src/API.jl:67 [inlined]
 [14] #add#20 at /buildworker/worker/package_linux64/build/usr/share/julia/stdlib/v1.5/Pkg/src/API.jl:66 [inlined]
 [15] add at /buildworker/worker/package_linux64/build/usr/share/julia/stdlib/v1.5/Pkg/src/API.jl:66 [inlined]
 [16] add(::String; kwargs::Base.Iterators.Pairs{Union{},Union{},Tuple{},NamedTuple{(),Tuple{}}}) at /buildworker/worker/package_linux64/build/usr/share/julia/stdlib/v1.5/Pkg/src/API.jl:65
 [17] add(::String) at /buildworker/worker/package_linux64/build/usr/share/julia/stdlib/v1.5/Pkg/src/API.jl:65
 [18] top-level scope at none:18
