Julia Version 1.4.0
Commit b8e9a9ecc6 (2020-03-21 16:36 UTC)
Platform Info:
  OS: Linux (x86_64-pc-linux-gnu)
  CPU: AMD Ryzen Threadripper 2990WX 32-Core Processor
  WORD_SIZE: 64
  LIBM: libopenlibm
  LLVM: libLLVM-8.0.1 (ORCJIT, znver1)
Environment:
  JULIA_DEPOT_PATH = ::/usr/local/share/julia
  JULIA_NUM_THREADS = 2

  Resolving package versions...
  Installed NaNMath ────────────────────── v0.3.3
  Installed JSExpr ─────────────────────── v0.5.2
  Installed SimpleTraits ───────────────── v0.9.1
  Installed SpecialFunctions ───────────── v0.10.0
  Installed IterTools ──────────────────── v1.3.0
  Installed BlobTracking ───────────────── v0.1.1
  Installed NearestNeighbors ───────────── v0.4.4
  Installed SortingAlgorithms ──────────── v0.3.1
  Installed GeometryTypes ──────────────── v0.7.10
  Installed Graphics ───────────────────── v1.0.2
  Installed Plots ──────────────────────── v0.28.4
  Installed FunctionalCollections ──────── v0.5.0
  Installed AxisArrays ─────────────────── v0.4.2
  Installed IdentityRanges ─────────────── v0.3.1
  Installed OffsetArrays ───────────────── v1.0.4
  Installed ImageMetadata ──────────────── v0.9.0
  Installed Distributions ──────────────── v0.22.6
  Installed ColorVectorSpace ───────────── v0.8.4
  Installed BinaryProvider ─────────────── v0.5.8
  Installed MbedTLS ────────────────────── v1.0.1
  Installed StaticArrays ───────────────── v0.12.1
  Installed LowLevelParticleFilters ────── v0.2.3
  Installed AxisAlgorithms ─────────────── v1.0.0
  Installed ImageFiltering ─────────────── v0.6.11
  Installed AbstractFFTs ───────────────── v0.5.0
  Installed AssetRegistry ──────────────── v0.1.0
  Installed IndirectArrays ─────────────── v0.5.1
  Installed OpenSpecFun_jll ────────────── v0.5.3+3
  Installed Parameters ─────────────────── v0.12.0
  Installed URIParser ──────────────────── v0.4.0
  Installed ImageMorphology ────────────── v0.2.5
  Installed IntervalSets ───────────────── v0.4.0
  Installed Requires ───────────────────── v1.0.1
  Installed Measures ───────────────────── v0.3.1
  Installed Parsers ────────────────────── v1.0.1
  Installed CSSUtil ────────────────────── v0.1.0
  Installed OrderedCollections ─────────── v1.1.0
  Installed Arpack_jll ─────────────────── v3.5.0+3
  Installed WoodburyMatrices ───────────── v0.5.2
  Installed BinDeps ────────────────────── v0.8.10
  Installed MacroTools ─────────────────── v0.5.5
  Installed MappedArrays ───────────────── v0.2.2
  Installed Glob ───────────────────────── v1.2.0
  Installed PlotThemes ─────────────────── v1.0.2
  Installed PDMats ─────────────────────── v0.9.12
  Installed JuliennedArrays ────────────── v0.2.2
  Installed Interpolations ─────────────── v0.12.9
  Installed ColorTypes ─────────────────── v0.9.1
  Installed FileIO ─────────────────────── v1.2.4
  Installed Pidfile ────────────────────── v1.1.0
  Installed Widgets ────────────────────── v0.6.2
  Installed OpenBLAS_jll ───────────────── v0.3.9+0
  Installed InteractBase ───────────────── v0.10.3
  Installed GR ─────────────────────────── v0.44.0
  Installed FFTW_jll ───────────────────── v3.3.9+5
  Installed CompilerSupportLibraries_jll ─ v0.3.3+0
  Installed Contour ────────────────────── v0.5.2
  Installed Colors ─────────────────────── v0.11.2
  Installed Lazy ───────────────────────── v0.14.0
  Installed JSON ───────────────────────── v0.21.0
  Installed DataAPI ────────────────────── v1.1.0
  Installed Missings ───────────────────── v0.4.3
  Installed Reexport ───────────────────── v0.2.0
  Installed CoordinateTransformations ──── v0.5.1
  Installed Yeppp ──────────────────────── v0.4.0
  Installed FixedPointNumbers ──────────── v0.6.1
  Installed Distances ──────────────────── v0.8.2
  Installed ImageCore ──────────────────── v0.8.12
  Installed PlotUtils ──────────────────── v0.6.5
  Installed CustomUnitRanges ───────────── v1.0.0
  Installed StatsFuns ──────────────────── v0.9.4
  Installed Showoff ────────────────────── v0.3.1
  Installed IniFile ────────────────────── v0.5.0
  Installed ImageAxes ──────────────────── v0.6.4
  Installed Interact ───────────────────── v0.10.3
  Installed FFMPEG ─────────────────────── v0.2.4
  Installed FFTViews ───────────────────── v0.3.1
  Installed Hungarian ──────────────────── v0.5.0
  Installed ImageDistances ─────────────── v0.2.7
  Installed ComputationalResources ─────── v0.3.2
  Installed ImageDraw ──────────────────── v0.2.2
  Installed EllipsisNotation ───────────── v0.4.0
  Installed Compat ─────────────────────── v2.2.0
  Installed StatsBase ──────────────────── v0.32.2
  Installed Rotations ──────────────────── v0.13.0
  Installed IntelOpenMP_jll ────────────── v2018.0.3+0
  Installed MbedTLS_jll ────────────────── v2.16.0+1
  Installed HTTP ───────────────────────── v0.8.13
  Installed DataStructures ─────────────── v0.17.11
  Installed TiledIteration ─────────────── v0.2.4
  Installed Rmath ──────────────────────── v0.6.1
  Installed ImageShow ──────────────────── v0.2.3
  Installed ProgressMeter ──────────────── v1.2.0
  Installed Knockout ───────────────────── v0.2.4
  Installed MKL_jll ────────────────────── v2019.0.117+2
  Installed CatIndices ─────────────────── v0.2.1
  Installed RecipesBase ────────────────── v0.7.0
  Installed FillArrays ─────────────────── v0.8.6
  Installed Arpack ─────────────────────── v0.4.0
  Installed PaddedViews ────────────────── v0.5.4
  Installed Images ─────────────────────── v0.20.2
  Installed Rmath_jll ──────────────────── v0.2.2+0
  Installed RangeArrays ────────────────── v0.3.2
  Installed Observables ────────────────── v0.2.3
  Installed ImageTransformations ───────── v0.8.4
  Installed Ratios ─────────────────────── v0.4.0
  Installed WebSockets ─────────────────── v1.5.2
  Installed FFTW ───────────────────────── v1.2.0
  Installed WebIO ──────────────────────── v0.8.13
  Installed VideoIO ────────────────────── v0.6.11
    Cloning [1fd47b50-473d-5c70-9696-f719f8f3bcdc] QuadGK from https://github.com/JuliaMath/QuadGK.jl.git
[?25l    Fetching: [>                                        ]  0.0 %[2K[?25h  Installed QuadGK ─────────────────────── v2.3.1
   Updating `~/.julia/environments/v1.4/Project.toml`
  [738e0a8b] + BlobTracking v0.1.1
   Updating `~/.julia/environments/v1.4/Manifest.toml`
  [621f4979] + AbstractFFTs v0.5.0
  [7d9fca2a] + Arpack v0.4.0
  [68821587] + Arpack_jll v3.5.0+3
  [bf4720bc] + AssetRegistry v0.1.0
  [13072b0f] + AxisAlgorithms v1.0.0
  [39de3d68] + AxisArrays v0.4.2
  [9e28174c] + BinDeps v0.8.10
  [b99e7846] + BinaryProvider v0.5.8
  [738e0a8b] + BlobTracking v0.1.1
  [70588ee8] + CSSUtil v0.1.0
  [aafaddc9] + CatIndices v0.2.1
  [3da002f7] + ColorTypes v0.9.1
  [c3611d14] + ColorVectorSpace v0.8.4
  [5ae59095] + Colors v0.11.2
  [34da2185] + Compat v2.2.0
  [e66e0078] + CompilerSupportLibraries_jll v0.3.3+0
  [ed09eef8] + ComputationalResources v0.3.2
  [d38c429a] + Contour v0.5.2
  [150eb455] + CoordinateTransformations v0.5.1
  [dc8bdbbb] + CustomUnitRanges v1.0.0
  [9a962f9c] + DataAPI v1.1.0
  [864edb3b] + DataStructures v0.17.11
  [b4f34e82] + Distances v0.8.2
  [31c24e10] + Distributions v0.22.6
  [da5c29d0] + EllipsisNotation v0.4.0
  [c87230d0] + FFMPEG v0.2.4
  [4f61f5a4] + FFTViews v0.3.1
  [7a1cc6ca] + FFTW v1.2.0
  [f5851436] + FFTW_jll v3.3.9+5
  [5789e2e9] + FileIO v1.2.4
  [1a297f60] + FillArrays v0.8.6
  [53c48c17] + FixedPointNumbers v0.6.1
  [de31a74c] + FunctionalCollections v0.5.0
  [28b8d3ca] + GR v0.44.0
  [4d00f742] + GeometryTypes v0.7.10
  [c27321d9] + Glob v1.2.0
  [a2bd30eb] + Graphics v1.0.2
  [cd3eb016] + HTTP v0.8.13
  [e91730f6] + Hungarian v0.5.0
  [bbac6d45] + IdentityRanges v0.3.1
  [2803e5a7] + ImageAxes v0.6.4
  [a09fc81d] + ImageCore v0.8.12
  [51556ac3] + ImageDistances v0.2.7
  [4381153b] + ImageDraw v0.2.2
  [6a3955dd] + ImageFiltering v0.6.11
  [bc367c6b] + ImageMetadata v0.9.0
  [787d08f9] + ImageMorphology v0.2.5
  [4e3cecfd] + ImageShow v0.2.3
  [02fcd773] + ImageTransformations v0.8.4
  [916415d5] + Images v0.20.2
  [9b13fd28] + IndirectArrays v0.5.1
  [83e8ac13] + IniFile v0.5.0
  [1d5cc7b8] + IntelOpenMP_jll v2018.0.3+0
  [c601a237] + Interact v0.10.3
  [d3863d7c] + InteractBase v0.10.3
  [a98d9a8b] + Interpolations v0.12.9
  [8197267c] + IntervalSets v0.4.0
  [c8e1da08] + IterTools v1.3.0
  [97c1335a] + JSExpr v0.5.2
  [682c06a0] + JSON v0.21.0
  [5cadff95] + JuliennedArrays v0.2.2
  [bcebb21b] + Knockout v0.2.4
  [50d2b5c4] + Lazy v0.14.0
  [d9d29d28] + LowLevelParticleFilters v0.2.3
  [856f044c] + MKL_jll v2019.0.117+2
  [1914dd2f] + MacroTools v0.5.5
  [dbb5928d] + MappedArrays v0.2.2
  [739be429] + MbedTLS v1.0.1
  [c8ffd9c3] + MbedTLS_jll v2.16.0+1
  [442fdcdd] + Measures v0.3.1
  [e1d29d7a] + Missings v0.4.3
  [77ba4419] + NaNMath v0.3.3
  [b8a86587] + NearestNeighbors v0.4.4
  [510215fc] + Observables v0.2.3
  [6fe1bfb0] + OffsetArrays v1.0.4
  [4536629a] + OpenBLAS_jll v0.3.9+0
  [efe28fd5] + OpenSpecFun_jll v0.5.3+3
  [bac558e1] + OrderedCollections v1.1.0
  [90014a1f] + PDMats v0.9.12
  [5432bcbf] + PaddedViews v0.5.4
  [d96e819e] + Parameters v0.12.0
  [69de0a69] + Parsers v1.0.1
  [fa939f87] + Pidfile v1.1.0
  [ccf2f8ad] + PlotThemes v1.0.2
  [995b91a9] + PlotUtils v0.6.5
  [91a5bcdd] + Plots v0.28.4
  [92933f4c] + ProgressMeter v1.2.0
  [1fd47b50] + QuadGK v2.3.1
  [b3c3ace0] + RangeArrays v0.3.2
  [c84ed2f1] + Ratios v0.4.0
  [3cdcf5f2] + RecipesBase v0.7.0
  [189a3867] + Reexport v0.2.0
  [ae029012] + Requires v1.0.1
  [79098fc4] + Rmath v0.6.1
  [f50d1b31] + Rmath_jll v0.2.2+0
  [6038ab10] + Rotations v0.13.0
  [992d4aef] + Showoff v0.3.1
  [699a6c99] + SimpleTraits v0.9.1
  [a2af1166] + SortingAlgorithms v0.3.1
  [276daf66] + SpecialFunctions v0.10.0
  [90137ffa] + StaticArrays v0.12.1
  [2913bbd2] + StatsBase v0.32.2
  [4c63d2b9] + StatsFuns v0.9.4
  [06e1c1a7] + TiledIteration v0.2.4
  [30578b45] + URIParser v0.4.0
  [d6d074c3] + VideoIO v0.6.11
  [0f1e0344] + WebIO v0.8.13
  [104b5d7c] + WebSockets v1.5.2
  [cc8bc4a8] + Widgets v0.6.2
  [efce3f68] + WoodburyMatrices v0.5.2
  [6310b701] + Yeppp v0.4.0
  [2a0f44e3] + Base64 
  [ade2ca70] + Dates 
  [8bb1440f] + DelimitedFiles 
  [8ba89e20] + Distributed 
  [7b1f6079] + FileWatching 
  [b77e0a4c] + InteractiveUtils 
  [76f85450] + LibGit2 
  [8f399da3] + Libdl 
  [37e2e46d] + LinearAlgebra 
  [56ddb016] + Logging 
  [d6f4376e] + Markdown 
  [a63ad114] + Mmap 
  [44cfe95a] + Pkg 
  [de0858da] + Printf 
  [3fa0cd96] + REPL 
  [9a3f8284] + Random 
  [ea8e919c] + SHA 
  [9e88b42a] + Serialization 
  [1a1011a3] + SharedArrays 
  [6462fe0b] + Sockets 
  [2f01184e] + SparseArrays 
  [10745b16] + Statistics 
  [4607b0f0] + SuiteSparse 
  [8dfed614] + Test 
  [cf7118a7] + UUIDs 
  [4ec0a83e] + Unicode 
   Building GR ──────────→ `~/.julia/packages/GR/oiZD3/deps/build.log`
   Building FFMPEG ──────→ `~/.julia/packages/FFMPEG/guN1x/deps/build.log`
   Building Plots ───────→ `~/.julia/packages/Plots/qZHsp/deps/build.log`
   Building WebIO ───────→ `~/.julia/packages/WebIO/2nnB1/deps/build.log`
   Building Knockout ────→ `~/.julia/packages/Knockout/IP1uR/deps/build.log`
   Building InteractBase → `~/.julia/packages/InteractBase/9mFwe/deps/build.log`
   Building Yeppp ───────→ `~/.julia/packages/Yeppp/LvmJH/deps/build.log`
   Building Interact ────→ `~/.julia/packages/Interact/SbgIk/deps/build.log`
   Building FFTW ────────→ `~/.julia/packages/FFTW/qqcBj/deps/build.log`
    Testing BlobTracking
Status `/tmp/jl_kciSpa/Manifest.toml`
  [621f4979] AbstractFFTs v0.5.0
  [7d9fca2a] Arpack v0.4.0
  [68821587] Arpack_jll v3.5.0+3
  [bf4720bc] AssetRegistry v0.1.0
  [13072b0f] AxisAlgorithms v1.0.0
  [39de3d68] AxisArrays v0.4.2
  [9e28174c] BinDeps v0.8.10
  [b99e7846] BinaryProvider v0.5.8
  [738e0a8b] BlobTracking v0.1.1
  [70588ee8] CSSUtil v0.1.0
  [aafaddc9] CatIndices v0.2.1
  [3da002f7] ColorTypes v0.9.1
  [c3611d14] ColorVectorSpace v0.8.4
  [5ae59095] Colors v0.11.2
  [34da2185] Compat v2.2.0
  [e66e0078] CompilerSupportLibraries_jll v0.3.3+0
  [ed09eef8] ComputationalResources v0.3.2
  [d38c429a] Contour v0.5.2
  [150eb455] CoordinateTransformations v0.5.1
  [dc8bdbbb] CustomUnitRanges v1.0.0
  [9a962f9c] DataAPI v1.1.0
  [864edb3b] DataStructures v0.17.11
  [b4f34e82] Distances v0.8.2
  [31c24e10] Distributions v0.22.6
  [da5c29d0] EllipsisNotation v0.4.0
  [c87230d0] FFMPEG v0.2.4
  [4f61f5a4] FFTViews v0.3.1
  [7a1cc6ca] FFTW v1.2.0
  [f5851436] FFTW_jll v3.3.9+5
  [5789e2e9] FileIO v1.2.4
  [1a297f60] FillArrays v0.8.6
  [53c48c17] FixedPointNumbers v0.6.1
  [de31a74c] FunctionalCollections v0.5.0
  [28b8d3ca] GR v0.44.0
  [4d00f742] GeometryTypes v0.7.10
  [c27321d9] Glob v1.2.0
  [a2bd30eb] Graphics v1.0.2
  [cd3eb016] HTTP v0.8.13
  [e91730f6] Hungarian v0.5.0
  [bbac6d45] IdentityRanges v0.3.1
  [2803e5a7] ImageAxes v0.6.4
  [a09fc81d] ImageCore v0.8.12
  [51556ac3] ImageDistances v0.2.7
  [4381153b] ImageDraw v0.2.2
  [6a3955dd] ImageFiltering v0.6.11
  [bc367c6b] ImageMetadata v0.9.0
  [787d08f9] ImageMorphology v0.2.5
  [4e3cecfd] ImageShow v0.2.3
  [02fcd773] ImageTransformations v0.8.4
  [916415d5] Images v0.20.2
  [9b13fd28] IndirectArrays v0.5.1
  [83e8ac13] IniFile v0.5.0
  [1d5cc7b8] IntelOpenMP_jll v2018.0.3+0
  [c601a237] Interact v0.10.3
  [d3863d7c] InteractBase v0.10.3
  [a98d9a8b] Interpolations v0.12.9
  [8197267c] IntervalSets v0.4.0
  [c8e1da08] IterTools v1.3.0
  [97c1335a] JSExpr v0.5.2
  [682c06a0] JSON v0.21.0
  [5cadff95] JuliennedArrays v0.2.2
  [bcebb21b] Knockout v0.2.4
  [50d2b5c4] Lazy v0.14.0
  [d9d29d28] LowLevelParticleFilters v0.2.3
  [856f044c] MKL_jll v2019.0.117+2
  [1914dd2f] MacroTools v0.5.5
  [dbb5928d] MappedArrays v0.2.2
  [739be429] MbedTLS v1.0.1
  [c8ffd9c3] MbedTLS_jll v2.16.0+1
  [442fdcdd] Measures v0.3.1
  [e1d29d7a] Missings v0.4.3
  [77ba4419] NaNMath v0.3.3
  [b8a86587] NearestNeighbors v0.4.4
  [510215fc] Observables v0.2.3
  [6fe1bfb0] OffsetArrays v1.0.4
  [4536629a] OpenBLAS_jll v0.3.9+0
  [efe28fd5] OpenSpecFun_jll v0.5.3+3
  [bac558e1] OrderedCollections v1.1.0
  [90014a1f] PDMats v0.9.12
  [5432bcbf] PaddedViews v0.5.4
  [d96e819e] Parameters v0.12.0
  [69de0a69] Parsers v1.0.1
  [fa939f87] Pidfile v1.1.0
  [ccf2f8ad] PlotThemes v1.0.2
  [995b91a9] PlotUtils v0.6.5
  [91a5bcdd] Plots v0.28.4
  [92933f4c] ProgressMeter v1.2.0
  [1fd47b50] QuadGK v2.3.1
  [b3c3ace0] RangeArrays v0.3.2
  [c84ed2f1] Ratios v0.4.0
  [3cdcf5f2] RecipesBase v0.7.0
  [189a3867] Reexport v0.2.0
  [ae029012] Requires v1.0.1
  [79098fc4] Rmath v0.6.1
  [f50d1b31] Rmath_jll v0.2.2+0
  [6038ab10] Rotations v0.13.0
  [992d4aef] Showoff v0.3.1
  [699a6c99] SimpleTraits v0.9.1
  [a2af1166] SortingAlgorithms v0.3.1
  [276daf66] SpecialFunctions v0.10.0
  [90137ffa] StaticArrays v0.12.1
  [2913bbd2] StatsBase v0.32.2
  [4c63d2b9] StatsFuns v0.9.4
  [06e1c1a7] TiledIteration v0.2.4
  [30578b45] URIParser v0.4.0
  [d6d074c3] VideoIO v0.6.11
  [0f1e0344] WebIO v0.8.13
  [104b5d7c] WebSockets v1.5.2
  [cc8bc4a8] Widgets v0.6.2
  [efce3f68] WoodburyMatrices v0.5.2
  [6310b701] Yeppp v0.4.0
  [2a0f44e3] Base64 
  [ade2ca70] Dates 
  [8bb1440f] DelimitedFiles 
  [8ba89e20] Distributed 
  [7b1f6079] FileWatching 
  [b77e0a4c] InteractiveUtils 
  [76f85450] LibGit2 
  [8f399da3] Libdl 
  [37e2e46d] LinearAlgebra 
  [56ddb016] Logging 
  [d6f4376e] Markdown 
  [a63ad114] Mmap 
  [44cfe95a] Pkg 
  [de0858da] Printf 
  [3fa0cd96] REPL 
  [9a3f8284] Random 
  [ea8e919c] SHA 
  [9e88b42a] Serialization 
  [1a1011a3] SharedArrays 
  [6462fe0b] Sockets 
  [2f01184e] SparseArrays 
  [10745b16] Statistics 
  [4607b0f0] SuiteSparse 
  [8dfed614] Test 
  [cf7118a7] UUIDs 
  [4ec0a83e] Unicode 
WARNING: Method definition (::Type{BlobTracking.Blob})() in module BlobTracking at util.jl:742 overwritten at /home/pkgeval/.julia/packages/BlobTracking/XZDRO/src/blob.jl:22.
  ** incremental compilation may be fatally broken for this module **

[ Info: Testing to_static
[ Info: Testing Blob
[ Info: Testing Correspondence
[ Info: Testing NearestNeighborCorrespondence
[ Info: Testing HungarianCorrespondence
[ Info: Testing MCCorrespondence
[ Info: Testing FrameBuffer
[ Info: Testing Background extraction
[ Info: Testing MedianBackground
[ Info: Testing DiffBackground
[ Info: Testing Tracking
[ Info: Testing Coordinate iterator
[ Info: Testing track_blobs
Frame 1
Frame 1
Frame 1
[ Info: Testing display
displaying image
Frame 1
displaying image
Frame 2
displaying image
Frame 3
displaying image
Frame 4
displaying image
Frame 5
displaying image
Frame 6
displaying image
Frame 7
displaying image
Frame 8
displaying image
Frame 9
displaying image
[ Info: Video file saved: /home/pkgeval/.julia/packages/BlobTracking/XZDRO/test/trackingresult.mp4
[ Info: frame=   10 fps=0.0 q=-1.0 Lsize=       3kB time=00:00:00.23 bitrate= 100.5kbits/s speed=1.53e+03x    
[ Info: video:2kB audio:0kB subtitle:0kB other streams:0kB global headers:0kB muxing overhead: 45.508686%
[ Info: Testing tune_sizes
Test Summary:   | Pass  Total
BlobTracking.jl |   95     95
    Testing BlobTracking tests passed 
