Julia Version 1.3.1
Commit 2d5741174c (2019-12-30 21:36 UTC)
Platform Info:
  OS: Linux (x86_64-pc-linux-gnu)
  CPU: AMD Ryzen Threadripper 2990WX 32-Core Processor
  WORD_SIZE: 64
  LIBM: libopenlibm
  LLVM: libLLVM-6.0.1 (ORCJIT, znver1)
Environment:
  JULIA_DEPOT_PATH = ::/usr/local/share/julia
  JULIA_NUM_THREADS = 2

 Resolving package versions...
 Installed NaNMath ────────────────────── v0.3.3
 Installed BoundaryValueDiffEq ────────── v2.3.0
 Installed CompilerSupportLibraries_jll ─ v0.2.0+1
 Installed DiffResults ────────────────── v1.0.2
 Installed ArrayInterface ─────────────── v2.5.1
 Installed NLSolversBase ──────────────── v7.6.1
 Installed DiffRules ──────────────────── v1.0.1
 Installed Roots ──────────────────────── v0.8.4
 Installed FillArrays ─────────────────── v0.8.5
 Installed FiniteDiff ─────────────────── v2.2.1
 Installed RecipesBase ────────────────── v0.7.0
 Installed Requires ───────────────────── v0.5.2
 Installed Distances ──────────────────── v0.8.2
 Installed ArrayLayouts ───────────────── v0.1.5
 Installed StaticArrays ───────────────── v0.12.1
 Installed DiffEqDiffTools ────────────── v1.7.0
 Installed IteratorInterfaceExtensions ── v1.0.0
 Installed RecursiveArrayTools ────────── v0.18.6
 Installed TableTraits ────────────────── v1.0.0
 Installed SpecialFunctions ───────────── v0.10.0
 Installed Compat ─────────────────────── v2.2.0
 Installed ForwardDiff ────────────────── v0.10.9
 Installed DiffEqBase ─────────────────── v5.6.4
 Installed BandedMatrices ─────────────── v0.14.3
 Installed Reexport ───────────────────── v0.2.0
 Installed LineSearches ───────────────── v7.0.1
 Installed OrderedCollections ─────────── v1.1.0
 Installed NLsolve ────────────────────── v4.3.0
 Installed Parameters ─────────────────── v0.12.0
 Installed DocStringExtensions ────────── v0.8.1
 Installed OpenSpecFun_jll ────────────── v0.5.3+3
 Installed CommonSubexpressions ───────── v0.2.0
 Installed TreeViews ──────────────────── v0.3.0
  Updating `~/.julia/environments/v1.3/Project.toml`
  [764a87c0] + BoundaryValueDiffEq v2.3.0
  Updating `~/.julia/environments/v1.3/Manifest.toml`
  [4fba245c] + ArrayInterface v2.5.1
  [4c555306] + ArrayLayouts v0.1.5
  [aae01518] + BandedMatrices v0.14.3
  [764a87c0] + BoundaryValueDiffEq v2.3.0
  [bbf7d656] + CommonSubexpressions v0.2.0
  [34da2185] + Compat v2.2.0
  [e66e0078] + CompilerSupportLibraries_jll v0.2.0+1
  [2b5f629d] + DiffEqBase v5.6.4
  [01453d9d] + DiffEqDiffTools v1.7.0
  [163ba53b] + DiffResults v1.0.2
  [b552c78f] + DiffRules v1.0.1
  [b4f34e82] + Distances v0.8.2
  [ffbed154] + DocStringExtensions v0.8.1
  [1a297f60] + FillArrays v0.8.5
  [6a86dc24] + FiniteDiff v2.2.1
  [f6369f11] + ForwardDiff v0.10.9
  [82899510] + IteratorInterfaceExtensions v1.0.0
  [d3d80556] + LineSearches v7.0.1
  [d41bc354] + NLSolversBase v7.6.1
  [2774e3e8] + NLsolve v4.3.0
  [77ba4419] + NaNMath v0.3.3
  [efe28fd5] + OpenSpecFun_jll v0.5.3+3
  [bac558e1] + OrderedCollections v1.1.0
  [d96e819e] + Parameters v0.12.0
  [3cdcf5f2] + RecipesBase v0.7.0
  [731186ca] + RecursiveArrayTools v0.18.6
  [189a3867] + Reexport v0.2.0
  [ae029012] + Requires v0.5.2
  [f2b01f46] + Roots v0.8.4
  [276daf66] + SpecialFunctions v0.10.0
  [90137ffa] + StaticArrays v0.12.1
  [3783bdb8] + TableTraits v1.0.0
  [a2a6695c] + TreeViews v0.3.0
  [2a0f44e3] + Base64 
  [ade2ca70] + Dates 
  [8bb1440f] + DelimitedFiles 
  [8ba89e20] + Distributed 
  [b77e0a4c] + InteractiveUtils 
  [76f85450] + LibGit2 
  [8f399da3] + Libdl 
  [37e2e46d] + LinearAlgebra 
  [56ddb016] + Logging 
  [d6f4376e] + Markdown 
  [a63ad114] + Mmap 
  [44cfe95a] + Pkg 
  [de0858da] + Printf 
  [3fa0cd96] + REPL 
  [9a3f8284] + Random 
  [ea8e919c] + SHA 
  [9e88b42a] + Serialization 
  [1a1011a3] + SharedArrays 
  [6462fe0b] + Sockets 
  [2f01184e] + SparseArrays 
  [10745b16] + Statistics 
  [4607b0f0] + SuiteSparse 
  [8dfed614] + Test 
  [cf7118a7] + UUIDs 
  [4ec0a83e] + Unicode 
   Testing BoundaryValueDiffEq
 Resolving package versions...
ERROR: Unsatisfiable requirements detected for package OrdinaryDiffEq [1dea7af3]:
 OrdinaryDiffEq [1dea7af3] log:
 ├─possible versions are: [4.0.0, 4.1.0, 4.2.0, 4.3.0, 4.4.0-4.4.1, 4.5.0, 4.6.0, 4.7.0-4.7.1, 4.8.0-4.8.1, 4.9.0, 4.10.0, 4.11.0-4.11.1, 4.12.0-4.12.4, 4.13.0, 4.14.0, 4.15.0-4.15.1, 4.16.0-4.16.5, 4.17.0-4.17.2, 4.18.0-4.18.3, 4.19.0, 4.20.0, 4.21.0-4.21.1, 5.0.0, 5.1.0-5.1.4, 5.2.0-5.2.1, 5.3.0, 5.4.0-5.4.1, 5.5.0, 5.6.0-5.6.1, 5.7.0-5.7.1, 5.8.0-5.8.1, 5.9.0, 5.10.0, 5.11.0-5.11.1, 5.12.0, 5.13.0, 5.14.0, 5.15.0-5.15.1, 5.16.0, 5.17.0-5.17.2, 5.18.0, 5.19.0, 5.20.0-5.20.1, 5.21.0, 5.22.0, 5.23.0, 5.24.0, 5.25.0, 5.26.0-5.26.8, 5.27.0-5.27.1, 5.28.0-5.28.1, 5.29.0, 5.30.0, 5.31.0] or uninstalled
 ├─restricted to versions * by an explicit requirement, leaving only versions [4.0.0, 4.1.0, 4.2.0, 4.3.0, 4.4.0-4.4.1, 4.5.0, 4.6.0, 4.7.0-4.7.1, 4.8.0-4.8.1, 4.9.0, 4.10.0, 4.11.0-4.11.1, 4.12.0-4.12.4, 4.13.0, 4.14.0, 4.15.0-4.15.1, 4.16.0-4.16.5, 4.17.0-4.17.2, 4.18.0-4.18.3, 4.19.0, 4.20.0, 4.21.0-4.21.1, 5.0.0, 5.1.0-5.1.4, 5.2.0-5.2.1, 5.3.0, 5.4.0-5.4.1, 5.5.0, 5.6.0-5.6.1, 5.7.0-5.7.1, 5.8.0-5.8.1, 5.9.0, 5.10.0, 5.11.0-5.11.1, 5.12.0, 5.13.0, 5.14.0, 5.15.0-5.15.1, 5.16.0, 5.17.0-5.17.2, 5.18.0, 5.19.0, 5.20.0-5.20.1, 5.21.0, 5.22.0, 5.23.0, 5.24.0, 5.25.0, 5.26.0-5.26.8, 5.27.0-5.27.1, 5.28.0-5.28.1, 5.29.0, 5.30.0, 5.31.0]
 ├─restricted by compatibility requirements with DiffEqDiffTools [01453d9d] to versions: [5.6.1, 5.7.0-5.7.1, 5.8.0-5.8.1, 5.9.0, 5.10.0, 5.12.0, 5.13.0, 5.14.0, 5.15.0-5.15.1, 5.16.0, 5.17.0-5.17.2, 5.18.0, 5.19.0, 5.20.0-5.20.1, 5.21.0, 5.22.0, 5.23.0, 5.24.0, 5.25.0, 5.26.0-5.26.8, 5.27.0-5.27.1, 5.28.0-5.28.1, 5.29.0, 5.30.0, 5.31.0] or uninstalled, leaving only versions: [5.6.1, 5.7.0-5.7.1, 5.8.0-5.8.1, 5.9.0, 5.10.0, 5.12.0, 5.13.0, 5.14.0, 5.15.0-5.15.1, 5.16.0, 5.17.0-5.17.2, 5.18.0, 5.19.0, 5.20.0-5.20.1, 5.21.0, 5.22.0, 5.23.0, 5.24.0, 5.25.0, 5.26.0-5.26.8, 5.27.0-5.27.1, 5.28.0-5.28.1, 5.29.0, 5.30.0, 5.31.0]
 │ └─DiffEqDiffTools [01453d9d] log:
 │   ├─possible versions are: [0.5.0, 0.6.0, 0.7.0-0.7.1, 0.8.0-0.8.1, 0.9.0, 0.10.0-0.10.1, 0.11.0, 0.12.0, 0.13.0, 0.14.0, 1.0.0, 1.1.0-1.1.1, 1.2.0, 1.3.0, 1.4.0, 1.5.0, 1.6.0, 1.7.0] or uninstalled
 │   └─restricted to versions 1.7.0 by an explicit requirement, leaving only versions 1.7.0
 ├─restricted by compatibility requirements with Parameters [d96e819e] to versions: [4.0.0, 4.1.0, 4.2.0, 4.3.0, 4.4.0-4.4.1, 4.5.0, 4.6.0, 4.7.0-4.7.1, 4.8.0-4.8.1, 4.9.0, 4.10.0, 4.11.0-4.11.1, 4.12.0-4.12.4, 4.13.0, 4.14.0, 4.15.0-4.15.1, 4.16.0-4.16.5, 4.17.0-4.17.2, 4.18.0-4.18.3, 4.19.0, 4.20.0, 4.21.0-4.21.1, 5.0.0, 5.1.0-5.1.4, 5.2.0-5.2.1, 5.3.0, 5.4.0-5.4.1, 5.5.0, 5.6.0, 5.17.0-5.17.2, 5.18.0, 5.19.0, 5.20.0-5.20.1, 5.21.0, 5.22.0, 5.23.0, 5.24.0, 5.25.0, 5.26.0-5.26.8, 5.27.0-5.27.1, 5.28.0-5.28.1, 5.29.0, 5.30.0, 5.31.0] or uninstalled, leaving only versions: [5.17.0-5.17.2, 5.18.0, 5.19.0, 5.20.0-5.20.1, 5.21.0, 5.22.0, 5.23.0, 5.24.0, 5.25.0, 5.26.0-5.26.8, 5.27.0-5.27.1, 5.28.0-5.28.1, 5.29.0, 5.30.0, 5.31.0]
 │ └─Parameters [d96e819e] log:
 │   ├─possible versions are: [0.9.1-0.9.2, 0.10.0-0.10.3, 0.11.0, 0.12.0] or uninstalled
 │   └─restricted to versions 0.12.0 by an explicit requirement, leaving only versions 0.12.0
 ├─restricted by compatibility requirements with StaticArrays [90137ffa] to versions: [4.0.0, 4.1.0, 4.2.0, 4.3.0, 4.4.0-4.4.1, 4.5.0, 4.6.0, 4.7.0-4.7.1, 4.8.0-4.8.1, 4.9.0, 4.10.0, 4.11.0-4.11.1, 4.12.0-4.12.4, 4.13.0, 4.14.0, 4.15.0-4.15.1, 4.16.0-4.16.5, 4.17.0-4.17.2, 4.18.0-4.18.3, 4.19.0, 4.20.0, 4.21.0-4.21.1, 5.0.0, 5.1.0-5.1.4, 5.2.0-5.2.1, 5.3.0, 5.21.0, 5.22.0, 5.23.0, 5.24.0, 5.25.0, 5.26.0-5.26.8, 5.27.0-5.27.1, 5.28.0-5.28.1, 5.29.0, 5.30.0, 5.31.0] or uninstalled, leaving only versions: [5.21.0, 5.22.0, 5.23.0, 5.24.0, 5.25.0, 5.26.0-5.26.8, 5.27.0-5.27.1, 5.28.0-5.28.1, 5.29.0, 5.30.0, 5.31.0]
 │ └─StaticArrays [90137ffa] log:
 │   ├─possible versions are: [0.8.0-0.8.3, 0.9.0-0.9.2, 0.10.0, 0.10.2-0.10.3, 0.11.0-0.11.1, 0.12.0-0.12.1] or uninstalled
 │   └─restricted to versions 0.12.1 by an explicit requirement, leaving only versions 0.12.1
 └─restricted by compatibility requirements with RecursiveArrayTools [731186ca] to versions: [4.0.0, 4.1.0, 4.2.0, 4.3.0, 4.4.0-4.4.1, 4.5.0, 4.6.0, 4.7.0-4.7.1, 4.8.0-4.8.1, 4.9.0, 4.10.0, 4.11.0-4.11.1, 4.12.0-4.12.4, 4.13.0, 4.14.0, 4.15.0-4.15.1, 4.16.0-4.16.5, 4.17.0-4.17.2, 4.18.0-4.18.3, 4.19.0, 4.20.0, 4.21.0-4.21.1, 5.0.0, 5.1.0-5.1.4, 5.2.0-5.2.1, 5.3.0, 5.4.0-5.4.1, 5.5.0, 5.6.0-5.6.1, 5.7.0-5.7.1, 5.8.0-5.8.1, 5.9.0, 5.10.0, 5.11.0-5.11.1, 5.12.0, 5.13.0, 5.14.0] or uninstalled — no versions left
   └─RecursiveArrayTools [731186ca] log:
     ├─possible versions are: [0.16.0-0.16.3, 0.17.0-0.17.2, 0.18.0-0.18.6, 0.19.0-0.19.1, 0.20.0, 1.0.0-1.0.2, 1.1.0-1.1.1, 1.2.0-1.2.1, 2.0.0-2.0.5, 2.1.0] or uninstalled
     └─restricted to versions 0.18.6 by an explicit requirement, leaving only versions 0.18.6
Stacktrace:
 [1] #propagate_constraints!#61(::Bool, ::typeof(Pkg.GraphType.propagate_constraints!), ::Pkg.GraphType.Graph, ::Set{Int64}) at /buildworker/worker/package_linux64/build/usr/share/julia/stdlib/v1.3/Pkg/src/GraphType.jl:1007
 [2] propagate_constraints! at /buildworker/worker/package_linux64/build/usr/share/julia/stdlib/v1.3/Pkg/src/GraphType.jl:948 [inlined]
 [3] #simplify_graph!#121(::Bool, ::typeof(Pkg.GraphType.simplify_graph!), ::Pkg.GraphType.Graph, ::Set{Int64}) at /buildworker/worker/package_linux64/build/usr/share/julia/stdlib/v1.3/Pkg/src/GraphType.jl:1462
 [4] simplify_graph! at /buildworker/worker/package_linux64/build/usr/share/julia/stdlib/v1.3/Pkg/src/GraphType.jl:1462 [inlined]
 [5] _resolve_versions!(::Pkg.Types.Context, ::Array{Pkg.Types.PackageSpec,1}, ::Nothing) at /buildworker/worker/package_linux64/build/usr/share/julia/stdlib/v1.3/Pkg/src/backwards_compatible_isolation.jl:148
 [6] _resolve_versions! at /buildworker/worker/package_linux64/build/usr/share/julia/stdlib/v1.3/Pkg/src/backwards_compatible_isolation.jl:93 [inlined]
 [7] #_add_or_develop#26(::Array{Base.UUID,1}, ::Symbol, ::typeof(Pkg.Operations._add_or_develop), ::Pkg.Types.Context, ::Array{Pkg.Types.PackageSpec,1}) at /buildworker/worker/package_linux64/build/usr/share/julia/stdlib/v1.3/Pkg/src/backwards_compatible_isolation.jl:348
 [8] _add_or_develop at /buildworker/worker/package_linux64/build/usr/share/julia/stdlib/v1.3/Pkg/src/backwards_compatible_isolation.jl:333 [inlined]
 [9] (::Pkg.Operations.var"#30#36"{Bool,Pkg.Operations.var"#42#44"{Pkg.Types.Context,Pkg.Types.PackageSpec,Pkg.Operations.var"#41#43"{Pkg.Types.Context,Pkg.Types.PackageSpec,Array{String,1},Cmd}},Pkg.Types.Context,Pkg.Types.PackageSpec,Pkg.Types.Context,Set{Base.UUID},Set{Base.UUID},Array{Pkg.Types.PackageSpec,1}})(::String) at /buildworker/worker/package_linux64/build/usr/share/julia/stdlib/v1.3/Pkg/src/backwards_compatible_isolation.jl:537
 [10] #mktempdir#18(::String, ::typeof(mktempdir), ::Pkg.Operations.var"#30#36"{Bool,Pkg.Operations.var"#42#44"{Pkg.Types.Context,Pkg.Types.PackageSpec,Pkg.Operations.var"#41#43"{Pkg.Types.Context,Pkg.Types.PackageSpec,Array{String,1},Cmd}},Pkg.Types.Context,Pkg.Types.PackageSpec,Pkg.Types.Context,Set{Base.UUID},Set{Base.UUID},Array{Pkg.Types.PackageSpec,1}}, ::String) at ./file.jl:634
 [11] mktempdir at ./file.jl:632 [inlined] (repeats 2 times)
 [12] #with_dependencies_loadable_at_toplevel#27(::Bool, ::typeof(Pkg.Operations.with_dependencies_loadable_at_toplevel), ::Pkg.Operations.var"#42#44"{Pkg.Types.Context,Pkg.Types.PackageSpec,Pkg.Operations.var"#41#43"{Pkg.Types.Context,Pkg.Types.PackageSpec,Array{String,1},Cmd}}, ::Pkg.Types.Context, ::Pkg.Types.PackageSpec) at /buildworker/worker/package_linux64/build/usr/share/julia/stdlib/v1.3/Pkg/src/backwards_compatible_isolation.jl:516
 [13] #with_dependencies_loadable_at_toplevel at ./none:0 [inlined]
 [14] #backwards_compatibility_for_test#40(::Cmd, ::Cmd, ::typeof(Pkg.Operations.backwards_compatibility_for_test), ::Pkg.Types.Context, ::Pkg.Types.PackageSpec, ::String, ::Array{String,1}, ::Bool) at /buildworker/worker/package_linux64/build/usr/share/julia/stdlib/v1.3/Pkg/src/backwards_compatible_isolation.jl:608
 [15] #backwards_compatibility_for_test at ./none:0 [inlined]
 [16] #test#131(::Bool, ::Nothing, ::Cmd, ::Cmd, ::typeof(Pkg.Operations.test), ::Pkg.Types.Context, ::Array{Pkg.Types.PackageSpec,1}) at /buildworker/worker/package_linux64/build/usr/share/julia/stdlib/v1.3/Pkg/src/Operations.jl:1347
 [17] #test at ./none:0 [inlined]
 [18] #test#62(::Bool, ::Nothing, ::Cmd, ::Cmd, ::Base.Iterators.Pairs{Union{},Union{},Tuple{},NamedTuple{(),Tuple{}}}, ::typeof(Pkg.API.test), ::Pkg.Types.Context, ::Array{Pkg.Types.PackageSpec,1}) at /buildworker/worker/package_linux64/build/usr/share/julia/stdlib/v1.3/Pkg/src/API.jl:253
 [19] test(::Pkg.Types.Context, ::Array{Pkg.Types.PackageSpec,1}) at /buildworker/worker/package_linux64/build/usr/share/julia/stdlib/v1.3/Pkg/src/API.jl:239
 [20] #test#61 at /buildworker/worker/package_linux64/build/usr/share/julia/stdlib/v1.3/Pkg/src/API.jl:233 [inlined]
 [21] test at /buildworker/worker/package_linux64/build/usr/share/julia/stdlib/v1.3/Pkg/src/API.jl:233 [inlined]
 [22] #test#60 at /buildworker/worker/package_linux64/build/usr/share/julia/stdlib/v1.3/Pkg/src/API.jl:232 [inlined]
 [23] test at /buildworker/worker/package_linux64/build/usr/share/julia/stdlib/v1.3/Pkg/src/API.jl:232 [inlined]
 [24] #test#59(::Base.Iterators.Pairs{Union{},Union{},Tuple{},NamedTuple{(),Tuple{}}}, ::typeof(Pkg.API.test), ::String) at /buildworker/worker/package_linux64/build/usr/share/julia/stdlib/v1.3/Pkg/src/API.jl:231
 [25] test(::String) at /buildworker/worker/package_linux64/build/usr/share/julia/stdlib/v1.3/Pkg/src/API.jl:231
 [26] top-level scope at none:13
