Julia Version 1.4.0
Commit b8e9a9ecc6 (2020-03-21 16:36 UTC)
Platform Info:
  OS: Linux (x86_64-pc-linux-gnu)
  CPU: AMD Ryzen Threadripper 2990WX 32-Core Processor
  WORD_SIZE: 64
  LIBM: libopenlibm
  LLVM: libLLVM-8.0.1 (ORCJIT, znver1)
Environment:
  JULIA_DEPOT_PATH = ::/usr/local/share/julia
  JULIA_NUM_THREADS = 2

  Resolving package versions...
    Cloning [e1450e63-4bb3-523b-b2a4-4ffa8c0fd77d] BufferedStreams from https://github.com/BioJulia/BufferedStreams.jl.git
[?25l    Fetching: [>                                        ]  0.0 %[2K[?25h  Installed BufferedStreams ─ v1.0.0
    Cloning [34da2185-b29b-5c13-b0c7-acf172513d20] Compat from https://github.com/JuliaLang/Compat.jl.git
[?25l    Fetching: [>                                        ]  0.0 %[2K[?25h  Installed Compat ────────── v3.8.0
   Updating `~/.julia/environments/v1.4/Project.toml`
  [e1450e63] + BufferedStreams v1.0.0
   Updating `~/.julia/environments/v1.4/Manifest.toml`
  [e1450e63] + BufferedStreams v1.0.0
  [34da2185] + Compat v3.8.0
  [2a0f44e3] + Base64 
  [ade2ca70] + Dates 
  [8bb1440f] + DelimitedFiles 
  [8ba89e20] + Distributed 
  [b77e0a4c] + InteractiveUtils 
  [76f85450] + LibGit2 
  [8f399da3] + Libdl 
  [37e2e46d] + LinearAlgebra 
  [56ddb016] + Logging 
  [d6f4376e] + Markdown 
  [a63ad114] + Mmap 
  [44cfe95a] + Pkg 
  [de0858da] + Printf 
  [3fa0cd96] + REPL 
  [9a3f8284] + Random 
  [ea8e919c] + SHA 
  [9e88b42a] + Serialization 
  [1a1011a3] + SharedArrays 
  [6462fe0b] + Sockets 
  [2f01184e] + SparseArrays 
  [10745b16] + Statistics 
  [8dfed614] + Test 
  [cf7118a7] + UUIDs 
  [4ec0a83e] + Unicode 
    Testing BufferedStreams
Status `/tmp/jl_SEJH4J/Manifest.toml`
  [e1450e63] BufferedStreams v1.0.0
  [34da2185] Compat v3.8.0
  [2a0f44e3] Base64 
  [ade2ca70] Dates 
  [8bb1440f] DelimitedFiles 
  [8ba89e20] Distributed 
  [b77e0a4c] InteractiveUtils 
  [76f85450] LibGit2 
  [8f399da3] Libdl 
  [37e2e46d] LinearAlgebra 
  [56ddb016] Logging 
  [d6f4376e] Markdown 
  [a63ad114] Mmap 
  [44cfe95a] Pkg 
  [de0858da] Printf 
  [3fa0cd96] REPL 
  [9a3f8284] Random 
  [ea8e919c] SHA 
  [9e88b42a] Serialization 
  [1a1011a3] SharedArrays 
  [6462fe0b] Sockets 
  [2f01184e] SparseArrays 
  [10745b16] Statistics 
  [8dfed614] Test 
  [cf7118a7] UUIDs 
  [4ec0a83e] Unicode 
skip: Error During Test at /home/pkgeval/.julia/packages/BufferedStreams/hCA7W/test/runtests.jl:300
  Test threw exception
  Expression: all(Bool[test_skip(stream, p, offset) for (p, offset) = zip(positions, offsets)])
  ArgumentError: n must be non-negative in skip(::BufferedInputStream, n)
  Stacktrace:
   [1] skip at /home/pkgeval/.julia/packages/BufferedStreams/hCA7W/src/bufferedinputstream.jl:127 [inlined]
   [2] (::var"#test_skip#7"{Array{UInt8,1}})(::BufferedInputStream{Base.GenericIOBuffer{Array{UInt8,1}}}, ::Int64, ::Int64) at /home/pkgeval/.julia/packages/BufferedStreams/hCA7W/test/runtests.jl:291
   [3] top-level scope at /home/pkgeval/.julia/packages/BufferedStreams/hCA7W/test/runtests.jl:300
   [4] top-level scope at /buildworker/worker/package_linux64/build/usr/share/julia/stdlib/v1.4/Test/src/Test.jl:1113
   [5] top-level scope at /home/pkgeval/.julia/packages/BufferedStreams/hCA7W/test/runtests.jl:278
   [6] top-level scope at /buildworker/worker/package_linux64/build/usr/share/julia/stdlib/v1.4/Test/src/Test.jl:1113
   [7] top-level scope at /home/pkgeval/.julia/packages/BufferedStreams/hCA7W/test/runtests.jl:32
  
Test Summary:        | Pass  Error  Total
BufferedInputStream  |  100      1    101
  read               |   19            19
  unsafe_read        |    3             3
  peek               |    4             4
  bytesavailable     |    3             3
  peekbytes!         |   10            10
  readbytes!         |   10            10
  readuntil          |    2             2
  arrays             |    2             2
  marks              |    7             7
  anchors            |    1             1
  seek               |    2             2
  skip               |    2      1      3
  close              |    7             7
  iostream           |   11            11
  immobilized buffer |    4             4
  shiftdata!         |    2             2
  misc.              |    6             6
  massive read       |    4             4
  readavailable      |    1             1
ERROR: LoadError: Some tests did not pass: 100 passed, 0 failed, 1 errored, 0 broken.
in expression starting at /home/pkgeval/.julia/packages/BufferedStreams/hCA7W/test/runtests.jl:31
ERROR: Package BufferedStreams errored during testing
Stacktrace:
 [1] pkgerror(::String, ::Vararg{String,N} where N) at /buildworker/worker/package_linux64/build/usr/share/julia/stdlib/v1.4/Pkg/src/Types.jl:53
 [2] test(::Pkg.Types.Context, ::Array{Pkg.Types.PackageSpec,1}; coverage::Bool, julia_args::Cmd, test_args::Cmd, test_fn::Nothing) at /buildworker/worker/package_linux64/build/usr/share/julia/stdlib/v1.4/Pkg/src/Operations.jl:1503
 [3] test(::Pkg.Types.Context, ::Array{Pkg.Types.PackageSpec,1}; coverage::Bool, test_fn::Nothing, julia_args::Cmd, test_args::Cmd, kwargs::Base.Iterators.Pairs{Union{},Union{},Tuple{},NamedTuple{(),Tuple{}}}) at /buildworker/worker/package_linux64/build/usr/share/julia/stdlib/v1.4/Pkg/src/API.jl:316
 [4] test(::Pkg.Types.Context, ::Array{Pkg.Types.PackageSpec,1}) at /buildworker/worker/package_linux64/build/usr/share/julia/stdlib/v1.4/Pkg/src/API.jl:303
 [5] #test#68 at /buildworker/worker/package_linux64/build/usr/share/julia/stdlib/v1.4/Pkg/src/API.jl:297 [inlined]
 [6] test at /buildworker/worker/package_linux64/build/usr/share/julia/stdlib/v1.4/Pkg/src/API.jl:297 [inlined]
 [7] #test#67 at /buildworker/worker/package_linux64/build/usr/share/julia/stdlib/v1.4/Pkg/src/API.jl:296 [inlined]
 [8] test at /buildworker/worker/package_linux64/build/usr/share/julia/stdlib/v1.4/Pkg/src/API.jl:296 [inlined]
 [9] test(::String; kwargs::Base.Iterators.Pairs{Union{},Union{},Tuple{},NamedTuple{(),Tuple{}}}) at /buildworker/worker/package_linux64/build/usr/share/julia/stdlib/v1.4/Pkg/src/API.jl:295
 [10] test(::String) at /buildworker/worker/package_linux64/build/usr/share/julia/stdlib/v1.4/Pkg/src/API.jl:295
 [11] top-level scope at none:16
