Julia Version 1.3.1
Commit 2d5741174c (2019-12-30 21:36 UTC)
Platform Info:
  OS: Linux (x86_64-pc-linux-gnu)
  CPU: AMD Ryzen Threadripper 2990WX 32-Core Processor
  WORD_SIZE: 64
  LIBM: libopenlibm
  LLVM: libLLVM-6.0.1 (ORCJIT, znver1)
Environment:
  JULIA_DEPOT_PATH = ::/usr/local/share/julia
  JULIA_NUM_THREADS = 2

 Resolving package versions...
 Installed Rmath_jll ─────────────────── v0.2.2+0
 Installed NaNMath ───────────────────── v0.3.3
 Installed DiffResults ───────────────── v1.0.2
 Installed StatsFuns ─────────────────── v0.9.4
 Installed QuadGK ────────────────────── v2.3.1
 Installed DiffRules ─────────────────── v1.0.1
 Installed ChaosTools ────────────────── v1.8.3
 Installed StatsBase ─────────────────── v0.32.2
 Installed OpenBLAS_jll ──────────────── v0.3.7+7
 Installed FunctionWrappers ──────────── v1.1.1
 Installed Combinatorics ─────────────── v1.0.0
 Installed ArrayInterface ────────────── v1.2.1
 Installed FillArrays ────────────────── v0.8.5
 Installed BinDeps ───────────────────── v1.0.0
 Installed SimpleDiffEq ──────────────── v0.5.0
 Installed DataAPI ───────────────────── v1.1.0
 Installed Roots ─────────────────────── v0.8.4
 Installed Arpack_jll ────────────────── v3.5.0+2
 Installed Arpack ────────────────────── v0.4.0
 Installed FFTW ──────────────────────── v1.0.1
 Installed RecipesBase ───────────────── v0.6.0
 Installed Requires ──────────────────── v0.5.2
 Installed StaticArrays ──────────────── v0.12.1
 Installed RecursiveFactorization ────── v0.1.0
 Installed Distances ─────────────────── v0.8.2
 Installed DiffEqDiffTools ───────────── v1.7.0
 Installed DataStructures ────────────── v0.17.10
 Installed IteratorInterfaceExtensions ─ v1.0.0
 Installed SpecialFunctions ──────────── v0.8.0
 Installed NearestNeighbors ──────────── v0.4.4
 Installed Distributions ─────────────── v0.21.12
 Installed VersionParsing ────────────── v1.2.0
 Installed Compat ────────────────────── v3.8.0
 Installed RecursiveArrayTools ───────── v1.0.2
 Installed Parsers ───────────────────── v0.3.12
 Installed JSON ──────────────────────── v0.21.0
 Installed SortingAlgorithms ─────────── v0.3.1
 Installed Rmath ─────────────────────── v0.6.1
 Installed PDMats ────────────────────── v0.9.12
 Installed DSP ───────────────────────── v0.6.0
 Installed AbstractFFTs ──────────────── v0.4.1
 Installed TableTraits ───────────────── v1.0.0
 Installed Reexport ──────────────────── v0.2.0
 Installed Conda ─────────────────────── v1.4.1
 Installed DiffEqBase ────────────────── v6.4.2
 Installed URIParser ─────────────────── v0.4.0
 Installed OrderedCollections ────────── v1.1.0
 Installed BinaryProvider ────────────── v0.5.8
 Installed MuladdMacro ───────────────── v0.2.2
 Installed Parameters ────────────────── v0.12.0
 Installed Calculus ──────────────────── v0.5.1
 Installed DelayEmbeddings ───────────── v1.2.0
 Installed IterativeSolvers ──────────── v0.8.2
 Installed DocStringExtensions ───────── v0.8.1
 Installed Missings ──────────────────── v0.4.3
 Installed CommonSubexpressions ──────── v0.2.0
 Installed DynamicalSystemsBase ──────── v1.3.1
 Installed TreeViews ─────────────────── v0.3.0
 Installed Measurements ──────────────── v2.2.0
 Installed Polynomials ───────────────── v0.5.3
 Installed LombScargle ───────────────── v0.5.0
 Installed ForwardDiff ───────────────── v0.10.9
  Updating `~/.julia/environments/v1.3/Project.toml`
  [608a59af] + ChaosTools v1.8.3
  Updating `~/.julia/environments/v1.3/Manifest.toml`
  [621f4979] + AbstractFFTs v0.4.1
  [7d9fca2a] + Arpack v0.4.0
  [68821587] + Arpack_jll v3.5.0+2
  [4fba245c] + ArrayInterface v1.2.1
  [9e28174c] + BinDeps v1.0.0
  [b99e7846] + BinaryProvider v0.5.8
  [49dc2e85] + Calculus v0.5.1
  [608a59af] + ChaosTools v1.8.3
  [861a8166] + Combinatorics v1.0.0
  [bbf7d656] + CommonSubexpressions v0.2.0
  [34da2185] + Compat v3.8.0
  [8f4d0f93] + Conda v1.4.1
  [717857b8] + DSP v0.6.0
  [9a962f9c] + DataAPI v1.1.0
  [864edb3b] + DataStructures v0.17.10
  [5732040d] + DelayEmbeddings v1.2.0
  [2b5f629d] + DiffEqBase v6.4.2
  [01453d9d] + DiffEqDiffTools v1.7.0
  [163ba53b] + DiffResults v1.0.2
  [b552c78f] + DiffRules v1.0.1
  [b4f34e82] + Distances v0.8.2
  [31c24e10] + Distributions v0.21.12
  [ffbed154] + DocStringExtensions v0.8.1
  [6e36e845] + DynamicalSystemsBase v1.3.1
  [7a1cc6ca] + FFTW v1.0.1
  [1a297f60] + FillArrays v0.8.5
  [f6369f11] + ForwardDiff v0.10.9
  [069b7b12] + FunctionWrappers v1.1.1
  [42fd0dbc] + IterativeSolvers v0.8.2
  [82899510] + IteratorInterfaceExtensions v1.0.0
  [682c06a0] + JSON v0.21.0
  [fc60dff9] + LombScargle v0.5.0
  [eff96d63] + Measurements v2.2.0
  [e1d29d7a] + Missings v0.4.3
  [46d2c3a1] + MuladdMacro v0.2.2
  [77ba4419] + NaNMath v0.3.3
  [b8a86587] + NearestNeighbors v0.4.4
  [4536629a] + OpenBLAS_jll v0.3.7+7
  [bac558e1] + OrderedCollections v1.1.0
  [90014a1f] + PDMats v0.9.12
  [d96e819e] + Parameters v0.12.0
  [69de0a69] + Parsers v0.3.12
  [f27b6e38] + Polynomials v0.5.3
  [1fd47b50] + QuadGK v2.3.1
  [3cdcf5f2] + RecipesBase v0.6.0
  [731186ca] + RecursiveArrayTools v1.0.2
  [f2c3362d] + RecursiveFactorization v0.1.0
  [189a3867] + Reexport v0.2.0
  [ae029012] + Requires v0.5.2
  [79098fc4] + Rmath v0.6.1
  [f50d1b31] + Rmath_jll v0.2.2+0
  [f2b01f46] + Roots v0.8.4
  [05bca326] + SimpleDiffEq v0.5.0
  [a2af1166] + SortingAlgorithms v0.3.1
  [276daf66] + SpecialFunctions v0.8.0
  [90137ffa] + StaticArrays v0.12.1
  [2913bbd2] + StatsBase v0.32.2
  [4c63d2b9] + StatsFuns v0.9.4
  [3783bdb8] + TableTraits v1.0.0
  [a2a6695c] + TreeViews v0.3.0
  [30578b45] + URIParser v0.4.0
  [81def892] + VersionParsing v1.2.0
  [2a0f44e3] + Base64 
  [ade2ca70] + Dates 
  [8bb1440f] + DelimitedFiles 
  [8ba89e20] + Distributed 
  [b77e0a4c] + InteractiveUtils 
  [76f85450] + LibGit2 
  [8f399da3] + Libdl 
  [37e2e46d] + LinearAlgebra 
  [56ddb016] + Logging 
  [d6f4376e] + Markdown 
  [a63ad114] + Mmap 
  [44cfe95a] + Pkg 
  [de0858da] + Printf 
  [3fa0cd96] + REPL 
  [9a3f8284] + Random 
  [ea8e919c] + SHA 
  [9e88b42a] + Serialization 
  [1a1011a3] + SharedArrays 
  [6462fe0b] + Sockets 
  [2f01184e] + SparseArrays 
  [10745b16] + Statistics 
  [4607b0f0] + SuiteSparse 
  [8dfed614] + Test 
  [cf7118a7] + UUIDs 
  [4ec0a83e] + Unicode 
  Building Conda ───────────→ `~/.julia/packages/Conda/3rPhK/deps/build.log`
  Building FFTW ────────────→ `~/.julia/packages/FFTW/MJ7kl/deps/build.log`
  Building SpecialFunctions → `~/.julia/packages/SpecialFunctions/ne2iw/deps/build.log`
   Testing ChaosTools
 Resolving package versions...
ERROR: Unsatisfiable requirements detected for package OptimBase [87e2bd06]:
 OptimBase [87e2bd06] log:
 ├─possible versions are: 2.0.0 or uninstalled
 ├─restricted by compatibility requirements with Compat [34da2185] to versions: uninstalled
 │ └─Compat [34da2185] log:
 │   ├─possible versions are: [1.0.0-1.0.1, 1.1.0, 1.2.0, 1.3.0, 1.4.0, 1.5.0-1.5.1, 2.0.0, 2.1.0, 2.2.0, 3.0.0, 3.1.0, 3.2.0, 3.3.0-3.3.1, 3.4.0, 3.5.0, 3.6.0, 3.7.0, 3.8.0] or uninstalled
 │   └─restricted to versions 3.8.0 by an explicit requirement, leaving only versions 3.8.0
 └─restricted by compatibility requirements with LsqFit [2fda8390] to versions: 2.0.0 — no versions left
   └─LsqFit [2fda8390] log:
     ├─possible versions are: [0.5.0, 0.6.0, 0.7.0-0.7.3, 0.8.0-0.8.1, 0.9.0, 0.10.0] or uninstalled
     └─restricted to versions * by an explicit requirement, leaving only versions [0.5.0, 0.6.0, 0.7.0-0.7.3, 0.8.0-0.8.1, 0.9.0, 0.10.0]
Stacktrace:
 [1] #propagate_constraints!#61(::Bool, ::typeof(Pkg.GraphType.propagate_constraints!), ::Pkg.GraphType.Graph, ::Set{Int64}) at /buildworker/worker/package_linux64/build/usr/share/julia/stdlib/v1.3/Pkg/src/GraphType.jl:1007
 [2] propagate_constraints! at /buildworker/worker/package_linux64/build/usr/share/julia/stdlib/v1.3/Pkg/src/GraphType.jl:948 [inlined]
 [3] #simplify_graph!#121(::Bool, ::typeof(Pkg.GraphType.simplify_graph!), ::Pkg.GraphType.Graph, ::Set{Int64}) at /buildworker/worker/package_linux64/build/usr/share/julia/stdlib/v1.3/Pkg/src/GraphType.jl:1462
 [4] simplify_graph! at /buildworker/worker/package_linux64/build/usr/share/julia/stdlib/v1.3/Pkg/src/GraphType.jl:1462 [inlined]
 [5] _resolve_versions!(::Pkg.Types.Context, ::Array{Pkg.Types.PackageSpec,1}, ::Nothing) at /buildworker/worker/package_linux64/build/usr/share/julia/stdlib/v1.3/Pkg/src/backwards_compatible_isolation.jl:148
 [6] _resolve_versions! at /buildworker/worker/package_linux64/build/usr/share/julia/stdlib/v1.3/Pkg/src/backwards_compatible_isolation.jl:93 [inlined]
 [7] #_add_or_develop#26(::Array{Base.UUID,1}, ::Symbol, ::typeof(Pkg.Operations._add_or_develop), ::Pkg.Types.Context, ::Array{Pkg.Types.PackageSpec,1}) at /buildworker/worker/package_linux64/build/usr/share/julia/stdlib/v1.3/Pkg/src/backwards_compatible_isolation.jl:348
 [8] _add_or_develop at /buildworker/worker/package_linux64/build/usr/share/julia/stdlib/v1.3/Pkg/src/backwards_compatible_isolation.jl:333 [inlined]
 [9] (::Pkg.Operations.var"#30#36"{Bool,Pkg.Operations.var"#42#44"{Pkg.Types.Context,Pkg.Types.PackageSpec,Pkg.Operations.var"#41#43"{Pkg.Types.Context,Pkg.Types.PackageSpec,Array{String,1},Cmd}},Pkg.Types.Context,Pkg.Types.PackageSpec,Pkg.Types.Context,Set{Base.UUID},Set{Base.UUID},Array{Pkg.Types.PackageSpec,1}})(::String) at /buildworker/worker/package_linux64/build/usr/share/julia/stdlib/v1.3/Pkg/src/backwards_compatible_isolation.jl:537
 [10] #mktempdir#18(::String, ::typeof(mktempdir), ::Pkg.Operations.var"#30#36"{Bool,Pkg.Operations.var"#42#44"{Pkg.Types.Context,Pkg.Types.PackageSpec,Pkg.Operations.var"#41#43"{Pkg.Types.Context,Pkg.Types.PackageSpec,Array{String,1},Cmd}},Pkg.Types.Context,Pkg.Types.PackageSpec,Pkg.Types.Context,Set{Base.UUID},Set{Base.UUID},Array{Pkg.Types.PackageSpec,1}}, ::String) at ./file.jl:634
 [11] mktempdir at ./file.jl:632 [inlined] (repeats 2 times)
 [12] #with_dependencies_loadable_at_toplevel#27(::Bool, ::typeof(Pkg.Operations.with_dependencies_loadable_at_toplevel), ::Pkg.Operations.var"#42#44"{Pkg.Types.Context,Pkg.Types.PackageSpec,Pkg.Operations.var"#41#43"{Pkg.Types.Context,Pkg.Types.PackageSpec,Array{String,1},Cmd}}, ::Pkg.Types.Context, ::Pkg.Types.PackageSpec) at /buildworker/worker/package_linux64/build/usr/share/julia/stdlib/v1.3/Pkg/src/backwards_compatible_isolation.jl:516
 [13] #with_dependencies_loadable_at_toplevel at ./none:0 [inlined]
 [14] #backwards_compatibility_for_test#40(::Cmd, ::Cmd, ::typeof(Pkg.Operations.backwards_compatibility_for_test), ::Pkg.Types.Context, ::Pkg.Types.PackageSpec, ::String, ::Array{String,1}, ::Bool) at /buildworker/worker/package_linux64/build/usr/share/julia/stdlib/v1.3/Pkg/src/backwards_compatible_isolation.jl:608
 [15] #backwards_compatibility_for_test at ./none:0 [inlined]
 [16] #test#131(::Bool, ::Nothing, ::Cmd, ::Cmd, ::typeof(Pkg.Operations.test), ::Pkg.Types.Context, ::Array{Pkg.Types.PackageSpec,1}) at /buildworker/worker/package_linux64/build/usr/share/julia/stdlib/v1.3/Pkg/src/Operations.jl:1347
 [17] #test at ./none:0 [inlined]
 [18] #test#62(::Bool, ::Nothing, ::Cmd, ::Cmd, ::Base.Iterators.Pairs{Union{},Union{},Tuple{},NamedTuple{(),Tuple{}}}, ::typeof(Pkg.API.test), ::Pkg.Types.Context, ::Array{Pkg.Types.PackageSpec,1}) at /buildworker/worker/package_linux64/build/usr/share/julia/stdlib/v1.3/Pkg/src/API.jl:253
 [19] test(::Pkg.Types.Context, ::Array{Pkg.Types.PackageSpec,1}) at /buildworker/worker/package_linux64/build/usr/share/julia/stdlib/v1.3/Pkg/src/API.jl:239
 [20] #test#61 at /buildworker/worker/package_linux64/build/usr/share/julia/stdlib/v1.3/Pkg/src/API.jl:233 [inlined]
 [21] test at /buildworker/worker/package_linux64/build/usr/share/julia/stdlib/v1.3/Pkg/src/API.jl:233 [inlined]
 [22] #test#60 at /buildworker/worker/package_linux64/build/usr/share/julia/stdlib/v1.3/Pkg/src/API.jl:232 [inlined]
 [23] test at /buildworker/worker/package_linux64/build/usr/share/julia/stdlib/v1.3/Pkg/src/API.jl:232 [inlined]
 [24] #test#59(::Base.Iterators.Pairs{Union{},Union{},Tuple{},NamedTuple{(),Tuple{}}}, ::typeof(Pkg.API.test), ::String) at /buildworker/worker/package_linux64/build/usr/share/julia/stdlib/v1.3/Pkg/src/API.jl:231
 [25] test(::String) at /buildworker/worker/package_linux64/build/usr/share/julia/stdlib/v1.3/Pkg/src/API.jl:231
 [26] top-level scope at none:13
