Julia Version 1.3.1
Commit 2d5741174c (2019-12-30 21:36 UTC)
Platform Info:
  OS: Linux (x86_64-pc-linux-gnu)
  CPU: AMD Ryzen Threadripper 2990WX 32-Core Processor
  WORD_SIZE: 64
  LIBM: libopenlibm
  LLVM: libLLVM-6.0.1 (ORCJIT, znver1)
Environment:
  JULIA_DEPOT_PATH = ::/usr/local/share/julia
  JULIA_NUM_THREADS = 2

 Resolving package versions...
ERROR: Unsatisfiable requirements detected for package Variography [04a0146e]:
 Variography [04a0146e] log:
 ├─possible versions are: [0.2.0-0.2.2, 0.3.0-0.3.7, 0.4.0-0.4.3, 0.5.0] or uninstalled
 ├─restricted by compatibility requirements with GeoStats [dcc97b0b] to versions: [0.3.0-0.3.7, 0.4.0-0.4.3, 0.5.0]
 │ └─GeoStats [dcc97b0b] log:
 │   ├─possible versions are: [0.7.0-0.7.2, 0.8.0-0.8.9, 0.9.0-0.9.1, 0.10.0-0.10.2] or uninstalled
 │   └─restricted by compatibility requirements with ClimateTools [4f4ee721] to versions: [0.8.0-0.8.9, 0.9.0-0.9.1, 0.10.0-0.10.2]
 │     └─ClimateTools [4f4ee721] log:
 │       ├─possible versions are: [0.9.0, 0.10.0-0.10.1, 0.11.0-0.11.3, 0.12.0, 0.13.0, 0.14.0-0.14.5, 0.15.0, 0.16.0, 0.17.0, 0.18.0-0.18.3] or uninstalled
 │       └─restricted by compatibility requirements with ClimatePlots [b71d359b] to versions: [0.16.0, 0.17.0, 0.18.0-0.18.3]
 │         └─ClimatePlots [b71d359b] log:
 │           ├─possible versions are: [0.1.0, 0.2.0-0.2.2] or uninstalled
 │           └─restricted to versions * by an explicit requirement, leaving only versions [0.1.0, 0.2.0-0.2.2]
 └─restricted by compatibility requirements with SpecialFunctions [276daf66] to versions: uninstalled — no versions left
   └─SpecialFunctions [276daf66] log:
     ├─possible versions are: [0.7.0-0.7.2, 0.8.0, 0.9.0, 0.10.0] or uninstalled
     └─restricted by compatibility requirements with Extremes [fe3fe864] to versions: [0.8.0, 0.9.0]
       └─Extremes [fe3fe864] log:
         ├─possible versions are: 0.1.0-0.1.1 or uninstalled
         └─restricted by compatibility requirements with ClimateTools [4f4ee721] to versions: 0.1.1
           └─ClimateTools [4f4ee721] log: see above
Stacktrace:
 [1] #propagate_constraints!#61(::Bool, ::typeof(Pkg.GraphType.propagate_constraints!), ::Pkg.GraphType.Graph, ::Set{Int64}) at /buildworker/worker/package_linux64/build/usr/share/julia/stdlib/v1.3/Pkg/src/GraphType.jl:1007
 [2] propagate_constraints! at /buildworker/worker/package_linux64/build/usr/share/julia/stdlib/v1.3/Pkg/src/GraphType.jl:948 [inlined]
 [3] #simplify_graph!#121(::Bool, ::typeof(Pkg.GraphType.simplify_graph!), ::Pkg.GraphType.Graph, ::Set{Int64}) at /buildworker/worker/package_linux64/build/usr/share/julia/stdlib/v1.3/Pkg/src/GraphType.jl:1462
 [4] simplify_graph! at /buildworker/worker/package_linux64/build/usr/share/julia/stdlib/v1.3/Pkg/src/GraphType.jl:1462 [inlined] (repeats 2 times)
 [5] resolve_versions!(::Pkg.Types.Context, ::Array{Pkg.Types.PackageSpec,1}) at /buildworker/worker/package_linux64/build/usr/share/julia/stdlib/v1.3/Pkg/src/Operations.jl:321
 [6] #add#112(::Bool, ::Pkg.BinaryPlatforms.Linux, ::typeof(Pkg.Operations.add), ::Pkg.Types.Context, ::Array{Pkg.Types.PackageSpec,1}, ::Array{Base.UUID,1}) at /buildworker/worker/package_linux64/build/usr/share/julia/stdlib/v1.3/Pkg/src/Operations.jl:1010
 [7] #add at ./none:0 [inlined]
 [8] #add#25(::Bool, ::Pkg.BinaryPlatforms.Linux, ::Base.Iterators.Pairs{Union{},Union{},Tuple{},NamedTuple{(),Tuple{}}}, ::typeof(Pkg.API.add), ::Pkg.Types.Context, ::Array{Pkg.Types.PackageSpec,1}) at /buildworker/worker/package_linux64/build/usr/share/julia/stdlib/v1.3/Pkg/src/API.jl:102
 [9] add(::Pkg.Types.Context, ::Array{Pkg.Types.PackageSpec,1}) at /buildworker/worker/package_linux64/build/usr/share/julia/stdlib/v1.3/Pkg/src/API.jl:72
 [10] #add#24 at /buildworker/worker/package_linux64/build/usr/share/julia/stdlib/v1.3/Pkg/src/API.jl:69 [inlined]
 [11] add at /buildworker/worker/package_linux64/build/usr/share/julia/stdlib/v1.3/Pkg/src/API.jl:69 [inlined]
 [12] #add#21 at /buildworker/worker/package_linux64/build/usr/share/julia/stdlib/v1.3/Pkg/src/API.jl:67 [inlined]
 [13] add at /buildworker/worker/package_linux64/build/usr/share/julia/stdlib/v1.3/Pkg/src/API.jl:67 [inlined]
 [14] #add#20(::Base.Iterators.Pairs{Union{},Union{},Tuple{},NamedTuple{(),Tuple{}}}, ::typeof(Pkg.API.add), ::String) at /buildworker/worker/package_linux64/build/usr/share/julia/stdlib/v1.3/Pkg/src/API.jl:66
 [15] add(::String) at /buildworker/worker/package_linux64/build/usr/share/julia/stdlib/v1.3/Pkg/src/API.jl:66
 [16] top-level scope at none:12
