Julia Version 1.4.0
Commit b8e9a9ecc6 (2020-03-21 16:36 UTC)
Platform Info:
  OS: Linux (x86_64-pc-linux-gnu)
  CPU: AMD Ryzen Threadripper 2990WX 32-Core Processor
  WORD_SIZE: 64
  LIBM: libopenlibm
  LLVM: libLLVM-8.0.1 (ORCJIT, znver1)
Environment:
  JULIA_DEPOT_PATH = ::/usr/local/share/julia
  JULIA_NUM_THREADS = 2

  Resolving package versions...
  Installed FixedPointNumbers ── v0.8.0
  Installed Measures ─────────── v0.3.1
  Installed ColorTypes ───────── v0.10.0
  Installed JSON ─────────────── v0.21.0
  Installed Compose ──────────── v0.8.2
  Installed IterTools ────────── v1.3.0
    Cloning [189a3867-3050-52da-a836-e630ba90ab69] Reexport from https://github.com/simonster/Reexport.jl.git
[?25l    Fetching: [>                                        ]  0.0 %[2K[?25h  Installed Reexport ─────────── v0.2.0
    Cloning [864edb3b-99cc-5e75-8d2d-829cb0a9cfe8] DataStructures from https://github.com/JuliaCollections/DataStructures.jl.git
[?25l    Fetching: [>                                        ]  0.0 %[2K[?25h  Installed DataStructures ───── v0.17.10
    Cloning [5ae59095-9a9b-59fe-a467-6f913c188581] Colors from https://github.com/JuliaGraphics/Colors.jl.git
[?25l    Fetching: [>                                        ]  0.0 %    Fetching: [========>                                ]  17.9 %    Fetching: [=================>                       ]  41.5 %[2K[?25h  Installed Colors ───────────── v0.12.0
    Cloning [ae029012-a4dd-5104-9daa-d747884805df] Requires from https://github.com/MikeInnes/Requires.jl.git
[?25l    Fetching: [>                                        ]  0.0 %[2K[?25h  Installed Requires ─────────── v1.0.1
    Cloning [69de0a69-1ddd-5017-9359-2bf0b02dc9f0] Parsers from https://github.com/JuliaData/Parsers.jl.git
[?25l    Fetching: [>                                        ]  0.0 %[2K[?25h  Installed Parsers ──────────── v0.3.12
    Cloning [bac558e1-5e72-5ebc-8fee-abe8a469f55d] OrderedCollections from https://github.com/JuliaCollections/OrderedCollections.jl.git
[?25l    Fetching: [>                                        ]  0.0 %[2K[?25h  Installed OrderedCollections ─ v1.1.0
   Updating `~/.julia/environments/v1.4/Project.toml`
  [a81c6b42] + Compose v0.8.2
   Updating `~/.julia/environments/v1.4/Manifest.toml`
  [3da002f7] + ColorTypes v0.10.0
  [5ae59095] + Colors v0.12.0
  [a81c6b42] + Compose v0.8.2
  [864edb3b] + DataStructures v0.17.10
  [53c48c17] + FixedPointNumbers v0.8.0
  [c8e1da08] + IterTools v1.3.0
  [682c06a0] + JSON v0.21.0
  [442fdcdd] + Measures v0.3.1
  [bac558e1] + OrderedCollections v1.1.0
  [69de0a69] + Parsers v0.3.12
  [189a3867] + Reexport v0.2.0
  [ae029012] + Requires v1.0.1
  [2a0f44e3] + Base64 
  [ade2ca70] + Dates 
  [8ba89e20] + Distributed 
  [b77e0a4c] + InteractiveUtils 
  [76f85450] + LibGit2 
  [8f399da3] + Libdl 
  [37e2e46d] + LinearAlgebra 
  [56ddb016] + Logging 
  [d6f4376e] + Markdown 
  [a63ad114] + Mmap 
  [44cfe95a] + Pkg 
  [de0858da] + Printf 
  [3fa0cd96] + REPL 
  [9a3f8284] + Random 
  [ea8e919c] + SHA 
  [9e88b42a] + Serialization 
  [6462fe0b] + Sockets 
  [8dfed614] + Test 
  [cf7118a7] + UUIDs 
  [4ec0a83e] + Unicode 
    Testing Compose
[?25l    Fetching: [>                                        ]  0.0 %[2K[?25h[?25l    Fetching: [>                                        ]  0.0 %[2K[?25h[?25l    Fetching: [>                                        ]  0.0 %[2K[?25h[?25l    Fetching: [>                                        ]  0.0 %[2K[?25h[?25l    Fetching: [>                                        ]  0.0 %[2K[?25hStatus `/tmp/jl_c8k2mv/Manifest.toml`
  [b99e7846] BinaryProvider v0.5.8
  [159f3aea] Cairo v0.8.0
  [3da002f7] ColorTypes v0.10.0
  [5ae59095] Colors v0.12.0
  [a81c6b42] Compose v0.8.2
  [864edb3b] DataStructures v0.17.10
  [8f5d6c58] EzXML v0.9.5
  [53c48c17] FixedPointNumbers v0.8.0
  [186bb1d3] Fontconfig v0.3.0
  [a2bd30eb] Graphics v1.0.2
  [c8e1da08] IterTools v1.3.0
  [682c06a0] JSON v0.21.0
  [442fdcdd] Measures v0.3.1
  [77ba4419] NaNMath v0.3.3
  [bac558e1] OrderedCollections v1.1.0
  [69de0a69] Parsers v0.3.12
  [189a3867] Reexport v0.2.0
  [ae029012] Requires v1.0.1
  [2a0f44e3] Base64 
  [ade2ca70] Dates 
  [8ba89e20] Distributed 
  [b77e0a4c] InteractiveUtils 
  [76f85450] LibGit2 
  [8f399da3] Libdl 
  [37e2e46d] LinearAlgebra 
  [56ddb016] Logging 
  [d6f4376e] Markdown 
  [a63ad114] Mmap 
  [44cfe95a] Pkg 
  [de0858da] Printf 
  [3fa0cd96] REPL 
  [9a3f8284] Random 
  [ea8e919c] SHA 
  [9e88b42a] Serialization 
  [6462fe0b] Sockets 
  [8dfed614] Test 
  [cf7118a7] UUIDs 
  [4ec0a83e] Unicode 
Test Summary:        | Pass  Total
missing cairo errors |    6      6
Test Summary: | Pass  Total
printing      |    4      4
Test Summary: | Pass  Total
pango         |    2      2
Test Summary: | Pass  Total
table         |    4      4
Test Summary:      | Pass  Total
Image keyword args |    1      1
Test Summary:               | Pass  Total
No Global RNG contamination |    1      1
Test Summary:     | Pass  Total
Image fillopacity |    3      3
Test Summary:         | Pass  Total
SVG Correctness Tests |    2      2
    Testing Compose tests passed 
