Julia Version 1.4.0
Commit b8e9a9ecc6 (2020-03-21 16:36 UTC)
Platform Info:
  OS: Linux (x86_64-pc-linux-gnu)
  CPU: AMD Ryzen Threadripper 2990WX 32-Core Processor
  WORD_SIZE: 64
  LIBM: libopenlibm
  LLVM: libLLVM-8.0.1 (ORCJIT, znver1)
Environment:
  JULIA_DEPOT_PATH = ::/usr/local/share/julia
  JULIA_NUM_THREADS = 2

  Resolving package versions...
  Installed Missings ───────────────────── v0.4.3
  Installed DataAPI ────────────────────── v1.1.0
  Installed Reexport ───────────────────── v0.2.0
  Installed NaNMath ────────────────────── v0.3.3
  Installed CompEcon ───────────────────── v0.4.0
  Installed NLopt ──────────────────────── v0.5.1
  Installed QuantEcon ──────────────────── v0.16.2
  Installed LightGraphs ────────────────── v1.3.1
  Installed CMakeWrapper ───────────────── v0.2.3
  Installed URIParser ──────────────────── v0.4.0
  Installed SimpleTraits ───────────────── v0.9.1
  Installed Requires ───────────────────── v1.0.1
  Installed Rmath ──────────────────────── v0.6.1
  Installed NLSolversBase ──────────────── v7.6.1
  Installed SpecialFunctions ───────────── v0.10.0
  Installed IterTools ──────────────────── v1.3.0
  Installed MKL_jll ────────────────────── v2019.0.117+2
  Installed OrderedCollections ─────────── v1.1.0
  Installed SortingAlgorithms ──────────── v0.3.1
  Installed RecipesBase ────────────────── v0.8.0
  Installed BinDeps ────────────────────── v1.0.0
  Installed StatsFuns ──────────────────── v0.9.4
  Installed Combinatorics ──────────────── v0.7.0
  Installed LineSearches ───────────────── v7.0.1
  Installed QuadGK ─────────────────────── v2.3.1
  Installed FillArrays ─────────────────── v0.8.5
  Installed Arpack ─────────────────────── v0.4.0
  Installed Arpack_jll ─────────────────── v3.5.0+2
  Installed BasisMatrices ──────────────── v0.6.0
  Installed FiniteDiff ─────────────────── v2.3.0
  Installed DiffRules ──────────────────── v1.0.1
  Installed ArrayInterface ─────────────── v2.6.1
  Installed CMake ──────────────────────── v1.2.0
  Installed MacroTools ─────────────────── v0.5.5
  Installed ArnoldiMethod ──────────────── v0.0.4
  Installed Rmath_jll ──────────────────── v0.2.2+0
  Installed PDMats ─────────────────────── v0.9.12
  Installed DiffResults ────────────────── v1.0.2
  Installed Inflate ────────────────────── v0.1.2
  Installed DSP ────────────────────────── v0.6.3
  Installed ForwardDiff ────────────────── v0.10.9
  Installed FFTW_jll ───────────────────── v3.3.9+4
  Installed CommonSubexpressions ───────── v0.2.0
  Installed BinaryProvider ─────────────── v0.5.8
  Installed CompilerSupportLibraries_jll ─ v0.3.1+0
  Installed IntelOpenMP_jll ────────────── v2018.0.3+0
  Installed FFTW ───────────────────────── v1.2.0
  Installed Optim ──────────────────────── v0.20.4
    Cloning [34da2185-b29b-5c13-b0c7-acf172513d20] Compat from https://github.com/JuliaLang/Compat.jl.git
[?25l    Fetching: [>                                        ]  0.0 %[2K[?25h  Installed Compat ─────────────────────── v3.8.0
    Cloning [31c24e10-a181-5473-b8eb-7969acd0382f] Distributions from https://github.com/JuliaStats/Distributions.jl.git
[?25l    Fetching: [>                                        ]  0.0 %[2K[?25h  Installed Distributions ──────────────── v0.23.1
    Cloning [2913bbd2-ae8a-5f71-8c99-4fb6c76f3a91] StatsBase from https://github.com/JuliaStats/StatsBase.jl.git
[?25l    Fetching: [>                                        ]  0.0 %[2K[?25h  Installed StatsBase ──────────────────── v0.32.2
    Cloning [fdba3010-5040-5b88-9595-932c9decdf73] MathProgBase from https://github.com/JuliaOpt/MathProgBase.jl.git
[?25l    Fetching: [>                                        ]  0.0 %[2K[?25h  Installed MathProgBase ───────────────── v0.7.8
    Cloning [27ebfcd6-29c5-5fa9-bf4b-fb8fc14df3ae] Primes from https://github.com/JuliaMath/Primes.jl.git
[?25l    Fetching: [>                                        ]  0.0 %[2K[?25h  Installed Primes ─────────────────────── v0.4.0
    Cloning [4536629a-c528-5b80-bd46-f80d51c5b363] OpenBLAS_jll from https://github.com/JuliaBinaryWrappers/OpenBLAS_jll.jl.git
[?25l    Fetching: [>                                        ]  0.0 %[2K[?25h  Installed OpenBLAS_jll ───────────────── v0.3.7+8
    Cloning [85a6dd25-e78a-55b7-8502-1745935b8125] PositiveFactorizations from https://github.com/timholy/PositiveFactorizations.jl.git
[?25l    Fetching: [>                                        ]  0.0 %[2K[?25h  Installed PositiveFactorizations ─────── v0.2.3
    Cloning [90137ffa-7385-5640-81b9-e52037218182] StaticArrays from https://github.com/JuliaArrays/StaticArrays.jl.git
[?25l    Fetching: [>                                        ]  0.0 %[2K[?25h  Installed StaticArrays ───────────────── v0.12.1
    Cloning [864edb3b-99cc-5e75-8d2d-829cb0a9cfe8] DataStructures from https://github.com/JuliaCollections/DataStructures.jl.git
[?25l    Fetching: [>                                        ]  0.0 %[2K[?25h  Installed DataStructures ─────────────── v0.17.10
    Cloning [621f4979-c628-5d54-868e-fcf4e3e8185c] AbstractFFTs from https://github.com/JuliaMath/AbstractFFTs.jl.git
[?25l    Fetching: [>                                        ]  0.0 %[2K[?25h  Installed AbstractFFTs ───────────────── v0.5.0
    Cloning [d96e819e-fc66-5662-9728-84c9c7592b0a] Parameters from https://github.com/mauro3/Parameters.jl.git
[?25l    Fetching: [>                                        ]  0.0 %[2K[?25h  Installed Parameters ─────────────────── v0.12.0
    Cloning [f27b6e38-b328-58d1-80ce-0feddd5e7a45] Polynomials from https://github.com/JuliaMath/Polynomials.jl.git
[?25l    Fetching: [>                                        ]  0.0 %[2K[?25h  Installed Polynomials ────────────────── v0.6.1
    Cloning [efe28fd5-8261-553b-a9e1-b2916fc3738e] OpenSpecFun_jll from https://github.com/JuliaBinaryWrappers/OpenSpecFun_jll.jl.git
[?25l    Fetching: [>                                        ]  0.0 %[2K[?25h  Installed OpenSpecFun_jll ────────────── v0.5.3+3
   Updating `~/.julia/environments/v1.4/Project.toml`
  [1375f997] + CompEcon v0.4.0
   Updating `~/.julia/environments/v1.4/Manifest.toml`
  [621f4979] + AbstractFFTs v0.5.0
  [ec485272] + ArnoldiMethod v0.0.4
  [7d9fca2a] + Arpack v0.4.0
  [68821587] + Arpack_jll v3.5.0+2
  [4fba245c] + ArrayInterface v2.6.1
  [08854c51] + BasisMatrices v0.6.0
  [9e28174c] + BinDeps v1.0.0
  [b99e7846] + BinaryProvider v0.5.8
  [631607c0] + CMake v1.2.0
  [d5fb7624] + CMakeWrapper v0.2.3
  [861a8166] + Combinatorics v0.7.0
  [bbf7d656] + CommonSubexpressions v0.2.0
  [1375f997] + CompEcon v0.4.0
  [34da2185] + Compat v3.8.0
  [e66e0078] + CompilerSupportLibraries_jll v0.3.1+0
  [717857b8] + DSP v0.6.3
  [9a962f9c] + DataAPI v1.1.0
  [864edb3b] + DataStructures v0.17.10
  [163ba53b] + DiffResults v1.0.2
  [b552c78f] + DiffRules v1.0.1
  [31c24e10] + Distributions v0.23.1
  [7a1cc6ca] + FFTW v1.2.0
  [f5851436] + FFTW_jll v3.3.9+4
  [1a297f60] + FillArrays v0.8.5
  [6a86dc24] + FiniteDiff v2.3.0
  [f6369f11] + ForwardDiff v0.10.9
  [d25df0c9] + Inflate v0.1.2
  [1d5cc7b8] + IntelOpenMP_jll v2018.0.3+0
  [c8e1da08] + IterTools v1.3.0
  [093fc24a] + LightGraphs v1.3.1
  [d3d80556] + LineSearches v7.0.1
  [856f044c] + MKL_jll v2019.0.117+2
  [1914dd2f] + MacroTools v0.5.5
  [fdba3010] + MathProgBase v0.7.8
  [e1d29d7a] + Missings v0.4.3
  [d41bc354] + NLSolversBase v7.6.1
  [76087f3c] + NLopt v0.5.1
  [77ba4419] + NaNMath v0.3.3
  [4536629a] + OpenBLAS_jll v0.3.7+8
  [efe28fd5] + OpenSpecFun_jll v0.5.3+3
  [429524aa] + Optim v0.20.4
  [bac558e1] + OrderedCollections v1.1.0
  [90014a1f] + PDMats v0.9.12
  [d96e819e] + Parameters v0.12.0
  [f27b6e38] + Polynomials v0.6.1
  [85a6dd25] + PositiveFactorizations v0.2.3
  [27ebfcd6] + Primes v0.4.0
  [1fd47b50] + QuadGK v2.3.1
  [fcd29c91] + QuantEcon v0.16.2
  [3cdcf5f2] + RecipesBase v0.8.0
  [189a3867] + Reexport v0.2.0
  [ae029012] + Requires v1.0.1
  [79098fc4] + Rmath v0.6.1
  [f50d1b31] + Rmath_jll v0.2.2+0
  [699a6c99] + SimpleTraits v0.9.1
  [a2af1166] + SortingAlgorithms v0.3.1
  [276daf66] + SpecialFunctions v0.10.0
  [90137ffa] + StaticArrays v0.12.1
  [2913bbd2] + StatsBase v0.32.2
  [4c63d2b9] + StatsFuns v0.9.4
  [30578b45] + URIParser v0.4.0
  [2a0f44e3] + Base64 
  [ade2ca70] + Dates 
  [8bb1440f] + DelimitedFiles 
  [8ba89e20] + Distributed 
  [b77e0a4c] + InteractiveUtils 
  [76f85450] + LibGit2 
  [8f399da3] + Libdl 
  [37e2e46d] + LinearAlgebra 
  [56ddb016] + Logging 
  [d6f4376e] + Markdown 
  [a63ad114] + Mmap 
  [44cfe95a] + Pkg 
  [de0858da] + Printf 
  [3fa0cd96] + REPL 
  [9a3f8284] + Random 
  [ea8e919c] + SHA 
  [9e88b42a] + Serialization 
  [1a1011a3] + SharedArrays 
  [6462fe0b] + Sockets 
  [2f01184e] + SparseArrays 
  [10745b16] + Statistics 
  [4607b0f0] + SuiteSparse 
  [8dfed614] + Test 
  [cf7118a7] + UUIDs 
  [4ec0a83e] + Unicode 
   Building CMake → `~/.julia/packages/CMake/ULbyn/deps/build.log`
┌ Error: Error building `CMake`: 
│   % Total    % Received % Xferd  Average Speed   Time    Time     Time  Current
│                                  Dload  Upload   Total   Spent    Left  Speed
│   0     0    0     0    0     0      0      0 --:--:-- --:--:-- --:--:--     0  0     0    0     0    0     0      0      0 --:--:-- --:--:-- --:--:--     0
│ curl: (22) The requested URL returned error: 401 UNAUTHORIZED
│ [ Info: Attempting to create directory /home/pkgeval/.julia/packages/CMake/ULbyn/deps/downloads
│ [ Info: Downloading file https://github.com/Kitware/CMake/releases/download/v3.15.3/cmake-3.15.3-Linux-x86_64.tar.gz
│ ERROR: LoadError: failed process: Process(`curl -f -o /home/pkgeval/.julia/packages/CMake/ULbyn/deps/downloads/cmake-3.15.3-Linux-x86_64.tar.gz -L https://github.com/Kitware/CMake/releases/download/v3.15.3/cmake-3.15.3-Linux-x86_64.tar.gz`, ProcessExited(22)) [22]
│ 
│ Stacktrace:
│  [1] pipeline_error at ./process.jl:525 [inlined]
│  [2] run(::Cmd; wait::Bool) at ./process.jl:440
│  [3] run(::Cmd) at ./process.jl:438
│  [4] run(::BinDeps.SynchronousStepCollection) at /home/pkgeval/.julia/packages/BinDeps/eiJeV/src/BinDeps.jl:524
│  [5] run(::FileRule) at /home/pkgeval/.julia/packages/BinDeps/eiJeV/src/BinDeps.jl:486
│  [6] run(::BinDeps.SynchronousStepCollection) at /home/pkgeval/.julia/packages/BinDeps/eiJeV/src/BinDeps.jl:524
│  [7] run(::FileRule) at /home/pkgeval/.julia/packages/BinDeps/eiJeV/src/BinDeps.jl:486
│  [8] run(::BinDeps.SynchronousStepCollection) at /home/pkgeval/.julia/packages/BinDeps/eiJeV/src/BinDeps.jl:524
│  [9] top-level scope at /home/pkgeval/.julia/packages/CMake/ULbyn/deps/build.jl:158
│  [10] include(::String) at ./client.jl:439
│  [11] top-level scope at none:5
│ in expression starting at /home/pkgeval/.julia/packages/CMake/ULbyn/deps/build.jl:158
└ @ Pkg.Operations /buildworker/worker/package_linux64/build/usr/share/julia/stdlib/v1.4/Pkg/src/Operations.jl:892
   Building NLopt → `~/.julia/packages/NLopt/eqN9a/deps/build.log`
┌ Error: Error building `NLopt`: 
│ ERROR: LoadError: CMake not properly installed. Please run
│ Pkg.build("CMake")
│ Stacktrace:
│  [1] error(::String) at ./error.jl:33
│  [2] top-level scope at /home/pkgeval/.julia/packages/CMake/ULbyn/src/CMake.jl:13
│  [3] include(::Module, ::String) at ./Base.jl:377
│  [4] top-level scope at none:2
│  [5] eval at ./boot.jl:331 [inlined]
│  [6] eval(::Expr) at ./client.jl:449
│  [7] top-level scope at ./none:3
│ in expression starting at /home/pkgeval/.julia/packages/CMake/ULbyn/src/CMake.jl:12
│ ERROR: LoadError: Failed to precompile CMake [631607c0-34d2-5d66-819e-eb0f9aa2061a] to /home/pkgeval/.julia/compiled/v1.4/CMake/TDh52_BebhW.ji.
│ Stacktrace:
│  [1] error(::String) at ./error.jl:33
│  [2] compilecache(::Base.PkgId, ::String) at ./loading.jl:1272
│  [3] _require(::Base.PkgId) at ./loading.jl:1029
│  [4] require(::Base.PkgId) at ./loading.jl:927
│  [5] require(::Module, ::Symbol) at ./loading.jl:922
│  [6] include(::Module, ::String) at ./Base.jl:377
│  [7] top-level scope at none:2
│  [8] eval at ./boot.jl:331 [inlined]
│  [9] eval(::Expr) at ./client.jl:449
│  [10] top-level scope at ./none:3
│ in expression starting at /home/pkgeval/.julia/packages/CMakeWrapper/Aj38O/src/CMakeWrapper.jl:21
│ ERROR: LoadError: LoadError: Failed to precompile CMakeWrapper [d5fb7624-851a-54ee-a528-d3f3bac0b4a0] to /home/pkgeval/.julia/compiled/v1.4/CMakeWrapper/geahK_BebhW.ji.
│ Stacktrace:
│  [1] error(::String) at ./error.jl:33
│  [2] compilecache(::Base.PkgId, ::String) at ./loading.jl:1272
│  [3] _require(::Base.PkgId) at ./loading.jl:1029
│  [4] require(::Base.PkgId) at ./loading.jl:927
│  [5] require(::Module, ::Symbol) at ./loading.jl:922
│  [6] include(::String) at ./client.jl:439
│  [7] top-level scope at /home/pkgeval/.julia/packages/NLopt/eqN9a/deps/build.jl:2
│  [8] include(::String) at ./client.jl:439
│  [9] top-level scope at none:5
│ in expression starting at /home/pkgeval/.julia/packages/NLopt/eqN9a/deps/compile.jl:2
│ in expression starting at /home/pkgeval/.julia/packages/NLopt/eqN9a/deps/build.jl:2
└ @ Pkg.Operations /buildworker/worker/package_linux64/build/usr/share/julia/stdlib/v1.4/Pkg/src/Operations.jl:892
   Building FFTW ─→ `~/.julia/packages/FFTW/qqcBj/deps/build.log`
    Testing CompEcon
Status `/tmp/jl_BIQOr6/Manifest.toml`
  [621f4979] AbstractFFTs v0.5.0
  [ec485272] ArnoldiMethod v0.0.4
  [7d9fca2a] Arpack v0.4.0
  [68821587] Arpack_jll v3.5.0+2
  [4fba245c] ArrayInterface v2.6.1
  [08854c51] BasisMatrices v0.6.0
  [9e28174c] BinDeps v1.0.0
  [b99e7846] BinaryProvider v0.5.8
  [631607c0] CMake v1.2.0
  [d5fb7624] CMakeWrapper v0.2.3
  [861a8166] Combinatorics v0.7.0
  [bbf7d656] CommonSubexpressions v0.2.0
  [1375f997] CompEcon v0.4.0
  [34da2185] Compat v3.8.0
  [e66e0078] CompilerSupportLibraries_jll v0.3.1+0
  [717857b8] DSP v0.6.3
  [9a962f9c] DataAPI v1.1.0
  [864edb3b] DataStructures v0.17.10
  [163ba53b] DiffResults v1.0.2
  [b552c78f] DiffRules v1.0.1
  [31c24e10] Distributions v0.23.1
  [7a1cc6ca] FFTW v1.2.0
  [f5851436] FFTW_jll v3.3.9+4
  [1a297f60] FillArrays v0.8.5
  [6a86dc24] FiniteDiff v2.3.0
  [f6369f11] ForwardDiff v0.10.9
  [d25df0c9] Inflate v0.1.2
  [1d5cc7b8] IntelOpenMP_jll v2018.0.3+0
  [c8e1da08] IterTools v1.3.0
  [093fc24a] LightGraphs v1.3.1
  [d3d80556] LineSearches v7.0.1
  [856f044c] MKL_jll v2019.0.117+2
  [1914dd2f] MacroTools v0.5.5
  [fdba3010] MathProgBase v0.7.8
  [e1d29d7a] Missings v0.4.3
  [d41bc354] NLSolversBase v7.6.1
  [76087f3c] NLopt v0.5.1
  [77ba4419] NaNMath v0.3.3
  [4536629a] OpenBLAS_jll v0.3.7+8
  [efe28fd5] OpenSpecFun_jll v0.5.3+3
  [429524aa] Optim v0.20.4
  [bac558e1] OrderedCollections v1.1.0
  [90014a1f] PDMats v0.9.12
  [d96e819e] Parameters v0.12.0
  [f27b6e38] Polynomials v0.6.1
  [85a6dd25] PositiveFactorizations v0.2.3
  [27ebfcd6] Primes v0.4.0
  [1fd47b50] QuadGK v2.3.1
  [fcd29c91] QuantEcon v0.16.2
  [3cdcf5f2] RecipesBase v0.8.0
  [189a3867] Reexport v0.2.0
  [ae029012] Requires v1.0.1
  [79098fc4] Rmath v0.6.1
  [f50d1b31] Rmath_jll v0.2.2+0
  [699a6c99] SimpleTraits v0.9.1
  [a2af1166] SortingAlgorithms v0.3.1
  [276daf66] SpecialFunctions v0.10.0
  [90137ffa] StaticArrays v0.12.1
  [2913bbd2] StatsBase v0.32.2
  [4c63d2b9] StatsFuns v0.9.4
  [30578b45] URIParser v0.4.0
  [2a0f44e3] Base64 
  [ade2ca70] Dates 
  [8bb1440f] DelimitedFiles 
  [8ba89e20] Distributed 
  [b77e0a4c] InteractiveUtils 
  [76f85450] LibGit2 
  [8f399da3] Libdl 
  [37e2e46d] LinearAlgebra 
  [56ddb016] Logging 
  [d6f4376e] Markdown 
  [a63ad114] Mmap 
  [44cfe95a] Pkg 
  [de0858da] Printf 
  [3fa0cd96] REPL 
  [9a3f8284] Random 
  [ea8e919c] SHA 
  [9e88b42a] Serialization 
  [1a1011a3] SharedArrays 
  [6462fe0b] Sockets 
  [2f01184e] SparseArrays 
  [10745b16] Statistics 
  [4607b0f0] SuiteSparse 
  [8dfed614] Test 
  [cf7118a7] UUIDs 
  [4ec0a83e] Unicode 
ERROR: LoadError: NLopt not installed properly; run Pkg.build("NLopt"), restart Julia, and try again.
Stacktrace:
 [1] error(::String) at ./error.jl:33
 [2] top-level scope at /home/pkgeval/.julia/packages/NLopt/eqN9a/src/NLopt.jl:16
 [3] include(::Module, ::String) at ./Base.jl:377
 [4] top-level scope at none:2
 [5] eval at ./boot.jl:331 [inlined]
 [6] eval(::Expr) at ./client.jl:449
 [7] top-level scope at ./none:3
in expression starting at /home/pkgeval/.julia/packages/NLopt/eqN9a/src/NLopt.jl:15
ERROR: LoadError: LoadError: Failed to precompile NLopt [76087f3c-5699-56af-9a33-bf431cd00edd] to /home/pkgeval/.julia/compiled/v1.4/NLopt/faRdv_2q5VT.ji.
Stacktrace:
 [1] error(::String) at ./error.jl:33
 [2] compilecache(::Base.PkgId, ::String) at ./loading.jl:1272
 [3] _require(::Base.PkgId) at ./loading.jl:1029
 [4] require(::Base.PkgId) at ./loading.jl:927
 [5] require(::Module, ::Symbol) at ./loading.jl:922
 [6] include(::Module, ::String) at ./Base.jl:377
 [7] include(::String) at /home/pkgeval/.julia/packages/QuantEcon/vVeHL/src/QuantEcon.jl:1
 [8] top-level scope at /home/pkgeval/.julia/packages/QuantEcon/vVeHL/src/QuantEcon.jl:158
 [9] include(::Module, ::String) at ./Base.jl:377
 [10] top-level scope at none:2
 [11] eval at ./boot.jl:331 [inlined]
 [12] eval(::Expr) at ./client.jl:449
 [13] top-level scope at ./none:3
in expression starting at /home/pkgeval/.julia/packages/QuantEcon/vVeHL/src/markov/markov_approx.jl:15
in expression starting at /home/pkgeval/.julia/packages/QuantEcon/vVeHL/src/QuantEcon.jl:158
ERROR: LoadError: Failed to precompile QuantEcon [fcd29c91-0bd7-5a09-975d-7ac3f643a60c] to /home/pkgeval/.julia/compiled/v1.4/QuantEcon/V0Mv9_2q5VT.ji.
Stacktrace:
 [1] error(::String) at ./error.jl:33
 [2] compilecache(::Base.PkgId, ::String) at ./loading.jl:1272
 [3] _require(::Base.PkgId) at ./loading.jl:1029
 [4] require(::Base.PkgId) at ./loading.jl:927
 [5] require(::Module, ::Symbol) at ./loading.jl:922
 [6] include(::Module, ::String) at ./Base.jl:377
 [7] top-level scope at none:2
 [8] eval at ./boot.jl:331 [inlined]
 [9] eval(::Expr) at ./client.jl:449
 [10] top-level scope at ./none:3
in expression starting at /home/pkgeval/.julia/packages/CompEcon/9POAs/src/CompEcon.jl:5
ERROR: LoadError: Failed to precompile CompEcon [1375f997-1772-542d-b6fa-a8ee39124556] to /home/pkgeval/.julia/compiled/v1.4/CompEcon/9X90o_2q5VT.ji.
Stacktrace:
 [1] error(::String) at ./error.jl:33
 [2] compilecache(::Base.PkgId, ::String) at ./loading.jl:1272
 [3] _require(::Base.PkgId) at ./loading.jl:1029
 [4] require(::Base.PkgId) at ./loading.jl:927
 [5] require(::Module, ::Symbol) at ./loading.jl:922
 [6] include(::String) at ./client.jl:439
 [7] top-level scope at none:6
in expression starting at /home/pkgeval/.julia/packages/CompEcon/9POAs/test/runtests.jl:3
ERROR: Package CompEcon errored during testing
Stacktrace:
 [1] pkgerror(::String, ::Vararg{String,N} where N) at /buildworker/worker/package_linux64/build/usr/share/julia/stdlib/v1.4/Pkg/src/Types.jl:53
 [2] test(::Pkg.Types.Context, ::Array{Pkg.Types.PackageSpec,1}; coverage::Bool, julia_args::Cmd, test_args::Cmd, test_fn::Nothing) at /buildworker/worker/package_linux64/build/usr/share/julia/stdlib/v1.4/Pkg/src/Operations.jl:1503
 [3] test(::Pkg.Types.Context, ::Array{Pkg.Types.PackageSpec,1}; coverage::Bool, test_fn::Nothing, julia_args::Cmd, test_args::Cmd, kwargs::Base.Iterators.Pairs{Union{},Union{},Tuple{},NamedTuple{(),Tuple{}}}) at /buildworker/worker/package_linux64/build/usr/share/julia/stdlib/v1.4/Pkg/src/API.jl:316
 [4] test(::Pkg.Types.Context, ::Array{Pkg.Types.PackageSpec,1}) at /buildworker/worker/package_linux64/build/usr/share/julia/stdlib/v1.4/Pkg/src/API.jl:303
 [5] #test#68 at /buildworker/worker/package_linux64/build/usr/share/julia/stdlib/v1.4/Pkg/src/API.jl:297 [inlined]
 [6] test at /buildworker/worker/package_linux64/build/usr/share/julia/stdlib/v1.4/Pkg/src/API.jl:297 [inlined]
 [7] #test#67 at /buildworker/worker/package_linux64/build/usr/share/julia/stdlib/v1.4/Pkg/src/API.jl:296 [inlined]
 [8] test at /buildworker/worker/package_linux64/build/usr/share/julia/stdlib/v1.4/Pkg/src/API.jl:296 [inlined]
 [9] test(::String; kwargs::Base.Iterators.Pairs{Union{},Union{},Tuple{},NamedTuple{(),Tuple{}}}) at /buildworker/worker/package_linux64/build/usr/share/julia/stdlib/v1.4/Pkg/src/API.jl:295
 [10] test(::String) at /buildworker/worker/package_linux64/build/usr/share/julia/stdlib/v1.4/Pkg/src/API.jl:295
 [11] top-level scope at none:16
