Julia Version 1.4.0
Commit b8e9a9ecc6 (2020-03-21 16:36 UTC)
Platform Info:
  OS: Linux (x86_64-pc-linux-gnu)
  CPU: AMD Ryzen Threadripper 2990WX 32-Core Processor
  WORD_SIZE: 64
  LIBM: libopenlibm
  LLVM: libLLVM-8.0.1 (ORCJIT, znver1)
Environment:
  JULIA_DEPOT_PATH = ::/usr/local/share/julia
  JULIA_NUM_THREADS = 2

  Resolving package versions...
  Installed CMake ───────────────── v1.2.0
  Installed BinaryProvider ──────── v0.5.8
  Installed Languages ───────────── v0.4.2
  Installed OrderedCollections ──── v1.1.0
    Cloning [6bdbf80b-0969-53f9-8443-f41591bd656e] ConceptnetNumberbatch from https://github.com/zgornel/ConceptnetNumberbatch.jl.git
[?25l    Fetching: [>                                        ]  0.0 %[2K[?25h  Installed ConceptnetNumberbatch ─ v0.1.5
    Cloning [a74b3585-a348-5f62-a45c-50e91977d574] Blosc from https://github.com/stevengj/Blosc.jl.git
[?25l    Fetching: [>                                        ]  0.0 %[2K[?25h  Installed Blosc ───────────────── v0.6.0
    Cloning [682c06a0-de6a-54ab-a142-c8b1cf79cde6] JSON from https://github.com/JuliaIO/JSON.jl.git
[?25l    Fetching: [>                                        ]  0.0 %[2K[?25h  Installed JSON ────────────────── v0.21.0
    Cloning [d5fb7624-851a-54ee-a528-d3f3bac0b4a0] CMakeWrapper from https://github.com/JuliaPackaging/CMakeWrapper.jl.git
[?25l    Fetching: [>                                        ]  0.0 %[2K[?25h  Installed CMakeWrapper ────────── v0.2.3
    Cloning [3bb67fe8-82b1-5028-8e26-92a6c54297fa] TranscodingStreams from https://github.com/bicycle1885/TranscodingStreams.jl.git
[?25l    Fetching: [>                                        ]  0.0 %[2K[?25h  Installed TranscodingStreams ──── v0.9.5
    Cloning [d96e819e-fc66-5662-9728-84c9c7592b0a] Parameters from https://github.com/mauro3/Parameters.jl.git
[?25l    Fetching: [>                                        ]  0.0 %[2K[?25h  Installed Parameters ──────────── v0.12.0
    Cloning [83775a58-1f1d-513f-b197-d71354ab007a] Zlib_jll from https://github.com/JuliaBinaryWrappers/Zlib_jll.jl.git
[?25l    Fetching: [>                                        ]  0.0 %[2K[?25h  Installed Zlib_jll ────────────── v1.2.11+8
    Cloning [30578b45-9adc-5946-b283-645ec420af67] URIParser from https://github.com/JuliaWeb/URIParser.jl.git
[?25l    Fetching: [>                                        ]  0.0 %[2K[?25h  Installed URIParser ───────────── v0.4.0
    Cloning [944b1d66-785c-5afd-91f1-9de20f533193] CodecZlib from https://github.com/JuliaIO/CodecZlib.jl.git
[?25l    Fetching: [>                                        ]  0.0 %[2K[?25h  Installed CodecZlib ───────────── v0.7.0
    Cloning [69de0a69-1ddd-5017-9359-2bf0b02dc9f0] Parsers from https://github.com/JuliaData/Parsers.jl.git
[?25l    Fetching: [>                                        ]  0.0 %[2K[?25h  Installed Parsers ─────────────── v0.3.12
    Cloning [9e28174c-4ba2-5203-b857-d8d62c4213ee] BinDeps from https://github.com/JuliaPackaging/BinDeps.jl.git
[?25l    Fetching: [>                                        ]  0.0 %[2K[?25h  Installed BinDeps ─────────────── v1.0.0
    Cloning [f67ccb44-e63f-5c2f-98bd-6dc0ccc4ba2f] HDF5 from https://github.com/JuliaIO/HDF5.jl.git
[?25l    Fetching: [>                                        ]  0.0 %[2K[?25h  Installed HDF5 ────────────────── v0.12.5
   Updating `~/.julia/environments/v1.4/Project.toml`
  [6bdbf80b] + ConceptnetNumberbatch v0.1.5
   Updating `~/.julia/environments/v1.4/Manifest.toml`
  [9e28174c] + BinDeps v1.0.0
  [b99e7846] + BinaryProvider v0.5.8
  [a74b3585] + Blosc v0.6.0
  [631607c0] + CMake v1.2.0
  [d5fb7624] + CMakeWrapper v0.2.3
  [944b1d66] + CodecZlib v0.7.0
  [6bdbf80b] + ConceptnetNumberbatch v0.1.5
  [f67ccb44] + HDF5 v0.12.5
  [682c06a0] + JSON v0.21.0
  [8ef0a80b] + Languages v0.4.2
  [bac558e1] + OrderedCollections v1.1.0
  [d96e819e] + Parameters v0.12.0
  [69de0a69] + Parsers v0.3.12
  [3bb67fe8] + TranscodingStreams v0.9.5
  [30578b45] + URIParser v0.4.0
  [83775a58] + Zlib_jll v1.2.11+8
  [2a0f44e3] + Base64 
  [ade2ca70] + Dates 
  [8ba89e20] + Distributed 
  [b77e0a4c] + InteractiveUtils 
  [76f85450] + LibGit2 
  [8f399da3] + Libdl 
  [56ddb016] + Logging 
  [d6f4376e] + Markdown 
  [a63ad114] + Mmap 
  [44cfe95a] + Pkg 
  [de0858da] + Printf 
  [3fa0cd96] + REPL 
  [9a3f8284] + Random 
  [ea8e919c] + SHA 
  [9e88b42a] + Serialization 
  [6462fe0b] + Sockets 
  [8dfed614] + Test 
  [cf7118a7] + UUIDs 
  [4ec0a83e] + Unicode 
   Building CMake → `~/.julia/packages/CMake/ULbyn/deps/build.log`
   Building Blosc → `~/.julia/packages/Blosc/ZgcAM/deps/build.log`
   Building HDF5 ─→ `~/.julia/packages/HDF5/Zh9on/deps/build.log`
    Testing ConceptnetNumberbatch
Status `/tmp/jl_haJcml/Manifest.toml`
  [9e28174c] BinDeps v1.0.0
  [b99e7846] BinaryProvider v0.5.8
  [a74b3585] Blosc v0.6.0
  [631607c0] CMake v1.2.0
  [d5fb7624] CMakeWrapper v0.2.3
  [944b1d66] CodecZlib v0.7.0
  [6bdbf80b] ConceptnetNumberbatch v0.1.5
  [f67ccb44] HDF5 v0.12.5
  [682c06a0] JSON v0.21.0
  [8ef0a80b] Languages v0.4.2
  [bac558e1] OrderedCollections v1.1.0
  [d96e819e] Parameters v0.12.0
  [69de0a69] Parsers v0.3.12
  [3bb67fe8] TranscodingStreams v0.9.5
  [30578b45] URIParser v0.4.0
  [83775a58] Zlib_jll v1.2.11+8
  [2a0f44e3] Base64 
  [ade2ca70] Dates 
  [8ba89e20] Distributed 
  [b77e0a4c] InteractiveUtils 
  [76f85450] LibGit2 
  [8f399da3] Libdl 
  [56ddb016] Logging 
  [d6f4376e] Markdown 
  [a63ad114] Mmap 
  [44cfe95a] Pkg 
  [de0858da] Printf 
  [3fa0cd96] REPL 
  [9a3f8284] Random 
  [ea8e919c] SHA 
  [9e88b42a] Serialization 
  [6462fe0b] Sockets 
  [8dfed614] Test 
  [cf7118a7] UUIDs 
  [4ec0a83e] Unicode 
Test Summary:          | Pass  Total
Parser: (no arguments) |    4      4
Test Summary:            | Pass  Total
Parser: max_vocab_size=5 |    4      4
Test Summary:                          | Pass  Total
Parser: max_vocab_size=5, 3 keep words |   16     16
Test Summary: | Pass  Total
Indexing      |   17     17
Test Summary:  | Pass  Total
Fuzzy Indexing |    4      4
missed = Int64[]
Test Summary:      | Pass  Total
Document Embedding |   13     13
Test Summary: | Pass  Total
Show methods  |    4      4
    Testing ConceptnetNumberbatch tests passed 
