Julia Version 1.4.0
Commit b8e9a9ecc6 (2020-03-21 16:36 UTC)
Platform Info:
  OS: Linux (x86_64-pc-linux-gnu)
  CPU: AMD Ryzen Threadripper 2990WX 32-Core Processor
  WORD_SIZE: 64
  LIBM: libopenlibm
  LLVM: libLLVM-8.0.1 (ORCJIT, znver1)
Environment:
  JULIA_DEPOT_PATH = ::/usr/local/share/julia
  JULIA_NUM_THREADS = 2

  Resolving package versions...
  Installed ConstraintProgrammingExtensions ─ v0.0.1
  Installed MbedTLS_jll ───────────────────── v2.16.0+1
  Installed JSON ──────────────────────────── v0.21.0
  Installed IniFile ───────────────────────── v0.5.0
  Installed MbedTLS ───────────────────────── v1.0.1
  Installed OrderedCollections ────────────── v1.1.0
    Cloning [b99e7846-7c00-51b0-8f62-c81ae34c0232] BinaryProvider from https://github.com/JuliaPackaging/BinaryProvider.jl.git
[?25l    Fetching: [>                                        ]  0.0 %[2K[?25h  Installed BinaryProvider ────────────────── v0.5.8
    Cloning [cd3eb016-35fb-5094-929b-558a96fad6f3] HTTP from https://github.com/JuliaWeb/HTTP.jl.git
[?25l    Fetching: [>                                        ]  0.0 %[2K[?25h  Installed HTTP ──────────────────────────── v0.8.13
    Cloning [6e4b80f9-dd63-53aa-95a3-0cdb28fa8baf] BenchmarkTools from https://github.com/JuliaCI/BenchmarkTools.jl.git
[?25l    Fetching: [>                                        ]  0.0 %[2K[?25h  Installed BenchmarkTools ────────────────── v0.5.0
    Cloning [d8a4904e-b15c-11e9-3269-09a3773c0cb0] MutableArithmetics from https://github.com/JuliaOpt/MutableArithmetics.jl.git
[?25l    Fetching: [>                                        ]  0.0 %[2K[?25h  Installed MutableArithmetics ────────────── v0.2.7
    Cloning [b8f27783-ece8-5eb3-8dc8-9495eed66fee] MathOptInterface from https://github.com/JuliaOpt/MathOptInterface.jl.git
[?25l    Fetching: [>                                        ]  0.0 %    Resolving Deltas: [=================>                       ]  40.4 %[2K[?25h  Installed MathOptInterface ──────────────── v0.9.12
    Cloning [3bb67fe8-82b1-5028-8e26-92a6c54297fa] TranscodingStreams from https://github.com/bicycle1885/TranscodingStreams.jl.git
[?25l    Fetching: [>                                        ]  0.0 %[2K[?25h  Installed TranscodingStreams ────────────── v0.9.5
    Cloning [523fee87-0ab8-5b00-afb7-3ecf72e48cfd] CodecBzip2 from https://github.com/JuliaIO/CodecBzip2.jl.git
[?25l    Fetching: [>                                        ]  0.0 %[2K[?25h  Installed CodecBzip2 ────────────────────── v0.6.0
    Cloning [69de0a69-1ddd-5017-9359-2bf0b02dc9f0] Parsers from https://github.com/JuliaData/Parsers.jl.git
[?25l    Fetching: [>                                        ]  0.0 %[2K[?25h  Installed Parsers ───────────────────────── v0.3.12
    Cloning [7d188eb4-7ad8-530c-ae41-71a32a6d4692] JSONSchema from https://github.com/fredo-dedup/JSONSchema.jl.git
[?25l    Fetching: [>                                        ]  0.0 %[2K[?25h  Installed JSONSchema ────────────────────── v0.2.0
    Cloning [944b1d66-785c-5afd-91f1-9de20f533193] CodecZlib from https://github.com/JuliaIO/CodecZlib.jl.git
[?25l    Fetching: [>                                        ]  0.0 %[2K[?25h  Installed CodecZlib ─────────────────────── v0.6.0
   Updating `~/.julia/environments/v1.4/Project.toml`
  [b65d079e] + ConstraintProgrammingExtensions v0.0.1
   Updating `~/.julia/environments/v1.4/Manifest.toml`
  [6e4b80f9] + BenchmarkTools v0.5.0
  [b99e7846] + BinaryProvider v0.5.8
  [523fee87] + CodecBzip2 v0.6.0
  [944b1d66] + CodecZlib v0.6.0
  [b65d079e] + ConstraintProgrammingExtensions v0.0.1
  [cd3eb016] + HTTP v0.8.13
  [83e8ac13] + IniFile v0.5.0
  [682c06a0] + JSON v0.21.0
  [7d188eb4] + JSONSchema v0.2.0
  [b8f27783] + MathOptInterface v0.9.12
  [739be429] + MbedTLS v1.0.1
  [c8ffd9c3] + MbedTLS_jll v2.16.0+1
  [d8a4904e] + MutableArithmetics v0.2.7
  [bac558e1] + OrderedCollections v1.1.0
  [69de0a69] + Parsers v0.3.12
  [3bb67fe8] + TranscodingStreams v0.9.5
  [2a0f44e3] + Base64 
  [ade2ca70] + Dates 
  [8ba89e20] + Distributed 
  [b77e0a4c] + InteractiveUtils 
  [76f85450] + LibGit2 
  [8f399da3] + Libdl 
  [37e2e46d] + LinearAlgebra 
  [56ddb016] + Logging 
  [d6f4376e] + Markdown 
  [a63ad114] + Mmap 
  [44cfe95a] + Pkg 
  [de0858da] + Printf 
  [3fa0cd96] + REPL 
  [9a3f8284] + Random 
  [ea8e919c] + SHA 
  [9e88b42a] + Serialization 
  [6462fe0b] + Sockets 
  [2f01184e] + SparseArrays 
  [10745b16] + Statistics 
  [8dfed614] + Test 
  [cf7118a7] + UUIDs 
  [4ec0a83e] + Unicode 
   Building CodecBzip2 → `~/.julia/packages/CodecBzip2/T5yr7/deps/build.log`
   Building CodecZlib ─→ `~/.julia/packages/CodecZlib/5t9zO/deps/build.log`
    Testing ConstraintProgrammingExtensions
Status `/tmp/jl_oYTnym/Manifest.toml`
  [6e4b80f9] BenchmarkTools v0.5.0
  [b99e7846] BinaryProvider v0.5.8
  [523fee87] CodecBzip2 v0.6.0
  [944b1d66] CodecZlib v0.6.0
  [b65d079e] ConstraintProgrammingExtensions v0.0.1
  [cd3eb016] HTTP v0.8.13
  [83e8ac13] IniFile v0.5.0
  [682c06a0] JSON v0.21.0
  [7d188eb4] JSONSchema v0.2.0
  [b8f27783] MathOptInterface v0.9.12
  [739be429] MbedTLS v1.0.1
  [c8ffd9c3] MbedTLS_jll v2.16.0+1
  [d8a4904e] MutableArithmetics v0.2.7
  [bac558e1] OrderedCollections v1.1.0
  [69de0a69] Parsers v0.3.12
  [3bb67fe8] TranscodingStreams v0.9.5
  [2a0f44e3] Base64 
  [ade2ca70] Dates 
  [8ba89e20] Distributed 
  [b77e0a4c] InteractiveUtils 
  [76f85450] LibGit2 
  [8f399da3] Libdl 
  [37e2e46d] LinearAlgebra 
  [56ddb016] Logging 
  [d6f4376e] Markdown 
  [a63ad114] Mmap 
  [44cfe95a] Pkg 
  [de0858da] Printf 
  [3fa0cd96] REPL 
  [9a3f8284] Random 
  [ea8e919c] SHA 
  [9e88b42a] Serialization 
  [6462fe0b] Sockets 
  [2f01184e] SparseArrays 
  [10745b16] Statistics 
  [8dfed614] Test 
  [cf7118a7] UUIDs 
  [4ec0a83e] Unicode 
Test Summary:                   | Pass  Total
ConstraintProgrammingExtensions |   29     29
    Testing ConstraintProgrammingExtensions tests passed 
