Julia Version 1.4.0
Commit b8e9a9ecc6 (2020-03-21 16:36 UTC)
Platform Info:
  OS: Linux (x86_64-pc-linux-gnu)
  CPU: AMD Ryzen Threadripper 2990WX 32-Core Processor
  WORD_SIZE: 64
  LIBM: libopenlibm
  LLVM: libLLVM-8.0.1 (ORCJIT, znver1)
Environment:
  JULIA_DEPOT_PATH = ::/usr/local/share/julia
  JULIA_NUM_THREADS = 2

  Resolving package versions...
  Installed MbedTLS_jll ───────────────────── v2.16.0+1
  Installed MutableArithmetics ────────────── v0.2.7
  Installed IniFile ───────────────────────── v0.5.0
  Installed OrderedCollections ────────────── v1.1.0
  Installed MbedTLS ───────────────────────── v1.0.1
  Installed Parsers ───────────────────────── v0.3.12
    Cloning [cd3eb016-35fb-5094-929b-558a96fad6f3] HTTP from https://github.com/JuliaWeb/HTTP.jl.git
[?25l    Fetching: [>                                        ]  0.0 %[2K[?25h  Installed HTTP ──────────────────────────── v0.8.13
    Cloning [b65d079e-ed98-51d9-b0db-edee61a5c5f8] ConstraintProgrammingExtensions from https://github.com/dourouc05/ConstraintProgrammingExtensions.jl.git
[?25l    Fetching: [>                                        ]  0.0 %[2K[?25h  Installed ConstraintProgrammingExtensions ─ v0.0.1
    Cloning [b99e7846-7c00-51b0-8f62-c81ae34c0232] BinaryProvider from https://github.com/JuliaPackaging/BinaryProvider.jl.git
[?25l    Fetching: [>                                        ]  0.0 %[2K[?25h  Installed BinaryProvider ────────────────── v0.5.8
    Cloning [6e4b80f9-dd63-53aa-95a3-0cdb28fa8baf] BenchmarkTools from https://github.com/JuliaCI/BenchmarkTools.jl.git
[?25l    Fetching: [>                                        ]  0.0 %[2K[?25h  Installed BenchmarkTools ────────────────── v0.5.0
    Cloning [682c06a0-de6a-54ab-a142-c8b1cf79cde6] JSON from https://github.com/JuliaIO/JSON.jl.git
[?25l    Fetching: [>                                        ]  0.0 %[2K[?25h  Installed JSON ──────────────────────────── v0.21.0
    Cloning [b8f27783-ece8-5eb3-8dc8-9495eed66fee] MathOptInterface from https://github.com/JuliaOpt/MathOptInterface.jl.git
[?25l    Fetching: [>                                        ]  0.0 %    Resolving Deltas: [=======>                                 ]  15.9 %[2K[?25h  Installed MathOptInterface ──────────────── v0.9.12
    Cloning [523fee87-0ab8-5b00-afb7-3ecf72e48cfd] CodecBzip2 from https://github.com/JuliaIO/CodecBzip2.jl.git
[?25l    Fetching: [>                                        ]  0.0 %[2K[?25h  Installed CodecBzip2 ────────────────────── v0.6.0
    Cloning [3bb67fe8-82b1-5028-8e26-92a6c54297fa] TranscodingStreams from https://github.com/bicycle1885/TranscodingStreams.jl.git
[?25l    Fetching: [>                                        ]  0.0 %[2K[?25h  Installed TranscodingStreams ────────────── v0.9.5
    Cloning [7d188eb4-7ad8-530c-ae41-71a32a6d4692] JSONSchema from https://github.com/fredo-dedup/JSONSchema.jl.git
[?25l    Fetching: [>                                        ]  0.0 %[2K[?25h  Installed JSONSchema ────────────────────── v0.2.0
    Cloning [944b1d66-785c-5afd-91f1-9de20f533193] CodecZlib from https://github.com/JuliaIO/CodecZlib.jl.git
[?25l    Fetching: [>                                        ]  0.0 %[2K[?25h  Installed CodecZlib ─────────────────────── v0.6.0
   Updating `~/.julia/environments/v1.4/Project.toml`
  [b65d079e] + ConstraintProgrammingExtensions v0.0.1
   Updating `~/.julia/environments/v1.4/Manifest.toml`
  [6e4b80f9] + BenchmarkTools v0.5.0
  [b99e7846] + BinaryProvider v0.5.8
  [523fee87] + CodecBzip2 v0.6.0
  [944b1d66] + CodecZlib v0.6.0
  [b65d079e] + ConstraintProgrammingExtensions v0.0.1
  [cd3eb016] + HTTP v0.8.13
  [83e8ac13] + IniFile v0.5.0
  [682c06a0] + JSON v0.21.0
  [7d188eb4] + JSONSchema v0.2.0
  [b8f27783] + MathOptInterface v0.9.12
  [739be429] + MbedTLS v1.0.1
  [c8ffd9c3] + MbedTLS_jll v2.16.0+1
  [d8a4904e] + MutableArithmetics v0.2.7
  [bac558e1] + OrderedCollections v1.1.0
  [69de0a69] + Parsers v0.3.12
  [3bb67fe8] + TranscodingStreams v0.9.5
  [2a0f44e3] + Base64 
  [ade2ca70] + Dates 
  [8ba89e20] + Distributed 
  [b77e0a4c] + InteractiveUtils 
  [76f85450] + LibGit2 
  [8f399da3] + Libdl 
  [37e2e46d] + LinearAlgebra 
  [56ddb016] + Logging 
  [d6f4376e] + Markdown 
  [a63ad114] + Mmap 
  [44cfe95a] + Pkg 
  [de0858da] + Printf 
  [3fa0cd96] + REPL 
  [9a3f8284] + Random 
  [ea8e919c] + SHA 
  [9e88b42a] + Serialization 
  [6462fe0b] + Sockets 
  [2f01184e] + SparseArrays 
  [10745b16] + Statistics 
  [8dfed614] + Test 
  [cf7118a7] + UUIDs 
  [4ec0a83e] + Unicode 
   Building CodecBzip2 → `~/.julia/packages/CodecBzip2/T5yr7/deps/build.log`
┌ Error: Error building `CodecBzip2`: 
│ [ Info: Downloading https://github.com/JuliaPackaging/Yggdrasil/releases/download/Bzip2-v1.0.6-2/Bzip2.v1.0.6.x86_64-linux-gnu.tar.gz to /home/pkgeval/.julia/packages/CodecBzip2/T5yr7/deps/usr/downloads/Bzip2.v1.0.6.x86_64-linux-gnu.tar.gz...
│ ERROR: LoadError: Could not download https://github.com/JuliaPackaging/Yggdrasil/releases/download/Bzip2-v1.0.6-2/Bzip2.v1.0.6.x86_64-linux-gnu.tar.gz to /home/pkgeval/.julia/packages/CodecBzip2/T5yr7/deps/usr/downloads/Bzip2.v1.0.6.x86_64-linux-gnu.tar.gz:
│ ErrorException("")
│ Stacktrace:
│  [1] error(::String) at ./error.jl:33
│  [2] download(::String, ::String; verbose::Bool) at /home/pkgeval/.julia/packages/BinaryProvider/kcGxO/src/PlatformEngines.jl:502
│  [3] download_verify(::String, ::String, ::String; verbose::Bool, force::Bool, quiet_download::Bool) at /home/pkgeval/.julia/packages/BinaryProvider/kcGxO/src/PlatformEngines.jl:571
│  [4] install(::String, ::String; prefix::Prefix, tarball_path::String, force::Bool, ignore_platform::Bool, verbose::Bool) at /home/pkgeval/.julia/packages/BinaryProvider/kcGxO/src/Prefix.jl:314
│  [5] top-level scope at /home/pkgeval/.julia/packages/CodecBzip2/T5yr7/deps/build.jl:44
│  [6] include(::String) at ./client.jl:439
│  [7] top-level scope at none:5
│ in expression starting at /home/pkgeval/.julia/packages/CodecBzip2/T5yr7/deps/build.jl:42
│ caused by [exception 1]
│ 
│ Stacktrace:
│  [1] error() at ./error.jl:42
│  [2] download(::String, ::String; verbose::Bool) at /home/pkgeval/.julia/packages/BinaryProvider/kcGxO/src/PlatformEngines.jl:496
│  [3] download_verify(::String, ::String, ::String; verbose::Bool, force::Bool, quiet_download::Bool) at /home/pkgeval/.julia/packages/BinaryProvider/kcGxO/src/PlatformEngines.jl:571
│  [4] install(::String, ::String; prefix::Prefix, tarball_path::String, force::Bool, ignore_platform::Bool, verbose::Bool) at /home/pkgeval/.julia/packages/BinaryProvider/kcGxO/src/Prefix.jl:314
│  [5] top-level scope at /home/pkgeval/.julia/packages/CodecBzip2/T5yr7/deps/build.jl:44
│  [6] include(::String) at ./client.jl:439
│  [7] top-level scope at none:5
│ [11:23:31] #=#=#                                                                         [11:23:31] 
│ [11:23:31] curl: (22) The requested URL returned error: 401 UNAUTHORIZED
└ @ Pkg.Operations /buildworker/worker/package_linux64/build/usr/share/julia/stdlib/v1.4/Pkg/src/Operations.jl:892
   Building CodecZlib ─→ `~/.julia/packages/CodecZlib/5t9zO/deps/build.log`
    Testing ConstraintProgrammingExtensions
Status `/tmp/jl_66YCBe/Manifest.toml`
  [6e4b80f9] BenchmarkTools v0.5.0
  [b99e7846] BinaryProvider v0.5.8
  [523fee87] CodecBzip2 v0.6.0
  [944b1d66] CodecZlib v0.6.0
  [b65d079e] ConstraintProgrammingExtensions v0.0.1
  [cd3eb016] HTTP v0.8.13
  [83e8ac13] IniFile v0.5.0
  [682c06a0] JSON v0.21.0
  [7d188eb4] JSONSchema v0.2.0
  [b8f27783] MathOptInterface v0.9.12
  [739be429] MbedTLS v1.0.1
  [c8ffd9c3] MbedTLS_jll v2.16.0+1
  [d8a4904e] MutableArithmetics v0.2.7
  [bac558e1] OrderedCollections v1.1.0
  [69de0a69] Parsers v0.3.12
  [3bb67fe8] TranscodingStreams v0.9.5
  [2a0f44e3] Base64 
  [ade2ca70] Dates 
  [8ba89e20] Distributed 
  [b77e0a4c] InteractiveUtils 
  [76f85450] LibGit2 
  [8f399da3] Libdl 
  [37e2e46d] LinearAlgebra 
  [56ddb016] Logging 
  [d6f4376e] Markdown 
  [a63ad114] Mmap 
  [44cfe95a] Pkg 
  [de0858da] Printf 
  [3fa0cd96] REPL 
  [9a3f8284] Random 
  [ea8e919c] SHA 
  [9e88b42a] Serialization 
  [6462fe0b] Sockets 
  [2f01184e] SparseArrays 
  [10745b16] Statistics 
  [8dfed614] Test 
  [cf7118a7] UUIDs 
  [4ec0a83e] Unicode 
ERROR: LoadError: CodecBzip2.jl is not installed properly, run Pkg.build("CodecBzip2") and restart Julia.
Stacktrace:
 [1] error(::String) at ./error.jl:33
 [2] top-level scope at /home/pkgeval/.julia/packages/CodecBzip2/T5yr7/src/CodecBzip2.jl:21
 [3] include(::Module, ::String) at ./Base.jl:377
 [4] top-level scope at none:2
 [5] eval at ./boot.jl:331 [inlined]
 [6] eval(::Expr) at ./client.jl:449
 [7] top-level scope at ./none:3
in expression starting at /home/pkgeval/.julia/packages/CodecBzip2/T5yr7/src/CodecBzip2.jl:20
ERROR: LoadError: LoadError: Failed to precompile CodecBzip2 [523fee87-0ab8-5b00-afb7-3ecf72e48cfd] to /home/pkgeval/.julia/compiled/v1.4/CodecBzip2/5pIlR_yvuel.ji.
Stacktrace:
 [1] error(::String) at ./error.jl:33
 [2] compilecache(::Base.PkgId, ::String) at ./loading.jl:1272
 [3] _require(::Base.PkgId) at ./loading.jl:1029
 [4] require(::Base.PkgId) at ./loading.jl:927
 [5] require(::Module, ::Symbol) at ./loading.jl:922
 [6] include(::Module, ::String) at ./Base.jl:377
 [7] include(::String) at /home/pkgeval/.julia/packages/MathOptInterface/XiH8D/src/MathOptInterface.jl:1
 [8] top-level scope at /home/pkgeval/.julia/packages/MathOptInterface/XiH8D/src/MathOptInterface.jl:127
 [9] include(::Module, ::String) at ./Base.jl:377
 [10] top-level scope at none:2
 [11] eval at ./boot.jl:331 [inlined]
 [12] eval(::Expr) at ./client.jl:449
 [13] top-level scope at ./none:3
in expression starting at /home/pkgeval/.julia/packages/MathOptInterface/XiH8D/src/FileFormats/FileFormats.jl:6
in expression starting at /home/pkgeval/.julia/packages/MathOptInterface/XiH8D/src/MathOptInterface.jl:127
ERROR: LoadError: Failed to precompile MathOptInterface [b8f27783-ece8-5eb3-8dc8-9495eed66fee] to /home/pkgeval/.julia/compiled/v1.4/MathOptInterface/tyub8_yvuel.ji.
Stacktrace:
 [1] error(::String) at ./error.jl:33
 [2] compilecache(::Base.PkgId, ::String) at ./loading.jl:1272
 [3] _require(::Base.PkgId) at ./loading.jl:1029
 [4] require(::Base.PkgId) at ./loading.jl:927
 [5] require(::Module, ::Symbol) at ./loading.jl:922
 [6] include(::String) at ./client.jl:439
 [7] top-level scope at none:6
in expression starting at /home/pkgeval/.julia/packages/ConstraintProgrammingExtensions/DiRSM/test/runtests.jl:1
ERROR: Package ConstraintProgrammingExtensions errored during testing
Stacktrace:
 [1] pkgerror(::String, ::Vararg{String,N} where N) at /buildworker/worker/package_linux64/build/usr/share/julia/stdlib/v1.4/Pkg/src/Types.jl:53
 [2] test(::Pkg.Types.Context, ::Array{Pkg.Types.PackageSpec,1}; coverage::Bool, julia_args::Cmd, test_args::Cmd, test_fn::Nothing) at /buildworker/worker/package_linux64/build/usr/share/julia/stdlib/v1.4/Pkg/src/Operations.jl:1503
 [3] test(::Pkg.Types.Context, ::Array{Pkg.Types.PackageSpec,1}; coverage::Bool, test_fn::Nothing, julia_args::Cmd, test_args::Cmd, kwargs::Base.Iterators.Pairs{Union{},Union{},Tuple{},NamedTuple{(),Tuple{}}}) at /buildworker/worker/package_linux64/build/usr/share/julia/stdlib/v1.4/Pkg/src/API.jl:316
 [4] test(::Pkg.Types.Context, ::Array{Pkg.Types.PackageSpec,1}) at /buildworker/worker/package_linux64/build/usr/share/julia/stdlib/v1.4/Pkg/src/API.jl:303
 [5] #test#68 at /buildworker/worker/package_linux64/build/usr/share/julia/stdlib/v1.4/Pkg/src/API.jl:297 [inlined]
 [6] test at /buildworker/worker/package_linux64/build/usr/share/julia/stdlib/v1.4/Pkg/src/API.jl:297 [inlined]
 [7] #test#67 at /buildworker/worker/package_linux64/build/usr/share/julia/stdlib/v1.4/Pkg/src/API.jl:296 [inlined]
 [8] test at /buildworker/worker/package_linux64/build/usr/share/julia/stdlib/v1.4/Pkg/src/API.jl:296 [inlined]
 [9] test(::String; kwargs::Base.Iterators.Pairs{Union{},Union{},Tuple{},NamedTuple{(),Tuple{}}}) at /buildworker/worker/package_linux64/build/usr/share/julia/stdlib/v1.4/Pkg/src/API.jl:295
 [10] test(::String) at /buildworker/worker/package_linux64/build/usr/share/julia/stdlib/v1.4/Pkg/src/API.jl:295
 [11] top-level scope at none:16
