Julia Version 1.3.1
Commit 2d5741174c (2019-12-30 21:36 UTC)
Platform Info:
  OS: Linux (x86_64-pc-linux-gnu)
  CPU: AMD Ryzen Threadripper 2990WX 32-Core Processor
  WORD_SIZE: 64
  LIBM: libopenlibm
  LLVM: libLLVM-6.0.1 (ORCJIT, znver1)
Environment:
  JULIA_DEPOT_PATH = ::/usr/local/share/julia
  JULIA_NUM_THREADS = 2

 Resolving package versions...
 Installed RecipesBase ──────────────── v0.8.0
 Installed StaticArrays ─────────────── v0.12.1
 Installed Requires ─────────────────── v1.0.1
 Installed ConvexBodyProximityQueries ─ v0.1.6
  Updating `~/.julia/environments/v1.3/Project.toml`
  [e9983d58] + ConvexBodyProximityQueries v0.1.6
  Updating `~/.julia/environments/v1.3/Manifest.toml`
  [e9983d58] + ConvexBodyProximityQueries v0.1.6
  [3cdcf5f2] + RecipesBase v0.8.0
  [ae029012] + Requires v1.0.1
  [90137ffa] + StaticArrays v0.12.1
  [8f399da3] + Libdl 
  [37e2e46d] + LinearAlgebra 
  [9a3f8284] + Random 
  [ea8e919c] + SHA 
  [9e88b42a] + Serialization 
  [2f01184e] + SparseArrays 
  [10745b16] + Statistics 
  [cf7118a7] + UUIDs 
   Testing ConvexBodyProximityQueries
 Resolving package versions...
 Installed NaNMath ────────────────────── v0.3.3
 Installed DiffRules ──────────────────── v1.0.1
 Installed DiffResults ────────────────── v1.0.2
 Installed GLPKMathProgInterface ──────── v0.4.4
 Installed GeometryTypes ──────────────── v0.8.1
 Installed IntervalArithmetic ─────────── v0.16.1
 Installed MbedTLS ────────────────────── v1.0.1
 Installed LazySets ───────────────────── v1.32.1
 Installed CodecBzip2 ─────────────────── v0.6.0
 Installed CodecZlib ──────────────────── v0.6.0
 Installed HTTP ───────────────────────── v0.8.12
 Installed CompilerSupportLibraries_jll ─ v0.2.0+1
 Installed SetRounding ────────────────── v0.2.0
 Installed MbedTLS_jll ────────────────── v2.16.0+1
 Installed BenchmarkTools ─────────────── v0.5.0
 Installed DataStructures ─────────────── v0.17.10
 Installed SpecialFunctions ───────────── v0.10.0
 Installed MutableArithmetics ─────────── v0.2.7
 Installed ColorTypes ─────────────────── v0.9.1
 Installed ErrorfreeArithmetic ────────── v0.5.0
 Installed CRlibm ─────────────────────── v0.8.0
 Installed ForwardDiff ────────────────── v0.10.9
 Installed FixedPointNumbers ──────────── v0.7.1
 Installed MathProgBase ───────────────── v0.7.8
 Installed Compat ─────────────────────── v2.2.0
 Installed Parsers ────────────────────── v0.3.12
 Installed JSONSchema ─────────────────── v0.2.0
 Installed MathOptInterface ───────────── v0.9.12
 Installed JSON ───────────────────────── v0.21.0
 Installed TranscodingStreams ─────────── v0.9.5
 Installed Reexport ───────────────────── v0.2.0
 Installed OrderedCollections ─────────── v1.1.0
 Installed BinaryProvider ─────────────── v0.5.8
 Installed IniFile ────────────────────── v0.5.0
 Installed OpenSpecFun_jll ────────────── v0.5.3+3
 Installed Calculus ───────────────────── v0.5.1
 Installed CommonSubexpressions ───────── v0.2.0
 Installed FastRounding ───────────────── v0.3.1
 Installed JuMP ───────────────────────── v0.20.1
 Installed GLPK ───────────────────────── v0.12.1
  Building CodecBzip2 → `~/.julia/packages/CodecBzip2/T5yr7/deps/build.log`
  Building CodecZlib ─→ `~/.julia/packages/CodecZlib/5t9zO/deps/build.log`
  Building CRlibm ────→ `~/.julia/packages/CRlibm/NFCH5/deps/build.log`
[ Info: No changes
  Building GLPK ──────→ `~/.julia/packages/GLPK/HjJiX/deps/build.log`
    Status `/tmp/jl_dT03Jk/Manifest.toml`
  [6e4b80f9] BenchmarkTools v0.5.0
  [b99e7846] BinaryProvider v0.5.8
  [96374032] CRlibm v0.8.0
  [49dc2e85] Calculus v0.5.1
  [523fee87] CodecBzip2 v0.6.0
  [944b1d66] CodecZlib v0.6.0
  [3da002f7] ColorTypes v0.9.1
  [bbf7d656] CommonSubexpressions v0.2.0
  [34da2185] Compat v2.2.0
  [e66e0078] CompilerSupportLibraries_jll v0.2.0+1
  [e9983d58] ConvexBodyProximityQueries v0.1.6
  [864edb3b] DataStructures v0.17.10
  [163ba53b] DiffResults v1.0.2
  [b552c78f] DiffRules v1.0.1
  [90fa49ef] ErrorfreeArithmetic v0.5.0
  [fa42c844] FastRounding v0.3.1
  [53c48c17] FixedPointNumbers v0.7.1
  [f6369f11] ForwardDiff v0.10.9
  [60bf3e95] GLPK v0.12.1
  [3c7084bd] GLPKMathProgInterface v0.4.4
  [4d00f742] GeometryTypes v0.8.1
  [cd3eb016] HTTP v0.8.12
  [83e8ac13] IniFile v0.5.0
  [d1acc4aa] IntervalArithmetic v0.16.1
  [682c06a0] JSON v0.21.0
  [7d188eb4] JSONSchema v0.2.0
  [4076af6c] JuMP v0.20.1
  [b4f0291d] LazySets v1.32.1
  [b8f27783] MathOptInterface v0.9.12
  [fdba3010] MathProgBase v0.7.8
  [739be429] MbedTLS v1.0.1
  [c8ffd9c3] MbedTLS_jll v2.16.0+1
  [d8a4904e] MutableArithmetics v0.2.7
  [77ba4419] NaNMath v0.3.3
  [efe28fd5] OpenSpecFun_jll v0.5.3+3
  [bac558e1] OrderedCollections v1.1.0
  [69de0a69] Parsers v0.3.12
  [3cdcf5f2] RecipesBase v0.8.0
  [189a3867] Reexport v0.2.0
  [ae029012] Requires v1.0.1
  [3cc68bcd] SetRounding v0.2.0
  [276daf66] SpecialFunctions v0.10.0
  [90137ffa] StaticArrays v0.12.1
  [3bb67fe8] TranscodingStreams v0.9.5
  [2a0f44e3] Base64  [`@stdlib/Base64`]
  [ade2ca70] Dates  [`@stdlib/Dates`]
  [8bb1440f] DelimitedFiles  [`@stdlib/DelimitedFiles`]
  [8ba89e20] Distributed  [`@stdlib/Distributed`]
  [b77e0a4c] InteractiveUtils  [`@stdlib/InteractiveUtils`]
  [76f85450] LibGit2  [`@stdlib/LibGit2`]
  [8f399da3] Libdl  [`@stdlib/Libdl`]
  [37e2e46d] LinearAlgebra  [`@stdlib/LinearAlgebra`]
  [56ddb016] Logging  [`@stdlib/Logging`]
  [d6f4376e] Markdown  [`@stdlib/Markdown`]
  [a63ad114] Mmap  [`@stdlib/Mmap`]
  [44cfe95a] Pkg  [`@stdlib/Pkg`]
  [de0858da] Printf  [`@stdlib/Printf`]
  [3fa0cd96] REPL  [`@stdlib/REPL`]
  [9a3f8284] Random  [`@stdlib/Random`]
  [ea8e919c] SHA  [`@stdlib/SHA`]
  [9e88b42a] Serialization  [`@stdlib/Serialization`]
  [1a1011a3] SharedArrays  [`@stdlib/SharedArrays`]
  [6462fe0b] Sockets  [`@stdlib/Sockets`]
  [2f01184e] SparseArrays  [`@stdlib/SparseArrays`]
  [10745b16] Statistics  [`@stdlib/Statistics`]
  [8dfed614] Test  [`@stdlib/Test`]
  [cf7118a7] UUIDs  [`@stdlib/UUIDs`]
  [4ec0a83e] Unicode  [`@stdlib/Unicode`]
Test Summary:              | Pass  Total
ConvexBodyProximityQueries |   79     79
   Testing ConvexBodyProximityQueries tests passed 
