Julia Version 1.3.1
Commit 2d5741174c (2019-12-30 21:36 UTC)
Platform Info:
  OS: Linux (x86_64-pc-linux-gnu)
  CPU: AMD Ryzen Threadripper 2990WX 32-Core Processor
  WORD_SIZE: 64
  LIBM: libopenlibm
  LLVM: libLLVM-6.0.1 (ORCJIT, znver1)
Environment:
  JULIA_DEPOT_PATH = ::/usr/local/share/julia
  JULIA_NUM_THREADS = 2

 Resolving package versions...
 Installed Rmath_jll ──────────────────── v0.2.2+0
 Installed NaNMath ────────────────────── v0.3.3
 Installed DiffResults ────────────────── v1.0.2
 Installed DiffRules ──────────────────── v1.0.1
 Installed Plots ──────────────────────── v0.25.3
 Installed PlotUtils ──────────────────── v0.6.4
 Installed AssetRegistry ──────────────── v0.1.0
 Installed StatsFuns ──────────────────── v0.9.4
 Installed Widgets ────────────────────── v0.6.2
 Installed MbedTLS ────────────────────── v0.7.0
 Installed QuadGK ─────────────────────── v2.3.1
 Installed Measures ───────────────────── v0.3.1
 Installed Combinatorics ──────────────── v0.7.0
 Installed GeometryTypes ──────────────── v0.7.10
 Installed IntelOpenMP_jll ────────────── v2018.0.3+0
 Installed LightGraphs ────────────────── v1.3.1
 Installed OpenBLAS_jll ───────────────── v0.3.7+7
 Installed CategoricalArrays ──────────── v0.7.7
 Installed DataValues ─────────────────── v0.4.13
 Installed NLSolversBase ──────────────── v7.6.1
 Installed MacroTools ─────────────────── v0.5.4
 Installed Clustering ─────────────────── v0.13.5
 Installed DataFrames ─────────────────── v0.19.4
 Installed ReverseDiffSparse ──────────── v0.8.6
 Installed Bukdu ──────────────────────── v0.4.6
 Installed ArrayInterface ─────────────── v2.5.1
 Installed HTTP ───────────────────────── v0.8.12
 Installed Interpolations ─────────────── v0.12.8
 Installed CompilerSupportLibraries_jll ─ v0.2.0+1
 Installed Ratios ─────────────────────── v0.3.1
 Installed BinDeps ────────────────────── v1.0.0
 Installed FillArrays ─────────────────── v0.8.5
 Installed PlotThemes ─────────────────── v0.4.0
 Installed Pidfile ────────────────────── v1.1.0
 Installed FilePathsBase ──────────────── v0.7.0
 Installed DataAPI ────────────────────── v1.1.0
 Installed Showoff ────────────────────── v0.3.1
 Installed Arpack_jll ─────────────────── v3.5.0+2
 Installed Documenter ─────────────────── v0.21.5
 Installed Arpack ─────────────────────── v0.4.0
 Installed StatsBase ──────────────────── v0.32.2
 Installed SimpleTraits ───────────────── v0.9.1
 Installed PlotlyBase ─────────────────── v0.3.0
 Installed StaticArrays ───────────────── v0.12.1
 Installed FFTW ───────────────────────── v1.2.0
 Installed DataValueInterfaces ────────── v1.0.0
 Installed RecipesBase ────────────────── v0.6.0
 Installed Requires ───────────────────── v0.5.2
 Installed Distances ──────────────────── v0.8.2
 Installed DataStructures ─────────────── v0.17.10
 Installed NearestNeighbors ───────────── v0.4.4
 Installed FiniteDiff ─────────────────── v2.2.1
 Installed SpecialFunctions ───────────── v0.9.0
 Installed Distributions ──────────────── v0.21.12
 Installed StatsPlots ─────────────────── v0.11.0
 Installed ArnoldiMethod ──────────────── v0.0.4
 Installed Optim ──────────────────────── v0.20.1
 Installed IteratorInterfaceExtensions ── v1.0.0
 Installed JSON2 ──────────────────────── v0.3.1
 Installed Hiccup ─────────────────────── v0.2.2
 Installed VersionParsing ─────────────── v1.2.0
 Installed ColorTypes ─────────────────── v0.9.1
 Installed PlotlyJS ───────────────────── v0.13.1
 Installed ForwardDiff ────────────────── v0.10.9
 Installed Compat ─────────────────────── v2.2.0
 Installed WeakRefStrings ─────────────── v0.6.2
 Installed OffsetArrays ───────────────── v1.0.3
 Installed WoodburyMatrices ───────────── v0.5.1
 Installed JSExpr ─────────────────────── v0.5.1
 Installed CSV ────────────────────────── v0.5.23
 Installed CurricularAnalytics ────────── v0.6.1
 Installed FunctionalCollections ──────── v0.5.0
 Installed MathProgBase ───────────────── v0.7.8
 Installed MathOptInterface ───────────── v0.8.4
 Installed FixedPointNumbers ──────────── v0.6.1
 Installed InvertedIndices ────────────── v1.0.0
 Installed AbstractFFTs ───────────────── v0.5.0
 Installed Parsers ────────────────────── v0.3.12
 Installed WebSockets ─────────────────── v1.5.2
 Installed Colors ─────────────────────── v0.11.2
 Installed Inflate ────────────────────── v0.1.1
 Installed KernelDensity ──────────────── v0.5.1
 Installed AxisAlgorithms ─────────────── v1.0.0
 Installed JSON ───────────────────────── v0.18.0
 Installed SortingAlgorithms ──────────── v0.3.1
 Installed Mustache ───────────────────── v1.0.0
 Installed TableTraits ────────────────── v1.0.0
 Installed Tables ─────────────────────── v0.2.11
 Installed GR ─────────────────────────── v0.44.0
 Installed MultiJuMP ──────────────────── v0.5.0
 Installed ORCA ───────────────────────── v0.3.1
 Installed Reexport ───────────────────── v0.2.0
 Installed LineSearches ───────────────── v7.0.1
 Installed Conda ──────────────────────── v1.4.1
 Installed PooledArrays ───────────────── v0.5.3
 Installed URIParser ──────────────────── v0.4.0
 Installed OrderedCollections ─────────── v1.1.0
 Installed PositiveFactorizations ─────── v0.2.3
 Installed BinaryProvider ─────────────── v0.5.8
 Installed IniFile ────────────────────── v0.5.0
 Installed WebIO ──────────────────────── v0.8.13
 Installed LaTeXStrings ───────────────── v1.1.0
 Installed Calculus ───────────────────── v0.5.1
 Installed MKL_jll ────────────────────── v2019.0.117+2
 Installed Blink ──────────────────────── v0.12.0
 Installed CommonSubexpressions ───────── v0.2.0
 Installed OpenSpecFun_jll ────────────── v0.5.3+3
 Installed DocStringExtensions ────────── v0.7.0
 Installed Missings ───────────────────── v0.4.3
 Installed PDMats ─────────────────────── v0.9.12
 Installed FFTW_jll ───────────────────── v3.3.9+4
 Installed Polynomials ────────────────── v0.5.3
 Installed Lazy ───────────────────────── v0.13.2
 Installed Observables ────────────────── v0.2.3
 Installed Mux ────────────────────────── v0.7.0
 Installed Contour ────────────────────── v0.5.2
 Installed Parameters ─────────────────── v0.12.0
 Installed JuMP ───────────────────────── v0.18.6
   Cloning [79098fc4-a85e-5d69-aa6a-4863f24498fa] Rmath from https://github.com/JuliaStats/Rmath.jl.git
[?25l    Fetching: [>                                        ]  0.0 %[2K[?25h Installed Rmath ──────────────────────── v0.6.1
  Updating `~/.julia/environments/v1.3/Project.toml`
  [593ffa3d] + CurricularAnalytics v0.6.1
  Updating `~/.julia/environments/v1.3/Manifest.toml`
  [621f4979] + AbstractFFTs v0.5.0
  [ec485272] + ArnoldiMethod v0.0.4
  [7d9fca2a] + Arpack v0.4.0
  [68821587] + Arpack_jll v3.5.0+2
  [4fba245c] + ArrayInterface v2.5.1
  [bf4720bc] + AssetRegistry v0.1.0
  [13072b0f] + AxisAlgorithms v1.0.0
  [9e28174c] + BinDeps v1.0.0
  [b99e7846] + BinaryProvider v0.5.8
  [ad839575] + Blink v0.12.0
  [3e78a19a] + Bukdu v0.4.6
  [336ed68f] + CSV v0.5.23
  [49dc2e85] + Calculus v0.5.1
  [324d7699] + CategoricalArrays v0.7.7
  [aaaa29a8] + Clustering v0.13.5
  [3da002f7] + ColorTypes v0.9.1
  [5ae59095] + Colors v0.11.2
  [861a8166] + Combinatorics v0.7.0
  [bbf7d656] + CommonSubexpressions v0.2.0
  [34da2185] + Compat v2.2.0
  [e66e0078] + CompilerSupportLibraries_jll v0.2.0+1
  [8f4d0f93] + Conda v1.4.1
  [d38c429a] + Contour v0.5.2
  [593ffa3d] + CurricularAnalytics v0.6.1
  [9a962f9c] + DataAPI v1.1.0
  [a93c6f00] + DataFrames v0.19.4
  [864edb3b] + DataStructures v0.17.10
  [e2d170a0] + DataValueInterfaces v1.0.0
  [e7dc6d0d] + DataValues v0.4.13
  [163ba53b] + DiffResults v1.0.2
  [b552c78f] + DiffRules v1.0.1
  [b4f34e82] + Distances v0.8.2
  [31c24e10] + Distributions v0.21.12
  [ffbed154] + DocStringExtensions v0.7.0
  [e30172f5] + Documenter v0.21.5
  [7a1cc6ca] + FFTW v1.2.0
  [f5851436] + FFTW_jll v3.3.9+4
  [48062228] + FilePathsBase v0.7.0
  [1a297f60] + FillArrays v0.8.5
  [6a86dc24] + FiniteDiff v2.2.1
  [53c48c17] + FixedPointNumbers v0.6.1
  [f6369f11] + ForwardDiff v0.10.9
  [de31a74c] + FunctionalCollections v0.5.0
  [28b8d3ca] + GR v0.44.0
  [4d00f742] + GeometryTypes v0.7.10
  [cd3eb016] + HTTP v0.8.12
  [9fb69e20] + Hiccup v0.2.2
  [d25df0c9] + Inflate v0.1.1
  [83e8ac13] + IniFile v0.5.0
  [1d5cc7b8] + IntelOpenMP_jll v2018.0.3+0
  [a98d9a8b] + Interpolations v0.12.8
  [41ab1584] + InvertedIndices v1.0.0
  [82899510] + IteratorInterfaceExtensions v1.0.0
  [97c1335a] + JSExpr v0.5.1
  [682c06a0] + JSON v0.18.0
  [2535ab7d] + JSON2 v0.3.1
  [4076af6c] + JuMP v0.18.6
  [5ab0869b] + KernelDensity v0.5.1
  [b964fa9f] + LaTeXStrings v1.1.0
  [50d2b5c4] + Lazy v0.13.2
  [093fc24a] + LightGraphs v1.3.1
  [d3d80556] + LineSearches v7.0.1
  [856f044c] + MKL_jll v2019.0.117+2
  [1914dd2f] + MacroTools v0.5.4
  [b8f27783] + MathOptInterface v0.8.4
  [fdba3010] + MathProgBase v0.7.8
  [739be429] + MbedTLS v0.7.0
  [442fdcdd] + Measures v0.3.1
  [e1d29d7a] + Missings v0.4.3
  [f6097e2c] + MultiJuMP v0.5.0
  [ffc61752] + Mustache v1.0.0
  [a975b10e] + Mux v0.7.0
  [d41bc354] + NLSolversBase v7.6.1
  [77ba4419] + NaNMath v0.3.3
  [b8a86587] + NearestNeighbors v0.4.4
  [47be7bcc] + ORCA v0.3.1
  [510215fc] + Observables v0.2.3
  [6fe1bfb0] + OffsetArrays v1.0.3
  [4536629a] + OpenBLAS_jll v0.3.7+7
  [efe28fd5] + OpenSpecFun_jll v0.5.3+3
  [429524aa] + Optim v0.20.1
  [bac558e1] + OrderedCollections v1.1.0
  [90014a1f] + PDMats v0.9.12
  [d96e819e] + Parameters v0.12.0
  [69de0a69] + Parsers v0.3.12
  [fa939f87] + Pidfile v1.1.0
  [ccf2f8ad] + PlotThemes v0.4.0
  [995b91a9] + PlotUtils v0.6.4
  [a03496cd] + PlotlyBase v0.3.0
  [f0f68f2c] + PlotlyJS v0.13.1
  [91a5bcdd] + Plots v0.25.3
  [f27b6e38] + Polynomials v0.5.3
  [2dfb63ee] + PooledArrays v0.5.3
  [85a6dd25] + PositiveFactorizations v0.2.3
  [1fd47b50] + QuadGK v2.3.1
  [c84ed2f1] + Ratios v0.3.1
  [3cdcf5f2] + RecipesBase v0.6.0
  [189a3867] + Reexport v0.2.0
  [ae029012] + Requires v0.5.2
  [89212889] + ReverseDiffSparse v0.8.6
  [79098fc4] + Rmath v0.6.1
  [f50d1b31] + Rmath_jll v0.2.2+0
  [992d4aef] + Showoff v0.3.1
  [699a6c99] + SimpleTraits v0.9.1
  [a2af1166] + SortingAlgorithms v0.3.1
  [276daf66] + SpecialFunctions v0.9.0
  [90137ffa] + StaticArrays v0.12.1
  [2913bbd2] + StatsBase v0.32.2
  [4c63d2b9] + StatsFuns v0.9.4
  [f3b207a7] + StatsPlots v0.11.0
  [3783bdb8] + TableTraits v1.0.0
  [bd369af6] + Tables v0.2.11
  [30578b45] + URIParser v0.4.0
  [81def892] + VersionParsing v1.2.0
  [ea10d353] + WeakRefStrings v0.6.2
  [0f1e0344] + WebIO v0.8.13
  [104b5d7c] + WebSockets v1.5.2
  [cc8bc4a8] + Widgets v0.6.2
  [efce3f68] + WoodburyMatrices v0.5.1
  [2a0f44e3] + Base64 
  [ade2ca70] + Dates 
  [8bb1440f] + DelimitedFiles 
  [8ba89e20] + Distributed 
  [7b1f6079] + FileWatching 
  [9fa8497b] + Future 
  [b77e0a4c] + InteractiveUtils 
  [76f85450] + LibGit2 
  [8f399da3] + Libdl 
  [37e2e46d] + LinearAlgebra 
  [56ddb016] + Logging 
  [d6f4376e] + Markdown 
  [a63ad114] + Mmap 
  [44cfe95a] + Pkg 
  [de0858da] + Printf 
  [3fa0cd96] + REPL 
  [9a3f8284] + Random 
  [ea8e919c] + SHA 
  [9e88b42a] + Serialization 
  [1a1011a3] + SharedArrays 
  [6462fe0b] + Sockets 
  [2f01184e] + SparseArrays 
  [10745b16] + Statistics 
  [4607b0f0] + SuiteSparse 
  [8dfed614] + Test 
  [cf7118a7] + UUIDs 
  [4ec0a83e] + Unicode 
  Building GR ──────→ `~/.julia/packages/GR/oiZD3/deps/build.log`
  Building Plots ───→ `~/.julia/packages/Plots/FQOz1/deps/build.log`
  Building MbedTLS ─→ `~/.julia/packages/MbedTLS/a1JFn/deps/build.log`
  Building FFTW ────→ `~/.julia/packages/FFTW/qqcBj/deps/build.log`
  Building WebIO ───→ `~/.julia/packages/WebIO/2nnB1/deps/build.log`
  Building Blink ───→ `~/.julia/packages/Blink/AO8uN/deps/build.log`
  Building PlotlyJS → `~/.julia/packages/PlotlyJS/AhkM5/deps/build.log`
  Building Conda ───→ `~/.julia/packages/Conda/3rPhK/deps/build.log`
  Building ORCA ────→ `~/.julia/packages/ORCA/fiEmb/deps/build.log`
   Testing CurricularAnalytics
    Status `/tmp/jl_pYZcgf/Manifest.toml`
  [621f4979] AbstractFFTs v0.5.0
  [ec485272] ArnoldiMethod v0.0.4
  [7d9fca2a] Arpack v0.4.0
  [68821587] Arpack_jll v3.5.0+2
  [4fba245c] ArrayInterface v2.5.1
  [bf4720bc] AssetRegistry v0.1.0
  [13072b0f] AxisAlgorithms v1.0.0
  [9e28174c] BinDeps v1.0.0
  [b99e7846] BinaryProvider v0.5.8
  [ad839575] Blink v0.12.0
  [3e78a19a] Bukdu v0.4.6
  [336ed68f] CSV v0.5.23
  [49dc2e85] Calculus v0.5.1
  [324d7699] CategoricalArrays v0.7.7
  [aaaa29a8] Clustering v0.13.5
  [3da002f7] ColorTypes v0.9.1
  [5ae59095] Colors v0.11.2
  [861a8166] Combinatorics v0.7.0
  [bbf7d656] CommonSubexpressions v0.2.0
  [34da2185] Compat v2.2.0
  [e66e0078] CompilerSupportLibraries_jll v0.2.0+1
  [8f4d0f93] Conda v1.4.1
  [d38c429a] Contour v0.5.2
  [593ffa3d] CurricularAnalytics v0.6.1
  [9a962f9c] DataAPI v1.1.0
  [a93c6f00] DataFrames v0.19.4
  [864edb3b] DataStructures v0.17.10
  [e2d170a0] DataValueInterfaces v1.0.0
  [e7dc6d0d] DataValues v0.4.13
  [163ba53b] DiffResults v1.0.2
  [b552c78f] DiffRules v1.0.1
  [b4f34e82] Distances v0.8.2
  [31c24e10] Distributions v0.21.12
  [ffbed154] DocStringExtensions v0.7.0
  [e30172f5] Documenter v0.21.5
  [7a1cc6ca] FFTW v1.2.0
  [f5851436] FFTW_jll v3.3.9+4
  [48062228] FilePathsBase v0.7.0
  [1a297f60] FillArrays v0.8.5
  [6a86dc24] FiniteDiff v2.2.1
  [53c48c17] FixedPointNumbers v0.6.1
  [f6369f11] ForwardDiff v0.10.9
  [de31a74c] FunctionalCollections v0.5.0
  [28b8d3ca] GR v0.44.0
  [4d00f742] GeometryTypes v0.7.10
  [cd3eb016] HTTP v0.8.12
  [9fb69e20] Hiccup v0.2.2
  [d25df0c9] Inflate v0.1.1
  [83e8ac13] IniFile v0.5.0
  [1d5cc7b8] IntelOpenMP_jll v2018.0.3+0
  [a98d9a8b] Interpolations v0.12.8
  [41ab1584] InvertedIndices v1.0.0
  [82899510] IteratorInterfaceExtensions v1.0.0
  [97c1335a] JSExpr v0.5.1
  [682c06a0] JSON v0.18.0
  [2535ab7d] JSON2 v0.3.1
  [4076af6c] JuMP v0.18.6
  [5ab0869b] KernelDensity v0.5.1
  [b964fa9f] LaTeXStrings v1.1.0
  [50d2b5c4] Lazy v0.13.2
  [093fc24a] LightGraphs v1.3.1
  [d3d80556] LineSearches v7.0.1
  [856f044c] MKL_jll v2019.0.117+2
  [1914dd2f] MacroTools v0.5.4
  [b8f27783] MathOptInterface v0.8.4
  [fdba3010] MathProgBase v0.7.8
  [739be429] MbedTLS v0.7.0
  [442fdcdd] Measures v0.3.1
  [e1d29d7a] Missings v0.4.3
  [f6097e2c] MultiJuMP v0.5.0
  [ffc61752] Mustache v1.0.0
  [a975b10e] Mux v0.7.0
  [d41bc354] NLSolversBase v7.6.1
  [77ba4419] NaNMath v0.3.3
  [b8a86587] NearestNeighbors v0.4.4
  [47be7bcc] ORCA v0.3.1
  [510215fc] Observables v0.2.3
  [6fe1bfb0] OffsetArrays v1.0.3
  [4536629a] OpenBLAS_jll v0.3.7+7
  [efe28fd5] OpenSpecFun_jll v0.5.3+3
  [429524aa] Optim v0.20.1
  [bac558e1] OrderedCollections v1.1.0
  [90014a1f] PDMats v0.9.12
  [d96e819e] Parameters v0.12.0
  [69de0a69] Parsers v0.3.12
  [fa939f87] Pidfile v1.1.0
  [ccf2f8ad] PlotThemes v0.4.0
  [995b91a9] PlotUtils v0.6.4
  [a03496cd] PlotlyBase v0.3.0
  [f0f68f2c] PlotlyJS v0.13.1
  [91a5bcdd] Plots v0.25.3
  [f27b6e38] Polynomials v0.5.3
  [2dfb63ee] PooledArrays v0.5.3
  [85a6dd25] PositiveFactorizations v0.2.3
  [1fd47b50] QuadGK v2.3.1
  [c84ed2f1] Ratios v0.3.1
  [3cdcf5f2] RecipesBase v0.6.0
  [189a3867] Reexport v0.2.0
  [ae029012] Requires v0.5.2
  [89212889] ReverseDiffSparse v0.8.6
  [79098fc4] Rmath v0.6.1
  [f50d1b31] Rmath_jll v0.2.2+0
  [992d4aef] Showoff v0.3.1
  [699a6c99] SimpleTraits v0.9.1
  [a2af1166] SortingAlgorithms v0.3.1
  [276daf66] SpecialFunctions v0.9.0
  [90137ffa] StaticArrays v0.12.1
  [2913bbd2] StatsBase v0.32.2
  [4c63d2b9] StatsFuns v0.9.4
  [f3b207a7] StatsPlots v0.11.0
  [3783bdb8] TableTraits v1.0.0
  [bd369af6] Tables v0.2.11
  [30578b45] URIParser v0.4.0
  [81def892] VersionParsing v1.2.0
  [ea10d353] WeakRefStrings v0.6.2
  [0f1e0344] WebIO v0.8.13
  [104b5d7c] WebSockets v1.5.2
  [cc8bc4a8] Widgets v0.6.2
  [efce3f68] WoodburyMatrices v0.5.1
  [2a0f44e3] Base64  [`@stdlib/Base64`]
  [ade2ca70] Dates  [`@stdlib/Dates`]
  [8bb1440f] DelimitedFiles  [`@stdlib/DelimitedFiles`]
  [8ba89e20] Distributed  [`@stdlib/Distributed`]
  [7b1f6079] FileWatching  [`@stdlib/FileWatching`]
  [9fa8497b] Future  [`@stdlib/Future`]
  [b77e0a4c] InteractiveUtils  [`@stdlib/InteractiveUtils`]
  [76f85450] LibGit2  [`@stdlib/LibGit2`]
  [8f399da3] Libdl  [`@stdlib/Libdl`]
  [37e2e46d] LinearAlgebra  [`@stdlib/LinearAlgebra`]
  [56ddb016] Logging  [`@stdlib/Logging`]
  [d6f4376e] Markdown  [`@stdlib/Markdown`]
  [a63ad114] Mmap  [`@stdlib/Mmap`]
  [44cfe95a] Pkg  [`@stdlib/Pkg`]
  [de0858da] Printf  [`@stdlib/Printf`]
  [3fa0cd96] REPL  [`@stdlib/REPL`]
  [9a3f8284] Random  [`@stdlib/Random`]
  [ea8e919c] SHA  [`@stdlib/SHA`]
  [9e88b42a] Serialization  [`@stdlib/Serialization`]
  [1a1011a3] SharedArrays  [`@stdlib/SharedArrays`]
  [6462fe0b] Sockets  [`@stdlib/Sockets`]
  [2f01184e] SparseArrays  [`@stdlib/SparseArrays`]
  [10745b16] Statistics  [`@stdlib/Statistics`]
  [4607b0f0] SuiteSparse  [`@stdlib/SuiteSparse`]
  [8dfed614] Test  [`@stdlib/Test`]
  [cf7118a7] UUIDs  [`@stdlib/UUIDs`]
  [4ec0a83e] Unicode  [`@stdlib/Unicode`]
WARNING: using HTTP.stack in module Mux conflicts with an existing identifier.
ERROR: LoadError: LoadError: InitError: IOError: could not spawn `'/usr/bin/xvfb-run /home/pkgeval/.julia/conda/3/envs/_ORCA_jl_/bin/orca' server --port=7982 --graph-only`: no such file or directory (ENOENT)
Stacktrace:
 [1] _spawn_primitive(::String, ::Cmd, ::Array{Any,1}) at ./process.jl:99
 [2] setup_stdios(::Base.var"#554#555"{Cmd}, ::Array{Any,1}) at ./process.jl:112
 [3] _spawn at ./process.jl:111 [inlined]
 [4] #open#563(::Bool, ::Bool, ::typeof(open), ::Cmd, ::Base.DevNull) at ./process.jl:370
 [5] open at ./process.jl:361 [inlined] (repeats 2 times)
 [6] restart_server() at /home/pkgeval/.julia/packages/ORCA/fiEmb/src/ORCA.jl:84
 [7] __init__() at /home/pkgeval/.julia/packages/ORCA/fiEmb/src/ORCA.jl:94
 [8] _include_from_serialized(::String, ::Array{Any,1}) at ./loading.jl:692
 [9] _require_from_serialized(::String) at ./loading.jl:743
 [10] _require(::Base.PkgId) at ./loading.jl:1034
 [11] require(::Base.PkgId) at ./loading.jl:922
 [12] require(::Module, ::Symbol) at ./loading.jl:917
 [13] include at ./boot.jl:328 [inlined]
 [14] include_relative(::Module, ::String) at ./loading.jl:1105
 [15] include at ./Base.jl:31 [inlined]
 [16] include(::String) at /home/pkgeval/.julia/packages/CurricularAnalytics/7Ftqm/src/CurricularAnalytics.jl:9
 [17] top-level scope at /home/pkgeval/.julia/packages/CurricularAnalytics/7Ftqm/src/CurricularAnalytics.jl:25
 [18] include at ./boot.jl:328 [inlined]
 [19] include_relative(::Module, ::String) at ./loading.jl:1105
 [20] include(::Module, ::String) at ./Base.jl:31
 [21] top-level scope at none:2
 [22] eval at ./boot.jl:330 [inlined]
 [23] eval(::Expr) at ./client.jl:425
 [24] top-level scope at ./none:3
during initialization of module ORCA
in expression starting at /home/pkgeval/.julia/packages/CurricularAnalytics/7Ftqm/src/Visualization.jl:7
in expression starting at /home/pkgeval/.julia/packages/CurricularAnalytics/7Ftqm/src/CurricularAnalytics.jl:25
ERROR: LoadError: Failed to precompile CurricularAnalytics [593ffa3d-269e-5d81-88bc-c3b6809c35a6] to /home/pkgeval/.julia/compiled/v1.3/CurricularAnalytics/pJfqI_FduGX.ji.
Stacktrace:
 [1] error(::String) at ./error.jl:33
 [2] compilecache(::Base.PkgId, ::String) at ./loading.jl:1283
 [3] _require(::Base.PkgId) at ./loading.jl:1024
 [4] require(::Base.PkgId) at ./loading.jl:922
 [5] require(::Module, ::Symbol) at ./loading.jl:917
 [6] include at ./boot.jl:328 [inlined]
 [7] include_relative(::Module, ::String) at ./loading.jl:1105
 [8] include(::Module, ::String) at ./Base.jl:31
 [9] include(::String) at ./client.jl:424
 [10] top-level scope at none:6
in expression starting at /home/pkgeval/.julia/packages/CurricularAnalytics/7Ftqm/test/runtests.jl:2
ERROR: Package CurricularAnalytics errored during testing
Stacktrace:
 [1] pkgerror(::String, ::Vararg{String,N} where N) at /buildworker/worker/package_linux64/build/usr/share/julia/stdlib/v1.3/Pkg/src/Types.jl:113
 [2] #test#131(::Bool, ::Nothing, ::Cmd, ::Cmd, ::typeof(Pkg.Operations.test), ::Pkg.Types.Context, ::Array{Pkg.Types.PackageSpec,1}) at /buildworker/worker/package_linux64/build/usr/share/julia/stdlib/v1.3/Pkg/src/Operations.jl:1372
 [3] #test at ./none:0 [inlined]
 [4] #test#62(::Bool, ::Nothing, ::Cmd, ::Cmd, ::Base.Iterators.Pairs{Union{},Union{},Tuple{},NamedTuple{(),Tuple{}}}, ::typeof(Pkg.API.test), ::Pkg.Types.Context, ::Array{Pkg.Types.PackageSpec,1}) at /buildworker/worker/package_linux64/build/usr/share/julia/stdlib/v1.3/Pkg/src/API.jl:253
 [5] test(::Pkg.Types.Context, ::Array{Pkg.Types.PackageSpec,1}) at /buildworker/worker/package_linux64/build/usr/share/julia/stdlib/v1.3/Pkg/src/API.jl:239
 [6] #test#61 at /buildworker/worker/package_linux64/build/usr/share/julia/stdlib/v1.3/Pkg/src/API.jl:233 [inlined]
 [7] test at /buildworker/worker/package_linux64/build/usr/share/julia/stdlib/v1.3/Pkg/src/API.jl:233 [inlined]
 [8] #test#60 at /buildworker/worker/package_linux64/build/usr/share/julia/stdlib/v1.3/Pkg/src/API.jl:232 [inlined]
 [9] test at /buildworker/worker/package_linux64/build/usr/share/julia/stdlib/v1.3/Pkg/src/API.jl:232 [inlined]
 [10] #test#59(::Base.Iterators.Pairs{Union{},Union{},Tuple{},NamedTuple{(),Tuple{}}}, ::typeof(Pkg.API.test), ::String) at /buildworker/worker/package_linux64/build/usr/share/julia/stdlib/v1.3/Pkg/src/API.jl:231
 [11] test(::String) at /buildworker/worker/package_linux64/build/usr/share/julia/stdlib/v1.3/Pkg/src/API.jl:231
 [12] top-level scope at none:13
