Julia Version 1.3.1
Commit 2d5741174c (2019-12-30 21:36 UTC)
Platform Info:
  OS: Linux (x86_64-pc-linux-gnu)
  CPU: AMD Ryzen Threadripper 2990WX 32-Core Processor
  WORD_SIZE: 64
  LIBM: libopenlibm
  LLVM: libLLVM-6.0.1 (ORCJIT, znver1)
Environment:
  JULIA_DEPOT_PATH = ::/usr/local/share/julia
  JULIA_NUM_THREADS = 2

 Resolving package versions...
 Installed DASSL ─────────────────────── v2.4.0
 Installed RecursiveArrayTools ───────── v0.18.6
 Installed Requires ──────────────────── v0.5.2
 Installed IteratorInterfaceExtensions ─ v1.0.0
 Installed Compat ────────────────────── v2.2.0
 Installed DocStringExtensions ───────── v0.8.1
 Installed StaticArrays ──────────────── v0.12.1
 Installed DiffEqBase ────────────────── v5.6.4
 Installed RecipesBase ───────────────── v0.7.0
 Installed TreeViews ─────────────────── v0.3.0
 Installed Reexport ──────────────────── v0.2.0
 Installed TableTraits ───────────────── v1.0.0
 Installed Roots ─────────────────────── v0.8.4
  Updating `~/.julia/environments/v1.3/Project.toml`
  [e993076c] + DASSL v2.4.0
  Updating `~/.julia/environments/v1.3/Manifest.toml`
  [34da2185] + Compat v2.2.0
  [e993076c] + DASSL v2.4.0
  [2b5f629d] + DiffEqBase v5.6.4
  [ffbed154] + DocStringExtensions v0.8.1
  [82899510] + IteratorInterfaceExtensions v1.0.0
  [3cdcf5f2] + RecipesBase v0.7.0
  [731186ca] + RecursiveArrayTools v0.18.6
  [189a3867] + Reexport v0.2.0
  [ae029012] + Requires v0.5.2
  [f2b01f46] + Roots v0.8.4
  [90137ffa] + StaticArrays v0.12.1
  [3783bdb8] + TableTraits v1.0.0
  [a2a6695c] + TreeViews v0.3.0
  [2a0f44e3] + Base64 
  [ade2ca70] + Dates 
  [8bb1440f] + DelimitedFiles 
  [8ba89e20] + Distributed 
  [b77e0a4c] + InteractiveUtils 
  [76f85450] + LibGit2 
  [8f399da3] + Libdl 
  [37e2e46d] + LinearAlgebra 
  [56ddb016] + Logging 
  [d6f4376e] + Markdown 
  [a63ad114] + Mmap 
  [44cfe95a] + Pkg 
  [de0858da] + Printf 
  [3fa0cd96] + REPL 
  [9a3f8284] + Random 
  [ea8e919c] + SHA 
  [9e88b42a] + Serialization 
  [1a1011a3] + SharedArrays 
  [6462fe0b] + Sockets 
  [2f01184e] + SparseArrays 
  [10745b16] + Statistics 
  [4607b0f0] + SuiteSparse 
  [8dfed614] + Test 
  [cf7118a7] + UUIDs 
  [4ec0a83e] + Unicode 
   Testing DASSL
 Resolving package versions...
 Installed DiffResults ───────────── v1.0.2
 Installed DiffRules ─────────────── v0.1.0
 Installed PrettyPrint ───────────── v0.1.0
 Installed DiffEqProblemLibrary ──── v4.4.0
 Installed NameResolution ────────── v0.1.3
 Installed ModelingToolkit ───────── v0.8.0
 Installed NaNMath ───────────────── v0.3.3
 Installed DiffEqOperators ───────── v3.5.0
 Installed FunctionWrappers ──────── v1.1.1
 Installed Latexify ──────────────── v0.12.3
 Installed MacroTools ────────────── v0.5.4
 Installed SymEngine ─────────────── v0.7.1
 Installed ElasticArrays ─────────── v1.0.0
 Installed MLStyle ───────────────── v0.3.1
 Installed HomotopyContinuation ──── v1.4.1
 Installed MixedSubdivisions ─────── v1.0.0
 Installed ProgressMeter ─────────── v1.2.0
 Installed BinDeps ───────────────── v1.0.0
 Installed DataAPI ───────────────── v1.1.0
 Installed Quadmath ──────────────── v0.5.2
 Installed GenericSchur ──────────── v0.4.0
 Installed DataValueInterfaces ───── v1.0.0
 Installed DiffEqBiological ──────── v3.9.1
 Installed DiffEqJump ────────────── v6.1.1
 Installed JuliaVariables ────────── v0.2.0
 Installed FixedPolynomials ──────── v0.4.0
 Installed DoubleFloats ──────────── v1.1.6
 Installed DataStructures ────────── v0.17.10
 Installed SpecialFunctions ──────── v0.8.0
 Installed RandomNumbers ─────────── v1.4.0
 Installed MutableArithmetics ────── v0.2.7
 Installed StaticPolynomials ─────── v1.3.3
 Installed ProjectiveVectors ─────── v1.1.2
 Installed ForwardDiff ───────────── v0.10.9
 Installed GenericSVD ────────────── v0.3.0
 Installed MultivariatePolynomials ─ v0.3.6
 Installed Crayons ───────────────── v4.0.1
 Installed Tables ────────────────── v1.0.3
 Installed Formatting ────────────── v0.4.1
 Installed OrderedCollections ────── v1.1.0
 Installed DynamicPolynomials ────── v0.3.9
 Installed CanonicalTraits ───────── v0.1.0
 Installed LaTeXStrings ──────────── v1.1.0
 Installed Parameters ────────────── v0.12.0
 Installed URIParser ─────────────── v0.4.0
 Installed BinaryProvider ────────── v0.5.8
 Installed CommonSubexpressions ──── v0.2.0
 Installed GeneralizedGenerated ──── v0.2.1
 Installed Polynomials ───────────── v0.6.1
 Installed PoissonRandom ─────────── v0.4.0
 Installed PrettyTables ──────────── v0.8.4
  Building SpecialFunctions → `~/.julia/packages/SpecialFunctions/ne2iw/deps/build.log`
  Building SymEngine ───────→ `~/.julia/packages/SymEngine/RK5Ks/deps/build.log`
    Status `/tmp/jl_KFCOQ5/Manifest.toml`
  [9e28174c] BinDeps v1.0.0
  [b99e7846] BinaryProvider v0.5.8
  [a603d957] CanonicalTraits v0.1.0
  [bbf7d656] CommonSubexpressions v0.2.0
  [34da2185] Compat v2.2.0
  [a8cc5b0e] Crayons v4.0.1
  [e993076c] DASSL v2.4.0
  [9a962f9c] DataAPI v1.1.0
  [864edb3b] DataStructures v0.17.10
  [e2d170a0] DataValueInterfaces v1.0.0
  [2b5f629d] DiffEqBase v5.6.4
  [eb300fae] DiffEqBiological v3.9.1
  [c894b116] DiffEqJump v6.1.1
  [9fdde737] DiffEqOperators v3.5.0
  [a077e3f3] DiffEqProblemLibrary v4.4.0
  [163ba53b] DiffResults v1.0.2
  [b552c78f] DiffRules v0.1.0
  [ffbed154] DocStringExtensions v0.8.1
  [497a8b3b] DoubleFloats v1.1.6
  [7c1d4256] DynamicPolynomials v0.3.9
  [fdbdab4c] ElasticArrays v1.0.0
  [3dd14ad9] FixedPolynomials v0.4.0
  [59287772] Formatting v0.4.1
  [f6369f11] ForwardDiff v0.10.9
  [069b7b12] FunctionWrappers v1.1.1
  [6b9d7cbe] GeneralizedGenerated v0.2.1
  [01680d73] GenericSVD v0.3.0
  [c145ed77] GenericSchur v0.4.0
  [f213a82b] HomotopyContinuation v1.4.1
  [82899510] IteratorInterfaceExtensions v1.0.0
  [b14d175d] JuliaVariables v0.2.0
  [b964fa9f] LaTeXStrings v1.1.0
  [23fbe1c1] Latexify v0.12.3
  [d8e11817] MLStyle v0.3.1
  [1914dd2f] MacroTools v0.5.4
  [291d046c] MixedSubdivisions v1.0.0
  [961ee093] ModelingToolkit v0.8.0
  [102ac46a] MultivariatePolynomials v0.3.6
  [d8a4904e] MutableArithmetics v0.2.7
  [77ba4419] NaNMath v0.3.3
  [71a1bf82] NameResolution v0.1.3
  [bac558e1] OrderedCollections v1.1.0
  [d96e819e] Parameters v0.12.0
  [e409e4f3] PoissonRandom v0.4.0
  [f27b6e38] Polynomials v0.6.1
  [8162dcfd] PrettyPrint v0.1.0
  [08abe8d2] PrettyTables v0.8.4
  [92933f4c] ProgressMeter v1.2.0
  [01f381cc] ProjectiveVectors v1.1.2
  [be4d8f0f] Quadmath v0.5.2
  [e6cf234a] RandomNumbers v1.4.0
  [3cdcf5f2] RecipesBase v0.7.0
  [731186ca] RecursiveArrayTools v0.18.6
  [189a3867] Reexport v0.2.0
  [ae029012] Requires v0.5.2
  [f2b01f46] Roots v0.8.4
  [276daf66] SpecialFunctions v0.8.0
  [90137ffa] StaticArrays v0.12.1
  [62e018b1] StaticPolynomials v1.3.3
  [123dc426] SymEngine v0.7.1
  [3783bdb8] TableTraits v1.0.0
  [bd369af6] Tables v1.0.3
  [a2a6695c] TreeViews v0.3.0
  [30578b45] URIParser v0.4.0
  [2a0f44e3] Base64  [`@stdlib/Base64`]
  [ade2ca70] Dates  [`@stdlib/Dates`]
  [8bb1440f] DelimitedFiles  [`@stdlib/DelimitedFiles`]
  [8ba89e20] Distributed  [`@stdlib/Distributed`]
  [9fa8497b] Future  [`@stdlib/Future`]
  [b77e0a4c] InteractiveUtils  [`@stdlib/InteractiveUtils`]
  [76f85450] LibGit2  [`@stdlib/LibGit2`]
  [8f399da3] Libdl  [`@stdlib/Libdl`]
  [37e2e46d] LinearAlgebra  [`@stdlib/LinearAlgebra`]
  [56ddb016] Logging  [`@stdlib/Logging`]
  [d6f4376e] Markdown  [`@stdlib/Markdown`]
  [a63ad114] Mmap  [`@stdlib/Mmap`]
  [44cfe95a] Pkg  [`@stdlib/Pkg`]
  [de0858da] Printf  [`@stdlib/Printf`]
  [3fa0cd96] REPL  [`@stdlib/REPL`]
  [9a3f8284] Random  [`@stdlib/Random`]
  [ea8e919c] SHA  [`@stdlib/SHA`]
  [9e88b42a] Serialization  [`@stdlib/Serialization`]
  [1a1011a3] SharedArrays  [`@stdlib/SharedArrays`]
  [6462fe0b] Sockets  [`@stdlib/Sockets`]
  [2f01184e] SparseArrays  [`@stdlib/SparseArrays`]
  [10745b16] Statistics  [`@stdlib/Statistics`]
  [4607b0f0] SuiteSparse  [`@stdlib/SuiteSparse`]
  [8dfed614] Test  [`@stdlib/Test`]
  [cf7118a7] UUIDs  [`@stdlib/UUIDs`]
  [4ec0a83e] Unicode  [`@stdlib/Unicode`]
ERROR: LoadError: ArgumentError: Package Test not found in current path:
- Run `import Pkg; Pkg.add("Test")` to install the Test package.

Stacktrace:
 [1] require(::Module, ::Symbol) at ./loading.jl:887
 [2] include at ./boot.jl:328 [inlined]
 [3] include_relative(::Module, ::String) at ./loading.jl:1105
 [4] include(::Module, ::String) at ./Base.jl:31
 [5] include(::String) at ./client.jl:424
 [6] top-level scope at none:6
in expression starting at /home/pkgeval/.julia/packages/DASSL/992Iz/test/runtests.jl:1
ERROR: Package DASSL errored during testing
Stacktrace:
 [1] pkgerror(::String, ::Vararg{String,N} where N) at /buildworker/worker/package_linux64/build/usr/share/julia/stdlib/v1.3/Pkg/src/Types.jl:113
 [2] #test#131(::Bool, ::Nothing, ::Cmd, ::Cmd, ::typeof(Pkg.Operations.test), ::Pkg.Types.Context, ::Array{Pkg.Types.PackageSpec,1}) at /buildworker/worker/package_linux64/build/usr/share/julia/stdlib/v1.3/Pkg/src/Operations.jl:1372
 [3] #test at ./none:0 [inlined]
 [4] #test#62(::Bool, ::Nothing, ::Cmd, ::Cmd, ::Base.Iterators.Pairs{Union{},Union{},Tuple{},NamedTuple{(),Tuple{}}}, ::typeof(Pkg.API.test), ::Pkg.Types.Context, ::Array{Pkg.Types.PackageSpec,1}) at /buildworker/worker/package_linux64/build/usr/share/julia/stdlib/v1.3/Pkg/src/API.jl:253
 [5] test(::Pkg.Types.Context, ::Array{Pkg.Types.PackageSpec,1}) at /buildworker/worker/package_linux64/build/usr/share/julia/stdlib/v1.3/Pkg/src/API.jl:239
 [6] #test#61 at /buildworker/worker/package_linux64/build/usr/share/julia/stdlib/v1.3/Pkg/src/API.jl:233 [inlined]
 [7] test at /buildworker/worker/package_linux64/build/usr/share/julia/stdlib/v1.3/Pkg/src/API.jl:233 [inlined]
 [8] #test#60 at /buildworker/worker/package_linux64/build/usr/share/julia/stdlib/v1.3/Pkg/src/API.jl:232 [inlined]
 [9] test at /buildworker/worker/package_linux64/build/usr/share/julia/stdlib/v1.3/Pkg/src/API.jl:232 [inlined]
 [10] #test#59(::Base.Iterators.Pairs{Union{},Union{},Tuple{},NamedTuple{(),Tuple{}}}, ::typeof(Pkg.API.test), ::String) at /buildworker/worker/package_linux64/build/usr/share/julia/stdlib/v1.3/Pkg/src/API.jl:231
 [11] test(::String) at /buildworker/worker/package_linux64/build/usr/share/julia/stdlib/v1.3/Pkg/src/API.jl:231
 [12] top-level scope at none:13
