Julia Version 1.3.1
Commit 2d5741174c (2019-12-30 21:36 UTC)
Platform Info:
  OS: Linux (x86_64-pc-linux-gnu)
  CPU: AMD Ryzen Threadripper 2990WX 32-Core Processor
  WORD_SIZE: 64
  LIBM: libopenlibm
  LLVM: libLLVM-6.0.1 (ORCJIT, znver1)
Environment:
  JULIA_DEPOT_PATH = ::/usr/local/share/julia
  JULIA_NUM_THREADS = 2

 Resolving package versions...
 Installed DatasetsCF ───────── v0.3.1
 Installed CodecZlib ────────── v0.7.0
 Installed IterTools ────────── v1.3.0
 Installed DataStreams ──────── v0.4.2
 Installed DataFrames ───────── v0.13.1
 Installed StatsBase ────────── v0.32.2
 Installed CategoricalArrays ── v0.5.5
 Installed Zlib_jll ─────────── v1.2.11+8
 Installed BinDeps ──────────── v1.0.0
 Installed Persa ────────────── v0.1.1
 Installed Compat ───────────── v2.2.0
 Installed WeakRefStrings ───── v0.5.8
 Installed DataStructures ───── v0.17.10
 Installed DataAPI ──────────── v1.1.0
 Installed Parsers ──────────── v0.3.12
 Installed JSON ─────────────── v0.21.0
 Installed SortingAlgorithms ── v0.3.1
 Installed Reexport ─────────── v0.2.0
 Installed OrderedCollections ─ v1.1.0
 Installed URIParser ────────── v0.4.0
 Installed TranscodingStreams ─ v0.9.5
 Installed Missings ─────────── v0.4.3
 Installed InternedStrings ──── v0.7.0
 Installed CSV ──────────────── v0.3.1
 Installed MLBase ───────────── v0.8.0
  Updating `~/.julia/environments/v1.3/Project.toml`
  [6bac03b7] + DatasetsCF v0.3.1
  Updating `~/.julia/environments/v1.3/Manifest.toml`
  [9e28174c] + BinDeps v1.0.0
  [336ed68f] + CSV v0.3.1
  [324d7699] + CategoricalArrays v0.5.5
  [944b1d66] + CodecZlib v0.7.0
  [34da2185] + Compat v2.2.0
  [9a962f9c] + DataAPI v1.1.0
  [a93c6f00] + DataFrames v0.13.1
  [9a8bc11e] + DataStreams v0.4.2
  [864edb3b] + DataStructures v0.17.10
  [6bac03b7] + DatasetsCF v0.3.1
  [7d512f48] + InternedStrings v0.7.0
  [c8e1da08] + IterTools v1.3.0
  [682c06a0] + JSON v0.21.0
  [f0e99cf1] + MLBase v0.8.0
  [e1d29d7a] + Missings v0.4.3
  [bac558e1] + OrderedCollections v1.1.0
  [69de0a69] + Parsers v0.3.12
  [86800b63] + Persa v0.1.1
  [189a3867] + Reexport v0.2.0
  [a2af1166] + SortingAlgorithms v0.3.1
  [2913bbd2] + StatsBase v0.32.2
  [3bb67fe8] + TranscodingStreams v0.9.5
  [30578b45] + URIParser v0.4.0
  [ea10d353] + WeakRefStrings v0.5.8
  [83775a58] + Zlib_jll v1.2.11+8
  [2a0f44e3] + Base64 
  [ade2ca70] + Dates 
  [8bb1440f] + DelimitedFiles 
  [8ba89e20] + Distributed 
  [9fa8497b] + Future 
  [b77e0a4c] + InteractiveUtils 
  [76f85450] + LibGit2 
  [8f399da3] + Libdl 
  [37e2e46d] + LinearAlgebra 
  [56ddb016] + Logging 
  [d6f4376e] + Markdown 
  [a63ad114] + Mmap 
  [44cfe95a] + Pkg 
  [de0858da] + Printf 
  [3fa0cd96] + REPL 
  [9a3f8284] + Random 
  [ea8e919c] + SHA 
  [9e88b42a] + Serialization 
  [1a1011a3] + SharedArrays 
  [6462fe0b] + Sockets 
  [2f01184e] + SparseArrays 
  [10745b16] + Statistics 
  [8dfed614] + Test 
  [cf7118a7] + UUIDs 
  [4ec0a83e] + Unicode 
   Testing DatasetsCF
 Resolving package versions...
    Status `/tmp/jl_0xRnIu/Manifest.toml`
  [9e28174c] BinDeps v1.0.0
  [336ed68f] CSV v0.3.1
  [324d7699] CategoricalArrays v0.5.5
  [944b1d66] CodecZlib v0.7.0
  [34da2185] Compat v2.2.0
  [9a962f9c] DataAPI v1.1.0
  [a93c6f00] DataFrames v0.13.1
  [9a8bc11e] DataStreams v0.4.2
  [864edb3b] DataStructures v0.17.10
  [6bac03b7] DatasetsCF v0.3.1
  [7d512f48] InternedStrings v0.7.0
  [c8e1da08] IterTools v1.3.0
  [682c06a0] JSON v0.21.0
  [f0e99cf1] MLBase v0.8.0
  [e1d29d7a] Missings v0.4.3
  [bac558e1] OrderedCollections v1.1.0
  [69de0a69] Parsers v0.3.12
  [86800b63] Persa v0.1.1
  [189a3867] Reexport v0.2.0
  [a2af1166] SortingAlgorithms v0.3.1
  [2913bbd2] StatsBase v0.32.2
  [3bb67fe8] TranscodingStreams v0.9.5
  [30578b45] URIParser v0.4.0
  [ea10d353] WeakRefStrings v0.5.8
  [83775a58] Zlib_jll v1.2.11+8
  [2a0f44e3] Base64  [`@stdlib/Base64`]
  [ade2ca70] Dates  [`@stdlib/Dates`]
  [8bb1440f] DelimitedFiles  [`@stdlib/DelimitedFiles`]
  [8ba89e20] Distributed  [`@stdlib/Distributed`]
  [9fa8497b] Future  [`@stdlib/Future`]
  [b77e0a4c] InteractiveUtils  [`@stdlib/InteractiveUtils`]
  [76f85450] LibGit2  [`@stdlib/LibGit2`]
  [8f399da3] Libdl  [`@stdlib/Libdl`]
  [37e2e46d] LinearAlgebra  [`@stdlib/LinearAlgebra`]
  [56ddb016] Logging  [`@stdlib/Logging`]
  [d6f4376e] Markdown  [`@stdlib/Markdown`]
  [a63ad114] Mmap  [`@stdlib/Mmap`]
  [44cfe95a] Pkg  [`@stdlib/Pkg`]
  [de0858da] Printf  [`@stdlib/Printf`]
  [3fa0cd96] REPL  [`@stdlib/REPL`]
  [9a3f8284] Random  [`@stdlib/Random`]
  [ea8e919c] SHA  [`@stdlib/SHA`]
  [9e88b42a] Serialization  [`@stdlib/Serialization`]
  [1a1011a3] SharedArrays  [`@stdlib/SharedArrays`]
  [6462fe0b] Sockets  [`@stdlib/Sockets`]
  [2f01184e] SparseArrays  [`@stdlib/SparseArrays`]
  [10745b16] Statistics  [`@stdlib/Statistics`]
  [8dfed614] Test  [`@stdlib/Test`]
  [cf7118a7] UUIDs  [`@stdlib/UUIDs`]
  [4ec0a83e] Unicode  [`@stdlib/Unicode`]
Archive:  /tmp/jl_lwGO8c
   creating: /home/pkgeval/.julia/packages/DatasetsCF/CjEMl/src/../datasets/ml-100k/
  inflating: /home/pkgeval/.julia/packages/DatasetsCF/CjEMl/src/../datasets/ml-100k/allbut.pl  
  inflating: /home/pkgeval/.julia/packages/DatasetsCF/CjEMl/src/../datasets/ml-100k/mku.sh  
  inflating: /home/pkgeval/.julia/packages/DatasetsCF/CjEMl/src/../datasets/ml-100k/README  
  inflating: /home/pkgeval/.julia/packages/DatasetsCF/CjEMl/src/../datasets/ml-100k/u.data  
  inflating: /home/pkgeval/.julia/packages/DatasetsCF/CjEMl/src/../datasets/ml-100k/u.genre  
  inflating: /home/pkgeval/.julia/packages/DatasetsCF/CjEMl/src/../datasets/ml-100k/u.info  
  inflating: /home/pkgeval/.julia/packages/DatasetsCF/CjEMl/src/../datasets/ml-100k/u.item  
  inflating: /home/pkgeval/.julia/packages/DatasetsCF/CjEMl/src/../datasets/ml-100k/u.occupation  
  inflating: /home/pkgeval/.julia/packages/DatasetsCF/CjEMl/src/../datasets/ml-100k/u.user  
  inflating: /home/pkgeval/.julia/packages/DatasetsCF/CjEMl/src/../datasets/ml-100k/u1.base  
  inflating: /home/pkgeval/.julia/packages/DatasetsCF/CjEMl/src/../datasets/ml-100k/u1.test  
  inflating: /home/pkgeval/.julia/packages/DatasetsCF/CjEMl/src/../datasets/ml-100k/u2.base  
  inflating: /home/pkgeval/.julia/packages/DatasetsCF/CjEMl/src/../datasets/ml-100k/u2.test  
  inflating: /home/pkgeval/.julia/packages/DatasetsCF/CjEMl/src/../datasets/ml-100k/u3.base  
  inflating: /home/pkgeval/.julia/packages/DatasetsCF/CjEMl/src/../datasets/ml-100k/u3.test  
  inflating: /home/pkgeval/.julia/packages/DatasetsCF/CjEMl/src/../datasets/ml-100k/u4.base  
  inflating: /home/pkgeval/.julia/packages/DatasetsCF/CjEMl/src/../datasets/ml-100k/u4.test  
  inflating: /home/pkgeval/.julia/packages/DatasetsCF/CjEMl/src/../datasets/ml-100k/u5.base  
  inflating: /home/pkgeval/.julia/packages/DatasetsCF/CjEMl/src/../datasets/ml-100k/u5.test  
  inflating: /home/pkgeval/.julia/packages/DatasetsCF/CjEMl/src/../datasets/ml-100k/ua.base  
  inflating: /home/pkgeval/.julia/packages/DatasetsCF/CjEMl/src/../datasets/ml-100k/ua.test  
  inflating: /home/pkgeval/.julia/packages/DatasetsCF/CjEMl/src/../datasets/ml-100k/ub.base  
  inflating: /home/pkgeval/.julia/packages/DatasetsCF/CjEMl/src/../datasets/ml-100k/ub.test  
┌ Warning: `T` is deprecated, use `nonmissingtype` instead.
│   caller = #Source#22(::String, ::CSV.Options{Nothing}, ::Array{Symbol,1}, ::Int64, ::Array{DataType,1}, ::Symbol, ::Nothing, ::Bool, ::Nothing, ::Symbol, ::Int64, ::Int64, ::Int64, ::Bool, ::Type{CSV.Source}) at Source.jl:210
└ @ CSV ~/.julia/packages/CSV/tT4Xy/src/Source.jl:210
ERROR: LoadError: MethodError: no method matching DataFrames.DataFrame(::DataFrames.DataFrame)
Closest candidates are:
  DataFrames.DataFrame(::Any, !Matched::DataStreams.Data.Schema, !Matched::Type{S}, !Matched::Bool; reference) where S at /home/pkgeval/.julia/packages/DataFrames/utxEh/src/abstractdataframe/io.jl:295
  DataFrames.DataFrame(!Matched::Array{Any,1}, !Matched::DataFrames.Index) at /home/pkgeval/.julia/packages/DataFrames/utxEh/src/dataframe/dataframe.jl:87
  DataFrames.DataFrame(; kwargs...) at /home/pkgeval/.julia/packages/DataFrames/utxEh/src/dataframe/dataframe.jl:142
  ...
Stacktrace:
 [1] MovieLens() at /home/pkgeval/.julia/packages/DatasetsCF/CjEMl/src/movielens.jl:25
 [2] top-level scope at /home/pkgeval/.julia/packages/DatasetsCF/CjEMl/test/runtests.jl:6
 [3] include at ./boot.jl:328 [inlined]
 [4] include_relative(::Module, ::String) at ./loading.jl:1105
 [5] include(::Module, ::String) at ./Base.jl:31
 [6] include(::String) at ./client.jl:424
 [7] top-level scope at none:6
in expression starting at /home/pkgeval/.julia/packages/DatasetsCF/CjEMl/test/runtests.jl:6
ERROR: Package DatasetsCF errored during testing
Stacktrace:
 [1] pkgerror(::String, ::Vararg{String,N} where N) at /buildworker/worker/package_linux64/build/usr/share/julia/stdlib/v1.3/Pkg/src/Types.jl:113
 [2] #test#131(::Bool, ::Nothing, ::Cmd, ::Cmd, ::typeof(Pkg.Operations.test), ::Pkg.Types.Context, ::Array{Pkg.Types.PackageSpec,1}) at /buildworker/worker/package_linux64/build/usr/share/julia/stdlib/v1.3/Pkg/src/Operations.jl:1372
 [3] #test at ./none:0 [inlined]
 [4] #test#62(::Bool, ::Nothing, ::Cmd, ::Cmd, ::Base.Iterators.Pairs{Union{},Union{},Tuple{},NamedTuple{(),Tuple{}}}, ::typeof(Pkg.API.test), ::Pkg.Types.Context, ::Array{Pkg.Types.PackageSpec,1}) at /buildworker/worker/package_linux64/build/usr/share/julia/stdlib/v1.3/Pkg/src/API.jl:253
 [5] test(::Pkg.Types.Context, ::Array{Pkg.Types.PackageSpec,1}) at /buildworker/worker/package_linux64/build/usr/share/julia/stdlib/v1.3/Pkg/src/API.jl:239
 [6] #test#61 at /buildworker/worker/package_linux64/build/usr/share/julia/stdlib/v1.3/Pkg/src/API.jl:233 [inlined]
 [7] test at /buildworker/worker/package_linux64/build/usr/share/julia/stdlib/v1.3/Pkg/src/API.jl:233 [inlined]
 [8] #test#60 at /buildworker/worker/package_linux64/build/usr/share/julia/stdlib/v1.3/Pkg/src/API.jl:232 [inlined]
 [9] test at /buildworker/worker/package_linux64/build/usr/share/julia/stdlib/v1.3/Pkg/src/API.jl:232 [inlined]
 [10] #test#59(::Base.Iterators.Pairs{Union{},Union{},Tuple{},NamedTuple{(),Tuple{}}}, ::typeof(Pkg.API.test), ::String) at /buildworker/worker/package_linux64/build/usr/share/julia/stdlib/v1.3/Pkg/src/API.jl:231
 [11] test(::String) at /buildworker/worker/package_linux64/build/usr/share/julia/stdlib/v1.3/Pkg/src/API.jl:231
 [12] top-level scope at none:13
