Julia Version 1.4.0
Commit b8e9a9ecc6 (2020-03-21 16:36 UTC)
Platform Info:
  OS: Linux (x86_64-pc-linux-gnu)
  CPU: AMD Ryzen Threadripper 2990WX 32-Core Processor
  WORD_SIZE: 64
  LIBM: libopenlibm
  LLVM: libLLVM-8.0.1 (ORCJIT, znver1)
Environment:
  JULIA_DEPOT_PATH = ::/usr/local/share/julia
  JULIA_NUM_THREADS = 2

  Resolving package versions...
  Installed DeepDish ──────────────────── v0.1.1
  Installed DataAPI ───────────────────── v1.1.0
  Installed Reexport ──────────────────── v0.2.0
  Installed PooledArrays ──────────────── v0.5.3
  Installed CMakeWrapper ──────────────── v0.2.3
  Installed SortingAlgorithms ─────────── v0.3.1
  Installed OrderedCollections ────────── v1.1.0
  Installed InvertedIndices ───────────── v1.0.0
  Installed BinDeps ───────────────────── v1.0.0
  Installed Blosc ─────────────────────── v0.6.0
  Installed Parsers ───────────────────── v0.3.12
  Installed HDF5 ──────────────────────── v0.12.5
  Installed DataFrames ────────────────── v0.20.2
  Installed CategoricalArrays ─────────── v0.7.7
    Cloning [bd369af6-aec1-5ad0-b16a-f7cc5008161c] Tables from https://github.com/JuliaData/Tables.jl.git
[?25l    Fetching: [>                                        ]  0.0 %[2K[?25h  Installed Tables ────────────────────── v1.0.3
    Cloning [e1d29d7a-bbdc-5cf2-9ac0-f12de2c33e28] Missings from https://github.com/JuliaData/Missings.jl.git
[?25l    Fetching: [>                                        ]  0.0 %[2K[?25h  Installed Missings ──────────────────── v0.4.3
    Cloning [30578b45-9adc-5946-b283-645ec420af67] URIParser from https://github.com/JuliaWeb/URIParser.jl.git
[?25l    Fetching: [>                                        ]  0.0 %[2K[?25h  Installed URIParser ─────────────────── v0.4.0
    Cloning [82899510-4779-5014-852e-03e436cf321d] IteratorInterfaceExtensions from https://github.com/queryverse/IteratorInterfaceExtensions.jl.git
[?25l    Fetching: [>                                        ]  0.0 %[2K[?25h  Installed IteratorInterfaceExtensions ─ v1.0.0
    Cloning [631607c0-34d2-5d66-819e-eb0f9aa2061a] CMake from https://github.com/JuliaPackaging/CMake.jl.git
[?25l    Fetching: [>                                        ]  0.0 %[2K[?25h  Installed CMake ─────────────────────── v1.2.0
    Cloning [e2d170a0-9d28-54be-80f0-106bbe20a464] DataValueInterfaces from https://github.com/queryverse/DataValueInterfaces.jl.git
[?25l    Fetching: [>                                        ]  0.0 %[2K[?25h  Installed DataValueInterfaces ───────── v1.0.0
    Cloning [34da2185-b29b-5c13-b0c7-acf172513d20] Compat from https://github.com/JuliaLang/Compat.jl.git
[?25l    Fetching: [>                                        ]  0.0 %[2K[?25h  Installed Compat ────────────────────── v3.8.0
    Cloning [b99e7846-7c00-51b0-8f62-c81ae34c0232] BinaryProvider from https://github.com/JuliaPackaging/BinaryProvider.jl.git
[?25l    Fetching: [>                                        ]  0.0 %[2K[?25h  Installed BinaryProvider ────────────── v0.5.8
    Cloning [864edb3b-99cc-5e75-8d2d-829cb0a9cfe8] DataStructures from https://github.com/JuliaCollections/DataStructures.jl.git
[?25l    Fetching: [>                                        ]  0.0 %[2K[?25h  Installed DataStructures ────────────── v0.17.10
    Cloning [682c06a0-de6a-54ab-a142-c8b1cf79cde6] JSON from https://github.com/JuliaIO/JSON.jl.git
[?25l    Fetching: [>                                        ]  0.0 %[2K[?25h  Installed JSON ──────────────────────── v0.21.0
    Cloning [d96e819e-fc66-5662-9728-84c9c7592b0a] Parameters from https://github.com/mauro3/Parameters.jl.git
[?25l    Fetching: [>                                        ]  0.0 %[2K[?25h  Installed Parameters ────────────────── v0.12.0
    Cloning [3783bdb8-4a98-5b6b-af9a-565f29a5fe9c] TableTraits from https://github.com/queryverse/TableTraits.jl.git
[?25l    Fetching: [>                                        ]  0.0 %[2K[?25h  Installed TableTraits ───────────────── v1.0.0
   Updating `~/.julia/environments/v1.4/Project.toml`
  [03d21f85] + DeepDish v0.1.1
   Updating `~/.julia/environments/v1.4/Manifest.toml`
  [9e28174c] + BinDeps v1.0.0
  [b99e7846] + BinaryProvider v0.5.8
  [a74b3585] + Blosc v0.6.0
  [631607c0] + CMake v1.2.0
  [d5fb7624] + CMakeWrapper v0.2.3
  [324d7699] + CategoricalArrays v0.7.7
  [34da2185] + Compat v3.8.0
  [9a962f9c] + DataAPI v1.1.0
  [a93c6f00] + DataFrames v0.20.2
  [864edb3b] + DataStructures v0.17.10
  [e2d170a0] + DataValueInterfaces v1.0.0
  [03d21f85] + DeepDish v0.1.1
  [f67ccb44] + HDF5 v0.12.5
  [41ab1584] + InvertedIndices v1.0.0
  [82899510] + IteratorInterfaceExtensions v1.0.0
  [682c06a0] + JSON v0.21.0
  [e1d29d7a] + Missings v0.4.3
  [bac558e1] + OrderedCollections v1.1.0
  [d96e819e] + Parameters v0.12.0
  [69de0a69] + Parsers v0.3.12
  [2dfb63ee] + PooledArrays v0.5.3
  [189a3867] + Reexport v0.2.0
  [a2af1166] + SortingAlgorithms v0.3.1
  [3783bdb8] + TableTraits v1.0.0
  [bd369af6] + Tables v1.0.3
  [30578b45] + URIParser v0.4.0
  [2a0f44e3] + Base64 
  [ade2ca70] + Dates 
  [8bb1440f] + DelimitedFiles 
  [8ba89e20] + Distributed 
  [9fa8497b] + Future 
  [b77e0a4c] + InteractiveUtils 
  [76f85450] + LibGit2 
  [8f399da3] + Libdl 
  [37e2e46d] + LinearAlgebra 
  [56ddb016] + Logging 
  [d6f4376e] + Markdown 
  [a63ad114] + Mmap 
  [44cfe95a] + Pkg 
  [de0858da] + Printf 
  [3fa0cd96] + REPL 
  [9a3f8284] + Random 
  [ea8e919c] + SHA 
  [9e88b42a] + Serialization 
  [1a1011a3] + SharedArrays 
  [6462fe0b] + Sockets 
  [2f01184e] + SparseArrays 
  [10745b16] + Statistics 
  [8dfed614] + Test 
  [cf7118a7] + UUIDs 
  [4ec0a83e] + Unicode 
   Building CMake → `~/.julia/packages/CMake/ULbyn/deps/build.log`
   Building Blosc → `~/.julia/packages/Blosc/ZgcAM/deps/build.log`
   Building HDF5 ─→ `~/.julia/packages/HDF5/Zh9on/deps/build.log`
    Testing DeepDish
Status `/tmp/jl_Ou3HK9/Manifest.toml`
  [9e28174c] BinDeps v1.0.0
  [b99e7846] BinaryProvider v0.5.8
  [a74b3585] Blosc v0.6.0
  [631607c0] CMake v1.2.0
  [d5fb7624] CMakeWrapper v0.2.3
  [324d7699] CategoricalArrays v0.7.7
  [34da2185] Compat v3.8.0
  [9a962f9c] DataAPI v1.1.0
  [a93c6f00] DataFrames v0.20.2
  [864edb3b] DataStructures v0.17.10
  [e2d170a0] DataValueInterfaces v1.0.0
  [03d21f85] DeepDish v0.1.1
  [f67ccb44] HDF5 v0.12.5
  [41ab1584] InvertedIndices v1.0.0
  [82899510] IteratorInterfaceExtensions v1.0.0
  [682c06a0] JSON v0.21.0
  [e1d29d7a] Missings v0.4.3
  [bac558e1] OrderedCollections v1.1.0
  [d96e819e] Parameters v0.12.0
  [69de0a69] Parsers v0.3.12
  [2dfb63ee] PooledArrays v0.5.3
  [189a3867] Reexport v0.2.0
  [a2af1166] SortingAlgorithms v0.3.1
  [3783bdb8] TableTraits v1.0.0
  [bd369af6] Tables v1.0.3
  [30578b45] URIParser v0.4.0
  [2a0f44e3] Base64 
  [ade2ca70] Dates 
  [8bb1440f] DelimitedFiles 
  [8ba89e20] Distributed 
  [9fa8497b] Future 
  [b77e0a4c] InteractiveUtils 
  [76f85450] LibGit2 
  [8f399da3] Libdl 
  [37e2e46d] LinearAlgebra 
  [56ddb016] Logging 
  [d6f4376e] Markdown 
  [a63ad114] Mmap 
  [44cfe95a] Pkg 
  [de0858da] Printf 
  [3fa0cd96] REPL 
  [9a3f8284] Random 
  [ea8e919c] SHA 
  [9e88b42a] Serialization 
  [1a1011a3] SharedArrays 
  [6462fe0b] Sockets 
  [2f01184e] SparseArrays 
  [10745b16] Statistics 
  [8dfed614] Test 
  [cf7118a7] UUIDs 
  [4ec0a83e] Unicode 
┌ Warning: `getindex(df::DataFrame, col_ind::ColumnIndex)` is deprecated, use `df[!, col_ind]` instead.
│   caller = top-level scope at runtests.jl:18
└ @ Core ~/.julia/packages/DeepDish/31TbB/test/runtests.jl:18
Test Summary: | Pass  Total
test set      |    5      5
    Testing DeepDish tests passed 
