Julia Version 1.5.1
Commit 697e782ab8 (2020-08-25 20:08 UTC)
Platform Info:
  OS: Linux (x86_64-pc-linux-gnu)
  CPU: Intel(R) Xeon(R) Silver 4114 CPU @ 2.20GHz
  WORD_SIZE: 64
  LIBM: libopenlibm
  LLVM: libLLVM-9.0.1 (ORCJIT, skylake-avx512)
Environment:
  JULIA_DEPOT_PATH = ::/usr/local/share/julia
  JULIA_NUM_THREADS = 2

  Resolving package versions...
  Installed FastClosures ───────────────── v0.3.2
  Installed ZygoteRules ────────────────── v0.2.0
  Installed CpuId ──────────────────────── v0.2.2
  Installed UnPack ─────────────────────── v1.0.2
  Installed ArrayInterface ─────────────── v2.12.0
  Installed ExponentialUtilities ───────── v1.8.0
  Installed DelayDiffEq ────────────────── v5.24.2
  Installed LightGraphs ────────────────── v1.3.0
  Installed TreeViews ──────────────────── v0.3.0
  Installed CompilerSupportLibraries_jll ─ v0.3.3+0
  Installed NaNMath ────────────────────── v0.3.4
  Installed SIMDPirates ────────────────── v0.8.24
  Installed RecursiveFactorization ─────── v0.1.4
  Installed SLEEFPirates ───────────────── v0.5.5
  Installed SparseDiffTools ────────────── v1.10.0
  Installed DiffEqBase ─────────────────── v6.46.1
  Installed DiffResults ────────────────── v1.0.2
  Installed IteratorInterfaceExtensions ── v1.0.0
  Installed Requires ───────────────────── v1.0.2
  Installed CommonSubexpressions ───────── v0.3.0
  Installed MacroTools ─────────────────── v0.5.5
  Installed StaticArrays ───────────────── v0.12.4
  Installed DocStringExtensions ────────── v0.8.3
  Installed ForwardDiff ────────────────── v0.10.12
  Installed IterativeSolvers ───────────── v0.8.4
  Installed LineSearches ───────────────── v7.1.0
  Installed VertexSafeGraphs ───────────── v0.1.2
  Installed SimpleTraits ───────────────── v0.9.3
  Installed Distances ──────────────────── v0.9.0
  Installed NLsolve ────────────────────── v4.4.1
  Installed OpenSpecFun_jll ────────────── v0.5.3+3
  Installed LabelledArrays ─────────────── v1.3.0
  Installed NLSolversBase ──────────────── v7.7.0
  Installed RecursiveArrayTools ────────── v2.6.0
  Installed FunctionWrappers ───────────── v1.1.1
  Installed VectorizationBase ──────────── v0.12.32
  Installed DataStructures ─────────────── v0.18.2
  Installed Reexport ───────────────────── v0.2.0
  Installed GenericSVD ─────────────────── v0.3.0
  Installed Roots ──────────────────────── v1.0.5
  Installed Parameters ─────────────────── v0.12.1
  Installed RecipesBase ────────────────── v1.0.2
  Installed ArnoldiMethod ──────────────── v0.0.4
  Installed TableTraits ────────────────── v1.0.0
  Installed Compat ─────────────────────── v3.15.0
  Installed MuladdMacro ────────────────── v0.2.2
  Installed Inflate ────────────────────── v0.1.2
  Installed SpecialFunctions ───────────── v0.10.3
  Installed LoopVectorization ──────────── v0.8.25
  Installed ChainRulesCore ─────────────── v0.9.6
  Installed OrdinaryDiffEq ─────────────── v5.42.5
  Installed Adapt ──────────────────────── v2.0.2
  Installed FiniteDiff ─────────────────── v2.6.0
  Installed DiffRules ──────────────────── v1.0.1
  Installed OffsetArrays ───────────────── v1.1.3
  Installed OrderedCollections ─────────── v1.3.0
Updating `~/.julia/environments/v1.5/Project.toml`
  [bcd4f6db] + DelayDiffEq v5.24.2
Updating `~/.julia/environments/v1.5/Manifest.toml`
  [79e6a3ab] + Adapt v2.0.2
  [ec485272] + ArnoldiMethod v0.0.4
  [4fba245c] + ArrayInterface v2.12.0
  [d360d2e6] + ChainRulesCore v0.9.6
  [bbf7d656] + CommonSubexpressions v0.3.0
  [34da2185] + Compat v3.15.0
  [e66e0078] + CompilerSupportLibraries_jll v0.3.3+0
  [adafc99b] + CpuId v0.2.2
  [864edb3b] + DataStructures v0.18.2
  [bcd4f6db] + DelayDiffEq v5.24.2
  [2b5f629d] + DiffEqBase v6.46.1
  [163ba53b] + DiffResults v1.0.2
  [b552c78f] + DiffRules v1.0.1
  [b4f34e82] + Distances v0.9.0
  [ffbed154] + DocStringExtensions v0.8.3
  [d4d017d3] + ExponentialUtilities v1.8.0
  [9aa1b823] + FastClosures v0.3.2
  [6a86dc24] + FiniteDiff v2.6.0
  [f6369f11] + ForwardDiff v0.10.12
  [069b7b12] + FunctionWrappers v1.1.1
  [01680d73] + GenericSVD v0.3.0
  [d25df0c9] + Inflate v0.1.2
  [42fd0dbc] + IterativeSolvers v0.8.4
  [82899510] + IteratorInterfaceExtensions v1.0.0
  [2ee39098] + LabelledArrays v1.3.0
  [093fc24a] + LightGraphs v1.3.0
  [d3d80556] + LineSearches v7.1.0
  [bdcacae8] + LoopVectorization v0.8.25
  [1914dd2f] + MacroTools v0.5.5
  [46d2c3a1] + MuladdMacro v0.2.2
  [d41bc354] + NLSolversBase v7.7.0
  [2774e3e8] + NLsolve v4.4.1
  [77ba4419] + NaNMath v0.3.4
  [6fe1bfb0] + OffsetArrays v1.1.3
  [efe28fd5] + OpenSpecFun_jll v0.5.3+3
  [bac558e1] + OrderedCollections v1.3.0
  [1dea7af3] + OrdinaryDiffEq v5.42.5
  [d96e819e] + Parameters v0.12.1
  [3cdcf5f2] + RecipesBase v1.0.2
  [731186ca] + RecursiveArrayTools v2.6.0
  [f2c3362d] + RecursiveFactorization v0.1.4
  [189a3867] + Reexport v0.2.0
  [ae029012] + Requires v1.0.2
  [f2b01f46] + Roots v1.0.5
  [21efa798] + SIMDPirates v0.8.24
  [476501e8] + SLEEFPirates v0.5.5
  [699a6c99] + SimpleTraits v0.9.3
  [47a9eef4] + SparseDiffTools v1.10.0
  [276daf66] + SpecialFunctions v0.10.3
  [90137ffa] + StaticArrays v0.12.4
  [3783bdb8] + TableTraits v1.0.0
  [a2a6695c] + TreeViews v0.3.0
  [3a884ed6] + UnPack v1.0.2
  [3d5dd08c] + VectorizationBase v0.12.32
  [19fa3120] + VertexSafeGraphs v0.1.2
  [700de1a5] + ZygoteRules v0.2.0
  [2a0f44e3] + Base64
  [ade2ca70] + Dates
  [8bb1440f] + DelimitedFiles
  [8ba89e20] + Distributed
  [b77e0a4c] + InteractiveUtils
  [76f85450] + LibGit2
  [8f399da3] + Libdl
  [37e2e46d] + LinearAlgebra
  [56ddb016] + Logging
  [d6f4376e] + Markdown
  [a63ad114] + Mmap
  [44cfe95a] + Pkg
  [de0858da] + Printf
  [3fa0cd96] + REPL
  [9a3f8284] + Random
  [ea8e919c] + SHA
  [9e88b42a] + Serialization
  [1a1011a3] + SharedArrays
  [6462fe0b] + Sockets
  [2f01184e] + SparseArrays
  [10745b16] + Statistics
  [4607b0f0] + SuiteSparse
  [8dfed614] + Test
  [cf7118a7] + UUIDs
  [4ec0a83e] + Unicode
   Building SLEEFPirates → `~/.julia/packages/SLEEFPirates/jGsib/deps/build.log`
    Testing DelayDiffEq
Status `/tmp/jl_UihbMk/Project.toml`
  [864edb3b] DataStructures v0.18.2
  [bcd4f6db] DelayDiffEq v5.24.2
  [2b5f629d] DiffEqBase v6.46.1
  [459566f4] DiffEqCallbacks v2.14.1
  [f3b72e0c] DiffEqDevTools v2.27.0
  [a077e3f3] DiffEqProblemLibrary v4.8.1
  [6a86dc24] FiniteDiff v2.6.0
  [f6369f11] ForwardDiff v0.10.12
  [1dea7af3] OrdinaryDiffEq v5.42.5
  [731186ca] RecursiveArrayTools v2.6.0
  [189a3867] Reexport v0.2.0
  [f2b01f46] Roots v1.0.5
  [1bc83da4] SafeTestsets v0.0.1
  [3a884ed6] UnPack v1.0.2
  [1986cc42] Unitful v1.4.0
  [37e2e46d] LinearAlgebra
  [56ddb016] Logging
  [de0858da] Printf
  [9a3f8284] Random
  [8dfed614] Test
Status `/tmp/jl_UihbMk/Manifest.toml`
  [c3fe647b] AbstractAlgebra v0.10.0
  [79e6a3ab] Adapt v2.0.2
  [ec485272] ArnoldiMethod v0.0.4
  [4fba245c] ArrayInterface v2.12.0
  [4c555306] ArrayLayouts v0.1.5
  [aae01518] BandedMatrices v0.14.3
  [b99e7846] BinaryProvider v0.5.10
  [a603d957] CanonicalTraits v0.2.2
  [d360d2e6] ChainRulesCore v0.9.6
  [861a8166] Combinatorics v1.0.2
  [bbf7d656] CommonSubexpressions v0.3.0
  [34da2185] Compat v3.15.0
  [e66e0078] CompilerSupportLibraries_jll v0.3.3+0
  [187b0558] ConstructionBase v1.0.0
  [adafc99b] CpuId v0.2.2
  [a8cc5b0e] Crayons v4.0.4
  [9a962f9c] DataAPI v1.3.0
  [864edb3b] DataStructures v0.18.2
  [e2d170a0] DataValueInterfaces v1.0.0
  [bcd4f6db] DelayDiffEq v5.24.2
  [2b5f629d] DiffEqBase v6.46.1
  [eb300fae] DiffEqBiological v4.0.2
  [459566f4] DiffEqCallbacks v2.14.1
  [f3b72e0c] DiffEqDevTools v2.27.0
  [c894b116] DiffEqJump v6.10.1
  [77a26b50] DiffEqNoiseProcess v5.3.0
  [9fdde737] DiffEqOperators v4.1.0
  [a077e3f3] DiffEqProblemLibrary v4.8.1
  [163ba53b] DiffResults v1.0.2
  [b552c78f] DiffRules v1.0.1
  [b4f34e82] Distances v0.9.0
  [31c24e10] Distributions v0.23.8
  [ffbed154] DocStringExtensions v0.8.3
  [7c1d4256] DynamicPolynomials v0.3.3
  [fdbdab4c] ElasticArrays v1.2.4
  [d4d017d3] ExponentialUtilities v1.8.0
  [9aa1b823] FastClosures v0.3.2
  [1a297f60] FillArrays v0.8.14
  [6a86dc24] FiniteDiff v2.6.0
  [59287772] Formatting v0.4.1
  [f6369f11] ForwardDiff v0.10.12
  [069b7b12] FunctionWrappers v1.1.1
  [781609d7] GMP_jll v6.1.2+5
  [6b9d7cbe] GeneralizedGenerated v0.2.7
  [01680d73] GenericSVD v0.3.0
  [f213a82b] HomotopyContinuation v2.0.5
  [d25df0c9] Inflate v0.1.2
  [42fd0dbc] IterativeSolvers v0.8.4
  [82899510] IteratorInterfaceExtensions v1.0.0
  [b14d175d] JuliaVariables v0.2.3
  [8ac3fa9e] LRUCache v1.1.0
  [b964fa9f] LaTeXStrings v1.1.0
  [2ee39098] LabelledArrays v1.3.0
  [23fbe1c1] Latexify v0.14.0
  [093fc24a] LightGraphs v1.3.0
  [d3d80556] LineSearches v7.1.0
  [bdcacae8] LoopVectorization v0.8.25
  [d8e11817] MLStyle v0.4.6
  [2ce0c516] MPC_jll v1.1.0+0
  [3a97d323] MPFR_jll v4.0.2+2
  [1914dd2f] MacroTools v0.5.5
  [e1d29d7a] Missings v0.4.4
  [291d046c] MixedSubdivisions v1.0.0
  [961ee093] ModelingToolkit v3.18.0
  [46d2c3a1] MuladdMacro v0.2.2
  [102ac46a] MultivariatePolynomials v0.3.2
  [d41bc354] NLSolversBase v7.7.0
  [2774e3e8] NLsolve v4.4.1
  [872c559c] NNlib v0.6.6
  [77ba4419] NaNMath v0.3.4
  [71a1bf82] NameResolution v0.1.5
  [6fe1bfb0] OffsetArrays v1.1.3
  [efe28fd5] OpenSpecFun_jll v0.5.3+3
  [bac558e1] OrderedCollections v1.3.0
  [1dea7af3] OrdinaryDiffEq v5.42.5
  [90014a1f] PDMats v0.10.0
  [d96e819e] Parameters v0.12.1
  [e409e4f3] PoissonRandom v0.4.0
  [8162dcfd] PrettyPrint v0.2.0
  [08abe8d2] PrettyTables v0.9.1
  [92933f4c] ProgressMeter v1.3.2
  [01f381cc] ProjectiveVectors v1.1.2
  [1fd47b50] QuadGK v2.4.1
  [e6cf234a] RandomNumbers v1.4.0
  [3cdcf5f2] RecipesBase v1.0.2
  [731186ca] RecursiveArrayTools v2.6.0
  [f2c3362d] RecursiveFactorization v0.1.4
  [189a3867] Reexport v0.2.0
  [ae029012] Requires v1.0.2
  [ae5879a3] ResettableStacks v1.0.0
  [79098fc4] Rmath v0.6.1
  [f50d1b31] Rmath_jll v0.2.2+1
  [47965b36] RootedTrees v1.0.0
  [f2b01f46] Roots v1.0.5
  [21efa798] SIMDPirates v0.8.24
  [476501e8] SLEEFPirates v0.5.5
  [1bc83da4] SafeTestsets v0.0.1
  [699a6c99] SimpleTraits v0.9.3
  [a2af1166] SortingAlgorithms v0.3.1
  [47a9eef4] SparseDiffTools v1.10.0
  [276daf66] SpecialFunctions v0.10.3
  [90137ffa] StaticArrays v0.12.4
  [2913bbd2] StatsBase v0.33.1
  [4c63d2b9] StatsFuns v0.9.5
  [09ab397b] StructArrays v0.4.4
  [123dc426] SymEngine v0.8.2
  [3428059b] SymEngine_jll v0.6.0+1
  [d1185830] SymbolicUtils v0.5.1
  [3783bdb8] TableTraits v1.0.0
  [bd369af6] Tables v1.0.5
  [a759f4b9] TimerOutputs v0.5.6
  [a2a6695c] TreeViews v0.3.0
  [3a884ed6] UnPack v1.0.2
  [1986cc42] Unitful v1.4.0
  [3d5dd08c] VectorizationBase v0.12.32
  [19fa3120] VertexSafeGraphs v0.1.2
  [700de1a5] ZygoteRules v0.2.0
  [2a0f44e3] Base64
  [ade2ca70] Dates
  [8bb1440f] DelimitedFiles
  [8ba89e20] Distributed
  [b77e0a4c] InteractiveUtils
  [76f85450] LibGit2
  [8f399da3] Libdl
  [37e2e46d] LinearAlgebra
  [56ddb016] Logging
  [d6f4376e] Markdown
  [a63ad114] Mmap
  [44cfe95a] Pkg
  [de0858da] Printf
  [3fa0cd96] REPL
  [9a3f8284] Random
  [ea8e919c] SHA
  [9e88b42a] Serialization
  [1a1011a3] SharedArrays
  [6462fe0b] Sockets
  [2f01184e] SparseArrays
  [10745b16] Statistics
  [4607b0f0] SuiteSparse
  [8dfed614] Test
  [cf7118a7] UUIDs
  [4ec0a83e] Unicode
Test Summary: | Pass  Broken  Total
AD Tests      |   12      12     24
482.871259 seconds (168.76 M allocations: 8.189 GiB, 1.22% gc time)
Test Summary:   | Pass  Total
Backwards Tests |   12     12
  8.596210 seconds (13.01 M allocations: 666.195 MiB, 4.25% gc time)
Test Summary:            | Pass  Total
Composite Solution Tests |   12     12
 63.613459 seconds (96.34 M allocations: 4.739 GiB, 4.47% gc time)
Test Summary:                | Pass  Total
Constrained Time Steps Tests |   10     10
 17.450434 seconds (33.16 M allocations: 1.673 GiB, 5.22% gc time)
Test Summary:         | Pass  Total
Dependent Delay Tests |   17     17
  8.815928 seconds (13.87 M allocations: 645.986 MiB, 3.41% gc time)
Test Summary:       | Pass  Total
Discontinuity Tests |   23     23
  2.556765 seconds (3.34 M allocations: 165.012 MiB, 2.13% gc time)
Test Summary: | Pass  Total
Export Tests  |    1      1
  0.049475 seconds (28.63 k allocations: 1.439 MiB)
Test Summary:               | Pass  Broken  Total
Fixed-point Iteration Tests |   24      12     36
128.582107 seconds (74.49 M allocations: 3.259 GiB, 1.63% gc time)
Test Summary:          | Pass  Total
History Function Tests |   81     81
 10.698301 seconds (20.15 M allocations: 954.197 MiB, 2.77% gc time)
Test Summary:  | Pass  Broken  Total
Jacobian Tests |   34      34     68
 68.801165 seconds (106.93 M allocations: 5.235 GiB, 3.82% gc time)
Test Summary:                | Pass  Total
Parameterized Function Tests |   12     12
  6.588135 seconds (8.33 M allocations: 401.613 MiB, 2.80% gc time)
Test Summary: | Pass  Total
saveat Tests  |  101    101
 11.339194 seconds (14.48 M allocations: 691.642 MiB, 2.73% gc time)
Test Summary:   | Pass  Total
save_idxs Tests |   52     52
 16.391501 seconds (23.07 M allocations: 1.113 GiB, 2.69% gc time)
Test Summary:                  | Pass  Total
Unconstrained Time Steps Tests |   15     15
 31.049587 seconds (40.98 M allocations: 1.955 GiB, 2.99% gc time)
Test Summary: | Pass  Total
Units Tests   |   13     13
 66.084869 seconds (50.45 M allocations: 2.412 GiB, 2.10% gc time)
Check for stochastic errors
Check some other integrators
Rosenbrock23
Rosenbrock32
Vern7
Euler
Midpoint
RK4
SSPRK22
SSPRK33
ORK256
CarpenterKennedy2N54
HSLDDRK64
DGLDDRK73_C
CFRLDDRK64
TSLDDRK74
CKLLSRK43_2
ParsaniKetchesonDeconinck3S32
BS3
BS5
DP5
DP8
Feagin10
Feagin12
Feagin14
TanYam7
Tsit5
TsitPap8
Vern6
Vern7
Vern8
Vern9
OwrenZen3
OwrenZen4
OwrenZen5
Rodas4
Rodas5
Test Summary: | Pass  Total
Cache Tests   |   45     45
349.984172 seconds (454.41 M allocations: 21.621 GiB, 3.73% gc time)
Test Summary: | Pass  Total
Event Tests   |   13     13
 24.765114 seconds (11.88 M allocations: 588.644 MiB, 1.47% gc time)
(tprev, t) = (0.0, 0.0625)
(tprev, t) = (0.0625, 0.5)
(tprev, t) = (0.5, 0.7113162729614714)
(tprev, t) = (0.7113162729614714, 0.8430750280339182)
(tprev, t) = (0.8430750280339182, 0.9210780782314043)
(tprev, t) = (0.9210780782314043, 0.9642703918488206)
(tprev, t) = (0.9642703918488206, 0.9861188456029072)
(tprev, t) = (0.9861188456029072, 0.9958083112749617)
(tprev, t) = (0.9958083112749617, 0.999268279782192)
(tprev, t) = (0.999268279782192, 1.0)
(tprev, t) = (1.0, 1.0003691106501282)
(tprev, t) = (1.0003691106501282, 1.004060217151411)
(tprev, t) = (1.004060217151411, 1.0409712821642392)
(tprev, t) = (1.0409712821642392, 1.4100819322925204)
(tprev, t) = (1.4100819322925204, 2.0)
(tprev, t) = (2.0, 2.2643438785165344)
(tprev, t) = (2.2643438785165344, 3.0)
(tprev, t) = (3.0, 3.4694315774247455)
(tprev, t) = (3.4694315774247455, 4.0)
(tprev, t) = (4.0, 4.681725498926003)
(tprev, t) = (4.681725498926003, 5.0)
(tprev, t) = (5.0, 5.646091554807268)
(tprev, t) = (5.646091554807268, 6.0)
(tprev, t) = (6.0, 6.632103897445186)
(tprev, t) = (6.632103897445186, 7.228995707122442)
(tprev, t) = (7.228995707122442, 8.666015687047528)
(tprev, t) = (8.666015687047528, 9.29844012816626)
(tprev, t) = (9.29844012816626, 10.0)
Test Summary:  | Pass  Total
Iterator Tests |   17     17
  7.964061 seconds (10.53 M allocations: 542.619 MiB, 3.87% gc time)
Test Summary:          | Pass  Total
Reinitialization Tests |    8      8
  1.038122 seconds (1.29 M allocations: 68.271 MiB, 3.83% gc time)
Test Summary:          | Pass  Total
Residual Control Tests |   18     18
  5.591741 seconds (9.07 M allocations: 417.446 MiB, 3.58% gc time)
Test Summary:     | Pass  Total
Return Code Tests |    6      6
  1.685567 seconds (2.90 M allocations: 156.512 MiB, 4.80% gc time)
Rosenbrock23
Rosenbrock32
ROS3P
Rodas3
RosShamp4
Veldd4
Velds4
GRK4T
GRK4A
Ros4LStab
Rodas4
Rodas42
Rodas4P
Rodas5
Test Summary:    | Pass  Total
Rosenbrock Tests |   42     42
125.601926 seconds (180.77 M allocations: 9.007 GiB, 4.60% gc time)
ImplicitMidpoint
SSPSDIRK2
KenCarp5
ImplicitEuler
Trapezoid
TRBDF2
SDIRK2
Kvaerno3
KenCarp3
Cash4
Hairer4
Hairer42
Kvaerno4
KenCarp4
Kvaerno5
ImplicitEuler
Trapezoid
TRBDF2
SDIRK2
Kvaerno3
KenCarp3
Cash4
Hairer4
Hairer42
Kvaerno4
KenCarp4
Kvaerno5
Test Summary: | Pass  Broken  Total
SDIRK Tests   |   45      36     81
211.785900 seconds (361.32 M allocations: 18.852 GiB, 4.24% gc time)
Test Summary:           | Pass  Total
Unique Timepoints Tests |    2      2
  2.248434 seconds (3.38 M allocations: 160.196 MiB, 2.70% gc time)
Vern6
Vern7
Vern8
Vern9
Mackey and Glass
Test Summary: | Pass  Total
Verner Tests  |   20     20
 74.524497 seconds (88.87 M allocations: 3.863 GiB, 2.29% gc time)
Test Summary:   | Broken  Total
Inference Tests |     18     18
  3.249383 seconds (5.20 M allocations: 269.596 MiB, 3.83% gc time)
Test Summary:         | Pass  Total
Waltman Problem Tests |   26     26
 23.658041 seconds (40.46 M allocations: 1.870 GiB, 3.51% gc time)
    Testing DelayDiffEq tests passed 
