Julia Version 1.3.1
Commit 2d5741174c (2019-12-30 21:36 UTC)
Platform Info:
  OS: Linux (x86_64-pc-linux-gnu)
  CPU: AMD Ryzen Threadripper 2990WX 32-Core Processor
  WORD_SIZE: 64
  LIBM: libopenlibm
  LLVM: libLLVM-6.0.1 (ORCJIT, znver1)
Environment:
  JULIA_DEPOT_PATH = ::/usr/local/share/julia
  JULIA_NUM_THREADS = 2

 Resolving package versions...
 Installed NaNMath ───────────────────── v0.3.3
 Installed Suppressor ────────────────── v0.1.1
 Installed DataAPI ───────────────────── v1.1.0
 Installed Codecs ────────────────────── v0.5.0
 Installed PaddedViews ───────────────── v0.5.3
 Installed Literate ──────────────────── v2.3.0
 Installed ImageCore ─────────────────── v0.8.12
 Installed DemoCards ─────────────────── v0.2.1
 Installed DataValueInterfaces ───────── v1.0.0
 Installed Graphics ──────────────────── v1.0.2
 Installed IteratorInterfaceExtensions ─ v1.0.0
 Installed MappedArrays ──────────────── v0.2.2
 Installed Requires ──────────────────── v1.0.1
 Installed OffsetArrays ──────────────── v1.0.3
 Installed FixedPointNumbers ─────────── v0.8.0
 Installed Documenter ────────────────── v0.24.6
 Installed Compat ────────────────────── v2.2.0
 Installed Mustache ──────────────────── v1.0.0
 Installed JSON ──────────────────────── v0.21.0
 Installed Parsers ───────────────────── v0.3.12
 Installed Reexport ──────────────────── v0.2.0
 Installed TableTraits ───────────────── v1.0.0
 Installed Colors ────────────────────── v0.12.0
 Installed Tables ────────────────────── v0.2.11
 Installed DocStringExtensions ───────── v0.8.1
 Installed YAML ──────────────────────── v0.3.2
 Installed FileIO ────────────────────── v1.2.3
 Installed ColorTypes ────────────────── v0.10.0
  Updating `~/.julia/environments/v1.3/Project.toml`
  [311a05b2] + DemoCards v0.2.1
  Updating `~/.julia/environments/v1.3/Manifest.toml`
  [19ecbf4d] + Codecs v0.5.0
  [3da002f7] + ColorTypes v0.10.0
  [5ae59095] + Colors v0.12.0
  [34da2185] + Compat v2.2.0
  [9a962f9c] + DataAPI v1.1.0
  [e2d170a0] + DataValueInterfaces v1.0.0
  [311a05b2] + DemoCards v0.2.1
  [ffbed154] + DocStringExtensions v0.8.1
  [e30172f5] + Documenter v0.24.6
  [5789e2e9] + FileIO v1.2.3
  [53c48c17] + FixedPointNumbers v0.8.0
  [a2bd30eb] + Graphics v1.0.2
  [a09fc81d] + ImageCore v0.8.12
  [82899510] + IteratorInterfaceExtensions v1.0.0
  [682c06a0] + JSON v0.21.0
  [98b081ad] + Literate v2.3.0
  [dbb5928d] + MappedArrays v0.2.2
  [ffc61752] + Mustache v1.0.0
  [77ba4419] + NaNMath v0.3.3
  [6fe1bfb0] + OffsetArrays v1.0.3
  [5432bcbf] + PaddedViews v0.5.3
  [69de0a69] + Parsers v0.3.12
  [189a3867] + Reexport v0.2.0
  [ae029012] + Requires v1.0.1
  [fd094767] + Suppressor v0.1.1
  [3783bdb8] + TableTraits v1.0.0
  [bd369af6] + Tables v0.2.11
  [ddb6d928] + YAML v0.3.2
  [2a0f44e3] + Base64 
  [ade2ca70] + Dates 
  [8bb1440f] + DelimitedFiles 
  [8ba89e20] + Distributed 
  [b77e0a4c] + InteractiveUtils 
  [76f85450] + LibGit2 
  [8f399da3] + Libdl 
  [37e2e46d] + LinearAlgebra 
  [56ddb016] + Logging 
  [d6f4376e] + Markdown 
  [a63ad114] + Mmap 
  [44cfe95a] + Pkg 
  [de0858da] + Printf 
  [3fa0cd96] + REPL 
  [9a3f8284] + Random 
  [ea8e919c] + SHA 
  [9e88b42a] + Serialization 
  [1a1011a3] + SharedArrays 
  [6462fe0b] + Sockets 
  [2f01184e] + SparseArrays 
  [10745b16] + Statistics 
  [8dfed614] + Test 
  [cf7118a7] + UUIDs 
  [4ec0a83e] + Unicode 
   Testing DemoCards
 Resolving package versions...
ERROR: Unsatisfiable requirements detected for package ImageTransformations [02fcd773]:
 ImageTransformations [02fcd773] log:
 ├─possible versions are: [0.2.0-0.2.2, 0.5.0-0.5.2, 0.6.0, 0.7.0-0.7.2, 0.8.0-0.8.4] or uninstalled
 ├─restricted by compatibility requirements with ImageCore [a09fc81d] to versions: [0.5.0-0.5.2, 0.6.0, 0.7.0-0.7.2, 0.8.0-0.8.4] or uninstalled
 │ └─ImageCore [a09fc81d] log:
 │   ├─possible versions are: [0.7.0-0.7.4, 0.8.0-0.8.12] or uninstalled
 │   └─restricted to versions 0.8.12 by an explicit requirement, leaving only versions 0.8.12
 ├─restricted by compatibility requirements with OffsetArrays [6fe1bfb0] to versions: 0.8.2-0.8.4 or uninstalled
 │ └─OffsetArrays [6fe1bfb0] log:
 │   ├─possible versions are: [0.7.0, 0.8.0-0.8.1, 0.9.0-0.9.1, 0.10.0, 0.11.0-0.11.4, 1.0.0-1.0.3] or uninstalled
 │   └─restricted to versions 1.0.3 by an explicit requirement, leaving only versions 1.0.3
 ├─restricted by compatibility requirements with ImageInTerminal [d8c32880] to versions: [0.5.0-0.5.2, 0.6.0, 0.7.0-0.7.2, 0.8.0-0.8.4], leaving only versions: 0.8.2-0.8.4
 │ └─ImageInTerminal [d8c32880] log:
 │   ├─possible versions are: [0.3.0, 0.4.0-0.4.3] or uninstalled
 │   ├─restricted by compatibility requirements with ImageCore [a09fc81d] to versions: 0.4.0-0.4.3 or uninstalled
 │   │ └─ImageCore [a09fc81d] log: see above
 │   ├─restricted by compatibility requirements with ColorTypes [3da002f7] to versions: 0.4.2-0.4.3 or uninstalled
 │   │ └─ColorTypes [3da002f7] log:
 │   │   ├─possible versions are: [0.7.0-0.7.5, 0.8.0-0.8.1, 0.9.0-0.9.1, 0.10.0] or uninstalled
 │   │   └─restricted to versions 0.10.0 by an explicit requirement, leaving only versions 0.10.0
 │   └─restricted by compatibility requirements with ReferenceTests [324d217c] to versions: [0.3.0, 0.4.0-0.4.3], leaving only versions: 0.4.2-0.4.3
 │     └─ReferenceTests [324d217c] log:
 │       ├─possible versions are: [0.4.0-0.4.1, 0.5.0-0.5.1, 0.6.0-0.6.3, 0.7.0, 0.8.0-0.8.4, 0.9.0] or uninstalled
 │       └─restricted to versions * by an explicit requirement, leaving only versions [0.4.0-0.4.1, 0.5.0-0.5.1, 0.6.0-0.6.3, 0.7.0, 0.8.0-0.8.4, 0.9.0]
 └─restricted by compatibility requirements with ColorVectorSpace [c3611d14] to versions: uninstalled — no versions left
   └─ColorVectorSpace [c3611d14] log:
     ├─possible versions are: [0.6.0-0.6.2, 0.7.0-0.7.1, 0.8.0-0.8.3] or uninstalled
     └─restricted by compatibility requirements with Colors [5ae59095] to versions: uninstalled
       └─Colors [5ae59095] log:
         ├─possible versions are: [0.9.0, 0.9.2-0.9.6, 0.10.0-0.10.2, 0.11.0-0.11.2, 0.12.0] or uninstalled
         └─restricted to versions 0.12.0 by an explicit requirement, leaving only versions 0.12.0
Stacktrace:
 [1] #propagate_constraints!#61(::Bool, ::typeof(Pkg.GraphType.propagate_constraints!), ::Pkg.GraphType.Graph, ::Set{Int64}) at /buildworker/worker/package_linux64/build/usr/share/julia/stdlib/v1.3/Pkg/src/GraphType.jl:1007
 [2] propagate_constraints! at /buildworker/worker/package_linux64/build/usr/share/julia/stdlib/v1.3/Pkg/src/GraphType.jl:948 [inlined]
 [3] #simplify_graph!#121(::Bool, ::typeof(Pkg.GraphType.simplify_graph!), ::Pkg.GraphType.Graph, ::Set{Int64}) at /buildworker/worker/package_linux64/build/usr/share/julia/stdlib/v1.3/Pkg/src/GraphType.jl:1462
 [4] simplify_graph! at /buildworker/worker/package_linux64/build/usr/share/julia/stdlib/v1.3/Pkg/src/GraphType.jl:1462 [inlined]
 [5] _resolve_versions!(::Pkg.Types.Context, ::Array{Pkg.Types.PackageSpec,1}, ::Nothing) at /buildworker/worker/package_linux64/build/usr/share/julia/stdlib/v1.3/Pkg/src/backwards_compatible_isolation.jl:148
 [6] _resolve_versions! at /buildworker/worker/package_linux64/build/usr/share/julia/stdlib/v1.3/Pkg/src/backwards_compatible_isolation.jl:93 [inlined]
 [7] #_add_or_develop#26(::Array{Base.UUID,1}, ::Symbol, ::typeof(Pkg.Operations._add_or_develop), ::Pkg.Types.Context, ::Array{Pkg.Types.PackageSpec,1}) at /buildworker/worker/package_linux64/build/usr/share/julia/stdlib/v1.3/Pkg/src/backwards_compatible_isolation.jl:348
 [8] _add_or_develop at /buildworker/worker/package_linux64/build/usr/share/julia/stdlib/v1.3/Pkg/src/backwards_compatible_isolation.jl:333 [inlined]
 [9] (::Pkg.Operations.var"#30#36"{Bool,Pkg.Operations.var"#42#44"{Pkg.Types.Context,Pkg.Types.PackageSpec,Pkg.Operations.var"#41#43"{Pkg.Types.Context,Pkg.Types.PackageSpec,Array{String,1},Cmd}},Pkg.Types.Context,Pkg.Types.PackageSpec,Pkg.Types.Context,Set{Base.UUID},Set{Base.UUID},Array{Pkg.Types.PackageSpec,1}})(::String) at /buildworker/worker/package_linux64/build/usr/share/julia/stdlib/v1.3/Pkg/src/backwards_compatible_isolation.jl:537
 [10] #mktempdir#18(::String, ::typeof(mktempdir), ::Pkg.Operations.var"#30#36"{Bool,Pkg.Operations.var"#42#44"{Pkg.Types.Context,Pkg.Types.PackageSpec,Pkg.Operations.var"#41#43"{Pkg.Types.Context,Pkg.Types.PackageSpec,Array{String,1},Cmd}},Pkg.Types.Context,Pkg.Types.PackageSpec,Pkg.Types.Context,Set{Base.UUID},Set{Base.UUID},Array{Pkg.Types.PackageSpec,1}}, ::String) at ./file.jl:634
 [11] mktempdir at ./file.jl:632 [inlined] (repeats 2 times)
 [12] #with_dependencies_loadable_at_toplevel#27(::Bool, ::typeof(Pkg.Operations.with_dependencies_loadable_at_toplevel), ::Pkg.Operations.var"#42#44"{Pkg.Types.Context,Pkg.Types.PackageSpec,Pkg.Operations.var"#41#43"{Pkg.Types.Context,Pkg.Types.PackageSpec,Array{String,1},Cmd}}, ::Pkg.Types.Context, ::Pkg.Types.PackageSpec) at /buildworker/worker/package_linux64/build/usr/share/julia/stdlib/v1.3/Pkg/src/backwards_compatible_isolation.jl:516
 [13] #with_dependencies_loadable_at_toplevel at ./none:0 [inlined]
 [14] #backwards_compatibility_for_test#40(::Cmd, ::Cmd, ::typeof(Pkg.Operations.backwards_compatibility_for_test), ::Pkg.Types.Context, ::Pkg.Types.PackageSpec, ::String, ::Array{String,1}, ::Bool) at /buildworker/worker/package_linux64/build/usr/share/julia/stdlib/v1.3/Pkg/src/backwards_compatible_isolation.jl:608
 [15] #backwards_compatibility_for_test at ./none:0 [inlined]
 [16] #test#131(::Bool, ::Nothing, ::Cmd, ::Cmd, ::typeof(Pkg.Operations.test), ::Pkg.Types.Context, ::Array{Pkg.Types.PackageSpec,1}) at /buildworker/worker/package_linux64/build/usr/share/julia/stdlib/v1.3/Pkg/src/Operations.jl:1347
 [17] #test at ./none:0 [inlined]
 [18] #test#62(::Bool, ::Nothing, ::Cmd, ::Cmd, ::Base.Iterators.Pairs{Union{},Union{},Tuple{},NamedTuple{(),Tuple{}}}, ::typeof(Pkg.API.test), ::Pkg.Types.Context, ::Array{Pkg.Types.PackageSpec,1}) at /buildworker/worker/package_linux64/build/usr/share/julia/stdlib/v1.3/Pkg/src/API.jl:253
 [19] test(::Pkg.Types.Context, ::Array{Pkg.Types.PackageSpec,1}) at /buildworker/worker/package_linux64/build/usr/share/julia/stdlib/v1.3/Pkg/src/API.jl:239
 [20] #test#61 at /buildworker/worker/package_linux64/build/usr/share/julia/stdlib/v1.3/Pkg/src/API.jl:233 [inlined]
 [21] test at /buildworker/worker/package_linux64/build/usr/share/julia/stdlib/v1.3/Pkg/src/API.jl:233 [inlined]
 [22] #test#60 at /buildworker/worker/package_linux64/build/usr/share/julia/stdlib/v1.3/Pkg/src/API.jl:232 [inlined]
 [23] test at /buildworker/worker/package_linux64/build/usr/share/julia/stdlib/v1.3/Pkg/src/API.jl:232 [inlined]
 [24] #test#59(::Base.Iterators.Pairs{Union{},Union{},Tuple{},NamedTuple{(),Tuple{}}}, ::typeof(Pkg.API.test), ::String) at /buildworker/worker/package_linux64/build/usr/share/julia/stdlib/v1.3/Pkg/src/API.jl:231
 [25] test(::String) at /buildworker/worker/package_linux64/build/usr/share/julia/stdlib/v1.3/Pkg/src/API.jl:231
 [26] top-level scope at none:13
