Julia Version 1.3.1
Commit 2d5741174c (2019-12-30 21:36 UTC)
Platform Info:
  OS: Linux (x86_64-pc-linux-gnu)
  CPU: AMD Ryzen Threadripper 2990WX 32-Core Processor
  WORD_SIZE: 64
  LIBM: libopenlibm
  LLVM: libLLVM-6.0.1 (ORCJIT, znver1)
Environment:
  JULIA_DEPOT_PATH = ::/usr/local/share/julia
  JULIA_NUM_THREADS = 2

 Resolving package versions...
 Installed DataAPI â”€â”€â”€â”€â”€â”€â”€â”€â”€â”€â”€â”€â”€â”€ v1.1.0
 Installed SortingAlgorithms â”€â”€â”€â”€ v0.3.1
 Installed Missings â”€â”€â”€â”€â”€â”€â”€â”€â”€â”€â”€â”€â”€ v0.4.3
 Installed OrderedCollections â”€â”€â”€ v1.1.0
 Installed StatsBase â”€â”€â”€â”€â”€â”€â”€â”€â”€â”€â”€â”€ v0.32.2
 Installed CovarianceEstimation â”€ v0.2.3
 Installed Diagonalizations â”€â”€â”€â”€â”€ v0.1.9
 Installed PosDefManifold â”€â”€â”€â”€â”€â”€â”€ v0.4.7
 Installed DataStructures â”€â”€â”€â”€â”€â”€â”€ v0.17.10
  Updating `~/.julia/environments/v1.3/Project.toml`
  [9cd687f3] + Diagonalizations v0.1.9
  Updating `~/.julia/environments/v1.3/Manifest.toml`
  [587fd27a] + CovarianceEstimation v0.2.3
  [9a962f9c] + DataAPI v1.1.0
  [864edb3b] + DataStructures v0.17.10
  [9cd687f3] + Diagonalizations v0.1.9
  [e1d29d7a] + Missings v0.4.3
  [bac558e1] + OrderedCollections v1.1.0
  [f45a3650] + PosDefManifold v0.4.7
  [a2af1166] + SortingAlgorithms v0.3.1
  [2913bbd2] + StatsBase v0.32.2
  [2a0f44e3] + Base64 
  [8ba89e20] + Distributed 
  [b77e0a4c] + InteractiveUtils 
  [8f399da3] + Libdl 
  [37e2e46d] + LinearAlgebra 
  [56ddb016] + Logging 
  [d6f4376e] + Markdown 
  [de0858da] + Printf 
  [9a3f8284] + Random 
  [9e88b42a] + Serialization 
  [6462fe0b] + Sockets 
  [2f01184e] + SparseArrays 
  [10745b16] + Statistics 
  [8dfed614] + Test 
  [4ec0a83e] + Unicode 
   Testing Diagonalizations
 Resolving package versions...
    Status `/tmp/jl_m5qMU3/Manifest.toml`
  [587fd27a] CovarianceEstimation v0.2.3
  [9a962f9c] DataAPI v1.1.0
  [864edb3b] DataStructures v0.17.10
  [9cd687f3] Diagonalizations v0.1.9
  [e1d29d7a] Missings v0.4.3
  [bac558e1] OrderedCollections v1.1.0
  [f45a3650] PosDefManifold v0.4.7
  [a2af1166] SortingAlgorithms v0.3.1
  [2913bbd2] StatsBase v0.32.2
  [2a0f44e3] Base64  [`@stdlib/Base64`]
  [8ba89e20] Distributed  [`@stdlib/Distributed`]
  [b77e0a4c] InteractiveUtils  [`@stdlib/InteractiveUtils`]
  [8f399da3] Libdl  [`@stdlib/Libdl`]
  [37e2e46d] LinearAlgebra  [`@stdlib/LinearAlgebra`]
  [56ddb016] Logging  [`@stdlib/Logging`]
  [d6f4376e] Markdown  [`@stdlib/Markdown`]
  [de0858da] Printf  [`@stdlib/Printf`]
  [9a3f8284] Random  [`@stdlib/Random`]
  [9e88b42a] Serialization  [`@stdlib/Serialization`]
  [6462fe0b] Sockets  [`@stdlib/Sockets`]
  [2f01184e] SparseArrays  [`@stdlib/SparseArrays`]
  [10745b16] Statistics  [`@stdlib/Statistics`]
  [8dfed614] Test  [`@stdlib/Test`]
  [4ec0a83e] Unicode  [`@stdlib/Unicode`]

â­  Welcome to the[91m PosDefManifold.jl [0mpackage â­

[ Info:  
 Your Machine `ac0d84e1c472` (x86_64-pc-linux-gnu)
 runs on kernel Linux with word size 64.
 CPU  Threads: 64
 Base.Threads: 2
 BLAS Threads: 64


â­  Welcome to the[35m Diagonalizations.jl [0mpackage â­

[ Info:  
 Your Machine `ac0d84e1c472` (x86_64-pc-linux-gnu)
 runs on kernel Linux with word size 64.
 CPU  Threads: 64
 Base.Threads: 2
 BLAS Threads: 64

Test Summary: | Pass  Total
PCA           |   10     10
Test Summary: | Pass  Total
Whitening     |    9      9
Test Summary: | Pass  Total
MCA           |    4      4
Test Summary: | Pass  Total
CCA           |    4      4
Test Summary: | Pass  Total
CSP           |    7      7
Test Summary: | Pass  Total
CSTP          |    3      3
AJD: Test Failed at /home/pkgeval/.julia/packages/Diagonalizations/TLzc4/test/runtests.jl:266
  Expression: mean((nonD((a.F)' * Cset3[i] * a.F) for i = 1:k)) < err
   Evaluated: 3.4112516388419596e-6 < 1.0e-6
Stacktrace:
 [1] top-level scope at /home/pkgeval/.julia/packages/Diagonalizations/TLzc4/test/runtests.jl:266
 [2] top-level scope at /buildworker/worker/package_linux64/build/usr/share/julia/stdlib/v1.3/Test/src/Test.jl:1107
 [3] top-level scope at /home/pkgeval/.julia/packages/Diagonalizations/TLzc4/test/runtests.jl:220
Test Summary: | Pass  Fail  Total
AJD           |   13     1     14
ERROR: LoadError: Some tests did not pass: 13 passed, 1 failed, 0 errored, 0 broken.
in expression starting at /home/pkgeval/.julia/packages/Diagonalizations/TLzc4/test/runtests.jl:219
ERROR: Package Diagonalizations errored during testing
Stacktrace:
 [1] pkgerror(::String, ::Vararg{String,N} where N) at /buildworker/worker/package_linux64/build/usr/share/julia/stdlib/v1.3/Pkg/src/Types.jl:113
 [2] #test#131(::Bool, ::Nothing, ::Cmd, ::Cmd, ::typeof(Pkg.Operations.test), ::Pkg.Types.Context, ::Array{Pkg.Types.PackageSpec,1}) at /buildworker/worker/package_linux64/build/usr/share/julia/stdlib/v1.3/Pkg/src/Operations.jl:1372
 [3] #test at ./none:0 [inlined]
 [4] #test#62(::Bool, ::Nothing, ::Cmd, ::Cmd, ::Base.Iterators.Pairs{Union{},Union{},Tuple{},NamedTuple{(),Tuple{}}}, ::typeof(Pkg.API.test), ::Pkg.Types.Context, ::Array{Pkg.Types.PackageSpec,1}) at /buildworker/worker/package_linux64/build/usr/share/julia/stdlib/v1.3/Pkg/src/API.jl:253
 [5] test(::Pkg.Types.Context, ::Array{Pkg.Types.PackageSpec,1}) at /buildworker/worker/package_linux64/build/usr/share/julia/stdlib/v1.3/Pkg/src/API.jl:239
 [6] #test#61 at /buildworker/worker/package_linux64/build/usr/share/julia/stdlib/v1.3/Pkg/src/API.jl:233 [inlined]
 [7] test at /buildworker/worker/package_linux64/build/usr/share/julia/stdlib/v1.3/Pkg/src/API.jl:233 [inlined]
 [8] #test#60 at /buildworker/worker/package_linux64/build/usr/share/julia/stdlib/v1.3/Pkg/src/API.jl:232 [inlined]
 [9] test at /buildworker/worker/package_linux64/build/usr/share/julia/stdlib/v1.3/Pkg/src/API.jl:232 [inlined]
 [10] #test#59(::Base.Iterators.Pairs{Union{},Union{},Tuple{},NamedTuple{(),Tuple{}}}, ::typeof(Pkg.API.test), ::String) at /buildworker/worker/package_linux64/build/usr/share/julia/stdlib/v1.3/Pkg/src/API.jl:231
 [11] test(::String) at /buildworker/worker/package_linux64/build/usr/share/julia/stdlib/v1.3/Pkg/src/API.jl:231
 [12] top-level scope at none:13
