Julia Version 1.4.0
Commit b8e9a9ecc6 (2020-03-21 16:36 UTC)
Platform Info:
  OS: Linux (x86_64-pc-linux-gnu)
  CPU: AMD Ryzen Threadripper 2990WX 32-Core Processor
  WORD_SIZE: 64
  LIBM: libopenlibm
  LLVM: libLLVM-8.0.1 (ORCJIT, znver1)
Environment:
  JULIA_DEPOT_PATH = ::/usr/local/share/julia
  JULIA_NUM_THREADS = 2

  Resolving package versions...
    Cloning [a26e6606-dd52-5f6a-a97f-4f611373d757] DICOM from https://github.com/JuliaIO/DICOM.jl.git
[?25l    Fetching: [>                                        ]  0.0 %[2K[?25h  Installed DICOM ─ v0.6.2
   Updating `~/.julia/environments/v1.4/Project.toml`
  [a26e6606] + DICOM v0.6.2
   Updating `~/.julia/environments/v1.4/Manifest.toml`
  [a26e6606] + DICOM v0.6.2
    Testing DICOM
Status `/tmp/jl_Ik3jjM/Manifest.toml`
  [a26e6606] DICOM v0.6.2
  [2a0f44e3] Base64 
  [8ba89e20] Distributed 
  [b77e0a4c] InteractiveUtils 
  [56ddb016] Logging 
  [d6f4376e] Markdown 
  [9a3f8284] Random 
  [9e88b42a] Serialization 
  [6462fe0b] Sockets 
  [8dfed614] Test 
Test Summary: | Pass  Total
Reading DICOM |   10     10
Test Summary: | Pass  Total
Writing DICOM |   11     11
┌ Error: Download failed: curl: (22) The requested URL returned error: 401 UNAUTHORIZED
└ @ Base download.jl:43
Uncommon DICOM: Error During Test at /home/pkgeval/.julia/packages/DICOM/ZAe2s/test/runtests.jl:119
  Got exception outside of a @test
  failed process: Process(`curl -s -S -g -L -f -o /home/pkgeval/.julia/packages/DICOM/ZAe2s/test/testdata/CT_Implicit_Little_Headless_Retired.dcm https://github.com/notZaki/DICOMSamples/raw/master/DICOMSamples/CT_Implicit_Little_Headless_Retired.dcm`, ProcessExited(22)) [22]
  
  Stacktrace:
   [1] pipeline_error at ./process.jl:525 [inlined]
   [2] download_curl(::String, ::String, ::String) at ./download.jl:44
   [3] download(::String, ::String) at ./download.jl:62
   [4] download_dicom(::String; folder::String) at /home/pkgeval/.julia/packages/DICOM/ZAe2s/test/runtests.jl:35
   [5] download_dicom(::String) at /home/pkgeval/.julia/packages/DICOM/ZAe2s/test/runtests.jl:31
   [6] top-level scope at /home/pkgeval/.julia/packages/DICOM/ZAe2s/test/runtests.jl:126
   [7] top-level scope at /buildworker/worker/package_linux64/build/usr/share/julia/stdlib/v1.4/Test/src/Test.jl:1113
   [8] top-level scope at /home/pkgeval/.julia/packages/DICOM/ZAe2s/test/runtests.jl:121
   [9] include(::String) at ./client.jl:439
   [10] top-level scope at none:6
   [11] eval(::Module, ::Any) at ./boot.jl:331
   [12] exec_options(::Base.JLOptions) at ./client.jl:264
   [13] _start() at ./client.jl:484
  
Test Summary:  | Pass  Error  Total
Uncommon DICOM |    1      1      2
ERROR: LoadError: Some tests did not pass: 1 passed, 0 failed, 1 errored, 0 broken.
in expression starting at /home/pkgeval/.julia/packages/DICOM/ZAe2s/test/runtests.jl:119
ERROR: Package DICOM errored during testing
Stacktrace:
 [1] pkgerror(::String, ::Vararg{String,N} where N) at /buildworker/worker/package_linux64/build/usr/share/julia/stdlib/v1.4/Pkg/src/Types.jl:53
 [2] test(::Pkg.Types.Context, ::Array{Pkg.Types.PackageSpec,1}; coverage::Bool, julia_args::Cmd, test_args::Cmd, test_fn::Nothing) at /buildworker/worker/package_linux64/build/usr/share/julia/stdlib/v1.4/Pkg/src/Operations.jl:1503
 [3] test(::Pkg.Types.Context, ::Array{Pkg.Types.PackageSpec,1}; coverage::Bool, test_fn::Nothing, julia_args::Cmd, test_args::Cmd, kwargs::Base.Iterators.Pairs{Union{},Union{},Tuple{},NamedTuple{(),Tuple{}}}) at /buildworker/worker/package_linux64/build/usr/share/julia/stdlib/v1.4/Pkg/src/API.jl:316
 [4] test(::Pkg.Types.Context, ::Array{Pkg.Types.PackageSpec,1}) at /buildworker/worker/package_linux64/build/usr/share/julia/stdlib/v1.4/Pkg/src/API.jl:303
 [5] #test#68 at /buildworker/worker/package_linux64/build/usr/share/julia/stdlib/v1.4/Pkg/src/API.jl:297 [inlined]
 [6] test at /buildworker/worker/package_linux64/build/usr/share/julia/stdlib/v1.4/Pkg/src/API.jl:297 [inlined]
 [7] #test#67 at /buildworker/worker/package_linux64/build/usr/share/julia/stdlib/v1.4/Pkg/src/API.jl:296 [inlined]
 [8] test at /buildworker/worker/package_linux64/build/usr/share/julia/stdlib/v1.4/Pkg/src/API.jl:296 [inlined]
 [9] test(::String; kwargs::Base.Iterators.Pairs{Union{},Union{},Tuple{},NamedTuple{(),Tuple{}}}) at /buildworker/worker/package_linux64/build/usr/share/julia/stdlib/v1.4/Pkg/src/API.jl:295
 [10] test(::String) at /buildworker/worker/package_linux64/build/usr/share/julia/stdlib/v1.4/Pkg/src/API.jl:295
 [11] top-level scope at none:16
