Julia Version 1.3.1
Commit 2d5741174c (2019-12-30 21:36 UTC)
Platform Info:
  OS: Linux (x86_64-pc-linux-gnu)
  CPU: AMD Ryzen Threadripper 2990WX 32-Core Processor
  WORD_SIZE: 64
  LIBM: libopenlibm
  LLVM: libLLVM-6.0.1 (ORCJIT, znver1)
Environment:
  JULIA_DEPOT_PATH = ::/usr/local/share/julia
  JULIA_NUM_THREADS = 2

 Resolving package versions...
 Installed UnPack ─────────────────────── v0.1.0
 Installed NaNMath ────────────────────── v0.3.3
 Installed VertexSafeGraphs ───────────── v0.1.1
 Installed DiffEqCallbacks ────────────── v2.12.1
 Installed DiffResults ────────────────── v1.0.2
 Installed NLSolversBase ──────────────── v7.6.1
 Installed DiffRules ──────────────────── v1.0.1
 Installed LightGraphs ────────────────── v1.3.1
 Installed LeftChildRightSiblingTrees ─── v0.1.2
 Installed ArrayInterface ─────────────── v2.5.1
 Installed ExponentialUtilities ───────── v1.6.0
 Installed MacroTools ─────────────────── v0.5.4
 Installed FunctionWrappers ───────────── v1.1.1
 Installed CompilerSupportLibraries_jll ─ v0.2.0+1
 Installed LoggingExtras ──────────────── v0.4.0
 Installed Roots ──────────────────────── v1.0.0
 Installed ProgressMeter ──────────────── v1.2.0
 Installed ProgressLogging ────────────── v0.1.2
 Installed SimpleTraits ───────────────── v0.9.1
 Installed FiniteDiff ─────────────────── v2.2.1
 Installed RecipesBase ────────────────── v0.8.0
 Installed StaticArrays ───────────────── v0.12.1
 Installed Requires ───────────────────── v1.0.1
 Installed RecursiveFactorization ─────── v0.1.0
 Installed OrdinaryDiffEq ─────────────── v5.31.0
 Installed Distances ──────────────────── v0.8.2
 Installed ArnoldiMethod ──────────────── v0.0.4
 Installed DataStructures ─────────────── v0.17.10
 Installed IteratorInterfaceExtensions ── v1.0.0
 Installed SpecialFunctions ───────────── v0.10.0
 Installed ChainRulesCore ─────────────── v0.7.1
 Installed TerminalLoggers ────────────── v0.1.1
 Installed ForwardDiff ────────────────── v0.10.9
 Installed Compat ─────────────────────── v3.8.0
 Installed ZygoteRules ────────────────── v0.2.0
 Installed AbstractTrees ──────────────── v0.3.2
 Installed RecursiveArrayTools ────────── v2.1.0
 Installed GenericSVD ─────────────────── v0.2.2
 Installed DiffEqBase ─────────────────── v6.24.0
 Installed Adapt ──────────────────────── v1.0.1
 Installed TableTraits ────────────────── v1.0.0
 Installed Inflate ────────────────────── v0.1.1
 Installed LineSearches ───────────────── v7.0.1
 Installed SparseDiffTools ────────────── v1.4.0
 Installed Reexport ───────────────────── v0.2.0
 Installed OrderedCollections ─────────── v1.1.0
 Installed NLsolve ────────────────────── v4.3.0
 Installed ConsoleProgressMonitor ─────── v0.1.2
 Installed MuladdMacro ────────────────── v0.2.2
 Installed Parameters ─────────────────── v0.12.0
 Installed CommonSubexpressions ───────── v0.2.0
 Installed DocStringExtensions ────────── v0.8.1
 Installed IterativeSolvers ───────────── v0.8.1
 Installed TreeViews ──────────────────── v0.3.0
 Installed OpenSpecFun_jll ────────────── v0.5.3+3
  Updating `~/.julia/environments/v1.3/Project.toml`
  [459566f4] + DiffEqCallbacks v2.12.1
  Updating `~/.julia/environments/v1.3/Manifest.toml`
  [1520ce14] + AbstractTrees v0.3.2
  [79e6a3ab] + Adapt v1.0.1
  [ec485272] + ArnoldiMethod v0.0.4
  [4fba245c] + ArrayInterface v2.5.1
  [d360d2e6] + ChainRulesCore v0.7.1
  [bbf7d656] + CommonSubexpressions v0.2.0
  [34da2185] + Compat v3.8.0
  [e66e0078] + CompilerSupportLibraries_jll v0.2.0+1
  [88cd18e8] + ConsoleProgressMonitor v0.1.2
  [864edb3b] + DataStructures v0.17.10
  [2b5f629d] + DiffEqBase v6.24.0
  [459566f4] + DiffEqCallbacks v2.12.1
  [163ba53b] + DiffResults v1.0.2
  [b552c78f] + DiffRules v1.0.1
  [b4f34e82] + Distances v0.8.2
  [ffbed154] + DocStringExtensions v0.8.1
  [d4d017d3] + ExponentialUtilities v1.6.0
  [6a86dc24] + FiniteDiff v2.2.1
  [f6369f11] + ForwardDiff v0.10.9
  [069b7b12] + FunctionWrappers v1.1.1
  [01680d73] + GenericSVD v0.2.2
  [d25df0c9] + Inflate v0.1.1
  [42fd0dbc] + IterativeSolvers v0.8.1
  [82899510] + IteratorInterfaceExtensions v1.0.0
  [1d6d02ad] + LeftChildRightSiblingTrees v0.1.2
  [093fc24a] + LightGraphs v1.3.1
  [d3d80556] + LineSearches v7.0.1
  [e6f89c97] + LoggingExtras v0.4.0
  [1914dd2f] + MacroTools v0.5.4
  [46d2c3a1] + MuladdMacro v0.2.2
  [d41bc354] + NLSolversBase v7.6.1
  [2774e3e8] + NLsolve v4.3.0
  [77ba4419] + NaNMath v0.3.3
  [efe28fd5] + OpenSpecFun_jll v0.5.3+3
  [bac558e1] + OrderedCollections v1.1.0
  [1dea7af3] + OrdinaryDiffEq v5.31.0
  [d96e819e] + Parameters v0.12.0
  [33c8b6b6] + ProgressLogging v0.1.2
  [92933f4c] + ProgressMeter v1.2.0
  [3cdcf5f2] + RecipesBase v0.8.0
  [731186ca] + RecursiveArrayTools v2.1.0
  [f2c3362d] + RecursiveFactorization v0.1.0
  [189a3867] + Reexport v0.2.0
  [ae029012] + Requires v1.0.1
  [f2b01f46] + Roots v1.0.0
  [699a6c99] + SimpleTraits v0.9.1
  [47a9eef4] + SparseDiffTools v1.4.0
  [276daf66] + SpecialFunctions v0.10.0
  [90137ffa] + StaticArrays v0.12.1
  [3783bdb8] + TableTraits v1.0.0
  [5d786b92] + TerminalLoggers v0.1.1
  [a2a6695c] + TreeViews v0.3.0
  [3a884ed6] + UnPack v0.1.0
  [19fa3120] + VertexSafeGraphs v0.1.1
  [700de1a5] + ZygoteRules v0.2.0
  [2a0f44e3] + Base64 
  [ade2ca70] + Dates 
  [8bb1440f] + DelimitedFiles 
  [8ba89e20] + Distributed 
  [b77e0a4c] + InteractiveUtils 
  [76f85450] + LibGit2 
  [8f399da3] + Libdl 
  [37e2e46d] + LinearAlgebra 
  [56ddb016] + Logging 
  [d6f4376e] + Markdown 
  [a63ad114] + Mmap 
  [44cfe95a] + Pkg 
  [de0858da] + Printf 
  [3fa0cd96] + REPL 
  [9a3f8284] + Random 
  [ea8e919c] + SHA 
  [9e88b42a] + Serialization 
  [1a1011a3] + SharedArrays 
  [6462fe0b] + Sockets 
  [2f01184e] + SparseArrays 
  [10745b16] + Statistics 
  [4607b0f0] + SuiteSparse 
  [8dfed614] + Test 
  [cf7118a7] + UUIDs 
  [4ec0a83e] + Unicode 
   Testing DiffEqCallbacks
 Resolving package versions...
 Installed NameResolution ────────── v0.1.3
 Installed PrettyPrint ───────────── v0.1.0
 Installed DiffEqProblemLibrary ──── v4.6.4
 Installed ModelingToolkit ───────── v1.2.10
 Installed BlockArrays ───────────── v0.11.1
 Installed DiffEqOperators ───────── v4.8.1
 Installed MLStyle ───────────────── v0.3.1
 Installed Latexify ──────────────── v0.12.0
 Installed SymEngine ─────────────── v0.7.1
 Installed ElasticArrays ─────────── v1.0.0
 Installed NNlib ─────────────────── v0.6.6
 Installed MixedSubdivisions ─────── v1.0.0
 Installed FillArrays ────────────── v0.8.5
 Installed DataAPI ───────────────── v1.1.0
 Installed Quadmath ──────────────── v0.5.4
 Installed HomotopyContinuation ──── v1.4.1
 Installed MatrixFactorizations ──── v0.2.1
 Installed GenericSchur ──────────── v0.4.0
 Installed DiffEqBiological ──────── v4.2.0
 Installed DataValueInterfaces ───── v1.0.0
 Installed JuliaVariables ────────── v0.2.0
 Installed DiffEqJump ────────────── v6.5.0
 Installed ArrayLayouts ──────────── v0.1.5
 Installed DoubleFloats ──────────── v1.1.6
 Installed FixedPolynomials ──────── v0.4.0
 Installed MutableArithmetics ────── v0.2.7
 Installed ProjectiveVectors ─────── v1.1.2
 Installed RandomNumbers ─────────── v1.4.0
 Installed StaticPolynomials ─────── v1.3.3
 Installed Crayons ───────────────── v4.0.1
 Installed MultivariatePolynomials ─ v0.3.6
 Installed BlockBandedMatrices ───── v0.7.1
 Installed Formatting ────────────── v0.4.1
 Installed Tables ────────────────── v1.0.3
 Installed DynamicPolynomials ────── v0.3.9
 Installed CanonicalTraits ───────── v0.1.0
 Installed BandedMatrices ────────── v0.14.3
 Installed LaTeXStrings ──────────── v1.1.0
 Installed BinaryProvider ────────── v0.5.8
 Installed PoissonRandom ─────────── v0.4.0
 Installed LazyArrays ────────────── v0.15.0
 Installed Polynomials ───────────── v0.6.1
 Installed PrettyTables ──────────── v0.8.4
 Installed GeneralizedGenerated ──── v0.2.1
  Building SymEngine → `~/.julia/packages/SymEngine/RK5Ks/deps/build.log`
  Building NNlib ────→ `~/.julia/packages/NNlib/FAI3o/deps/build.log`
    Status `/tmp/jl_qwl96d/Manifest.toml`
  [1520ce14] AbstractTrees v0.3.2
  [79e6a3ab] Adapt v1.0.1
  [ec485272] ArnoldiMethod v0.0.4
  [4fba245c] ArrayInterface v2.5.1
  [4c555306] ArrayLayouts v0.1.5
  [aae01518] BandedMatrices v0.14.3
  [b99e7846] BinaryProvider v0.5.8
  [8e7c35d0] BlockArrays v0.11.1
  [ffab5731] BlockBandedMatrices v0.7.1
  [a603d957] CanonicalTraits v0.1.0
  [d360d2e6] ChainRulesCore v0.7.1
  [bbf7d656] CommonSubexpressions v0.2.0
  [34da2185] Compat v3.8.0
  [e66e0078] CompilerSupportLibraries_jll v0.2.0+1
  [88cd18e8] ConsoleProgressMonitor v0.1.2
  [a8cc5b0e] Crayons v4.0.1
  [9a962f9c] DataAPI v1.1.0
  [864edb3b] DataStructures v0.17.10
  [e2d170a0] DataValueInterfaces v1.0.0
  [2b5f629d] DiffEqBase v6.24.0
  [eb300fae] DiffEqBiological v4.2.0
  [459566f4] DiffEqCallbacks v2.12.1
  [c894b116] DiffEqJump v6.5.0
  [9fdde737] DiffEqOperators v4.8.1
  [a077e3f3] DiffEqProblemLibrary v4.6.4
  [163ba53b] DiffResults v1.0.2
  [b552c78f] DiffRules v1.0.1
  [b4f34e82] Distances v0.8.2
  [ffbed154] DocStringExtensions v0.8.1
  [497a8b3b] DoubleFloats v1.1.6
  [7c1d4256] DynamicPolynomials v0.3.9
  [fdbdab4c] ElasticArrays v1.0.0
  [d4d017d3] ExponentialUtilities v1.6.0
  [1a297f60] FillArrays v0.8.5
  [6a86dc24] FiniteDiff v2.2.1
  [3dd14ad9] FixedPolynomials v0.4.0
  [59287772] Formatting v0.4.1
  [f6369f11] ForwardDiff v0.10.9
  [069b7b12] FunctionWrappers v1.1.1
  [6b9d7cbe] GeneralizedGenerated v0.2.1
  [01680d73] GenericSVD v0.2.2
  [c145ed77] GenericSchur v0.4.0
  [f213a82b] HomotopyContinuation v1.4.1
  [d25df0c9] Inflate v0.1.1
  [42fd0dbc] IterativeSolvers v0.8.1
  [82899510] IteratorInterfaceExtensions v1.0.0
  [b14d175d] JuliaVariables v0.2.0
  [b964fa9f] LaTeXStrings v1.1.0
  [23fbe1c1] Latexify v0.12.0
  [5078a376] LazyArrays v0.15.0
  [1d6d02ad] LeftChildRightSiblingTrees v0.1.2
  [093fc24a] LightGraphs v1.3.1
  [d3d80556] LineSearches v7.0.1
  [e6f89c97] LoggingExtras v0.4.0
  [d8e11817] MLStyle v0.3.1
  [1914dd2f] MacroTools v0.5.4
  [a3b82374] MatrixFactorizations v0.2.1
  [291d046c] MixedSubdivisions v1.0.0
  [961ee093] ModelingToolkit v1.2.10
  [46d2c3a1] MuladdMacro v0.2.2
  [102ac46a] MultivariatePolynomials v0.3.6
  [d8a4904e] MutableArithmetics v0.2.7
  [d41bc354] NLSolversBase v7.6.1
  [2774e3e8] NLsolve v4.3.0
  [872c559c] NNlib v0.6.6
  [77ba4419] NaNMath v0.3.3
  [71a1bf82] NameResolution v0.1.3
  [efe28fd5] OpenSpecFun_jll v0.5.3+3
  [bac558e1] OrderedCollections v1.1.0
  [1dea7af3] OrdinaryDiffEq v5.31.0
  [d96e819e] Parameters v0.12.0
  [e409e4f3] PoissonRandom v0.4.0
  [f27b6e38] Polynomials v0.6.1
  [8162dcfd] PrettyPrint v0.1.0
  [08abe8d2] PrettyTables v0.8.4
  [33c8b6b6] ProgressLogging v0.1.2
  [92933f4c] ProgressMeter v1.2.0
  [01f381cc] ProjectiveVectors v1.1.2
  [be4d8f0f] Quadmath v0.5.4
  [e6cf234a] RandomNumbers v1.4.0
  [3cdcf5f2] RecipesBase v0.8.0
  [731186ca] RecursiveArrayTools v2.1.0
  [f2c3362d] RecursiveFactorization v0.1.0
  [189a3867] Reexport v0.2.0
  [ae029012] Requires v1.0.1
  [f2b01f46] Roots v1.0.0
  [699a6c99] SimpleTraits v0.9.1
  [47a9eef4] SparseDiffTools v1.4.0
  [276daf66] SpecialFunctions v0.10.0
  [90137ffa] StaticArrays v0.12.1
  [62e018b1] StaticPolynomials v1.3.3
  [123dc426] SymEngine v0.7.1
  [3783bdb8] TableTraits v1.0.0
  [bd369af6] Tables v1.0.3
  [5d786b92] TerminalLoggers v0.1.1
  [a2a6695c] TreeViews v0.3.0
  [3a884ed6] UnPack v0.1.0
  [19fa3120] VertexSafeGraphs v0.1.1
  [700de1a5] ZygoteRules v0.2.0
  [2a0f44e3] Base64  [`@stdlib/Base64`]
  [ade2ca70] Dates  [`@stdlib/Dates`]
  [8bb1440f] DelimitedFiles  [`@stdlib/DelimitedFiles`]
  [8ba89e20] Distributed  [`@stdlib/Distributed`]
  [9fa8497b] Future  [`@stdlib/Future`]
  [b77e0a4c] InteractiveUtils  [`@stdlib/InteractiveUtils`]
  [76f85450] LibGit2  [`@stdlib/LibGit2`]
  [8f399da3] Libdl  [`@stdlib/Libdl`]
  [37e2e46d] LinearAlgebra  [`@stdlib/LinearAlgebra`]
  [56ddb016] Logging  [`@stdlib/Logging`]
  [d6f4376e] Markdown  [`@stdlib/Markdown`]
  [a63ad114] Mmap  [`@stdlib/Mmap`]
  [44cfe95a] Pkg  [`@stdlib/Pkg`]
  [de0858da] Printf  [`@stdlib/Printf`]
  [3fa0cd96] REPL  [`@stdlib/REPL`]
  [9a3f8284] Random  [`@stdlib/Random`]
  [ea8e919c] SHA  [`@stdlib/SHA`]
  [9e88b42a] Serialization  [`@stdlib/Serialization`]
  [1a1011a3] SharedArrays  [`@stdlib/SharedArrays`]
  [6462fe0b] Sockets  [`@stdlib/Sockets`]
  [2f01184e] SparseArrays  [`@stdlib/SparseArrays`]
  [10745b16] Statistics  [`@stdlib/Statistics`]
  [4607b0f0] SuiteSparse  [`@stdlib/SuiteSparse`]
  [8dfed614] Test  [`@stdlib/Test`]
  [cf7118a7] UUIDs  [`@stdlib/UUIDs`]
  [4ec0a83e] Unicode  [`@stdlib/Unicode`]
Test Summary: | Pass  Total
AutoAbstol    |    7      7
360.381871 seconds (152.32 M allocations: 7.632 GiB, 3.57% gc time)
Test Summary:              | Pass  Total
TerminateSteadyState tests |    4      4
 23.531038 seconds (24.74 M allocations: 1.203 GiB, 6.43% gc time)
Test Summary:         | Pass  Total
StepsizeLimiter tests |    8      8
 12.017242 seconds (9.86 M allocations: 511.853 MiB, 2.77% gc time)
Test Summary:          | Pass  Total
Function Calling tests |    3      3
 11.243214 seconds (9.03 M allocations: 470.070 MiB, 2.95% gc time)

SavedValues{tType=Float64, savevalType=Float64}
t:
[0.0, 0.09964258706516003, 0.3457024247583422, 0.6776921908052249, 1.0]
saveval:
[0.5, 0.552938681151017, 0.7089376245893467, 0.9913594502399238, 1.3728004409033037]
Tuple{Float64,Float64}[(2.0940708871870193, 2.6559852781953732), (2.3143062449567653, 2.9353176883604806), (2.5577040483417965, 3.244027859774081), (2.8266998613072696, 3.585204905643916), (3.123987236793443, 3.962265155856019), (3.4525390328658885, 4.378979193013219), (3.8156444564620746, 4.839518836348719), (4.216940921100239, 5.348497548001867), (4.660440835956395, 5.9110044105661865), (5.150581606892851, 6.53266754518876), (5.692274589811287, 7.2197162008652445)]
Test Summary: | Pass  Total
Saving tests  |   18     18
 55.492660 seconds (45.20 M allocations: 2.088 GiB, 2.90% gc time)
Test Summary:    | Pass  Total
PresetTime tests |    9      9
 24.340733 seconds (20.63 M allocations: 1.001 GiB, 3.02% gc time)
Test Summary:   |
Iterative tests | No tests
  2.657279 seconds (2.10 M allocations: 108.261 MiB, 2.35% gc time)
Test Summary:  | Pass  Total
Periodic tests |   10     10
  6.562300 seconds (6.45 M allocations: 330.484 MiB, 1.78% gc time)
  0.027828 seconds (27.82 k allocations: 1.851 MiB)
  0.029599 seconds (27.91 k allocations: 1.852 MiB)
Test Summary:  | Pass  Total
Manifold tests |   11     11
183.819930 seconds (193.22 M allocations: 8.507 GiB, 4.39% gc time)
Test Summary: | Pass  Broken  Total
Domain tests  |   13       4     17
 76.544185 seconds (90.23 M allocations: 4.559 GiB, 5.05% gc time)
756.936249 seconds (554.19 M allocations: 26.398 GiB, 3.89% gc time)
   Testing DiffEqCallbacks tests passed 
