Julia Version 1.5.1
Commit 697e782ab8 (2020-08-25 20:08 UTC)
Platform Info:
  OS: Linux (x86_64-pc-linux-gnu)
  CPU: Intel(R) Xeon(R) Silver 4114 CPU @ 2.20GHz
  WORD_SIZE: 64
  LIBM: libopenlibm
  LLVM: libLLVM-9.0.1 (ORCJIT, skylake-avx512)
Environment:
  JULIA_DEPOT_PATH = ::/usr/local/share/julia
  JULIA_NUM_THREADS = 2

  Resolving package versions...
  Installed TreeViews ─────────────────── v0.3.0
  Installed ZygoteRules ───────────────── v0.2.0
  Installed CpuId ─────────────────────── v0.2.2
  Installed ArrayInterface ────────────── v2.12.0
  Installed UnPack ────────────────────── v1.0.2
  Installed SIMDPirates ───────────────── v0.8.24
  Installed DiffEqJump ────────────────── v6.10.1
  Installed SLEEFPirates ──────────────── v0.5.5
  Installed RecursiveFactorization ────── v0.1.4
  Installed IteratorInterfaceExtensions ─ v1.0.0
  Installed PoissonRandom ─────────────── v0.4.0
  Installed Requires ──────────────────── v1.0.2
  Installed MacroTools ────────────────── v0.5.5
  Installed DocStringExtensions ───────── v0.8.3
  Installed DiffEqBase ────────────────── v6.46.1
  Installed StaticArrays ──────────────── v0.12.4
  Installed IterativeSolvers ──────────── v0.8.4
  Installed VectorizationBase ─────────── v0.12.32
  Installed LabelledArrays ────────────── v1.3.0
  Installed RecursiveArrayTools ───────── v2.6.0
  Installed FunctionWrappers ──────────── v1.1.1
  Installed DataStructures ────────────── v0.18.2
  Installed RecipesBase ───────────────── v1.0.2
  Installed Parameters ────────────────── v0.12.1
  Installed Roots ─────────────────────── v1.0.5
  Installed TableTraits ───────────────── v1.0.0
  Installed MuladdMacro ───────────────── v0.2.2
  Installed Compat ────────────────────── v3.15.0
  Installed ChainRulesCore ────────────── v0.9.6
  Installed OffsetArrays ──────────────── v1.1.3
  Installed RandomNumbers ─────────────── v1.4.0
  Installed OrderedCollections ────────── v1.3.0
  Installed LoopVectorization ─────────── v0.8.25
Updating `~/.julia/environments/v1.5/Project.toml`
  [c894b116] + DiffEqJump v6.10.1
Updating `~/.julia/environments/v1.5/Manifest.toml`
  [4fba245c] + ArrayInterface v2.12.0
  [d360d2e6] + ChainRulesCore v0.9.6
  [34da2185] + Compat v3.15.0
  [adafc99b] + CpuId v0.2.2
  [864edb3b] + DataStructures v0.18.2
  [2b5f629d] + DiffEqBase v6.46.1
  [c894b116] + DiffEqJump v6.10.1
  [ffbed154] + DocStringExtensions v0.8.3
  [069b7b12] + FunctionWrappers v1.1.1
  [42fd0dbc] + IterativeSolvers v0.8.4
  [82899510] + IteratorInterfaceExtensions v1.0.0
  [2ee39098] + LabelledArrays v1.3.0
  [bdcacae8] + LoopVectorization v0.8.25
  [1914dd2f] + MacroTools v0.5.5
  [46d2c3a1] + MuladdMacro v0.2.2
  [6fe1bfb0] + OffsetArrays v1.1.3
  [bac558e1] + OrderedCollections v1.3.0
  [d96e819e] + Parameters v0.12.1
  [e409e4f3] + PoissonRandom v0.4.0
  [e6cf234a] + RandomNumbers v1.4.0
  [3cdcf5f2] + RecipesBase v1.0.2
  [731186ca] + RecursiveArrayTools v2.6.0
  [f2c3362d] + RecursiveFactorization v0.1.4
  [ae029012] + Requires v1.0.2
  [f2b01f46] + Roots v1.0.5
  [21efa798] + SIMDPirates v0.8.24
  [476501e8] + SLEEFPirates v0.5.5
  [90137ffa] + StaticArrays v0.12.4
  [3783bdb8] + TableTraits v1.0.0
  [a2a6695c] + TreeViews v0.3.0
  [3a884ed6] + UnPack v1.0.2
  [3d5dd08c] + VectorizationBase v0.12.32
  [700de1a5] + ZygoteRules v0.2.0
  [2a0f44e3] + Base64
  [ade2ca70] + Dates
  [8bb1440f] + DelimitedFiles
  [8ba89e20] + Distributed
  [b77e0a4c] + InteractiveUtils
  [76f85450] + LibGit2
  [8f399da3] + Libdl
  [37e2e46d] + LinearAlgebra
  [56ddb016] + Logging
  [d6f4376e] + Markdown
  [a63ad114] + Mmap
  [44cfe95a] + Pkg
  [de0858da] + Printf
  [3fa0cd96] + REPL
  [9a3f8284] + Random
  [ea8e919c] + SHA
  [9e88b42a] + Serialization
  [1a1011a3] + SharedArrays
  [6462fe0b] + Sockets
  [2f01184e] + SparseArrays
  [10745b16] + Statistics
  [4607b0f0] + SuiteSparse
  [8dfed614] + Test
  [cf7118a7] + UUIDs
  [4ec0a83e] + Unicode
   Building SLEEFPirates → `~/.julia/packages/SLEEFPirates/jGsib/deps/build.log`
    Testing DiffEqJump
┌ Error: Pkg.Resolve.ResolverError("Unsatisfiable requirements detected for package LightGraphs [093fc24a]:\n LightGraphs [093fc24a] log:\n ├─possible versions are: [0.13.0-0.13.1, 0.14.0, 1.0.0-1.0.2, 1.1.0, 1.2.0, 1.3.0-1.3.3] or uninstalled\n ├─restricted by compatibility requirements with DataStructures [864edb3b] to versions: uninstalled\n │ └─DataStructures [864edb3b] log:\n │   ├─possible versions are: [0.9.0, 0.10.0, 0.11.0-0.11.1, 0.12.0, 0.13.0, 0.14.0-0.14.1, 0.15.0, 0.16.1, 0.17.0-0.17.20, 0.18.0-0.18.2] or uninstalled\n │   └─restricted to versions 0.18.2 by an explicit requirement, leaving only versions 0.18.2\n └─restricted by compatibility requirements with SparseDiffTools [47a9eef4] to versions: 1.3.0-1.3.3 — no versions left\n   └─SparseDiffTools [47a9eef4] log:\n     ├─possible versions are: [0.1.0, 0.2.0, 0.3.0, 0.4.0-0.4.1, 0.5.0, 0.6.0, 0.7.0, 0.8.0, 0.9.0-0.9.2, 0.10.0-0.10.3, 1.0.0, 1.1.0-1.1.1, 1.2.0, 1.3.0-1.3.3, 1.4.0, 1.5.0, 1.6.0, 1.7.0-1.7.1, 1.8.0, 1.9.0-1.9.1, 1.10.0] or uninstalled\n     ├─restricted by compatibility requirements with DataStructures [864edb3b] to versions: [0.1.0, 0.2.0, 0.3.0, 0.4.0-0.4.1, 0.5.0, 0.6.0, 0.7.0, 0.8.0, 0.9.0, 1.10.0] or uninstalled\n     │ └─DataStructures [864edb3b] log: see above\n     ├─restricted by compatibility requirements with ArrayInterface [4fba245c] to versions: [0.1.0, 0.2.0, 0.3.0, 0.4.0-0.4.1, 0.5.0, 0.6.0, 1.0.0, 1.1.0-1.1.1, 1.2.0, 1.3.0-1.3.3, 1.4.0, 1.5.0, 1.6.0, 1.7.0-1.7.1, 1.8.0, 1.9.0-1.9.1, 1.10.0] or uninstalled, leaving only versions: [0.1.0, 0.2.0, 0.3.0, 0.4.0-0.4.1, 0.5.0, 0.6.0, 1.10.0] or uninstalled\n     │ └─ArrayInterface [4fba245c] log:\n     │   ├─possible versions are: [0.0.1, 0.1.0-0.1.1, 1.0.0, 1.1.0, 1.2.0-1.2.1, 2.0.0, 2.1.0, 2.2.0, 2.3.0-2.3.1, 2.4.0-2.4.1, 2.5.0-2.5.1, 2.6.0-2.6.2, 2.7.0, 2.8.0-2.8.7, 2.9.0-2.9.1, 2.10.0, 2.11.0, 2.12.0] or uninstalled\n     │   └─restricted to versions 2.12.0 by an explicit requirement, leaving only versions 2.12.0\n     └─restricted by compatibility requirements with StochasticDiffEq [789caeaf] to versions: [0.9.0-0.9.2, 0.10.0-0.10.3, 1.0.0, 1.1.0-1.1.1, 1.2.0, 1.3.0-1.3.3, 1.4.0, 1.5.0, 1.6.0, 1.7.0-1.7.1, 1.8.0, 1.9.0-1.9.1, 1.10.0], leaving only versions: 1.10.0\n       └─StochasticDiffEq [789caeaf] log:\n         ├─possible versions are: [5.0.0, 5.1.0, 5.2.0-5.2.3, 5.3.0, 5.4.0, 5.5.0, 5.6.0-5.6.1, 5.7.0-5.7.1, 5.8.0, 5.9.0-5.9.2, 5.10.0-5.10.4, 5.11.0-5.11.4, 5.12.0, 6.0.0, 6.1.0-6.1.1, 6.2.0, 6.3.0, 6.4.0, 6.5.0, 6.6.0, 6.7.0, 6.8.0, 6.9.0-6.9.1, 6.10.0, 6.11.0-6.11.2, 6.12.0, 6.13.0, 6.14.0, 6.15.0, 6.16.0-6.16.1, 6.17.0-6.17.1, 6.18.0, 6.19.0-6.19.2, 6.20.0, 6.21.0-6.21.1, 6.22.0, 6.23.0-6.23.1, 6.24.0, 6.25.0-6.25.1] or uninstalled\n         ├─restricted to versions * by an explicit requirement, leaving only versions [5.0.0, 5.1.0, 5.2.0-5.2.3, 5.3.0, 5.4.0, 5.5.0, 5.6.0-5.6.1, 5.7.0-5.7.1, 5.8.0, 5.9.0-5.9.2, 5.10.0-5.10.4, 5.11.0-5.11.4, 5.12.0, 6.0.0, 6.1.0-6.1.1, 6.2.0, 6.3.0, 6.4.0, 6.5.0, 6.6.0, 6.7.0, 6.8.0, 6.9.0-6.9.1, 6.10.0, 6.11.0-6.11.2, 6.12.0, 6.13.0, 6.14.0, 6.15.0, 6.16.0-6.16.1, 6.17.0-6.17.1, 6.18.0, 6.19.0-6.19.2, 6.20.0, 6.21.0-6.21.1, 6.22.0, 6.23.0-6.23.1, 6.24.0, 6.25.0-6.25.1]\n         ├─restricted by compatibility requirements with Parameters [d96e819e] to versions: [5.0.0, 5.1.0, 5.2.0-5.2.3, 5.3.0, 5.4.0, 5.5.0, 5.6.0-5.6.1, 5.7.0-5.7.1, 5.8.0, 5.9.0-5.9.2, 5.10.0-5.10.4, 5.11.0-5.11.4, 5.12.0, 6.0.0, 6.1.0-6.1.1, 6.2.0, 6.3.0, 6.4.0, 6.5.0, 6.6.0, 6.7.0, 6.8.0, 6.11.0-6.11.2, 6.12.0, 6.13.0, 6.14.0, 6.15.0, 6.16.0-6.16.1, 6.17.0-6.17.1, 6.18.0, 6.19.0-6.19.2, 6.20.0, 6.21.0-6.21.1, 6.22.0, 6.23.0-6.23.1, 6.24.0, 6.25.0-6.25.1] or uninstalled, leaving only versions: [5.0.0, 5.1.0, 5.2.0-5.2.3, 5.3.0, 5.4.0, 5.5.0, 5.6.0-5.6.1, 5.7.0-5.7.1, 5.8.0, 5.9.0-5.9.2, 5.10.0-5.10.4, 5.11.0-5.11.4, 5.12.0, 6.0.0, 6.1.0-6.1.1, 6.2.0, 6.3.0, 6.4.0, 6.5.0, 6.6.0, 6.7.0, 6.8.0, 6.11.0-6.11.2, 6.12.0, 6.13.0, 6.14.0, 6.15.0, 6.16.0-6.16.1, 6.17.0-6.17.1, 6.18.0, 6.19.0-6.19.2, 6.20.0, 6.21.0-6.21.1, 6.22.0, 6.23.0-6.23.1, 6.24.0, 6.25.0-6.25.1]\n         │ └─Parameters [d96e819e] log:\n         │   ├─possible versions are: [0.9.1-0.9.2, 0.10.0-0.10.3, 0.11.0, 0.12.0-0.12.1] or uninstalled\n         │   └─restricted to versions 0.12.1 by an explicit requirement, leaving only versions 0.12.1\n         └─restricted by compatibility requirements with DataStructures [864edb3b] to versions: 6.25.1 or uninstalled, leaving only versions: 6.25.1\n           └─DataStructures [864edb3b] log: see above", nothing)
└ @ Pkg.Operations /buildworker/worker/package_linux64/build/usr/share/julia/stdlib/v1.5/Pkg/src/Operations.jl:1427
ERROR: Unsatisfiable requirements detected for package LightGraphs [093fc24a]:
 LightGraphs [093fc24a] log:
 ├─possible versions are: [0.13.0-0.13.1, 0.14.0, 1.0.0-1.0.2, 1.1.0, 1.2.0, 1.3.0-1.3.3] or uninstalled
 ├─restricted by compatibility requirements with DataStructures [864edb3b] to versions: uninstalled
 │ └─DataStructures [864edb3b] log:
 │   ├─possible versions are: [0.9.0, 0.10.0, 0.11.0-0.11.1, 0.12.0, 0.13.0, 0.14.0-0.14.1, 0.15.0, 0.16.1, 0.17.0-0.17.20, 0.18.0-0.18.2] or uninstalled
 │   ├─restricted to versions 0.17-0.18 by an explicit requirement, leaving only versions [0.17.0-0.17.20, 0.18.0-0.18.2]
 │   └─restricted by compatibility requirements with DiffEqBase [2b5f629d] to versions: 0.18.0-0.18.2
 │     └─DiffEqBase [2b5f629d] log:
 │       ├─possible versions are: [3.13.2-3.13.3, 4.0.0-4.0.1, 4.1.0, 4.2.0, 4.3.0-4.3.1, 4.4.0, 4.5.0, 4.6.0, 4.7.0, 4.8.0, 4.9.0, 4.10.0-4.10.1, 4.11.0-4.11.1, 4.12.0, 4.13.0, 4.14.0-4.14.1, 4.15.0, 4.16.0, 4.17.0, 4.18.0, 4.19.0, 4.20.0-4.20.3, 4.21.0, 4.21.2-4.21.3, 4.22.0-4.22.2, 4.23.0, 4.23.2-4.23.4, 4.24.0-4.24.3, 4.25.0-4.25.1, 4.26.0-4.26.3, 4.27.0-4.27.1, 4.28.0-4.28.1, 4.29.0-4.29.2, 4.30.0-4.30.2, 4.31.0-4.31.2, 4.32.0, 5.0.0-5.0.1, 5.1.0, 5.2.0-5.2.3, 5.3.0-5.3.2, 5.4.0-5.4.1, 5.5.0-5.5.2, 5.6.0-5.6.4, 5.7.0, 5.8.0-5.8.1, 5.9.0, 5.10.0-5.10.3, 5.11.0-5.11.1, 5.12.0, 5.13.0, 5.14.0-5.14.2, 5.15.0, 5.16.0-5.16.5, 5.17.0-5.17.1, 5.18.0, 5.19.0, 5.20.0-5.20.1, 6.0.0, 6.1.0, 6.2.0-6.2.4, 6.3.0-6.3.6, 6.4.0-6.4.2, 6.5.0-6.5.1, 6.6.0, 6.7.0, 6.8.0, 6.9.0-6.9.4, 6.10.0-6.10.2, 6.11.0, 6.12.0-6.12.5, 6.13.0-6.13.3, 6.14.0-6.14.2, 6.15.0-6.15.2, 6.16.0, 6.17.0-6.17.3, 6.18.0-6.18.1, 6.19.0, 6.20.0, 6.21.0-6.21.1, 6.22.0-6.22.2, 6.23.0, 6.24.0, 6.25.0-6.25.2, 6.26.0, 6.27.0, 6.28.0, 6.29.0-6.29.3, 6.30.0-6.30.4, 6.31.0-6.31.1, 6.32.0-6.32.2, 6.33.0-6.33.1, 6.34.0-6.34.3, 6.35.0-6.35.2, 6.36.0-6.36.4, 6.37.0, 6.38.0-6.38.4, 6.39.0-6.39.1, 6.40.0-6.40.9, 6.41.0-6.41.3, 6.42.0, 6.43.0-6.43.1, 6.44.0-6.44.3, 6.45.0-6.45.1, 6.46.0-6.46.1] or uninstalled
 │       └─restricted to versions 6.45.0-6 by an explicit requirement, leaving only versions [6.45.0-6.45.1, 6.46.0-6.46.1]
 └─restricted by compatibility requirements with SparseDiffTools [47a9eef4] to versions: 1.3.0-1.3.3 — no versions left
   └─SparseDiffTools [47a9eef4] log:
     ├─possible versions are: [0.1.0, 0.2.0, 0.3.0, 0.4.0-0.4.1, 0.5.0, 0.6.0, 0.7.0, 0.8.0, 0.9.0-0.9.2, 0.10.0-0.10.3, 1.0.0, 1.1.0-1.1.1, 1.2.0, 1.3.0-1.3.3, 1.4.0, 1.5.0, 1.6.0, 1.7.0-1.7.1, 1.8.0, 1.9.0-1.9.1, 1.10.0] or uninstalled
     ├─restricted by compatibility requirements with ArrayInterface [4fba245c] to versions: [0.1.0, 0.2.0, 0.3.0, 0.4.0-0.4.1, 0.5.0, 0.6.0, 1.0.0, 1.1.0-1.1.1, 1.2.0, 1.3.0-1.3.3, 1.4.0, 1.5.0, 1.6.0, 1.7.0-1.7.1, 1.8.0, 1.9.0-1.9.1, 1.10.0] or uninstalled
     │ └─ArrayInterface [4fba245c] log:
     │   ├─possible versions are: [0.0.1, 0.1.0-0.1.1, 1.0.0, 1.1.0, 1.2.0-1.2.1, 2.0.0, 2.1.0, 2.2.0, 2.3.0-2.3.1, 2.4.0-2.4.1, 2.5.0-2.5.1, 2.6.0-2.6.2, 2.7.0, 2.8.0-2.8.7, 2.9.0-2.9.1, 2.10.0, 2.11.0, 2.12.0] or uninstalled
     │   └─restricted to versions 2.8.0-2 by an explicit requirement, leaving only versions [2.8.0-2.8.7, 2.9.0-2.9.1, 2.10.0, 2.11.0, 2.12.0]
     ├─restricted by compatibility requirements with OrdinaryDiffEq [1dea7af3] to versions: [0.10.0-0.10.3, 1.0.0, 1.1.0-1.1.1, 1.2.0, 1.3.0-1.3.3, 1.4.0, 1.5.0, 1.6.0, 1.7.0-1.7.1, 1.8.0, 1.9.0-1.9.1, 1.10.0], leaving only versions: [1.0.0, 1.1.0-1.1.1, 1.2.0, 1.3.0-1.3.3, 1.4.0, 1.5.0, 1.6.0, 1.7.0-1.7.1, 1.8.0, 1.9.0-1.9.1, 1.10.0]
     │ └─OrdinaryDiffEq [1dea7af3] log:
     │   ├─possible versions are: [4.0.0, 4.1.0, 4.2.0, 4.3.0, 4.4.0-4.4.1, 4.5.0, 4.6.0, 4.7.0-4.7.1, 4.8.0-4.8.1, 4.9.0, 4.10.0, 4.11.0-4.11.1, 4.12.0-4.12.4, 4.13.0, 4.14.0, 4.15.0-4.15.1, 4.16.0-4.16.5, 4.17.0-4.17.2, 4.18.0-4.18.3, 4.19.0, 4.20.0, 4.21.0-4.21.1, 5.0.0, 5.1.0-5.1.4, 5.2.0-5.2.1, 5.3.0, 5.4.0-5.4.1, 5.5.0, 5.6.0-5.6.1, 5.7.0-5.7.1, 5.8.0-5.8.1, 5.9.0, 5.10.0, 5.11.0-5.11.1, 5.12.0, 5.13.0, 5.14.0, 5.15.0-5.15.1, 5.16.0, 5.17.0-5.17.2, 5.18.0, 5.19.0, 5.20.0-5.20.1, 5.21.0, 5.22.0, 5.23.0, 5.24.0, 5.25.0, 5.26.0-5.26.8, 5.27.0-5.27.1, 5.28.0-5.28.1, 5.29.0, 5.30.0, 5.31.0, 5.32.0-5.32.2, 5.33.0, 5.34.0-5.34.1, 5.35.0-5.35.5, 5.36.0-5.36.1, 5.37.0, 5.38.0-5.38.3, 5.39.0-5.39.1, 5.40.0, 5.41.0, 5.42.0-5.42.5] or uninstalled
     │   ├─restricted to versions * by an explicit requirement, leaving only versions [4.0.0, 4.1.0, 4.2.0, 4.3.0, 4.4.0-4.4.1, 4.5.0, 4.6.0, 4.7.0-4.7.1, 4.8.0-4.8.1, 4.9.0, 4.10.0, 4.11.0-4.11.1, 4.12.0-4.12.4, 4.13.0, 4.14.0, 4.15.0-4.15.1, 4.16.0-4.16.5, 4.17.0-4.17.2, 4.18.0-4.18.3, 4.19.0, 4.20.0, 4.21.0-4.21.1, 5.0.0, 5.1.0-5.1.4, 5.2.0-5.2.1, 5.3.0, 5.4.0-5.4.1, 5.5.0, 5.6.0-5.6.1, 5.7.0-5.7.1, 5.8.0-5.8.1, 5.9.0, 5.10.0, 5.11.0-5.11.1, 5.12.0, 5.13.0, 5.14.0, 5.15.0-5.15.1, 5.16.0, 5.17.0-5.17.2, 5.18.0, 5.19.0, 5.20.0-5.20.1, 5.21.0, 5.22.0, 5.23.0, 5.24.0, 5.25.0, 5.26.0-5.26.8, 5.27.0-5.27.1, 5.28.0-5.28.1, 5.29.0, 5.30.0, 5.31.0, 5.32.0-5.32.2, 5.33.0, 5.34.0-5.34.1, 5.35.0-5.35.5, 5.36.0-5.36.1, 5.37.0, 5.38.0-5.38.3, 5.39.0-5.39.1, 5.40.0, 5.41.0, 5.42.0-5.42.5]
     │   ├─restricted by compatibility requirements with ArrayInterface [4fba245c] to versions: [4.0.0, 4.1.0, 4.2.0, 4.3.0, 4.4.0-4.4.1, 4.5.0, 4.6.0, 4.7.0-4.7.1, 4.8.0-4.8.1, 4.9.0, 4.10.0, 4.11.0-4.11.1, 4.12.0-4.12.4, 4.13.0, 4.14.0, 4.15.0-4.15.1, 4.16.0-4.16.5, 4.17.0-4.17.2, 4.18.0-4.18.3, 4.19.0, 4.20.0, 4.21.0-4.21.1, 5.0.0, 5.1.0-5.1.4, 5.2.0-5.2.1, 5.3.0, 5.4.0-5.4.1, 5.5.0, 5.6.0-5.6.1, 5.7.0-5.7.1, 5.8.0-5.8.1, 5.9.0, 5.10.0, 5.11.0-5.11.1, 5.12.0, 5.13.0, 5.24.0, 5.25.0, 5.26.0-5.26.8, 5.27.0-5.27.1, 5.28.0-5.28.1, 5.29.0, 5.30.0, 5.31.0, 5.32.0-5.32.2, 5.33.0, 5.34.0-5.34.1, 5.35.0-5.35.5, 5.36.0-5.36.1, 5.37.0, 5.38.0-5.38.3, 5.39.0-5.39.1, 5.40.0, 5.41.0, 5.42.0-5.42.5] or uninstalled, leaving only versions: [4.0.0, 4.1.0, 4.2.0, 4.3.0, 4.4.0-4.4.1, 4.5.0, 4.6.0, 4.7.0-4.7.1, 4.8.0-4.8.1, 4.9.0, 4.10.0, 4.11.0-4.11.1, 4.12.0-4.12.4, 4.13.0, 4.14.0, 4.15.0-4.15.1, 4.16.0-4.16.5, 4.17.0-4.17.2, 4.18.0-4.18.3, 4.19.0, 4.20.0, 4.21.0-4.21.1, 5.0.0, 5.1.0-5.1.4, 5.2.0-5.2.1, 5.3.0, 5.4.0-5.4.1, 5.5.0, 5.6.0-5.6.1, 5.7.0-5.7.1, 5.8.0-5.8.1, 5.9.0, 5.10.0, 5.11.0-5.11.1, 5.12.0, 5.13.0, 5.24.0, 5.25.0, 5.26.0-5.26.8, 5.27.0-5.27.1, 5.28.0-5.28.1, 5.29.0, 5.30.0, 5.31.0, 5.32.0-5.32.2, 5.33.0, 5.34.0-5.34.1, 5.35.0-5.35.5, 5.36.0-5.36.1, 5.37.0, 5.38.0-5.38.3, 5.39.0-5.39.1, 5.40.0, 5.41.0, 5.42.0-5.42.5]
     │   │ └─ArrayInterface [4fba245c] log: see above
     │   ├─restricted by compatibility requirements with UnPack [3a884ed6] to versions: [4.0.0, 4.1.0, 4.2.0, 4.3.0, 4.4.0-4.4.1, 4.5.0, 4.6.0, 4.7.0-4.7.1, 4.8.0-4.8.1, 4.9.0, 4.10.0, 4.11.0-4.11.1, 4.12.0-4.12.4, 4.13.0, 4.14.0, 4.15.0-4.15.1, 4.16.0-4.16.5, 4.17.0-4.17.2, 4.18.0-4.18.3, 4.19.0, 4.20.0, 4.21.0-4.21.1, 5.0.0, 5.1.0-5.1.4, 5.2.0-5.2.1, 5.3.0, 5.4.0-5.4.1, 5.5.0, 5.6.0-5.6.1, 5.7.0-5.7.1, 5.8.0-5.8.1, 5.9.0, 5.10.0, 5.11.0-5.11.1, 5.12.0, 5.13.0, 5.14.0, 5.15.0-5.15.1, 5.16.0, 5.17.0-5.17.2, 5.18.0, 5.19.0, 5.20.0-5.20.1, 5.21.0, 5.22.0, 5.23.0, 5.24.0, 5.25.0, 5.26.0-5.26.8, 5.27.0-5.27.1, 5.28.0-5.28.1, 5.29.0, 5.36.0-5.36.1, 5.37.0, 5.38.0-5.38.3, 5.39.0-5.39.1, 5.40.0, 5.41.0, 5.42.0-5.42.5] or uninstalled, leaving only versions: [4.0.0, 4.1.0, 4.2.0, 4.3.0, 4.4.0-4.4.1, 4.5.0, 4.6.0, 4.7.0-4.7.1, 4.8.0-4.8.1, 4.9.0, 4.10.0, 4.11.0-4.11.1, 4.12.0-4.12.4, 4.13.0, 4.14.0, 4.15.0-4.15.1, 4.16.0-4.16.5, 4.17.0-4.17.2, 4.18.0-4.18.3, 4.19.0, 4.20.0, 4.21.0-4.21.1, 5.0.0, 5.1.0-5.1.4, 5.2.0-5.2.1, 5.3.0, 5.4.0-5.4.1, 5.5.0, 5.6.0-5.6.1, 5.7.0-5.7.1, 5.8.0-5.8.1, 5.9.0, 5.10.0, 5.11.0-5.11.1, 5.12.0, 5.13.0, 5.24.0, 5.25.0, 5.26.0-5.26.8, 5.27.0-5.27.1, 5.28.0-5.28.1, 5.29.0, 5.36.0-5.36.1, 5.37.0, 5.38.0-5.38.3, 5.39.0-5.39.1, 5.40.0, 5.41.0, 5.42.0-5.42.5]
     │   │ └─UnPack [3a884ed6] log:
     │   │   ├─possible versions are: [0.1.0, 1.0.0-1.0.2] or uninstalled
     │   │   └─restricted to versions 1.0.2-1 by an explicit requirement, leaving only versions 1.0.2
     │   ├─restricted by compatibility requirements with RecursiveArrayTools [731186ca] to versions: [5.27.0-5.27.1, 5.28.0-5.28.1, 5.29.0, 5.30.0, 5.31.0, 5.32.0-5.32.2, 5.33.0, 5.34.0-5.34.1, 5.35.0-5.35.5, 5.36.0-5.36.1, 5.37.0, 5.38.0-5.38.3, 5.39.0-5.39.1, 5.40.0, 5.41.0, 5.42.0-5.42.5] or uninstalled, leaving only versions: [5.27.0-5.27.1, 5.28.0-5.28.1, 5.29.0, 5.36.0-5.36.1, 5.37.0, 5.38.0-5.38.3, 5.39.0-5.39.1, 5.40.0, 5.41.0, 5.42.0-5.42.5]
     │   │ └─RecursiveArrayTools [731186ca] log:
     │   │   ├─possible versions are: [0.16.0-0.16.3, 0.17.0-0.17.2, 0.18.0-0.18.6, 0.19.0-0.19.1, 0.20.0, 1.0.0-1.0.2, 1.1.0-1.1.1, 1.2.0-1.2.1, 2.0.0-2.0.5, 2.1.0-2.1.2, 2.2.0, 2.3.0-2.3.5, 2.4.0-2.4.4, 2.5.0, 2.6.0] or uninstalled
     │   │   └─restricted to versions 2 by an explicit requirement, leaving only versions [2.0.0-2.0.5, 2.1.0-2.1.2, 2.2.0, 2.3.0-2.3.5, 2.4.0-2.4.4, 2.5.0, 2.6.0]
     │   └─restricted by compatibility requirements with DataStructures [864edb3b] to versions: 5.42.4-5.42.5 or uninstalled, leaving only versions: 5.42.4-5.42.5
     │     └─DataStructures [864edb3b] log: see above
     └─restricted by compatibility requirements with DataStructures [864edb3b] to versions: [0.1.0, 0.2.0, 0.3.0, 0.4.0-0.4.1, 0.5.0, 0.6.0, 0.7.0, 0.8.0, 0.9.0, 1.10.0] or uninstalled, leaving only versions: 1.10.0
       └─DataStructures [864edb3b] log: see above
Stacktrace:
 [1] propagate_constraints!(::Pkg.Resolve.Graph, ::Set{Int64}; log_events::Bool) at /buildworker/worker/package_linux64/build/usr/share/julia/stdlib/v1.5/Pkg/src/Resolve/graphtype.jl:1005
 [2] propagate_constraints! at /buildworker/worker/package_linux64/build/usr/share/julia/stdlib/v1.5/Pkg/src/Resolve/graphtype.jl:946 [inlined] (repeats 2 times)
 [3] simplify_graph!(::Pkg.Resolve.Graph, ::Set{Int64}; clean_graph::Bool) at /buildworker/worker/package_linux64/build/usr/share/julia/stdlib/v1.5/Pkg/src/Resolve/graphtype.jl:1460
 [4] simplify_graph! at /buildworker/worker/package_linux64/build/usr/share/julia/stdlib/v1.5/Pkg/src/Resolve/graphtype.jl:1460 [inlined] (repeats 2 times)
 [5] resolve_versions!(::Pkg.Types.Context, ::Array{Pkg.Types.PackageSpec,1}) at /buildworker/worker/package_linux64/build/usr/share/julia/stdlib/v1.5/Pkg/src/Operations.jl:375
 [6] up(::Pkg.Types.Context, ::Array{Pkg.Types.PackageSpec,1}, ::Pkg.Types.UpgradeLevel) at /buildworker/worker/package_linux64/build/usr/share/julia/stdlib/v1.5/Pkg/src/Operations.jl:1222
 [7] up(::Pkg.Types.Context, ::Array{Pkg.Types.PackageSpec,1}; level::Pkg.Types.UpgradeLevel, mode::Pkg.Types.PackageMode, update_registry::Bool, kwargs::Base.Iterators.Pairs{Symbol,Base.DevNull,Tuple{Symbol},NamedTuple{(:io,),Tuple{Base.DevNull}}}) at /buildworker/worker/package_linux64/build/usr/share/julia/stdlib/v1.5/Pkg/src/API.jl:246
 [8] up(::Pkg.Types.Context; kwargs::Base.Iterators.Pairs{Symbol,Any,NTuple{4,Symbol},NamedTuple{(:level, :mode, :update_registry, :io),Tuple{Pkg.Types.UpgradeLevel,Pkg.Types.PackageMode,Bool,Base.DevNull}}}) at /buildworker/worker/package_linux64/build/usr/share/julia/stdlib/v1.5/Pkg/src/API.jl:68
 [9] resolve(::Pkg.Types.Context; kwargs::Base.Iterators.Pairs{Symbol,Base.DevNull,Tuple{Symbol},NamedTuple{(:io,),Tuple{Base.DevNull}}}) at /buildworker/worker/package_linux64/build/usr/share/julia/stdlib/v1.5/Pkg/src/API.jl:252
 [10] (::Pkg.Operations.var"#100#104"{String,Pkg.Operations.var"#110#112"{Bool,Cmd,Cmd,Nothing,Pkg.Types.Context,Array{Tuple{String,Base.Process},1},String,Pkg.Types.PackageSpec},Pkg.Types.PackageSpec})() at /buildworker/worker/package_linux64/build/usr/share/julia/stdlib/v1.5/Pkg/src/Operations.jl:1429
 [11] with_temp_env(::Pkg.Operations.var"#100#104"{String,Pkg.Operations.var"#110#112"{Bool,Cmd,Cmd,Nothing,Pkg.Types.Context,Array{Tuple{String,Base.Process},1},String,Pkg.Types.PackageSpec},Pkg.Types.PackageSpec}, ::String) at /buildworker/worker/package_linux64/build/usr/share/julia/stdlib/v1.5/Pkg/src/Operations.jl:1348
 [12] (::Pkg.Operations.var"#99#103"{Pkg.Operations.var"#110#112"{Bool,Cmd,Cmd,Nothing,Pkg.Types.Context,Array{Tuple{String,Base.Process},1},String,Pkg.Types.PackageSpec},Pkg.Types.Context,Pkg.Types.PackageSpec,String,Pkg.Types.Project,String})(::String) at /buildworker/worker/package_linux64/build/usr/share/julia/stdlib/v1.5/Pkg/src/Operations.jl:1419
 [13] mktempdir(::Pkg.Operations.var"#99#103"{Pkg.Operations.var"#110#112"{Bool,Cmd,Cmd,Nothing,Pkg.Types.Context,Array{Tuple{String,Base.Process},1},String,Pkg.Types.PackageSpec},Pkg.Types.Context,Pkg.Types.PackageSpec,String,Pkg.Types.Project,String}, ::String; prefix::String) at ./file.jl:682
 [14] mktempdir(::Function, ::String) at ./file.jl:680 (repeats 2 times)
 [15] sandbox(::Function, ::Pkg.Types.Context, ::Pkg.Types.PackageSpec, ::String, ::String, ::Pkg.Types.Project) at /buildworker/worker/package_linux64/build/usr/share/julia/stdlib/v1.5/Pkg/src/Operations.jl:1386
 [16] test(::Pkg.Types.Context, ::Array{Pkg.Types.PackageSpec,1}; coverage::Bool, julia_args::Cmd, test_args::Cmd, test_fn::Nothing) at /buildworker/worker/package_linux64/build/usr/share/julia/stdlib/v1.5/Pkg/src/Operations.jl:1550
 [17] test(::Pkg.Types.Context, ::Array{Pkg.Types.PackageSpec,1}; coverage::Bool, test_fn::Nothing, julia_args::Cmd, test_args::Cmd, kwargs::Base.Iterators.Pairs{Union{},Union{},Tuple{},NamedTuple{(),Tuple{}}}) at /buildworker/worker/package_linux64/build/usr/share/julia/stdlib/v1.5/Pkg/src/API.jl:328
 [18] test(::Pkg.Types.Context, ::Array{Pkg.Types.PackageSpec,1}) at /buildworker/worker/package_linux64/build/usr/share/julia/stdlib/v1.5/Pkg/src/API.jl:315
 [19] #test#61 at /buildworker/worker/package_linux64/build/usr/share/julia/stdlib/v1.5/Pkg/src/API.jl:67 [inlined]
 [20] test at /buildworker/worker/package_linux64/build/usr/share/julia/stdlib/v1.5/Pkg/src/API.jl:67 [inlined]
 [21] #test#60 at /buildworker/worker/package_linux64/build/usr/share/julia/stdlib/v1.5/Pkg/src/API.jl:66 [inlined]
 [22] test at /buildworker/worker/package_linux64/build/usr/share/julia/stdlib/v1.5/Pkg/src/API.jl:66 [inlined]
 [23] test(::String; kwargs::Base.Iterators.Pairs{Union{},Union{},Tuple{},NamedTuple{(),Tuple{}}}) at /buildworker/worker/package_linux64/build/usr/share/julia/stdlib/v1.5/Pkg/src/API.jl:65
 [24] test(::String) at /buildworker/worker/package_linux64/build/usr/share/julia/stdlib/v1.5/Pkg/src/API.jl:65
 [25] top-level scope at none:19
caused by [exception 1]
Unsatisfiable requirements detected for package LightGraphs [093fc24a]:
 LightGraphs [093fc24a] log:
 ├─possible versions are: [0.13.0-0.13.1, 0.14.0, 1.0.0-1.0.2, 1.1.0, 1.2.0, 1.3.0-1.3.3] or uninstalled
 ├─restricted by compatibility requirements with DataStructures [864edb3b] to versions: uninstalled
 │ └─DataStructures [864edb3b] log:
 │   ├─possible versions are: [0.9.0, 0.10.0, 0.11.0-0.11.1, 0.12.0, 0.13.0, 0.14.0-0.14.1, 0.15.0, 0.16.1, 0.17.0-0.17.20, 0.18.0-0.18.2] or uninstalled
 │   └─restricted to versions 0.18.2 by an explicit requirement, leaving only versions 0.18.2
 └─restricted by compatibility requirements with SparseDiffTools [47a9eef4] to versions: 1.3.0-1.3.3 — no versions left
   └─SparseDiffTools [47a9eef4] log:
     ├─possible versions are: [0.1.0, 0.2.0, 0.3.0, 0.4.0-0.4.1, 0.5.0, 0.6.0, 0.7.0, 0.8.0, 0.9.0-0.9.2, 0.10.0-0.10.3, 1.0.0, 1.1.0-1.1.1, 1.2.0, 1.3.0-1.3.3, 1.4.0, 1.5.0, 1.6.0, 1.7.0-1.7.1, 1.8.0, 1.9.0-1.9.1, 1.10.0] or uninstalled
     ├─restricted by compatibility requirements with DataStructures [864edb3b] to versions: [0.1.0, 0.2.0, 0.3.0, 0.4.0-0.4.1, 0.5.0, 0.6.0, 0.7.0, 0.8.0, 0.9.0, 1.10.0] or uninstalled
     │ └─DataStructures [864edb3b] log: see above
     ├─restricted by compatibility requirements with ArrayInterface [4fba245c] to versions: [0.1.0, 0.2.0, 0.3.0, 0.4.0-0.4.1, 0.5.0, 0.6.0, 1.0.0, 1.1.0-1.1.1, 1.2.0, 1.3.0-1.3.3, 1.4.0, 1.5.0, 1.6.0, 1.7.0-1.7.1, 1.8.0, 1.9.0-1.9.1, 1.10.0] or uninstalled, leaving only versions: [0.1.0, 0.2.0, 0.3.0, 0.4.0-0.4.1, 0.5.0, 0.6.0, 1.10.0] or uninstalled
     │ └─ArrayInterface [4fba245c] log:
     │   ├─possible versions are: [0.0.1, 0.1.0-0.1.1, 1.0.0, 1.1.0, 1.2.0-1.2.1, 2.0.0, 2.1.0, 2.2.0, 2.3.0-2.3.1, 2.4.0-2.4.1, 2.5.0-2.5.1, 2.6.0-2.6.2, 2.7.0, 2.8.0-2.8.7, 2.9.0-2.9.1, 2.10.0, 2.11.0, 2.12.0] or uninstalled
     │   └─restricted to versions 2.12.0 by an explicit requirement, leaving only versions 2.12.0
     └─restricted by compatibility requirements with StochasticDiffEq [789caeaf] to versions: [0.9.0-0.9.2, 0.10.0-0.10.3, 1.0.0, 1.1.0-1.1.1, 1.2.0, 1.3.0-1.3.3, 1.4.0, 1.5.0, 1.6.0, 1.7.0-1.7.1, 1.8.0, 1.9.0-1.9.1, 1.10.0], leaving only versions: 1.10.0
       └─StochasticDiffEq [789caeaf] log:
         ├─possible versions are: [5.0.0, 5.1.0, 5.2.0-5.2.3, 5.3.0, 5.4.0, 5.5.0, 5.6.0-5.6.1, 5.7.0-5.7.1, 5.8.0, 5.9.0-5.9.2, 5.10.0-5.10.4, 5.11.0-5.11.4, 5.12.0, 6.0.0, 6.1.0-6.1.1, 6.2.0, 6.3.0, 6.4.0, 6.5.0, 6.6.0, 6.7.0, 6.8.0, 6.9.0-6.9.1, 6.10.0, 6.11.0-6.11.2, 6.12.0, 6.13.0, 6.14.0, 6.15.0, 6.16.0-6.16.1, 6.17.0-6.17.1, 6.18.0, 6.19.0-6.19.2, 6.20.0, 6.21.0-6.21.1, 6.22.0, 6.23.0-6.23.1, 6.24.0, 6.25.0-6.25.1] or uninstalled
         ├─restricted to versions * by an explicit requirement, leaving only versions [5.0.0, 5.1.0, 5.2.0-5.2.3, 5.3.0, 5.4.0, 5.5.0, 5.6.0-5.6.1, 5.7.0-5.7.1, 5.8.0, 5.9.0-5.9.2, 5.10.0-5.10.4, 5.11.0-5.11.4, 5.12.0, 6.0.0, 6.1.0-6.1.1, 6.2.0, 6.3.0, 6.4.0, 6.5.0, 6.6.0, 6.7.0, 6.8.0, 6.9.0-6.9.1, 6.10.0, 6.11.0-6.11.2, 6.12.0, 6.13.0, 6.14.0, 6.15.0, 6.16.0-6.16.1, 6.17.0-6.17.1, 6.18.0, 6.19.0-6.19.2, 6.20.0, 6.21.0-6.21.1, 6.22.0, 6.23.0-6.23.1, 6.24.0, 6.25.0-6.25.1]
         ├─restricted by compatibility requirements with Parameters [d96e819e] to versions: [5.0.0, 5.1.0, 5.2.0-5.2.3, 5.3.0, 5.4.0, 5.5.0, 5.6.0-5.6.1, 5.7.0-5.7.1, 5.8.0, 5.9.0-5.9.2, 5.10.0-5.10.4, 5.11.0-5.11.4, 5.12.0, 6.0.0, 6.1.0-6.1.1, 6.2.0, 6.3.0, 6.4.0, 6.5.0, 6.6.0, 6.7.0, 6.8.0, 6.11.0-6.11.2, 6.12.0, 6.13.0, 6.14.0, 6.15.0, 6.16.0-6.16.1, 6.17.0-6.17.1, 6.18.0, 6.19.0-6.19.2, 6.20.0, 6.21.0-6.21.1, 6.22.0, 6.23.0-6.23.1, 6.24.0, 6.25.0-6.25.1] or uninstalled, leaving only versions: [5.0.0, 5.1.0, 5.2.0-5.2.3, 5.3.0, 5.4.0, 5.5.0, 5.6.0-5.6.1, 5.7.0-5.7.1, 5.8.0, 5.9.0-5.9.2, 5.10.0-5.10.4, 5.11.0-5.11.4, 5.12.0, 6.0.0, 6.1.0-6.1.1, 6.2.0, 6.3.0, 6.4.0, 6.5.0, 6.6.0, 6.7.0, 6.8.0, 6.11.0-6.11.2, 6.12.0, 6.13.0, 6.14.0, 6.15.0, 6.16.0-6.16.1, 6.17.0-6.17.1, 6.18.0, 6.19.0-6.19.2, 6.20.0, 6.21.0-6.21.1, 6.22.0, 6.23.0-6.23.1, 6.24.0, 6.25.0-6.25.1]
         │ └─Parameters [d96e819e] log:
         │   ├─possible versions are: [0.9.1-0.9.2, 0.10.0-0.10.3, 0.11.0, 0.12.0-0.12.1] or uninstalled
         │   └─restricted to versions 0.12.1 by an explicit requirement, leaving only versions 0.12.1
         └─restricted by compatibility requirements with DataStructures [864edb3b] to versions: 6.25.1 or uninstalled, leaving only versions: 6.25.1
           └─DataStructures [864edb3b] log: see above
Stacktrace:
 [1] propagate_constraints!(::Pkg.Resolve.Graph, ::Set{Int64}; log_events::Bool) at /buildworker/worker/package_linux64/build/usr/share/julia/stdlib/v1.5/Pkg/src/Resolve/graphtype.jl:1005
 [2] propagate_constraints! at /buildworker/worker/package_linux64/build/usr/share/julia/stdlib/v1.5/Pkg/src/Resolve/graphtype.jl:946 [inlined] (repeats 2 times)
 [3] simplify_graph!(::Pkg.Resolve.Graph, ::Set{Int64}; clean_graph::Bool) at /buildworker/worker/package_linux64/build/usr/share/julia/stdlib/v1.5/Pkg/src/Resolve/graphtype.jl:1460
 [4] simplify_graph! at /buildworker/worker/package_linux64/build/usr/share/julia/stdlib/v1.5/Pkg/src/Resolve/graphtype.jl:1460 [inlined] (repeats 2 times)
 [5] resolve_versions!(::Pkg.Types.Context, ::Array{Pkg.Types.PackageSpec,1}) at /buildworker/worker/package_linux64/build/usr/share/julia/stdlib/v1.5/Pkg/src/Operations.jl:375
 [6] up(::Pkg.Types.Context, ::Array{Pkg.Types.PackageSpec,1}, ::Pkg.Types.UpgradeLevel) at /buildworker/worker/package_linux64/build/usr/share/julia/stdlib/v1.5/Pkg/src/Operations.jl:1222
 [7] up(::Pkg.Types.Context, ::Array{Pkg.Types.PackageSpec,1}; level::Pkg.Types.UpgradeLevel, mode::Pkg.Types.PackageMode, update_registry::Bool, kwargs::Base.Iterators.Pairs{Symbol,Base.DevNull,Tuple{Symbol},NamedTuple{(:io,),Tuple{Base.DevNull}}}) at /buildworker/worker/package_linux64/build/usr/share/julia/stdlib/v1.5/Pkg/src/API.jl:246
 [8] up(::Pkg.Types.Context; kwargs::Base.Iterators.Pairs{Symbol,Any,NTuple{4,Symbol},NamedTuple{(:level, :mode, :update_registry, :io),Tuple{Pkg.Types.UpgradeLevel,Pkg.Types.PackageMode,Bool,Base.DevNull}}}) at /buildworker/worker/package_linux64/build/usr/share/julia/stdlib/v1.5/Pkg/src/API.jl:68
 [9] resolve(::Pkg.Types.Context; kwargs::Base.Iterators.Pairs{Symbol,Base.DevNull,Tuple{Symbol},NamedTuple{(:io,),Tuple{Base.DevNull}}}) at /buildworker/worker/package_linux64/build/usr/share/julia/stdlib/v1.5/Pkg/src/API.jl:252
 [10] resolve(; kwargs::Base.Iterators.Pairs{Symbol,Base.DevNull,Tuple{Symbol},NamedTuple{(:io,),Tuple{Base.DevNull}}}) at /buildworker/worker/package_linux64/build/usr/share/julia/stdlib/v1.5/Pkg/src/API.jl:250
 [11] (::Pkg.Operations.var"#100#104"{String,Pkg.Operations.var"#110#112"{Bool,Cmd,Cmd,Nothing,Pkg.Types.Context,Array{Tuple{String,Base.Process},1},String,Pkg.Types.PackageSpec},Pkg.Types.PackageSpec})() at /buildworker/worker/package_linux64/build/usr/share/julia/stdlib/v1.5/Pkg/src/Operations.jl:1424
 [12] with_temp_env(::Pkg.Operations.var"#100#104"{String,Pkg.Operations.var"#110#112"{Bool,Cmd,Cmd,Nothing,Pkg.Types.Context,Array{Tuple{String,Base.Process},1},String,Pkg.Types.PackageSpec},Pkg.Types.PackageSpec}, ::String) at /buildworker/worker/package_linux64/build/usr/share/julia/stdlib/v1.5/Pkg/src/Operations.jl:1348
 [13] (::Pkg.Operations.var"#99#103"{Pkg.Operations.var"#110#112"{Bool,Cmd,Cmd,Nothing,Pkg.Types.Context,Array{Tuple{String,Base.Process},1},String,Pkg.Types.PackageSpec},Pkg.Types.Context,Pkg.Types.PackageSpec,String,Pkg.Types.Project,String})(::String) at /buildworker/worker/package_linux64/build/usr/share/julia/stdlib/v1.5/Pkg/src/Operations.jl:1419
 [14] mktempdir(::Pkg.Operations.var"#99#103"{Pkg.Operations.var"#110#112"{Bool,Cmd,Cmd,Nothing,Pkg.Types.Context,Array{Tuple{String,Base.Process},1},String,Pkg.Types.PackageSpec},Pkg.Types.Context,Pkg.Types.PackageSpec,String,Pkg.Types.Project,String}, ::String; prefix::String) at ./file.jl:682
 [15] mktempdir(::Function, ::String) at ./file.jl:680 (repeats 2 times)
 [16] sandbox(::Function, ::Pkg.Types.Context, ::Pkg.Types.PackageSpec, ::String, ::String, ::Pkg.Types.Project) at /buildworker/worker/package_linux64/build/usr/share/julia/stdlib/v1.5/Pkg/src/Operations.jl:1386
 [17] test(::Pkg.Types.Context, ::Array{Pkg.Types.PackageSpec,1}; coverage::Bool, julia_args::Cmd, test_args::Cmd, test_fn::Nothing) at /buildworker/worker/package_linux64/build/usr/share/julia/stdlib/v1.5/Pkg/src/Operations.jl:1550
 [18] test(::Pkg.Types.Context, ::Array{Pkg.Types.PackageSpec,1}; coverage::Bool, test_fn::Nothing, julia_args::Cmd, test_args::Cmd, kwargs::Base.Iterators.Pairs{Union{},Union{},Tuple{},NamedTuple{(),Tuple{}}}) at /buildworker/worker/package_linux64/build/usr/share/julia/stdlib/v1.5/Pkg/src/API.jl:328
 [19] test(::Pkg.Types.Context, ::Array{Pkg.Types.PackageSpec,1}) at /buildworker/worker/package_linux64/build/usr/share/julia/stdlib/v1.5/Pkg/src/API.jl:315
 [20] #test#61 at /buildworker/worker/package_linux64/build/usr/share/julia/stdlib/v1.5/Pkg/src/API.jl:67 [inlined]
 [21] test at /buildworker/worker/package_linux64/build/usr/share/julia/stdlib/v1.5/Pkg/src/API.jl:67 [inlined]
 [22] #test#60 at /buildworker/worker/package_linux64/build/usr/share/julia/stdlib/v1.5/Pkg/src/API.jl:66 [inlined]
 [23] test at /buildworker/worker/package_linux64/build/usr/share/julia/stdlib/v1.5/Pkg/src/API.jl:66 [inlined]
 [24] test(::String; kwargs::Base.Iterators.Pairs{Union{},Union{},Tuple{},NamedTuple{(),Tuple{}}}) at /buildworker/worker/package_linux64/build/usr/share/julia/stdlib/v1.5/Pkg/src/API.jl:65
 [25] test(::String) at /buildworker/worker/package_linux64/build/usr/share/julia/stdlib/v1.5/Pkg/src/API.jl:65
 [26] top-level scope at none:19
