Julia Version 1.3.1
Commit 2d5741174c (2019-12-30 21:36 UTC)
Platform Info:
  OS: Linux (x86_64-pc-linux-gnu)
  CPU: AMD Ryzen Threadripper 2990WX 32-Core Processor
  WORD_SIZE: 64
  LIBM: libopenlibm
  LLVM: libLLVM-6.0.1 (ORCJIT, znver1)
Environment:
  JULIA_DEPOT_PATH = ::/usr/local/share/julia
  JULIA_NUM_THREADS = 2

 Resolving package versions...
 Installed VertexSafeGraphs ───────────── v0.1.1
 Installed NaNMath ────────────────────── v0.3.3
 Installed DiffEqCallbacks ────────────── v2.9.0
 Installed DiffResults ────────────────── v1.0.2
 Installed NLSolversBase ──────────────── v7.6.1
 Installed DiffRules ──────────────────── v1.0.1
 Installed ExponentialUtilities ───────── v1.6.0
 Installed LightGraphs ────────────────── v1.3.1
 Installed FunctionWrappers ───────────── v1.1.1
 Installed MacroTools ─────────────────── v0.5.4
 Installed CompilerSupportLibraries_jll ─ v0.2.0+1
 Installed SimpleTraits ───────────────── v0.9.1
 Installed ArrayInterface ─────────────── v1.2.1
 Installed Roots ──────────────────────── v0.8.4
 Installed StaticArrays ───────────────── v0.12.1
 Installed FiniteDiff ─────────────────── v2.2.1
 Installed RecipesBase ────────────────── v0.6.0
 Installed RecursiveFactorization ─────── v0.1.0
 Installed Requires ───────────────────── v0.5.2
 Installed DataStructures ─────────────── v0.17.10
 Installed Distances ──────────────────── v0.8.2
 Installed DiffEqDiffTools ────────────── v1.7.0
 Installed OrdinaryDiffEq ─────────────── v5.23.0
 Installed SpecialFunctions ───────────── v0.10.0
 Installed ArnoldiMethod ──────────────── v0.0.4
 Installed IteratorInterfaceExtensions ── v1.0.0
 Installed Compat ─────────────────────── v3.8.0
 Installed RecursiveArrayTools ────────── v1.0.2
 Installed ForwardDiff ────────────────── v0.10.9
 Installed GenericSVD ─────────────────── v0.2.2
 Installed Adapt ──────────────────────── v1.0.1
 Installed TableTraits ────────────────── v1.0.0
 Installed Inflate ────────────────────── v0.1.1
 Installed DiffEqBase ─────────────────── v6.4.2
 Installed Reexport ───────────────────── v0.2.0
 Installed SparseDiffTools ────────────── v0.10.3
 Installed OrderedCollections ─────────── v1.1.0
 Installed Parameters ─────────────────── v0.12.0
 Installed LineSearches ───────────────── v7.0.1
 Installed MuladdMacro ────────────────── v0.2.2
 Installed NLsolve ────────────────────── v4.3.0
 Installed CommonSubexpressions ───────── v0.2.0
 Installed DocStringExtensions ────────── v0.8.1
 Installed OpenSpecFun_jll ────────────── v0.5.3+3
 Installed TreeViews ──────────────────── v0.3.0
 Installed IterativeSolvers ───────────── v0.8.2
  Updating `~/.julia/environments/v1.3/Project.toml`
  [459566f4] + DiffEqCallbacks v2.9.0
  Updating `~/.julia/environments/v1.3/Manifest.toml`
  [79e6a3ab] + Adapt v1.0.1
  [ec485272] + ArnoldiMethod v0.0.4
  [4fba245c] + ArrayInterface v1.2.1
  [bbf7d656] + CommonSubexpressions v0.2.0
  [34da2185] + Compat v3.8.0
  [e66e0078] + CompilerSupportLibraries_jll v0.2.0+1
  [864edb3b] + DataStructures v0.17.10
  [2b5f629d] + DiffEqBase v6.4.2
  [459566f4] + DiffEqCallbacks v2.9.0
  [01453d9d] + DiffEqDiffTools v1.7.0
  [163ba53b] + DiffResults v1.0.2
  [b552c78f] + DiffRules v1.0.1
  [b4f34e82] + Distances v0.8.2
  [ffbed154] + DocStringExtensions v0.8.1
  [d4d017d3] + ExponentialUtilities v1.6.0
  [6a86dc24] + FiniteDiff v2.2.1
  [f6369f11] + ForwardDiff v0.10.9
  [069b7b12] + FunctionWrappers v1.1.1
  [01680d73] + GenericSVD v0.2.2
  [d25df0c9] + Inflate v0.1.1
  [42fd0dbc] + IterativeSolvers v0.8.2
  [82899510] + IteratorInterfaceExtensions v1.0.0
  [093fc24a] + LightGraphs v1.3.1
  [d3d80556] + LineSearches v7.0.1
  [1914dd2f] + MacroTools v0.5.4
  [46d2c3a1] + MuladdMacro v0.2.2
  [d41bc354] + NLSolversBase v7.6.1
  [2774e3e8] + NLsolve v4.3.0
  [77ba4419] + NaNMath v0.3.3
  [efe28fd5] + OpenSpecFun_jll v0.5.3+3
  [bac558e1] + OrderedCollections v1.1.0
  [1dea7af3] + OrdinaryDiffEq v5.23.0
  [d96e819e] + Parameters v0.12.0
  [3cdcf5f2] + RecipesBase v0.6.0
  [731186ca] + RecursiveArrayTools v1.0.2
  [f2c3362d] + RecursiveFactorization v0.1.0
  [189a3867] + Reexport v0.2.0
  [ae029012] + Requires v0.5.2
  [f2b01f46] + Roots v0.8.4
  [699a6c99] + SimpleTraits v0.9.1
  [47a9eef4] + SparseDiffTools v0.10.3
  [276daf66] + SpecialFunctions v0.10.0
  [90137ffa] + StaticArrays v0.12.1
  [3783bdb8] + TableTraits v1.0.0
  [a2a6695c] + TreeViews v0.3.0
  [19fa3120] + VertexSafeGraphs v0.1.1
  [2a0f44e3] + Base64 
  [ade2ca70] + Dates 
  [8bb1440f] + DelimitedFiles 
  [8ba89e20] + Distributed 
  [b77e0a4c] + InteractiveUtils 
  [76f85450] + LibGit2 
  [8f399da3] + Libdl 
  [37e2e46d] + LinearAlgebra 
  [56ddb016] + Logging 
  [d6f4376e] + Markdown 
  [a63ad114] + Mmap 
  [44cfe95a] + Pkg 
  [de0858da] + Printf 
  [3fa0cd96] + REPL 
  [9a3f8284] + Random 
  [ea8e919c] + SHA 
  [9e88b42a] + Serialization 
  [1a1011a3] + SharedArrays 
  [6462fe0b] + Sockets 
  [2f01184e] + SparseArrays 
  [10745b16] + Statistics 
  [4607b0f0] + SuiteSparse 
  [8dfed614] + Test 
  [cf7118a7] + UUIDs 
  [4ec0a83e] + Unicode 
   Testing DiffEqCallbacks
 Resolving package versions...
 Installed PrettyPrint ───────────── v0.1.0
 Installed NameResolution ────────── v0.1.3
 Installed BlockArrays ───────────── v0.11.1
 Installed ModelingToolkit ───────── v1.2.10
 Installed DiffEqProblemLibrary ──── v4.6.4
 Installed DiffEqOperators ───────── v4.8.1
 Installed Latexify ──────────────── v0.12.3
 Installed SymEngine ─────────────── v0.7.1
 Installed MLStyle ───────────────── v0.3.1
 Installed ElasticArrays ─────────── v1.0.0
 Installed NNlib ─────────────────── v0.6.6
 Installed MixedSubdivisions ─────── v1.0.0
 Installed FillArrays ────────────── v0.8.5
 Installed DataAPI ───────────────── v1.1.0
 Installed ProgressMeter ─────────── v1.2.0
 Installed HomotopyContinuation ──── v1.4.1
 Installed Quadmath ──────────────── v0.5.2
 Installed MatrixFactorizations ──── v0.2.1
 Installed DataValueInterfaces ───── v1.0.0
 Installed GenericSchur ──────────── v0.4.0
 Installed DiffEqBiological ──────── v4.0.2
 Installed JuliaVariables ────────── v0.2.0
 Installed DiffEqJump ────────────── v6.2.2
 Installed ArrayLayouts ──────────── v0.1.5
 Installed DoubleFloats ──────────── v1.1.6
 Installed FixedPolynomials ──────── v0.4.0
 Installed MutableArithmetics ────── v0.2.7
 Installed RandomNumbers ─────────── v1.4.0
 Installed ProjectiveVectors ─────── v1.1.2
 Installed StaticPolynomials ─────── v1.3.3
 Installed Crayons ───────────────── v4.0.1
 Installed MultivariatePolynomials ─ v0.3.6
 Installed BlockBandedMatrices ───── v0.7.1
 Installed Formatting ────────────── v0.4.1
 Installed Tables ────────────────── v1.0.3
 Installed BandedMatrices ────────── v0.14.3
 Installed DynamicPolynomials ────── v0.3.9
 Installed CanonicalTraits ───────── v0.1.0
 Installed LaTeXStrings ──────────── v1.1.0
 Installed BinaryProvider ────────── v0.5.8
 Installed GeneralizedGenerated ──── v0.2.1
 Installed LazyArrays ────────────── v0.15.0
 Installed Polynomials ───────────── v0.5.3
 Installed PoissonRandom ─────────── v0.4.0
 Installed PrettyTables ──────────── v0.8.4
  Building SymEngine → `~/.julia/packages/SymEngine/RK5Ks/deps/build.log`
  Building NNlib ────→ `~/.julia/packages/NNlib/FAI3o/deps/build.log`
    Status `/tmp/jl_pjY9OD/Manifest.toml`
  [79e6a3ab] Adapt v1.0.1
  [ec485272] ArnoldiMethod v0.0.4
  [4fba245c] ArrayInterface v1.2.1
  [4c555306] ArrayLayouts v0.1.5
  [aae01518] BandedMatrices v0.14.3
  [b99e7846] BinaryProvider v0.5.8
  [8e7c35d0] BlockArrays v0.11.1
  [ffab5731] BlockBandedMatrices v0.7.1
  [a603d957] CanonicalTraits v0.1.0
  [bbf7d656] CommonSubexpressions v0.2.0
  [34da2185] Compat v3.8.0
  [e66e0078] CompilerSupportLibraries_jll v0.2.0+1
  [a8cc5b0e] Crayons v4.0.1
  [9a962f9c] DataAPI v1.1.0
  [864edb3b] DataStructures v0.17.10
  [e2d170a0] DataValueInterfaces v1.0.0
  [2b5f629d] DiffEqBase v6.4.2
  [eb300fae] DiffEqBiological v4.0.2
  [459566f4] DiffEqCallbacks v2.9.0
  [01453d9d] DiffEqDiffTools v1.7.0
  [c894b116] DiffEqJump v6.2.2
  [9fdde737] DiffEqOperators v4.8.1
  [a077e3f3] DiffEqProblemLibrary v4.6.4
  [163ba53b] DiffResults v1.0.2
  [b552c78f] DiffRules v1.0.1
  [b4f34e82] Distances v0.8.2
  [ffbed154] DocStringExtensions v0.8.1
  [497a8b3b] DoubleFloats v1.1.6
  [7c1d4256] DynamicPolynomials v0.3.9
  [fdbdab4c] ElasticArrays v1.0.0
  [d4d017d3] ExponentialUtilities v1.6.0
  [1a297f60] FillArrays v0.8.5
  [6a86dc24] FiniteDiff v2.2.1
  [3dd14ad9] FixedPolynomials v0.4.0
  [59287772] Formatting v0.4.1
  [f6369f11] ForwardDiff v0.10.9
  [069b7b12] FunctionWrappers v1.1.1
  [6b9d7cbe] GeneralizedGenerated v0.2.1
  [01680d73] GenericSVD v0.2.2
  [c145ed77] GenericSchur v0.4.0
  [f213a82b] HomotopyContinuation v1.4.1
  [d25df0c9] Inflate v0.1.1
  [42fd0dbc] IterativeSolvers v0.8.2
  [82899510] IteratorInterfaceExtensions v1.0.0
  [b14d175d] JuliaVariables v0.2.0
  [b964fa9f] LaTeXStrings v1.1.0
  [23fbe1c1] Latexify v0.12.3
  [5078a376] LazyArrays v0.15.0
  [093fc24a] LightGraphs v1.3.1
  [d3d80556] LineSearches v7.0.1
  [d8e11817] MLStyle v0.3.1
  [1914dd2f] MacroTools v0.5.4
  [a3b82374] MatrixFactorizations v0.2.1
  [291d046c] MixedSubdivisions v1.0.0
  [961ee093] ModelingToolkit v1.2.10
  [46d2c3a1] MuladdMacro v0.2.2
  [102ac46a] MultivariatePolynomials v0.3.6
  [d8a4904e] MutableArithmetics v0.2.7
  [d41bc354] NLSolversBase v7.6.1
  [2774e3e8] NLsolve v4.3.0
  [872c559c] NNlib v0.6.6
  [77ba4419] NaNMath v0.3.3
  [71a1bf82] NameResolution v0.1.3
  [efe28fd5] OpenSpecFun_jll v0.5.3+3
  [bac558e1] OrderedCollections v1.1.0
  [1dea7af3] OrdinaryDiffEq v5.23.0
  [d96e819e] Parameters v0.12.0
  [e409e4f3] PoissonRandom v0.4.0
  [f27b6e38] Polynomials v0.5.3
  [8162dcfd] PrettyPrint v0.1.0
  [08abe8d2] PrettyTables v0.8.4
  [92933f4c] ProgressMeter v1.2.0
  [01f381cc] ProjectiveVectors v1.1.2
  [be4d8f0f] Quadmath v0.5.2
  [e6cf234a] RandomNumbers v1.4.0
  [3cdcf5f2] RecipesBase v0.6.0
  [731186ca] RecursiveArrayTools v1.0.2
  [f2c3362d] RecursiveFactorization v0.1.0
  [189a3867] Reexport v0.2.0
  [ae029012] Requires v0.5.2
  [f2b01f46] Roots v0.8.4
  [699a6c99] SimpleTraits v0.9.1
  [47a9eef4] SparseDiffTools v0.10.3
  [276daf66] SpecialFunctions v0.10.0
  [90137ffa] StaticArrays v0.12.1
  [62e018b1] StaticPolynomials v1.3.3
  [123dc426] SymEngine v0.7.1
  [3783bdb8] TableTraits v1.0.0
  [bd369af6] Tables v1.0.3
  [a2a6695c] TreeViews v0.3.0
  [19fa3120] VertexSafeGraphs v0.1.1
  [2a0f44e3] Base64  [`@stdlib/Base64`]
  [ade2ca70] Dates  [`@stdlib/Dates`]
  [8bb1440f] DelimitedFiles  [`@stdlib/DelimitedFiles`]
  [8ba89e20] Distributed  [`@stdlib/Distributed`]
  [9fa8497b] Future  [`@stdlib/Future`]
  [b77e0a4c] InteractiveUtils  [`@stdlib/InteractiveUtils`]
  [76f85450] LibGit2  [`@stdlib/LibGit2`]
  [8f399da3] Libdl  [`@stdlib/Libdl`]
  [37e2e46d] LinearAlgebra  [`@stdlib/LinearAlgebra`]
  [56ddb016] Logging  [`@stdlib/Logging`]
  [d6f4376e] Markdown  [`@stdlib/Markdown`]
  [a63ad114] Mmap  [`@stdlib/Mmap`]
  [44cfe95a] Pkg  [`@stdlib/Pkg`]
  [de0858da] Printf  [`@stdlib/Printf`]
  [3fa0cd96] REPL  [`@stdlib/REPL`]
  [9a3f8284] Random  [`@stdlib/Random`]
  [ea8e919c] SHA  [`@stdlib/SHA`]
  [9e88b42a] Serialization  [`@stdlib/Serialization`]
  [1a1011a3] SharedArrays  [`@stdlib/SharedArrays`]
  [6462fe0b] Sockets  [`@stdlib/Sockets`]
  [2f01184e] SparseArrays  [`@stdlib/SparseArrays`]
  [10745b16] Statistics  [`@stdlib/Statistics`]
  [4607b0f0] SuiteSparse  [`@stdlib/SuiteSparse`]
  [8dfed614] Test  [`@stdlib/Test`]
  [cf7118a7] UUIDs  [`@stdlib/UUIDs`]
  [4ec0a83e] Unicode  [`@stdlib/Unicode`]
WARNING: Compat.TypeUtils is deprecated, call the respective Base functions directly
  likely near /home/pkgeval/.julia/packages/DiffEqBase/4V8I6/src/utils.jl:71
WARNING: TypeUtils.typename is deprecated, use Base.typename instead.
  likely near /home/pkgeval/.julia/packages/DiffEqBase/4V8I6/src/utils.jl:71
WARNING: importing deprecated binding TypeUtils.typename into DiffEqBase.
WARNING: Compat.TypeUtils is deprecated, call the respective Base functions directly
  likely near /home/pkgeval/.julia/packages/DiffEqCallbacks/Nmwpx/src/DiffEqCallbacks.jl:5
WARNING: Method definition vec(Number) in module DiffEqDiffTools at /home/pkgeval/.julia/packages/DiffEqDiffTools/3mm8U/src/jacobians.jl:114 overwritten in module FiniteDiff at /home/pkgeval/.julia/packages/FiniteDiff/IZ61j/src/jacobians.jl:128.
  ** incremental compilation may be fatally broken for this module **

WARNING: Compat.TypeUtils is deprecated, call the respective Base functions directly
  likely near /home/pkgeval/.julia/packages/OrdinaryDiffEq/ROQW3/src/OrdinaryDiffEq.jl:4
WARNING: Compat.TypeUtils is deprecated, call the respective Base functions directly
  likely near /home/pkgeval/.julia/packages/DiffEqCallbacks/Nmwpx/test/runtests.jl:1
WARNING: Compat.TypeUtils is deprecated, call the respective Base functions directly
  likely near /home/pkgeval/.julia/packages/DiffEqOperators/Ofi7B/src/DiffEqOperators.jl:4
WARNING: Compat.TypeUtils is deprecated, call the respective Base functions directly
  likely near /home/pkgeval/.julia/packages/ModelingToolkit/clAq4/src/ModelingToolkit.jl:11
WARNING: TypeUtils.typename is deprecated, use Base.typename instead.
  likely near /home/pkgeval/.julia/packages/DiffEqCallbacks/Nmwpx/test/autoabstol_tests.jl:10
WARNING: TypeUtils.typename is deprecated, use Base.typename instead.
  likely near /home/pkgeval/.julia/packages/DiffEqCallbacks/Nmwpx/test/autoabstol_tests.jl:10
WARNING: TypeUtils.typename is deprecated, use Base.typename instead.
  likely near /home/pkgeval/.julia/packages/DiffEqCallbacks/Nmwpx/test/autoabstol_tests.jl:10
WARNING: TypeUtils.typename is deprecated, use Base.typename instead.
  likely near /home/pkgeval/.julia/packages/DiffEqCallbacks/Nmwpx/test/autoabstol_tests.jl:10
WARNING: TypeUtils.typename is deprecated, use Base.typename instead.
  likely near /home/pkgeval/.julia/packages/DiffEqCallbacks/Nmwpx/test/autoabstol_tests.jl:10
WARNING: TypeUtils.typename is deprecated, use Base.typename instead.
  likely near /home/pkgeval/.julia/packages/DiffEqCallbacks/Nmwpx/test/autoabstol_tests.jl:10
WARNING: TypeUtils.typename is deprecated, use Base.typename instead.
  likely near /home/pkgeval/.julia/packages/DiffEqCallbacks/Nmwpx/test/autoabstol_tests.jl:10
WARNING: TypeUtils.typename is deprecated, use Base.typename instead.
  likely near /home/pkgeval/.julia/packages/DiffEqCallbacks/Nmwpx/test/autoabstol_tests.jl:10
WARNING: TypeUtils.typename is deprecated, use Base.typename instead.
  likely near /home/pkgeval/.julia/packages/DiffEqCallbacks/Nmwpx/test/autoabstol_tests.jl:10
in parameterless_type at /home/pkgeval/.julia/packages/DiffEqBase/4V8I6/src/utils.jl
Test Summary: | Pass  Total
AutoAbstol    |    7      7
287.934134 seconds (138.99 M allocations: 6.941 GiB, 1.67% gc time)
Test Summary:              | Pass  Total
TerminateSteadyState tests |    4      4
 12.949088 seconds (16.10 M allocations: 782.620 MiB, 8.73% gc time)
Test Summary:         | Pass  Total
StepsizeLimiter tests |    8      8
  9.524848 seconds (7.75 M allocations: 393.278 MiB, 2.63% gc time)
Test Summary:          | Pass  Total
Function Calling tests |    3      3
  7.327421 seconds (5.34 M allocations: 270.997 MiB, 2.38% gc time)

SavedValues{tType=Float64, savevalType=Float64}
t:
[0.0, 0.09964258706516003, 0.3457024247583422, 0.6776921908052249, 1.0]
saveval:
[0.5, 0.552938681151017, 0.7089376245893467, 0.9913594502399238, 1.3728004409033037]
Test Summary: | Pass  Total
Saving tests  |   18     18
 35.419177 seconds (28.98 M allocations: 1.301 GiB, 2.86% gc time)
Test Summary:    | Pass  Total
PresetTime tests |    5      5
  7.275022 seconds (5.87 M allocations: 287.904 MiB, 2.88% gc time)
Test Summary:   |
Iterative tests | No tests
  2.610120 seconds (1.74 M allocations: 89.734 MiB, 3.89% gc time)
Test Summary:  | Pass  Total
Periodic tests |   10     10
  4.528737 seconds (3.25 M allocations: 161.896 MiB, 3.73% gc time)
  0.026182 seconds (27.80 k allocations: 1.849 MiB)
  0.026783 seconds (27.89 k allocations: 1.851 MiB)
Manifold tests: Error During Test at /home/pkgeval/.julia/packages/DiffEqCallbacks/Nmwpx/test/runtests.jl:14
  Got exception outside of a @test
  LoadError: UndefVarError: NLSOLVEJL_SETUP not defined
  Stacktrace:
   [1] getproperty(::Module, ::Symbol) at ./Base.jl:13
   [2] top-level scope at /home/pkgeval/.julia/packages/DiffEqCallbacks/Nmwpx/test/manifold_tests.jl:38
   [3] include at ./boot.jl:328 [inlined]
   [4] include_relative(::Module, ::String) at ./loading.jl:1105
   [5] include(::Module, ::String) at ./Base.jl:31
   [6] include(::String) at ./client.jl:424
   [7] top-level scope at /home/pkgeval/.julia/packages/DiffEqCallbacks/Nmwpx/test/runtests.jl:14
   [8] top-level scope at /buildworker/worker/package_linux64/build/usr/share/julia/stdlib/v1.3/Test/src/Test.jl:1107
   [9] top-level scope at /home/pkgeval/.julia/packages/DiffEqCallbacks/Nmwpx/test/runtests.jl:14
   [10] top-level scope at util.jl:155
   [11] top-level scope at /home/pkgeval/.julia/packages/DiffEqCallbacks/Nmwpx/test/runtests.jl:14
   [12] top-level scope at util.jl:155
   [13] include at ./boot.jl:328 [inlined]
   [14] include_relative(::Module, ::String) at ./loading.jl:1105
   [15] include(::Module, ::String) at ./Base.jl:31
   [16] include(::String) at ./client.jl:424
   [17] top-level scope at none:6
   [18] eval(::Module, ::Any) at ./boot.jl:330
   [19] exec_options(::Base.JLOptions) at ./client.jl:263
   [20] _start() at ./client.jl:460
  in expression starting at /home/pkgeval/.julia/packages/DiffEqCallbacks/Nmwpx/test/manifold_tests.jl:38
  
Test Summary:  | Pass  Error  Total
Manifold tests |    5      1      6
ERROR: LoadError: Some tests did not pass: 5 passed, 0 failed, 1 errored, 0 broken.
in expression starting at /home/pkgeval/.julia/packages/DiffEqCallbacks/Nmwpx/test/runtests.jl:5
ERROR: Package DiffEqCallbacks errored during testing
Stacktrace:
 [1] pkgerror(::String, ::Vararg{String,N} where N) at /buildworker/worker/package_linux64/build/usr/share/julia/stdlib/v1.3/Pkg/src/Types.jl:113
 [2] #test#131(::Bool, ::Nothing, ::Cmd, ::Cmd, ::typeof(Pkg.Operations.test), ::Pkg.Types.Context, ::Array{Pkg.Types.PackageSpec,1}) at /buildworker/worker/package_linux64/build/usr/share/julia/stdlib/v1.3/Pkg/src/Operations.jl:1372
 [3] #test at ./none:0 [inlined]
 [4] #test#62(::Bool, ::Nothing, ::Cmd, ::Cmd, ::Base.Iterators.Pairs{Union{},Union{},Tuple{},NamedTuple{(),Tuple{}}}, ::typeof(Pkg.API.test), ::Pkg.Types.Context, ::Array{Pkg.Types.PackageSpec,1}) at /buildworker/worker/package_linux64/build/usr/share/julia/stdlib/v1.3/Pkg/src/API.jl:253
 [5] test(::Pkg.Types.Context, ::Array{Pkg.Types.PackageSpec,1}) at /buildworker/worker/package_linux64/build/usr/share/julia/stdlib/v1.3/Pkg/src/API.jl:239
 [6] #test#61 at /buildworker/worker/package_linux64/build/usr/share/julia/stdlib/v1.3/Pkg/src/API.jl:233 [inlined]
 [7] test at /buildworker/worker/package_linux64/build/usr/share/julia/stdlib/v1.3/Pkg/src/API.jl:233 [inlined]
 [8] #test#60 at /buildworker/worker/package_linux64/build/usr/share/julia/stdlib/v1.3/Pkg/src/API.jl:232 [inlined]
 [9] test at /buildworker/worker/package_linux64/build/usr/share/julia/stdlib/v1.3/Pkg/src/API.jl:232 [inlined]
 [10] #test#59(::Base.Iterators.Pairs{Union{},Union{},Tuple{},NamedTuple{(),Tuple{}}}, ::typeof(Pkg.API.test), ::String) at /buildworker/worker/package_linux64/build/usr/share/julia/stdlib/v1.3/Pkg/src/API.jl:231
