Julia Version 1.3.1
Commit 2d5741174c (2019-12-30 21:36 UTC)
Platform Info:
  OS: Linux (x86_64-pc-linux-gnu)
  CPU: AMD Ryzen Threadripper 2990WX 32-Core Processor
  WORD_SIZE: 64
  LIBM: libopenlibm
  LLVM: libLLVM-6.0.1 (ORCJIT, znver1)
Environment:
  JULIA_DEPOT_PATH = ::/usr/local/share/julia
  JULIA_NUM_THREADS = 2

 Resolving package versions...
 Installed ArrayInterface ────────────── v0.1.1
 Installed Requires ──────────────────── v0.5.2
 Installed RecipesBase ───────────────── v0.7.0
 Installed DiffEqJump ────────────────── v6.2.2
 Installed FunctionWrappers ──────────── v1.1.1
 Installed StaticArrays ──────────────── v0.12.1
 Installed DataStructures ────────────── v0.17.10
 Installed Roots ─────────────────────── v0.8.4
 Installed IteratorInterfaceExtensions ─ v1.0.0
 Installed TableTraits ───────────────── v1.0.0
 Installed OrderedCollections ────────── v1.1.0
 Installed Parameters ────────────────── v0.12.0
 Installed Compat ────────────────────── v2.2.0
 Installed DiffEqBase ────────────────── v5.6.4
 Installed RecursiveArrayTools ───────── v0.20.0
 Installed RandomNumbers ─────────────── v1.4.0
 Installed TreeViews ─────────────────── v0.3.0
 Installed DocStringExtensions ───────── v0.8.1
 Installed PoissonRandom ─────────────── v0.4.0
  Updating `~/.julia/environments/v1.3/Project.toml`
  [c894b116] + DiffEqJump v6.2.2
  Updating `~/.julia/environments/v1.3/Manifest.toml`
  [4fba245c] + ArrayInterface v0.1.1
  [34da2185] + Compat v2.2.0
  [864edb3b] + DataStructures v0.17.10
  [2b5f629d] + DiffEqBase v5.6.4
  [c894b116] + DiffEqJump v6.2.2
  [ffbed154] + DocStringExtensions v0.8.1
  [069b7b12] + FunctionWrappers v1.1.1
  [82899510] + IteratorInterfaceExtensions v1.0.0
  [bac558e1] + OrderedCollections v1.1.0
  [d96e819e] + Parameters v0.12.0
  [e409e4f3] + PoissonRandom v0.4.0
  [e6cf234a] + RandomNumbers v1.4.0
  [3cdcf5f2] + RecipesBase v0.7.0
  [731186ca] + RecursiveArrayTools v0.20.0
  [ae029012] + Requires v0.5.2
  [f2b01f46] + Roots v0.8.4
  [90137ffa] + StaticArrays v0.12.1
  [3783bdb8] + TableTraits v1.0.0
  [a2a6695c] + TreeViews v0.3.0
  [2a0f44e3] + Base64 
  [ade2ca70] + Dates 
  [8bb1440f] + DelimitedFiles 
  [8ba89e20] + Distributed 
  [b77e0a4c] + InteractiveUtils 
  [76f85450] + LibGit2 
  [8f399da3] + Libdl 
  [37e2e46d] + LinearAlgebra 
  [56ddb016] + Logging 
  [d6f4376e] + Markdown 
  [a63ad114] + Mmap 
  [44cfe95a] + Pkg 
  [de0858da] + Printf 
  [3fa0cd96] + REPL 
  [9a3f8284] + Random 
  [ea8e919c] + SHA 
  [9e88b42a] + Serialization 
  [1a1011a3] + SharedArrays 
  [6462fe0b] + Sockets 
  [2f01184e] + SparseArrays 
  [10745b16] + Statistics 
  [4607b0f0] + SuiteSparse 
  [8dfed614] + Test 
  [cf7118a7] + UUIDs 
  [4ec0a83e] + Unicode 
   Testing DiffEqJump
 Resolving package versions...
 Installed NaNMath ───────────────── v0.3.3
 Installed DiffEqProblemLibrary ──── v4.4.0
 Installed DiffResults ───────────── v1.0.2
 Installed Rmath_jll ─────────────── v0.2.2+0
 Installed BlockArrays ───────────── v0.10.2
 Installed StochasticDiffEq ──────── v6.7.0
 Installed Distributions ─────────── v0.22.5
 Installed StatsFuns ─────────────── v0.9.4
 Installed DiffRules ─────────────── v0.1.0
 Installed ModelingToolkit ───────── v0.8.0
 Installed StatsBase ─────────────── v0.32.2
 Installed OrdinaryDiffEq ────────── v5.3.0
 Installed QuadGK ────────────────── v2.3.1
 Installed NameResolution ────────── v0.1.3
 Installed VertexSafeGraphs ──────── v0.1.1
 Installed PrettyPrint ───────────── v0.1.0
 Installed OpenBLAS_jll ──────────── v0.3.7+7
 Installed DiffEqOperators ───────── v3.5.0
 Installed MLStyle ───────────────── v0.3.1
 Installed NLSolversBase ─────────── v7.5.0
 Installed Latexify ──────────────── v0.12.3
 Installed ExponentialUtilities ──── v1.6.0
 Installed SymEngine ─────────────── v0.7.1
 Installed MacroTools ────────────── v0.5.4
 Installed LightGraphs ───────────── v1.3.1
 Installed ElasticArrays ─────────── v1.0.0
 Installed HomotopyContinuation ──── v1.4.1
 Installed MixedSubdivisions ─────── v1.0.0
 Installed DataAPI ───────────────── v1.1.0
 Installed FillArrays ────────────── v0.8.5
 Installed BinDeps ───────────────── v1.0.0
 Installed Quadmath ──────────────── v0.5.2
 Installed Arpack_jll ────────────── v3.5.0+2
 Installed ProgressMeter ─────────── v1.2.0
 Installed DiffEqBiological ──────── v3.9.1
 Installed GenericSchur ──────────── v0.4.0
 Installed MatrixFactorizations ──── v0.2.1
 Installed DataValueInterfaces ───── v1.0.0
 Installed Arpack ────────────────── v0.4.0
 Installed SimpleTraits ──────────── v0.9.1
 Installed JuliaVariables ────────── v0.2.0
 Installed FixedPolynomials ──────── v0.4.0
 Installed ArrayLayouts ──────────── v0.1.5
 Installed DoubleFloats ──────────── v1.1.6
 Installed Distances ─────────────── v0.8.2
 Installed MutableArithmetics ────── v0.2.7
 Installed ArnoldiMethod ─────────── v0.0.4
 Installed DiffEqDiffTools ───────── v0.14.0
 Installed SpecialFunctions ──────── v0.8.0
 Installed DiffEqNoiseProcess ────── v3.3.1
 Installed StaticPolynomials ─────── v1.3.3
 Installed ProjectiveVectors ─────── v1.1.2
 Installed GenericSVD ────────────── v0.2.2
 Installed ForwardDiff ───────────── v0.10.9
 Installed ResettableStacks ──────── v1.0.0
 Installed MultivariatePolynomials ─ v0.3.6
 Installed Inflate ───────────────── v0.1.1
 Installed Crayons ───────────────── v4.0.1
 Installed Rmath ─────────────────── v0.6.1
 Installed SortingAlgorithms ─────── v0.3.1
 Installed Formatting ────────────── v0.4.1
 Installed BlockBandedMatrices ───── v0.6.0
 Installed PDMats ────────────────── v0.9.12
 Installed Tables ────────────────── v1.0.3
 Installed Reexport ──────────────── v0.2.0
 Installed BandedMatrices ────────── v0.14.3
 Installed LineSearches ──────────── v7.0.1
 Installed NLsolve ───────────────── v4.3.0
 Installed SparseDiffTools ───────── v0.6.0
 Installed CanonicalTraits ───────── v0.1.0
 Installed DynamicPolynomials ────── v0.3.9
 Installed URIParser ─────────────── v0.4.0
 Installed BinaryProvider ────────── v0.5.8
 Installed CommonSubexpressions ──── v0.2.0
 Installed Missings ──────────────── v0.4.3
 Installed LaTeXStrings ──────────── v1.1.0
 Installed MuladdMacro ───────────── v0.2.2
 Installed Calculus ──────────────── v0.5.1
 Installed GeneralizedGenerated ──── v0.2.1
 Installed Polynomials ───────────── v0.6.1
 Installed PrettyTables ──────────── v0.8.4
  Building SpecialFunctions → `~/.julia/packages/SpecialFunctions/ne2iw/deps/build.log`
  Building SymEngine ───────→ `~/.julia/packages/SymEngine/RK5Ks/deps/build.log`
    Status `/tmp/jl_WdhToj/Manifest.toml`
  [ec485272] ArnoldiMethod v0.0.4
  [7d9fca2a] Arpack v0.4.0
  [68821587] Arpack_jll v3.5.0+2
  [4fba245c] ArrayInterface v0.1.1
  [4c555306] ArrayLayouts v0.1.5
  [aae01518] BandedMatrices v0.14.3
  [9e28174c] BinDeps v1.0.0
  [b99e7846] BinaryProvider v0.5.8
  [8e7c35d0] BlockArrays v0.10.2
  [ffab5731] BlockBandedMatrices v0.6.0
  [49dc2e85] Calculus v0.5.1
  [a603d957] CanonicalTraits v0.1.0
  [bbf7d656] CommonSubexpressions v0.2.0
  [34da2185] Compat v2.2.0
  [a8cc5b0e] Crayons v4.0.1
  [9a962f9c] DataAPI v1.1.0
  [864edb3b] DataStructures v0.17.10
  [e2d170a0] DataValueInterfaces v1.0.0
  [2b5f629d] DiffEqBase v5.6.4
  [eb300fae] DiffEqBiological v3.9.1
  [01453d9d] DiffEqDiffTools v0.14.0
  [c894b116] DiffEqJump v6.2.2
  [77a26b50] DiffEqNoiseProcess v3.3.1
  [9fdde737] DiffEqOperators v3.5.0
  [a077e3f3] DiffEqProblemLibrary v4.4.0
  [163ba53b] DiffResults v1.0.2
  [b552c78f] DiffRules v0.1.0
  [b4f34e82] Distances v0.8.2
  [31c24e10] Distributions v0.22.5
  [ffbed154] DocStringExtensions v0.8.1
  [497a8b3b] DoubleFloats v1.1.6
  [7c1d4256] DynamicPolynomials v0.3.9
  [fdbdab4c] ElasticArrays v1.0.0
  [d4d017d3] ExponentialUtilities v1.6.0
  [1a297f60] FillArrays v0.8.5
  [3dd14ad9] FixedPolynomials v0.4.0
  [59287772] Formatting v0.4.1
  [f6369f11] ForwardDiff v0.10.9
  [069b7b12] FunctionWrappers v1.1.1
  [6b9d7cbe] GeneralizedGenerated v0.2.1
  [01680d73] GenericSVD v0.2.2
  [c145ed77] GenericSchur v0.4.0
  [f213a82b] HomotopyContinuation v1.4.1
  [d25df0c9] Inflate v0.1.1
  [82899510] IteratorInterfaceExtensions v1.0.0
  [b14d175d] JuliaVariables v0.2.0
  [b964fa9f] LaTeXStrings v1.1.0
  [23fbe1c1] Latexify v0.12.3
  [093fc24a] LightGraphs v1.3.1
  [d3d80556] LineSearches v7.0.1
  [d8e11817] MLStyle v0.3.1
  [1914dd2f] MacroTools v0.5.4
  [a3b82374] MatrixFactorizations v0.2.1
  [e1d29d7a] Missings v0.4.3
  [291d046c] MixedSubdivisions v1.0.0
  [961ee093] ModelingToolkit v0.8.0
  [46d2c3a1] MuladdMacro v0.2.2
  [102ac46a] MultivariatePolynomials v0.3.6
  [d8a4904e] MutableArithmetics v0.2.7
  [d41bc354] NLSolversBase v7.5.0
  [2774e3e8] NLsolve v4.3.0
  [77ba4419] NaNMath v0.3.3
  [71a1bf82] NameResolution v0.1.3
  [4536629a] OpenBLAS_jll v0.3.7+7
  [bac558e1] OrderedCollections v1.1.0
  [1dea7af3] OrdinaryDiffEq v5.3.0
  [90014a1f] PDMats v0.9.12
  [d96e819e] Parameters v0.12.0
  [e409e4f3] PoissonRandom v0.4.0
  [f27b6e38] Polynomials v0.6.1
  [8162dcfd] PrettyPrint v0.1.0
  [08abe8d2] PrettyTables v0.8.4
  [92933f4c] ProgressMeter v1.2.0
  [01f381cc] ProjectiveVectors v1.1.2
  [1fd47b50] QuadGK v2.3.1
  [be4d8f0f] Quadmath v0.5.2
  [e6cf234a] RandomNumbers v1.4.0
  [3cdcf5f2] RecipesBase v0.7.0
  [731186ca] RecursiveArrayTools v0.20.0
  [189a3867] Reexport v0.2.0
  [ae029012] Requires v0.5.2
  [ae5879a3] ResettableStacks v1.0.0
  [79098fc4] Rmath v0.6.1
  [f50d1b31] Rmath_jll v0.2.2+0
  [f2b01f46] Roots v0.8.4
  [699a6c99] SimpleTraits v0.9.1
  [a2af1166] SortingAlgorithms v0.3.1
  [47a9eef4] SparseDiffTools v0.6.0
  [276daf66] SpecialFunctions v0.8.0
  [90137ffa] StaticArrays v0.12.1
  [62e018b1] StaticPolynomials v1.3.3
  [2913bbd2] StatsBase v0.32.2
  [4c63d2b9] StatsFuns v0.9.4
  [789caeaf] StochasticDiffEq v6.7.0
  [123dc426] SymEngine v0.7.1
  [3783bdb8] TableTraits v1.0.0
  [bd369af6] Tables v1.0.3
  [a2a6695c] TreeViews v0.3.0
  [30578b45] URIParser v0.4.0
  [19fa3120] VertexSafeGraphs v0.1.1
  [2a0f44e3] Base64  [`@stdlib/Base64`]
  [ade2ca70] Dates  [`@stdlib/Dates`]
  [8bb1440f] DelimitedFiles  [`@stdlib/DelimitedFiles`]
  [8ba89e20] Distributed  [`@stdlib/Distributed`]
  [9fa8497b] Future  [`@stdlib/Future`]
  [b77e0a4c] InteractiveUtils  [`@stdlib/InteractiveUtils`]
  [76f85450] LibGit2  [`@stdlib/LibGit2`]
  [8f399da3] Libdl  [`@stdlib/Libdl`]
  [37e2e46d] LinearAlgebra  [`@stdlib/LinearAlgebra`]
  [56ddb016] Logging  [`@stdlib/Logging`]
  [d6f4376e] Markdown  [`@stdlib/Markdown`]
  [a63ad114] Mmap  [`@stdlib/Mmap`]
  [44cfe95a] Pkg  [`@stdlib/Pkg`]
  [de0858da] Printf  [`@stdlib/Printf`]
  [3fa0cd96] REPL  [`@stdlib/REPL`]
  [9a3f8284] Random  [`@stdlib/Random`]
  [ea8e919c] SHA  [`@stdlib/SHA`]
  [9e88b42a] Serialization  [`@stdlib/Serialization`]
  [1a1011a3] SharedArrays  [`@stdlib/SharedArrays`]
  [6462fe0b] Sockets  [`@stdlib/Sockets`]
  [2f01184e] SparseArrays  [`@stdlib/SparseArrays`]
  [10745b16] Statistics  [`@stdlib/Statistics`]
  [4607b0f0] SuiteSparse  [`@stdlib/SuiteSparse`]
  [8dfed614] Test  [`@stdlib/Test`]
  [cf7118a7] UUIDs  [`@stdlib/UUIDs`]
  [4ec0a83e] Unicode  [`@stdlib/Unicode`]
Constant Rate Tests: Error During Test at /home/pkgeval/.julia/packages/DiffEqJump/HSO5d/test/runtests.jl:4
  Got exception outside of a @test
  LoadError: ArgumentError: Package Statistics not found in current path:
  - Run `import Pkg; Pkg.add("Statistics")` to install the Statistics package.
  
  Stacktrace:
   [1] require(::Module, ::Symbol) at ./loading.jl:887
   [2] include at ./boot.jl:328 [inlined]
   [3] include_relative(::Module, ::String) at ./loading.jl:1105
   [4] include(::Module, ::String) at ./Base.jl:31
   [5] include(::String) at ./client.jl:424
   [6] top-level scope at /home/pkgeval/.julia/packages/DiffEqJump/HSO5d/test/runtests.jl:4
   [7] top-level scope at /buildworker/worker/package_linux64/build/usr/share/julia/stdlib/v1.3/Test/src/Test.jl:1107
   [8] top-level scope at /home/pkgeval/.julia/packages/DiffEqJump/HSO5d/test/runtests.jl:4
   [9] top-level scope at util.jl:155
   [10] top-level scope at /home/pkgeval/.julia/packages/DiffEqJump/HSO5d/test/runtests.jl:4
   [11] top-level scope at util.jl:155
   [12] include at ./boot.jl:328 [inlined]
   [13] include_relative(::Module, ::String) at ./loading.jl:1105
   [14] include(::Module, ::String) at ./Base.jl:31
   [15] include(::String) at ./client.jl:424
   [16] top-level scope at none:6
   [17] eval(::Module, ::Any) at ./boot.jl:330
   [18] exec_options(::Base.JLOptions) at ./client.jl:263
   [19] _start() at ./client.jl:460
  in expression starting at /home/pkgeval/.julia/packages/DiffEqJump/HSO5d/test/constant_rate.jl:1
  
Test Summary:       | Error  Total
Constant Rate Tests |     1      1
ERROR: LoadError: Some tests did not pass: 0 passed, 0 failed, 1 errored, 0 broken.
in expression starting at /home/pkgeval/.julia/packages/DiffEqJump/HSO5d/test/runtests.jl:3
ERROR: Package DiffEqJump errored during testing
Stacktrace:
 [1] pkgerror(::String, ::Vararg{String,N} where N) at /buildworker/worker/package_linux64/build/usr/share/julia/stdlib/v1.3/Pkg/src/Types.jl:113
 [2] #test#131(::Bool, ::Nothing, ::Cmd, ::Cmd, ::typeof(Pkg.Operations.test), ::Pkg.Types.Context, ::Array{Pkg.Types.PackageSpec,1}) at /buildworker/worker/package_linux64/build/usr/share/julia/stdlib/v1.3/Pkg/src/Operations.jl:1372
 [3] #test at ./none:0 [inlined]
 [4] #test#62(::Bool, ::Nothing, ::Cmd, ::Cmd, ::Base.Iterators.Pairs{Union{},Union{},Tuple{},NamedTuple{(),Tuple{}}}, ::typeof(Pkg.API.test), ::Pkg.Types.Context, ::Array{Pkg.Types.PackageSpec,1}) at /buildworker/worker/package_linux64/build/usr/share/julia/stdlib/v1.3/Pkg/src/API.jl:253
 [5] test(::Pkg.Types.Context, ::Array{Pkg.Types.PackageSpec,1}) at /buildworker/worker/package_linux64/build/usr/share/julia/stdlib/v1.3/Pkg/src/API.jl:239
 [6] #test#61 at /buildworker/worker/package_linux64/build/usr/share/julia/stdlib/v1.3/Pkg/src/API.jl:233 [inlined]
 [7] test at /buildworker/worker/package_linux64/build/usr/share/julia/stdlib/v1.3/Pkg/src/API.jl:233 [inlined]
 [8] #test#60 at /buildworker/worker/package_linux64/build/usr/share/julia/stdlib/v1.3/Pkg/src/API.jl:232 [inlined]
 [9] test at /buildworker/worker/package_linux64/build/usr/share/julia/stdlib/v1.3/Pkg/src/API.jl:232 [inlined]
 [10] #test#59(::Base.Iterators.Pairs{Union{},Union{},Tuple{},NamedTuple{(),Tuple{}}}, ::typeof(Pkg.API.test), ::String) at /buildworker/worker/package_linux64/build/usr/share/julia/stdlib/v1.3/Pkg/src/API.jl:231
 [11] test(::String) at /buildworker/worker/package_linux64/build/usr/share/julia/stdlib/v1.3/Pkg/src/API.jl:231
 [12] top-level scope at none:13
