Julia Version 1.4.0
Commit b8e9a9ecc6 (2020-03-21 16:36 UTC)
Platform Info:
  OS: Linux (x86_64-pc-linux-gnu)
  CPU: AMD Ryzen Threadripper 2990WX 32-Core Processor
  WORD_SIZE: 64
  LIBM: libopenlibm
  LLVM: libLLVM-8.0.1 (ORCJIT, znver1)
Environment:
  JULIA_DEPOT_PATH = ::/usr/local/share/julia
  JULIA_NUM_THREADS = 2

  Resolving package versions...
  Installed PrettyPrint ────────────────── v0.1.0
  Installed NaNMath ────────────────────── v0.3.3
  Installed ZygoteRules ────────────────── v0.2.0
  Installed Requires ───────────────────── v1.0.1
  Installed JuliaVariables ─────────────── v0.2.0
  Installed IteratorInterfaceExtensions ── v1.0.0
  Installed SpecialFunctions ───────────── v0.10.0
  Installed DiffEqOperators ────────────── v4.8.1
  Installed LeftChildRightSiblingTrees ─── v0.1.2
  Installed NameResolution ─────────────── v0.1.3
  Installed RecipesBase ────────────────── v0.8.0
  Installed OrderedCollections ─────────── v1.1.0
  Installed LaTeXStrings ───────────────── v1.1.0
  Installed NNlib ──────────────────────── v0.6.6
  Installed IterativeSolvers ───────────── v0.8.3
  Installed ConsoleProgressMonitor ─────── v0.1.2
  Installed Roots ──────────────────────── v1.0.1
  Installed MuladdMacro ────────────────── v0.2.2
  Installed TreeViews ──────────────────── v0.3.0
  Installed FillArrays ─────────────────── v0.8.6
  Installed ChainRulesCore ─────────────── v0.7.1
  Installed ArrayInterface ─────────────── v2.6.2
  Installed DiffRules ──────────────────── v1.0.1
  Installed BlockBandedMatrices ────────── v0.7.2
  Installed AbstractTrees ──────────────── v0.3.2
  Installed MLStyle ────────────────────── v0.3.1
  Installed MacroTools ─────────────────── v0.5.5
  Installed TerminalLoggers ────────────── v0.1.1
  Installed ProgressLogging ────────────── v0.1.2
  Installed DiffResults ────────────────── v1.0.2
  Installed LazyArrays ─────────────────── v0.15.1
  Installed ForwardDiff ────────────────── v0.10.10
  Installed GeneralizedGenerated ───────── v0.2.2
  Installed DiffEqBase ─────────────────── v6.25.1
  Installed BandedMatrices ─────────────── v0.14.3
  Installed CanonicalTraits ────────────── v0.2.1
  Installed MatrixFactorizations ───────── v0.3.0
  Installed FunctionWrappers ───────────── v1.1.1
  Installed RecursiveFactorization ─────── v0.1.0
  Installed Latexify ───────────────────── v0.13.0
  Installed LoggingExtras ──────────────── v0.4.0
  Installed ArrayLayouts ───────────────── v0.1.5
  Installed DocStringExtensions ────────── v0.8.1
  Installed CommonSubexpressions ───────── v0.2.0
  Installed Formatting ─────────────────── v0.4.1
  Installed ModelingToolkit ────────────── v1.4.2
  Installed CompilerSupportLibraries_jll ─ v0.3.3+0
  Installed BinaryProvider ─────────────── v0.5.8
  Installed Parameters ─────────────────── v0.12.0
  Installed DataStructures ─────────────── v0.17.11
  Installed StaticArrays ───────────────── v0.12.1
  Installed OpenSpecFun_jll ────────────── v0.5.3+3
  Installed ProgressMeter ──────────────── v1.2.0
  Installed TableTraits ────────────────── v1.0.0
  Installed RecursiveArrayTools ────────── v2.1.2
  Installed BlockArrays ────────────────── v0.11.2
   Updating `~/.julia/environments/v1.4/Project.toml`
  [9fdde737] + DiffEqOperators v4.8.1
   Updating `~/.julia/environments/v1.4/Manifest.toml`
  [1520ce14] + AbstractTrees v0.3.2
  [4fba245c] + ArrayInterface v2.6.2
  [4c555306] + ArrayLayouts v0.1.5
  [aae01518] + BandedMatrices v0.14.3
  [b99e7846] + BinaryProvider v0.5.8
  [8e7c35d0] + BlockArrays v0.11.2
  [ffab5731] + BlockBandedMatrices v0.7.2
  [a603d957] + CanonicalTraits v0.2.1
  [d360d2e6] + ChainRulesCore v0.7.1
  [bbf7d656] + CommonSubexpressions v0.2.0
  [e66e0078] + CompilerSupportLibraries_jll v0.3.3+0
  [88cd18e8] + ConsoleProgressMonitor v0.1.2
  [864edb3b] + DataStructures v0.17.11
  [2b5f629d] + DiffEqBase v6.25.1
  [9fdde737] + DiffEqOperators v4.8.1
  [163ba53b] + DiffResults v1.0.2
  [b552c78f] + DiffRules v1.0.1
  [ffbed154] + DocStringExtensions v0.8.1
  [1a297f60] + FillArrays v0.8.6
  [59287772] + Formatting v0.4.1
  [f6369f11] + ForwardDiff v0.10.10
  [069b7b12] + FunctionWrappers v1.1.1
  [6b9d7cbe] + GeneralizedGenerated v0.2.2
  [42fd0dbc] + IterativeSolvers v0.8.3
  [82899510] + IteratorInterfaceExtensions v1.0.0
  [b14d175d] + JuliaVariables v0.2.0
  [b964fa9f] + LaTeXStrings v1.1.0
  [23fbe1c1] + Latexify v0.13.0
  [5078a376] + LazyArrays v0.15.1
  [1d6d02ad] + LeftChildRightSiblingTrees v0.1.2
  [e6f89c97] + LoggingExtras v0.4.0
  [d8e11817] + MLStyle v0.3.1
  [1914dd2f] + MacroTools v0.5.5
  [a3b82374] + MatrixFactorizations v0.3.0
  [961ee093] + ModelingToolkit v1.4.2
  [46d2c3a1] + MuladdMacro v0.2.2
  [872c559c] + NNlib v0.6.6
  [77ba4419] + NaNMath v0.3.3
  [71a1bf82] + NameResolution v0.1.3
  [efe28fd5] + OpenSpecFun_jll v0.5.3+3
  [bac558e1] + OrderedCollections v1.1.0
  [d96e819e] + Parameters v0.12.0
  [8162dcfd] + PrettyPrint v0.1.0
  [33c8b6b6] + ProgressLogging v0.1.2
  [92933f4c] + ProgressMeter v1.2.0
  [3cdcf5f2] + RecipesBase v0.8.0
  [731186ca] + RecursiveArrayTools v2.1.2
  [f2c3362d] + RecursiveFactorization v0.1.0
  [ae029012] + Requires v1.0.1
  [f2b01f46] + Roots v1.0.1
  [276daf66] + SpecialFunctions v0.10.0
  [90137ffa] + StaticArrays v0.12.1
  [3783bdb8] + TableTraits v1.0.0
  [5d786b92] + TerminalLoggers v0.1.1
  [a2a6695c] + TreeViews v0.3.0
  [700de1a5] + ZygoteRules v0.2.0
  [2a0f44e3] + Base64 
  [ade2ca70] + Dates 
  [8ba89e20] + Distributed 
  [b77e0a4c] + InteractiveUtils 
  [76f85450] + LibGit2 
  [8f399da3] + Libdl 
  [37e2e46d] + LinearAlgebra 
  [56ddb016] + Logging 
  [d6f4376e] + Markdown 
  [a63ad114] + Mmap 
  [44cfe95a] + Pkg 
  [de0858da] + Printf 
  [3fa0cd96] + REPL 
  [9a3f8284] + Random 
  [ea8e919c] + SHA 
  [9e88b42a] + Serialization 
  [1a1011a3] + SharedArrays 
  [6462fe0b] + Sockets 
  [2f01184e] + SparseArrays 
  [10745b16] + Statistics 
  [4607b0f0] + SuiteSparse 
  [8dfed614] + Test 
  [cf7118a7] + UUIDs 
  [4ec0a83e] + Unicode 
   Building NNlib → `~/.julia/packages/NNlib/FAI3o/deps/build.log`
    Testing DiffEqOperators
Status `/tmp/jl_ZsHCCM/Manifest.toml`
  [1520ce14] AbstractTrees v0.3.2
  [79e6a3ab] Adapt v1.0.1
  [ec485272] ArnoldiMethod v0.0.4
  [4fba245c] ArrayInterface v2.6.2
  [4c555306] ArrayLayouts v0.1.5
  [aae01518] BandedMatrices v0.14.3
  [b99e7846] BinaryProvider v0.5.8
  [8e7c35d0] BlockArrays v0.11.2
  [ffab5731] BlockBandedMatrices v0.7.2
  [a603d957] CanonicalTraits v0.2.1
  [d360d2e6] ChainRulesCore v0.7.1
  [bbf7d656] CommonSubexpressions v0.2.0
  [34da2185] Compat v3.8.0
  [e66e0078] CompilerSupportLibraries_jll v0.3.3+0
  [88cd18e8] ConsoleProgressMonitor v0.1.2
  [864edb3b] DataStructures v0.17.11
  [2b5f629d] DiffEqBase v6.25.1
  [9fdde737] DiffEqOperators v4.8.1
  [163ba53b] DiffResults v1.0.2
  [b552c78f] DiffRules v1.0.1
  [b4f34e82] Distances v0.8.2
  [ffbed154] DocStringExtensions v0.8.1
  [d4d017d3] ExponentialUtilities v1.6.0
  [1a297f60] FillArrays v0.8.6
  [6a86dc24] FiniteDiff v2.3.0
  [59287772] Formatting v0.4.1
  [f6369f11] ForwardDiff v0.10.10
  [069b7b12] FunctionWrappers v1.1.1
  [6b9d7cbe] GeneralizedGenerated v0.2.2
  [01680d73] GenericSVD v0.3.0
  [d25df0c9] Inflate v0.1.2
  [42fd0dbc] IterativeSolvers v0.8.3
  [82899510] IteratorInterfaceExtensions v1.0.0
  [b14d175d] JuliaVariables v0.2.0
  [b964fa9f] LaTeXStrings v1.1.0
  [23fbe1c1] Latexify v0.13.0
  [5078a376] LazyArrays v0.15.1
  [1d6d02ad] LeftChildRightSiblingTrees v0.1.2
  [093fc24a] LightGraphs v1.3.1
  [d3d80556] LineSearches v7.0.1
  [e6f89c97] LoggingExtras v0.4.0
  [d8e11817] MLStyle v0.3.1
  [1914dd2f] MacroTools v0.5.5
  [a3b82374] MatrixFactorizations v0.3.0
  [961ee093] ModelingToolkit v1.4.2
  [46d2c3a1] MuladdMacro v0.2.2
  [d41bc354] NLSolversBase v7.6.1
  [2774e3e8] NLsolve v4.3.0
  [872c559c] NNlib v0.6.6
  [77ba4419] NaNMath v0.3.3
  [71a1bf82] NameResolution v0.1.3
  [efe28fd5] OpenSpecFun_jll v0.5.3+3
  [bac558e1] OrderedCollections v1.1.0
  [1dea7af3] OrdinaryDiffEq v5.32.1
  [d96e819e] Parameters v0.12.0
  [8162dcfd] PrettyPrint v0.1.0
  [33c8b6b6] ProgressLogging v0.1.2
  [92933f4c] ProgressMeter v1.2.0
  [3cdcf5f2] RecipesBase v0.8.0
  [731186ca] RecursiveArrayTools v2.1.2
  [f2c3362d] RecursiveFactorization v0.1.0
  [189a3867] Reexport v0.2.0
  [ae029012] Requires v1.0.1
  [f2b01f46] Roots v1.0.1
  [1bc83da4] SafeTestsets v0.0.1
  [7ccca996] SimpleDifferentialOperators v0.6.1
  [699a6c99] SimpleTraits v0.9.1
  [47a9eef4] SparseDiffTools v1.4.0
  [276daf66] SpecialFunctions v0.10.0
  [90137ffa] StaticArrays v0.12.1
  [3783bdb8] TableTraits v1.0.0
  [5d786b92] TerminalLoggers v0.1.1
  [a2a6695c] TreeViews v0.3.0
  [3a884ed6] UnPack v0.1.0
  [19fa3120] VertexSafeGraphs v0.1.1
  [700de1a5] ZygoteRules v0.2.0
  [2a0f44e3] Base64 
  [ade2ca70] Dates 
  [8bb1440f] DelimitedFiles 
  [8ba89e20] Distributed 
  [b77e0a4c] InteractiveUtils 
  [76f85450] LibGit2 
  [8f399da3] Libdl 
  [37e2e46d] LinearAlgebra 
  [56ddb016] Logging 
  [d6f4376e] Markdown 
  [a63ad114] Mmap 
  [44cfe95a] Pkg 
  [de0858da] Printf 
  [3fa0cd96] REPL 
  [9a3f8284] Random 
  [ea8e919c] SHA 
  [9e88b42a] Serialization 
  [1a1011a3] SharedArrays 
  [6462fe0b] Sockets 
  [2f01184e] SparseArrays 
  [10745b16] Statistics 
  [4607b0f0] SuiteSparse 
  [8dfed614] Test 
  [cf7118a7] UUIDs 
  [4ec0a83e] Unicode 
Test Summary:   | Pass  Total
Utilities Tests |    4      4
209.400607 seconds (55.92 M allocations: 3.193 GiB, 0.51% gc time)
Test Summary:   | Pass  Total
Poisson example |    1      1
  6.537725 seconds (12.22 M allocations: 628.956 MiB, 2.93% gc time)
Test Summary:         | Pass  Total
Heat equation example |    1      1
124.885287 seconds (36.66 M allocations: 5.774 GiB, 1.24% gc time)
Test Summary:                      | Pass  Total
Robin Boundary Condition Operators |   44     44
  1.667868 seconds (2.75 M allocations: 136.345 MiB, 3.10% gc time)
Test Summary:              | Pass  Broken  Total
JacVec Operators Interface |   34       4     38
 73.266050 seconds (139.26 M allocations: 7.041 GiB, 5.80% gc time)
Test Summary:                 | Pass  Total
Composite Operators Interface |   12     12
  3.460384 seconds (5.27 M allocations: 253.931 MiB, 12.41% gc time)
Test Summary:                   | Pass  Broken  Total
BC and Coefficient Compositions |   28       2     30
 14.966591 seconds (21.80 M allocations: 1.066 GiB, 4.28% gc time)
Test Summary:                  | Pass  Total
Derivative Operators Interface | 1070   1070
 44.397348 seconds (204.73 M allocations: 10.703 GiB, 15.93% gc time)
Test Summary:                         | Pass  Total
Validate Regular Derivative Operators |   30     30
  7.361669 seconds (12.93 M allocations: 654.934 MiB, 3.23% gc time)
Test Summary:                          | Pass  Total
Validate and Compare Generic Operators |   72     72
  6.996504 seconds (11.04 M allocations: 720.409 MiB, 4.85% gc time)
Test Summary:                                 |  Pass  Total
Validate Boundary Padded Array Concretization | 86977  86977
 17.744067 seconds (29.23 M allocations: 1.407 GiB, 4.00% gc time)
Test Summary:                                  | Pass  Broken  Total
Validate Higher Dimensional Boundary Extension |  351       3    354
 55.023488 seconds (110.98 M allocations: 5.183 GiB, 4.66% gc time)
Test Summary:         | Pass  Total
Matrix-Free Operators |   34     34
 25.034914 seconds (42.66 M allocations: 2.370 GiB, 9.03% gc time)
Test Summary:                    | Pass  Total
JacVec Operator Integration Test |    2      2
226.529867 seconds (41.90 M allocations: 4.039 GiB, 2.00% gc time)
Test Summary: | Pass  Total
Convolutions  |    6      6
  0.654938 seconds (710.08 k allocations: 37.528 MiB)
Test Summary:             |   Pass   Total
Differentiation Dimension | 476861  476861
 14.912287 seconds (22.11 M allocations: 1.144 GiB, 3.84% gc time)
Test Summary:                     | Pass  Total
Higher Dimensional Concretization |   33     33
111.695448 seconds (777.88 M allocations: 27.144 GiB, 7.92% gc time)
Test Summary:         | Pass  Total
Coefficient Functions |   28     28
  4.711364 seconds (5.53 M allocations: 282.127 MiB, 3.67% gc time)
Test Summary:             | Pass  Total
Upwind Operator Interface |  217    217
 11.703214 seconds (13.67 M allocations: 705.673 MiB, 1.54% gc time)
Test Summary:                 |
MOLFiniteDifference Interface | No tests
  5.444984 seconds (8.66 M allocations: 464.482 MiB)
Test Summary:      | Pass  Broken  Total
Basic SDO Examples |   24       2     26
 20.553506 seconds (10.41 M allocations: 506.229 MiB, 0.95% gc time)
"2D" = "2D"
"irregular" = "irregular"
"3D" = "3D"
"3D BPC" = "3D BPC"
"3D with coefficients" = "3D with coefficients"
"3D irregular" = "3D irregular"
Test Summary:                 | Pass  Broken  Total
2D and 3D fast multiplication |  139      11    150
434.465404 seconds (269.62 M allocations: 148.704 GiB, 7.47% gc time)
1421.673269 seconds (1.84 G allocations: 222.101 GiB, 4.80% gc time)
    Testing DiffEqOperators tests passed 
