Julia Version 1.4.0
Commit b8e9a9ecc6 (2020-03-21 16:36 UTC)
Platform Info:
  OS: Linux (x86_64-pc-linux-gnu)
  CPU: AMD Ryzen Threadripper 2990WX 32-Core Processor
  WORD_SIZE: 64
  LIBM: libopenlibm
  LLVM: libLLVM-8.0.1 (ORCJIT, znver1)
Environment:
  JULIA_DEPOT_PATH = ::/usr/local/share/julia
  JULIA_NUM_THREADS = 2

  Resolving package versions...
  Installed Reexport ─────────── v0.2.0
  Installed FFTW_jll ─────────── v3.3.9+4
  Installed URIParser ────────── v0.4.0
  Installed AbstractFFTs ─────── v0.5.0
  Installed RecipesBase ──────── v0.8.0
  Installed BinaryProvider ───── v0.5.8
  Installed Parameters ───────── v0.12.0
  Installed IterTools ────────── v1.3.0
    Cloning [a7b11256-881b-11e9-3aff-ff4a76f1bfae] DigitalComm from https://github.com/RGerzaguet/DigitalComm.jl.git
[?25l    Fetching: [>                                        ]  0.0 %[2K[?25h  Installed DigitalComm ──────── v1.0.2
    Cloning [717857b8-e6f2-59f4-9121-6e50c889abd2] DSP from https://github.com/JuliaDSP/DSP.jl.git
[?25l    Fetching: [>                                        ]  0.0 %[2K[?25h  Installed DSP ──────────────── v0.6.3
    Cloning [f27b6e38-b328-58d1-80ce-0feddd5e7a45] Polynomials from https://github.com/JuliaMath/Polynomials.jl.git
[?25l    Fetching: [>                                        ]  0.0 %[2K[?25h  Installed Polynomials ──────── v0.6.1
    Cloning [276daf66-3868-5448-9aa4-cd146d93841b] SpecialFunctions from https://github.com/JuliaMath/SpecialFunctions.jl.git
[?25l    Fetching: [>                                        ]  0.0 %[2K[?25h  Installed SpecialFunctions ─── v0.8.0
    Cloning [bac558e1-5e72-5ebc-8fee-abe8a469f55d] OrderedCollections from https://github.com/JuliaCollections/OrderedCollections.jl.git
[?25l    Fetching: [>                                        ]  0.0 %[2K[?25h  Installed OrderedCollections ─ v1.1.0
    Cloning [7a1cc6ca-52ef-59f5-83cd-3a7055c09341] FFTW from https://github.com/JuliaMath/FFTW.jl.git
[?25l    Fetching: [>                                        ]  0.0 %[2K[?25h  Installed FFTW ─────────────── v1.2.0
    Cloning [856f044c-d86e-5d09-b602-aeab76dc8ba7] MKL_jll from https://github.com/JuliaBinaryWrappers/MKL_jll.jl.git
[?25l    Fetching: [>                                        ]  0.0 %[2K[?25h  Installed MKL_jll ──────────── v2019.0.117+2
    Cloning [1d5cc7b8-4909-519e-a0f8-d0f5ad9712d0] IntelOpenMP_jll from https://github.com/JuliaBinaryWrappers/IntelOpenMP_jll.jl.git
[?25l    Fetching: [>                                        ]  0.0 %[2K[?25h  Installed IntelOpenMP_jll ──── v2018.0.3+0
    Cloning [9e28174c-4ba2-5203-b857-d8d62c4213ee] BinDeps from https://github.com/JuliaPackaging/BinDeps.jl.git
[?25l    Fetching: [>                                        ]  0.0 %[2K[?25h  Installed BinDeps ──────────── v1.0.0
   Updating `~/.julia/environments/v1.4/Project.toml`
  [a7b11256] + DigitalComm v1.0.2
   Updating `~/.julia/environments/v1.4/Manifest.toml`
  [621f4979] + AbstractFFTs v0.5.0
  [9e28174c] + BinDeps v1.0.0
  [b99e7846] + BinaryProvider v0.5.8
  [717857b8] + DSP v0.6.3
  [a7b11256] + DigitalComm v1.0.2
  [7a1cc6ca] + FFTW v1.2.0
  [f5851436] + FFTW_jll v3.3.9+4
  [1d5cc7b8] + IntelOpenMP_jll v2018.0.3+0
  [c8e1da08] + IterTools v1.3.0
  [856f044c] + MKL_jll v2019.0.117+2
  [bac558e1] + OrderedCollections v1.1.0
  [d96e819e] + Parameters v0.12.0
  [f27b6e38] + Polynomials v0.6.1
  [3cdcf5f2] + RecipesBase v0.8.0
  [189a3867] + Reexport v0.2.0
  [276daf66] + SpecialFunctions v0.8.0
  [30578b45] + URIParser v0.4.0
  [2a0f44e3] + Base64 
  [ade2ca70] + Dates 
  [8ba89e20] + Distributed 
  [b77e0a4c] + InteractiveUtils 
  [76f85450] + LibGit2 
  [8f399da3] + Libdl 
  [37e2e46d] + LinearAlgebra 
  [56ddb016] + Logging 
  [d6f4376e] + Markdown 
  [44cfe95a] + Pkg 
  [de0858da] + Printf 
  [3fa0cd96] + REPL 
  [9a3f8284] + Random 
  [ea8e919c] + SHA 
  [9e88b42a] + Serialization 
  [6462fe0b] + Sockets 
  [2f01184e] + SparseArrays 
  [10745b16] + Statistics 
  [8dfed614] + Test 
  [cf7118a7] + UUIDs 
  [4ec0a83e] + Unicode 
   Building SpecialFunctions → `~/.julia/packages/SpecialFunctions/ne2iw/deps/build.log`
┌ Error: Error building `SpecialFunctions`: 
│ [ Info: Downloading https://github.com/JuliaPackaging/Yggdrasil/releases/download/OpenSpecFun-v0.5.3+0/OpenSpecFun.v0.5.3.x86_64-linux-gnu-gcc7.tar.gz to /home/pkgeval/.julia/packages/SpecialFunctions/ne2iw/deps/usr/downloads/OpenSpecFun.v0.5.3.x86_64-linux-gnu-gcc7.tar.gz...
│ ERROR: LoadError: Could not download https://github.com/JuliaPackaging/Yggdrasil/releases/download/OpenSpecFun-v0.5.3+0/OpenSpecFun.v0.5.3.x86_64-linux-gnu-gcc7.tar.gz to /home/pkgeval/.julia/packages/SpecialFunctions/ne2iw/deps/usr/downloads/OpenSpecFun.v0.5.3.x86_64-linux-gnu-gcc7.tar.gz:
│ ErrorException("")
│ Stacktrace:
│  [1] error(::String) at ./error.jl:33
│  [2] download(::String, ::String; verbose::Bool) at /home/pkgeval/.julia/packages/BinaryProvider/kcGxO/src/PlatformEngines.jl:502
│  [3] download_verify(::String, ::String, ::String; verbose::Bool, force::Bool, quiet_download::Bool) at /home/pkgeval/.julia/packages/BinaryProvider/kcGxO/src/PlatformEngines.jl:571
│  [4] install(::String, ::String; prefix::Prefix, tarball_path::String, force::Bool, ignore_platform::Bool, verbose::Bool) at /home/pkgeval/.julia/packages/BinaryProvider/kcGxO/src/Prefix.jl:314
│  [5] top-level scope at /home/pkgeval/.julia/packages/SpecialFunctions/ne2iw/deps/build.jl:142
│  [6] include(::String) at ./client.jl:439
│  [7] top-level scope at none:5
│ in expression starting at /home/pkgeval/.julia/packages/SpecialFunctions/ne2iw/deps/build.jl:139
│ caused by [exception 1]
│ 
│ Stacktrace:
│  [1] error() at ./error.jl:42
│  [2] download(::String, ::String; verbose::Bool) at /home/pkgeval/.julia/packages/BinaryProvider/kcGxO/src/PlatformEngines.jl:496
│  [3] download_verify(::String, ::String, ::String; verbose::Bool, force::Bool, quiet_download::Bool) at /home/pkgeval/.julia/packages/BinaryProvider/kcGxO/src/PlatformEngines.jl:571
│  [4] install(::String, ::String; prefix::Prefix, tarball_path::String, force::Bool, ignore_platform::Bool, verbose::Bool) at /home/pkgeval/.julia/packages/BinaryProvider/kcGxO/src/Prefix.jl:314
│  [5] top-level scope at /home/pkgeval/.julia/packages/SpecialFunctions/ne2iw/deps/build.jl:142
│  [6] include(::String) at ./client.jl:439
│  [7] top-level scope at none:5
│ [10:38:33] #=#=#                                                                         [10:38:34] ##O#- #                                                                       [10:38:34] 
│ [10:38:34] curl: (22) The requested URL returned error: 401 UNAUTHORIZED
└ @ Pkg.Operations /buildworker/worker/package_linux64/build/usr/share/julia/stdlib/v1.4/Pkg/src/Operations.jl:892
   Building FFTW ────────────→ `~/.julia/packages/FFTW/qqcBj/deps/build.log`
    Testing DigitalComm
Status `/tmp/jl_vqBbXU/Manifest.toml`
  [621f4979] AbstractFFTs v0.5.0
  [9e28174c] BinDeps v1.0.0
  [b99e7846] BinaryProvider v0.5.8
  [717857b8] DSP v0.6.3
  [a7b11256] DigitalComm v1.0.2
  [7a1cc6ca] FFTW v1.2.0
  [f5851436] FFTW_jll v3.3.9+4
  [1d5cc7b8] IntelOpenMP_jll v2018.0.3+0
  [c8e1da08] IterTools v1.3.0
  [856f044c] MKL_jll v2019.0.117+2
  [bac558e1] OrderedCollections v1.1.0
  [d96e819e] Parameters v0.12.0
  [f27b6e38] Polynomials v0.6.1
  [3cdcf5f2] RecipesBase v0.8.0
  [189a3867] Reexport v0.2.0
  [276daf66] SpecialFunctions v0.8.0
  [30578b45] URIParser v0.4.0
  [2a0f44e3] Base64 
  [ade2ca70] Dates 
  [8ba89e20] Distributed 
  [b77e0a4c] InteractiveUtils 
  [76f85450] LibGit2 
  [8f399da3] Libdl 
  [37e2e46d] LinearAlgebra 
  [56ddb016] Logging 
  [d6f4376e] Markdown 
  [44cfe95a] Pkg 
  [de0858da] Printf 
  [3fa0cd96] REPL 
  [9a3f8284] Random 
  [ea8e919c] SHA 
  [9e88b42a] Serialization 
  [6462fe0b] Sockets 
  [2f01184e] SparseArrays 
  [10745b16] Statistics 
  [8dfed614] Test 
  [cf7118a7] UUIDs 
  [4ec0a83e] Unicode 
ERROR: LoadError: SpecialFunctions is not installed properly, run `Pkg.build("SpecialFunctions")`,restart Julia and try again
Stacktrace:
 [1] error(::String) at ./error.jl:33
 [2] top-level scope at /home/pkgeval/.julia/packages/SpecialFunctions/ne2iw/src/SpecialFunctions.jl:6
 [3] include(::Module, ::String) at ./Base.jl:377
 [4] top-level scope at none:2
 [5] eval at ./boot.jl:331 [inlined]
 [6] eval(::Expr) at ./client.jl:449
 [7] top-level scope at ./none:3
in expression starting at /home/pkgeval/.julia/packages/SpecialFunctions/ne2iw/src/SpecialFunctions.jl:4
ERROR: LoadError: LoadError: Failed to precompile SpecialFunctions [276daf66-3868-5448-9aa4-cd146d93841b] to /home/pkgeval/.julia/compiled/v1.4/SpecialFunctions/78gOt_Uzqw9.ji.
Stacktrace:
 [1] error(::String) at ./error.jl:33
 [2] compilecache(::Base.PkgId, ::String) at ./loading.jl:1272
 [3] _require(::Base.PkgId) at ./loading.jl:1029
 [4] require(::Base.PkgId) at ./loading.jl:927
 [5] require(::Module, ::Symbol) at ./loading.jl:922
 [6] include(::Module, ::String) at ./Base.jl:377
 [7] include(::String) at /home/pkgeval/.julia/packages/DSP/T1q2C/src/DSP.jl:1
 [8] top-level scope at /home/pkgeval/.julia/packages/DSP/T1q2C/src/DSP.jl:13
 [9] include(::Module, ::String) at ./Base.jl:377
 [10] top-level scope at none:2
 [11] eval at ./boot.jl:331 [inlined]
 [12] eval(::Expr) at ./client.jl:449
 [13] top-level scope at ./none:3
in expression starting at /home/pkgeval/.julia/packages/DSP/T1q2C/src/windows.jl:3
in expression starting at /home/pkgeval/.julia/packages/DSP/T1q2C/src/DSP.jl:13
ERROR: LoadError: Failed to precompile DSP [717857b8-e6f2-59f4-9121-6e50c889abd2] to /home/pkgeval/.julia/compiled/v1.4/DSP/OtML7_Uzqw9.ji.
Stacktrace:
 [1] error(::String) at ./error.jl:33
 [2] compilecache(::Base.PkgId, ::String) at ./loading.jl:1272
 [3] _require(::Base.PkgId) at ./loading.jl:1029
 [4] require(::Base.PkgId) at ./loading.jl:927
 [5] require(::Module, ::Symbol) at ./loading.jl:922
 [6] include(::Module, ::String) at ./Base.jl:377
 [7] top-level scope at none:2
 [8] eval at ./boot.jl:331 [inlined]
 [9] eval(::Expr) at ./client.jl:449
 [10] top-level scope at ./none:3
in expression starting at /home/pkgeval/.julia/packages/DigitalComm/MT0sN/src/DigitalComm.jl:15
ERROR: LoadError: LoadError: Failed to precompile DigitalComm [a7b11256-881b-11e9-3aff-ff4a76f1bfae] to /home/pkgeval/.julia/compiled/v1.4/DigitalComm/TYRD5_Uzqw9.ji.
Stacktrace:
 [1] error(::String) at ./error.jl:33
 [2] compilecache(::Base.PkgId, ::String) at ./loading.jl:1272
 [3] _require(::Base.PkgId) at ./loading.jl:1029
 [4] require(::Base.PkgId) at ./loading.jl:927
 [5] require(::Module, ::Symbol) at ./loading.jl:922
 [6] include(::String) at ./client.jl:439
 [7] top-level scope at /home/pkgeval/.julia/packages/DigitalComm/MT0sN/test/runtests.jl:8
 [8] include(::String) at ./client.jl:439
 [9] top-level scope at none:6
in expression starting at /home/pkgeval/.julia/packages/DigitalComm/MT0sN/test/test_genBitSequence.jl:4
in expression starting at /home/pkgeval/.julia/packages/DigitalComm/MT0sN/test/runtests.jl:8
ERROR: Package DigitalComm errored during testing
Stacktrace:
 [1] pkgerror(::String, ::Vararg{String,N} where N) at /buildworker/worker/package_linux64/build/usr/share/julia/stdlib/v1.4/Pkg/src/Types.jl:53
 [2] test(::Pkg.Types.Context, ::Array{Pkg.Types.PackageSpec,1}; coverage::Bool, julia_args::Cmd, test_args::Cmd, test_fn::Nothing) at /buildworker/worker/package_linux64/build/usr/share/julia/stdlib/v1.4/Pkg/src/Operations.jl:1503
 [3] test(::Pkg.Types.Context, ::Array{Pkg.Types.PackageSpec,1}; coverage::Bool, test_fn::Nothing, julia_args::Cmd, test_args::Cmd, kwargs::Base.Iterators.Pairs{Union{},Union{},Tuple{},NamedTuple{(),Tuple{}}}) at /buildworker/worker/package_linux64/build/usr/share/julia/stdlib/v1.4/Pkg/src/API.jl:316
 [4] test(::Pkg.Types.Context, ::Array{Pkg.Types.PackageSpec,1}) at /buildworker/worker/package_linux64/build/usr/share/julia/stdlib/v1.4/Pkg/src/API.jl:303
 [5] #test#68 at /buildworker/worker/package_linux64/build/usr/share/julia/stdlib/v1.4/Pkg/src/API.jl:297 [inlined]
 [6] test at /buildworker/worker/package_linux64/build/usr/share/julia/stdlib/v1.4/Pkg/src/API.jl:297 [inlined]
 [7] #test#67 at /buildworker/worker/package_linux64/build/usr/share/julia/stdlib/v1.4/Pkg/src/API.jl:296 [inlined]
 [8] test at /buildworker/worker/package_linux64/build/usr/share/julia/stdlib/v1.4/Pkg/src/API.jl:296 [inlined]
 [9] test(::String; kwargs::Base.Iterators.Pairs{Union{},Union{},Tuple{},NamedTuple{(),Tuple{}}}) at /buildworker/worker/package_linux64/build/usr/share/julia/stdlib/v1.4/Pkg/src/API.jl:295
 [10] test(::String) at /buildworker/worker/package_linux64/build/usr/share/julia/stdlib/v1.4/Pkg/src/API.jl:295
 [11] top-level scope at none:16
