Julia Version 1.4.0
Commit b8e9a9ecc6 (2020-03-21 16:36 UTC)
Platform Info:
  OS: Linux (x86_64-pc-linux-gnu)
  CPU: AMD Ryzen Threadripper 2990WX 32-Core Processor
  WORD_SIZE: 64
  LIBM: libopenlibm
  LLVM: libLLVM-8.0.1 (ORCJIT, znver1)
Environment:
  JULIA_DEPOT_PATH = ::/usr/local/share/julia
  JULIA_NUM_THREADS = 2

  Resolving package versions...
  Installed FFTW_jll ─────────── v3.3.9+4
  Installed Polynomials ──────── v0.6.1
  Installed BinaryProvider ───── v0.5.8
  Installed Parameters ───────── v0.12.0
  Installed FFTW ─────────────── v1.2.0
    Cloning [717857b8-e6f2-59f4-9121-6e50c889abd2] DSP from https://github.com/JuliaDSP/DSP.jl.git
[?25l    Fetching: [>                                        ]  0.0 %[2K[?25h  Installed DSP ──────────────── v0.6.3
    Cloning [621f4979-c628-5d54-868e-fcf4e3e8185c] AbstractFFTs from https://github.com/JuliaMath/AbstractFFTs.jl.git
[?25l    Fetching: [>                                        ]  0.0 %[2K[?25h  Installed AbstractFFTs ─────── v0.5.0
    Cloning [a7b11256-881b-11e9-3aff-ff4a76f1bfae] DigitalComm from https://github.com/RGerzaguet/DigitalComm.jl.git
[?25l    Fetching: [>                                        ]  0.0 %[2K[?25h  Installed DigitalComm ──────── v1.0.2
    Cloning [3cdcf5f2-1ef4-517c-9805-6587b60abb01] RecipesBase from https://github.com/JuliaPlots/RecipesBase.jl.git
[?25l    Fetching: [>                                        ]  0.0 %[2K[?25h  Installed RecipesBase ──────── v0.8.0
    Cloning [189a3867-3050-52da-a836-e630ba90ab69] Reexport from https://github.com/simonster/Reexport.jl.git
[?25l    Fetching: [>                                        ]  0.0 %[2K[?25h  Installed Reexport ─────────── v0.2.0
    Cloning [30578b45-9adc-5946-b283-645ec420af67] URIParser from https://github.com/JuliaWeb/URIParser.jl.git
[?25l    Fetching: [>                                        ]  0.0 %[2K[?25h  Installed URIParser ────────── v0.4.0
    Cloning [1d5cc7b8-4909-519e-a0f8-d0f5ad9712d0] IntelOpenMP_jll from https://github.com/JuliaBinaryWrappers/IntelOpenMP_jll.jl.git
[?25l    Fetching: [>                                        ]  0.0 %[2K[?25h  Installed IntelOpenMP_jll ──── v2018.0.3+0
    Cloning [276daf66-3868-5448-9aa4-cd146d93841b] SpecialFunctions from https://github.com/JuliaMath/SpecialFunctions.jl.git
[?25l    Fetching: [>                                        ]  0.0 %[2K[?25h  Installed SpecialFunctions ─── v0.8.0
    Cloning [c8e1da08-722c-5040-9ed9-7db0dc04731e] IterTools from https://github.com/JuliaCollections/IterTools.jl.git
[?25l    Fetching: [>                                        ]  0.0 %[2K[?25h  Installed IterTools ────────── v1.3.0
    Cloning [bac558e1-5e72-5ebc-8fee-abe8a469f55d] OrderedCollections from https://github.com/JuliaCollections/OrderedCollections.jl.git
[?25l    Fetching: [>                                        ]  0.0 %[2K[?25h  Installed OrderedCollections ─ v1.1.0
    Cloning [856f044c-d86e-5d09-b602-aeab76dc8ba7] MKL_jll from https://github.com/JuliaBinaryWrappers/MKL_jll.jl.git
[?25l    Fetching: [>                                        ]  0.0 %[2K[?25h  Installed MKL_jll ──────────── v2019.0.117+2
    Cloning [9e28174c-4ba2-5203-b857-d8d62c4213ee] BinDeps from https://github.com/JuliaPackaging/BinDeps.jl.git
[?25l    Fetching: [>                                        ]  0.0 %    Resolving Deltas: [======>                                  ]  14.3 %[2K[?25h  Installed BinDeps ──────────── v1.0.0
   Updating `~/.julia/environments/v1.4/Project.toml`
  [a7b11256] + DigitalComm v1.0.2
   Updating `~/.julia/environments/v1.4/Manifest.toml`
  [621f4979] + AbstractFFTs v0.5.0
  [9e28174c] + BinDeps v1.0.0
  [b99e7846] + BinaryProvider v0.5.8
  [717857b8] + DSP v0.6.3
  [a7b11256] + DigitalComm v1.0.2
  [7a1cc6ca] + FFTW v1.2.0
  [f5851436] + FFTW_jll v3.3.9+4
  [1d5cc7b8] + IntelOpenMP_jll v2018.0.3+0
  [c8e1da08] + IterTools v1.3.0
  [856f044c] + MKL_jll v2019.0.117+2
  [bac558e1] + OrderedCollections v1.1.0
  [d96e819e] + Parameters v0.12.0
  [f27b6e38] + Polynomials v0.6.1
  [3cdcf5f2] + RecipesBase v0.8.0
  [189a3867] + Reexport v0.2.0
  [276daf66] + SpecialFunctions v0.8.0
  [30578b45] + URIParser v0.4.0
  [2a0f44e3] + Base64 
  [ade2ca70] + Dates 
  [8ba89e20] + Distributed 
  [b77e0a4c] + InteractiveUtils 
  [76f85450] + LibGit2 
  [8f399da3] + Libdl 
  [37e2e46d] + LinearAlgebra 
  [56ddb016] + Logging 
  [d6f4376e] + Markdown 
  [44cfe95a] + Pkg 
  [de0858da] + Printf 
  [3fa0cd96] + REPL 
  [9a3f8284] + Random 
  [ea8e919c] + SHA 
  [9e88b42a] + Serialization 
  [6462fe0b] + Sockets 
  [2f01184e] + SparseArrays 
  [10745b16] + Statistics 
  [8dfed614] + Test 
  [cf7118a7] + UUIDs 
  [4ec0a83e] + Unicode 
   Building SpecialFunctions → `~/.julia/packages/SpecialFunctions/ne2iw/deps/build.log`
   Building FFTW ────────────→ `~/.julia/packages/FFTW/qqcBj/deps/build.log`
    Testing DigitalComm
Status `/tmp/jl_jrwbfs/Manifest.toml`
  [621f4979] AbstractFFTs v0.5.0
  [9e28174c] BinDeps v1.0.0
  [b99e7846] BinaryProvider v0.5.8
  [717857b8] DSP v0.6.3
  [a7b11256] DigitalComm v1.0.2
  [7a1cc6ca] FFTW v1.2.0
  [f5851436] FFTW_jll v3.3.9+4
  [1d5cc7b8] IntelOpenMP_jll v2018.0.3+0
  [c8e1da08] IterTools v1.3.0
  [856f044c] MKL_jll v2019.0.117+2
  [bac558e1] OrderedCollections v1.1.0
  [d96e819e] Parameters v0.12.0
  [f27b6e38] Polynomials v0.6.1
  [3cdcf5f2] RecipesBase v0.8.0
  [189a3867] Reexport v0.2.0
  [276daf66] SpecialFunctions v0.8.0
  [30578b45] URIParser v0.4.0
  [2a0f44e3] Base64 
  [ade2ca70] Dates 
  [8ba89e20] Distributed 
  [b77e0a4c] InteractiveUtils 
  [76f85450] LibGit2 
  [8f399da3] Libdl 
  [37e2e46d] LinearAlgebra 
  [56ddb016] Logging 
  [d6f4376e] Markdown 
  [44cfe95a] Pkg 
  [de0858da] Printf 
  [3fa0cd96] REPL 
  [9a3f8284] Random 
  [ea8e919c] SHA 
  [9e88b42a] Serialization 
  [6462fe0b] Sockets 
  [2f01184e] SparseArrays 
  [10745b16] Statistics 
  [8dfed614] Test 
  [cf7118a7] UUIDs 
  [4ec0a83e] Unicode 
Tests for binary sequence generation
Test Summary:  | Pass  Total
genBitSequence |    6      6
Test Summary:   | Pass  Total
genByteSequence |    4      4
Tests for symbol mapper with QAM sequences
bitMappingQAM(2, buff) = Complex{Float64}[1.0 + 0.0im, -1.0 + 0.0im, -1.0 + 0.0im, -1.0 + 0.0im, -1.0 + 0.0im, 1.0 + 0.0im, 1.0 + 0.0im, 1.0 + 0.0im]
Test Summary: | Pass  Total
bpsk          |    3      3
Test Summary: | Pass  Total
qpsk          |    3      3
Test Summary: | Pass  Total
16-QAM        |    2      2
Test Summary: | Pass  Total
64-QAM        |    2      2
Test Summary: | Pass  Total
256-QAM       |    2      2
Tests for Hard symbol demapper
Test Summary: | Pass  Total
2-QAM         |    3      3
Test Summary: | Pass  Total
4-QAM         |    3      3
Test Summary: | Pass  Total
16-QAM        |    3      3
Test Summary: | Pass  Total
64-QAM        |    3      3
Test Summary: | Pass  Total
256-QAM       |    3      3
Tests for Hard constellation
Test Summary: | Pass  Total
4-QAM         |    4      4
Test Summary: | Pass  Total
16-QAM        |    4      4
Test Summary: | Pass  Total
64-QAM        |    4      4
Test Summary: | Pass  Total
256-QAM       |    4      4
Tests for Max-Log soft  symbol demapper
Test Summary: | Pass  Total
4-QAM         |    4      4
Test Summary: | Pass  Total
16-QAM        |    4      4
Test Summary: | Pass  Total
64-QAM        |    4      4
Test Summary: | Pass  Total
256-QAM       |    4      4
Tests for noise addition
Test Summary:          | Pass  Total
Testing addNoise.jl... |    8      8
Tests for multicarrier waveforms
Test Summary: | Pass  Total
UFOFDM        |    4      4
Test Summary: | Pass  Total
FBMC          |    4      4
Test Summary: | Pass  Total
BFOFDM        |    4      4
Test Summary: | Pass  Total
SCFDMA        |    4      4
Test Summary: | Pass  Total
WOLA          |    4      4
Test Summary: | Pass  Total
OFDM          |    4      4
    Testing DigitalComm tests passed 
