Julia Version 1.3.1
Commit 2d5741174c (2019-12-30 21:36 UTC)
Platform Info:
  OS: Linux (x86_64-pc-linux-gnu)
  CPU: AMD Ryzen Threadripper 2990WX 32-Core Processor
  WORD_SIZE: 64
  LIBM: libopenlibm
  LLVM: libLLVM-6.0.1 (ORCJIT, znver1)
Environment:
  JULIA_DEPOT_PATH = ::/usr/local/share/julia
  JULIA_NUM_THREADS = 2

 Resolving package versions...
 Installed Rmath_jll ──────────────────── v0.2.2+0
 Installed Unmarshal ──────────────────── v0.3.1
 Installed StatsFuns ──────────────────── v0.9.4
 Installed StatsBase ──────────────────── v0.32.2
 Installed QuadGK ─────────────────────── v2.3.1
 Installed MbedTLS ────────────────────── v1.0.1
 Installed OpenBLAS_jll ───────────────── v0.3.7+7
 Installed CompilerSupportLibraries_jll ─ v0.2.0+1
 Installed LightGraphs ────────────────── v1.3.1
 Installed MacroTools ─────────────────── v0.5.4
 Installed CategoricalArrays ──────────── v0.7.7
 Installed HTTP ───────────────────────── v0.8.12
 Installed Nullables ──────────────────── v1.0.0
 Installed DataAPI ────────────────────── v1.1.0
 Installed DataFrames ─────────────────── v0.20.2
 Installed FillArrays ─────────────────── v0.8.5
 Installed Arpack_jll ─────────────────── v3.5.0+2
 Installed Arpack ─────────────────────── v0.4.0
 Installed DataValueInterfaces ────────── v1.0.0
 Installed StaticArrays ───────────────── v0.12.1
 Installed Requires ───────────────────── v1.0.1
 Installed SpecialFunctions ───────────── v0.10.0
 Installed SimpleTraits ───────────────── v0.9.1
 Installed DataStructures ─────────────── v0.17.10
 Installed MbedTLS_jll ────────────────── v2.16.0+1
 Installed ArnoldiMethod ──────────────── v0.0.4
 Installed IteratorInterfaceExtensions ── v1.0.0
 Installed Distributions ──────────────── v0.22.5
 Installed JSON2 ──────────────────────── v0.3.1
 Installed Compat ─────────────────────── v3.8.0
 Installed ColorTypes ─────────────────── v0.9.1
 Installed InvertedIndices ────────────── v1.0.0
 Installed FixedPointNumbers ──────────── v0.7.1
 Installed Parsers ────────────────────── v0.3.12
 Installed JSON ───────────────────────── v0.21.0
 Installed Inflate ────────────────────── v0.1.1
 Installed SortingAlgorithms ──────────── v0.3.1
 Installed PDMats ─────────────────────── v0.9.12
 Installed Colors ─────────────────────── v0.11.2
 Installed Tables ─────────────────────── v1.0.3
 Installed TableTraits ────────────────── v1.0.0
 Installed Reexport ───────────────────── v0.2.0
 Installed PooledArrays ───────────────── v0.5.3
 Installed Graphs ─────────────────────── v0.10.3
 Installed OrderedCollections ─────────── v1.1.0
 Installed IniFile ────────────────────── v0.5.0
 Installed Neo4j ──────────────────────── v2.0.0
 Installed DocStringExtensions ────────── v0.8.1
 Installed OpenSpecFun_jll ────────────── v0.5.3+3
 Installed Missings ───────────────────── v0.4.3
 Installed DistributedFactorGraphs ────── v0.7.1
 Installed Rmath ──────────────────────── v0.6.1
  Updating `~/.julia/environments/v1.3/Project.toml`
  [b5cc3c7e] + DistributedFactorGraphs v0.7.1
  Updating `~/.julia/environments/v1.3/Manifest.toml`
  [ec485272] + ArnoldiMethod v0.0.4
  [7d9fca2a] + Arpack v0.4.0
  [68821587] + Arpack_jll v3.5.0+2
  [324d7699] + CategoricalArrays v0.7.7
  [3da002f7] + ColorTypes v0.9.1
  [5ae59095] + Colors v0.11.2
  [34da2185] + Compat v3.8.0
  [e66e0078] + CompilerSupportLibraries_jll v0.2.0+1
  [9a962f9c] + DataAPI v1.1.0
  [a93c6f00] + DataFrames v0.20.2
  [864edb3b] + DataStructures v0.17.10
  [e2d170a0] + DataValueInterfaces v1.0.0
  [b5cc3c7e] + DistributedFactorGraphs v0.7.1
  [31c24e10] + Distributions v0.22.5
  [ffbed154] + DocStringExtensions v0.8.1
  [1a297f60] + FillArrays v0.8.5
  [53c48c17] + FixedPointNumbers v0.7.1
  [86223c79] + Graphs v0.10.3
  [cd3eb016] + HTTP v0.8.12
  [d25df0c9] + Inflate v0.1.1
  [83e8ac13] + IniFile v0.5.0
  [41ab1584] + InvertedIndices v1.0.0
  [82899510] + IteratorInterfaceExtensions v1.0.0
  [682c06a0] + JSON v0.21.0
  [2535ab7d] + JSON2 v0.3.1
  [093fc24a] + LightGraphs v1.3.1
  [1914dd2f] + MacroTools v0.5.4
  [739be429] + MbedTLS v1.0.1
  [c8ffd9c3] + MbedTLS_jll v2.16.0+1
  [e1d29d7a] + Missings v0.4.3
  [d2adbeaf] + Neo4j v2.0.0
  [4d1e1d77] + Nullables v1.0.0
  [4536629a] + OpenBLAS_jll v0.3.7+7
  [efe28fd5] + OpenSpecFun_jll v0.5.3+3
  [bac558e1] + OrderedCollections v1.1.0
  [90014a1f] + PDMats v0.9.12
  [69de0a69] + Parsers v0.3.12
  [2dfb63ee] + PooledArrays v0.5.3
  [1fd47b50] + QuadGK v2.3.1
  [189a3867] + Reexport v0.2.0
  [ae029012] + Requires v1.0.1
  [79098fc4] + Rmath v0.6.1
  [f50d1b31] + Rmath_jll v0.2.2+0
  [699a6c99] + SimpleTraits v0.9.1
  [a2af1166] + SortingAlgorithms v0.3.1
  [276daf66] + SpecialFunctions v0.10.0
  [90137ffa] + StaticArrays v0.12.1
  [2913bbd2] + StatsBase v0.32.2
  [4c63d2b9] + StatsFuns v0.9.4
  [3783bdb8] + TableTraits v1.0.0
  [bd369af6] + Tables v1.0.3
  [cbff2730] + Unmarshal v0.3.1
  [2a0f44e3] + Base64 
  [ade2ca70] + Dates 
  [8bb1440f] + DelimitedFiles 
  [8ba89e20] + Distributed 
  [9fa8497b] + Future 
  [b77e0a4c] + InteractiveUtils 
  [76f85450] + LibGit2 
  [8f399da3] + Libdl 
  [37e2e46d] + LinearAlgebra 
  [56ddb016] + Logging 
  [d6f4376e] + Markdown 
  [a63ad114] + Mmap 
  [44cfe95a] + Pkg 
  [de0858da] + Printf 
  [3fa0cd96] + REPL 
  [9a3f8284] + Random 
  [ea8e919c] + SHA 
  [9e88b42a] + Serialization 
  [1a1011a3] + SharedArrays 
  [6462fe0b] + Sockets 
  [2f01184e] + SparseArrays 
  [10745b16] + Statistics 
  [4607b0f0] + SuiteSparse 
  [8dfed614] + Test 
  [cf7118a7] + UUIDs 
  [4ec0a83e] + Unicode 
   Testing DistributedFactorGraphs
 Resolving package versions...
ERROR: Unsatisfiable requirements detected for package Compose [a81c6b42]:
 Compose [a81c6b42] log:
 ├─possible versions are: [0.6.1, 0.7.0-0.7.4, 0.8.0-0.8.1] or uninstalled
 ├─restricted by compatibility requirements with JSON [682c06a0] to versions: 0.8.0-0.8.1 or uninstalled
 │ └─JSON [682c06a0] log:
 │   ├─possible versions are: [0.18.0, 0.19.0, 0.20.0-0.20.1, 0.21.0] or uninstalled
 │   └─restricted to versions 0.21.0 by an explicit requirement, leaving only versions 0.21.0
 ├─restricted by compatibility requirements with Colors [5ae59095] to versions: 0.8.1 or uninstalled
 │ └─Colors [5ae59095] log:
 │   ├─possible versions are: [0.9.0, 0.9.2-0.9.6, 0.10.0-0.10.2, 0.11.0-0.11.2, 0.12.0] or uninstalled
 │   └─restricted to versions 0.11.2 by an explicit requirement, leaving only versions 0.11.2
 └─restricted by compatibility requirements with GraphPlot [a2cc645c] to versions: 0.7.0-0.7.4 — no versions left
   └─GraphPlot [a2cc645c] log:
     ├─possible versions are: [0.3.0-0.3.1, 0.4.1] or uninstalled
     └─restricted to versions * by an explicit requirement, leaving only versions [0.3.0-0.3.1, 0.4.1]
Stacktrace:
 [1] #propagate_constraints!#61(::Bool, ::typeof(Pkg.GraphType.propagate_constraints!), ::Pkg.GraphType.Graph, ::Set{Int64}) at /buildworker/worker/package_linux64/build/usr/share/julia/stdlib/v1.3/Pkg/src/GraphType.jl:1007
 [2] propagate_constraints! at /buildworker/worker/package_linux64/build/usr/share/julia/stdlib/v1.3/Pkg/src/GraphType.jl:948 [inlined]
 [3] #simplify_graph!#121(::Bool, ::typeof(Pkg.GraphType.simplify_graph!), ::Pkg.GraphType.Graph, ::Set{Int64}) at /buildworker/worker/package_linux64/build/usr/share/julia/stdlib/v1.3/Pkg/src/GraphType.jl:1462
 [4] simplify_graph! at /buildworker/worker/package_linux64/build/usr/share/julia/stdlib/v1.3/Pkg/src/GraphType.jl:1462 [inlined]
 [5] _resolve_versions!(::Pkg.Types.Context, ::Array{Pkg.Types.PackageSpec,1}, ::Nothing) at /buildworker/worker/package_linux64/build/usr/share/julia/stdlib/v1.3/Pkg/src/backwards_compatible_isolation.jl:148
 [6] _resolve_versions! at /buildworker/worker/package_linux64/build/usr/share/julia/stdlib/v1.3/Pkg/src/backwards_compatible_isolation.jl:93 [inlined]
 [7] #_add_or_develop#26(::Array{Base.UUID,1}, ::Symbol, ::typeof(Pkg.Operations._add_or_develop), ::Pkg.Types.Context, ::Array{Pkg.Types.PackageSpec,1}) at /buildworker/worker/package_linux64/build/usr/share/julia/stdlib/v1.3/Pkg/src/backwards_compatible_isolation.jl:348
 [8] _add_or_develop at /buildworker/worker/package_linux64/build/usr/share/julia/stdlib/v1.3/Pkg/src/backwards_compatible_isolation.jl:333 [inlined]
 [9] (::Pkg.Operations.var"#30#36"{Bool,Pkg.Operations.var"#42#44"{Pkg.Types.Context,Pkg.Types.PackageSpec,Pkg.Operations.var"#41#43"{Pkg.Types.Context,Pkg.Types.PackageSpec,Array{String,1},Cmd}},Pkg.Types.Context,Pkg.Types.PackageSpec,Pkg.Types.Context,Set{Base.UUID},Set{Base.UUID},Array{Pkg.Types.PackageSpec,1}})(::String) at /buildworker/worker/package_linux64/build/usr/share/julia/stdlib/v1.3/Pkg/src/backwards_compatible_isolation.jl:537
 [10] #mktempdir#18(::String, ::typeof(mktempdir), ::Pkg.Operations.var"#30#36"{Bool,Pkg.Operations.var"#42#44"{Pkg.Types.Context,Pkg.Types.PackageSpec,Pkg.Operations.var"#41#43"{Pkg.Types.Context,Pkg.Types.PackageSpec,Array{String,1},Cmd}},Pkg.Types.Context,Pkg.Types.PackageSpec,Pkg.Types.Context,Set{Base.UUID},Set{Base.UUID},Array{Pkg.Types.PackageSpec,1}}, ::String) at ./file.jl:634
 [11] mktempdir at ./file.jl:632 [inlined] (repeats 2 times)
 [12] #with_dependencies_loadable_at_toplevel#27(::Bool, ::typeof(Pkg.Operations.with_dependencies_loadable_at_toplevel), ::Pkg.Operations.var"#42#44"{Pkg.Types.Context,Pkg.Types.PackageSpec,Pkg.Operations.var"#41#43"{Pkg.Types.Context,Pkg.Types.PackageSpec,Array{String,1},Cmd}}, ::Pkg.Types.Context, ::Pkg.Types.PackageSpec) at /buildworker/worker/package_linux64/build/usr/share/julia/stdlib/v1.3/Pkg/src/backwards_compatible_isolation.jl:516
 [13] #with_dependencies_loadable_at_toplevel at ./none:0 [inlined]
 [14] #backwards_compatibility_for_test#40(::Cmd, ::Cmd, ::typeof(Pkg.Operations.backwards_compatibility_for_test), ::Pkg.Types.Context, ::Pkg.Types.PackageSpec, ::String, ::Array{String,1}, ::Bool) at /buildworker/worker/package_linux64/build/usr/share/julia/stdlib/v1.3/Pkg/src/backwards_compatible_isolation.jl:608
 [15] #backwards_compatibility_for_test at ./none:0 [inlined]
 [16] #test#131(::Bool, ::Nothing, ::Cmd, ::Cmd, ::typeof(Pkg.Operations.test), ::Pkg.Types.Context, ::Array{Pkg.Types.PackageSpec,1}) at /buildworker/worker/package_linux64/build/usr/share/julia/stdlib/v1.3/Pkg/src/Operations.jl:1347
 [17] #test at ./none:0 [inlined]
 [18] #test#62(::Bool, ::Nothing, ::Cmd, ::Cmd, ::Base.Iterators.Pairs{Union{},Union{},Tuple{},NamedTuple{(),Tuple{}}}, ::typeof(Pkg.API.test), ::Pkg.Types.Context, ::Array{Pkg.Types.PackageSpec,1}) at /buildworker/worker/package_linux64/build/usr/share/julia/stdlib/v1.3/Pkg/src/API.jl:253
 [19] test(::Pkg.Types.Context, ::Array{Pkg.Types.PackageSpec,1}) at /buildworker/worker/package_linux64/build/usr/share/julia/stdlib/v1.3/Pkg/src/API.jl:239
 [20] #test#61 at /buildworker/worker/package_linux64/build/usr/share/julia/stdlib/v1.3/Pkg/src/API.jl:233 [inlined]
 [21] test at /buildworker/worker/package_linux64/build/usr/share/julia/stdlib/v1.3/Pkg/src/API.jl:233 [inlined]
 [22] #test#60 at /buildworker/worker/package_linux64/build/usr/share/julia/stdlib/v1.3/Pkg/src/API.jl:232 [inlined]
 [23] test at /buildworker/worker/package_linux64/build/usr/share/julia/stdlib/v1.3/Pkg/src/API.jl:232 [inlined]
 [24] #test#59(::Base.Iterators.Pairs{Union{},Union{},Tuple{},NamedTuple{(),Tuple{}}}, ::typeof(Pkg.API.test), ::String) at /buildworker/worker/package_linux64/build/usr/share/julia/stdlib/v1.3/Pkg/src/API.jl:231
 [25] test(::String) at /buildworker/worker/package_linux64/build/usr/share/julia/stdlib/v1.3/Pkg/src/API.jl:231
 [26] top-level scope at none:13
