Julia Version 1.4.0
Commit b8e9a9ecc6 (2020-03-21 16:36 UTC)
Platform Info:
  OS: Linux (x86_64-pc-linux-gnu)
  CPU: AMD Ryzen Threadripper 2990WX 32-Core Processor
  WORD_SIZE: 64
  LIBM: libopenlibm
  LLVM: libLLVM-8.0.1 (ORCJIT, znver1)
Environment:
  JULIA_DEPOT_PATH = ::/usr/local/share/julia
  JULIA_NUM_THREADS = 2

  Resolving package versions...
  Installed Missings ───────────────────── v0.4.3
  Installed DataAPI ────────────────────── v1.1.0
  Installed XML2_jll ───────────────────── v2.9.9+2
  Installed URIParser ──────────────────── v0.4.0
  Installed IteratorInterfaceExtensions ── v1.0.0
  Installed SpecialFunctions ───────────── v0.10.0
  Installed Tables ─────────────────────── v1.0.3
  Installed Libiconv_jll ───────────────── v1.16.0+2
  Installed WoodburyMatrices ───────────── v0.5.2
  Installed OrderedCollections ─────────── v1.1.0
  Installed Parsers ────────────────────── v1.0.1
  Installed BinDeps ────────────────────── v1.0.0
  Installed EzXML ──────────────────────── v1.1.0
  Installed DataValueInterfaces ────────── v1.0.0
  Installed DIVAnd ─────────────────────── v2.5.1
  Installed Conda ──────────────────────── v1.4.1
  Installed IniFile ────────────────────── v0.5.0
  Installed VersionParsing ─────────────── v1.2.0
  Installed CFTime ─────────────────────── v0.1.0
  Installed CondaBinDeps ───────────────── v0.2.0
  Installed OffsetArrays ───────────────── v1.0.4
  Installed Zlib_jll ───────────────────── v1.2.11+9
  Installed Compat ─────────────────────── v3.8.0
  Installed Mustache ───────────────────── v1.0.2
  Installed ZipFile ────────────────────── v0.9.1
  Installed MbedTLS ────────────────────── v1.0.1
  Installed NCDatasets ─────────────────── v0.9.4
  Installed MbedTLS_jll ────────────────── v2.16.0+1
  Installed CompilerSupportLibraries_jll ─ v0.3.3+0
  Installed HTTP ───────────────────────── v0.8.13
  Installed AxisAlgorithms ─────────────── v1.0.0
  Installed StaticArrays ───────────────── v0.12.1
  Installed DataStructures ─────────────── v0.17.11
  Installed JSON ───────────────────────── v0.21.0
  Installed Ratios ─────────────────────── v0.4.0
  Installed OpenSpecFun_jll ────────────── v0.5.3+3
  Installed TableTraits ────────────────── v1.0.0
  Installed Interpolations ─────────────── v0.12.9
   Updating `~/.julia/environments/v1.4/Project.toml`
  [efc8151c] + DIVAnd v2.5.1
   Updating `~/.julia/environments/v1.4/Manifest.toml`
  [13072b0f] + AxisAlgorithms v1.0.0
  [9e28174c] + BinDeps v1.0.0
  [179af706] + CFTime v0.1.0
  [34da2185] + Compat v3.8.0
  [e66e0078] + CompilerSupportLibraries_jll v0.3.3+0
  [8f4d0f93] + Conda v1.4.1
  [a9693cdc] + CondaBinDeps v0.2.0
  [efc8151c] + DIVAnd v2.5.1
  [9a962f9c] + DataAPI v1.1.0
  [864edb3b] + DataStructures v0.17.11
  [e2d170a0] + DataValueInterfaces v1.0.0
  [8f5d6c58] + EzXML v1.1.0
  [cd3eb016] + HTTP v0.8.13
  [83e8ac13] + IniFile v0.5.0
  [a98d9a8b] + Interpolations v0.12.9
  [82899510] + IteratorInterfaceExtensions v1.0.0
  [682c06a0] + JSON v0.21.0
  [94ce4f54] + Libiconv_jll v1.16.0+2
  [739be429] + MbedTLS v1.0.1
  [c8ffd9c3] + MbedTLS_jll v2.16.0+1
  [e1d29d7a] + Missings v0.4.3
  [ffc61752] + Mustache v1.0.2
  [85f8d34a] + NCDatasets v0.9.4
  [6fe1bfb0] + OffsetArrays v1.0.4
  [efe28fd5] + OpenSpecFun_jll v0.5.3+3
  [bac558e1] + OrderedCollections v1.1.0
  [69de0a69] + Parsers v1.0.1
  [c84ed2f1] + Ratios v0.4.0
  [276daf66] + SpecialFunctions v0.10.0
  [90137ffa] + StaticArrays v0.12.1
  [3783bdb8] + TableTraits v1.0.0
  [bd369af6] + Tables v1.0.3
  [30578b45] + URIParser v0.4.0
  [81def892] + VersionParsing v1.2.0
  [efce3f68] + WoodburyMatrices v0.5.2
  [02c8fc9c] + XML2_jll v2.9.9+2
  [a5390f91] + ZipFile v0.9.1
  [83775a58] + Zlib_jll v1.2.11+9
  [2a0f44e3] + Base64 
  [ade2ca70] + Dates 
  [8bb1440f] + DelimitedFiles 
  [8ba89e20] + Distributed 
  [b77e0a4c] + InteractiveUtils 
  [76f85450] + LibGit2 
  [8f399da3] + Libdl 
  [37e2e46d] + LinearAlgebra 
  [56ddb016] + Logging 
  [d6f4376e] + Markdown 
  [a63ad114] + Mmap 
  [44cfe95a] + Pkg 
  [de0858da] + Printf 
  [3fa0cd96] + REPL 
  [9a3f8284] + Random 
  [ea8e919c] + SHA 
  [9e88b42a] + Serialization 
  [1a1011a3] + SharedArrays 
  [6462fe0b] + Sockets 
  [2f01184e] + SparseArrays 
  [10745b16] + Statistics 
  [4607b0f0] + SuiteSparse 
  [8dfed614] + Test 
  [cf7118a7] + UUIDs 
  [4ec0a83e] + Unicode 
   Building Conda ─────→ `~/.julia/packages/Conda/3rPhK/deps/build.log`
   Building NCDatasets → `~/.julia/packages/NCDatasets/DdZwu/deps/build.log`
    Testing DIVAnd
Status `/tmp/jl_2ZRk3I/Manifest.toml`
  [13072b0f] AxisAlgorithms v1.0.0
  [9e28174c] BinDeps v1.0.0
  [179af706] CFTime v0.1.0
  [34da2185] Compat v3.8.0
  [e66e0078] CompilerSupportLibraries_jll v0.3.3+0
  [8f4d0f93] Conda v1.4.1
  [a9693cdc] CondaBinDeps v0.2.0
  [efc8151c] DIVAnd v2.5.1
  [9a962f9c] DataAPI v1.1.0
  [864edb3b] DataStructures v0.17.11
  [e2d170a0] DataValueInterfaces v1.0.0
  [8f5d6c58] EzXML v1.1.0
  [cd3eb016] HTTP v0.8.13
  [83e8ac13] IniFile v0.5.0
  [a98d9a8b] Interpolations v0.12.9
  [82899510] IteratorInterfaceExtensions v1.0.0
  [682c06a0] JSON v0.21.0
  [94ce4f54] Libiconv_jll v1.16.0+2
  [739be429] MbedTLS v1.0.1
  [c8ffd9c3] MbedTLS_jll v2.16.0+1
  [e1d29d7a] Missings v0.4.3
  [ffc61752] Mustache v1.0.2
  [85f8d34a] NCDatasets v0.9.4
  [6fe1bfb0] OffsetArrays v1.0.4
  [efe28fd5] OpenSpecFun_jll v0.5.3+3
  [bac558e1] OrderedCollections v1.1.0
  [69de0a69] Parsers v1.0.1
  [c84ed2f1] Ratios v0.4.0
  [276daf66] SpecialFunctions v0.10.0
  [90137ffa] StaticArrays v0.12.1
  [3783bdb8] TableTraits v1.0.0
  [bd369af6] Tables v1.0.3
  [30578b45] URIParser v0.4.0
  [81def892] VersionParsing v1.2.0
  [efce3f68] WoodburyMatrices v0.5.2
  [02c8fc9c] XML2_jll v2.9.9+2
  [a5390f91] ZipFile v0.9.1
  [83775a58] Zlib_jll v1.2.11+9
  [2a0f44e3] Base64 
  [ade2ca70] Dates 
  [8bb1440f] DelimitedFiles 
  [8ba89e20] Distributed 
  [b77e0a4c] InteractiveUtils 
  [76f85450] LibGit2 
  [8f399da3] Libdl 
  [37e2e46d] LinearAlgebra 
  [56ddb016] Logging 
  [d6f4376e] Markdown 
  [a63ad114] Mmap 
  [44cfe95a] Pkg 
  [de0858da] Printf 
  [3fa0cd96] REPL 
  [9a3f8284] Random 
  [ea8e919c] SHA 
  [9e88b42a] Serialization 
  [1a1011a3] SharedArrays 
  [6462fe0b] Sockets 
  [2f01184e] SparseArrays 
  [10745b16] Statistics 
  [4607b0f0] SuiteSparse 
  [8dfed614] Test 
  [cf7118a7] UUIDs 
  [4ec0a83e] Unicode 
  0.000111 seconds (34 allocations: 1.375 KiB)
  0.000002 seconds (1 allocation: 96 bytes)
  0.849669 seconds (1.40 M allocations: 65.416 MiB, 11.03% gc time)
DIVAnd: Test Failed at /home/pkgeval/.julia/packages/DIVAnd/rJCtr/test/test_quadtrees.jl:153
  Expression: dup == [[1], [2]]
   Evaluated: [[], [2]] == [[1], [2]]
Stacktrace:
 [1] top-level scope at /home/pkgeval/.julia/packages/DIVAnd/rJCtr/test/test_quadtrees.jl:153
 [2] include(::String) at ./client.jl:439
 [3] top-level scope at /home/pkgeval/.julia/packages/DIVAnd/rJCtr/test/runtests.jl:15
 [4] top-level scope at /buildworker/worker/package_linux64/build/usr/share/julia/stdlib/v1.4/Test/src/Test.jl:1113
 [5] top-level scope at /home/pkgeval/.julia/packages/DIVAnd/rJCtr/test/runtests.jl:15
[ Info: number of windows: 1
[ Info: number of windows: 1
maximum(fi) = 0.5738757056115944
maximum(fi) = 0.4925870832479772
maximum(fi) = 0.854828571591056
maximum(fi) = 0.63067886804006
maximum(fi) = 0.5010709005704764
[ Info: download observations /home/pkgeval/.julia/packages/DIVAnd/rJCtr/test/../../DIVAnd-example-data/Provencal/WOD-Salinity.nc
[ Info: Time step 1 / 4
[ Info: Time step 2 / 4
[ Info: Time step 3 / 4
[ Info: Time step 4 / 4
[ Info: Reading data from file /home/pkgeval/.julia/packages/DIVAnd/rJCtr/test/../data/time_series_small.txt
[ Info: No. of profiles in the file: 2
[ Info: Working on variable Water body dissolved oxygen concentration
[ Info: Starting loop on the 2 profiles
[ Info: Done reading the profiles
[ Info: download bathymetry /home/pkgeval/.julia/packages/DIVAnd/rJCtr/test/../../DIVAnd-example-data/Global/Bathymetry/gebco_30sec_16.nc
[ Info: download bathymetry /home/pkgeval/.julia/packages/DIVAnd/rJCtr/test/../../DIVAnd-example-data/Global/Bathymetry/gebco_30sec_8.nc
[ Info: Computing weights using 2 CPU thread(s)
[ Info: download currents /home/pkgeval/.julia/packages/DIVAnd/rJCtr/test/../../DIVAnd-example-data/Adriatic/all-monthly-currents-2018.nc
[ Info: average vozocrtx
[ Info: time instance 1 of 4
[ Info: time instance 2 of 4
[ Info: time instance 3 of 4
[ Info: time instance 4 of 4
[ Info: average vomecrty
[ Info: time instance 1 of 4
[ Info: time instance 2 of 4
[ Info: time instance 3 of 4
[ Info: time instance 4 of 4
[ Info: analysis uses the velocity time index 1
[ Info: download bathymetry /home/pkgeval/.julia/packages/DIVAnd/rJCtr/test/../../DIVAnd-example-data/Global/Bathymetry/gebco_30sec_16.nc
[ Info: download observations /home/pkgeval/.julia/packages/DIVAnd/rJCtr/test/../../DIVAnd-example-data/Provencal/WOD-Salinity.nc
[ Info: download bathymetry /home/pkgeval/.julia/packages/DIVAnd/rJCtr/test/../../DIVAnd-example-data/Global/Bathymetry/gebco_30sec_16.nc
[ Info: download observations /home/pkgeval/.julia/packages/DIVAnd/rJCtr/test/../../DIVAnd-example-data/Provencal/WOD-Salinity.nc
┌ Warning: Unoptimized versions do not allow for cross validation
└ @ DIVAnd ~/.julia/packages/DIVAnd/rJCtr/src/DIVAnd_heatmap.jl:98
┌ Warning: Method GridKernel does not allow for cross validation. If you need the latter, force myheatmapmethod to DataKernel
└ @ DIVAnd ~/.julia/packages/DIVAnd/rJCtr/src/DIVAnd_heatmap.jl:93
┌ Warning: Method GridKernel does not allow for cross validation. If you need the latter, force myheatmapmethod to DataKernel
└ @ DIVAnd ~/.julia/packages/DIVAnd/rJCtr/src/DIVAnd_heatmap.jl:93
┌ Warning: Data array size (150,) is larger then maximum 100. Superobservations will be created. To avoid, increase nmax to the desired number of superobs
└ @ DIVAnd ~/.julia/packages/DIVAnd/rJCtr/src/DIVAnd_heatmap.jl:48
Test Summary: | Pass  Fail  Total
DIVAnd        |  465     1    466
ERROR: LoadError: Some tests did not pass: 465 passed, 1 failed, 0 errored, 0 broken.
in expression starting at /home/pkgeval/.julia/packages/DIVAnd/rJCtr/test/runtests.jl:14
ERROR: Package DIVAnd errored during testing
Stacktrace:
 [1] pkgerror(::String, ::Vararg{String,N} where N) at /buildworker/worker/package_linux64/build/usr/share/julia/stdlib/v1.4/Pkg/src/Types.jl:53
 [2] test(::Pkg.Types.Context, ::Array{Pkg.Types.PackageSpec,1}; coverage::Bool, julia_args::Cmd, test_args::Cmd, test_fn::Nothing) at /buildworker/worker/package_linux64/build/usr/share/julia/stdlib/v1.4/Pkg/src/Operations.jl:1503
 [3] test(::Pkg.Types.Context, ::Array{Pkg.Types.PackageSpec,1}; coverage::Bool, test_fn::Nothing, julia_args::Cmd, test_args::Cmd, kwargs::Base.Iterators.Pairs{Union{},Union{},Tuple{},NamedTuple{(),Tuple{}}}) at /buildworker/worker/package_linux64/build/usr/share/julia/stdlib/v1.4/Pkg/src/API.jl:316
 [4] test(::Pkg.Types.Context, ::Array{Pkg.Types.PackageSpec,1}) at /buildworker/worker/package_linux64/build/usr/share/julia/stdlib/v1.4/Pkg/src/API.jl:303
 [5] #test#68 at /buildworker/worker/package_linux64/build/usr/share/julia/stdlib/v1.4/Pkg/src/API.jl:297 [inlined]
 [6] test at /buildworker/worker/package_linux64/build/usr/share/julia/stdlib/v1.4/Pkg/src/API.jl:297 [inlined]
 [7] #test#67 at /buildworker/worker/package_linux64/build/usr/share/julia/stdlib/v1.4/Pkg/src/API.jl:296 [inlined]
 [8] test at /buildworker/worker/package_linux64/build/usr/share/julia/stdlib/v1.4/Pkg/src/API.jl:296 [inlined]
 [9] test(::String; kwargs::Base.Iterators.Pairs{Union{},Union{},Tuple{},NamedTuple{(),Tuple{}}}) at /buildworker/worker/package_linux64/build/usr/share/julia/stdlib/v1.4/Pkg/src/API.jl:295
 [10] test(::String) at /buildworker/worker/package_linux64/build/usr/share/julia/stdlib/v1.4/Pkg/src/API.jl:295
 [11] top-level scope at none:16
