Julia Version 1.3.1
Commit 2d5741174c (2019-12-30 21:36 UTC)
Platform Info:
  OS: Linux (x86_64-pc-linux-gnu)
  CPU: AMD Ryzen Threadripper 2990WX 32-Core Processor
  WORD_SIZE: 64
  LIBM: libopenlibm
  LLVM: libLLVM-6.0.1 (ORCJIT, znver1)
Environment:
  JULIA_DEPOT_PATH = ::/usr/local/share/julia
  JULIA_NUM_THREADS = 2

 Resolving package versions...
 Installed Rmath_jll ──────────────────── v0.2.2+0
 Installed OpenBLAS_jll ───────────────── v0.3.7+7
 Installed LeftChildRightSiblingTrees ─── v0.1.2
 Installed StatsFuns ──────────────────── v0.9.4
 Installed QuadGK ─────────────────────── v2.3.1
 Installed MacroTools ─────────────────── v0.5.4
 Installed StatsBase ──────────────────── v0.32.2
 Installed DynamicPPL ─────────────────── v0.4.2
 Installed DataAPI ────────────────────── v1.1.0
 Installed ProgressMeter ──────────────── v1.2.0
 Installed FillArrays ─────────────────── v0.8.5
 Installed CompilerSupportLibraries_jll ─ v0.2.0+1
 Installed NNlib ──────────────────────── v0.6.6
 Installed LoggingExtras ──────────────── v0.4.0
 Installed Bijectors ──────────────────── v0.6.2
 Installed ArgCheck ───────────────────── v2.0.0
 Installed Arpack_jll ─────────────────── v3.5.0+2
 Installed Roots ──────────────────────── v1.0.0
 Installed ProgressLogging ────────────── v0.1.2
 Installed MappedArrays ───────────────── v0.2.2
 Installed Arpack ─────────────────────── v0.4.0
 Installed Requires ───────────────────── v1.0.1
 Installed TerminalLoggers ────────────── v0.1.1
 Installed SpecialFunctions ───────────── v0.10.0
 Installed DataStructures ─────────────── v0.17.10
 Installed Compat ─────────────────────── v3.8.0
 Installed Rmath ──────────────────────── v0.6.1
 Installed AbstractTrees ──────────────── v0.3.2
 Installed SortingAlgorithms ──────────── v0.3.1
 Installed Reexport ───────────────────── v0.2.0
 Installed PDMats ─────────────────────── v0.9.12
 Installed OrderedCollections ─────────── v1.1.0
 Installed ConsoleProgressMonitor ─────── v0.1.2
 Installed BinaryProvider ─────────────── v0.5.8
 Installed AbstractMCMC ───────────────── v0.5.3
 Installed Missings ───────────────────── v0.4.3
 Installed OpenSpecFun_jll ────────────── v0.5.3+3
 Installed Distributions ──────────────── v0.22.5
  Updating `~/.julia/environments/v1.3/Project.toml`
  [366bfd00] + DynamicPPL v0.4.2
  Updating `~/.julia/environments/v1.3/Manifest.toml`
  [80f14c24] + AbstractMCMC v0.5.3
  [1520ce14] + AbstractTrees v0.3.2
  [dce04be8] + ArgCheck v2.0.0
  [7d9fca2a] + Arpack v0.4.0
  [68821587] + Arpack_jll v3.5.0+2
  [76274a88] + Bijectors v0.6.2
  [b99e7846] + BinaryProvider v0.5.8
  [34da2185] + Compat v3.8.0
  [e66e0078] + CompilerSupportLibraries_jll v0.2.0+1
  [88cd18e8] + ConsoleProgressMonitor v0.1.2
  [9a962f9c] + DataAPI v1.1.0
  [864edb3b] + DataStructures v0.17.10
  [31c24e10] + Distributions v0.22.5
  [366bfd00] + DynamicPPL v0.4.2
  [1a297f60] + FillArrays v0.8.5
  [1d6d02ad] + LeftChildRightSiblingTrees v0.1.2
  [e6f89c97] + LoggingExtras v0.4.0
  [1914dd2f] + MacroTools v0.5.4
  [dbb5928d] + MappedArrays v0.2.2
  [e1d29d7a] + Missings v0.4.3
  [872c559c] + NNlib v0.6.6
  [4536629a] + OpenBLAS_jll v0.3.7+7
  [efe28fd5] + OpenSpecFun_jll v0.5.3+3
  [bac558e1] + OrderedCollections v1.1.0
  [90014a1f] + PDMats v0.9.12
  [33c8b6b6] + ProgressLogging v0.1.2
  [92933f4c] + ProgressMeter v1.2.0
  [1fd47b50] + QuadGK v2.3.1
  [189a3867] + Reexport v0.2.0
  [ae029012] + Requires v1.0.1
  [79098fc4] + Rmath v0.6.1
  [f50d1b31] + Rmath_jll v0.2.2+0
  [f2b01f46] + Roots v1.0.0
  [a2af1166] + SortingAlgorithms v0.3.1
  [276daf66] + SpecialFunctions v0.10.0
  [2913bbd2] + StatsBase v0.32.2
  [4c63d2b9] + StatsFuns v0.9.4
  [5d786b92] + TerminalLoggers v0.1.1
  [2a0f44e3] + Base64 
  [ade2ca70] + Dates 
  [8bb1440f] + DelimitedFiles 
  [8ba89e20] + Distributed 
  [b77e0a4c] + InteractiveUtils 
  [76f85450] + LibGit2 
  [8f399da3] + Libdl 
  [37e2e46d] + LinearAlgebra 
  [56ddb016] + Logging 
  [d6f4376e] + Markdown 
  [a63ad114] + Mmap 
  [44cfe95a] + Pkg 
  [de0858da] + Printf 
  [3fa0cd96] + REPL 
  [9a3f8284] + Random 
  [ea8e919c] + SHA 
  [9e88b42a] + Serialization 
  [1a1011a3] + SharedArrays 
  [6462fe0b] + Sockets 
  [2f01184e] + SparseArrays 
  [10745b16] + Statistics 
  [4607b0f0] + SuiteSparse 
  [8dfed614] + Test 
  [cf7118a7] + UUIDs 
  [4ec0a83e] + Unicode 
  Building NNlib → `~/.julia/packages/NNlib/FAI3o/deps/build.log`
   Testing DynamicPPL
 Resolving package versions...
ERROR: Unsatisfiable requirements detected for package TransformVariables [84d833dd]:
 TransformVariables [84d833dd] log:
 ├─possible versions are: [0.1.0-0.1.4, 0.2.0, 0.3.0-0.3.9] or uninstalled
 ├─restricted by compatibility requirements with LogDensityProblems [6fdf6af0] to versions: [0.1.0-0.1.4, 0.2.0, 0.3.0-0.3.9]
 │ └─LogDensityProblems [6fdf6af0] log:
 │   ├─possible versions are: [0.2.0, 0.3.0, 0.4.0-0.4.1, 0.5.0-0.5.1, 0.6.0, 0.8.0-0.8.3, 0.9.0-0.9.2, 0.10.0-0.10.3] or uninstalled
 │   ├─restricted to versions * by an explicit requirement, leaving only versions [0.2.0, 0.3.0, 0.4.0-0.4.1, 0.5.0-0.5.1, 0.6.0, 0.8.0-0.8.3, 0.9.0-0.9.2, 0.10.0-0.10.3]
 │   ├─restricted by compatibility requirements with Requires [ae029012] to versions: [0.2.0, 0.3.0, 0.4.0, 0.10.1-0.10.3] or uninstalled, leaving only versions: [0.2.0, 0.3.0, 0.4.0, 0.10.1-0.10.3]
 │   │ └─Requires [ae029012] log:
 │   │   ├─possible versions are: [0.5.0-0.5.2, 1.0.0-1.0.1] or uninstalled
 │   │   └─restricted to versions 1.0.1 by an explicit requirement, leaving only versions 1.0.1
 │   └─restricted by compatibility requirements with ArgCheck [dce04be8] to versions: 0.10.2-0.10.3 or uninstalled, leaving only versions: 0.10.2-0.10.3
 │     └─ArgCheck [dce04be8] log:
 │       ├─possible versions are: [0.7.0, 1.0.0-1.0.1, 1.1.0, 2.0.0] or uninstalled
 │       └─restricted to versions 2.0.0 by an explicit requirement, leaving only versions 2.0.0
 └─restricted by compatibility requirements with ArgCheck [dce04be8] to versions: uninstalled — no versions left
   └─ArgCheck [dce04be8] log: see above
Stacktrace:
 [1] #propagate_constraints!#61(::Bool, ::typeof(Pkg.GraphType.propagate_constraints!), ::Pkg.GraphType.Graph, ::Set{Int64}) at /buildworker/worker/package_linux64/build/usr/share/julia/stdlib/v1.3/Pkg/src/GraphType.jl:1007
 [2] propagate_constraints! at /buildworker/worker/package_linux64/build/usr/share/julia/stdlib/v1.3/Pkg/src/GraphType.jl:948 [inlined]
 [3] #simplify_graph!#121(::Bool, ::typeof(Pkg.GraphType.simplify_graph!), ::Pkg.GraphType.Graph, ::Set{Int64}) at /buildworker/worker/package_linux64/build/usr/share/julia/stdlib/v1.3/Pkg/src/GraphType.jl:1462
 [4] simplify_graph! at /buildworker/worker/package_linux64/build/usr/share/julia/stdlib/v1.3/Pkg/src/GraphType.jl:1462 [inlined]
 [5] _resolve_versions!(::Pkg.Types.Context, ::Array{Pkg.Types.PackageSpec,1}, ::Nothing) at /buildworker/worker/package_linux64/build/usr/share/julia/stdlib/v1.3/Pkg/src/backwards_compatible_isolation.jl:148
 [6] _resolve_versions! at /buildworker/worker/package_linux64/build/usr/share/julia/stdlib/v1.3/Pkg/src/backwards_compatible_isolation.jl:93 [inlined]
 [7] #_add_or_develop#26(::Array{Base.UUID,1}, ::Symbol, ::typeof(Pkg.Operations._add_or_develop), ::Pkg.Types.Context, ::Array{Pkg.Types.PackageSpec,1}) at /buildworker/worker/package_linux64/build/usr/share/julia/stdlib/v1.3/Pkg/src/backwards_compatible_isolation.jl:348
 [8] _add_or_develop at /buildworker/worker/package_linux64/build/usr/share/julia/stdlib/v1.3/Pkg/src/backwards_compatible_isolation.jl:333 [inlined]
 [9] (::Pkg.Operations.var"#30#36"{Bool,Pkg.Operations.var"#42#44"{Pkg.Types.Context,Pkg.Types.PackageSpec,Pkg.Operations.var"#41#43"{Pkg.Types.Context,Pkg.Types.PackageSpec,Array{String,1},Cmd}},Pkg.Types.Context,Pkg.Types.PackageSpec,Pkg.Types.Context,Set{Base.UUID},Set{Base.UUID},Array{Pkg.Types.PackageSpec,1}})(::String) at /buildworker/worker/package_linux64/build/usr/share/julia/stdlib/v1.3/Pkg/src/backwards_compatible_isolation.jl:537
 [10] #mktempdir#18(::String, ::typeof(mktempdir), ::Pkg.Operations.var"#30#36"{Bool,Pkg.Operations.var"#42#44"{Pkg.Types.Context,Pkg.Types.PackageSpec,Pkg.Operations.var"#41#43"{Pkg.Types.Context,Pkg.Types.PackageSpec,Array{String,1},Cmd}},Pkg.Types.Context,Pkg.Types.PackageSpec,Pkg.Types.Context,Set{Base.UUID},Set{Base.UUID},Array{Pkg.Types.PackageSpec,1}}, ::String) at ./file.jl:634
 [11] mktempdir at ./file.jl:632 [inlined] (repeats 2 times)
 [12] #with_dependencies_loadable_at_toplevel#27(::Bool, ::typeof(Pkg.Operations.with_dependencies_loadable_at_toplevel), ::Pkg.Operations.var"#42#44"{Pkg.Types.Context,Pkg.Types.PackageSpec,Pkg.Operations.var"#41#43"{Pkg.Types.Context,Pkg.Types.PackageSpec,Array{String,1},Cmd}}, ::Pkg.Types.Context, ::Pkg.Types.PackageSpec) at /buildworker/worker/package_linux64/build/usr/share/julia/stdlib/v1.3/Pkg/src/backwards_compatible_isolation.jl:516
 [13] #with_dependencies_loadable_at_toplevel at ./none:0 [inlined]
 [14] #backwards_compatibility_for_test#40(::Cmd, ::Cmd, ::typeof(Pkg.Operations.backwards_compatibility_for_test), ::Pkg.Types.Context, ::Pkg.Types.PackageSpec, ::String, ::Array{String,1}, ::Bool) at /buildworker/worker/package_linux64/build/usr/share/julia/stdlib/v1.3/Pkg/src/backwards_compatible_isolation.jl:608
 [15] #backwards_compatibility_for_test at ./none:0 [inlined]
 [16] #test#131(::Bool, ::Nothing, ::Cmd, ::Cmd, ::typeof(Pkg.Operations.test), ::Pkg.Types.Context, ::Array{Pkg.Types.PackageSpec,1}) at /buildworker/worker/package_linux64/build/usr/share/julia/stdlib/v1.3/Pkg/src/Operations.jl:1347
 [17] #test at ./none:0 [inlined]
 [18] #test#62(::Bool, ::Nothing, ::Cmd, ::Cmd, ::Base.Iterators.Pairs{Union{},Union{},Tuple{},NamedTuple{(),Tuple{}}}, ::typeof(Pkg.API.test), ::Pkg.Types.Context, ::Array{Pkg.Types.PackageSpec,1}) at /buildworker/worker/package_linux64/build/usr/share/julia/stdlib/v1.3/Pkg/src/API.jl:253
 [19] test(::Pkg.Types.Context, ::Array{Pkg.Types.PackageSpec,1}) at /buildworker/worker/package_linux64/build/usr/share/julia/stdlib/v1.3/Pkg/src/API.jl:239
 [20] #test#61 at /buildworker/worker/package_linux64/build/usr/share/julia/stdlib/v1.3/Pkg/src/API.jl:233 [inlined]
 [21] test at /buildworker/worker/package_linux64/build/usr/share/julia/stdlib/v1.3/Pkg/src/API.jl:233 [inlined]
 [22] #test#60 at /buildworker/worker/package_linux64/build/usr/share/julia/stdlib/v1.3/Pkg/src/API.jl:232 [inlined]
 [23] test at /buildworker/worker/package_linux64/build/usr/share/julia/stdlib/v1.3/Pkg/src/API.jl:232 [inlined]
 [24] #test#59(::Base.Iterators.Pairs{Union{},Union{},Tuple{},NamedTuple{(),Tuple{}}}, ::typeof(Pkg.API.test), ::String) at /buildworker/worker/package_linux64/build/usr/share/julia/stdlib/v1.3/Pkg/src/API.jl:231
 [25] test(::String) at /buildworker/worker/package_linux64/build/usr/share/julia/stdlib/v1.3/Pkg/src/API.jl:231
 [26] top-level scope at none:13
