Julia Version 1.4.0
Commit b8e9a9ecc6 (2020-03-21 16:36 UTC)
Platform Info:
  OS: Linux (x86_64-pc-linux-gnu)
  CPU: AMD Ryzen Threadripper 2990WX 32-Core Processor
  WORD_SIZE: 64
  LIBM: libopenlibm
  LLVM: libLLVM-8.0.1 (ORCJIT, znver1)
Environment:
  JULIA_DEPOT_PATH = ::/usr/local/share/julia
  JULIA_NUM_THREADS = 2

  Resolving package versions...
  Installed URIParser ─────────── v0.4.0
  Installed Rmath ─────────────── v0.6.1
  Installed OrderedCollections ── v1.1.0
  Installed BinDeps ───────────── v1.0.0
  Installed OpenBLAS_jll ──────── v0.3.7+8
  Installed PDMats ────────────── v0.9.12
  Installed Compat ────────────── v3.8.0
    Cloning [e1d29d7a-bbdc-5cf2-9ac0-f12de2c33e28] Missings from https://github.com/JuliaData/Missings.jl.git
[?25l    Fetching: [>                                        ]  0.0 %[2K[?25h  Installed Missings ──────────── v0.4.3
    Cloning [2fe49d83-0758-5602-8f54-1f90ad0d522b] Expectations from https://github.com/QuantEcon/Expectations.jl.git
[?25l    Fetching: [>                                        ]  0.0 %[2K[?25h  Installed Expectations ──────── v1.3.0
    Cloning [9a962f9c-6df0-11e9-0e5d-c546b8b5ee8a] DataAPI from https://github.com/JuliaData/DataAPI.jl.git
[?25l    Fetching: [>                                        ]  0.0 %[2K[?25h  Installed DataAPI ───────────── v1.1.0
    Cloning [276daf66-3868-5448-9aa4-cd146d93841b] SpecialFunctions from https://github.com/JuliaMath/SpecialFunctions.jl.git
[?25l    Fetching: [>                                        ]  0.0 %[2K[?25h  Installed SpecialFunctions ──── v0.8.0
    Cloning [4c63d2b9-4356-54db-8cca-17b64c39e42c] StatsFuns from https://github.com/JuliaStats/StatsFuns.jl.git
[?25l    Fetching: [>                                        ]  0.0 %[2K[?25h  Installed StatsFuns ─────────── v0.9.4
    Cloning [a2af1166-a08f-5f64-846c-94a0d3cef48c] SortingAlgorithms from https://github.com/JuliaCollections/SortingAlgorithms.jl.git
[?25l    Fetching: [>                                        ]  0.0 %[2K[?25h  Installed SortingAlgorithms ─── v0.3.1
    Cloning [1fd47b50-473d-5c70-9696-f719f8f3bcdc] QuadGK from https://github.com/JuliaMath/QuadGK.jl.git
[?25l    Fetching: [>                                        ]  0.0 %[2K[?25h  Installed QuadGK ────────────── v2.3.1
    Cloning [1a297f60-69ca-5386-bcde-b61e274b549b] FillArrays from https://github.com/JuliaArrays/FillArrays.jl.git
[?25l    Fetching: [>                                        ]  0.0 %[2K[?25h  Installed FillArrays ────────── v0.8.5
    Cloning [f50d1b31-88e8-58de-be2c-1cc44531875f] Rmath_jll from https://github.com/JuliaBinaryWrappers/Rmath_jll.jl.git
[?25l    Fetching: [>                                        ]  0.0 %[2K[?25h  Installed Rmath_jll ─────────── v0.2.2+0
    Cloning [7d9fca2a-8960-54d3-9f78-7d1dccf2cb97] Arpack from https://github.com/JuliaLinearAlgebra/Arpack.jl.git
[?25l    Fetching: [>                                        ]  0.0 %[2K[?25h  Installed Arpack ────────────── v0.4.0
    Cloning [2913bbd2-ae8a-5f71-8c99-4fb6c76f3a91] StatsBase from https://github.com/JuliaStats/StatsBase.jl.git
[?25l    Fetching: [>                                        ]  0.0 %[2K[?25h  Installed StatsBase ─────────── v0.32.2
    Cloning [b99e7846-7c00-51b0-8f62-c81ae34c0232] BinaryProvider from https://github.com/JuliaPackaging/BinaryProvider.jl.git
[?25l    Fetching: [>                                        ]  0.0 %[2K[?25h  Installed BinaryProvider ────── v0.5.8
    Cloning [864edb3b-99cc-5e75-8d2d-829cb0a9cfe8] DataStructures from https://github.com/JuliaCollections/DataStructures.jl.git
[?25l    Fetching: [>                                        ]  0.0 %[2K[?25h  Installed DataStructures ────── v0.17.10
    Cloning [442a2c76-b920-505d-bb47-c5924d526838] FastGaussQuadrature from https://github.com/JuliaApproximation/FastGaussQuadrature.jl.git
[?25l    Fetching: [>                                        ]  0.0 %[2K[?25h  Installed FastGaussQuadrature ─ v0.4.2
    Cloning [31c24e10-a181-5473-b8eb-7969acd0382f] Distributions from https://github.com/JuliaStats/Distributions.jl.git
[?25l    Fetching: [>                                        ]  0.0 %[2K[?25h  Installed Distributions ─────── v0.22.6
    Cloning [68821587-b530-5797-8361-c406ea357684] Arpack_jll from https://github.com/JuliaBinaryWrappers/Arpack_jll.jl.git
[?25l    Fetching: [>                                        ]  0.0 %[2K[?25h  Installed Arpack_jll ────────── v3.5.0+2
   Updating `~/.julia/environments/v1.4/Project.toml`
  [2fe49d83] + Expectations v1.3.0
   Updating `~/.julia/environments/v1.4/Manifest.toml`
  [7d9fca2a] + Arpack v0.4.0
  [68821587] + Arpack_jll v3.5.0+2
  [9e28174c] + BinDeps v1.0.0
  [b99e7846] + BinaryProvider v0.5.8
  [34da2185] + Compat v3.8.0
  [9a962f9c] + DataAPI v1.1.0
  [864edb3b] + DataStructures v0.17.10
  [31c24e10] + Distributions v0.22.6
  [2fe49d83] + Expectations v1.3.0
  [442a2c76] + FastGaussQuadrature v0.4.2
  [1a297f60] + FillArrays v0.8.5
  [e1d29d7a] + Missings v0.4.3
  [4536629a] + OpenBLAS_jll v0.3.7+8
  [bac558e1] + OrderedCollections v1.1.0
  [90014a1f] + PDMats v0.9.12
  [1fd47b50] + QuadGK v2.3.1
  [79098fc4] + Rmath v0.6.1
  [f50d1b31] + Rmath_jll v0.2.2+0
  [a2af1166] + SortingAlgorithms v0.3.1
  [276daf66] + SpecialFunctions v0.8.0
  [2913bbd2] + StatsBase v0.32.2
  [4c63d2b9] + StatsFuns v0.9.4
  [30578b45] + URIParser v0.4.0
  [2a0f44e3] + Base64 
  [ade2ca70] + Dates 
  [8bb1440f] + DelimitedFiles 
  [8ba89e20] + Distributed 
  [b77e0a4c] + InteractiveUtils 
  [76f85450] + LibGit2 
  [8f399da3] + Libdl 
  [37e2e46d] + LinearAlgebra 
  [56ddb016] + Logging 
  [d6f4376e] + Markdown 
  [a63ad114] + Mmap 
  [44cfe95a] + Pkg 
  [de0858da] + Printf 
  [3fa0cd96] + REPL 
  [9a3f8284] + Random 
  [ea8e919c] + SHA 
  [9e88b42a] + Serialization 
  [1a1011a3] + SharedArrays 
  [6462fe0b] + Sockets 
  [2f01184e] + SparseArrays 
  [10745b16] + Statistics 
  [4607b0f0] + SuiteSparse 
  [8dfed614] + Test 
  [cf7118a7] + UUIDs 
  [4ec0a83e] + Unicode 
   Building SpecialFunctions → `~/.julia/packages/SpecialFunctions/ne2iw/deps/build.log`
    Testing Expectations
Status `/tmp/jl_fQsO6i/Manifest.toml`
  [7d9fca2a] Arpack v0.4.0
  [68821587] Arpack_jll v3.5.0+2
  [9e28174c] BinDeps v1.0.0
  [b99e7846] BinaryProvider v0.5.8
  [34da2185] Compat v3.8.0
  [9a962f9c] DataAPI v1.1.0
  [864edb3b] DataStructures v0.17.10
  [31c24e10] Distributions v0.22.6
  [2fe49d83] Expectations v1.3.0
  [442a2c76] FastGaussQuadrature v0.4.2
  [1a297f60] FillArrays v0.8.5
  [e1d29d7a] Missings v0.4.3
  [4536629a] OpenBLAS_jll v0.3.7+8
  [bac558e1] OrderedCollections v1.1.0
  [90014a1f] PDMats v0.9.12
  [1fd47b50] QuadGK v2.3.1
  [79098fc4] Rmath v0.6.1
  [f50d1b31] Rmath_jll v0.2.2+0
  [a2af1166] SortingAlgorithms v0.3.1
  [276daf66] SpecialFunctions v0.8.0
  [2913bbd2] StatsBase v0.32.2
  [4c63d2b9] StatsFuns v0.9.4
  [30578b45] URIParser v0.4.0
  [2a0f44e3] Base64 
  [ade2ca70] Dates 
  [8bb1440f] DelimitedFiles 
  [8ba89e20] Distributed 
  [b77e0a4c] InteractiveUtils 
  [76f85450] LibGit2 
  [8f399da3] Libdl 
  [37e2e46d] LinearAlgebra 
  [56ddb016] Logging 
  [d6f4376e] Markdown 
  [a63ad114] Mmap 
  [44cfe95a] Pkg 
  [de0858da] Printf 
  [3fa0cd96] REPL 
  [9a3f8284] Random 
  [ea8e919c] SHA 
  [9e88b42a] Serialization 
  [1a1011a3] SharedArrays 
  [6462fe0b] Sockets 
  [2f01184e] SparseArrays 
  [10745b16] Statistics 
  [4607b0f0] SuiteSparse 
  [8dfed614] Test 
  [cf7118a7] UUIDs 
  [4ec0a83e] Unicode 
WARNING: Compat.LinearAlgebra is deprecated, use LinearAlgebra instead.
  likely near /home/pkgeval/.julia/packages/Expectations/NKmWV/src/Expectations.jl:7
Normal{Float64}(μ=1.23, σ=3.45)
Exponential{Float64}(θ=2.12)
Gamma{Float64}(α=4.3, θ=1.0)
Gamma{Float64}(α=2.2, θ=3.1)
Erlang{Float64}(α=2, θ=3.0)
Beta{Float64}(α=2.123, β=2.123)
LogNormal{Float64}(μ=4.5, σ=1.0)
DiscreteUniform(a=1, b=10)
Chisq{Float64}(ν=3.0)
Uniform{Float64}(a=1.0, b=200.0)
Binomial{Float64}(n=101, p=0.45)
DiscreteNonParametric{Int64,Float64,Base.OneTo{Int64},Array{Float64,1}}(support=Base.OneTo(4), p=[0.2, 0.35, 0.15, 0.3])
Test Summary:          | Pass  Total
Iterable distributions |  156    156
MixtureModel{Distribution{Univariate,Continuous}}(K = 3)
components[1] (prior = 0.3333): Uniform{Float64}(a=0.0, b=1.0)
components[2] (prior = 0.3333): Normal{Float64}(μ=0.0, σ=1.0)
components[3] (prior = 0.3333): LogNormal{Float64}(μ=0.0, σ=1.0)

MixtureModel{Distribution{Univariate,Continuous}}(K = 2)
components[1] (prior = 0.5000): Uniform{Float64}(a=1.0, b=10.0)
components[2] (prior = 0.5000): Gamma{Float64}(α=1.0, θ=1.0)

MixtureModel{Distribution{Univariate,Continuous}}(K = 2)
components[1] (prior = 0.5000): Uniform{Float64}(a=1.0, b=100.0)
components[2] (prior = 0.5000): Normal{Float64}(μ=1.0, σ=1000.0)

MixtureModel{DiscreteUniform}(K = 2)
components[1] (prior = 0.5000): DiscreteUniform(a=1, b=10)
components[2] (prior = 0.5000): DiscreteUniform(a=1, b=10)

Test Summary:  | Pass  Total
Mixture models |   24     24
    Testing Expectations tests passed 
