Julia Version 1.4.0
Commit b8e9a9ecc6 (2020-03-21 16:36 UTC)
Platform Info:
  OS: Linux (x86_64-pc-linux-gnu)
  CPU: AMD Ryzen Threadripper 2990WX 32-Core Processor
  WORD_SIZE: 64
  LIBM: libopenlibm
  LLVM: libLLVM-8.0.1 (ORCJIT, znver1)
Environment:
  JULIA_DEPOT_PATH = ::/usr/local/share/julia
  JULIA_NUM_THREADS = 2

  Resolving package versions...
  Installed Missings ──────────────────── v0.4.3
  Installed DataAPI ───────────────────── v1.1.0
  Installed Reexport ──────────────────── v0.2.0
  Installed PooledArrays ──────────────── v0.5.3
  Installed TikzPictures ──────────────── v3.0.5
  Installed Tables ────────────────────── v1.0.3
  Installed LightGraphs ───────────────── v1.3.1
  Installed IteratorInterfaceExtensions ─ v1.0.0
  Installed LaTeXStrings ──────────────── v1.1.0
  Installed SimpleTraits ──────────────── v0.9.1
  Installed Nullables ─────────────────── v1.0.0
  Installed WeakRefStrings ────────────── v0.6.2
  Installed Parsers ───────────────────── v0.3.12
  Installed OrderedCollections ────────── v1.1.0
  Installed SortingAlgorithms ─────────── v0.3.1
  Installed ExprOptimization ──────────── v0.2.1
  Installed TikzGraphs ────────────────── v1.1.0
  Installed FilePathsBase ─────────────── v0.7.0
  Installed Compat ────────────────────── v2.2.0
    Cloning [e2d170a0-9d28-54be-80f0-106bbe20a464] DataValueInterfaces from https://github.com/queryverse/DataValueInterfaces.jl.git
[?25l    Fetching: [>                                        ]  0.0 %[2K[?25h  Installed DataValueInterfaces ───────── v1.0.0
    Cloning [39424ebd-4cf3-5550-a685-96706a953f40] TreeView from https://github.com/JuliaTeX/TreeView.jl.git
[?25l    Fetching: [>                                        ]  0.0 %[2K[?25h  Installed TreeView ──────────────────── v0.3.1
    Cloning [e7058ba0-a568-556c-b31a-209ee9d855a8] ExprRules from https://github.com/sisl/ExprRules.jl.git
[?25l    Fetching: [>                                        ]  0.0 %[2K[?25h  Installed ExprRules ─────────────────── v0.3.3
    Cloning [336ed68f-0bac-5ca0-87d4-7b16caf5d00b] CSV from https://github.com/JuliaData/CSV.jl.git
[?25l    Fetching: [>                                        ]  0.0 %[2K[?25h  Installed CSV ───────────────────────── v0.5.26
    Cloning [a93c6f00-e57d-5684-b7b6-d8193f3e46c0] DataFrames from https://github.com/JuliaData/DataFrames.jl.git
[?25l    Fetching: [>                                        ]  0.0 %    Fetching: [========================================>]  98.1 %[2K[?25h  Installed DataFrames ────────────────── v0.20.2
    Cloning [1520ce14-60c1-5f80-bbc7-55ef81b5835c] AbstractTrees from https://github.com/JuliaCollections/AbstractTrees.jl.git
[?25l    Fetching: [>                                        ]  0.0 %[2K[?25h  Installed AbstractTrees ─────────────── v0.3.2
    Cloning [d25df0c9-e2be-5dd7-82c8-3ad0b3e990b9] Inflate from https://github.com/GunnarFarneback/Inflate.jl.git
[?25l    Fetching: [>                                        ]  0.0 %[2K[?25h  Installed Inflate ───────────────────── v0.1.2
    Cloning [1914dd2f-81c6-5fcd-8719-6d5c9610ff09] MacroTools from https://github.com/MikeInnes/MacroTools.jl.git
[?25l    Fetching: [>                                        ]  0.0 %[2K[?25h  Installed MacroTools ────────────────── v0.5.5
    Cloning [ec485272-7323-5ecc-a04f-4719b315124d] ArnoldiMethod from https://github.com/haampie/ArnoldiMethod.jl.git
[?25l    Fetching: [>                                        ]  0.0 %[2K[?25h  Installed ArnoldiMethod ─────────────── v0.0.4
    Cloning [41ab1584-1d38-5bbf-9106-f11c6c58b48f] InvertedIndices from https://github.com/mbauman/InvertedIndices.jl.git
[?25l    Fetching: [>                                        ]  0.0 %[2K[?25h  Installed InvertedIndices ───────────── v1.0.0
    Cloning [bbf7d656-a473-5ed7-a52c-81e309532950] CommonSubexpressions from https://github.com/rdeits/CommonSubexpressions.jl.git
[?25l    Fetching: [>                                        ]  0.0 %[2K[?25h  Installed CommonSubexpressions ──────── v0.2.0
    Cloning [864edb3b-99cc-5e75-8d2d-829cb0a9cfe8] DataStructures from https://github.com/JuliaCollections/DataStructures.jl.git
[?25l    Fetching: [>                                        ]  0.0 %    Fetching: [============>                            ]  28.1 %[2K[?25h  Installed DataStructures ────────────── v0.17.10
    Cloning [a9c8d775-2e2e-55fc-8582-045d282d599e] CPUTime from https://github.com/schmrlng/CPUTime.jl.git
[?25l    Fetching: [>                                        ]  0.0 %[2K[?25h  Installed CPUTime ───────────────────── v0.1.0
    Cloning [2913bbd2-ae8a-5f71-8c99-4fb6c76f3a91] StatsBase from https://github.com/JuliaStats/StatsBase.jl.git
[?25l    Fetching: [>                                        ]  0.0 %[2K[?25h  Installed StatsBase ─────────────────── v0.32.2
    Cloning [324d7699-5711-5eae-9e2f-1d82baa6b597] CategoricalArrays from https://github.com/JuliaData/CategoricalArrays.jl.git
[?25l    Fetching: [>                                        ]  0.0 %[2K[?25h  Installed CategoricalArrays ─────────── v0.7.7
    Cloning [90137ffa-7385-5640-81b9-e52037218182] StaticArrays from https://github.com/JuliaArrays/StaticArrays.jl.git
[?25l    Fetching: [>                                        ]  0.0 %[2K[?25h  Installed StaticArrays ──────────────── v0.12.1
    Cloning [682c06a0-de6a-54ab-a142-c8b1cf79cde6] JSON from https://github.com/JuliaIO/JSON.jl.git
[?25l    Fetching: [>                                        ]  0.0 %[2K[?25h  Installed JSON ──────────────────────── v0.21.0
    Cloning [3783bdb8-4a98-5b6b-af9a-565f29a5fe9c] TableTraits from https://github.com/queryverse/TableTraits.jl.git
[?25l    Fetching: [>                                        ]  0.0 %[2K[?25h  Installed TableTraits ───────────────── v1.0.0
   Updating `~/.julia/environments/v1.4/Project.toml`
  [0d84ce59] + ExprOptimization v0.2.1
   Updating `~/.julia/environments/v1.4/Manifest.toml`
  [1520ce14] + AbstractTrees v0.3.2
  [ec485272] + ArnoldiMethod v0.0.4
  [a9c8d775] + CPUTime v0.1.0
  [336ed68f] + CSV v0.5.26
  [324d7699] + CategoricalArrays v0.7.7
  [bbf7d656] + CommonSubexpressions v0.2.0
  [34da2185] + Compat v2.2.0
  [9a962f9c] + DataAPI v1.1.0
  [a93c6f00] + DataFrames v0.20.2
  [864edb3b] + DataStructures v0.17.10
  [e2d170a0] + DataValueInterfaces v1.0.0
  [0d84ce59] + ExprOptimization v0.2.1
  [e7058ba0] + ExprRules v0.3.3
  [48062228] + FilePathsBase v0.7.0
  [d25df0c9] + Inflate v0.1.2
  [41ab1584] + InvertedIndices v1.0.0
  [82899510] + IteratorInterfaceExtensions v1.0.0
  [682c06a0] + JSON v0.21.0
  [b964fa9f] + LaTeXStrings v1.1.0
  [093fc24a] + LightGraphs v1.3.1
  [1914dd2f] + MacroTools v0.5.5
  [e1d29d7a] + Missings v0.4.3
  [4d1e1d77] + Nullables v1.0.0
  [bac558e1] + OrderedCollections v1.1.0
  [69de0a69] + Parsers v0.3.12
  [2dfb63ee] + PooledArrays v0.5.3
  [189a3867] + Reexport v0.2.0
  [699a6c99] + SimpleTraits v0.9.1
  [a2af1166] + SortingAlgorithms v0.3.1
  [90137ffa] + StaticArrays v0.12.1
  [2913bbd2] + StatsBase v0.32.2
  [3783bdb8] + TableTraits v1.0.0
  [bd369af6] + Tables v1.0.3
  [b4f28e30] + TikzGraphs v1.1.0
  [37f6aa50] + TikzPictures v3.0.5
  [39424ebd] + TreeView v0.3.1
  [ea10d353] + WeakRefStrings v0.6.2
  [2a0f44e3] + Base64 
  [ade2ca70] + Dates 
  [8bb1440f] + DelimitedFiles 
  [8ba89e20] + Distributed 
  [9fa8497b] + Future 
  [b77e0a4c] + InteractiveUtils 
  [76f85450] + LibGit2 
  [8f399da3] + Libdl 
  [37e2e46d] + LinearAlgebra 
  [56ddb016] + Logging 
  [d6f4376e] + Markdown 
  [a63ad114] + Mmap 
  [44cfe95a] + Pkg 
  [de0858da] + Printf 
  [3fa0cd96] + REPL 
  [9a3f8284] + Random 
  [ea8e919c] + SHA 
  [9e88b42a] + Serialization 
  [1a1011a3] + SharedArrays 
  [6462fe0b] + Sockets 
  [2f01184e] + SparseArrays 
  [10745b16] + Statistics 
  [8dfed614] + Test 
  [cf7118a7] + UUIDs 
  [4ec0a83e] + Unicode 
    Testing ExprOptimization
Status `/tmp/jl_tS5A0t/Manifest.toml`
  [1520ce14] AbstractTrees v0.3.2
  [ec485272] ArnoldiMethod v0.0.4
  [a9c8d775] CPUTime v0.1.0
  [336ed68f] CSV v0.5.26
  [324d7699] CategoricalArrays v0.7.7
  [bbf7d656] CommonSubexpressions v0.2.0
  [34da2185] Compat v2.2.0
  [9a962f9c] DataAPI v1.1.0
  [a93c6f00] DataFrames v0.20.2
  [864edb3b] DataStructures v0.17.10
  [e2d170a0] DataValueInterfaces v1.0.0
  [0d84ce59] ExprOptimization v0.2.1
  [e7058ba0] ExprRules v0.3.3
  [48062228] FilePathsBase v0.7.0
  [d25df0c9] Inflate v0.1.2
  [41ab1584] InvertedIndices v1.0.0
  [82899510] IteratorInterfaceExtensions v1.0.0
  [682c06a0] JSON v0.21.0
  [b964fa9f] LaTeXStrings v1.1.0
  [093fc24a] LightGraphs v1.3.1
  [1914dd2f] MacroTools v0.5.5
  [e1d29d7a] Missings v0.4.3
  [4d1e1d77] Nullables v1.0.0
  [bac558e1] OrderedCollections v1.1.0
  [69de0a69] Parsers v0.3.12
  [2dfb63ee] PooledArrays v0.5.3
  [189a3867] Reexport v0.2.0
  [699a6c99] SimpleTraits v0.9.1
  [a2af1166] SortingAlgorithms v0.3.1
  [90137ffa] StaticArrays v0.12.1
  [2913bbd2] StatsBase v0.32.2
  [3783bdb8] TableTraits v1.0.0
  [bd369af6] Tables v1.0.3
  [b4f28e30] TikzGraphs v1.1.0
  [37f6aa50] TikzPictures v3.0.5
  [39424ebd] TreeView v0.3.1
  [ea10d353] WeakRefStrings v0.6.2
  [2a0f44e3] Base64 
  [ade2ca70] Dates 
  [8bb1440f] DelimitedFiles 
  [8ba89e20] Distributed 
  [9fa8497b] Future 
  [b77e0a4c] InteractiveUtils 
  [76f85450] LibGit2 
  [8f399da3] Libdl 
  [37e2e46d] LinearAlgebra 
  [56ddb016] Logging 
  [d6f4376e] Markdown 
  [a63ad114] Mmap 
  [44cfe95a] Pkg 
  [de0858da] Printf 
  [3fa0cd96] REPL 
  [9a3f8284] Random 
  [ea8e919c] SHA 
  [9e88b42a] Serialization 
  [1a1011a3] SharedArrays 
  [6462fe0b] Sockets 
  [2f01184e] SparseArrays 
  [10745b16] Statistics 
  [8dfed614] Test 
  [cf7118a7] UUIDs 
  [4ec0a83e] Unicode 
    Testing ExprOptimization tests passed 
