Julia Version 1.4.0
Commit b8e9a9ecc6 (2020-03-21 16:36 UTC)
Platform Info:
  OS: Linux (x86_64-pc-linux-gnu)
  CPU: AMD Ryzen Threadripper 2990WX 32-Core Processor
  WORD_SIZE: 64
  LIBM: libopenlibm
  LLVM: libLLVM-8.0.1 (ORCJIT, znver1)
Environment:
  JULIA_DEPOT_PATH = ::/usr/local/share/julia
  JULIA_NUM_THREADS = 2

  Resolving package versions...
  Installed FastJet_Julia_Wrapper_jll ─ v0.5.0+0
  Installed libcxxwrap_julia_jll ────── v0.6.6+0
    Cloning [b99e7846-7c00-51b0-8f62-c81ae34c0232] BinaryProvider from https://github.com/JuliaPackaging/BinaryProvider.jl.git
[?25l    Fetching: [>                                        ]  0.0 %[2K[?25h  Installed BinaryProvider ──────────── v0.5.8
    Cloning [8509a5d2-ae42-11e8-0b46-5d0ace601ee4] FastJet from https://github.com/jstrube/FastJet.jl.git
[?25l    Fetching: [>                                        ]  0.0 %[2K[?25h  Installed FastJet ─────────────────── v0.3.0
    Cloning [7111ce8a-33e8-59c0-b870-b64149b8fb4c] FastJet_jll from https://github.com/JuliaBinaryWrappers/FastJet_jll.jl.git
[?25l    Fetching: [>                                        ]  0.0 %[2K[?25h  Installed FastJet_jll ─────────────── v3.3.3+2
    Cloning [1f15a43c-97ca-5a2a-ae31-89f07a497df4] CxxWrap from https://github.com/JuliaInterop/CxxWrap.jl.git
[?25l    Fetching: [>                                        ]  0.0 %[2K[?25h  Installed CxxWrap ─────────────────── v0.9.0
    Cloning [1914dd2f-81c6-5fcd-8719-6d5c9610ff09] MacroTools from https://github.com/MikeInnes/MacroTools.jl.git
[?25l    Fetching: [>                                        ]  0.0 %[2K[?25h  Installed MacroTools ──────────────── v0.5.5
   Updating `~/.julia/environments/v1.4/Project.toml`
  [8509a5d2] + FastJet v0.3.0
   Updating `~/.julia/environments/v1.4/Manifest.toml`
  [b99e7846] + BinaryProvider v0.5.8
  [1f15a43c] + CxxWrap v0.9.0
  [8509a5d2] + FastJet v0.3.0
  [33ff6b16] + FastJet_Julia_Wrapper_jll v0.5.0+0
  [7111ce8a] + FastJet_jll v3.3.3+2
  [1914dd2f] + MacroTools v0.5.5
  [3eaa8342] + libcxxwrap_julia_jll v0.6.6+0
  [2a0f44e3] + Base64 
  [ade2ca70] + Dates 
  [b77e0a4c] + InteractiveUtils 
  [76f85450] + LibGit2 
  [8f399da3] + Libdl 
  [56ddb016] + Logging 
  [d6f4376e] + Markdown 
  [44cfe95a] + Pkg 
  [de0858da] + Printf 
  [3fa0cd96] + REPL 
  [9a3f8284] + Random 
  [ea8e919c] + SHA 
  [9e88b42a] + Serialization 
  [6462fe0b] + Sockets 
  [cf7118a7] + UUIDs 
  [4ec0a83e] + Unicode 
   Building CxxWrap → `~/.julia/packages/CxxWrap/lDNAy/deps/build.log`
   Building FastJet → `~/.julia/packages/FastJet/s1NtW/deps/build.log`
    Testing FastJet
Status `/tmp/jl_CjUhwA/Manifest.toml`
  [b99e7846] BinaryProvider v0.5.8
  [1f15a43c] CxxWrap v0.9.0
  [8509a5d2] FastJet v0.3.0
  [33ff6b16] FastJet_Julia_Wrapper_jll v0.5.0+0
  [7111ce8a] FastJet_jll v3.3.3+2
  [1914dd2f] MacroTools v0.5.5
  [3eaa8342] libcxxwrap_julia_jll v0.6.6+0
  [2a0f44e3] Base64 
  [ade2ca70] Dates 
  [8ba89e20] Distributed 
  [b77e0a4c] InteractiveUtils 
  [76f85450] LibGit2 
  [8f399da3] Libdl 
  [56ddb016] Logging 
  [d6f4376e] Markdown 
  [44cfe95a] Pkg 
  [de0858da] Printf 
  [3fa0cd96] REPL 
  [9a3f8284] Random 
  [ea8e919c] SHA 
  [9e88b42a] Serialization 
  [6462fe0b] Sockets 
  [8dfed614] Test 
  [cf7118a7] UUIDs 
  [4ec0a83e] Unicode 
#--------------------------------------------------------------------------
#                         FastJet release 3.3.3
#                 M. Cacciari, G.P. Salam and G. Soyez                  
#     A software package for jet finding and analysis at colliders      
#                           http://fastjet.fr                           
#	                                                                      
# Please cite EPJC72(2012)1896 [arXiv:1111.6097] if you use this package
# for scientific work and optionally PLB641(2006)57 [hep-ph/0512210].   
#                                                                       
# FastJet is provided without warranty under the GNU GPL v2 or higher.  
# It uses T. Chan's closest pair algorithm, S. Fortune's Voronoi code
# and 3rd party plugin jet algorithms. See COPYING file for details.
#--------------------------------------------------------------------------
        pt y phi
jet 1: 99.0 0.0 3.141592653589793
jet 2: 103.0 0.0 0.0
    Testing FastJet tests passed 
