Julia Version 1.4.0
Commit b8e9a9ecc6 (2020-03-21 16:36 UTC)
Platform Info:
  OS: Linux (x86_64-pc-linux-gnu)
  CPU: AMD Ryzen Threadripper 2990WX 32-Core Processor
  WORD_SIZE: 64
  LIBM: libopenlibm
  LLVM: libLLVM-8.0.1 (ORCJIT, znver1)
Environment:
  JULIA_DEPOT_PATH = ::/usr/local/share/julia
  JULIA_NUM_THREADS = 2

  Resolving package versions...
  Installed BinDeps ──────── v0.8.10
    Cloning [d8beea63-0952-562e-9c6a-8e8ef7364055] FINUFFT from https://github.com/ludvigak/FINUFFT.jl.git
[?25l    Fetching: [>                                        ]  0.0 %[2K[?25h  Installed FINUFFT ──────── v0.4.2
    Cloning [34da2185-b29b-5c13-b0c7-acf172513d20] Compat from https://github.com/JuliaLang/Compat.jl.git
[?25l    Fetching: [>                                        ]  0.0 %    Resolving Deltas: [=========================>               ]  62.0 %[2K[?25h  Installed Compat ───────── v2.2.0
    Cloning [682c06a0-de6a-54ab-a142-c8b1cf79cde6] JSON from https://github.com/JuliaIO/JSON.jl.git
[?25l    Fetching: [>                                        ]  0.0 %[2K[?25h  Installed JSON ─────────── v0.21.0
    Cloning [8f4d0f93-b110-5947-807f-2305c1781a2d] Conda from https://github.com/JuliaPy/Conda.jl.git
[?25l    Fetching: [>                                        ]  0.0 %[2K[?25h  Installed Conda ────────── v1.4.1
    Cloning [30578b45-9adc-5946-b283-645ec420af67] URIParser from https://github.com/JuliaWeb/URIParser.jl.git
[?25l    Fetching: [>                                        ]  0.0 %[2K[?25h  Installed URIParser ────── v0.4.0
    Cloning [81def892-9a0e-5fdd-b105-ffc91e053289] VersionParsing from https://github.com/stevengj/VersionParsing.jl.git
[?25l    Fetching: [>                                        ]  0.0 %[2K[?25h  Installed VersionParsing ─ v1.2.0
    Cloning [69de0a69-1ddd-5017-9359-2bf0b02dc9f0] Parsers from https://github.com/JuliaData/Parsers.jl.git
[?25l    Fetching: [>                                        ]  0.0 %[2K[?25h  Installed Parsers ──────── v0.3.12
   Updating `~/.julia/environments/v1.4/Project.toml`
  [d8beea63] + FINUFFT v0.4.2
   Updating `~/.julia/environments/v1.4/Manifest.toml`
  [9e28174c] + BinDeps v0.8.10
  [34da2185] + Compat v2.2.0
  [8f4d0f93] + Conda v1.4.1
  [d8beea63] + FINUFFT v0.4.2
  [682c06a0] + JSON v0.21.0
  [69de0a69] + Parsers v0.3.12
  [30578b45] + URIParser v0.4.0
  [81def892] + VersionParsing v1.2.0
  [2a0f44e3] + Base64 
  [ade2ca70] + Dates 
  [8bb1440f] + DelimitedFiles 
  [8ba89e20] + Distributed 
  [b77e0a4c] + InteractiveUtils 
  [76f85450] + LibGit2 
  [8f399da3] + Libdl 
  [37e2e46d] + LinearAlgebra 
  [56ddb016] + Logging 
  [d6f4376e] + Markdown 
  [a63ad114] + Mmap 
  [44cfe95a] + Pkg 
  [de0858da] + Printf 
  [3fa0cd96] + REPL 
  [9a3f8284] + Random 
  [ea8e919c] + SHA 
  [9e88b42a] + Serialization 
  [1a1011a3] + SharedArrays 
  [6462fe0b] + Sockets 
  [2f01184e] + SparseArrays 
  [10745b16] + Statistics 
  [8dfed614] + Test 
  [cf7118a7] + UUIDs 
  [4ec0a83e] + Unicode 
   Building Conda ──→ `~/.julia/packages/Conda/3rPhK/deps/build.log`
   Building FINUFFT → `~/.julia/packages/FINUFFT/bgr7t/deps/build.log`
    Testing FINUFFT
Status `/tmp/jl_XmtPbC/Manifest.toml`
  [9e28174c] BinDeps v0.8.10
  [34da2185] Compat v2.2.0
  [8f4d0f93] Conda v1.4.1
  [d8beea63] FINUFFT v0.4.2
  [682c06a0] JSON v0.21.0
  [69de0a69] Parsers v0.3.12
  [30578b45] URIParser v0.4.0
  [81def892] VersionParsing v1.2.0
  [2a0f44e3] Base64 
  [ade2ca70] Dates 
  [8bb1440f] DelimitedFiles 
  [8ba89e20] Distributed 
  [b77e0a4c] InteractiveUtils 
  [76f85450] LibGit2 
  [8f399da3] Libdl 
  [37e2e46d] LinearAlgebra 
  [56ddb016] Logging 
  [d6f4376e] Markdown 
  [a63ad114] Mmap 
  [44cfe95a] Pkg 
  [de0858da] Printf 
  [3fa0cd96] REPL 
  [9a3f8284] Random 
  [ea8e919c] SHA 
  [9e88b42a] Serialization 
  [1a1011a3] SharedArrays 
  [6462fe0b] Sockets 
  [2f01184e] SparseArrays 
  [10745b16] Statistics 
  [8dfed614] Test 
  [cf7118a7] UUIDs 
  [4ec0a83e] Unicode 
[ Info: Testing error handling
setup_spreader: error, requested eps (1e-100) is too small (<5.5e-17)
setup_spreader: warning, upsampfac=9.01e+15 is too large to be beneficial.
nf1=9.01e+16 exceeds MAX_NF of 1e+11
setup_spreader: error, upsampfac=0 is <=1.0
setup_spreader: nonstandard upsampfac=0 cannot be handled by kerevalmeth=1
Test Summary: | Pass  Total
FINUFFT       |   22     22
    Testing FINUFFT tests passed 
