Julia Version 1.4.0
Commit b8e9a9ecc6 (2020-03-21 16:36 UTC)
Platform Info:
  OS: Linux (x86_64-pc-linux-gnu)
  CPU: AMD Ryzen Threadripper 2990WX 32-Core Processor
  WORD_SIZE: 64
  LIBM: libopenlibm
  LLVM: libLLVM-8.0.1 (ORCJIT, znver1)
Environment:
  JULIA_DEPOT_PATH = ::/usr/local/share/julia
  JULIA_NUM_THREADS = 2

  Resolving package versions...
  Installed BinDeps ─── v1.0.0
    Cloning [1a804d9e-d798-534b-a6a9-4525c36f0718] FMMLIB2D from https://github.com/ludvigak/FMMLIB2D.jl.git
[?25l    Fetching: [>                                        ]  0.0 %[2K[?25h  Installed FMMLIB2D ── v0.3.1
    Cloning [34da2185-b29b-5c13-b0c7-acf172513d20] Compat from https://github.com/JuliaLang/Compat.jl.git
[?25l    Fetching: [>                                        ]  0.0 %[2K[?25h  Installed Compat ──── v3.8.0
    Cloning [30578b45-9adc-5946-b283-645ec420af67] URIParser from https://github.com/JuliaWeb/URIParser.jl.git
[?25l    Fetching: [>                                        ]  0.0 %[2K[?25h  Installed URIParser ─ v0.4.0
   Updating `~/.julia/environments/v1.4/Project.toml`
  [1a804d9e] + FMMLIB2D v0.3.1
   Updating `~/.julia/environments/v1.4/Manifest.toml`
  [9e28174c] + BinDeps v1.0.0
  [34da2185] + Compat v3.8.0
  [1a804d9e] + FMMLIB2D v0.3.1
  [30578b45] + URIParser v0.4.0
  [2a0f44e3] + Base64 
  [ade2ca70] + Dates 
  [8bb1440f] + DelimitedFiles 
  [8ba89e20] + Distributed 
  [b77e0a4c] + InteractiveUtils 
  [76f85450] + LibGit2 
  [8f399da3] + Libdl 
  [37e2e46d] + LinearAlgebra 
  [56ddb016] + Logging 
  [d6f4376e] + Markdown 
  [a63ad114] + Mmap 
  [44cfe95a] + Pkg 
  [de0858da] + Printf 
  [3fa0cd96] + REPL 
  [9a3f8284] + Random 
  [ea8e919c] + SHA 
  [9e88b42a] + Serialization 
  [1a1011a3] + SharedArrays 
  [6462fe0b] + Sockets 
  [2f01184e] + SparseArrays 
  [10745b16] + Statistics 
  [8dfed614] + Test 
  [cf7118a7] + UUIDs 
  [4ec0a83e] + Unicode 
   Building FMMLIB2D → `~/.julia/packages/FMMLIB2D/uf7XQ/deps/build.log`
    Testing FMMLIB2D
[?25l    Fetching: [>                                        ]  0.0 %[2K[?25h[?25l    Fetching: [>                                        ]  0.0 %[2K[?25hStatus `/tmp/jl_HyR0Ub/Manifest.toml`
  [9e28174c] BinDeps v1.0.0
  [34da2185] Compat v3.8.0
  [e66e0078] CompilerSupportLibraries_jll v0.3.1+0
  [1a804d9e] FMMLIB2D v0.3.1
  [efe28fd5] OpenSpecFun_jll v0.5.3+3
  [276daf66] SpecialFunctions v0.10.0
  [30578b45] URIParser v0.4.0
  [2a0f44e3] Base64 
  [ade2ca70] Dates 
  [8bb1440f] DelimitedFiles 
  [8ba89e20] Distributed 
  [b77e0a4c] InteractiveUtils 
  [76f85450] LibGit2 
  [8f399da3] Libdl 
  [37e2e46d] LinearAlgebra 
  [56ddb016] Logging 
  [d6f4376e] Markdown 
  [a63ad114] Mmap 
  [44cfe95a] Pkg 
  [de0858da] Printf 
  [3fa0cd96] REPL 
  [9a3f8284] Random 
  [ea8e919c] SHA 
  [9e88b42a] Serialization 
  [1a1011a3] SharedArrays 
  [6462fe0b] Sockets 
  [2f01184e] SparseArrays 
  [10745b16] Statistics 
  [8dfed614] Test 
  [cf7118a7] UUIDs 
  [4ec0a83e] Unicode 
WARNING: Compat.Test is deprecated, use Test instead.
  likely near /home/pkgeval/.julia/packages/FMMLIB2D/uf7XQ/test/runtests.jl:2
WARNING: Compat.LinearAlgebra is deprecated, use LinearAlgebra instead.
  likely near /home/pkgeval/.julia/packages/FMMLIB2D/uf7XQ/test/laplace.jl:3
WARNING: Compat.Random is deprecated, use Random instead.
  likely near /home/pkgeval/.julia/packages/FMMLIB2D/uf7XQ/test/laplace.jl:4
WARNING: Compat.Test is deprecated, use Test instead.
  likely near /home/pkgeval/.julia/packages/FMMLIB2D/uf7XQ/test/laplace.jl:5
Test Summary:  | Pass  Total
Laplace FMM 2D |   38     38
WARNING: Compat.LinearAlgebra is deprecated, use LinearAlgebra instead.
  likely near /home/pkgeval/.julia/packages/FMMLIB2D/uf7XQ/test/helmholtz.jl:3
WARNING: Compat.Random is deprecated, use Random instead.
  likely near /home/pkgeval/.julia/packages/FMMLIB2D/uf7XQ/test/helmholtz.jl:4
WARNING: Compat.Test is deprecated, use Test instead.
  likely near /home/pkgeval/.julia/packages/FMMLIB2D/uf7XQ/test/helmholtz.jl:5
Test Summary:    | Pass  Total
Helmholtz FMM 2D |   18     18
WARNING: Compat.LinearAlgebra is deprecated, use LinearAlgebra instead.
  likely near /home/pkgeval/.julia/packages/FMMLIB2D/uf7XQ/test/complex.jl:3
WARNING: Compat.Random is deprecated, use Random instead.
  likely near /home/pkgeval/.julia/packages/FMMLIB2D/uf7XQ/test/complex.jl:4
WARNING: Compat.Test is deprecated, use Test instead.
  likely near /home/pkgeval/.julia/packages/FMMLIB2D/uf7XQ/test/complex.jl:5
Test Summary:  | Pass  Total
Complex FMM 2D |   22     22
    Testing FMMLIB2D tests passed 
