Julia Version 1.3.1
Commit 2d5741174c (2019-12-30 21:36 UTC)
Platform Info:
  OS: Linux (x86_64-pc-linux-gnu)
  CPU: AMD Ryzen Threadripper 2990WX 32-Core Processor
  WORD_SIZE: 64
  LIBM: libopenlibm
  LLVM: libLLVM-6.0.1 (ORCJIT, znver1)
Environment:
  JULIA_DEPOT_PATH = ::/usr/local/share/julia
  JULIA_NUM_THREADS = 2

 Resolving package versions...
 Installed SpecializeVarargs ─ v0.1.1
 Installed Requires ────────── v1.0.1
 Installed ForwardDiff2 ────── v0.2.2
 Installed ExprTools ───────── v0.1.0
 Installed StaticArrays ────── v0.12.1
 Installed ChainRules ──────── v0.3.1
 Installed Cassette ────────── v0.3.1
 Installed MuladdMacro ─────── v0.2.2
 Installed Reexport ────────── v0.2.0
 Installed ChainRulesCore ──── v0.5.5
  Updating `~/.julia/environments/v1.3/Project.toml`
  [994df76e] + ForwardDiff2 v0.2.2
  Updating `~/.julia/environments/v1.3/Manifest.toml`
  [7057c7e9] + Cassette v0.3.1
  [082447d4] + ChainRules v0.3.1
  [d360d2e6] + ChainRulesCore v0.5.5
  [e2ba6199] + ExprTools v0.1.0
  [994df76e] + ForwardDiff2 v0.2.2
  [46d2c3a1] + MuladdMacro v0.2.2
  [189a3867] + Reexport v0.2.0
  [ae029012] + Requires v1.0.1
  [24973c7f] + SpecializeVarargs v0.1.1
  [90137ffa] + StaticArrays v0.12.1
  [2a0f44e3] + Base64 
  [ade2ca70] + Dates 
  [8ba89e20] + Distributed 
  [b77e0a4c] + InteractiveUtils 
  [76f85450] + LibGit2 
  [8f399da3] + Libdl 
  [37e2e46d] + LinearAlgebra 
  [56ddb016] + Logging 
  [d6f4376e] + Markdown 
  [44cfe95a] + Pkg 
  [de0858da] + Printf 
  [3fa0cd96] + REPL 
  [9a3f8284] + Random 
  [ea8e919c] + SHA 
  [9e88b42a] + Serialization 
  [6462fe0b] + Sockets 
  [2f01184e] + SparseArrays 
  [10745b16] + Statistics 
  [8dfed614] + Test 
  [cf7118a7] + UUIDs 
  [4ec0a83e] + Unicode 
   Testing ForwardDiff2
 Resolving package versions...
 Installed DiffRules ──────────────────── v1.0.1
 Installed NaNMath ────────────────────── v0.3.3
 Installed Calculus ───────────────────── v0.5.1
 Installed SafeTestsets ───────────────── v0.0.1
 Installed SpecialFunctions ───────────── v0.10.0
 Installed ModelingToolkit ────────────── v1.2.10
 Installed DiffResults ────────────────── v1.0.2
 Installed UnPack ─────────────────────── v0.1.0
 Installed NameResolution ─────────────── v0.1.3
 Installed PrettyPrint ────────────────── v0.1.0
 Installed VertexSafeGraphs ───────────── v0.1.1
 Installed LightGraphs ────────────────── v1.3.1
 Installed NLSolversBase ──────────────── v7.6.1
 Installed MLStyle ────────────────────── v0.3.1
 Installed MacroTools ─────────────────── v0.5.4
 Installed Latexify ───────────────────── v0.13.0
 Installed ExponentialUtilities ───────── v1.6.0
 Installed LeftChildRightSiblingTrees ─── v0.1.2
 Installed OrdinaryDiffEq ─────────────── v5.31.0
 Installed FunctionWrappers ───────────── v1.1.1
 Installed LoggingExtras ──────────────── v0.4.0
 Installed CompilerSupportLibraries_jll ─ v0.2.0+1
 Installed ArrayInterface ─────────────── v2.5.1
 Installed ProgressLogging ────────────── v0.1.2
 Installed Roots ──────────────────────── v1.0.0
 Installed SimpleTraits ───────────────── v0.9.1
 Installed FiniteDiff ─────────────────── v2.2.1
 Installed JuliaVariables ─────────────── v0.2.0
 Installed RecipesBase ────────────────── v0.8.0
 Installed RecursiveFactorization ─────── v0.1.0
 Installed Distances ──────────────────── v0.8.2
 Installed ArnoldiMethod ──────────────── v0.0.4
 Installed IteratorInterfaceExtensions ── v1.0.0
 Installed DataStructures ─────────────── v0.17.10
 Installed TerminalLoggers ────────────── v0.1.1
 Installed RecursiveArrayTools ────────── v2.1.0
 Installed GenericSVD ─────────────────── v0.2.2
 Installed Compat ─────────────────────── v3.8.0
 Installed AbstractTrees ──────────────── v0.3.2
 Installed ProgressMeter ──────────────── v1.2.0
 Installed ZygoteRules ────────────────── v0.2.0
 Installed Inflate ────────────────────── v0.1.1
 Installed Adapt ──────────────────────── v1.0.1
 Installed DiffEqBase ─────────────────── v6.24.0
 Installed Formatting ─────────────────── v0.4.1
 Installed LineSearches ───────────────── v7.0.1
 Installed SparseDiffTools ────────────── v1.4.0
 Installed OrderedCollections ─────────── v1.1.0
 Installed NLsolve ────────────────────── v4.3.0
 Installed CanonicalTraits ────────────── v0.1.0
 Installed ConsoleProgressMonitor ─────── v0.1.2
 Installed LaTeXStrings ───────────────── v1.1.0
 Installed Parameters ─────────────────── v0.12.0
 Installed CommonSubexpressions ───────── v0.2.0
 Installed DocStringExtensions ────────── v0.8.1
 Installed OpenSpecFun_jll ────────────── v0.5.3+3
 Installed TreeViews ──────────────────── v0.3.0
 Installed ForwardDiff ────────────────── v0.10.9
 Installed IterativeSolvers ───────────── v0.8.1
 Installed GeneralizedGenerated ───────── v0.2.1
 Installed TableTraits ────────────────── v1.0.0
    Status `/tmp/jl_GIIGuL/Manifest.toml`
  [1520ce14] AbstractTrees v0.3.2
  [79e6a3ab] Adapt v1.0.1
  [ec485272] ArnoldiMethod v0.0.4
  [4fba245c] ArrayInterface v2.5.1
  [49dc2e85] Calculus v0.5.1
  [a603d957] CanonicalTraits v0.1.0
  [7057c7e9] Cassette v0.3.1
  [082447d4] ChainRules v0.3.1
  [d360d2e6] ChainRulesCore v0.5.5
  [bbf7d656] CommonSubexpressions v0.2.0
  [34da2185] Compat v3.8.0
  [e66e0078] CompilerSupportLibraries_jll v0.2.0+1
  [88cd18e8] ConsoleProgressMonitor v0.1.2
  [864edb3b] DataStructures v0.17.10
  [2b5f629d] DiffEqBase v6.24.0
  [163ba53b] DiffResults v1.0.2
  [b552c78f] DiffRules v1.0.1
  [b4f34e82] Distances v0.8.2
  [ffbed154] DocStringExtensions v0.8.1
  [d4d017d3] ExponentialUtilities v1.6.0
  [e2ba6199] ExprTools v0.1.0
  [6a86dc24] FiniteDiff v2.2.1
  [59287772] Formatting v0.4.1
  [f6369f11] ForwardDiff v0.10.9
  [994df76e] ForwardDiff2 v0.2.2
  [069b7b12] FunctionWrappers v1.1.1
  [6b9d7cbe] GeneralizedGenerated v0.2.1
  [01680d73] GenericSVD v0.2.2
  [d25df0c9] Inflate v0.1.1
  [42fd0dbc] IterativeSolvers v0.8.1
  [82899510] IteratorInterfaceExtensions v1.0.0
  [b14d175d] JuliaVariables v0.2.0
  [b964fa9f] LaTeXStrings v1.1.0
  [23fbe1c1] Latexify v0.13.0
  [1d6d02ad] LeftChildRightSiblingTrees v0.1.2
  [093fc24a] LightGraphs v1.3.1
  [d3d80556] LineSearches v7.0.1
  [e6f89c97] LoggingExtras v0.4.0
  [d8e11817] MLStyle v0.3.1
  [1914dd2f] MacroTools v0.5.4
  [961ee093] ModelingToolkit v1.2.10
  [46d2c3a1] MuladdMacro v0.2.2
  [d41bc354] NLSolversBase v7.6.1
  [2774e3e8] NLsolve v4.3.0
  [77ba4419] NaNMath v0.3.3
  [71a1bf82] NameResolution v0.1.3
  [efe28fd5] OpenSpecFun_jll v0.5.3+3
  [bac558e1] OrderedCollections v1.1.0
  [1dea7af3] OrdinaryDiffEq v5.31.0
  [d96e819e] Parameters v0.12.0
  [8162dcfd] PrettyPrint v0.1.0
  [33c8b6b6] ProgressLogging v0.1.2
  [92933f4c] ProgressMeter v1.2.0
  [3cdcf5f2] RecipesBase v0.8.0
  [731186ca] RecursiveArrayTools v2.1.0
  [f2c3362d] RecursiveFactorization v0.1.0
  [189a3867] Reexport v0.2.0
  [ae029012] Requires v1.0.1
  [f2b01f46] Roots v1.0.0
  [1bc83da4] SafeTestsets v0.0.1
  [699a6c99] SimpleTraits v0.9.1
  [47a9eef4] SparseDiffTools v1.4.0
  [276daf66] SpecialFunctions v0.10.0
  [24973c7f] SpecializeVarargs v0.1.1
  [90137ffa] StaticArrays v0.12.1
  [3783bdb8] TableTraits v1.0.0
  [5d786b92] TerminalLoggers v0.1.1
  [a2a6695c] TreeViews v0.3.0
  [3a884ed6] UnPack v0.1.0
  [19fa3120] VertexSafeGraphs v0.1.1
  [700de1a5] ZygoteRules v0.2.0
  [2a0f44e3] Base64  [`@stdlib/Base64`]
  [ade2ca70] Dates  [`@stdlib/Dates`]
  [8bb1440f] DelimitedFiles  [`@stdlib/DelimitedFiles`]
  [8ba89e20] Distributed  [`@stdlib/Distributed`]
  [b77e0a4c] InteractiveUtils  [`@stdlib/InteractiveUtils`]
  [76f85450] LibGit2  [`@stdlib/LibGit2`]
  [8f399da3] Libdl  [`@stdlib/Libdl`]
  [37e2e46d] LinearAlgebra  [`@stdlib/LinearAlgebra`]
  [56ddb016] Logging  [`@stdlib/Logging`]
  [d6f4376e] Markdown  [`@stdlib/Markdown`]
  [a63ad114] Mmap  [`@stdlib/Mmap`]
  [44cfe95a] Pkg  [`@stdlib/Pkg`]
  [de0858da] Printf  [`@stdlib/Printf`]
  [3fa0cd96] REPL  [`@stdlib/REPL`]
  [9a3f8284] Random  [`@stdlib/Random`]
  [ea8e919c] SHA  [`@stdlib/SHA`]
  [9e88b42a] Serialization  [`@stdlib/Serialization`]
  [1a1011a3] SharedArrays  [`@stdlib/SharedArrays`]
  [6462fe0b] Sockets  [`@stdlib/Sockets`]
  [2f01184e] SparseArrays  [`@stdlib/SparseArrays`]
  [10745b16] Statistics  [`@stdlib/Statistics`]
  [4607b0f0] SuiteSparse  [`@stdlib/SuiteSparse`]
  [8dfed614] Test  [`@stdlib/Test`]
  [cf7118a7] UUIDs  [`@stdlib/UUIDs`]
  [4ec0a83e] Unicode  [`@stdlib/Unicode`]
Test Summary: | Pass  Broken  Total
API Tests     |   51       1     52
886.126830 seconds (619.59 M allocations: 33.179 GiB, 3.20% gc time)
Test Summary:                | Pass  Total
Nested Differentiation Tests |   12     12
  4.787292 seconds (1.63 M allocations: 79.995 MiB, 4.92% gc time)
  ...testing Dual{..,Int64,3} and Dual{..,Dual{..,Int64,4},3}
  ...testing Dual{..,Float32,3} and Dual{..,Dual{..,Float32,4},3}
       ...auto-testing Base.asind with 1 arguments
       ...auto-testing Base.log1p with 1 arguments
       ...auto-testing Base.acsch with 1 arguments
       ...auto-testing SpecialFunctions.erfc with 1 arguments
       ...auto-testing SpecialFunctions.digamma with 1 arguments
       ...auto-testing NaNMath.acos with 1 arguments
       ...auto-testing Base.asec with 1 arguments
       ...auto-testing Base.acosh with 1 arguments
       ...auto-testing Base.\ with 2 arguments
       ...auto-testing NaNMath.log10 with 1 arguments
       ...auto-testing Base.mod2pi with 1 arguments
       ...auto-testing Base.acsc with 1 arguments
       ...auto-testing SpecialFunctions.airybiprime with 1 arguments
       ...auto-testing Base.cscd with 1 arguments
       ...auto-testing SpecialFunctions.logbeta with 2 arguments
       ...auto-testing Base.hypot with 2 arguments
       ...auto-testing NaNMath.log with 1 arguments
       ...auto-testing Base.tand with 1 arguments
       ...auto-testing NaNMath.atanh with 1 arguments
       ...auto-testing Base.deg2rad with 1 arguments
       ...auto-testing Base.log10 with 1 arguments
       ...auto-testing Base.csch with 1 arguments
       ...auto-testing Base.asinh with 1 arguments
       ...auto-testing SpecialFunctions.airyai with 1 arguments
       ...auto-testing Base.abs2 with 1 arguments
       ...auto-testing SpecialFunctions.gamma with 1 arguments
       ...auto-testing SpecialFunctions.erfcx with 1 arguments
       ...auto-testing NaNMath.log1p with 1 arguments
       ...auto-testing SpecialFunctions.bessely0 with 1 arguments
       ...auto-testing Base.cosh with 1 arguments
       ...auto-testing NaNMath.sin with 1 arguments
       ...auto-testing Base.cos with 1 arguments
       ...auto-testing Base.atan with 2 arguments
       ...auto-testing Base.cospi with 1 arguments
       ...auto-testing Base.cbrt with 1 arguments
       ...auto-testing Base.acosd with 1 arguments
       ...auto-testing SpecialFunctions.bessely1 with 1 arguments
       ...auto-testing Base.acoth with 1 arguments
       ...auto-testing NaNMath.cos with 1 arguments
       ...auto-testing NaNMath.max with 2 arguments
       ...auto-testing SpecialFunctions.erfcinv with 1 arguments
       ...auto-testing SpecialFunctions.besselk with 2 arguments
       ...auto-testing NaNMath.pow with 2 arguments
       ...auto-testing SpecialFunctions.erf with 1 arguments
       ...auto-testing Base.sin with 1 arguments
       ...auto-testing Base.+ with 2 arguments
       ...auto-testing SpecialFunctions.dawson with 1 arguments
       ...auto-testing Base.inv with 1 arguments
       ...auto-testing Base.acotd with 1 arguments
       ...auto-testing SpecialFunctions.airyaiprime with 1 arguments
       ...auto-testing Base.min with 2 arguments
       ...auto-testing Base.+ with 1 arguments
       ...auto-testing SpecialFunctions.erfinv with 1 arguments
       ...auto-testing SpecialFunctions.trigamma with 1 arguments
       ...auto-testing Base.asecd with 1 arguments
       ...auto-testing Base.log with 1 arguments
       ...auto-testing NaNMath.acosh with 1 arguments
       ...auto-testing Base.rad2deg with 1 arguments
       ...auto-testing Base.mod with 2 arguments
       ...auto-testing SpecialFunctions.besselj1 with 1 arguments
       ...auto-testing Base.exp with 1 arguments
       ...auto-testing Base.acot with 1 arguments
       ...auto-testing NaNMath.sqrt with 1 arguments
       ...auto-testing Base.* with 2 arguments
       ...auto-testing Base.sind with 1 arguments
       ...auto-testing Base.sinpi with 1 arguments
       ...auto-testing Base.max with 2 arguments
       ...auto-testing Base.asech with 1 arguments
       ...auto-testing SpecialFunctions.bessely with 2 arguments
       ...auto-testing NaNMath.log2 with 1 arguments
       ...auto-testing NaNMath.tan with 1 arguments
       ...auto-testing NaNMath.lgamma with 1 arguments
       ...auto-testing Base.sqrt with 1 arguments
       ...auto-testing Base.^ with 2 arguments
       ...auto-testing SpecialFunctions.invdigamma with 1 arguments
       ...auto-testing SpecialFunctions.airybi with 1 arguments
       ...auto-testing Base.exp10 with 1 arguments
       ...auto-testing Base.rem with 2 arguments
       ...auto-testing Base.sech with 1 arguments
       ...auto-testing SpecialFunctions.erfi with 1 arguments
       ...auto-testing Base.coth with 1 arguments
       ...auto-testing Base.asin with 1 arguments
       ...auto-testing Base.cotd with 1 arguments
       ...auto-testing Base.cosd with 1 arguments
       ...auto-testing Base.sinh with 1 arguments
       ...auto-testing Base.abs with 1 arguments
       ...auto-testing SpecialFunctions.loggamma with 1 arguments
       ...auto-testing SpecialFunctions.besselj0 with 1 arguments
       ...auto-testing Base.transpose with 1 arguments
       ...auto-testing NaNMath.min with 2 arguments
       ...auto-testing Base.csc with 1 arguments
       ...auto-testing Base.tanh with 1 arguments
       ...auto-testing SpecialFunctions.besselj with 2 arguments
       ...auto-testing Base.log2 with 1 arguments
       ...auto-testing Base.atan with 1 arguments
       ...auto-testing Base.secd with 1 arguments
       ...auto-testing Base.atand with 1 arguments
       ...auto-testing SpecialFunctions.besseli with 2 arguments
       ...auto-testing NaNMath.asin with 1 arguments
       ...auto-testing Base.sec with 1 arguments
       ...auto-testing Base.acscd with 1 arguments
       ...auto-testing Base.tan with 1 arguments
       ...auto-testing SpecialFunctions.polygamma with 2 arguments
       ...auto-testing Base.- with 1 arguments
       ...auto-testing Base.cot with 1 arguments
       ...auto-testing Base.- with 2 arguments
       ...auto-testing Base.exp2 with 1 arguments
       ...auto-testing Base.expm1 with 1 arguments
       ...auto-testing Base.acos with 1 arguments
       ...auto-testing Base.atanh with 1 arguments
       ...auto-testing SpecialFunctions.beta with 2 arguments
  ...testing Dual{..,Float64,3} and Dual{..,Dual{..,Float64,4},3}
       ...auto-testing Base.asind with 1 arguments
       ...auto-testing Base.log1p with 1 arguments
       ...auto-testing Base.acsch with 1 arguments
       ...auto-testing SpecialFunctions.erfc with 1 arguments
       ...auto-testing SpecialFunctions.digamma with 1 arguments
       ...auto-testing NaNMath.acos with 1 arguments
       ...auto-testing Base.asec with 1 arguments
       ...auto-testing Base.acosh with 1 arguments
       ...auto-testing Base.\ with 2 arguments
       ...auto-testing NaNMath.log10 with 1 arguments
       ...auto-testing Base.mod2pi with 1 arguments
       ...auto-testing Base.acsc with 1 arguments
       ...auto-testing SpecialFunctions.airybiprime with 1 arguments
       ...auto-testing Base.cscd with 1 arguments
       ...auto-testing SpecialFunctions.logbeta with 2 arguments
       ...auto-testing Base.hypot with 2 arguments
       ...auto-testing NaNMath.log with 1 arguments
       ...auto-testing Base.tand with 1 arguments
       ...auto-testing NaNMath.atanh with 1 arguments
       ...auto-testing Base.deg2rad with 1 arguments
       ...auto-testing Base.log10 with 1 arguments
       ...auto-testing Base.csch with 1 arguments
       ...auto-testing Base.asinh with 1 arguments
       ...auto-testing SpecialFunctions.airyai with 1 arguments
       ...auto-testing Base.abs2 with 1 arguments
       ...auto-testing SpecialFunctions.gamma with 1 arguments
       ...auto-testing SpecialFunctions.erfcx with 1 arguments
       ...auto-testing NaNMath.log1p with 1 arguments
       ...auto-testing SpecialFunctions.bessely0 with 1 arguments
       ...auto-testing Base.cosh with 1 arguments
       ...auto-testing NaNMath.sin with 1 arguments
       ...auto-testing Base.cos with 1 arguments
       ...auto-testing Base.atan with 2 arguments
       ...auto-testing Base.cospi with 1 arguments
       ...auto-testing Base.cbrt with 1 arguments
       ...auto-testing Base.acosd with 1 arguments
       ...auto-testing SpecialFunctions.bessely1 with 1 arguments
       ...auto-testing Base.acoth with 1 arguments
       ...auto-testing NaNMath.cos with 1 arguments
       ...auto-testing NaNMath.max with 2 arguments
       ...auto-testing SpecialFunctions.erfcinv with 1 arguments
       ...auto-testing SpecialFunctions.besselk with 2 arguments
       ...auto-testing NaNMath.pow with 2 arguments
       ...auto-testing SpecialFunctions.erf with 1 arguments
       ...auto-testing Base.sin with 1 arguments
       ...auto-testing Base.+ with 2 arguments
       ...auto-testing SpecialFunctions.dawson with 1 arguments
       ...auto-testing Base.inv with 1 arguments
       ...auto-testing Base.acotd with 1 arguments
       ...auto-testing SpecialFunctions.airyaiprime with 1 arguments
       ...auto-testing Base.min with 2 arguments
       ...auto-testing Base.+ with 1 arguments
       ...auto-testing SpecialFunctions.erfinv with 1 arguments
       ...auto-testing SpecialFunctions.trigamma with 1 arguments
       ...auto-testing Base.asecd with 1 arguments
       ...auto-testing Base.log with 1 arguments
       ...auto-testing NaNMath.acosh with 1 arguments
       ...auto-testing Base.rad2deg with 1 arguments
       ...auto-testing Base.mod with 2 arguments
       ...auto-testing SpecialFunctions.besselj1 with 1 arguments
       ...auto-testing Base.exp with 1 arguments
       ...auto-testing Base.acot with 1 arguments
       ...auto-testing NaNMath.sqrt with 1 arguments
       ...auto-testing Base.* with 2 arguments
       ...auto-testing Base.sind with 1 arguments
       ...auto-testing Base.sinpi with 1 arguments
       ...auto-testing Base.max with 2 arguments
       ...auto-testing Base.asech with 1 arguments
       ...auto-testing SpecialFunctions.bessely with 2 arguments
       ...auto-testing NaNMath.log2 with 1 arguments
       ...auto-testing NaNMath.tan with 1 arguments
       ...auto-testing NaNMath.lgamma with 1 arguments
       ...auto-testing Base.sqrt with 1 arguments
       ...auto-testing Base.^ with 2 arguments
       ...auto-testing SpecialFunctions.invdigamma with 1 arguments
       ...auto-testing SpecialFunctions.airybi with 1 arguments
       ...auto-testing Base.exp10 with 1 arguments
       ...auto-testing Base.rem with 2 arguments
       ...auto-testing Base.sech with 1 arguments
       ...auto-testing SpecialFunctions.erfi with 1 arguments
       ...auto-testing Base.coth with 1 arguments
       ...auto-testing Base.asin with 1 arguments
       ...auto-testing Base.cotd with 1 arguments
       ...auto-testing Base.cosd with 1 arguments
       ...auto-testing Base.sinh with 1 arguments
       ...auto-testing Base.abs with 1 arguments
       ...auto-testing SpecialFunctions.loggamma with 1 arguments
       ...auto-testing SpecialFunctions.besselj0 with 1 arguments
       ...auto-testing Base.transpose with 1 arguments
       ...auto-testing NaNMath.min with 2 arguments
       ...auto-testing Base.csc with 1 arguments
       ...auto-testing Base.tanh with 1 arguments
       ...auto-testing SpecialFunctions.besselj with 2 arguments
       ...auto-testing Base.log2 with 1 arguments
       ...auto-testing Base.atan with 1 arguments
       ...auto-testing Base.secd with 1 arguments
       ...auto-testing Base.atand with 1 arguments
       ...auto-testing SpecialFunctions.besseli with 2 arguments
       ...auto-testing NaNMath.asin with 1 arguments
       ...auto-testing Base.sec with 1 arguments
       ...auto-testing Base.acscd with 1 arguments
       ...auto-testing Base.tan with 1 arguments
       ...auto-testing SpecialFunctions.polygamma with 2 arguments
       ...auto-testing Base.- with 1 arguments
       ...auto-testing Base.cot with 1 arguments
       ...auto-testing Base.- with 2 arguments
       ...auto-testing Base.exp2 with 1 arguments
       ...auto-testing Base.expm1 with 1 arguments
       ...auto-testing Base.acos with 1 arguments
       ...auto-testing Base.atanh with 1 arguments
       ...auto-testing SpecialFunctions.beta with 2 arguments
Test Summary: | Pass  Broken  Total
Dual Tests    | 1096      10   1106
286.115638 seconds (209.49 M allocations: 11.495 GiB, 6.50% gc time)
   Testing ForwardDiff2 tests passed 
