Julia Version 1.3.1
Commit 2d5741174c (2019-12-30 21:36 UTC)
Platform Info:
  OS: Linux (x86_64-pc-linux-gnu)
  CPU: AMD Ryzen Threadripper 2990WX 32-Core Processor
  WORD_SIZE: 64
  LIBM: libopenlibm
  LLVM: libLLVM-6.0.1 (ORCJIT, znver1)
Environment:
  JULIA_DEPOT_PATH = ::/usr/local/share/julia
  JULIA_NUM_THREADS = 2

 Resolving package versions...
 Installed SpecializeVarargs ─ v0.1.1
 Installed Requires ────────── v1.0.1
 Installed ForwardDiff2 ────── v0.2.2
 Installed MuladdMacro ─────── v0.2.2
 Installed ExprTools ───────── v0.1.0
 Installed StaticArrays ────── v0.12.1
 Installed ChainRules ──────── v0.3.1
 Installed Cassette ────────── v0.3.1
 Installed Reexport ────────── v0.2.0
 Installed ChainRulesCore ──── v0.5.5
  Updating `~/.julia/environments/v1.3/Project.toml`
  [994df76e] + ForwardDiff2 v0.2.2
  Updating `~/.julia/environments/v1.3/Manifest.toml`
  [7057c7e9] + Cassette v0.3.1
  [082447d4] + ChainRules v0.3.1
  [d360d2e6] + ChainRulesCore v0.5.5
  [e2ba6199] + ExprTools v0.1.0
  [994df76e] + ForwardDiff2 v0.2.2
  [46d2c3a1] + MuladdMacro v0.2.2
  [189a3867] + Reexport v0.2.0
  [ae029012] + Requires v1.0.1
  [24973c7f] + SpecializeVarargs v0.1.1
  [90137ffa] + StaticArrays v0.12.1
  [2a0f44e3] + Base64 
  [ade2ca70] + Dates 
  [8ba89e20] + Distributed 
  [b77e0a4c] + InteractiveUtils 
  [76f85450] + LibGit2 
  [8f399da3] + Libdl 
  [37e2e46d] + LinearAlgebra 
  [56ddb016] + Logging 
  [d6f4376e] + Markdown 
  [44cfe95a] + Pkg 
  [de0858da] + Printf 
  [3fa0cd96] + REPL 
  [9a3f8284] + Random 
  [ea8e919c] + SHA 
  [9e88b42a] + Serialization 
  [6462fe0b] + Sockets 
  [2f01184e] + SparseArrays 
  [10745b16] + Statistics 
  [8dfed614] + Test 
  [cf7118a7] + UUIDs 
  [4ec0a83e] + Unicode 
   Testing ForwardDiff2
 Resolving package versions...
ERROR: Unsatisfiable requirements detected for package IterativeSolvers [42fd0dbc]:
 IterativeSolvers [42fd0dbc] log:
 ├─possible versions are: [0.7.0-0.7.1, 0.8.0-0.8.2] or uninstalled
 ├─restricted by compatibility requirements with DiffEqBase [2b5f629d] to versions: 0.8.0-0.8.2
 │ └─DiffEqBase [2b5f629d] log:
 │   ├─possible versions are: [3.13.2-3.13.3, 4.0.0-4.0.1, 4.1.0, 4.2.0, 4.3.0-4.3.1, 4.4.0, 4.5.0, 4.6.0, 4.7.0, 4.8.0, 4.9.0, 4.10.0-4.10.1, 4.11.0-4.11.1, 4.12.0, 4.13.0, 4.14.0-4.14.1, 4.15.0, 4.16.0, 4.17.0, 4.18.0, 4.19.0, 4.20.0-4.20.3, 4.21.0, 4.21.2-4.21.3, 4.22.0-4.22.2, 4.23.0, 4.23.2-4.23.4, 4.24.0-4.24.3, 4.25.0-4.25.1, 4.26.0-4.26.3, 4.27.0-4.27.1, 4.28.0-4.28.1, 4.29.0-4.29.2, 4.30.0-4.30.2, 4.31.0-4.31.2, 4.32.0, 5.0.0-5.0.1, 5.1.0, 5.2.0-5.2.3, 5.3.0-5.3.2, 5.4.0-5.4.1, 5.5.0-5.5.2, 5.6.0-5.6.4, 5.7.0, 5.8.0-5.8.1, 5.9.0, 5.10.0-5.10.3, 5.11.0-5.11.1, 5.12.0, 5.13.0, 5.14.0-5.14.2, 5.15.0, 5.16.0-5.16.5, 5.17.0-5.17.1, 5.18.0, 5.19.0, 5.20.0-5.20.1, 6.0.0, 6.1.0, 6.2.0-6.2.4, 6.3.0-6.3.6, 6.4.0-6.4.2, 6.5.0-6.5.1, 6.6.0, 6.7.0, 6.8.0, 6.9.0-6.9.4, 6.10.0-6.10.2, 6.11.0, 6.12.0-6.12.5, 6.13.0-6.13.3, 6.14.0-6.14.2, 6.15.0-6.15.2, 6.16.0, 6.17.0-6.17.3, 6.18.0-6.18.1, 6.19.0, 6.20.0, 6.21.0-6.21.1, 6.22.0-6.22.2, 6.23.0, 6.24.0] or uninstalled
 │   ├─restricted by compatibility requirements with Requires [ae029012] to versions: [6.8.0, 6.9.0-6.9.4, 6.10.0-6.10.2, 6.11.0, 6.12.0-6.12.5, 6.13.0-6.13.3, 6.14.0-6.14.2, 6.15.0-6.15.2, 6.16.0, 6.17.0-6.17.3, 6.18.0-6.18.1, 6.19.0, 6.20.0, 6.21.0-6.21.1, 6.22.0-6.22.2, 6.23.0, 6.24.0] or uninstalled
 │   │ └─Requires [ae029012] log:
 │   │   ├─possible versions are: [0.5.0-0.5.2, 1.0.0-1.0.1] or uninstalled
 │   │   └─restricted to versions 1.0.1 by an explicit requirement, leaving only versions 1.0.1
 │   ├─restricted by compatibility requirements with ModelingToolkit [961ee093] to versions: [3.13.2-3.13.3, 4.0.0-4.0.1, 4.1.0, 4.2.0, 4.3.0-4.3.1, 4.4.0, 4.5.0, 4.6.0, 4.7.0, 4.8.0, 4.9.0, 4.10.0-4.10.1, 4.11.0-4.11.1, 4.12.0, 4.13.0, 4.14.0-4.14.1, 4.15.0, 4.16.0, 4.17.0, 4.18.0, 4.19.0, 4.20.0-4.20.3, 4.21.0, 4.21.2-4.21.3, 4.22.0-4.22.2, 4.23.0, 4.23.2-4.23.4, 4.24.0-4.24.3, 4.25.0-4.25.1, 4.26.0-4.26.3, 4.27.0-4.27.1, 4.28.0-4.28.1, 4.29.0-4.29.2, 4.30.0-4.30.2, 4.31.0-4.31.2, 4.32.0, 5.0.0-5.0.1, 5.1.0, 5.2.0-5.2.3, 5.3.0-5.3.2, 5.4.0-5.4.1, 5.5.0-5.5.2, 5.6.0-5.6.4, 5.7.0, 5.8.0-5.8.1, 5.9.0, 5.10.0-5.10.3, 5.11.0-5.11.1, 5.12.0, 5.13.0, 5.14.0-5.14.2, 5.15.0, 5.16.0-5.16.5, 5.17.0-5.17.1, 5.18.0, 5.19.0, 5.20.0-5.20.1, 6.0.0, 6.1.0, 6.2.0-6.2.4, 6.3.0-6.3.6, 6.4.0-6.4.2, 6.5.0-6.5.1, 6.6.0, 6.7.0, 6.8.0, 6.9.0-6.9.4, 6.10.0-6.10.2, 6.11.0, 6.12.0-6.12.5, 6.13.0-6.13.3, 6.14.0-6.14.2, 6.15.0-6.15.2, 6.16.0, 6.17.0-6.17.3, 6.18.0-6.18.1, 6.19.0, 6.20.0, 6.21.0-6.21.1, 6.22.0-6.22.2, 6.23.0, 6.24.0], leaving only versions: [6.8.0, 6.9.0-6.9.4, 6.10.0-6.10.2, 6.11.0, 6.12.0-6.12.5, 6.13.0-6.13.3, 6.14.0-6.14.2, 6.15.0-6.15.2, 6.16.0, 6.17.0-6.17.3, 6.18.0-6.18.1, 6.19.0, 6.20.0, 6.21.0-6.21.1, 6.22.0-6.22.2, 6.23.0, 6.24.0]
 │   │ └─ModelingToolkit [961ee093] log:
 │   │   ├─possible versions are: [0.0.1-0.0.2, 0.1.0, 0.2.0, 0.4.0, 0.5.0, 0.6.0-0.6.1, 0.6.3-0.6.4, 0.7.0-0.7.2, 0.8.0, 0.9.0-0.9.1, 0.10.0, 1.0.0-1.0.3, 1.1.0-1.1.3, 1.2.0-1.2.10] or uninstalled
 │   │   ├─restricted to versions * by an explicit requirement, leaving only versions [0.0.1-0.0.2, 0.1.0, 0.2.0, 0.4.0, 0.5.0, 0.6.0-0.6.1, 0.6.3-0.6.4, 0.7.0-0.7.2, 0.8.0, 0.9.0-0.9.1, 0.10.0, 1.0.0-1.0.3, 1.1.0-1.1.3, 1.2.0-1.2.10]
 │   │   ├─restricted by compatibility requirements with Latexify [23fbe1c1] to versions: [0.0.1-0.0.2, 0.1.0, 0.2.0, 0.4.0, 0.5.0, 0.6.0-0.6.1, 0.6.3-0.6.4, 0.7.0-0.7.2, 0.8.0, 1.2.7-1.2.10] or uninstalled, leaving only versions: [0.0.1-0.0.2, 0.1.0, 0.2.0, 0.4.0, 0.5.0, 0.6.0-0.6.1, 0.6.3-0.6.4, 0.7.0-0.7.2, 0.8.0, 1.2.7-1.2.10]
 │   │   │ └─Latexify [23fbe1c1] log:
 │   │   │   ├─possible versions are: [0.5.0-0.5.1, 0.6.0, 0.7.0, 0.8.1-0.8.2, 0.9.0, 0.10.0, 0.11.0, 0.12.0-0.12.3, 0.13.0] or uninstalled
 │   │   │   └─restricted by compatibility requirements with Requires [ae029012] to versions: 0.13.0 or uninstalled
 │   │   │     └─Requires [ae029012] log: see above
 │   │   └─restricted by compatibility requirements with DiffEqBase [2b5f629d] to versions: [0.4.0, 0.5.0, 0.6.0-0.6.1, 0.6.3-0.6.4, 0.7.0-0.7.2, 0.8.0, 0.9.0-0.9.1, 0.10.0, 1.0.0-1.0.3, 1.1.0-1.1.3, 1.2.0-1.2.10] or uninstalled, leaving only versions: [0.4.0, 0.5.0, 0.6.0-0.6.1, 0.6.3-0.6.4, 0.7.0-0.7.2, 0.8.0, 1.2.7-1.2.10]
 │   │     └─DiffEqBase [2b5f629d] log: see above
 │   └─restricted by compatibility requirements with ChainRulesCore [d360d2e6] to versions: [3.13.2-3.13.3, 4.0.0-4.0.1, 4.1.0, 4.2.0, 4.3.0-4.3.1, 4.4.0, 4.5.0, 4.6.0, 4.7.0, 4.8.0, 4.9.0, 4.10.0-4.10.1, 4.11.0-4.11.1, 4.12.0, 4.13.0, 4.14.0-4.14.1, 4.15.0, 4.16.0, 4.17.0, 4.18.0, 4.19.0, 4.20.0-4.20.3, 4.21.0, 4.21.2-4.21.3, 4.22.0-4.22.2, 4.23.0, 4.23.2-4.23.4, 4.24.0-4.24.3, 4.25.0-4.25.1, 4.26.0-4.26.3, 4.27.0-4.27.1, 4.28.0-4.28.1, 4.29.0-4.29.2, 4.30.0-4.30.2, 4.31.0-4.31.2, 4.32.0, 5.0.0-5.0.1, 5.1.0, 5.2.0-5.2.3, 5.3.0-5.3.2, 5.4.0-5.4.1, 5.5.0-5.5.2, 5.6.0-5.6.4, 5.7.0, 5.8.0-5.8.1, 5.9.0, 5.10.0-5.10.3, 5.11.0-5.11.1, 5.12.0, 5.13.0, 5.14.0-5.14.2, 5.15.0, 5.16.0-5.16.5, 5.17.0-5.17.1, 5.18.0, 5.19.0, 5.20.0-5.20.1, 6.0.0, 6.1.0, 6.2.0-6.2.4, 6.3.0-6.3.6, 6.4.0-6.4.2, 6.5.0-6.5.1, 6.6.0, 6.7.0, 6.8.0, 6.9.0-6.9.4, 6.10.0, 6.12.3-6.12.5, 6.13.0-6.13.3, 6.14.0-6.14.2, 6.15.0-6.15.2, 6.16.0, 6.17.0-6.17.3, 6.18.0-6.18.1, 6.19.0, 6.20.0, 6.21.0-6.21.1, 6.22.0-6.22.2, 6.23.0, 6.24.0] or uninstalled, leaving only versions: [6.8.0, 6.9.0-6.9.4, 6.10.0, 6.12.3-6.12.5, 6.13.0-6.13.3, 6.14.0-6.14.2, 6.15.0-6.15.2, 6.16.0, 6.17.0-6.17.3, 6.18.0-6.18.1, 6.19.0, 6.20.0, 6.21.0-6.21.1, 6.22.0-6.22.2, 6.23.0, 6.24.0]
 │     └─ChainRulesCore [d360d2e6] log:
 │       ├─possible versions are: [0.1.0-0.1.1, 0.2.0, 0.3.0, 0.4.0, 0.5.0-0.5.5, 0.6.0-0.6.1, 0.7.0-0.7.1] or uninstalled
 │       └─restricted to versions 0.5.5 by an explicit requirement, leaving only versions 0.5.5
 └─restricted by compatibility requirements with RecipesBase [3cdcf5f2] to versions: uninstalled — no versions left
   └─RecipesBase [3cdcf5f2] log:
     ├─possible versions are: [0.4.0, 0.5.0, 0.6.0, 0.7.0, 0.8.0] or uninstalled
     └─restricted by compatibility requirements with RecursiveArrayTools [731186ca] to versions: [0.7.0, 0.8.0]
       └─RecursiveArrayTools [731186ca] log:
         ├─possible versions are: [0.16.0-0.16.3, 0.17.0-0.17.2, 0.18.0-0.18.6, 0.19.0-0.19.1, 0.20.0, 1.0.0-1.0.2, 1.1.0-1.1.1, 1.2.0-1.2.1, 2.0.0-2.0.5, 2.1.0] or uninstalled
         ├─restricted by compatibility requirements with Requires [ae029012] to versions: [1.2.1, 2.0.0-2.0.5, 2.1.0] or uninstalled
         │ └─Requires [ae029012] log: see above
         └─restricted by compatibility requirements with OrdinaryDiffEq [1dea7af3] to versions: [0.16.0-0.16.3, 0.17.0-0.17.2, 0.18.0-0.18.6, 0.19.0-0.19.1, 0.20.0, 1.0.0-1.0.2, 1.1.0-1.1.1, 1.2.0-1.2.1, 2.0.0-2.0.5, 2.1.0], leaving only versions: [1.2.1, 2.0.0-2.0.5, 2.1.0]
           └─OrdinaryDiffEq [1dea7af3] log:
             ├─possible versions are: [4.0.0, 4.1.0, 4.2.0, 4.3.0, 4.4.0-4.4.1, 4.5.0, 4.6.0, 4.7.0-4.7.1, 4.8.0-4.8.1, 4.9.0, 4.10.0, 4.11.0-4.11.1, 4.12.0-4.12.4, 4.13.0, 4.14.0, 4.15.0-4.15.1, 4.16.0-4.16.5, 4.17.0-4.17.2, 4.18.0-4.18.3, 4.19.0, 4.20.0, 4.21.0-4.21.1, 5.0.0, 5.1.0-5.1.4, 5.2.0-5.2.1, 5.3.0, 5.4.0-5.4.1, 5.5.0, 5.6.0-5.6.1, 5.7.0-5.7.1, 5.8.0-5.8.1, 5.9.0, 5.10.0, 5.11.0-5.11.1, 5.12.0, 5.13.0, 5.14.0, 5.15.0-5.15.1, 5.16.0, 5.17.0-5.17.2, 5.18.0, 5.19.0, 5.20.0-5.20.1, 5.21.0, 5.22.0, 5.23.0, 5.24.0, 5.25.0, 5.26.0-5.26.8, 5.27.0-5.27.1, 5.28.0-5.28.1, 5.29.0, 5.30.0, 5.31.0] or uninstalled
             ├─restricted to versions * by an explicit requirement, leaving only versions [4.0.0, 4.1.0, 4.2.0, 4.3.0, 4.4.0-4.4.1, 4.5.0, 4.6.0, 4.7.0-4.7.1, 4.8.0-4.8.1, 4.9.0, 4.10.0, 4.11.0-4.11.1, 4.12.0-4.12.4, 4.13.0, 4.14.0, 4.15.0-4.15.1, 4.16.0-4.16.5, 4.17.0-4.17.2, 4.18.0-4.18.3, 4.19.0, 4.20.0, 4.21.0-4.21.1, 5.0.0, 5.1.0-5.1.4, 5.2.0-5.2.1, 5.3.0, 5.4.0-5.4.1, 5.5.0, 5.6.0-5.6.1, 5.7.0-5.7.1, 5.8.0-5.8.1, 5.9.0, 5.10.0, 5.11.0-5.11.1, 5.12.0, 5.13.0, 5.14.0, 5.15.0-5.15.1, 5.16.0, 5.17.0-5.17.2, 5.18.0, 5.19.0, 5.20.0-5.20.1, 5.21.0, 5.22.0, 5.23.0, 5.24.0, 5.25.0, 5.26.0-5.26.8, 5.27.0-5.27.1, 5.28.0-5.28.1, 5.29.0, 5.30.0, 5.31.0]
             ├─restricted by compatibility requirements with StaticArrays [90137ffa] to versions: [4.0.0, 4.1.0, 4.2.0, 4.3.0, 4.4.0-4.4.1, 4.5.0, 4.6.0, 4.7.0-4.7.1, 4.8.0-4.8.1, 4.9.0, 4.10.0, 4.11.0-4.11.1, 4.12.0-4.12.4, 4.13.0, 4.14.0, 4.15.0-4.15.1, 4.16.0-4.16.5, 4.17.0-4.17.2, 4.18.0-4.18.3, 4.19.0, 4.20.0, 4.21.0-4.21.1, 5.0.0, 5.1.0-5.1.4, 5.2.0-5.2.1, 5.3.0, 5.21.0, 5.22.0, 5.23.0, 5.24.0, 5.25.0, 5.26.0-5.26.8, 5.27.0-5.27.1, 5.28.0-5.28.1, 5.29.0, 5.30.0, 5.31.0] or uninstalled, leaving only versions: [4.0.0, 4.1.0, 4.2.0, 4.3.0, 4.4.0-4.4.1, 4.5.0, 4.6.0, 4.7.0-4.7.1, 4.8.0-4.8.1, 4.9.0, 4.10.0, 4.11.0-4.11.1, 4.12.0-4.12.4, 4.13.0, 4.14.0, 4.15.0-4.15.1, 4.16.0-4.16.5, 4.17.0-4.17.2, 4.18.0-4.18.3, 4.19.0, 4.20.0, 4.21.0-4.21.1, 5.0.0, 5.1.0-5.1.4, 5.2.0-5.2.1, 5.3.0, 5.21.0, 5.22.0, 5.23.0, 5.24.0, 5.25.0, 5.26.0-5.26.8, 5.27.0-5.27.1, 5.28.0-5.28.1, 5.29.0, 5.30.0, 5.31.0]
             │ └─StaticArrays [90137ffa] log:
             │   ├─possible versions are: [0.8.0-0.8.3, 0.9.0-0.9.2, 0.10.0, 0.10.2-0.10.3, 0.11.0-0.11.1, 0.12.0-0.12.1] or uninstalled
             │   └─restricted to versions 0.12.1 by an explicit requirement, leaving only versions 0.12.1
             ├─restricted by compatibility requirements with RecursiveArrayTools [731186ca] to versions: [5.6.1, 5.7.0-5.7.1, 5.8.0-5.8.1, 5.9.0, 5.10.0, 5.11.0-5.11.1, 5.12.0, 5.13.0, 5.14.0, 5.15.0-5.15.1, 5.16.0, 5.17.0-5.17.2, 5.18.0, 5.19.0, 5.20.0-5.20.1, 5.21.0, 5.22.0, 5.23.0, 5.24.0, 5.25.0, 5.26.0-5.26.8, 5.27.0-5.27.1, 5.28.0-5.28.1, 5.29.0, 5.30.0, 5.31.0] or uninstalled, leaving only versions: [5.21.0, 5.22.0, 5.23.0, 5.24.0, 5.25.0, 5.26.0-5.26.8, 5.27.0-5.27.1, 5.28.0-5.28.1, 5.29.0, 5.30.0, 5.31.0]
             │ └─RecursiveArrayTools [731186ca] log: see above
             └─restricted by compatibility requirements with ArrayInterface [4fba245c] to versions: [4.0.0, 4.1.0, 4.2.0, 4.3.0, 4.4.0-4.4.1, 4.5.0, 4.6.0, 4.7.0-4.7.1, 4.8.0-4.8.1, 4.9.0, 4.10.0, 4.11.0-4.11.1, 4.12.0-4.12.4, 4.13.0, 4.14.0, 4.15.0-4.15.1, 4.16.0-4.16.5, 4.17.0-4.17.2, 4.18.0-4.18.3, 4.19.0, 4.20.0, 4.21.0-4.21.1, 5.0.0, 5.1.0-5.1.4, 5.2.0-5.2.1, 5.3.0, 5.4.0-5.4.1, 5.5.0, 5.6.0-5.6.1, 5.7.0-5.7.1, 5.8.0-5.8.1, 5.9.0, 5.10.0, 5.11.0-5.11.1, 5.12.0, 5.13.0, 5.24.0, 5.25.0, 5.26.0-5.26.8, 5.27.0-5.27.1, 5.28.0-5.28.1, 5.29.0, 5.30.0, 5.31.0] or uninstalled, leaving only versions: [5.24.0, 5.25.0, 5.26.0-5.26.8, 5.27.0-5.27.1, 5.28.0-5.28.1, 5.29.0, 5.30.0, 5.31.0]
               └─ArrayInterface [4fba245c] log:
                 ├─possible versions are: [0.0.1, 0.1.0-0.1.1, 1.0.0, 1.1.0, 1.2.0-1.2.1, 2.0.0, 2.1.0, 2.2.0, 2.3.0-2.3.1, 2.4.0-2.4.1, 2.5.0-2.5.1] or uninstalled
                 ├─restricted by compatibility requirements with Requires [ae029012] to versions: [2.1.0, 2.2.0, 2.3.0-2.3.1, 2.4.0-2.4.1, 2.5.0-2.5.1] or uninstalled
                 │ └─Requires [ae029012] log: see above
                 └─restricted by compatibility requirements with RecursiveArrayTools [731186ca] to versions: [1.2.0-1.2.1, 2.0.0, 2.1.0, 2.2.0, 2.3.0-2.3.1, 2.4.0-2.4.1, 2.5.0-2.5.1], leaving only versions: [2.1.0, 2.2.0, 2.3.0-2.3.1, 2.4.0-2.4.1, 2.5.0-2.5.1]
                   └─RecursiveArrayTools [731186ca] log: see above
Stacktrace:
 [1] #propagate_constraints!#61(::Bool, ::typeof(Pkg.GraphType.propagate_constraints!), ::Pkg.GraphType.Graph, ::Set{Int64}) at /buildworker/worker/package_linux64/build/usr/share/julia/stdlib/v1.3/Pkg/src/GraphType.jl:1007
 [2] propagate_constraints! at /buildworker/worker/package_linux64/build/usr/share/julia/stdlib/v1.3/Pkg/src/GraphType.jl:948 [inlined]
 [3] #simplify_graph!#121(::Bool, ::typeof(Pkg.GraphType.simplify_graph!), ::Pkg.GraphType.Graph, ::Set{Int64}) at /buildworker/worker/package_linux64/build/usr/share/julia/stdlib/v1.3/Pkg/src/GraphType.jl:1462
 [4] simplify_graph! at /buildworker/worker/package_linux64/build/usr/share/julia/stdlib/v1.3/Pkg/src/GraphType.jl:1462 [inlined]
 [5] _resolve_versions!(::Pkg.Types.Context, ::Array{Pkg.Types.PackageSpec,1}, ::Nothing) at /buildworker/worker/package_linux64/build/usr/share/julia/stdlib/v1.3/Pkg/src/backwards_compatible_isolation.jl:148
 [6] _resolve_versions! at /buildworker/worker/package_linux64/build/usr/share/julia/stdlib/v1.3/Pkg/src/backwards_compatible_isolation.jl:93 [inlined]
 [7] #_add_or_develop#26(::Array{Base.UUID,1}, ::Symbol, ::typeof(Pkg.Operations._add_or_develop), ::Pkg.Types.Context, ::Array{Pkg.Types.PackageSpec,1}) at /buildworker/worker/package_linux64/build/usr/share/julia/stdlib/v1.3/Pkg/src/backwards_compatible_isolation.jl:348
 [8] _add_or_develop at /buildworker/worker/package_linux64/build/usr/share/julia/stdlib/v1.3/Pkg/src/backwards_compatible_isolation.jl:333 [inlined]
 [9] (::Pkg.Operations.var"#30#36"{Bool,Pkg.Operations.var"#42#44"{Pkg.Types.Context,Pkg.Types.PackageSpec,Pkg.Operations.var"#41#43"{Pkg.Types.Context,Pkg.Types.PackageSpec,Array{String,1},Cmd}},Pkg.Types.Context,Pkg.Types.PackageSpec,Pkg.Types.Context,Set{Base.UUID},Set{Base.UUID},Array{Pkg.Types.PackageSpec,1}})(::String) at /buildworker/worker/package_linux64/build/usr/share/julia/stdlib/v1.3/Pkg/src/backwards_compatible_isolation.jl:537
 [10] #mktempdir#18(::String, ::typeof(mktempdir), ::Pkg.Operations.var"#30#36"{Bool,Pkg.Operations.var"#42#44"{Pkg.Types.Context,Pkg.Types.PackageSpec,Pkg.Operations.var"#41#43"{Pkg.Types.Context,Pkg.Types.PackageSpec,Array{String,1},Cmd}},Pkg.Types.Context,Pkg.Types.PackageSpec,Pkg.Types.Context,Set{Base.UUID},Set{Base.UUID},Array{Pkg.Types.PackageSpec,1}}, ::String) at ./file.jl:634
 [11] mktempdir at ./file.jl:632 [inlined] (repeats 2 times)
 [12] #with_dependencies_loadable_at_toplevel#27(::Bool, ::typeof(Pkg.Operations.with_dependencies_loadable_at_toplevel), ::Pkg.Operations.var"#42#44"{Pkg.Types.Context,Pkg.Types.PackageSpec,Pkg.Operations.var"#41#43"{Pkg.Types.Context,Pkg.Types.PackageSpec,Array{String,1},Cmd}}, ::Pkg.Types.Context, ::Pkg.Types.PackageSpec) at /buildworker/worker/package_linux64/build/usr/share/julia/stdlib/v1.3/Pkg/src/backwards_compatible_isolation.jl:516
 [13] #with_dependencies_loadable_at_toplevel at ./none:0 [inlined]
 [14] #backwards_compatibility_for_test#40(::Cmd, ::Cmd, ::typeof(Pkg.Operations.backwards_compatibility_for_test), ::Pkg.Types.Context, ::Pkg.Types.PackageSpec, ::String, ::Array{String,1}, ::Bool) at /buildworker/worker/package_linux64/build/usr/share/julia/stdlib/v1.3/Pkg/src/backwards_compatible_isolation.jl:608
 [15] #backwards_compatibility_for_test at ./none:0 [inlined]
 [16] #test#131(::Bool, ::Nothing, ::Cmd, ::Cmd, ::typeof(Pkg.Operations.test), ::Pkg.Types.Context, ::Array{Pkg.Types.PackageSpec,1}) at /buildworker/worker/package_linux64/build/usr/share/julia/stdlib/v1.3/Pkg/src/Operations.jl:1347
 [17] #test at ./none:0 [inlined]
 [18] #test#62(::Bool, ::Nothing, ::Cmd, ::Cmd, ::Base.Iterators.Pairs{Union{},Union{},Tuple{},NamedTuple{(),Tuple{}}}, ::typeof(Pkg.API.test), ::Pkg.Types.Context, ::Array{Pkg.Types.PackageSpec,1}) at /buildworker/worker/package_linux64/build/usr/share/julia/stdlib/v1.3/Pkg/src/API.jl:253
 [19] test(::Pkg.Types.Context, ::Array{Pkg.Types.PackageSpec,1}) at /buildworker/worker/package_linux64/build/usr/share/julia/stdlib/v1.3/Pkg/src/API.jl:239
 [20] #test#61 at /buildworker/worker/package_linux64/build/usr/share/julia/stdlib/v1.3/Pkg/src/API.jl:233 [inlined]
 [21] test at /buildworker/worker/package_linux64/build/usr/share/julia/stdlib/v1.3/Pkg/src/API.jl:233 [inlined]
 [22] #test#60 at /buildworker/worker/package_linux64/build/usr/share/julia/stdlib/v1.3/Pkg/src/API.jl:232 [inlined]
 [23] test at /buildworker/worker/package_linux64/build/usr/share/julia/stdlib/v1.3/Pkg/src/API.jl:232 [inlined]
 [24] #test#59(::Base.Iterators.Pairs{Union{},Union{},Tuple{},NamedTuple{(),Tuple{}}}, ::typeof(Pkg.API.test), ::String) at /buildworker/worker/package_linux64/build/usr/share/julia/stdlib/v1.3/Pkg/src/API.jl:231
 [25] test(::String) at /buildworker/worker/package_linux64/build/usr/share/julia/stdlib/v1.3/Pkg/src/API.jl:231
 [26] top-level scope at none:13
