Julia Version 1.5.1
Commit 697e782ab8 (2020-08-25 20:08 UTC)
Platform Info:
  OS: Linux (x86_64-pc-linux-gnu)
  CPU: Intel(R) Xeon(R) Silver 4114 CPU @ 2.20GHz
  WORD_SIZE: 64
  LIBM: libopenlibm
  LLVM: libLLVM-9.0.1 (ORCJIT, skylake-avx512)
Environment:
  JULIA_DEPOT_PATH = ::/usr/local/share/julia
  JULIA_NUM_THREADS = 2

  Resolving package versions...
ERROR: Unsatisfiable requirements detected for package RecipesBase [3cdcf5f2]:
 RecipesBase [3cdcf5f2] log:
 ├─possible versions are: [0.4.0, 0.5.0, 0.6.0, 0.7.0, 0.8.0, 1.0.0-1.0.2] or uninstalled
 ├─restricted by compatibility requirements with ViscousFlow [103da179] to versions: [0.4.0, 0.5.0, 0.6.0, 0.7.0, 0.8.0]
 │ └─ViscousFlow [103da179] log:
 │   ├─possible versions are: [0.1.3, 0.1.5-0.1.9, 0.2.0, 0.3.0-0.3.5] or uninstalled
 │   ├─restricted by compatibility requirements with FSInteraction [39fdbc7a] to versions: 0.1.7-0.1.9
 │   │ └─FSInteraction [39fdbc7a] log:
 │   │   ├─possible versions are: 0.1.0 or uninstalled
 │   │   └─restricted to versions * by an explicit requirement, leaving only versions 0.1.0
 │   └─restricted by compatibility requirements with Plots [91a5bcdd] to versions: [0.1.3, 0.1.5-0.1.7] or uninstalled, leaving only versions: 0.1.7
 │     └─Plots [91a5bcdd] log:
 │       ├─possible versions are: [0.12.1-0.12.4, 0.13.0-0.13.1, 0.14.0-0.14.2, 0.15.0-0.15.1, 0.16.0, 0.17.0-0.17.4, 0.18.0, 0.19.0-0.19.3, 0.20.0-0.20.6, 0.21.0, 0.22.0-0.22.5, 0.23.0-0.23.2, 0.24.0, 0.25.0-0.25.3, 0.26.0-0.26.3, 0.27.0-0.27.1, 0.28.0-0.28.4, 0.29.0-0.29.9, 1.0.0-1.0.14, 1.1.0-1.1.4, 1.2.0-1.2.6, 1.3.0-1.3.7, 1.4.0-1.4.4, 1.5.0-1.5.9, 1.6.0-1.6.1] or uninstalled
 │       └─restricted by compatibility requirements with FSInteraction [39fdbc7a] to versions: [1.4.0-1.4.4, 1.5.0-1.5.9, 1.6.0-1.6.1]
 │         └─FSInteraction [39fdbc7a] log: see above
 └─restricted by compatibility requirements with Plots [91a5bcdd] to versions: 1.0.0-1.0.2 — no versions left
   └─Plots [91a5bcdd] log: see above
Stacktrace:
 [1] propagate_constraints!(::Pkg.Resolve.Graph, ::Set{Int64}; log_events::Bool) at /buildworker/worker/package_linux64/build/usr/share/julia/stdlib/v1.5/Pkg/src/Resolve/graphtype.jl:1005
 [2] propagate_constraints! at /buildworker/worker/package_linux64/build/usr/share/julia/stdlib/v1.5/Pkg/src/Resolve/graphtype.jl:946 [inlined] (repeats 2 times)
 [3] simplify_graph!(::Pkg.Resolve.Graph, ::Set{Int64}; clean_graph::Bool) at /buildworker/worker/package_linux64/build/usr/share/julia/stdlib/v1.5/Pkg/src/Resolve/graphtype.jl:1460
 [4] simplify_graph! at /buildworker/worker/package_linux64/build/usr/share/julia/stdlib/v1.5/Pkg/src/Resolve/graphtype.jl:1460 [inlined] (repeats 2 times)
 [5] resolve_versions!(::Pkg.Types.Context, ::Array{Pkg.Types.PackageSpec,1}) at /buildworker/worker/package_linux64/build/usr/share/julia/stdlib/v1.5/Pkg/src/Operations.jl:375
 [6] targeted_resolve at /buildworker/worker/package_linux64/build/usr/share/julia/stdlib/v1.5/Pkg/src/Operations.jl:1114 [inlined]
 [7] tiered_resolve(::Pkg.Types.Context, ::Array{Pkg.Types.PackageSpec,1}) at /buildworker/worker/package_linux64/build/usr/share/julia/stdlib/v1.5/Pkg/src/Operations.jl:1100
 [8] _resolve at /buildworker/worker/package_linux64/build/usr/share/julia/stdlib/v1.5/Pkg/src/Operations.jl:1120 [inlined]
 [9] add(::Pkg.Types.Context, ::Array{Pkg.Types.PackageSpec,1}, ::Array{Base.UUID,1}; preserve::Pkg.Types.PreserveLevel, platform::Pkg.BinaryPlatforms.Linux) at /buildworker/worker/package_linux64/build/usr/share/julia/stdlib/v1.5/Pkg/src/Operations.jl:1135
 [10] add(::Pkg.Types.Context, ::Array{Pkg.Types.PackageSpec,1}; preserve::Pkg.Types.PreserveLevel, platform::Pkg.BinaryPlatforms.Linux, kwargs::Base.Iterators.Pairs{Union{},Union{},Tuple{},NamedTuple{(),Tuple{}}}) at /buildworker/worker/package_linux64/build/usr/share/julia/stdlib/v1.5/Pkg/src/API.jl:189
 [11] add(::Pkg.Types.Context, ::Array{Pkg.Types.PackageSpec,1}) at /buildworker/worker/package_linux64/build/usr/share/julia/stdlib/v1.5/Pkg/src/API.jl:140
 [12] #add#21 at /buildworker/worker/package_linux64/build/usr/share/julia/stdlib/v1.5/Pkg/src/API.jl:67 [inlined]
 [13] add at /buildworker/worker/package_linux64/build/usr/share/julia/stdlib/v1.5/Pkg/src/API.jl:67 [inlined]
 [14] #add#20 at /buildworker/worker/package_linux64/build/usr/share/julia/stdlib/v1.5/Pkg/src/API.jl:66 [inlined]
 [15] add at /buildworker/worker/package_linux64/build/usr/share/julia/stdlib/v1.5/Pkg/src/API.jl:66 [inlined]
 [16] add(::String; kwargs::Base.Iterators.Pairs{Union{},Union{},Tuple{},NamedTuple{(),Tuple{}}}) at /buildworker/worker/package_linux64/build/usr/share/julia/stdlib/v1.5/Pkg/src/API.jl:65
 [17] add(::String) at /buildworker/worker/package_linux64/build/usr/share/julia/stdlib/v1.5/Pkg/src/API.jl:65
 [18] top-level scope at none:18
