Julia Version 1.4.0
Commit b8e9a9ecc6 (2020-03-21 16:36 UTC)
Platform Info:
  OS: Linux (x86_64-pc-linux-gnu)
  CPU: AMD Ryzen Threadripper 2990WX 32-Core Processor
  WORD_SIZE: 64
  LIBM: libopenlibm
  LLVM: libLLVM-8.0.1 (ORCJIT, znver1)
Environment:
  JULIA_DEPOT_PATH = ::/usr/local/share/julia
  JULIA_NUM_THREADS = 2

  Resolving package versions...
  Installed Parameters ───────── v0.12.0
    Cloning [b964fa9f-0449-5b57-a5c2-d3ea65f4040f] LaTeXStrings from https://github.com/stevengj/LaTeXStrings.jl.git
[?25l    Fetching: [>                                        ]  0.0 %[2K[?25h  Installed LaTeXStrings ─────── v1.1.0
    Cloning [98ce4118-165c-488a-9b71-2bb5aff4e594] FunctionOperators from https://github.com/hakkelt/FunctionOperators.jl.git
[?25l    Fetching: [>                                        ]  0.0 %[2K[?25h  Installed FunctionOperators ── v0.2.0
    Cloning [1914dd2f-81c6-5fcd-8719-6d5c9610ff09] MacroTools from https://github.com/MikeInnes/MacroTools.jl.git
[?25l    Fetching: [>                                        ]  0.0 %[2K[?25h  Installed MacroTools ───────── v0.5.5
    Cloning [bac558e1-5e72-5ebc-8fee-abe8a469f55d] OrderedCollections from https://github.com/JuliaCollections/OrderedCollections.jl.git
[?25l    Fetching: [>                                        ]  0.0 %[2K[?25h  Installed OrderedCollections ─ v1.1.0
   Updating `~/.julia/environments/v1.4/Project.toml`
  [98ce4118] + FunctionOperators v0.2.0
   Updating `~/.julia/environments/v1.4/Manifest.toml`
  [98ce4118] + FunctionOperators v0.2.0
  [b964fa9f] + LaTeXStrings v1.1.0
  [1914dd2f] + MacroTools v0.5.5
  [bac558e1] + OrderedCollections v1.1.0
  [d96e819e] + Parameters v0.12.0
  [2a0f44e3] + Base64 
  [8ba89e20] + Distributed 
  [b77e0a4c] + InteractiveUtils 
  [8f399da3] + Libdl 
  [37e2e46d] + LinearAlgebra 
  [56ddb016] + Logging 
  [d6f4376e] + Markdown 
  [de0858da] + Printf 
  [9a3f8284] + Random 
  [9e88b42a] + Serialization 
  [6462fe0b] + Sockets 
  [8dfed614] + Test 
  [4ec0a83e] + Unicode 
    Testing FunctionOperators
[?25l    Fetching: [>                                        ]  0.0 %[2K[?25h[?25l    Fetching: [>                                        ]  0.0 %[2K[?25h[?25l    Fetching: [>                                        ]  0.0 %[2K[?25h[?25l    Fetching: [>                                        ]  0.0 %[2K[?25h[?25l    Fetching: [>                                        ]  0.0 %[2K[?25h[?25l    Fetching: [>                                        ]  0.0 %[2K[?25hStatus `/tmp/jl_db4Ipp/Manifest.toml`
  [6e4b80f9] BenchmarkTools v0.5.0
  [b99e7846] BinaryProvider v0.5.8
  [a2441757] Coverage v1.0.0
  [c36e975a] CoverageTools v1.1.0
  [98ce4118] FunctionOperators v0.2.0
  [cd3eb016] HTTP v0.8.13
  [83e8ac13] IniFile v0.5.0
  [682c06a0] JSON v0.21.0
  [b964fa9f] LaTeXStrings v1.1.0
  [1914dd2f] MacroTools v0.5.5
  [739be429] MbedTLS v0.7.0
  [6fe1bfb0] OffsetArrays v1.0.3
  [bac558e1] OrderedCollections v1.1.0
  [d96e819e] Parameters v0.12.0
  [69de0a69] Parsers v0.3.12
  [2a0f44e3] Base64 
  [ade2ca70] Dates 
  [8ba89e20] Distributed 
  [b77e0a4c] InteractiveUtils 
  [76f85450] LibGit2 
  [8f399da3] Libdl 
  [37e2e46d] LinearAlgebra 
  [56ddb016] Logging 
  [d6f4376e] Markdown 
  [a63ad114] Mmap 
  [de0858da] Printf 
  [9a3f8284] Random 
  [ea8e919c] SHA 
  [9e88b42a] Serialization 
  [6462fe0b] Sockets 
  [2f01184e] SparseArrays 
  [10745b16] Statistics 
  [8dfed614] Test 
  [cf7118a7] UUIDs 
  [4ec0a83e] Unicode 
Test Summary:                | Pass  Total
Constructors - StructDefs.jl |   35     35
Test Summary: | Pass  Total
Helpers.jl    |   33     33
Test Summary: | Pass  Total
Show.jl       |    5      5
Test Summary: | Pass  Total
Auxiliary.jl  |   63     63
Number of generated operators: 752
Pairwise matches between operators: 2298 (match means same functionality that checked for same result)
Test Summary:      | Pass  Total
Functionality test | 4213   4213
Test Summary: | Pass  Total
recycle       |    5      5
    Testing FunctionOperators tests passed 
