Julia Version 1.4.0
Commit b8e9a9ecc6 (2020-03-21 16:36 UTC)
Platform Info:
  OS: Linux (x86_64-pc-linux-gnu)
  CPU: AMD Ryzen Threadripper 2990WX 32-Core Processor
  WORD_SIZE: 64
  LIBM: libopenlibm
  LLVM: libLLVM-8.0.1 (ORCJIT, znver1)
Environment:
  JULIA_DEPOT_PATH = ::/usr/local/share/julia
  JULIA_NUM_THREADS = 2

  Resolving package versions...
    Cloning [c863536a-3901-11e9-33e7-d5cd0df7b904] GAP from https://github.com/oscar-system/GAP.jl.git
[?25l    Fetching: [>                                        ]  0.0 %[2K[?25h  Installed GAP ─ v0.3.5
   Updating `~/.julia/environments/v1.4/Project.toml`
  [c863536a] + GAP v0.3.5
   Updating `~/.julia/environments/v1.4/Manifest.toml`
  [c863536a] + GAP v0.3.5
  [2a0f44e3] + Base64 
  [ade2ca70] + Dates 
  [b77e0a4c] + InteractiveUtils 
  [76f85450] + LibGit2 
  [8f399da3] + Libdl 
  [56ddb016] + Logging 
  [d6f4376e] + Markdown 
  [44cfe95a] + Pkg 
  [de0858da] + Printf 
  [3fa0cd96] + REPL 
  [9a3f8284] + Random 
  [ea8e919c] + SHA 
  [9e88b42a] + Serialization 
  [6462fe0b] + Sockets 
  [cf7118a7] + UUIDs 
  [4ec0a83e] + Unicode 
   Building GAP → `~/.julia/packages/GAP/4od8v/deps/build.log`
