Julia Version 1.4.0
Commit b8e9a9ecc6 (2020-03-21 16:36 UTC)
Platform Info:
  OS: Linux (x86_64-pc-linux-gnu)
  CPU: AMD Ryzen Threadripper 2990WX 32-Core Processor
  WORD_SIZE: 64
  LIBM: libopenlibm
  LLVM: libLLVM-8.0.1 (ORCJIT, znver1)
Environment:
  JULIA_DEPOT_PATH = ::/usr/local/share/julia
  JULIA_NUM_THREADS = 2

  Resolving package versions...
  Installed DataAPI ────────────────────── v1.1.0
  Installed Missings ───────────────────── v0.4.3
  Installed SortingAlgorithms ──────────── v0.3.1
  Installed FillArrays ─────────────────── v0.8.5
  Installed StatsFuns ──────────────────── v0.9.4
  Installed Arpack_jll ─────────────────── v3.5.0+2
  Installed Arpack ─────────────────────── v0.4.0
  Installed CompilerSupportLibraries_jll ─ v0.3.1+0
  Installed OpenSpecFun_jll ────────────── v0.5.3+3
  Installed Distributions ──────────────── v0.23.1
  Installed Parameters ─────────────────── v0.12.0
  Installed StatsBase ──────────────────── v0.32.2
    Cloning [76087f3c-5699-56af-9a33-bf431cd00edd] NLopt from https://github.com/JuliaOpt/NLopt.jl.git
[?25l    Fetching: [>                                        ]  0.0 %[2K[?25h  Installed NLopt ──────────────────────── v0.5.1
    Cloning [4d2f22df-77d7-5622-8d7f-1db4ec2bcc3a] GARCH from https://github.com/AndreyKolev/GARCH.jl.git
[?25l    Fetching: [>                                        ]  0.0 %[2K[?25h  Installed GARCH ──────────────────────── v0.3.1
    Cloning [d5fb7624-851a-54ee-a528-d3f3bac0b4a0] CMakeWrapper from https://github.com/JuliaPackaging/CMakeWrapper.jl.git
[?25l    Fetching: [>                                        ]  0.0 %[2K[?25h  Installed CMakeWrapper ───────────────── v0.2.3
    Cloning [30578b45-9adc-5946-b283-645ec420af67] URIParser from https://github.com/JuliaWeb/URIParser.jl.git
[?25l    Fetching: [>                                        ]  0.0 %[2K[?25h  Installed URIParser ──────────────────── v0.4.0
    Cloning [276daf66-3868-5448-9aa4-cd146d93841b] SpecialFunctions from https://github.com/JuliaMath/SpecialFunctions.jl.git
[?25l    Fetching: [>                                        ]  0.0 %[2K[?25h  Installed SpecialFunctions ───────────── v0.10.0
    Cloning [79098fc4-a85e-5d69-aa6a-4863f24498fa] Rmath from https://github.com/JuliaStats/Rmath.jl.git
[?25l    Fetching: [>                                        ]  0.0 %[2K[?25h  Installed Rmath ──────────────────────── v0.6.1
    Cloning [bac558e1-5e72-5ebc-8fee-abe8a469f55d] OrderedCollections from https://github.com/JuliaCollections/OrderedCollections.jl.git
[?25l    Fetching: [>                                        ]  0.0 %[2K[?25h  Installed OrderedCollections ─────────── v1.1.0
    Cloning [9e28174c-4ba2-5203-b857-d8d62c4213ee] BinDeps from https://github.com/JuliaPackaging/BinDeps.jl.git
[?25l    Fetching: [>                                        ]  0.0 %[2K[?25h  Installed BinDeps ────────────────────── v1.0.0
    Cloning [1fd47b50-473d-5c70-9696-f719f8f3bcdc] QuadGK from https://github.com/JuliaMath/QuadGK.jl.git
[?25l    Fetching: [>                                        ]  0.0 %[2K[?25h  Installed QuadGK ─────────────────────── v2.3.1
    Cloning [631607c0-34d2-5d66-819e-eb0f9aa2061a] CMake from https://github.com/JuliaPackaging/CMake.jl.git
[?25l    Fetching: [>                                        ]  0.0 %[2K[?25h  Installed CMake ──────────────────────── v1.2.0
    Cloning [f50d1b31-88e8-58de-be2c-1cc44531875f] Rmath_jll from https://github.com/JuliaBinaryWrappers/Rmath_jll.jl.git
[?25l    Fetching: [>                                        ]  0.0 %[2K[?25h  Installed Rmath_jll ──────────────────── v0.2.2+0
    Cloning [90014a1f-27ba-587c-ab20-58faa44d9150] PDMats from https://github.com/JuliaStats/PDMats.jl.git
[?25l    Fetching: [>                                        ]  0.0 %[2K[?25h  Installed PDMats ─────────────────────── v0.9.12
    Cloning [fdba3010-5040-5b88-9595-932c9decdf73] MathProgBase from https://github.com/JuliaOpt/MathProgBase.jl.git
[?25l    Fetching: [>                                        ]  0.0 %[2K[?25h  Installed MathProgBase ───────────────── v0.7.8
    Cloning [4536629a-c528-5b80-bd46-f80d51c5b363] OpenBLAS_jll from https://github.com/JuliaBinaryWrappers/OpenBLAS_jll.jl.git
[?25l    Fetching: [>                                        ]  0.0 %[2K[?25h  Installed OpenBLAS_jll ───────────────── v0.3.7+8
    Cloning [b99e7846-7c00-51b0-8f62-c81ae34c0232] BinaryProvider from https://github.com/JuliaPackaging/BinaryProvider.jl.git
[?25l    Fetching: [>                                        ]  0.0 %[2K[?25h  Installed BinaryProvider ─────────────── v0.5.8
    Cloning [864edb3b-99cc-5e75-8d2d-829cb0a9cfe8] DataStructures from https://github.com/JuliaCollections/DataStructures.jl.git
[?25l    Fetching: [>                                        ]  0.0 %[2K[?25h  Installed DataStructures ─────────────── v0.17.10
   Updating `~/.julia/environments/v1.4/Project.toml`
  [4d2f22df] + GARCH v0.3.1
   Updating `~/.julia/environments/v1.4/Manifest.toml`
  [7d9fca2a] + Arpack v0.4.0
  [68821587] + Arpack_jll v3.5.0+2
  [9e28174c] + BinDeps v1.0.0
  [b99e7846] + BinaryProvider v0.5.8
  [631607c0] + CMake v1.2.0
  [d5fb7624] + CMakeWrapper v0.2.3
  [e66e0078] + CompilerSupportLibraries_jll v0.3.1+0
  [9a962f9c] + DataAPI v1.1.0
  [864edb3b] + DataStructures v0.17.10
  [31c24e10] + Distributions v0.23.1
  [1a297f60] + FillArrays v0.8.5
  [4d2f22df] + GARCH v0.3.1
  [fdba3010] + MathProgBase v0.7.8
  [e1d29d7a] + Missings v0.4.3
  [76087f3c] + NLopt v0.5.1
  [4536629a] + OpenBLAS_jll v0.3.7+8
  [efe28fd5] + OpenSpecFun_jll v0.5.3+3
  [bac558e1] + OrderedCollections v1.1.0
  [90014a1f] + PDMats v0.9.12
  [d96e819e] + Parameters v0.12.0
  [1fd47b50] + QuadGK v2.3.1
  [79098fc4] + Rmath v0.6.1
  [f50d1b31] + Rmath_jll v0.2.2+0
  [a2af1166] + SortingAlgorithms v0.3.1
  [276daf66] + SpecialFunctions v0.10.0
  [2913bbd2] + StatsBase v0.32.2
  [4c63d2b9] + StatsFuns v0.9.4
  [30578b45] + URIParser v0.4.0
  [2a0f44e3] + Base64 
  [ade2ca70] + Dates 
  [8ba89e20] + Distributed 
  [b77e0a4c] + InteractiveUtils 
  [76f85450] + LibGit2 
  [8f399da3] + Libdl 
  [37e2e46d] + LinearAlgebra 
  [56ddb016] + Logging 
  [d6f4376e] + Markdown 
  [44cfe95a] + Pkg 
  [de0858da] + Printf 
  [3fa0cd96] + REPL 
  [9a3f8284] + Random 
  [ea8e919c] + SHA 
  [9e88b42a] + Serialization 
  [6462fe0b] + Sockets 
  [2f01184e] + SparseArrays 
  [10745b16] + Statistics 
  [4607b0f0] + SuiteSparse 
  [8dfed614] + Test 
  [cf7118a7] + UUIDs 
  [4ec0a83e] + Unicode 
   Building CMake → `~/.julia/packages/CMake/ULbyn/deps/build.log`
   Building NLopt → `~/.julia/packages/NLopt/eqN9a/deps/build.log`
    Testing GARCH
Status `/tmp/jl_sFvttG/Manifest.toml`
  [7d9fca2a] Arpack v0.4.0
  [68821587] Arpack_jll v3.5.0+2
  [9e28174c] BinDeps v1.0.0
  [b99e7846] BinaryProvider v0.5.8
  [631607c0] CMake v1.2.0
  [d5fb7624] CMakeWrapper v0.2.3
  [e66e0078] CompilerSupportLibraries_jll v0.3.1+0
  [9a962f9c] DataAPI v1.1.0
  [864edb3b] DataStructures v0.17.10
  [31c24e10] Distributions v0.23.1
  [1a297f60] FillArrays v0.8.5
  [4d2f22df] GARCH v0.3.1
  [fdba3010] MathProgBase v0.7.8
  [e1d29d7a] Missings v0.4.3
  [76087f3c] NLopt v0.5.1
  [4536629a] OpenBLAS_jll v0.3.7+8
  [efe28fd5] OpenSpecFun_jll v0.5.3+3
  [bac558e1] OrderedCollections v1.1.0
  [90014a1f] PDMats v0.9.12
  [d96e819e] Parameters v0.12.0
  [1fd47b50] QuadGK v2.3.1
  [79098fc4] Rmath v0.6.1
  [f50d1b31] Rmath_jll v0.2.2+0
  [a2af1166] SortingAlgorithms v0.3.1
  [276daf66] SpecialFunctions v0.10.0
  [2913bbd2] StatsBase v0.32.2
  [4c63d2b9] StatsFuns v0.9.4
  [30578b45] URIParser v0.4.0
  [2a0f44e3] Base64 
  [ade2ca70] Dates 
  [8bb1440f] DelimitedFiles 
  [8ba89e20] Distributed 
  [b77e0a4c] InteractiveUtils 
  [76f85450] LibGit2 
  [8f399da3] Libdl 
  [37e2e46d] LinearAlgebra 
  [56ddb016] Logging 
  [d6f4376e] Markdown 
  [a63ad114] Mmap 
  [44cfe95a] Pkg 
  [de0858da] Printf 
  [3fa0cd96] REPL 
  [9a3f8284] Random 
  [ea8e919c] SHA 
  [9e88b42a] Serialization 
  [6462fe0b] Sockets 
  [2f01184e] SparseArrays 
  [10745b16] Statistics 
  [4607b0f0] SuiteSparse 
  [8dfed614] Test 
  [cf7118a7] UUIDs 
  [4ec0a83e] Unicode 
┌ Warning: `Pkg.dir(pkgname, paths...)` is deprecated; instead, do `import GARCH; joinpath(dirname(pathof(GARCH)), "..", paths...)`.
└ @ Pkg /buildworker/worker/package_linux64/build/usr/share/julia/stdlib/v1.4/Pkg/src/Pkg.jl:543
    Testing GARCH tests passed 
