Julia Version 1.3.1
Commit 2d5741174c (2019-12-30 21:36 UTC)
Platform Info:
  OS: Linux (x86_64-pc-linux-gnu)
  CPU: AMD Ryzen Threadripper 2990WX 32-Core Processor
  WORD_SIZE: 64
  LIBM: libopenlibm
  LLVM: libLLVM-6.0.1 (ORCJIT, znver1)
Environment:
  JULIA_DEPOT_PATH = ::/usr/local/share/julia
  JULIA_NUM_THREADS = 2

 Resolving package versions...
 Installed Rmath_jll ──────────────────── v0.2.2+0
 Installed Libiconv_jll ───────────────── v1.16.0+1
 Installed GaussianMixtures ───────────── v0.3.2
 Installed ScikitLearnBase ────────────── v0.5.0
 Installed StatsFuns ──────────────────── v0.9.4
 Installed StatsBase ──────────────────── v0.32.2
 Installed OpenBLAS_jll ───────────────── v0.3.7+7
 Installed RData ──────────────────────── v0.6.3
 Installed EzXML ──────────────────────── v1.1.0
 Installed CategoricalArrays ──────────── v0.7.7
 Installed CompilerSupportLibraries_jll ─ v0.2.0+1
 Installed CodecZlib ──────────────────── v0.6.0
 Installed FillArrays ─────────────────── v0.8.5
 Installed DataFrames ─────────────────── v0.20.2
 Installed FilePathsBase ──────────────── v0.7.0
 Installed Arpack_jll ─────────────────── v3.5.0+2
 Installed DataAPI ────────────────────── v1.1.0
 Installed Arpack ─────────────────────── v0.4.0
 Installed QuadGK ─────────────────────── v2.3.1
 Installed DataValueInterfaces ────────── v1.0.0
 Installed StaticArrays ───────────────── v0.12.1
 Installed CSV ────────────────────────── v0.5.26
 Installed Requires ───────────────────── v1.0.1
 Installed DataStructures ─────────────── v0.17.10
 Installed Distances ──────────────────── v0.8.2
 Installed Zlib_jll ───────────────────── v1.2.11+8
 Installed SpecialFunctions ───────────── v0.10.0
 Installed NearestNeighbors ───────────── v0.4.4
 Installed ExprTools ──────────────────── v0.1.0
 Installed IteratorInterfaceExtensions ── v1.0.0
 Installed Distributions ──────────────── v0.22.5
 Installed Compat ─────────────────────── v3.8.0
 Installed WeakRefStrings ─────────────── v0.6.2
 Installed InvertedIndices ────────────── v1.0.0
 Installed Mocking ────────────────────── v0.7.1
 Installed Parsers ────────────────────── v0.3.12
 Installed Rmath ──────────────────────── v0.6.1
 Installed JSON ───────────────────────── v0.21.0
 Installed JLD2 ───────────────────────── v0.1.12
 Installed SortingAlgorithms ──────────── v0.3.1
 Installed TranscodingStreams ─────────── v0.9.5
 Installed Clustering ─────────────────── v0.13.5
 Installed PDMats ─────────────────────── v0.9.12
 Installed TableTraits ────────────────── v1.0.0
 Installed Reexport ───────────────────── v0.2.0
 Installed XML2_jll ───────────────────── v2.9.9+1
 Installed PooledArrays ───────────────── v0.5.3
 Installed OrderedCollections ─────────── v1.1.0
 Installed Tables ─────────────────────── v1.0.3
 Installed BinaryProvider ─────────────── v0.5.8
 Installed Missings ───────────────────── v0.4.3
 Installed OpenSpecFun_jll ────────────── v0.5.3+3
 Installed TimeZones ──────────────────── v0.10.5
 Installed FileIO ─────────────────────── v1.2.3
 Installed RDatasets ──────────────────── v0.6.6
  Updating `~/.julia/environments/v1.3/Project.toml`
  [cc18c42c] + GaussianMixtures v0.3.2
  Updating `~/.julia/environments/v1.3/Manifest.toml`
  [7d9fca2a] + Arpack v0.4.0
  [68821587] + Arpack_jll v3.5.0+2
  [b99e7846] + BinaryProvider v0.5.8
  [336ed68f] + CSV v0.5.26
  [324d7699] + CategoricalArrays v0.7.7
  [aaaa29a8] + Clustering v0.13.5
  [944b1d66] + CodecZlib v0.6.0
  [34da2185] + Compat v3.8.0
  [e66e0078] + CompilerSupportLibraries_jll v0.2.0+1
  [9a962f9c] + DataAPI v1.1.0
  [a93c6f00] + DataFrames v0.20.2
  [864edb3b] + DataStructures v0.17.10
  [e2d170a0] + DataValueInterfaces v1.0.0
  [b4f34e82] + Distances v0.8.2
  [31c24e10] + Distributions v0.22.5
  [e2ba6199] + ExprTools v0.1.0
  [8f5d6c58] + EzXML v1.1.0
  [5789e2e9] + FileIO v1.2.3
  [48062228] + FilePathsBase v0.7.0
  [1a297f60] + FillArrays v0.8.5
  [cc18c42c] + GaussianMixtures v0.3.2
  [41ab1584] + InvertedIndices v1.0.0
  [82899510] + IteratorInterfaceExtensions v1.0.0
  [033835bb] + JLD2 v0.1.12
  [682c06a0] + JSON v0.21.0
  [94ce4f54] + Libiconv_jll v1.16.0+1
  [e1d29d7a] + Missings v0.4.3
  [78c3b35d] + Mocking v0.7.1
  [b8a86587] + NearestNeighbors v0.4.4
  [4536629a] + OpenBLAS_jll v0.3.7+7
  [efe28fd5] + OpenSpecFun_jll v0.5.3+3
  [bac558e1] + OrderedCollections v1.1.0
  [90014a1f] + PDMats v0.9.12
  [69de0a69] + Parsers v0.3.12
  [2dfb63ee] + PooledArrays v0.5.3
  [1fd47b50] + QuadGK v2.3.1
  [df47a6cb] + RData v0.6.3
  [ce6b1742] + RDatasets v0.6.6
  [189a3867] + Reexport v0.2.0
  [ae029012] + Requires v1.0.1
  [79098fc4] + Rmath v0.6.1
  [f50d1b31] + Rmath_jll v0.2.2+0
  [6e75b9c4] + ScikitLearnBase v0.5.0
  [a2af1166] + SortingAlgorithms v0.3.1
  [276daf66] + SpecialFunctions v0.10.0
  [90137ffa] + StaticArrays v0.12.1
  [2913bbd2] + StatsBase v0.32.2
  [4c63d2b9] + StatsFuns v0.9.4
  [3783bdb8] + TableTraits v1.0.0
  [bd369af6] + Tables v1.0.3
  [f269a46b] + TimeZones v0.10.5
  [3bb67fe8] + TranscodingStreams v0.9.5
  [ea10d353] + WeakRefStrings v0.6.2
  [02c8fc9c] + XML2_jll v2.9.9+1
  [83775a58] + Zlib_jll v1.2.11+8
  [2a0f44e3] + Base64 
  [ade2ca70] + Dates 
  [8bb1440f] + DelimitedFiles 
  [8ba89e20] + Distributed 
  [9fa8497b] + Future 
  [b77e0a4c] + InteractiveUtils 
  [76f85450] + LibGit2 
  [8f399da3] + Libdl 
  [37e2e46d] + LinearAlgebra 
  [56ddb016] + Logging 
  [d6f4376e] + Markdown 
  [a63ad114] + Mmap 
  [44cfe95a] + Pkg 
  [de0858da] + Printf 
  [3fa0cd96] + REPL 
  [9a3f8284] + Random 
  [ea8e919c] + SHA 
  [9e88b42a] + Serialization 
  [1a1011a3] + SharedArrays 
  [6462fe0b] + Sockets 
  [2f01184e] + SparseArrays 
  [10745b16] + Statistics 
  [4607b0f0] + SuiteSparse 
  [8dfed614] + Test 
  [cf7118a7] + UUIDs 
  [4ec0a83e] + Unicode 
  Building CodecZlib → `~/.julia/packages/CodecZlib/5t9zO/deps/build.log`
  Building TimeZones → `~/.julia/packages/TimeZones/joMm3/deps/build.log`
   Testing GaussianMixtures
    Status `/tmp/jl_upW4eG/Manifest.toml`
  [7d9fca2a] Arpack v0.4.0
  [68821587] Arpack_jll v3.5.0+2
  [b99e7846] BinaryProvider v0.5.8
  [336ed68f] CSV v0.5.26
  [324d7699] CategoricalArrays v0.7.7
  [aaaa29a8] Clustering v0.13.5
  [944b1d66] CodecZlib v0.6.0
  [34da2185] Compat v3.8.0
  [e66e0078] CompilerSupportLibraries_jll v0.2.0+1
  [9a962f9c] DataAPI v1.1.0
  [a93c6f00] DataFrames v0.20.2
  [864edb3b] DataStructures v0.17.10
  [e2d170a0] DataValueInterfaces v1.0.0
  [b4f34e82] Distances v0.8.2
  [31c24e10] Distributions v0.22.5
  [e2ba6199] ExprTools v0.1.0
  [8f5d6c58] EzXML v1.1.0
  [5789e2e9] FileIO v1.2.3
  [48062228] FilePathsBase v0.7.0
  [1a297f60] FillArrays v0.8.5
  [cc18c42c] GaussianMixtures v0.3.2
  [41ab1584] InvertedIndices v1.0.0
  [82899510] IteratorInterfaceExtensions v1.0.0
  [033835bb] JLD2 v0.1.12
  [682c06a0] JSON v0.21.0
  [94ce4f54] Libiconv_jll v1.16.0+1
  [e1d29d7a] Missings v0.4.3
  [78c3b35d] Mocking v0.7.1
  [b8a86587] NearestNeighbors v0.4.4
  [4536629a] OpenBLAS_jll v0.3.7+7
  [efe28fd5] OpenSpecFun_jll v0.5.3+3
  [bac558e1] OrderedCollections v1.1.0
  [90014a1f] PDMats v0.9.12
  [69de0a69] Parsers v0.3.12
  [2dfb63ee] PooledArrays v0.5.3
  [1fd47b50] QuadGK v2.3.1
  [df47a6cb] RData v0.6.3
  [ce6b1742] RDatasets v0.6.6
  [189a3867] Reexport v0.2.0
  [ae029012] Requires v1.0.1
  [79098fc4] Rmath v0.6.1
  [f50d1b31] Rmath_jll v0.2.2+0
  [6e75b9c4] ScikitLearnBase v0.5.0
  [a2af1166] SortingAlgorithms v0.3.1
  [276daf66] SpecialFunctions v0.10.0
  [90137ffa] StaticArrays v0.12.1
  [2913bbd2] StatsBase v0.32.2
  [4c63d2b9] StatsFuns v0.9.4
  [3783bdb8] TableTraits v1.0.0
  [bd369af6] Tables v1.0.3
  [f269a46b] TimeZones v0.10.5
  [3bb67fe8] TranscodingStreams v0.9.5
  [ea10d353] WeakRefStrings v0.6.2
  [02c8fc9c] XML2_jll v2.9.9+1
  [83775a58] Zlib_jll v1.2.11+8
  [2a0f44e3] Base64  [`@stdlib/Base64`]
  [ade2ca70] Dates  [`@stdlib/Dates`]
  [8bb1440f] DelimitedFiles  [`@stdlib/DelimitedFiles`]
  [8ba89e20] Distributed  [`@stdlib/Distributed`]
  [9fa8497b] Future  [`@stdlib/Future`]
  [b77e0a4c] InteractiveUtils  [`@stdlib/InteractiveUtils`]
  [76f85450] LibGit2  [`@stdlib/LibGit2`]
  [8f399da3] Libdl  [`@stdlib/Libdl`]
  [37e2e46d] LinearAlgebra  [`@stdlib/LinearAlgebra`]
  [56ddb016] Logging  [`@stdlib/Logging`]
  [d6f4376e] Markdown  [`@stdlib/Markdown`]
  [a63ad114] Mmap  [`@stdlib/Mmap`]
  [44cfe95a] Pkg  [`@stdlib/Pkg`]
  [de0858da] Printf  [`@stdlib/Printf`]
  [3fa0cd96] REPL  [`@stdlib/REPL`]
  [9a3f8284] Random  [`@stdlib/Random`]
  [ea8e919c] SHA  [`@stdlib/SHA`]
  [9e88b42a] Serialization  [`@stdlib/Serialization`]
  [1a1011a3] SharedArrays  [`@stdlib/SharedArrays`]
  [6462fe0b] Sockets  [`@stdlib/Sockets`]
  [2f01184e] SparseArrays  [`@stdlib/SparseArrays`]
  [10745b16] Statistics  [`@stdlib/Statistics`]
  [4607b0f0] SuiteSparse  [`@stdlib/SuiteSparse`]
  [8dfed614] Test  [`@stdlib/Test`]
  [cf7118a7] UUIDs  [`@stdlib/UUIDs`]
  [4ec0a83e] Unicode  [`@stdlib/Unicode`]
(100000, -1.161067889964829e6, [953.428545933099, 99046.57145406691], [921.0630296417692 -962.1659032041774 -2099.00470366569; -1590.7637318756188 1266.321918200753 2143.8398855468567], Array{Float64,2}[[1463.974712713668 -956.1568404857865 -1732.4186862695085; -956.1568404857865 1844.8031428071586 1789.0249213021739; -1732.4186862695085 1789.0249213021739 5001.8533891101215], [98553.0613144077 645.8649641613523 1971.9088114355784; 645.8649641613523 98337.8563948287 -2601.495461967328; 1971.9088114355784 -2601.4954619673285 95379.06576684835]])
Test Summary: | Pass  Total
data.jl       |    8      8
[ Info: Initializing GMM, 2 Gaussians diag covariance 1 dimensions using 272 data points
  Iters               objv        objv-change | affected 
-------------------------------------------------------------
      0       4.599900e+04
      1       2.675135e+04      -1.924765e+04 |        2
      2       1.380571e+04      -1.294564e+04 |        2
      3       9.248952e+03      -4.556762e+03 |        2
      4       8.858399e+03      -3.905526e+02 |        2
      5       8.855791e+03      -2.608757e+00 |        0
      6       8.855791e+03       0.000000e+00 |        0
K-means converged with 6 iterations (objv = 8855.79069767458)
┌ Info: K-means with 272 data points using 6 iterations
└ 68.0 data points per parameter
[ Info: Initializing GMM, 8 Gaussians diag covariance 2 dimensions using 272 data points
  Iters               objv        objv-change | affected 
-------------------------------------------------------------
      0       1.406335e+03
      1       1.002293e+03      -4.040414e+02 |        7
      2       9.567570e+02      -4.553644e+01 |        2
      3       9.556897e+02      -1.067310e+00 |        0
      4       9.556897e+02       0.000000e+00 |        0
K-means converged with 4 iterations (objv = 955.6896895853811)
┌ Info: K-means with 272 data points using 4 iterations
└ 11.3 data points per parameter
┌ Warning: `lgamma(x::Real)` is deprecated, use `(logabsgamma(x))[1]` instead.
│   caller = lowerbound(::VGMM{Float64}, ::Array{Float64,1}, ::Array{Float64,2}, ::Array{Array{Float64,2},1}, ::Array{Float64,1}, ::Array{Float64,1}, ::Float64) at bayes.jl:221
└ @ GaussianMixtures ~/.julia/packages/GaussianMixtures/bTNkf/src/bayes.jl:221
┌ Warning: `lgamma(x::Real)` is deprecated, use `(logabsgamma(x))[1]` instead.
│   caller = lowerbound(::VGMM{Float64}, ::Array{Float64,1}, ::Array{Float64,2}, ::Array{Array{Float64,2},1}, ::Array{Float64,1}, ::Array{Float64,1}, ::Float64) at bayes.jl:221
└ @ GaussianMixtures ~/.julia/packages/GaussianMixtures/bTNkf/src/bayes.jl:221
┌ Warning: `lgamma(x::Real)` is deprecated, use `(logabsgamma(x))[1]` instead.
│   caller = _broadcast_getindex_evalf at broadcast.jl:630 [inlined]
└ @ Core ./broadcast.jl:630
┌ Warning: `lgamma(x::Real)` is deprecated, use `(logabsgamma(x))[1]` instead.
│   caller = lowerbound(::VGMM{Float64}, ::Array{Float64,1}, ::Array{Float64,2}, ::Array{Array{Float64,2},1}, ::Array{Float64,1}, ::Array{Float64,1}, ::Float64) at bayes.jl:230
└ @ GaussianMixtures ~/.julia/packages/GaussianMixtures/bTNkf/src/bayes.jl:230
┌ Warning: `lgamma(x::Real)` is deprecated, use `(logabsgamma(x))[1]` instead.
│   caller = _broadcast_getindex at broadcast.jl:630 [inlined]
└ @ Core ./broadcast.jl:630
┌ Warning: `lgamma(x::Real)` is deprecated, use `(logabsgamma(x))[1]` instead.
│   caller = _broadcast_getindex_evalf at broadcast.jl:630 [inlined]
└ @ Core ./broadcast.jl:630
History[Wed Mar 18 19:42:29 2020: Initializing GMM, 8 Gaussians diag covariance 2 dimensions using 272 data points
, Wed Mar 18 19:42:29 2020: K-means with 272 data points using 4 iterations
11.3 data points per parameter
, Wed Mar 18 19:42:31 2020: EM with 272 data points 0 iterations avll -2.068664
5.8 data points per parameter
, Wed Mar 18 19:42:32 2020: GMM converted to Variational GMM
, Wed Mar 18 19:42:39 2020: iteration 1, lowerbound -3.712009
, Wed Mar 18 19:42:39 2020: iteration 2, lowerbound -3.555700
, Wed Mar 18 19:42:39 2020: iteration 3, lowerbound -3.404449
, Wed Mar 18 19:42:39 2020: iteration 4, lowerbound -3.256114
, Wed Mar 18 19:42:39 2020: iteration 5, lowerbound -3.128360
, Wed Mar 18 19:42:40 2020: dropping number of Gaussions to 7
, Wed Mar 18 19:42:40 2020: iteration 6, lowerbound -3.029055
, Wed Mar 18 19:42:40 2020: dropping number of Gaussions to 6
, Wed Mar 18 19:42:40 2020: iteration 7, lowerbound -2.946499
, Wed Mar 18 19:42:40 2020: dropping number of Gaussions to 5
, Wed Mar 18 19:42:40 2020: iteration 8, lowerbound -2.859519
, Wed Mar 18 19:42:40 2020: dropping number of Gaussions to 4
, Wed Mar 18 19:42:40 2020: iteration 9, lowerbound -2.747139
, Wed Mar 18 19:42:40 2020: iteration 10, lowerbound -2.623197
, Wed Mar 18 19:42:40 2020: iteration 11, lowerbound -2.511181
, Wed Mar 18 19:42:40 2020: iteration 12, lowerbound -2.426875
, Wed Mar 18 19:42:40 2020: iteration 13, lowerbound -2.374451
, Wed Mar 18 19:42:40 2020: dropping number of Gaussions to 3
, Wed Mar 18 19:42:40 2020: iteration 14, lowerbound -2.338896
, Wed Mar 18 19:42:40 2020: iteration 15, lowerbound -2.314570
, Wed Mar 18 19:42:40 2020: iteration 16, lowerbound -2.307397
, Wed Mar 18 19:42:40 2020: dropping number of Gaussions to 2
, Wed Mar 18 19:42:40 2020: iteration 17, lowerbound -2.302945
, Wed Mar 18 19:42:40 2020: iteration 18, lowerbound -2.299262
, Wed Mar 18 19:42:40 2020: iteration 19, lowerbound -2.299257
, Wed Mar 18 19:42:40 2020: iteration 20, lowerbound -2.299255
, Wed Mar 18 19:42:40 2020: iteration 21, lowerbound -2.299254
, Wed Mar 18 19:42:40 2020: iteration 22, lowerbound -2.299253
, Wed Mar 18 19:42:40 2020: iteration 23, lowerbound -2.299253
, Wed Mar 18 19:42:40 2020: iteration 24, lowerbound -2.299253
, Wed Mar 18 19:42:40 2020: iteration 25, lowerbound -2.299253
, Wed Mar 18 19:42:40 2020: iteration 26, lowerbound -2.299253
, Wed Mar 18 19:42:40 2020: iteration 27, lowerbound -2.299253
, Wed Mar 18 19:42:40 2020: iteration 28, lowerbound -2.299253
, Wed Mar 18 19:42:40 2020: iteration 29, lowerbound -2.299253
, Wed Mar 18 19:42:40 2020: iteration 30, lowerbound -2.299253
, Wed Mar 18 19:42:40 2020: iteration 31, lowerbound -2.299253
, Wed Mar 18 19:42:40 2020: iteration 32, lowerbound -2.299253
, Wed Mar 18 19:42:40 2020: iteration 33, lowerbound -2.299253
, Wed Mar 18 19:42:40 2020: iteration 34, lowerbound -2.299253
, Wed Mar 18 19:42:40 2020: iteration 35, lowerbound -2.299253
, Wed Mar 18 19:42:40 2020: iteration 36, lowerbound -2.299253
, Wed Mar 18 19:42:40 2020: iteration 37, lowerbound -2.299253
, Wed Mar 18 19:42:40 2020: iteration 38, lowerbound -2.299253
, Wed Mar 18 19:42:40 2020: iteration 39, lowerbound -2.299253
, Wed Mar 18 19:42:40 2020: iteration 40, lowerbound -2.299253
, Wed Mar 18 19:42:40 2020: iteration 41, lowerbound -2.299253
, Wed Mar 18 19:42:40 2020: iteration 42, lowerbound -2.299253
, Wed Mar 18 19:42:40 2020: iteration 43, lowerbound -2.299253
, Wed Mar 18 19:42:40 2020: iteration 44, lowerbound -2.299253
, Wed Mar 18 19:42:40 2020: iteration 45, lowerbound -2.299253
, Wed Mar 18 19:42:40 2020: iteration 46, lowerbound -2.299253
, Wed Mar 18 19:42:40 2020: iteration 47, lowerbound -2.299253
, Wed Mar 18 19:42:40 2020: iteration 48, lowerbound -2.299253
, Wed Mar 18 19:42:40 2020: iteration 49, lowerbound -2.299253
, Wed Mar 18 19:42:40 2020: iteration 50, lowerbound -2.299253
, Wed Mar 18 19:42:40 2020: 50 variational Bayes EM-like iterations using 272 data points, final lowerbound -2.299253
]
α = [95.95490777398606, 178.04509222601396]
β = [95.95490777398606, 178.04509222601396]
m = [2.0002292577753695 53.85198717246128; 4.250300733269909 79.28686694436183]
ν = [97.95490777398606, 180.04509222601396]
W = LinearAlgebra.UpperTriangular{Float64,Array{Float64,2}}[[0.37587636119484025 -0.008953123827345843; 0.0 0.012748664777409251], [0.18404155547484555 -0.007644049042327318; 0.0 0.00858170516633351]]
Test Summary: | Pass  Total
bayes.jl      |    3      3
Kind: diag, size256
nx: 100000 sum(zeroth order stats): 99999.99999999997
avll from stats: -0.9974443132770502
avll from llpg:  -0.9974443132770492
avll direct:     -0.9974443132770491
sum posterior: 100000.0
Kind: full, size16
nx: 100000 sum(zeroth order stats): 100000.0
avll from stats: -0.9861550257780767
avll from llpg:  -0.9861550257780765
avll direct:     -0.9861550257780765
sum posterior: 100000.0
kind diag, method split
┌ Info: 0: avll = 
└   tll[1] = -1.3940493379350651
┌ Info: 1
│   : avll =  = ": avll = "
│   avll =
│    50-element Array{Float64,1}:
│     -1.3941317097700778
│     -1.394044892696017 
│      ⋮                 
└     -1.3565434338638738
┌ Info: 2
│   : avll =  = ": avll = "
│   avll =
│    50-element Array{Float64,1}:
│     -1.356654787894691 
│     -1.3565397648129585
│      ⋮                 
└     -1.310008138980737 
┌ Info: 3
│   : avll =  = ": avll = "
│   avll =
│    50-element Array{Float64,1}:
│     -1.3101157810865258
│     -1.3099391964345186
│      ⋮                 
└     -1.24249406864594  
┌ Warning: Variances had to be floored 
│   ind =
│    1-element Array{Int64,1}:
│     7
└ @ GaussianMixtures ~/.julia/packages/GaussianMixtures/bTNkf/src/train.jl:258
┌ Warning: Variances had to be floored 
│   ind =
│    3-element Array{Int64,1}:
│      3
│     15
│     16
└ @ GaussianMixtures ~/.julia/packages/GaussianMixtures/bTNkf/src/train.jl:258
┌ Warning: Variances had to be floored 
│   ind =
│    2-element Array{Int64,1}:
│     3
│     7
└ @ GaussianMixtures ~/.julia/packages/GaussianMixtures/bTNkf/src/train.jl:258
┌ Warning: Variances had to be floored 
│   ind =
│    3-element Array{Int64,1}:
│     10
│     15
│     16
└ @ GaussianMixtures ~/.julia/packages/GaussianMixtures/bTNkf/src/train.jl:258
┌ Warning: Variances had to be floored 
│   ind =
│    1-element Array{Int64,1}:
│     3
└ @ GaussianMixtures ~/.julia/packages/GaussianMixtures/bTNkf/src/train.jl:258
┌ Warning: Variances had to be floored 
│   ind =
│    1-element Array{Int64,1}:
│     7
└ @ GaussianMixtures ~/.julia/packages/GaussianMixtures/bTNkf/src/train.jl:258
┌ Warning: Variances had to be floored 
│   ind =
│    3-element Array{Int64,1}:
│      3
│     15
│     16
└ @ GaussianMixtures ~/.julia/packages/GaussianMixtures/bTNkf/src/train.jl:258
┌ Warning: Variances had to be floored 
│   ind =
│    3-element Array{Int64,1}:
│      3
│      7
│     10
└ @ GaussianMixtures ~/.julia/packages/GaussianMixtures/bTNkf/src/train.jl:258
┌ Warning: Variances had to be floored 
│   ind =
│    2-element Array{Int64,1}:
│     15
│     16
└ @ GaussianMixtures ~/.julia/packages/GaussianMixtures/bTNkf/src/train.jl:258
┌ Warning: Variances had to be floored 
│   ind =
│    1-element Array{Int64,1}:
│     3
└ @ GaussianMixtures ~/.julia/packages/GaussianMixtures/bTNkf/src/train.jl:258
┌ Warning: Variances had to be floored 
│   ind =
│    1-element Array{Int64,1}:
│     7
└ @ GaussianMixtures ~/.julia/packages/GaussianMixtures/bTNkf/src/train.jl:258
┌ Warning: Variances had to be floored 
│   ind =
│    3-element Array{Int64,1}:
│      3
│     15
│     16
└ @ GaussianMixtures ~/.julia/packages/GaussianMixtures/bTNkf/src/train.jl:258
┌ Warning: Variances had to be floored 
│   ind =
│    3-element Array{Int64,1}:
│      3
│      7
│     10
└ @ GaussianMixtures ~/.julia/packages/GaussianMixtures/bTNkf/src/train.jl:258
┌ Warning: Variances had to be floored 
│   ind =
│    2-element Array{Int64,1}:
│     15
│     16
└ @ GaussianMixtures ~/.julia/packages/GaussianMixtures/bTNkf/src/train.jl:258
┌ Warning: Variances had to be floored 
│   ind =
│    1-element Array{Int64,1}:
│     3
└ @ GaussianMixtures ~/.julia/packages/GaussianMixtures/bTNkf/src/train.jl:258
┌ Warning: Variances had to be floored 
│   ind =
│    1-element Array{Int64,1}:
│     7
└ @ GaussianMixtures ~/.julia/packages/GaussianMixtures/bTNkf/src/train.jl:258
┌ Warning: Variances had to be floored 
│   ind =
│    3-element Array{Int64,1}:
│      3
│     15
│     16
└ @ GaussianMixtures ~/.julia/packages/GaussianMixtures/bTNkf/src/train.jl:258
┌ Warning: Variances had to be floored 
│   ind =
│    2-element Array{Int64,1}:
│     3
│     7
└ @ GaussianMixtures ~/.julia/packages/GaussianMixtures/bTNkf/src/train.jl:258
┌ Warning: Variances had to be floored 
│   ind =
│    2-element Array{Int64,1}:
│     15
│     16
└ @ GaussianMixtures ~/.julia/packages/GaussianMixtures/bTNkf/src/train.jl:258
┌ Warning: Variances had to be floored 
│   ind =
│    2-element Array{Int64,1}:
│      3
│     10
└ @ GaussianMixtures ~/.julia/packages/GaussianMixtures/bTNkf/src/train.jl:258
┌ Warning: Variances had to be floored 
│   ind =
│    1-element Array{Int64,1}:
│     7
└ @ GaussianMixtures ~/.julia/packages/GaussianMixtures/bTNkf/src/train.jl:258
┌ Warning: Variances had to be floored 
│   ind =
│    3-element Array{Int64,1}:
│      3
│     15
│     16
└ @ GaussianMixtures ~/.julia/packages/GaussianMixtures/bTNkf/src/train.jl:258
┌ Warning: Variances had to be floored 
│   ind =
│    2-element Array{Int64,1}:
│     3
│     7
└ @ GaussianMixtures ~/.julia/packages/GaussianMixtures/bTNkf/src/train.jl:258
┌ Warning: Variances had to be floored 
│   ind =
│    2-element Array{Int64,1}:
│     15
│     16
└ @ GaussianMixtures ~/.julia/packages/GaussianMixtures/bTNkf/src/train.jl:258
┌ Warning: Variances had to be floored 
│   ind =
│    1-element Array{Int64,1}:
│     3
└ @ GaussianMixtures ~/.julia/packages/GaussianMixtures/bTNkf/src/train.jl:258
┌ Warning: Variances had to be floored 
│   ind =
│    1-element Array{Int64,1}:
│     7
└ @ GaussianMixtures ~/.julia/packages/GaussianMixtures/bTNkf/src/train.jl:258
┌ Warning: Variances had to be floored 
│   ind =
│    3-element Array{Int64,1}:
│      3
│     15
│     16
└ @ GaussianMixtures ~/.julia/packages/GaussianMixtures/bTNkf/src/train.jl:258
┌ Warning: Variances had to be floored 
│   ind =
│    2-element Array{Int64,1}:
│     3
│     7
└ @ GaussianMixtures ~/.julia/packages/GaussianMixtures/bTNkf/src/train.jl:258
┌ Warning: Variances had to be floored 
│   ind =
│    2-element Array{Int64,1}:
│     15
│     16
└ @ GaussianMixtures ~/.julia/packages/GaussianMixtures/bTNkf/src/train.jl:258
┌ Warning: Variances had to be floored 
│   ind =
│    1-element Array{Int64,1}:
│     3
└ @ GaussianMixtures ~/.julia/packages/GaussianMixtures/bTNkf/src/train.jl:258
┌ Warning: Variances had to be floored 
│   ind =
│    1-element Array{Int64,1}:
│     7
└ @ GaussianMixtures ~/.julia/packages/GaussianMixtures/bTNkf/src/train.jl:258
┌ Warning: Variances had to be floored 
│   ind =
│    3-element Array{Int64,1}:
│      3
│     15
│     16
└ @ GaussianMixtures ~/.julia/packages/GaussianMixtures/bTNkf/src/train.jl:258
┌ Warning: Variances had to be floored 
│   ind =
│    2-element Array{Int64,1}:
│     3
│     7
└ @ GaussianMixtures ~/.julia/packages/GaussianMixtures/bTNkf/src/train.jl:258
┌ Warning: Variances had to be floored 
│   ind =
│    2-element Array{Int64,1}:
│     15
│     16
└ @ GaussianMixtures ~/.julia/packages/GaussianMixtures/bTNkf/src/train.jl:258
┌ Warning: Variances had to be floored 
│   ind =
│    1-element Array{Int64,1}:
│     3
└ @ GaussianMixtures ~/.julia/packages/GaussianMixtures/bTNkf/src/train.jl:258
┌ Warning: Variances had to be floored 
│   ind =
│    1-element Array{Int64,1}:
│     7
└ @ GaussianMixtures ~/.julia/packages/GaussianMixtures/bTNkf/src/train.jl:258
┌ Warning: Variances had to be floored 
│   ind =
│    3-element Array{Int64,1}:
│      3
│     15
│     16
└ @ GaussianMixtures ~/.julia/packages/GaussianMixtures/bTNkf/src/train.jl:258
┌ Warning: Variances had to be floored 
│   ind =
│    2-element Array{Int64,1}:
│     3
│     7
└ @ GaussianMixtures ~/.julia/packages/GaussianMixtures/bTNkf/src/train.jl:258
┌ Info: 4
│   : avll =  = ": avll = "
│   avll =
│    50-element Array{Float64,1}:
│     -1.2426747745122808
│     -1.2424375844512945
│      ⋮                 
└     -1.1621527249247585
┌ Warning: Variances had to be floored 
│   ind =
│    4-element Array{Int64,1}:
│     29
│     30
│     31
│     32
└ @ GaussianMixtures ~/.julia/packages/GaussianMixtures/bTNkf/src/train.jl:258
┌ Warning: Variances had to be floored 
│   ind =
│    6-element Array{Int64,1}:
│      5
│      6
│     29
│     30
│     31
│     32
└ @ GaussianMixtures ~/.julia/packages/GaussianMixtures/bTNkf/src/train.jl:258
┌ Warning: Variances had to be floored 
│   ind =
│    6-element Array{Int64,1}:
│     13
│     14
│     29
│     30
│     31
│     32
└ @ GaussianMixtures ~/.julia/packages/GaussianMixtures/bTNkf/src/train.jl:258
┌ Warning: Variances had to be floored 
│   ind =
│    6-element Array{Int64,1}:
│      5
│      6
│     29
│     30
│     31
│     32
└ @ GaussianMixtures ~/.julia/packages/GaussianMixtures/bTNkf/src/train.jl:258
┌ Warning: Variances had to be floored 
│   ind =
│    5-element Array{Int64,1}:
│     24
│     29
│     30
│     31
│     32
└ @ GaussianMixtures ~/.julia/packages/GaussianMixtures/bTNkf/src/train.jl:258
┌ Warning: Variances had to be floored 
│   ind =
│    11-element Array{Int64,1}:
│      2
│      5
│      6
│     13
│      ⋮
│     30
│     31
│     32
└ @ GaussianMixtures ~/.julia/packages/GaussianMixtures/bTNkf/src/train.jl:258
┌ Warning: Variances had to be floored 
│   ind =
│    5-element Array{Int64,1}:
│     24
│     29
│     30
│     31
│     32
└ @ GaussianMixtures ~/.julia/packages/GaussianMixtures/bTNkf/src/train.jl:258
┌ Warning: Variances had to be floored 
│   ind =
│    10-element Array{Int64,1}:
│      5
│      6
│      9
│     13
│      ⋮
│     30
│     31
│     32
└ @ GaussianMixtures ~/.julia/packages/GaussianMixtures/bTNkf/src/train.jl:258
┌ Warning: Variances had to be floored 
│   ind =
│    8-element Array{Int64,1}:
│      2
│     20
│     23
│     24
│     29
│     30
│     31
│     32
└ @ GaussianMixtures ~/.julia/packages/GaussianMixtures/bTNkf/src/train.jl:258
┌ Warning: Variances had to be floored 
│   ind =
│    9-element Array{Int64,1}:
│      5
│      6
│     13
│     14
│      ⋮
│     30
│     31
│     32
└ @ GaussianMixtures ~/.julia/packages/GaussianMixtures/bTNkf/src/train.jl:258
┌ Warning: Variances had to be floored 
│   ind =
│    4-element Array{Int64,1}:
│     29
│     30
│     31
│     32
└ @ GaussianMixtures ~/.julia/packages/GaussianMixtures/bTNkf/src/train.jl:258
┌ Warning: Variances had to be floored 
│   ind =
│    14-element Array{Int64,1}:
│      2
│      5
│      6
│      9
│      ⋮
│     30
│     31
│     32
└ @ GaussianMixtures ~/.julia/packages/GaussianMixtures/bTNkf/src/train.jl:258
┌ Warning: Variances had to be floored 
│   ind =
│    4-element Array{Int64,1}:
│     29
│     30
│     31
│     32
└ @ GaussianMixtures ~/.julia/packages/GaussianMixtures/bTNkf/src/train.jl:258
┌ Warning: Variances had to be floored 
│   ind =
│    9-element Array{Int64,1}:
│      5
│      6
│     13
│     14
│      ⋮
│     30
│     31
│     32
└ @ GaussianMixtures ~/.julia/packages/GaussianMixtures/bTNkf/src/train.jl:258
┌ Warning: Variances had to be floored 
│   ind =
│    9-element Array{Int64,1}:
│      2
│      9
│     20
│     23
│      ⋮
│     30
│     31
│     32
└ @ GaussianMixtures ~/.julia/packages/GaussianMixtures/bTNkf/src/train.jl:258
┌ Warning: Variances had to be floored 
│   ind =
│    9-element Array{Int64,1}:
│      5
│      6
│     13
│     14
│      ⋮
│     30
│     31
│     32
└ @ GaussianMixtures ~/.julia/packages/GaussianMixtures/bTNkf/src/train.jl:258
┌ Warning: Variances had to be floored 
│   ind =
│    5-element Array{Int64,1}:
│     25
│     29
│     30
│     31
│     32
└ @ GaussianMixtures ~/.julia/packages/GaussianMixtures/bTNkf/src/train.jl:258
┌ Warning: Variances had to be floored 
│   ind =
│    12-element Array{Int64,1}:
│      2
│      5
│      6
│     13
│      ⋮
│     30
│     31
│     32
└ @ GaussianMixtures ~/.julia/packages/GaussianMixtures/bTNkf/src/train.jl:258
┌ Warning: Variances had to be floored 
│   ind =
│    5-element Array{Int64,1}:
│     23
│     29
│     30
│     31
│     32
└ @ GaussianMixtures ~/.julia/packages/GaussianMixtures/bTNkf/src/train.jl:258
┌ Warning: Variances had to be floored 
│   ind =
│    11-element Array{Int64,1}:
│      5
│      6
│      9
│     13
│      ⋮
│     30
│     31
│     32
└ @ GaussianMixtures ~/.julia/packages/GaussianMixtures/bTNkf/src/train.jl:258
┌ Warning: Variances had to be floored 
│   ind =
│    7-element Array{Int64,1}:
│      2
│     20
│     23
│     29
│     30
│     31
│     32
└ @ GaussianMixtures ~/.julia/packages/GaussianMixtures/bTNkf/src/train.jl:258
┌ Warning: Variances had to be floored 
│   ind =
│    11-element Array{Int64,1}:
│      5
│      6
│     13
│     14
│      ⋮
│     30
│     31
│     32
└ @ GaussianMixtures ~/.julia/packages/GaussianMixtures/bTNkf/src/train.jl:258
┌ Warning: Variances had to be floored 
│   ind =
│    4-element Array{Int64,1}:
│     29
│     30
│     31
│     32
└ @ GaussianMixtures ~/.julia/packages/GaussianMixtures/bTNkf/src/train.jl:258
┌ Warning: Variances had to be floored 
│   ind =
│    13-element Array{Int64,1}:
│      2
│      5
│      6
│     13
│      ⋮
│     30
│     31
│     32
└ @ GaussianMixtures ~/.julia/packages/GaussianMixtures/bTNkf/src/train.jl:258
┌ Warning: Variances had to be floored 
│   ind =
│    4-element Array{Int64,1}:
│     29
│     30
│     31
│     32
└ @ GaussianMixtures ~/.julia/packages/GaussianMixtures/bTNkf/src/train.jl:258
┌ Warning: Variances had to be floored 
│   ind =
│    9-element Array{Int64,1}:
│      5
│      6
│      9
│     13
│      ⋮
│     30
│     31
│     32
└ @ GaussianMixtures ~/.julia/packages/GaussianMixtures/bTNkf/src/train.jl:258
┌ Warning: Variances had to be floored 
│   ind =
│    10-element Array{Int64,1}:
│      2
│     20
│     21
│     23
│      ⋮
│     30
│     31
│     32
└ @ GaussianMixtures ~/.julia/packages/GaussianMixtures/bTNkf/src/train.jl:258
┌ Warning: Variances had to be floored 
│   ind =
│    8-element Array{Int64,1}:
│      5
│      6
│     13
│     14
│     29
│     30
│     31
│     32
└ @ GaussianMixtures ~/.julia/packages/GaussianMixtures/bTNkf/src/train.jl:258
┌ Warning: Variances had to be floored 
│   ind =
│    4-element Array{Int64,1}:
│     29
│     30
│     31
│     32
└ @ GaussianMixtures ~/.julia/packages/GaussianMixtures/bTNkf/src/train.jl:258
┌ Warning: Variances had to be floored 
│   ind =
│    13-element Array{Int64,1}:
│      2
│      5
│      6
│     13
│      ⋮
│     30
│     31
│     32
└ @ GaussianMixtures ~/.julia/packages/GaussianMixtures/bTNkf/src/train.jl:258
┌ Warning: Variances had to be floored 
│   ind =
│    5-element Array{Int64,1}:
│      9
│     29
│     30
│     31
│     32
└ @ GaussianMixtures ~/.julia/packages/GaussianMixtures/bTNkf/src/train.jl:258
┌ Warning: Variances had to be floored 
│   ind =
│    12-element Array{Int64,1}:
│      5
│      6
│     13
│     14
│      ⋮
│     30
│     31
│     32
└ @ GaussianMixtures ~/.julia/packages/GaussianMixtures/bTNkf/src/train.jl:258
┌ Warning: Variances had to be floored 
│   ind =
│    6-element Array{Int64,1}:
│      2
│     24
│     29
│     30
│     31
│     32
└ @ GaussianMixtures ~/.julia/packages/GaussianMixtures/bTNkf/src/train.jl:258
┌ Warning: Variances had to be floored 
│   ind =
│    9-element Array{Int64,1}:
│      5
│      6
│     13
│     14
│      ⋮
│     30
│     31
│     32
└ @ GaussianMixtures ~/.julia/packages/GaussianMixtures/bTNkf/src/train.jl:258
┌ Warning: Variances had to be floored 
│   ind =
│    10-element Array{Int64,1}:
│      2
│      9
│     15
│     20
│      ⋮
│     30
│     31
│     32
└ @ GaussianMixtures ~/.julia/packages/GaussianMixtures/bTNkf/src/train.jl:258
┌ Warning: Variances had to be floored 
│   ind =
│    8-element Array{Int64,1}:
│      5
│      6
│     13
│     14
│     29
│     30
│     31
│     32
└ @ GaussianMixtures ~/.julia/packages/GaussianMixtures/bTNkf/src/train.jl:258
┌ Warning: Variances had to be floored 
│   ind =
│    8-element Array{Int64,1}:
│     20
│     21
│     23
│     24
│     29
│     30
│     31
│     32
└ @ GaussianMixtures ~/.julia/packages/GaussianMixtures/bTNkf/src/train.jl:258
┌ Warning: Variances had to be floored 
│   ind =
│    11-element Array{Int64,1}:
│      2
│      5
│      6
│     13
│      ⋮
│     30
│     31
│     32
└ @ GaussianMixtures ~/.julia/packages/GaussianMixtures/bTNkf/src/train.jl:258
┌ Warning: Variances had to be floored 
│   ind =
│    5-element Array{Int64,1}:
│     21
│     29
│     30
│     31
│     32
└ @ GaussianMixtures ~/.julia/packages/GaussianMixtures/bTNkf/src/train.jl:258
┌ Warning: Variances had to be floored 
│   ind =
│    10-element Array{Int64,1}:
│      5
│      6
│     13
│     14
│      ⋮
│     30
│     31
│     32
└ @ GaussianMixtures ~/.julia/packages/GaussianMixtures/bTNkf/src/train.jl:258
┌ Warning: Variances had to be floored 
│   ind =
│    9-element Array{Int64,1}:
│      2
│      9
│     15
│     21
│      ⋮
│     30
│     31
│     32
└ @ GaussianMixtures ~/.julia/packages/GaussianMixtures/bTNkf/src/train.jl:258
┌ Warning: Variances had to be floored 
│   ind =
│    9-element Array{Int64,1}:
│      5
│      6
│     13
│     14
│      ⋮
│     30
│     31
│     32
└ @ GaussianMixtures ~/.julia/packages/GaussianMixtures/bTNkf/src/train.jl:258
┌ Warning: Variances had to be floored 
│   ind =
│    6-element Array{Int64,1}:
│     20
│     23
│     29
│     30
│     31
│     32
└ @ GaussianMixtures ~/.julia/packages/GaussianMixtures/bTNkf/src/train.jl:258
┌ Warning: Variances had to be floored 
│   ind =
│    13-element Array{Int64,1}:
│      2
│      5
│      6
│     13
│      ⋮
│     30
│     31
│     32
└ @ GaussianMixtures ~/.julia/packages/GaussianMixtures/bTNkf/src/train.jl:258
┌ Warning: Variances had to be floored 
│   ind =
│    4-element Array{Int64,1}:
│     29
│     30
│     31
│     32
└ @ GaussianMixtures ~/.julia/packages/GaussianMixtures/bTNkf/src/train.jl:258
┌ Warning: Variances had to be floored 
│   ind =
│    12-element Array{Int64,1}:
│      5
│      6
│      9
│     13
│      ⋮
│     30
│     31
│     32
└ @ GaussianMixtures ~/.julia/packages/GaussianMixtures/bTNkf/src/train.jl:258
┌ Warning: Variances had to be floored 
│   ind =
│    7-element Array{Int64,1}:
│      2
│     15
│     21
│     29
│     30
│     31
│     32
└ @ GaussianMixtures ~/.julia/packages/GaussianMixtures/bTNkf/src/train.jl:258
┌ Warning: Variances had to be floored 
│   ind =
│    8-element Array{Int64,1}:
│      5
│      6
│     13
│     14
│     29
│     30
│     31
│     32
└ @ GaussianMixtures ~/.julia/packages/GaussianMixtures/bTNkf/src/train.jl:258
┌ Warning: Variances had to be floored 
│   ind =
│    9-element Array{Int64,1}:
│      2
│     20
│     21
│     23
│      ⋮
│     30
│     31
│     32
└ @ GaussianMixtures ~/.julia/packages/GaussianMixtures/bTNkf/src/train.jl:258
┌ Warning: Variances had to be floored 
│   ind =
│    9-element Array{Int64,1}:
│      5
│      6
│     13
│     14
│      ⋮
│     30
│     31
│     32
└ @ GaussianMixtures ~/.julia/packages/GaussianMixtures/bTNkf/src/train.jl:258
┌ Info: 5
│   : avll =  = ": avll = "
│   avll =
│    50-element Array{Float64,1}:
│     -1.1637332214388856
│     -1.1534689322207565
│      ⋮                 
└     -1.0629534120453195
┌ Info: Total log likelihood: 
│   tll =
│    251-element Array{Float64,1}:
│     -1.3940493379350651
│     -1.3941317097700778
│     -1.394044892696017 
│     -1.3932870715159897
│      ⋮                 
│     -1.06154301137809  
│     -1.0498736949795544
└     -1.0629534120453195
┌ Warning: Variances had to be floored 
│   ind =
│    7-element Array{Int64,1}:
│      9
│     21
│     25
│     29
│     30
│     31
│     32
└ @ GaussianMixtures ~/.julia/packages/GaussianMixtures/bTNkf/src/train.jl:258
┌ Warning: Variances had to be floored 
│   ind =
│    13-element Array{Int64,1}:
│      2
│      5
│      6
│      9
│      ⋮
│     30
│     31
│     32
└ @ GaussianMixtures ~/.julia/packages/GaussianMixtures/bTNkf/src/train.jl:258
┌ Warning: Variances had to be floored 
│   ind =
│    11-element Array{Int64,1}:
│      9
│     13
│     14
│     15
│      ⋮
│     30
│     31
│     32
└ @ GaussianMixtures ~/.julia/packages/GaussianMixtures/bTNkf/src/train.jl:258
┌ Warning: Variances had to be floored 
│   ind =
│    13-element Array{Int64,1}:
│      2
│      5
│      6
│      9
│      ⋮
│     30
│     31
│     32
└ @ GaussianMixtures ~/.julia/packages/GaussianMixtures/bTNkf/src/train.jl:258
┌ Warning: Variances had to be floored 
│   ind =
│    10-element Array{Int64,1}:
│      9
│     13
│     14
│     20
│      ⋮
│     30
│     31
│     32
└ @ GaussianMixtures ~/.julia/packages/GaussianMixtures/bTNkf/src/train.jl:258
┌ Warning: Variances had to be floored 
│   ind =
│    14-element Array{Int64,1}:
│      2
│      5
│      6
│      9
│      ⋮
│     30
│     31
│     32
└ @ GaussianMixtures ~/.julia/packages/GaussianMixtures/bTNkf/src/train.jl:258
┌ Warning: Variances had to be floored 
│   ind =
│    9-element Array{Int64,1}:
│      9
│     13
│     14
│     21
│      ⋮
│     30
│     31
│     32
└ @ GaussianMixtures ~/.julia/packages/GaussianMixtures/bTNkf/src/train.jl:258
┌ Warning: Variances had to be floored 
│   ind =
│    13-element Array{Int64,1}:
│      2
│      5
│      6
│      9
│      ⋮
│     30
│     31
│     32
└ @ GaussianMixtures ~/.julia/packages/GaussianMixtures/bTNkf/src/train.jl:258
┌ Warning: Variances had to be floored 
│   ind =
│    11-element Array{Int64,1}:
│      9
│     13
│     14
│     15
│      ⋮
│     30
│     31
│     32
└ @ GaussianMixtures ~/.julia/packages/GaussianMixtures/bTNkf/src/train.jl:258
┌ Warning: Variances had to be floored 
│   ind =
│    13-element Array{Int64,1}:
│      2
│      5
│      6
│      9
│      ⋮
│     30
│     31
│     32
└ @ GaussianMixtures ~/.julia/packages/GaussianMixtures/bTNkf/src/train.jl:258
kind diag, method kmeans
[ Info: Initializing GMM, 32 Gaussians diag covariance 26 dimensions using 100000 data points
  Iters               objv        objv-change | affected 
-------------------------------------------------------------
      0       8.236078e+05
      1       6.550889e+05      -1.685189e+05 |       32
      2       6.266027e+05      -2.848622e+04 |       32
      3       6.121055e+05      -1.449719e+04 |       32
      4       6.033273e+05      -8.778146e+03 |       32
      5       5.978107e+05      -5.516682e+03 |       32
      6       5.945896e+05      -3.221112e+03 |       32
      7       5.922782e+05      -2.311376e+03 |       32
      8       5.901831e+05      -2.095050e+03 |       32
      9       5.880964e+05      -2.086702e+03 |       32
     10       5.864537e+05      -1.642705e+03 |       32
     11       5.855662e+05      -8.874990e+02 |       32
     12       5.849576e+05      -6.086511e+02 |       32
     13       5.843595e+05      -5.980807e+02 |       32
     14       5.838005e+05      -5.589715e+02 |       32
     15       5.832613e+05      -5.392293e+02 |       32
     16       5.828187e+05      -4.425424e+02 |       32
     17       5.824782e+05      -3.405764e+02 |       32
     18       5.822378e+05      -2.403294e+02 |       32
     19       5.820978e+05      -1.400200e+02 |       31
     20       5.820025e+05      -9.533002e+01 |       32
     21       5.819344e+05      -6.805795e+01 |       32
     22       5.818697e+05      -6.473935e+01 |       32
     23       5.818204e+05      -4.933606e+01 |       32
     24       5.817878e+05      -3.259071e+01 |       32
     25       5.817625e+05      -2.522282e+01 |       30
     26       5.817433e+05      -1.924867e+01 |       30
     27       5.817305e+05      -1.282241e+01 |       29
     28       5.817226e+05      -7.861612e+00 |       28
     29       5.817143e+05      -8.332767e+00 |       30
     30       5.817017e+05      -1.255798e+01 |       29
     31       5.816925e+05      -9.220256e+00 |       30
     32       5.816858e+05      -6.704011e+00 |       28
     33       5.816803e+05      -5.509270e+00 |       27
     34       5.816760e+05      -4.324634e+00 |       26
     35       5.816726e+05      -3.312882e+00 |       25
     36       5.816703e+05      -2.395588e+00 |       24
     37       5.816681e+05      -2.187306e+00 |       24
     38       5.816662e+05      -1.891525e+00 |       23
     39       5.816642e+05      -1.944852e+00 |       23
     40       5.816610e+05      -3.198556e+00 |       25
     41       5.816570e+05      -3.989556e+00 |       24
     42       5.816539e+05      -3.123044e+00 |       24
     43       5.816516e+05      -2.275622e+00 |       22
     44       5.816502e+05      -1.427111e+00 |       15
     45       5.816492e+05      -9.687815e-01 |       12
     46       5.816487e+05      -5.008520e-01 |        9
     47       5.816484e+05      -3.080273e-01 |       15
     48       5.816479e+05      -4.959132e-01 |       17
     49       5.816473e+05      -6.740844e-01 |       13
     50       5.816467e+05      -5.862398e-01 |       16
K-means terminated without convergence after 50 iterations (objv = 581646.6827275465)
┌ Info: K-means with 32000 data points using 50 iterations
└ 37.0 data points per parameter
┌ Warning: Variances had to be floored 
│   ind =
│    1-element Array{Int64,1}:
│     27
└ @ GaussianMixtures ~/.julia/packages/GaussianMixtures/bTNkf/src/train.jl:258
┌ Warning: Variances had to be floored 
│   ind =
│    1-element Array{Int64,1}:
│     20
└ @ GaussianMixtures ~/.julia/packages/GaussianMixtures/bTNkf/src/train.jl:258
┌ Warning: Variances had to be floored 
│   ind =
│    7-element Array{Int64,1}:
│      4
│     10
│     16
│     19
│     21
│     25
│     32
└ @ GaussianMixtures ~/.julia/packages/GaussianMixtures/bTNkf/src/train.jl:258
┌ Warning: Variances had to be floored 
│   ind =
│    2-element Array{Int64,1}:
│      7
│     27
└ @ GaussianMixtures ~/.julia/packages/GaussianMixtures/bTNkf/src/train.jl:258
┌ Warning: Variances had to be floored 
│   ind =
│    1-element Array{Int64,1}:
│     29
└ @ GaussianMixtures ~/.julia/packages/GaussianMixtures/bTNkf/src/train.jl:258
┌ Warning: Variances had to be floored 
│   ind =
│    2-element Array{Int64,1}:
│     10
│     20
└ @ GaussianMixtures ~/.julia/packages/GaussianMixtures/bTNkf/src/train.jl:258
┌ Warning: Variances had to be floored 
│   ind =
│    6-element Array{Int64,1}:
│      4
│     16
│     21
│     22
│     25
│     32
└ @ GaussianMixtures ~/.julia/packages/GaussianMixtures/bTNkf/src/train.jl:258
┌ Warning: Variances had to be floored 
│   ind =
│    4-element Array{Int64,1}:
│      7
│     19
│     27
│     31
└ @ GaussianMixtures ~/.julia/packages/GaussianMixtures/bTNkf/src/train.jl:258
┌ Warning: Variances had to be floored 
│   ind =
│    1-element Array{Int64,1}:
│     29
└ @ GaussianMixtures ~/.julia/packages/GaussianMixtures/bTNkf/src/train.jl:258
┌ Warning: Variances had to be floored 
│   ind =
│    5-element Array{Int64,1}:
│     10
│     16
│     20
│     30
│     32
└ @ GaussianMixtures ~/.julia/packages/GaussianMixtures/bTNkf/src/train.jl:258
┌ Warning: Variances had to be floored 
│   ind =
│    4-element Array{Int64,1}:
│      4
│     21
│     22
│     25
└ @ GaussianMixtures ~/.julia/packages/GaussianMixtures/bTNkf/src/train.jl:258
┌ Warning: Variances had to be floored 
│   ind =
│    4-element Array{Int64,1}:
│      7
│     19
│     27
│     31
└ @ GaussianMixtures ~/.julia/packages/GaussianMixtures/bTNkf/src/train.jl:258
┌ Warning: Variances had to be floored 
│   ind =
│    1-element Array{Int64,1}:
│     29
└ @ GaussianMixtures ~/.julia/packages/GaussianMixtures/bTNkf/src/train.jl:258
┌ Warning: Variances had to be floored 
│   ind =
│    5-element Array{Int64,1}:
│     10
│     16
│     20
│     28
│     32
└ @ GaussianMixtures ~/.julia/packages/GaussianMixtures/bTNkf/src/train.jl:258
┌ Warning: Variances had to be floored 
│   ind =
│    3-element Array{Int64,1}:
│      4
│     21
│     25
└ @ GaussianMixtures ~/.julia/packages/GaussianMixtures/bTNkf/src/train.jl:258
┌ Warning: Variances had to be floored 
│   ind =
│    5-element Array{Int64,1}:
│      7
│     19
│     22
│     27
│     31
└ @ GaussianMixtures ~/.julia/packages/GaussianMixtures/bTNkf/src/train.jl:258
┌ Warning: Variances had to be floored 
│   ind =
│    4-element Array{Int64,1}:
│     10
│     16
│     29
│     32
└ @ GaussianMixtures ~/.julia/packages/GaussianMixtures/bTNkf/src/train.jl:258
┌ Warning: Variances had to be floored 
│   ind =
│    1-element Array{Int64,1}:
│     20
└ @ GaussianMixtures ~/.julia/packages/GaussianMixtures/bTNkf/src/train.jl:258
┌ Warning: Variances had to be floored 
│   ind =
│    4-element Array{Int64,1}:
│      4
│     21
│     25
│     30
└ @ GaussianMixtures ~/.julia/packages/GaussianMixtures/bTNkf/src/train.jl:258
┌ Warning: Variances had to be floored 
│   ind =
│    4-element Array{Int64,1}:
│      7
│     19
│     27
│     31
└ @ GaussianMixtures ~/.julia/packages/GaussianMixtures/bTNkf/src/train.jl:258
┌ Warning: Variances had to be floored 
│   ind =
│    5-element Array{Int64,1}:
│     10
│     16
│     20
│     29
│     32
└ @ GaussianMixtures ~/.julia/packages/GaussianMixtures/bTNkf/src/train.jl:258
┌ Warning: Variances had to be floored 
│   ind =
│    5-element Array{Int64,1}:
│      4
│     21
│     22
│     25
│     28
└ @ GaussianMixtures ~/.julia/packages/GaussianMixtures/bTNkf/src/train.jl:258
┌ Warning: Variances had to be floored 
│   ind =
│    7-element Array{Int64,1}:
│      7
│     10
│     16
│     19
│     27
│     31
│     32
└ @ GaussianMixtures ~/.julia/packages/GaussianMixtures/bTNkf/src/train.jl:258
┌ Warning: Variances had to be floored 
│   ind =
│    1-element Array{Int64,1}:
│     29
└ @ GaussianMixtures ~/.julia/packages/GaussianMixtures/bTNkf/src/train.jl:258
┌ Warning: Variances had to be floored 
│   ind =
│    3-element Array{Int64,1}:
│     20
│     21
│     30
└ @ GaussianMixtures ~/.julia/packages/GaussianMixtures/bTNkf/src/train.jl:258
┌ Warning: Variances had to be floored 
│   ind =
│    2-element Array{Int64,1}:
│      4
│     25
└ @ GaussianMixtures ~/.julia/packages/GaussianMixtures/bTNkf/src/train.jl:258
┌ Warning: Variances had to be floored 
│   ind =
│    6-element Array{Int64,1}:
│     10
│     16
│     19
│     22
│     27
│     32
└ @ GaussianMixtures ~/.julia/packages/GaussianMixtures/bTNkf/src/train.jl:258
┌ Warning: Variances had to be floored 
│   ind =
│    4-element Array{Int64,1}:
│      7
│     20
│     28
│     31
└ @ GaussianMixtures ~/.julia/packages/GaussianMixtures/bTNkf/src/train.jl:258
┌ Warning: Variances had to be floored 
│   ind =
│    3-element Array{Int64,1}:
│      4
│     29
│     30
└ @ GaussianMixtures ~/.julia/packages/GaussianMixtures/bTNkf/src/train.jl:258
┌ Warning: Variances had to be floored 
│   ind =
│    5-element Array{Int64,1}:
│     16
│     21
│     25
│     27
│     32
└ @ GaussianMixtures ~/.julia/packages/GaussianMixtures/bTNkf/src/train.jl:258
┌ Warning: Variances had to be floored 
│   ind =
│    3-element Array{Int64,1}:
│     10
│     20
│     22
└ @ GaussianMixtures ~/.julia/packages/GaussianMixtures/bTNkf/src/train.jl:258
┌ Warning: Variances had to be floored 
│   ind =
│    2-element Array{Int64,1}:
│      4
│     19
└ @ GaussianMixtures ~/.julia/packages/GaussianMixtures/bTNkf/src/train.jl:258
┌ Warning: Variances had to be floored 
│   ind =
│    7-element Array{Int64,1}:
│      7
│     16
│     21
│     25
│     27
│     28
│     31
└ @ GaussianMixtures ~/.julia/packages/GaussianMixtures/bTNkf/src/train.jl:258
┌ Warning: Variances had to be floored 
│   ind =
│    4-element Array{Int64,1}:
│     10
│     29
│     30
│     32
└ @ GaussianMixtures ~/.julia/packages/GaussianMixtures/bTNkf/src/train.jl:258
┌ Warning: Variances had to be floored 
│   ind =
│    2-element Array{Int64,1}:
│      4
│     20
└ @ GaussianMixtures ~/.julia/packages/GaussianMixtures/bTNkf/src/train.jl:258
┌ Warning: Variances had to be floored 
│   ind =
│    1-element Array{Int64,1}:
│     22
└ @ GaussianMixtures ~/.julia/packages/GaussianMixtures/bTNkf/src/train.jl:258
┌ Warning: Variances had to be floored 
│   ind =
│    8-element Array{Int64,1}:
│      7
│     16
│     21
│     25
│     27
│     28
│     29
│     32
└ @ GaussianMixtures ~/.julia/packages/GaussianMixtures/bTNkf/src/train.jl:258
┌ Warning: Variances had to be floored 
│   ind =
│    3-element Array{Int64,1}:
│      4
│     10
│     20
└ @ GaussianMixtures ~/.julia/packages/GaussianMixtures/bTNkf/src/train.jl:258
┌ Warning: Variances had to be floored 
│   ind =
│    2-element Array{Int64,1}:
│     19
│     22
└ @ GaussianMixtures ~/.julia/packages/GaussianMixtures/bTNkf/src/train.jl:258
┌ Warning: Variances had to be floored 
│   ind =
│    5-element Array{Int64,1}:
│     16
│     21
│     25
│     27
│     30
└ @ GaussianMixtures ~/.julia/packages/GaussianMixtures/bTNkf/src/train.jl:258
┌ Warning: Variances had to be floored 
│   ind =
│    3-element Array{Int64,1}:
│      4
│     31
│     32
└ @ GaussianMixtures ~/.julia/packages/GaussianMixtures/bTNkf/src/train.jl:258
┌ Warning: Variances had to be floored 
│   ind =
│    4-element Array{Int64,1}:
│      7
│     10
│     22
│     29
└ @ GaussianMixtures ~/.julia/packages/GaussianMixtures/bTNkf/src/train.jl:258
┌ Warning: Variances had to be floored 
│   ind =
│    4-element Array{Int64,1}:
│     16
│     21
│     27
│     28
└ @ GaussianMixtures ~/.julia/packages/GaussianMixtures/bTNkf/src/train.jl:258
┌ Warning: Variances had to be floored 
│   ind =
│    1-element Array{Int64,1}:
│     25
└ @ GaussianMixtures ~/.julia/packages/GaussianMixtures/bTNkf/src/train.jl:258
┌ Warning: Variances had to be floored 
│   ind =
│    7-element Array{Int64,1}:
│      4
│     19
│     20
│     22
│     30
│     31
│     32
└ @ GaussianMixtures ~/.julia/packages/GaussianMixtures/bTNkf/src/train.jl:258
┌ Warning: Variances had to be floored 
│   ind =
│    4-element Array{Int64,1}:
│      7
│     16
│     21
│     27
└ @ GaussianMixtures ~/.julia/packages/GaussianMixtures/bTNkf/src/train.jl:258
┌ Warning: Variances had to be floored 
│   ind =
│    6-element Array{Int64,1}:
│      7
│     10
│     16
│     21
│     25
│     27
└ @ GaussianMixtures ~/.julia/packages/GaussianMixtures/bTNkf/src/train.jl:258
┌ Warning: Variances had to be floored 
│   ind =
│    10-element Array{Int64,1}:
│      4
│      7
│     16
│     20
│      ⋮
│     29
│     31
│     32
└ @ GaussianMixtures ~/.julia/packages/GaussianMixtures/bTNkf/src/train.jl:258
┌ Warning: Variances had to be floored 
│   ind =
│    7-element Array{Int64,1}:
│      7
│     10
│     16
│     21
│     22
│     25
│     27
└ @ GaussianMixtures ~/.julia/packages/GaussianMixtures/bTNkf/src/train.jl:258
┌ Warning: Variances had to be floored 
│   ind =
│    6-element Array{Int64,1}:
│      7
│     16
│     19
│     21
│     27
│     30
└ @ GaussianMixtures ~/.julia/packages/GaussianMixtures/bTNkf/src/train.jl:258
┌ Warning: Variances had to be floored 
│   ind =
│    8-element Array{Int64,1}:
│      4
│      7
│     16
│     20
│     21
│     25
│     27
│     32
└ @ GaussianMixtures ~/.julia/packages/GaussianMixtures/bTNkf/src/train.jl:258
┌ Warning: Variances had to be floored 
│   ind =
│    7-element Array{Int64,1}:
│      7
│     10
│     16
│     21
│     22
│     27
│     29
└ @ GaussianMixtures ~/.julia/packages/GaussianMixtures/bTNkf/src/train.jl:258
┌ Warning: Variances had to be floored 
│   ind =
│    5-element Array{Int64,1}:
│      7
│     16
│     21
│     25
│     27
└ @ GaussianMixtures ~/.julia/packages/GaussianMixtures/bTNkf/src/train.jl:258
┌ Warning: Variances had to be floored 
│   ind =
│    9-element Array{Int64,1}:
│      4
│      7
│     16
│     20
│      ⋮
│     30
│     31
│     32
└ @ GaussianMixtures ~/.julia/packages/GaussianMixtures/bTNkf/src/train.jl:258
┌ Warning: Variances had to be floored 
│   ind =
│    8-element Array{Int64,1}:
│      7
│     10
│     16
│     21
│     22
│     25
│     27
│     28
└ @ GaussianMixtures ~/.julia/packages/GaussianMixtures/bTNkf/src/train.jl:258
kind full, method split
┌ Info: 0: avll = 
└   tll[1] = -1.4140976468025859
┌ Info: 1
│   : avll =  = ": avll = "
│   avll =
│    50-element Array{Float64,1}:
│     -1.4141248452132915
│     -1.4140641159337357
│      ⋮                 
└     -1.4083838304157976
┌ Info: 2
│   : avll =  = ": avll = "
│   avll =
│    50-element Array{Float64,1}:
│     -1.4084093253237016
│     -1.4083486314941525
│      ⋮                 
└     -1.3912620310014974
┌ Info: 3
│   : avll =  = ": avll = "
│   avll =
│    50-element Array{Float64,1}:
│     -1.3901841772410615
│     -1.388416513966227 
│      ⋮                 
└     -1.373714343900264 
┌ Info: 4
│   : avll =  = ": avll = "
│   avll =
│    50-element Array{Float64,1}:
│     -1.373684303668274 
│     -1.3733747573105832
│      ⋮                 
└     -1.3083244052741045
┌ Info: 5
│   : avll =  = ": avll = "
│   avll =
│    50-element Array{Float64,1}:
│     -1.3083957536764705
│     -1.308075489822982 
│      ⋮                 
└     -1.2917446971541842
┌ Info: Total log likelihood: 
│   tll =
│    251-element Array{Float64,1}:
│     -1.4140976468025859
│     -1.4141248452132915
│     -1.4140641159337357
│     -1.414017171943185 
│      ⋮                 
│     -1.2917895972105526
│     -1.2917666567420876
└     -1.2917446971541842
kind full, method kmeans
[ Info: Initializing GMM, 32 Gaussians diag covariance 26 dimensions using 100000 data points
  Iters               objv        objv-change | affected 
-------------------------------------------------------------
      0       9.390011e+05
      1       7.029050e+05      -2.360961e+05 |       32
      2       6.899710e+05      -1.293397e+04 |       32
      3       6.852723e+05      -4.698773e+03 |       32
      4       6.828561e+05      -2.416127e+03 |       32
      5       6.812553e+05      -1.600784e+03 |       32
      6       6.799657e+05      -1.289675e+03 |       32
      7       6.788908e+05      -1.074908e+03 |       32
      8       6.780996e+05      -7.911521e+02 |       32
      9       6.775516e+05      -5.480198e+02 |       32
     10       6.770958e+05      -4.557939e+02 |       32
     11       6.767231e+05      -3.727221e+02 |       32
     12       6.763986e+05      -3.245035e+02 |       32
     13       6.760943e+05      -3.043203e+02 |       32
     14       6.758420e+05      -2.522702e+02 |       32
     15       6.756269e+05      -2.150448e+02 |       32
     16       6.754377e+05      -1.892388e+02 |       32
     17       6.752746e+05      -1.630882e+02 |       32
     18       6.751209e+05      -1.536881e+02 |       32
     19       6.749775e+05      -1.434416e+02 |       32
     20       6.748522e+05      -1.253068e+02 |       32
     21       6.747274e+05      -1.247459e+02 |       32
     22       6.745934e+05      -1.339837e+02 |       32
     23       6.744659e+05      -1.275661e+02 |       32
     24       6.743429e+05      -1.230176e+02 |       32
     25       6.742273e+05      -1.155166e+02 |       32
     26       6.741105e+05      -1.168261e+02 |       32
     27       6.739987e+05      -1.117867e+02 |       32
     28       6.738961e+05      -1.026627e+02 |       32
     29       6.737902e+05      -1.059066e+02 |       32
     30       6.736934e+05      -9.674707e+01 |       32
     31       6.735980e+05      -9.545191e+01 |       32
     32       6.735097e+05      -8.825008e+01 |       32
     33       6.734103e+05      -9.943515e+01 |       32
     34       6.733215e+05      -8.881016e+01 |       32
     35       6.732430e+05      -7.843962e+01 |       32
     36       6.731687e+05      -7.433367e+01 |       32
     37       6.731040e+05      -6.472201e+01 |       32
     38       6.730484e+05      -5.557471e+01 |       32
     39       6.729998e+05      -4.861333e+01 |       32
     40       6.729544e+05      -4.534233e+01 |       32
     41       6.729070e+05      -4.748627e+01 |       32
     42       6.728640e+05      -4.296445e+01 |       32
     43       6.728195e+05      -4.453771e+01 |       32
     44       6.727758e+05      -4.364713e+01 |       32
     45       6.727395e+05      -3.633527e+01 |       32
     46       6.727027e+05      -3.681821e+01 |       32
     47       6.726640e+05      -3.863585e+01 |       32
     48       6.726285e+05      -3.551506e+01 |       32
     49       6.725938e+05      -3.466598e+01 |       32
     50       6.725581e+05      -3.573103e+01 |       32
K-means terminated without convergence after 50 iterations (objv = 672558.1025665542)
┌ Info: K-means with 32000 data points using 50 iterations
└ 37.0 data points per parameter
Test Summary: | Broken  Total
train.jl      |      1      1
[ Info: Initializing GMM, 2 Gaussians diag covariance 2 dimensions using 900 data points
  Iters               objv        objv-change | affected 
-------------------------------------------------------------
      0       1.678561e+05
      1       2.230230e+04      -1.455538e+05 |        2
      2       7.823675e+03      -1.447862e+04 |        0
      3       7.823675e+03       0.000000e+00 |        0
K-means converged with 3 iterations (objv = 7823.67549422947)
┌ Info: K-means with 900 data points using 3 iterations
└ 150.0 data points per parameter
Test Summary:   | Pass  Total
ScikitLearnBase |    1      1
   Testing GaussianMixtures tests passed 
