Julia Version 1.3.1
Commit 2d5741174c (2019-12-30 21:36 UTC)
Platform Info:
  OS: Linux (x86_64-pc-linux-gnu)
  CPU: AMD Ryzen Threadripper 2990WX 32-Core Processor
  WORD_SIZE: 64
  LIBM: libopenlibm
  LLVM: libLLVM-6.0.1 (ORCJIT, znver1)
Environment:
  JULIA_DEPOT_PATH = ::/usr/local/share/julia
  JULIA_NUM_THREADS = 2

 Resolving package versions...
 Installed Rmath_jll ──────────────────── v0.2.2+0
 Installed ScikitLearnBase ────────────── v0.5.0
 Installed StatsFuns ──────────────────── v0.9.4
 Installed QuadGK ─────────────────────── v2.3.1
 Installed Libiconv_jll ───────────────── v1.16.0+1
 Installed GaussianMixtures ───────────── v0.3.2
 Installed StatsBase ──────────────────── v0.32.2
 Installed OpenBLAS_jll ───────────────── v0.3.7+7
 Installed EzXML ──────────────────────── v1.1.0
 Installed CompilerSupportLibraries_jll ─ v0.2.0+1
 Installed CategoricalArrays ──────────── v0.7.7
 Installed CodecZlib ──────────────────── v0.6.0
 Installed FillArrays ─────────────────── v0.8.5
 Installed DataFrames ─────────────────── v0.20.2
 Installed RData ──────────────────────── v0.7.1
 Installed FilePathsBase ──────────────── v0.7.0
 Installed DataAPI ────────────────────── v1.1.0
 Installed Arpack_jll ─────────────────── v3.5.0+2
 Installed Arpack ─────────────────────── v0.4.0
 Installed StaticArrays ───────────────── v0.12.1
 Installed DataValueInterfaces ────────── v1.0.0
 Installed Requires ───────────────────── v1.0.1
 Installed Distances ──────────────────── v0.8.2
 Installed DataStructures ─────────────── v0.17.10
 Installed NearestNeighbors ───────────── v0.4.4
 Installed SpecialFunctions ───────────── v0.10.0
 Installed Zlib_jll ───────────────────── v1.2.11+8
 Installed ExprTools ──────────────────── v0.1.0
 Installed Clustering ─────────────────── v0.13.5
 Installed IteratorInterfaceExtensions ── v1.0.0
 Installed Distributions ──────────────── v0.22.5
 Installed Compat ─────────────────────── v3.8.0
 Installed WeakRefStrings ─────────────── v0.6.2
 Installed InvertedIndices ────────────── v1.0.0
 Installed Mocking ────────────────────── v0.7.1
 Installed Parsers ────────────────────── v0.3.12
 Installed JLD2 ───────────────────────── v0.1.12
 Installed JSON ───────────────────────── v0.21.0
 Installed Rmath ──────────────────────── v0.6.1
 Installed SortingAlgorithms ──────────── v0.3.1
 Installed PDMats ─────────────────────── v0.9.12
 Installed TranscodingStreams ─────────── v0.9.5
 Installed TableTraits ────────────────── v1.0.0
 Installed Tables ─────────────────────── v1.0.3
 Installed XML2_jll ───────────────────── v2.9.9+1
 Installed PooledArrays ───────────────── v0.5.3
 Installed Reexport ───────────────────── v0.2.0
 Installed OrderedCollections ─────────── v1.1.0
 Installed Missings ───────────────────── v0.4.3
 Installed BinaryProvider ─────────────── v0.5.8
 Installed OpenSpecFun_jll ────────────── v0.5.3+3
 Installed TimeZones ──────────────────── v1.0.1
 Installed FileIO ─────────────────────── v1.2.3
 Installed CSV ────────────────────────── v0.5.26
 Installed RDatasets ──────────────────── v0.6.1
  Updating `~/.julia/environments/v1.3/Project.toml`
  [cc18c42c] + GaussianMixtures v0.3.2
  Updating `~/.julia/environments/v1.3/Manifest.toml`
  [7d9fca2a] + Arpack v0.4.0
  [68821587] + Arpack_jll v3.5.0+2
  [b99e7846] + BinaryProvider v0.5.8
  [336ed68f] + CSV v0.5.26
  [324d7699] + CategoricalArrays v0.7.7
  [aaaa29a8] + Clustering v0.13.5
  [944b1d66] + CodecZlib v0.6.0
  [34da2185] + Compat v3.8.0
  [e66e0078] + CompilerSupportLibraries_jll v0.2.0+1
  [9a962f9c] + DataAPI v1.1.0
  [a93c6f00] + DataFrames v0.20.2
  [864edb3b] + DataStructures v0.17.10
  [e2d170a0] + DataValueInterfaces v1.0.0
  [b4f34e82] + Distances v0.8.2
  [31c24e10] + Distributions v0.22.5
  [e2ba6199] + ExprTools v0.1.0
  [8f5d6c58] + EzXML v1.1.0
  [5789e2e9] + FileIO v1.2.3
  [48062228] + FilePathsBase v0.7.0
  [1a297f60] + FillArrays v0.8.5
  [cc18c42c] + GaussianMixtures v0.3.2
  [41ab1584] + InvertedIndices v1.0.0
  [82899510] + IteratorInterfaceExtensions v1.0.0
  [033835bb] + JLD2 v0.1.12
  [682c06a0] + JSON v0.21.0
  [94ce4f54] + Libiconv_jll v1.16.0+1
  [e1d29d7a] + Missings v0.4.3
  [78c3b35d] + Mocking v0.7.1
  [b8a86587] + NearestNeighbors v0.4.4
  [4536629a] + OpenBLAS_jll v0.3.7+7
  [efe28fd5] + OpenSpecFun_jll v0.5.3+3
  [bac558e1] + OrderedCollections v1.1.0
  [90014a1f] + PDMats v0.9.12
  [69de0a69] + Parsers v0.3.12
  [2dfb63ee] + PooledArrays v0.5.3
  [1fd47b50] + QuadGK v2.3.1
  [df47a6cb] + RData v0.7.1
  [ce6b1742] + RDatasets v0.6.1
  [189a3867] + Reexport v0.2.0
  [ae029012] + Requires v1.0.1
  [79098fc4] + Rmath v0.6.1
  [f50d1b31] + Rmath_jll v0.2.2+0
  [6e75b9c4] + ScikitLearnBase v0.5.0
  [a2af1166] + SortingAlgorithms v0.3.1
  [276daf66] + SpecialFunctions v0.10.0
  [90137ffa] + StaticArrays v0.12.1
  [2913bbd2] + StatsBase v0.32.2
  [4c63d2b9] + StatsFuns v0.9.4
  [3783bdb8] + TableTraits v1.0.0
  [bd369af6] + Tables v1.0.3
  [f269a46b] + TimeZones v1.0.1
  [3bb67fe8] + TranscodingStreams v0.9.5
  [ea10d353] + WeakRefStrings v0.6.2
  [02c8fc9c] + XML2_jll v2.9.9+1
  [83775a58] + Zlib_jll v1.2.11+8
  [2a0f44e3] + Base64 
  [ade2ca70] + Dates 
  [8bb1440f] + DelimitedFiles 
  [8ba89e20] + Distributed 
  [9fa8497b] + Future 
  [b77e0a4c] + InteractiveUtils 
  [76f85450] + LibGit2 
  [8f399da3] + Libdl 
  [37e2e46d] + LinearAlgebra 
  [56ddb016] + Logging 
  [d6f4376e] + Markdown 
  [a63ad114] + Mmap 
  [44cfe95a] + Pkg 
  [de0858da] + Printf 
  [3fa0cd96] + REPL 
  [9a3f8284] + Random 
  [ea8e919c] + SHA 
  [9e88b42a] + Serialization 
  [1a1011a3] + SharedArrays 
  [6462fe0b] + Sockets 
  [2f01184e] + SparseArrays 
  [10745b16] + Statistics 
  [4607b0f0] + SuiteSparse 
  [8dfed614] + Test 
  [cf7118a7] + UUIDs 
  [4ec0a83e] + Unicode 
  Building CodecZlib → `~/.julia/packages/CodecZlib/5t9zO/deps/build.log`
  Building TimeZones → `~/.julia/packages/TimeZones/zymSN/deps/build.log`
   Testing GaussianMixtures
    Status `/tmp/jl_B8bewc/Manifest.toml`
  [7d9fca2a] Arpack v0.4.0
  [68821587] Arpack_jll v3.5.0+2
  [b99e7846] BinaryProvider v0.5.8
  [336ed68f] CSV v0.5.26
  [324d7699] CategoricalArrays v0.7.7
  [aaaa29a8] Clustering v0.13.5
  [944b1d66] CodecZlib v0.6.0
  [34da2185] Compat v3.8.0
  [e66e0078] CompilerSupportLibraries_jll v0.2.0+1
  [9a962f9c] DataAPI v1.1.0
  [a93c6f00] DataFrames v0.20.2
  [864edb3b] DataStructures v0.17.10
  [e2d170a0] DataValueInterfaces v1.0.0
  [b4f34e82] Distances v0.8.2
  [31c24e10] Distributions v0.22.5
  [e2ba6199] ExprTools v0.1.0
  [8f5d6c58] EzXML v1.1.0
  [5789e2e9] FileIO v1.2.3
  [48062228] FilePathsBase v0.7.0
  [1a297f60] FillArrays v0.8.5
  [cc18c42c] GaussianMixtures v0.3.2
  [41ab1584] InvertedIndices v1.0.0
  [82899510] IteratorInterfaceExtensions v1.0.0
  [033835bb] JLD2 v0.1.12
  [682c06a0] JSON v0.21.0
  [94ce4f54] Libiconv_jll v1.16.0+1
  [e1d29d7a] Missings v0.4.3
  [78c3b35d] Mocking v0.7.1
  [b8a86587] NearestNeighbors v0.4.4
  [4536629a] OpenBLAS_jll v0.3.7+7
  [efe28fd5] OpenSpecFun_jll v0.5.3+3
  [bac558e1] OrderedCollections v1.1.0
  [90014a1f] PDMats v0.9.12
  [69de0a69] Parsers v0.3.12
  [2dfb63ee] PooledArrays v0.5.3
  [1fd47b50] QuadGK v2.3.1
  [df47a6cb] RData v0.7.1
  [ce6b1742] RDatasets v0.6.1
  [189a3867] Reexport v0.2.0
  [ae029012] Requires v1.0.1
  [79098fc4] Rmath v0.6.1
  [f50d1b31] Rmath_jll v0.2.2+0
  [6e75b9c4] ScikitLearnBase v0.5.0
  [a2af1166] SortingAlgorithms v0.3.1
  [276daf66] SpecialFunctions v0.10.0
  [90137ffa] StaticArrays v0.12.1
  [2913bbd2] StatsBase v0.32.2
  [4c63d2b9] StatsFuns v0.9.4
  [3783bdb8] TableTraits v1.0.0
  [bd369af6] Tables v1.0.3
  [f269a46b] TimeZones v1.0.1
  [3bb67fe8] TranscodingStreams v0.9.5
  [ea10d353] WeakRefStrings v0.6.2
  [02c8fc9c] XML2_jll v2.9.9+1
  [83775a58] Zlib_jll v1.2.11+8
  [2a0f44e3] Base64  [`@stdlib/Base64`]
  [ade2ca70] Dates  [`@stdlib/Dates`]
  [8bb1440f] DelimitedFiles  [`@stdlib/DelimitedFiles`]
  [8ba89e20] Distributed  [`@stdlib/Distributed`]
  [9fa8497b] Future  [`@stdlib/Future`]
  [b77e0a4c] InteractiveUtils  [`@stdlib/InteractiveUtils`]
  [76f85450] LibGit2  [`@stdlib/LibGit2`]
  [8f399da3] Libdl  [`@stdlib/Libdl`]
  [37e2e46d] LinearAlgebra  [`@stdlib/LinearAlgebra`]
  [56ddb016] Logging  [`@stdlib/Logging`]
  [d6f4376e] Markdown  [`@stdlib/Markdown`]
  [a63ad114] Mmap  [`@stdlib/Mmap`]
  [44cfe95a] Pkg  [`@stdlib/Pkg`]
  [de0858da] Printf  [`@stdlib/Printf`]
  [3fa0cd96] REPL  [`@stdlib/REPL`]
  [9a3f8284] Random  [`@stdlib/Random`]
  [ea8e919c] SHA  [`@stdlib/SHA`]
  [9e88b42a] Serialization  [`@stdlib/Serialization`]
  [1a1011a3] SharedArrays  [`@stdlib/SharedArrays`]
  [6462fe0b] Sockets  [`@stdlib/Sockets`]
  [2f01184e] SparseArrays  [`@stdlib/SparseArrays`]
  [10745b16] Statistics  [`@stdlib/Statistics`]
  [4607b0f0] SuiteSparse  [`@stdlib/SuiteSparse`]
  [8dfed614] Test  [`@stdlib/Test`]
  [cf7118a7] UUIDs  [`@stdlib/UUIDs`]
  [4ec0a83e] Unicode  [`@stdlib/Unicode`]
(100000, -1.679536681779758e6, [16338.40984501314, 83661.59015498687], [-8774.318368667891 13691.96086216736 -18658.211198816818; 8600.538222322424 -13507.762399393952 18321.0454534574], Array{Float64,2}[[19237.473779554784 -4864.2249785858385 6545.541160684852; -4864.2249785858385 23849.76199415014 -10031.260007869896; 6545.541160684852 -10031.260007869896 30319.493330784087], [80933.0316702004 5038.9060974166805 -6629.8418363592755; 5038.9060974166805 76713.5708038469 10194.128562439331; -6629.8418363592755 10194.128562439331 69805.15494896895]])
Test Summary: | Pass  Total
data.jl       |    8      8
bayes.jl: Error During Test at /home/pkgeval/.julia/packages/GaussianMixtures/bTNkf/test/bayes.jl:3
  Got exception outside of a @test
  MethodError: no method matching CSV.File(::Base.GenericIOBuffer{Array{UInt8,1}}; delim=',', quotechar='"', missingstring="NA", rows_for_type_detect=200)
  Closest candidates are:
    CSV.File(::Any; header, normalizenames, datarow, skipto, footerskip, limit, transpose, comment, use_mmap, ignoreemptylines, missingstrings, missingstring, delim, ignorerepeated, quotechar, openquotechar, closequotechar, escapechar, dateformat, decimal, truestrings, falsestrings, type, types, typemap, categorical, pool, strict, silencewarnings, threaded, debug, parsingdebug, allowmissing) at /home/pkgeval/.julia/packages/CSV/DOr2V/src/CSV.jl:258 got unsupported keyword argument "rows_for_type_detect"
  Stacktrace:
   [1] kwerr(::NamedTuple{(:delim, :quotechar, :missingstring, :rows_for_type_detect),Tuple{Char,Char,String,Int64}}, ::Type, ::Base.GenericIOBuffer{Array{UInt8,1}}) at ./error.jl:125
   [2] Type at ./none:0 [inlined]
   [3] (::RDatasets.var"#1#2"{String,String})(::IOStream) at /home/pkgeval/.julia/packages/RDatasets/1Ih8s/src/dataset.jl:28
   [4] #open#271(::Base.Iterators.Pairs{Union{},Union{},Tuple{},NamedTuple{(),Tuple{}}}, ::typeof(open), ::RDatasets.var"#1#2"{String,String}, ::String, ::Vararg{String,N} where N) at ./io.jl:298
   [5] open at ./io.jl:296 [inlined]
   [6] dataset(::String, ::String) at /home/pkgeval/.julia/packages/RDatasets/1Ih8s/src/dataset.jl:26
   [7] top-level scope at /home/pkgeval/.julia/packages/GaussianMixtures/bTNkf/test/bayes.jl:5
   [8] top-level scope at /buildworker/worker/package_linux64/build/usr/share/julia/stdlib/v1.3/Test/src/Test.jl:1107
   [9] top-level scope at /home/pkgeval/.julia/packages/GaussianMixtures/bTNkf/test/bayes.jl:5
   [10] include at ./boot.jl:328 [inlined]
   [11] include_relative(::Module, ::String) at ./loading.jl:1105
   [12] include(::Module, ::String) at ./Base.jl:31
   [13] include(::String) at ./client.jl:424
   [14] top-level scope at /home/pkgeval/.julia/packages/GaussianMixtures/bTNkf/test/runtests.jl:17
   [15] include at ./boot.jl:328 [inlined]
   [16] include_relative(::Module, ::String) at ./loading.jl:1105
   [17] include(::Module, ::String) at ./Base.jl:31
   [18] include(::String) at ./client.jl:424
   [19] top-level scope at none:6
   [20] eval(::Module, ::Any) at ./boot.jl:330
   [21] exec_options(::Base.JLOptions) at ./client.jl:263
   [22] _start() at ./client.jl:460
  
Test Summary: | Error  Total
bayes.jl      |     1      1
ERROR: LoadError: LoadError: Some tests did not pass: 0 passed, 0 failed, 1 errored, 0 broken.
in expression starting at /home/pkgeval/.julia/packages/GaussianMixtures/bTNkf/test/bayes.jl:3
in expression starting at /home/pkgeval/.julia/packages/GaussianMixtures/bTNkf/test/runtests.jl:17
ERROR: Package GaussianMixtures errored during testing
Stacktrace:
 [1] pkgerror(::String, ::Vararg{String,N} where N) at /buildworker/worker/package_linux64/build/usr/share/julia/stdlib/v1.3/Pkg/src/Types.jl:113
 [2] #test#131(::Bool, ::Nothing, ::Cmd, ::Cmd, ::typeof(Pkg.Operations.test), ::Pkg.Types.Context, ::Array{Pkg.Types.PackageSpec,1}) at /buildworker/worker/package_linux64/build/usr/share/julia/stdlib/v1.3/Pkg/src/Operations.jl:1372
