Julia Version 1.4.0
Commit b8e9a9ecc6 (2020-03-21 16:36 UTC)
Platform Info:
  OS: Linux (x86_64-pc-linux-gnu)
  CPU: AMD Ryzen Threadripper 2990WX 32-Core Processor
  WORD_SIZE: 64
  LIBM: libopenlibm
  LLVM: libLLVM-8.0.1 (ORCJIT, znver1)
Environment:
  JULIA_DEPOT_PATH = ::/usr/local/share/julia
  JULIA_NUM_THREADS = 2

  Resolving package versions...
  Installed DataAPI ─────────────────── v1.1.0
  Installed Missings ────────────────── v0.4.3
  Installed WeakRefStrings ──────────── v0.6.2
  Installed RecipesBase ─────────────── v0.7.0
  Installed GeoArrays ───────────────── v0.1.0
  Installed BinaryProvider ──────────── v0.5.8
  Installed StaticArrays ────────────── v0.11.1
  Installed ArchGDAL ────────────────── v0.2.2
  Installed CoordinateTransformations ─ v0.5.1
  Installed Rotations ───────────────── v0.13.0
  Installed Parameters ──────────────── v0.10.3
  Installed OrderedCollections ──────── v1.1.0
  Installed GeoInterface ────────────── v0.4.1
  Installed GeoStatsBase ────────────── v0.4.3
  Installed DataStreams ─────────────── v0.4.2
  Installed GDAL ────────────────────── v0.2.0
   Updating `~/.julia/environments/v1.4/Project.toml`
  [2fb1d81b] + GeoArrays v0.1.0
   Updating `~/.julia/environments/v1.4/Manifest.toml`
  [c9ce4bd3] + ArchGDAL v0.2.2
  [b99e7846] + BinaryProvider v0.5.8
  [150eb455] + CoordinateTransformations v0.5.1
  [9a962f9c] + DataAPI v1.1.0
  [9a8bc11e] + DataStreams v0.4.2
  [add2ef01] + GDAL v0.2.0
  [2fb1d81b] + GeoArrays v0.1.0
  [cf35fbd7] + GeoInterface v0.4.1
  [323cb8eb] + GeoStatsBase v0.4.3
  [e1d29d7a] + Missings v0.4.3
  [bac558e1] + OrderedCollections v1.1.0
  [d96e819e] + Parameters v0.10.3
  [3cdcf5f2] + RecipesBase v0.7.0
  [6038ab10] + Rotations v0.13.0
  [90137ffa] + StaticArrays v0.11.1
  [ea10d353] + WeakRefStrings v0.6.2
  [2a0f44e3] + Base64 
  [ade2ca70] + Dates 
  [8ba89e20] + Distributed 
  [b77e0a4c] + InteractiveUtils 
  [8f399da3] + Libdl 
  [37e2e46d] + LinearAlgebra 
  [56ddb016] + Logging 
  [d6f4376e] + Markdown 
  [de0858da] + Printf 
  [3fa0cd96] + REPL 
  [9a3f8284] + Random 
  [ea8e919c] + SHA 
  [9e88b42a] + Serialization 
  [6462fe0b] + Sockets 
  [2f01184e] + SparseArrays 
  [10745b16] + Statistics 
  [8dfed614] + Test 
  [4ec0a83e] + Unicode 
   Building GDAL → `~/.julia/packages/GDAL/vec6Y/deps/build.log`
    Testing GeoArrays
┌ Error: Pkg.Resolve.ResolverError("Unsatisfiable requirements detected for package GeoStats [dcc97b0b]:\n GeoStats [dcc97b0b] log:\n ├─possible versions are: [0.7.0-0.7.2, 0.8.0-0.8.9, 0.9.0-0.9.1, 0.10.0-0.10.2, 0.11.0] or uninstalled\n ├─restricted to versions * by an explicit requirement, leaving only versions [0.7.0-0.7.2, 0.8.0-0.8.9, 0.9.0-0.9.1, 0.10.0-0.10.2, 0.11.0]\n ├─restricted by compatibility requirements with GeoStatsBase [323cb8eb] to versions: [0.7.0-0.7.2, 0.8.0-0.8.9, 0.9.0] or uninstalled, leaving only versions: [0.7.0-0.7.2, 0.8.0-0.8.9, 0.9.0]\n │ └─GeoStatsBase [323cb8eb] log:\n │   ├─possible versions are: [0.2.0-0.2.6, 0.3.0-0.3.6, 0.4.0-0.4.3, 0.5.0, 0.6.0-0.6.4, 0.7.0-0.7.1, 0.8.0-0.8.2] or uninstalled\n │   └─restricted to versions 0.4.3 by an explicit requirement, leaving only versions 0.4.3\n └─restricted by compatibility requirements with RecipesBase [3cdcf5f2] to versions: [0.10.0-0.10.2, 0.11.0] or uninstalled — no versions left\n   └─RecipesBase [3cdcf5f2] log:\n     ├─possible versions are: [0.4.0, 0.5.0, 0.6.0, 0.7.0, 0.8.0, 1.0.0] or uninstalled\n     └─restricted to versions 0.7.0 by an explicit requirement, leaving only versions 0.7.0", nothing)
└ @ Pkg.Operations /buildworker/worker/package_linux64/build/usr/share/julia/stdlib/v1.4/Pkg/src/Operations.jl:1365
Status `/tmp/jl_ATvCed/Manifest.toml`
  [c9ce4bd3] ArchGDAL v0.2.2
  [7d9fca2a] Arpack v0.4.0
  [68821587] Arpack_jll v3.5.0+3
  [4fba245c] ArrayInterface v2.7.0
  [77b51b56] AverageShiftedHistograms v0.8.1
  [9e28174c] BinDeps v0.8.10
  [b99e7846] BinaryProvider v0.5.8
  [336ed68f] CSV v0.5.13
  [49dc2e85] Calculus v0.4.1
  [324d7699] CategoricalArrays v0.5.2
  [861a8166] Combinatorics v0.7.0
  [bbf7d656] CommonSubexpressions v0.2.0
  [34da2185] Compat v2.2.0
  [e66e0078] CompilerSupportLibraries_jll v0.3.3+0
  [150eb455] CoordinateTransformations v0.5.1
  [9a962f9c] DataAPI v1.1.0
  [a93c6f00] DataFrames v0.18.4
  [9a8bc11e] DataStreams v0.4.2
  [864edb3b] DataStructures v0.17.11
  [e2d170a0] DataValueInterfaces v1.0.0
  [01453d9d] DiffEqDiffTools v0.13.0
  [163ba53b] DiffResults v1.0.2
  [b552c78f] DiffRules v0.0.10
  [b4f34e82] Distances v0.8.2
  [31c24e10] Distributions v0.20.0
  [6a86dc24] FiniteDiff v2.3.0
  [f6369f11] ForwardDiff v0.10.10
  [add2ef01] GDAL v0.2.0
  [2fb1d81b] GeoArrays v0.1.1
  [cf35fbd7] GeoInterface v0.4.1
  [dcc97b0b] GeoStats v0.10.1
  [323cb8eb] GeoStatsBase v0.6.0
  [82899510] IteratorInterfaceExtensions v1.0.0
  [d293930c] KrigingEstimators v0.3.0
  [d3d80556] LineSearches v7.0.1
  [a7f614a8] MLJBase v0.5.0
  [e1d29d7a] Missings v0.4.3
  [d41bc354] NLSolversBase v7.6.1
  [77ba4419] NaNMath v0.3.3
  [b8a86587] NearestNeighbors v0.4.4
  [4536629a] OpenBLAS_jll v0.3.9+2
  [429524aa] Optim v0.18.1
  [bac558e1] OrderedCollections v1.1.0
  [90014a1f] PDMats v0.9.12
  [d96e819e] Parameters v0.10.3
  [69de0a69] Parsers v0.3.12
  [f27b6e38] Polynomials v0.5.3
  [2dfb63ee] PooledArrays v0.5.3
  [85a6dd25] PositiveFactorizations v0.2.3
  [1fd47b50] QuadGK v2.3.1
  [3cdcf5f2] RecipesBase v0.6.0
  [189a3867] Reexport v0.2.0
  [ae029012] Requires v0.5.2
  [79098fc4] Rmath v0.5.1
  [6038ab10] Rotations v0.13.0
  [321657f4] ScientificTypes v0.2.3
  [a2af1166] SortingAlgorithms v0.3.1
  [276daf66] SpecialFunctions v0.7.2
  [90137ffa] StaticArrays v0.11.1
  [2913bbd2] StatsBase v0.30.0
  [4c63d2b9] StatsFuns v0.8.0
  [3783bdb8] TableTraits v1.0.0
  [bd369af6] Tables v0.2.11
  [30578b45] URIParser v0.4.0
  [b8865327] UnicodePlots v1.1.0
  [04a0146e] Variography v0.4.1
  [ea10d353] WeakRefStrings v0.6.2
  [2a0f44e3] Base64 
  [ade2ca70] Dates 
  [8bb1440f] DelimitedFiles 
  [8ba89e20] Distributed 
  [9fa8497b] Future 
  [b77e0a4c] InteractiveUtils 
  [76f85450] LibGit2 
  [8f399da3] Libdl 
  [37e2e46d] LinearAlgebra 
  [56ddb016] Logging 
  [d6f4376e] Markdown 
  [a63ad114] Mmap 
  [44cfe95a] Pkg 
  [de0858da] Printf 
  [9abbd945] Profile 
  [3fa0cd96] REPL 
  [9a3f8284] Random 
  [ea8e919c] SHA 
  [9e88b42a] Serialization 
  [1a1011a3] SharedArrays 
  [6462fe0b] Sockets 
  [2f01184e] SparseArrays 
  [10745b16] Statistics 
  [4607b0f0] SuiteSparse 
  [8dfed614] Test 
  [cf7118a7] UUIDs 
  [4ec0a83e] Unicode 
┌ Error: Download failed: curl: /opt/julia/bin/../lib/julia/libcurl.so.4: no version information available (required by curl)
└ @ Base download.jl:43
GeoArrays: Error During Test at /home/pkgeval/.julia/packages/GeoArrays/SV5MC/test/runtests.jl:4
  Got exception outside of a @test
  LoadError: failed process: Process(`curl -s -S -g -L -f -o /home/pkgeval/.julia/packages/GeoArrays/SV5MC/test/data/A.tif 'https://github.com/yeesian/ArchGDALDatasets/blob/master/data/A.tif?raw=true'`, ProcessExited(60)) [60]
  
  Stacktrace:
   [1] pipeline_error at ./process.jl:525 [inlined]
   [2] download_curl(::String, ::String, ::String) at ./download.jl:44
   [3] download(::String, ::String) at ./download.jl:62
   [4] top-level scope at /home/pkgeval/.julia/packages/GeoArrays/SV5MC/test/get_testdata.jl:32
   [5] include(::String) at ./client.jl:439
   [6] #3 at /home/pkgeval/.julia/packages/GeoArrays/SV5MC/test/runtests.jl:6 [inlined]
   [7] cd(::var"#3#4", ::String) at ./file.jl:104
   [8] top-level scope at /home/pkgeval/.julia/packages/GeoArrays/SV5MC/test/runtests.jl:5
   [9] top-level scope at /buildworker/worker/package_linux64/build/usr/share/julia/stdlib/v1.4/Test/src/Test.jl:1113
   [10] top-level scope at /home/pkgeval/.julia/packages/GeoArrays/SV5MC/test/runtests.jl:5
   [11] include(::String) at ./client.jl:439
   [12] top-level scope at none:6
   [13] eval(::Module, ::Any) at ./boot.jl:331
   [14] exec_options(::Base.JLOptions) at ./client.jl:264
   [15] _start() at ./client.jl:484
  in expression starting at /home/pkgeval/.julia/packages/GeoArrays/SV5MC/test/get_testdata.jl:26
  
Test Summary: | Error  Total
GeoArrays     |     1      1
ERROR: LoadError: Some tests did not pass: 0 passed, 0 failed, 1 errored, 0 broken.
in expression starting at /home/pkgeval/.julia/packages/GeoArrays/SV5MC/test/runtests.jl:4
ERROR: Package GeoArrays errored during testing
Stacktrace:
 [1] pkgerror(::String, ::Vararg{String,N} where N) at /buildworker/worker/package_linux64/build/usr/share/julia/stdlib/v1.4/Pkg/src/Types.jl:53
 [2] test(::Pkg.Types.Context, ::Array{Pkg.Types.PackageSpec,1}; coverage::Bool, julia_args::Cmd, test_args::Cmd, test_fn::Nothing) at /buildworker/worker/package_linux64/build/usr/share/julia/stdlib/v1.4/Pkg/src/Operations.jl:1503
 [3] test(::Pkg.Types.Context, ::Array{Pkg.Types.PackageSpec,1}; coverage::Bool, test_fn::Nothing, julia_args::Cmd, test_args::Cmd, kwargs::Base.Iterators.Pairs{Union{},Union{},Tuple{},NamedTuple{(),Tuple{}}}) at /buildworker/worker/package_linux64/build/usr/share/julia/stdlib/v1.4/Pkg/src/API.jl:316
 [4] test(::Pkg.Types.Context, ::Array{Pkg.Types.PackageSpec,1}) at /buildworker/worker/package_linux64/build/usr/share/julia/stdlib/v1.4/Pkg/src/API.jl:303
 [5] #test#68 at /buildworker/worker/package_linux64/build/usr/share/julia/stdlib/v1.4/Pkg/src/API.jl:297 [inlined]
 [6] test at /buildworker/worker/package_linux64/build/usr/share/julia/stdlib/v1.4/Pkg/src/API.jl:297 [inlined]
 [7] #test#67 at /buildworker/worker/package_linux64/build/usr/share/julia/stdlib/v1.4/Pkg/src/API.jl:296 [inlined]
 [8] test at /buildworker/worker/package_linux64/build/usr/share/julia/stdlib/v1.4/Pkg/src/API.jl:296 [inlined]
 [9] test(::String; kwargs::Base.Iterators.Pairs{Union{},Union{},Tuple{},NamedTuple{(),Tuple{}}}) at /buildworker/worker/package_linux64/build/usr/share/julia/stdlib/v1.4/Pkg/src/API.jl:295
 [10] test(::String) at /buildworker/worker/package_linux64/build/usr/share/julia/stdlib/v1.4/Pkg/src/API.jl:295
 [11] top-level scope at none:16
