Julia Version 1.4.0
Commit b8e9a9ecc6 (2020-03-21 16:36 UTC)
Platform Info:
  OS: Linux (x86_64-pc-linux-gnu)
  CPU: AMD Ryzen Threadripper 2990WX 32-Core Processor
  WORD_SIZE: 64
  LIBM: libopenlibm
  LLVM: libLLVM-8.0.1 (ORCJIT, znver1)
Environment:
  JULIA_DEPOT_PATH = ::/usr/local/share/julia
  JULIA_NUM_THREADS = 2

  Resolving package versions...
  Installed PooledArrays ───────────────── v0.5.3
  Installed DataAPI ────────────────────── v1.1.0
  Installed Missings ───────────────────── v0.4.3
  Installed Reexport ───────────────────── v0.2.0
  Installed Tables ─────────────────────── v0.2.11
  Installed CEnum ──────────────────────── v0.2.0
  Installed IteratorInterfaceExtensions ── v1.0.0
  Installed GLFixedEffectModels ────────── v0.1.0
  Installed Rmath ──────────────────────── v0.6.1
  Installed Requires ───────────────────── v1.0.1
  Installed OrderedCollections ─────────── v1.1.0
  Installed Parsers ────────────────────── v1.0.1
  Installed StatsFuns ──────────────────── v0.9.4
  Installed SpecialFunctions ───────────── v0.10.0
  Installed Combinatorics ──────────────── v1.0.0
  Installed RecipesBase ────────────────── v0.8.0
  Installed DataValueInterfaces ────────── v1.0.0
  Installed QuadGK ─────────────────────── v2.3.1
  Installed NNlib ──────────────────────── v0.6.6
  Installed SortingAlgorithms ──────────── v0.3.1
  Installed FillArrays ─────────────────── v0.8.6
  Installed Arpack_jll ─────────────────── v3.5.0+3
  Installed Arpack ─────────────────────── v0.4.0
  Installed LLVM ───────────────────────── v1.3.4
  Installed MacroTools ─────────────────── v0.5.5
  Installed Adapt ──────────────────────── v1.0.1
  Installed Rmath_jll ──────────────────── v0.2.2+0
  Installed InvertedIndices ────────────── v1.0.0
  Installed GPUArrays ──────────────────── v2.0.1
  Installed CUDAapi ────────────────────── v3.1.0
  Installed CUDAnative ─────────────────── v2.10.2
  Installed TimerOutputs ───────────────── v0.5.3
  Installed CUDAdrv ────────────────────── v6.0.0
  Installed PDMats ─────────────────────── v0.9.12
  Installed Compat ─────────────────────── v3.8.0
  Installed OpenBLAS_jll ───────────────── v0.3.9+0
  Installed StatsModels ────────────────── v0.6.10
  Installed DataFrames ─────────────────── v0.20.0
  Installed CuArrays ───────────────────── v1.7.3
  Installed StatsBase ──────────────────── v0.32.2
  Installed ShiftedArrays ──────────────── v1.0.0
  Installed Distributions ──────────────── v0.23.2
  Installed GLM ────────────────────────── v1.3.8
  Installed CompilerSupportLibraries_jll ─ v0.3.3+0
  Installed BinaryProvider ─────────────── v0.5.8
  Installed FixedEffects ───────────────── v0.7.2
  Installed DataStructures ─────────────── v0.17.11
  Installed JSON ───────────────────────── v0.21.0
  Installed CategoricalArrays ──────────── v0.7.7
  Installed TableTraits ────────────────── v1.0.0
  Installed OpenSpecFun_jll ────────────── v0.5.3+3
  Installed AbstractFFTs ───────────────── v0.5.0
  Installed Polynomials ────────────────── v0.6.1
   Updating `~/.julia/environments/v1.4/Project.toml`
  [bafb0ae5] + GLFixedEffectModels v0.1.0
   Updating `~/.julia/environments/v1.4/Manifest.toml`
  [621f4979] + AbstractFFTs v0.5.0
  [79e6a3ab] + Adapt v1.0.1
  [7d9fca2a] + Arpack v0.4.0
  [68821587] + Arpack_jll v3.5.0+3
  [b99e7846] + BinaryProvider v0.5.8
  [fa961155] + CEnum v0.2.0
  [3895d2a7] + CUDAapi v3.1.0
  [c5f51814] + CUDAdrv v6.0.0
  [be33ccc6] + CUDAnative v2.10.2
  [324d7699] + CategoricalArrays v0.7.7
  [861a8166] + Combinatorics v1.0.0
  [34da2185] + Compat v3.8.0
  [e66e0078] + CompilerSupportLibraries_jll v0.3.3+0
  [3a865a2d] + CuArrays v1.7.3
  [9a962f9c] + DataAPI v1.1.0
  [a93c6f00] + DataFrames v0.20.0
  [864edb3b] + DataStructures v0.17.11
  [e2d170a0] + DataValueInterfaces v1.0.0
  [31c24e10] + Distributions v0.23.2
  [1a297f60] + FillArrays v0.8.6
  [c8885935] + FixedEffects v0.7.2
  [bafb0ae5] + GLFixedEffectModels v0.1.0
  [38e38edf] + GLM v1.3.8
  [0c68f7d7] + GPUArrays v2.0.1
  [41ab1584] + InvertedIndices v1.0.0
  [82899510] + IteratorInterfaceExtensions v1.0.0
  [682c06a0] + JSON v0.21.0
  [929cbde3] + LLVM v1.3.4
  [1914dd2f] + MacroTools v0.5.5
  [e1d29d7a] + Missings v0.4.3
  [872c559c] + NNlib v0.6.6
  [4536629a] + OpenBLAS_jll v0.3.9+0
  [efe28fd5] + OpenSpecFun_jll v0.5.3+3
  [bac558e1] + OrderedCollections v1.1.0
  [90014a1f] + PDMats v0.9.12
  [69de0a69] + Parsers v1.0.1
  [f27b6e38] + Polynomials v0.6.1
  [2dfb63ee] + PooledArrays v0.5.3
  [1fd47b50] + QuadGK v2.3.1
  [3cdcf5f2] + RecipesBase v0.8.0
  [189a3867] + Reexport v0.2.0
  [ae029012] + Requires v1.0.1
  [79098fc4] + Rmath v0.6.1
  [f50d1b31] + Rmath_jll v0.2.2+0
  [1277b4bf] + ShiftedArrays v1.0.0
  [a2af1166] + SortingAlgorithms v0.3.1
  [276daf66] + SpecialFunctions v0.10.0
  [2913bbd2] + StatsBase v0.32.2
  [4c63d2b9] + StatsFuns v0.9.4
  [3eaba693] + StatsModels v0.6.10
  [3783bdb8] + TableTraits v1.0.0
  [bd369af6] + Tables v0.2.11
  [a759f4b9] + TimerOutputs v0.5.3
  [2a0f44e3] + Base64 
  [ade2ca70] + Dates 
  [8bb1440f] + DelimitedFiles 
  [8ba89e20] + Distributed 
  [9fa8497b] + Future 
  [b77e0a4c] + InteractiveUtils 
  [76f85450] + LibGit2 
  [8f399da3] + Libdl 
  [37e2e46d] + LinearAlgebra 
  [56ddb016] + Logging 
  [d6f4376e] + Markdown 
  [a63ad114] + Mmap 
  [44cfe95a] + Pkg 
  [de0858da] + Printf 
  [3fa0cd96] + REPL 
  [9a3f8284] + Random 
  [ea8e919c] + SHA 
  [9e88b42a] + Serialization 
  [1a1011a3] + SharedArrays 
  [6462fe0b] + Sockets 
  [2f01184e] + SparseArrays 
  [10745b16] + Statistics 
  [4607b0f0] + SuiteSparse 
  [8dfed614] + Test 
  [cf7118a7] + UUIDs 
  [4ec0a83e] + Unicode 
   Building NNlib → `~/.julia/packages/NNlib/FAI3o/deps/build.log`
    Testing GLFixedEffectModels
┌ Error: Pkg.Resolve.ResolverError("Unsatisfiable requirements detected for package CSV [336ed68f]:\n CSV [336ed68f] log:\n ├─possible versions are: [0.3.0-0.3.1, 0.4.0-0.4.3, 0.5.0-0.5.26, 0.6.0] or uninstalled\n ├─restricted by compatibility requirements with RDatasets [ce6b1742] to versions: [0.3.0-0.3.1, 0.4.0-0.4.3, 0.5.0-0.5.26, 0.6.0]\n │ └─RDatasets [ce6b1742] log:\n │   ├─possible versions are: [0.5.0, 0.6.0-0.6.7] or uninstalled\n │   ├─restricted to versions * by an explicit requirement, leaving only versions [0.5.0, 0.6.0-0.6.7]\n │   └─restricted by compatibility requirements with DataFrames [a93c6f00] to versions: 0.6.6-0.6.7 or uninstalled, leaving only versions: 0.6.6-0.6.7\n │     └─DataFrames [a93c6f00] log:\n │       ├─possible versions are: [0.11.7, 0.12.0, 0.13.0-0.13.1, 0.14.0-0.14.1, 0.15.0-0.15.2, 0.16.0, 0.17.0-0.17.1, 0.18.0-0.18.4, 0.19.0-0.19.4, 0.20.0-0.20.2] or uninstalled\n │       └─restricted to versions 0.20.0 by an explicit requirement, leaving only versions 0.20.0\n ├─restricted by compatibility requirements with DataFrames [a93c6f00] to versions: [0.5.12-0.5.26, 0.6.0] or uninstalled, leaving only versions: [0.5.12-0.5.26, 0.6.0]\n │ └─DataFrames [a93c6f00] log: see above\n ├─restricted by compatibility requirements with Tables [bd369af6] to versions: [0.3.0-0.3.1, 0.4.0-0.4.3, 0.5.0-0.5.23] or uninstalled, leaving only versions: 0.5.12-0.5.23\n │ └─Tables [bd369af6] log:\n │   ├─possible versions are: [0.1.0-0.1.15, 0.1.17-0.1.19, 0.2.0-0.2.11, 1.0.0-1.0.3] or uninstalled\n │   └─restricted to versions 0.2.11 by an explicit requirement, leaving only versions 0.2.11\n └─restricted by compatibility requirements with Parsers [69de0a69] to versions: [0.3.0-0.3.1, 0.4.0, 0.6.0] or uninstalled — no versions left\n   └─Parsers [69de0a69] log:\n     ├─possible versions are: [0.1.0, 0.2.0-0.2.5, 0.2.7-0.2.16, 0.2.18, 0.2.20, 0.2.22, 0.3.0-0.3.12, 1.0.0-1.0.1] or uninstalled\n     └─restricted to versions 1.0.1 by an explicit requirement, leaving only versions 1.0.1", nothing)
└ @ Pkg.Operations /buildworker/worker/package_linux64/build/usr/share/julia/stdlib/v1.4/Pkg/src/Operations.jl:1365
Status `/tmp/jl_tQWb3V/Manifest.toml`
  [621f4979] AbstractFFTs v0.5.0
  [79e6a3ab] Adapt v1.0.1
  [7d9fca2a] Arpack v0.4.0
  [68821587] Arpack_jll v3.5.0+3
  [b99e7846] BinaryProvider v0.5.8
  [fa961155] CEnum v0.2.0
  [336ed68f] CSV v0.5.23
  [3895d2a7] CUDAapi v3.1.0
  [c5f51814] CUDAdrv v6.0.0
  [be33ccc6] CUDAnative v2.10.2
  [324d7699] CategoricalArrays v0.7.7
  [944b1d66] CodecZlib v0.6.0
  [861a8166] Combinatorics v1.0.0
  [34da2185] Compat v3.8.0
  [e66e0078] CompilerSupportLibraries_jll v0.3.3+0
  [3a865a2d] CuArrays v1.7.3
  [9a962f9c] DataAPI v1.1.0
  [a93c6f00] DataFrames v0.20.0
  [864edb3b] DataStructures v0.17.11
  [e2d170a0] DataValueInterfaces v1.0.0
  [31c24e10] Distributions v0.23.2
  [e2ba6199] ExprTools v0.1.0
  [8f5d6c58] EzXML v1.1.0
  [5789e2e9] FileIO v1.2.4
  [48062228] FilePathsBase v0.7.0
  [1a297f60] FillArrays v0.8.6
  [c8885935] FixedEffects v0.7.2
  [bafb0ae5] GLFixedEffectModels v0.1.0
  [38e38edf] GLM v1.3.8
  [0c68f7d7] GPUArrays v2.0.1
  [41ab1584] InvertedIndices v1.0.0
  [82899510] IteratorInterfaceExtensions v1.0.0
  [682c06a0] JSON v0.21.0
  [929cbde3] LLVM v1.3.4
  [94ce4f54] Libiconv_jll v1.16.0+2
  [1914dd2f] MacroTools v0.5.5
  [e1d29d7a] Missings v0.4.3
  [78c3b35d] Mocking v0.7.1
  [872c559c] NNlib v0.6.6
  [4536629a] OpenBLAS_jll v0.3.9+0
  [efe28fd5] OpenSpecFun_jll v0.5.3+3
  [bac558e1] OrderedCollections v1.1.0
  [90014a1f] PDMats v0.9.12
  [69de0a69] Parsers v0.3.12
  [f27b6e38] Polynomials v0.6.1
  [2dfb63ee] PooledArrays v0.5.3
  [1fd47b50] QuadGK v2.3.1
  [df47a6cb] RData v0.7.1
  [ce6b1742] RDatasets v0.6.7
  [3cdcf5f2] RecipesBase v0.8.0
  [189a3867] Reexport v0.2.0
  [ae029012] Requires v1.0.1
  [79098fc4] Rmath v0.6.1
  [f50d1b31] Rmath_jll v0.2.2+0
  [1277b4bf] ShiftedArrays v1.0.0
  [a2af1166] SortingAlgorithms v0.3.1
  [276daf66] SpecialFunctions v0.10.0
  [2913bbd2] StatsBase v0.32.2
  [4c63d2b9] StatsFuns v0.9.4
  [3eaba693] StatsModels v0.6.10
  [3783bdb8] TableTraits v1.0.0
  [bd369af6] Tables v0.2.11
  [f269a46b] TimeZones v1.0.1
  [a759f4b9] TimerOutputs v0.5.3
  [3bb67fe8] TranscodingStreams v0.9.5
  [ea10d353] WeakRefStrings v0.6.2
  [02c8fc9c] XML2_jll v2.9.9+2
  [83775a58] Zlib_jll v1.2.11+9
  [2a0f44e3] Base64 
  [ade2ca70] Dates 
  [8bb1440f] DelimitedFiles 
  [8ba89e20] Distributed 
  [9fa8497b] Future 
  [b77e0a4c] InteractiveUtils 
  [76f85450] LibGit2 
  [8f399da3] Libdl 
  [37e2e46d] LinearAlgebra 
  [56ddb016] Logging 
  [d6f4376e] Markdown 
  [a63ad114] Mmap 
  [44cfe95a] Pkg 
  [de0858da] Printf 
  [3fa0cd96] REPL 
  [9a3f8284] Random 
  [ea8e919c] SHA 
  [9e88b42a] Serialization 
  [1a1011a3] SharedArrays 
  [6462fe0b] Sockets 
  [2f01184e] SparseArrays 
  [10745b16] Statistics 
  [4607b0f0] SuiteSparse 
  [8dfed614] Test 
  [cf7118a7] UUIDs 
  [4ec0a83e] Unicode 
┌ Warning: `values(wv::AbstractWeights)` is deprecated, use `convert(Vector, wv)` instead.
│   caller = nlreg(::Any, ::StatsModels.FormulaTerm, ::Distributions.Binomial{Float64}, ::GLM.LogitLink, ::StatsBase.CovarianceEstimator; weights::Nothing, subset::Nothing, start::Nothing, maxiter_center::Int64, maxiter::Int64, contrasts::Dict{Symbol,Any}, dof_add::Int64, save::Bool, method::Symbol, drop_singletons::Bool, double_precision::Bool, dev_tol::Float64, rho_tol::Float64, step_tol::Float64, center_tol::Float64, vcovformula::Nothing, subsetformula::Nothing, verbose::Bool) at fit.jl:247
└ @ GLFixedEffectModels ~/.julia/packages/GLFixedEffectModels/9xnNU/src/fit.jl:247
┌ Warning: `values(wv::AbstractWeights)` is deprecated, use `convert(Vector, wv)` instead.
│   caller = nlreg(::Any, ::StatsModels.FormulaTerm, ::Distributions.Binomial{Float64}, ::GLM.LogitLink, ::StatsBase.CovarianceEstimator; weights::Nothing, subset::Nothing, start::Nothing, maxiter_center::Int64, maxiter::Int64, contrasts::Dict{Symbol,Any}, dof_add::Int64, save::Bool, method::Symbol, drop_singletons::Bool, double_precision::Bool, dev_tol::Float64, rho_tol::Float64, step_tol::Float64, center_tol::Float64, vcovformula::Nothing, subsetformula::Nothing, verbose::Bool) at fit.jl:248
└ @ GLFixedEffectModels ~/.julia/packages/GLFixedEffectModels/9xnNU/src/fit.jl:248
[ Info: CUDAdrv.jl failed to initialize, GPU functionality unavailable (set JULIA_CUDA_SILENT or JULIA_CUDA_VERBOSE to silence or expand this message)
Running tests:
┌ Warning: `values(wv::AbstractWeights)` is deprecated, use `convert(Vector, wv)` instead.
│   caller = nlreg(::Any, ::FormulaTerm, ::Binomial{Float64}, ::LogitLink, ::CovarianceEstimator; weights::Nothing, subset::Nothing, start::Array{Float64,1}, maxiter_center::Int64, maxiter::Int64, contrasts::Dict{Symbol,Any}, dof_add::Int64, save::Bool, method::Symbol, drop_singletons::Bool, double_precision::Bool, dev_tol::Float64, rho_tol::Float64, step_tol::Float64, center_tol::Float64, vcovformula::Nothing, subsetformula::Nothing, verbose::Bool) at fit.jl:247
└ @ GLFixedEffectModels ~/.julia/packages/GLFixedEffectModels/9xnNU/src/fit.jl:247
┌ Warning: `values(wv::AbstractWeights)` is deprecated, use `convert(Vector, wv)` instead.
│   caller = nlreg(::Any, ::FormulaTerm, ::Binomial{Float64}, ::LogitLink, ::CovarianceEstimator; weights::Nothing, subset::Nothing, start::Array{Float64,1}, maxiter_center::Int64, maxiter::Int64, contrasts::Dict{Symbol,Any}, dof_add::Int64, save::Bool, method::Symbol, drop_singletons::Bool, double_precision::Bool, dev_tol::Float64, rho_tol::Float64, step_tol::Float64, center_tol::Float64, vcovformula::Nothing, subsetformula::Nothing, verbose::Bool) at fit.jl:248
└ @ GLFixedEffectModels ~/.julia/packages/GLFixedEffectModels/9xnNU/src/fit.jl:248
x =                Generalized Linear Fixed Effect Model               
===================================================================
Distribution:         "Binomial"   Link:                "LogitLink"
Number of obs:               150   Degrees of freedom:            7
Deviance:                 54.429   Iterations:                    8
Converged:                  true   
===================================================================
            Estimate Std.Error t value Pr(>|t|) Lower 95% Upper 95%
-------------------------------------------------------------------
SepalWidth   8.39277   1.97272 4.25442    0.000   4.52631   12.2592
===================================================================

┌ Warning: `values(wv::AbstractWeights)` is deprecated, use `convert(Vector, wv)` instead.
│   caller = nlreg(::Any, ::FormulaTerm, ::Binomial{Float64}, ::LogitLink, ::CovarianceEstimator; weights::Nothing, subset::Nothing, start::Array{Float64,1}, maxiter_center::Int64, maxiter::Int64, contrasts::Dict{Symbol,Any}, dof_add::Int64, save::Symbol, method::Symbol, drop_singletons::Bool, double_precision::Bool, dev_tol::Float64, rho_tol::Float64, step_tol::Float64, center_tol::Float64, vcovformula::Nothing, subsetformula::Nothing, verbose::Bool) at fit.jl:247
└ @ GLFixedEffectModels ~/.julia/packages/GLFixedEffectModels/9xnNU/src/fit.jl:247
┌ Warning: `values(wv::AbstractWeights)` is deprecated, use `convert(Vector, wv)` instead.
│   caller = nlreg(::Any, ::FormulaTerm, ::Binomial{Float64}, ::LogitLink, ::CovarianceEstimator; weights::Nothing, subset::Nothing, start::Array{Float64,1}, maxiter_center::Int64, maxiter::Int64, contrasts::Dict{Symbol,Any}, dof_add::Int64, save::Symbol, method::Symbol, drop_singletons::Bool, double_precision::Bool, dev_tol::Float64, rho_tol::Float64, step_tol::Float64, center_tol::Float64, vcovformula::Nothing, subsetformula::Nothing, verbose::Bool) at fit.jl:248
└ @ GLFixedEffectModels ~/.julia/packages/GLFixedEffectModels/9xnNU/src/fit.jl:248
┌ Warning: `values(wv::AbstractWeights)` is deprecated, use `convert(Vector, wv)` instead.
│   caller = nlreg(::Any, ::FormulaTerm, ::Poisson{Float64}, ::LogLink, ::CovarianceEstimator; weights::Nothing, subset::Nothing, start::Array{Float64,1}, maxiter_center::Int64, maxiter::Int64, contrasts::Dict{Symbol,Any}, dof_add::Int64, save::Bool, method::Symbol, drop_singletons::Bool, double_precision::Bool, dev_tol::Float64, rho_tol::Float64, step_tol::Float64, center_tol::Float64, vcovformula::Nothing, subsetformula::Nothing, verbose::Bool) at fit.jl:247
└ @ GLFixedEffectModels ~/.julia/packages/GLFixedEffectModels/9xnNU/src/fit.jl:247
┌ Warning: `values(wv::AbstractWeights)` is deprecated, use `convert(Vector, wv)` instead.
│   caller = nlreg(::Any, ::FormulaTerm, ::Poisson{Float64}, ::LogLink, ::CovarianceEstimator; weights::Nothing, subset::Nothing, start::Array{Float64,1}, maxiter_center::Int64, maxiter::Int64, contrasts::Dict{Symbol,Any}, dof_add::Int64, save::Bool, method::Symbol, drop_singletons::Bool, double_precision::Bool, dev_tol::Float64, rho_tol::Float64, step_tol::Float64, center_tol::Float64, vcovformula::Nothing, subsetformula::Nothing, verbose::Bool) at fit.jl:248
└ @ GLFixedEffectModels ~/.julia/packages/GLFixedEffectModels/9xnNU/src/fit.jl:248
	[1m[32mPASSED[0m: nlreg.jl
    Testing GLFixedEffectModels tests passed 
