Julia Version 1.4.0
Commit b8e9a9ecc6 (2020-03-21 16:36 UTC)
Platform Info:
  OS: Linux (x86_64-pc-linux-gnu)
  CPU: AMD Ryzen Threadripper 2990WX 32-Core Processor
  WORD_SIZE: 64
  LIBM: libopenlibm
  LLVM: libLLVM-8.0.1 (ORCJIT, znver1)
Environment:
  JULIA_DEPOT_PATH = ::/usr/local/share/julia
  JULIA_NUM_THREADS = 2

  Resolving package versions...
    Cloning [a79dbac3-5528-457e-b637-ec38aefb197a] GOF3R from https://github.com/beacon-biosignals/GOF3R.jl.git
[?25l    Fetching: [>                                        ]  0.0 %[2K[?25h  Installed GOF3R ─────── v0.1.0
    Cloning [9164d88c-a457-5bb2-a3b9-d66c3bc9d5df] s3gof3r_jll from https://github.com/JuliaBinaryWrappers/s3gof3r_jll.jl.git
[?25l    Fetching: [>                                        ]  0.0 %[2K[?25h  Installed s3gof3r_jll ─ v0.5.0+0
#=#=#                                                                         
curl: (22) The requested URL returned error: 401 UNAUTHORIZED
ERROR: Unable to automatically install 's3gof3r' from '/home/pkgeval/.julia/packages/s3gof3r_jll/pEDBY/Artifacts.toml'
Stacktrace:
 [1] error(::String) at ./error.jl:33
 [2] ensure_artifact_installed(::String, ::Dict{String,Any}, ::String; platform::Pkg.BinaryPlatforms.Platform, verbose::Bool, quiet_download::Bool) at /buildworker/worker/package_linux64/build/usr/share/julia/stdlib/v1.4/Pkg/src/Artifacts.jl:894
 [3] ensure_all_artifacts_installed(::String; platform::Pkg.BinaryPlatforms.Platform, pkg_uuid::Nothing, include_lazy::Bool, verbose::Bool, quiet_download::Bool) at /buildworker/worker/package_linux64/build/usr/share/julia/stdlib/v1.4/Pkg/src/Artifacts.jl:958
 [4] download_artifacts(::Pkg.Types.Context, ::Array{String,1}; platform::Pkg.BinaryPlatforms.Linux, verbose::Bool) at /buildworker/worker/package_linux64/build/usr/share/julia/stdlib/v1.4/Pkg/src/Operations.jl:609
 [5] download_artifacts(::Pkg.Types.Context, ::Array{Pkg.Types.PackageSpec,1}; platform::Pkg.BinaryPlatforms.Linux, verbose::Bool) at /buildworker/worker/package_linux64/build/usr/share/julia/stdlib/v1.4/Pkg/src/Operations.jl:588
 [6] add(::Pkg.Types.Context, ::Array{Pkg.Types.PackageSpec,1}, ::Array{Base.UUID,1}; preserve::Pkg.Types.PreserveLevel, platform::Pkg.BinaryPlatforms.Linux) at /buildworker/worker/package_linux64/build/usr/share/julia/stdlib/v1.4/Pkg/src/Operations.jl:1084
 [7] add(::Pkg.Types.Context, ::Array{Pkg.Types.PackageSpec,1}; preserve::Pkg.Types.PreserveLevel, platform::Pkg.BinaryPlatforms.Linux, kwargs::Base.Iterators.Pairs{Union{},Union{},Tuple{},NamedTuple{(),Tuple{}}}) at /buildworker/worker/package_linux64/build/usr/share/julia/stdlib/v1.4/Pkg/src/API.jl:159
 [8] add(::Pkg.Types.Context, ::Array{Pkg.Types.PackageSpec,1}) at /buildworker/worker/package_linux64/build/usr/share/julia/stdlib/v1.4/Pkg/src/API.jl:112
 [9] #add#27 at /buildworker/worker/package_linux64/build/usr/share/julia/stdlib/v1.4/Pkg/src/API.jl:109 [inlined]
 [10] add at /buildworker/worker/package_linux64/build/usr/share/julia/stdlib/v1.4/Pkg/src/API.jl:109 [inlined]
 [11] #add#24 at /buildworker/worker/package_linux64/build/usr/share/julia/stdlib/v1.4/Pkg/src/API.jl:107 [inlined]
 [12] add at /buildworker/worker/package_linux64/build/usr/share/julia/stdlib/v1.4/Pkg/src/API.jl:107 [inlined]
 [13] add(::String; kwargs::Base.Iterators.Pairs{Union{},Union{},Tuple{},NamedTuple{(),Tuple{}}}) at /buildworker/worker/package_linux64/build/usr/share/julia/stdlib/v1.4/Pkg/src/API.jl:106
 [14] add(::String) at /buildworker/worker/package_linux64/build/usr/share/julia/stdlib/v1.4/Pkg/src/API.jl:106
 [15] top-level scope at none:15
