Julia Version 1.4.0
Commit b8e9a9ecc6 (2020-03-21 16:36 UTC)
Platform Info:
  OS: Linux (x86_64-pc-linux-gnu)
  CPU: AMD Ryzen Threadripper 2990WX 32-Core Processor
  WORD_SIZE: 64
  LIBM: libopenlibm
  LLVM: libLLVM-8.0.1 (ORCJIT, znver1)
Environment:
  JULIA_DEPOT_PATH = ::/usr/local/share/julia
  JULIA_NUM_THREADS = 2

  Resolving package versions...
  Installed IniFile ───────── v0.5.0
  Installed Libz ──────────── v1.0.1
  Installed Compat ────────── v2.2.0
  Installed BufferedStreams ─ v1.0.0
  Installed GoogleCloud ───── v0.8.0
  Installed BinaryProvider ── v0.5.8
  Installed HTTP ──────────── v0.8.13
  Installed JSON ──────────── v0.21.0
  Installed Parsers ───────── v1.0.1
  Installed MsgPack ───────── v0.2.0
  Installed MbedTLS ───────── v0.7.0
   Updating `~/.julia/environments/v1.4/Project.toml`
  [55e21f81] + GoogleCloud v0.8.0
   Updating `~/.julia/environments/v1.4/Manifest.toml`
  [b99e7846] + BinaryProvider v0.5.8
  [e1450e63] + BufferedStreams v1.0.0
  [34da2185] + Compat v2.2.0
  [55e21f81] + GoogleCloud v0.8.0
  [cd3eb016] + HTTP v0.8.13
  [83e8ac13] + IniFile v0.5.0
  [682c06a0] + JSON v0.21.0
  [2ec943e9] + Libz v1.0.1
  [739be429] + MbedTLS v0.7.0
  [99f44e22] + MsgPack v0.2.0
  [69de0a69] + Parsers v1.0.1
  [2a0f44e3] + Base64 
  [ade2ca70] + Dates 
  [8bb1440f] + DelimitedFiles 
  [8ba89e20] + Distributed 
  [b77e0a4c] + InteractiveUtils 
  [76f85450] + LibGit2 
  [8f399da3] + Libdl 
  [37e2e46d] + LinearAlgebra 
  [56ddb016] + Logging 
  [d6f4376e] + Markdown 
  [a63ad114] + Mmap 
  [44cfe95a] + Pkg 
  [de0858da] + Printf 
  [3fa0cd96] + REPL 
  [9a3f8284] + Random 
  [ea8e919c] + SHA 
  [9e88b42a] + Serialization 
  [1a1011a3] + SharedArrays 
  [6462fe0b] + Sockets 
  [2f01184e] + SparseArrays 
  [10745b16] + Statistics 
  [8dfed614] + Test 
  [cf7118a7] + UUIDs 
  [4ec0a83e] + Unicode 
   Building MbedTLS → `~/.julia/packages/MbedTLS/a1JFn/deps/build.log`
┌ Error: Error building `MbedTLS`: 
│ ┌ Warning: platform_key() is deprecated, use platform_key_abi() from now on
│ │   caller = ip:0x0
│ └ @ Core :-1
│ [ Info: Downloading https://github.com/JuliaWeb/MbedTLSBuilder/releases/download/v0.17.0/MbedTLS.v2.16.0.x86_64-linux-gnu.tar.gz to /home/pkgeval/.julia/packages/MbedTLS/a1JFn/deps/usr/downloads/MbedTLS.v2.16.0.x86_64-linux-gnu.tar.gz...
│ ERROR: LoadError: Could not download https://github.com/JuliaWeb/MbedTLSBuilder/releases/download/v0.17.0/MbedTLS.v2.16.0.x86_64-linux-gnu.tar.gz to /home/pkgeval/.julia/packages/MbedTLS/a1JFn/deps/usr/downloads/MbedTLS.v2.16.0.x86_64-linux-gnu.tar.gz:
│ ErrorException("")
│ Stacktrace:
│  [1] error(::String) at ./error.jl:33
│  [2] download(::String, ::String; verbose::Bool) at /home/pkgeval/.julia/packages/BinaryProvider/kcGxO/src/PlatformEngines.jl:502
│  [3] download_verify(::String, ::String, ::String; verbose::Bool, force::Bool, quiet_download::Bool) at /home/pkgeval/.julia/packages/BinaryProvider/kcGxO/src/PlatformEngines.jl:571
│  [4] install(::String, ::String; prefix::Prefix, tarball_path::String, force::Bool, ignore_platform::Bool, verbose::Bool) at /home/pkgeval/.julia/packages/BinaryProvider/kcGxO/src/Prefix.jl:314
│  [5] top-level scope at /home/pkgeval/.julia/packages/MbedTLS/a1JFn/deps/build.jl:48
│  [6] include(::String) at ./client.jl:439
│  [7] top-level scope at none:5
│ in expression starting at /home/pkgeval/.julia/packages/MbedTLS/a1JFn/deps/build.jl:44
│ caused by [exception 1]
│ 
│ Stacktrace:
│  [1] error() at ./error.jl:42
│  [2] download(::String, ::String; verbose::Bool) at /home/pkgeval/.julia/packages/BinaryProvider/kcGxO/src/PlatformEngines.jl:496
│  [3] download_verify(::String, ::String, ::String; verbose::Bool, force::Bool, quiet_download::Bool) at /home/pkgeval/.julia/packages/BinaryProvider/kcGxO/src/PlatformEngines.jl:571
│  [4] install(::String, ::String; prefix::Prefix, tarball_path::String, force::Bool, ignore_platform::Bool, verbose::Bool) at /home/pkgeval/.julia/packages/BinaryProvider/kcGxO/src/Prefix.jl:314
│  [5] top-level scope at /home/pkgeval/.julia/packages/MbedTLS/a1JFn/deps/build.jl:48
│  [6] include(::String) at ./client.jl:439
│  [7] top-level scope at none:5
│ [15:19:42] #=#=#                                                                         [15:19:42] [15:19:42] ######################################################################## 100.0%##O#- #                                                                       [15:19:43] ##=O#- #                                                                      [15:19:43] #-#O=#  #                                                                     [15:19:44]  #=#=-#   #                                                                   [15:19:44]  -#O#-  #   #                                                                 [15:19:45]  -=#=-#  #    #                                                               [15:19:46]  -=O#- #   #   #                                                              [15:19:48] [15:19:48] #                                                                          1.6%[15:19:50] #                                                                          1.6%[15:19:51] ##                                                                         3.2%[15:24:51] ##                                                                         3.3%[15:24:52] ###                                                                        4.9%[15:24:55] ###                                                                        5.0%
│ [15:24:55] curl: (56) OpenSSL SSL_read: SSL_ERROR_SYSCALL, errno 104
└ @ Pkg.Operations /buildworker/worker/package_linux64/build/usr/share/julia/stdlib/v1.4/Pkg/src/Operations.jl:892
    Testing GoogleCloud
Status `/tmp/jl_n1f9sT/Manifest.toml`
  [b99e7846] BinaryProvider v0.5.8
  [e1450e63] BufferedStreams v1.0.0
  [34da2185] Compat v2.2.0
  [55e21f81] GoogleCloud v0.8.0
  [cd3eb016] HTTP v0.8.13
  [83e8ac13] IniFile v0.5.0
  [682c06a0] JSON v0.21.0
  [2ec943e9] Libz v1.0.1
  [739be429] MbedTLS v0.7.0
  [99f44e22] MsgPack v0.2.0
  [69de0a69] Parsers v1.0.1
  [2a0f44e3] Base64 
  [ade2ca70] Dates 
  [8bb1440f] DelimitedFiles 
  [8ba89e20] Distributed 
  [b77e0a4c] InteractiveUtils 
  [76f85450] LibGit2 
  [8f399da3] Libdl 
  [37e2e46d] LinearAlgebra 
  [56ddb016] Logging 
  [d6f4376e] Markdown 
  [a63ad114] Mmap 
  [44cfe95a] Pkg 
  [de0858da] Printf 
  [3fa0cd96] REPL 
  [9a3f8284] Random 
  [ea8e919c] SHA 
  [9e88b42a] Serialization 
  [1a1011a3] SharedArrays 
  [6462fe0b] Sockets 
  [2f01184e] SparseArrays 
  [10745b16] Statistics 
  [8dfed614] Test 
  [cf7118a7] UUIDs 
  [4ec0a83e] Unicode 
ERROR: LoadError: MbedTLS not installed properly, run Pkg.build("MbedTLS"), restart Julia and try again
Stacktrace:
 [1] error(::String) at ./error.jl:33
 [2] top-level scope at /home/pkgeval/.julia/packages/MbedTLS/a1JFn/src/MbedTLS.jl:43
 [3] include(::Module, ::String) at ./Base.jl:377
 [4] top-level scope at none:2
 [5] eval at ./boot.jl:331 [inlined]
 [6] eval(::Expr) at ./client.jl:449
 [7] top-level scope at ./none:3
in expression starting at /home/pkgeval/.julia/packages/MbedTLS/a1JFn/src/MbedTLS.jl:42
ERROR: LoadError: LoadError: Failed to precompile MbedTLS [739be429-bea8-5141-9913-cc70e7f3736d] to /home/pkgeval/.julia/compiled/v1.4/MbedTLS/bf9T0_GFh9A.ji.
Stacktrace:
 [1] error(::String) at ./error.jl:33
 [2] compilecache(::Base.PkgId, ::String) at ./loading.jl:1272
 [3] _require(::Base.PkgId) at ./loading.jl:1029
 [4] require(::Base.PkgId) at ./loading.jl:927
 [5] require(::Module, ::Symbol) at ./loading.jl:922
 [6] include(::Module, ::String) at ./Base.jl:377
 [7] include(::String) at /home/pkgeval/.julia/packages/GoogleCloud/iYFdL/src/GoogleCloud.jl:4
 [8] top-level scope at /home/pkgeval/.julia/packages/GoogleCloud/iYFdL/src/GoogleCloud.jl:17
 [9] include(::Module, ::String) at ./Base.jl:377
 [10] top-level scope at none:2
 [11] eval at ./boot.jl:331 [inlined]
 [12] eval(::Expr) at ./client.jl:449
 [13] top-level scope at ./none:3
in expression starting at /home/pkgeval/.julia/packages/GoogleCloud/iYFdL/src/credentials.jl:10
in expression starting at /home/pkgeval/.julia/packages/GoogleCloud/iYFdL/src/GoogleCloud.jl:17
ERROR: LoadError: Failed to precompile GoogleCloud [55e21f81-8b0a-565e-b5ad-6816892a5ee7] to /home/pkgeval/.julia/compiled/v1.4/GoogleCloud/hPIVO_GFh9A.ji.
Stacktrace:
 [1] error(::String) at ./error.jl:33
 [2] compilecache(::Base.PkgId, ::String) at ./loading.jl:1272
 [3] _require(::Base.PkgId) at ./loading.jl:1029
 [4] require(::Base.PkgId) at ./loading.jl:927
 [5] require(::Module, ::Symbol) at ./loading.jl:922
 [6] include(::String) at ./client.jl:439
 [7] top-level scope at none:6
in expression starting at /home/pkgeval/.julia/packages/GoogleCloud/iYFdL/test/runtests.jl:1
ERROR: Package GoogleCloud errored during testing
Stacktrace:
 [1] pkgerror(::String, ::Vararg{String,N} where N) at /buildworker/worker/package_linux64/build/usr/share/julia/stdlib/v1.4/Pkg/src/Types.jl:53
 [2] test(::Pkg.Types.Context, ::Array{Pkg.Types.PackageSpec,1}; coverage::Bool, julia_args::Cmd, test_args::Cmd, test_fn::Nothing) at /buildworker/worker/package_linux64/build/usr/share/julia/stdlib/v1.4/Pkg/src/Operations.jl:1503
 [3] test(::Pkg.Types.Context, ::Array{Pkg.Types.PackageSpec,1}; coverage::Bool, test_fn::Nothing, julia_args::Cmd, test_args::Cmd, kwargs::Base.Iterators.Pairs{Union{},Union{},Tuple{},NamedTuple{(),Tuple{}}}) at /buildworker/worker/package_linux64/build/usr/share/julia/stdlib/v1.4/Pkg/src/API.jl:316
 [4] test(::Pkg.Types.Context, ::Array{Pkg.Types.PackageSpec,1}) at /buildworker/worker/package_linux64/build/usr/share/julia/stdlib/v1.4/Pkg/src/API.jl:303
 [5] #test#68 at /buildworker/worker/package_linux64/build/usr/share/julia/stdlib/v1.4/Pkg/src/API.jl:297 [inlined]
 [6] test at /buildworker/worker/package_linux64/build/usr/share/julia/stdlib/v1.4/Pkg/src/API.jl:297 [inlined]
 [7] #test#67 at /buildworker/worker/package_linux64/build/usr/share/julia/stdlib/v1.4/Pkg/src/API.jl:296 [inlined]
 [8] test at /buildworker/worker/package_linux64/build/usr/share/julia/stdlib/v1.4/Pkg/src/API.jl:296 [inlined]
 [9] test(::String; kwargs::Base.Iterators.Pairs{Union{},Union{},Tuple{},NamedTuple{(),Tuple{}}}) at /buildworker/worker/package_linux64/build/usr/share/julia/stdlib/v1.4/Pkg/src/API.jl:295
 [10] test(::String) at /buildworker/worker/package_linux64/build/usr/share/julia/stdlib/v1.4/Pkg/src/API.jl:295
 [11] top-level scope at none:16
