Julia Version 1.4.0
Commit b8e9a9ecc6 (2020-03-21 16:36 UTC)
Platform Info:
  OS: Linux (x86_64-pc-linux-gnu)
  CPU: AMD Ryzen Threadripper 2990WX 32-Core Processor
  WORD_SIZE: 64
  LIBM: libopenlibm
  LLVM: libLLVM-8.0.1 (ORCJIT, znver1)
Environment:
  JULIA_DEPOT_PATH = ::/usr/local/share/julia
  JULIA_NUM_THREADS = 2

  Resolving package versions...
  Installed Missings ─────────── v0.4.3
  Installed Graph500 ─────────── v0.1.0
  Installed DataAPI ──────────── v1.1.0
  Installed SortingAlgorithms ── v0.3.1
  Installed StaticArrays ─────── v0.12.1
  Installed ArnoldiMethod ────── v0.0.4
  Installed DataStructures ───── v0.17.11
  Installed LightGraphs ──────── v1.3.1
  Installed OrderedCollections ─ v1.1.0
  Installed SimpleTraits ─────── v0.9.1
  Installed Inflate ──────────── v0.1.2
  Installed MacroTools ───────── v0.5.5
  Installed StatsBase ────────── v0.33.0
  Installed ProgressMeter ────── v0.9.0
   Updating `~/.julia/environments/v1.4/Project.toml`
  [1ba61846] + Graph500 v0.1.0
   Updating `~/.julia/environments/v1.4/Manifest.toml`
  [ec485272] + ArnoldiMethod v0.0.4
  [9a962f9c] + DataAPI v1.1.0
  [864edb3b] + DataStructures v0.17.11
  [1ba61846] + Graph500 v0.1.0
  [d25df0c9] + Inflate v0.1.2
  [093fc24a] + LightGraphs v1.3.1
  [1914dd2f] + MacroTools v0.5.5
  [e1d29d7a] + Missings v0.4.3
  [bac558e1] + OrderedCollections v1.1.0
  [92933f4c] + ProgressMeter v0.9.0
  [699a6c99] + SimpleTraits v0.9.1
  [a2af1166] + SortingAlgorithms v0.3.1
  [90137ffa] + StaticArrays v0.12.1
  [2913bbd2] + StatsBase v0.33.0
  [2a0f44e3] + Base64 
  [8bb1440f] + DelimitedFiles 
  [8ba89e20] + Distributed 
  [b77e0a4c] + InteractiveUtils 
  [8f399da3] + Libdl 
  [37e2e46d] + LinearAlgebra 
  [56ddb016] + Logging 
  [d6f4376e] + Markdown 
  [a63ad114] + Mmap 
  [de0858da] + Printf 
  [9a3f8284] + Random 
  [9e88b42a] + Serialization 
  [1a1011a3] + SharedArrays 
  [6462fe0b] + Sockets 
  [2f01184e] + SparseArrays 
  [10745b16] + Statistics 
  [8dfed614] + Test 
  [4ec0a83e] + Unicode 
    Testing Graph500
Status `/tmp/jl_osi9mM/Manifest.toml`
  [ec485272] ArnoldiMethod v0.0.4
  [9a962f9c] DataAPI v1.1.0
  [864edb3b] DataStructures v0.17.11
  [1ba61846] Graph500 v0.1.0
  [d25df0c9] Inflate v0.1.2
  [093fc24a] LightGraphs v1.3.1
  [1914dd2f] MacroTools v0.5.5
  [e1d29d7a] Missings v0.4.3
  [bac558e1] OrderedCollections v1.1.0
  [92933f4c] ProgressMeter v0.9.0
  [699a6c99] SimpleTraits v0.9.1
  [a2af1166] SortingAlgorithms v0.3.1
  [90137ffa] StaticArrays v0.12.1
  [2913bbd2] StatsBase v0.33.0
  [2a0f44e3] Base64 
  [8bb1440f] DelimitedFiles 
  [8ba89e20] Distributed 
  [b77e0a4c] InteractiveUtils 
  [8f399da3] Libdl 
  [37e2e46d] LinearAlgebra 
  [56ddb016] Logging 
  [d6f4376e] Markdown 
  [a63ad114] Mmap 
  [de0858da] Printf 
  [9a3f8284] Random 
  [9e88b42a] Serialization 
  [1a1011a3] SharedArrays 
  [6462fe0b] Sockets 
  [2f01184e] SparseArrays 
  [10745b16] Statistics 
  [8dfed614] Test 
  [4ec0a83e] Unicode 
kernel_1: Test Failed at /home/pkgeval/.julia/packages/Graph500/fBDvZ/test/kernel_1.jl:6
  Expression: nv(g) == 4
   Evaluated: 0x03 == 4
Stacktrace:
 [1] top-level scope at /home/pkgeval/.julia/packages/Graph500/fBDvZ/test/kernel_1.jl:6
 [2] top-level scope at /buildworker/worker/package_linux64/build/usr/share/julia/stdlib/v1.4/Test/src/Test.jl:1113
 [3] top-level scope at /home/pkgeval/.julia/packages/Graph500/fBDvZ/test/kernel_1.jl:2
Generating graph.
Starting Kernel 1.

[32mBenchmark Info[39m
Scale : 4
Number of vertices : 15
Number of Edges : 18
Number of Bfs : 11


[32mGraph construction time[39m
Graph Construction Time : 1.6762e-5


[32mBFS time statistics[39m
BFS min time : 1.102e-6
BFS first quartile time : 1.3025e-6
BFS median time : 1.453e-6
BFS third quartile time : 2.1045e-6
BFS max time : 1.2494e-5
BFS mean time : 3.332e-6
BFS standard deviation time : 4.116380716114582e-6


[32mEdges traversed per BFS statistics[39m
BFS min nedge : 29.5
BFS first quartile nedge : 31.25
BFS median nedge : 33.5
BFS third quartile nedge : 37.0
BFS max nedge : 47.5
BFS mean nedge : 34.90909090909091
BFS standard deviation nedge : 5.1711612903591675


[32mEdges traversed per second statistics[39m
BFS min TEPS : 2.361133344005123e6
BFS first quartile TEPS : 1.95644042459514e7
BFS median TEPS : 2.225412778176597e7
BFS third quartile TEPS : 2.8006285089094765e7
BFS max TEPS : 3.1302876480541453e7
BFS harmonic mean TEPS : 9.67860785470581e6
BFS harmonic standard deviation TEPS : 4.1125764129555034e6


[32mBenchmark Info[39m
Scale : 4
Number of vertices : 15
Number of Edges : 18
Number of Bfs : 11


[32mGraph construction time[39m
Graph Construction Time : 1.6762e-5


[32mBFS time statistics[39m
BFS min time : 1.102e-6
BFS first quartile time : 1.3025e-6
BFS median time : 1.453e-6
BFS third quartile time : 2.1045e-6
BFS max time : 1.2494e-5
BFS mean time : 3.332e-6
BFS standard deviation time : 4.116380716114582e-6


[32mEdges traversed per BFS statistics[39m
BFS min nedge : 29.5
BFS first quartile nedge : 31.25
BFS median nedge : 33.5
BFS third quartile nedge : 37.0
BFS max nedge : 47.5
BFS mean nedge : 34.90909090909091
BFS standard deviation nedge : 5.1711612903591675


[32mEdges traversed per second statistics[39m
BFS min TEPS : 2.361133344005123e6
BFS first quartile TEPS : 1.95644042459514e7
BFS median TEPS : 2.225412778176597e7
BFS third quartile TEPS : 2.8006285089094765e7
BFS max TEPS : 3.1302876480541453e7
BFS harmonic mean TEPS : 9.67860785470581e6
BFS harmonic standard deviation TEPS : 4.1125764129555034e6

Generating graph.
Starting Kernel 1.

[32mBenchmark Info[39m
Scale : 4
Number of vertices : 16
Number of Edges : 17
Number of Bfs : 12


[32mGraph construction time[39m
Graph Construction Time : 1.563e-5


[32mBFS time statistics[39m
BFS min time : 1.062e-6
BFS first quartile time : 1.2995e-6
BFS median time : 1.4125e-6
BFS third quartile time : 1.5355e-6
BFS max time : 4.388e-6
BFS mean time : 1.617916666666667e-6
BFS standard deviation time : 8.893379006402187e-7


[32mEdges traversed per BFS statistics[39m
BFS min nedge : 29.5
BFS first quartile nedge : 29.875
BFS median nedge : 31.75
BFS third quartile nedge : 35.0
BFS max nedge : 43.5
BFS mean nedge : 33.083333333333336
BFS standard deviation nedge : 4.138693982259123


[32mEdges traversed per second statistics[39m
BFS min TEPS : 9.913400182315405e6
BFS first quartile TEPS : 2.0417747770368923e7
BFS median TEPS : 2.250054632610932e7
BFS third quartile TEPS : 2.5600862335786503e7
BFS max TEPS : 3.2485875706214692e7
BFS harmonic mean TEPS : 2.100091963662314e7
BFS harmonic standard deviation TEPS : 2.3859829168553534e6

Test Summary:         | Pass  Fail  Total
test set              |   15     1     16
  kronecker_generator |    4            4
  kernel_1            |    2     1      3
  kernel_2            |    3            3
  validations         |    4            4
  output              |             No tests
  driver              |    2            2
ERROR: LoadError: Some tests did not pass: 15 passed, 1 failed, 0 errored, 0 broken.
in expression starting at /home/pkgeval/.julia/packages/Graph500/fBDvZ/test/runtests.jl:4
ERROR: Package Graph500 errored during testing
Stacktrace:
 [1] pkgerror(::String, ::Vararg{String,N} where N) at /buildworker/worker/package_linux64/build/usr/share/julia/stdlib/v1.4/Pkg/src/Types.jl:53
 [2] test(::Pkg.Types.Context, ::Array{Pkg.Types.PackageSpec,1}; coverage::Bool, julia_args::Cmd, test_args::Cmd, test_fn::Nothing) at /buildworker/worker/package_linux64/build/usr/share/julia/stdlib/v1.4/Pkg/src/Operations.jl:1503
 [3] test(::Pkg.Types.Context, ::Array{Pkg.Types.PackageSpec,1}; coverage::Bool, test_fn::Nothing, julia_args::Cmd, test_args::Cmd, kwargs::Base.Iterators.Pairs{Union{},Union{},Tuple{},NamedTuple{(),Tuple{}}}) at /buildworker/worker/package_linux64/build/usr/share/julia/stdlib/v1.4/Pkg/src/API.jl:316
 [4] test(::Pkg.Types.Context, ::Array{Pkg.Types.PackageSpec,1}) at /buildworker/worker/package_linux64/build/usr/share/julia/stdlib/v1.4/Pkg/src/API.jl:303
 [5] #test#68 at /buildworker/worker/package_linux64/build/usr/share/julia/stdlib/v1.4/Pkg/src/API.jl:297 [inlined]
 [6] test at /buildworker/worker/package_linux64/build/usr/share/julia/stdlib/v1.4/Pkg/src/API.jl:297 [inlined]
 [7] #test#67 at /buildworker/worker/package_linux64/build/usr/share/julia/stdlib/v1.4/Pkg/src/API.jl:296 [inlined]
 [8] test at /buildworker/worker/package_linux64/build/usr/share/julia/stdlib/v1.4/Pkg/src/API.jl:296 [inlined]
 [9] test(::String; kwargs::Base.Iterators.Pairs{Union{},Union{},Tuple{},NamedTuple{(),Tuple{}}}) at /buildworker/worker/package_linux64/build/usr/share/julia/stdlib/v1.4/Pkg/src/API.jl:295
 [10] test(::String) at /buildworker/worker/package_linux64/build/usr/share/julia/stdlib/v1.4/Pkg/src/API.jl:295
 [11] top-level scope at none:16
