Julia Version 1.3.1
Commit 2d5741174c (2019-12-30 21:36 UTC)
Platform Info:
  OS: Linux (x86_64-pc-linux-gnu)
  CPU: AMD Ryzen Threadripper 2990WX 32-Core Processor
  WORD_SIZE: 64
  LIBM: libopenlibm
  LLVM: libLLVM-6.0.1 (ORCJIT, znver1)
Environment:
  JULIA_DEPOT_PATH = ::/usr/local/share/julia
  JULIA_NUM_THREADS = 2

 Resolving package versions...
 Installed DataAPI ──────────── v1.1.0
 Installed Graph500 ─────────── v0.1.0
 Installed ProgressMeter ────── v0.9.0
 Installed OrderedCollections ─ v1.1.0
 Installed ArnoldiMethod ────── v0.0.4
 Installed StaticArrays ─────── v0.12.1
 Installed StatsBase ────────── v0.32.2
 Installed LightGraphs ──────── v1.3.1
 Installed SimpleTraits ─────── v0.9.1
 Installed SortingAlgorithms ── v0.3.1
 Installed Missings ─────────── v0.4.3
 Installed Inflate ──────────── v0.1.1
 Installed MacroTools ───────── v0.5.4
 Installed DataStructures ───── v0.17.10
  Updating `~/.julia/environments/v1.3/Project.toml`
  [1ba61846] + Graph500 v0.1.0
  Updating `~/.julia/environments/v1.3/Manifest.toml`
  [ec485272] + ArnoldiMethod v0.0.4
  [9a962f9c] + DataAPI v1.1.0
  [864edb3b] + DataStructures v0.17.10
  [1ba61846] + Graph500 v0.1.0
  [d25df0c9] + Inflate v0.1.1
  [093fc24a] + LightGraphs v1.3.1
  [1914dd2f] + MacroTools v0.5.4
  [e1d29d7a] + Missings v0.4.3
  [bac558e1] + OrderedCollections v1.1.0
  [92933f4c] + ProgressMeter v0.9.0
  [699a6c99] + SimpleTraits v0.9.1
  [a2af1166] + SortingAlgorithms v0.3.1
  [90137ffa] + StaticArrays v0.12.1
  [2913bbd2] + StatsBase v0.32.2
  [2a0f44e3] + Base64 
  [ade2ca70] + Dates 
  [8bb1440f] + DelimitedFiles 
  [8ba89e20] + Distributed 
  [b77e0a4c] + InteractiveUtils 
  [76f85450] + LibGit2 
  [8f399da3] + Libdl 
  [37e2e46d] + LinearAlgebra 
  [56ddb016] + Logging 
  [d6f4376e] + Markdown 
  [a63ad114] + Mmap 
  [44cfe95a] + Pkg 
  [de0858da] + Printf 
  [3fa0cd96] + REPL 
  [9a3f8284] + Random 
  [ea8e919c] + SHA 
  [9e88b42a] + Serialization 
  [1a1011a3] + SharedArrays 
  [6462fe0b] + Sockets 
  [2f01184e] + SparseArrays 
  [10745b16] + Statistics 
  [8dfed614] + Test 
  [cf7118a7] + UUIDs 
  [4ec0a83e] + Unicode 
   Testing Graph500
    Status `/tmp/jl_Lw24VP/Manifest.toml`
  [ec485272] ArnoldiMethod v0.0.4
  [9a962f9c] DataAPI v1.1.0
  [864edb3b] DataStructures v0.17.10
  [1ba61846] Graph500 v0.1.0
  [d25df0c9] Inflate v0.1.1
  [093fc24a] LightGraphs v1.3.1
  [1914dd2f] MacroTools v0.5.4
  [e1d29d7a] Missings v0.4.3
  [bac558e1] OrderedCollections v1.1.0
  [92933f4c] ProgressMeter v0.9.0
  [699a6c99] SimpleTraits v0.9.1
  [a2af1166] SortingAlgorithms v0.3.1
  [90137ffa] StaticArrays v0.12.1
  [2913bbd2] StatsBase v0.32.2
  [2a0f44e3] Base64  [`@stdlib/Base64`]
  [ade2ca70] Dates  [`@stdlib/Dates`]
  [8bb1440f] DelimitedFiles  [`@stdlib/DelimitedFiles`]
  [8ba89e20] Distributed  [`@stdlib/Distributed`]
  [b77e0a4c] InteractiveUtils  [`@stdlib/InteractiveUtils`]
  [76f85450] LibGit2  [`@stdlib/LibGit2`]
  [8f399da3] Libdl  [`@stdlib/Libdl`]
  [37e2e46d] LinearAlgebra  [`@stdlib/LinearAlgebra`]
  [56ddb016] Logging  [`@stdlib/Logging`]
  [d6f4376e] Markdown  [`@stdlib/Markdown`]
  [a63ad114] Mmap  [`@stdlib/Mmap`]
  [44cfe95a] Pkg  [`@stdlib/Pkg`]
  [de0858da] Printf  [`@stdlib/Printf`]
  [3fa0cd96] REPL  [`@stdlib/REPL`]
  [9a3f8284] Random  [`@stdlib/Random`]
  [ea8e919c] SHA  [`@stdlib/SHA`]
  [9e88b42a] Serialization  [`@stdlib/Serialization`]
  [1a1011a3] SharedArrays  [`@stdlib/SharedArrays`]
  [6462fe0b] Sockets  [`@stdlib/Sockets`]
  [2f01184e] SparseArrays  [`@stdlib/SparseArrays`]
  [10745b16] Statistics  [`@stdlib/Statistics`]
  [8dfed614] Test  [`@stdlib/Test`]
  [cf7118a7] UUIDs  [`@stdlib/UUIDs`]
  [4ec0a83e] Unicode  [`@stdlib/Unicode`]
kernel_1: Test Failed at /home/pkgeval/.julia/packages/Graph500/fBDvZ/test/kernel_1.jl:6
  Expression: nv(g) == 4
   Evaluated: 0x03 == 4
Stacktrace:
 [1] top-level scope at /home/pkgeval/.julia/packages/Graph500/fBDvZ/test/kernel_1.jl:6
 [2] top-level scope at /buildworker/worker/package_linux64/build/usr/share/julia/stdlib/v1.3/Test/src/Test.jl:1107
 [3] top-level scope at /home/pkgeval/.julia/packages/Graph500/fBDvZ/test/kernel_1.jl:2
Generating graph.
Starting Kernel 1.

[32mBenchmark Info[39m
Scale : 4
Number of vertices : 16
Number of Edges : 18
Number of Bfs : 13


[32mGraph construction time[39m
Graph Construction Time : 2.4667e-5


[32mBFS time statistics[39m
BFS min time : 1.744e-6
BFS first quartile time : 2.435e-6
BFS median time : 2.745e-6
BFS third quartile time : 2.906e-6
BFS max time : 2.2443e-5
BFS mean time : 4.690461538461539e-6
BFS standard deviation time : 5.772050511089114e-6


[32mEdges traversed per BFS statistics[39m
BFS min nedge : 32.5
BFS first quartile nedge : 37.0
BFS median nedge : 38.0
BFS third quartile nedge : 40.5
BFS max nedge : 51.0
BFS mean nedge : 38.80769230769231
BFS standard deviation nedge : 4.926706394482616


[32mEdges traversed per second statistics[39m
BFS min TEPS : 1.4703916588691352e6
BFS first quartile TEPS : 1.3051146384479718e7
BFS median TEPS : 1.436672967863894e7
BFS third quartile TEPS : 1.6632443531827515e7
BFS max TEPS : 2.4655963302752294e7
BFS harmonic mean TEPS : 7.776460394466909e6
BFS harmonic standard deviation TEPS : 3.058240775276635e6


[32mBenchmark Info[39m
Scale : 4
Number of vertices : 16
Number of Edges : 18
Number of Bfs : 13


[32mGraph construction time[39m
Graph Construction Time : 2.4667e-5


[32mBFS time statistics[39m
BFS min time : 1.744e-6
BFS first quartile time : 2.435e-6
BFS median time : 2.745e-6
BFS third quartile time : 2.906e-6
BFS max time : 2.2443e-5
BFS mean time : 4.690461538461539e-6
BFS standard deviation time : 5.772050511089114e-6


[32mEdges traversed per BFS statistics[39m
BFS min nedge : 32.5
BFS first quartile nedge : 37.0
BFS median nedge : 38.0
BFS third quartile nedge : 40.5
BFS max nedge : 51.0
BFS mean nedge : 38.80769230769231
BFS standard deviation nedge : 4.926706394482616


[32mEdges traversed per second statistics[39m
BFS min TEPS : 1.4703916588691352e6
BFS first quartile TEPS : 1.3051146384479718e7
BFS median TEPS : 1.436672967863894e7
BFS third quartile TEPS : 1.6632443531827515e7
BFS max TEPS : 2.4655963302752294e7
BFS harmonic mean TEPS : 7.776460394466909e6
BFS harmonic standard deviation TEPS : 3.058240775276635e6

Generating graph.
Starting Kernel 1.

[32mBenchmark Info[39m
Scale : 4
Number of vertices : 16
Number of Edges : 18
Number of Bfs : 12


[32mGraph construction time[39m
Graph Construction Time : 1.9417e-5


[32mBFS time statistics[39m
BFS min time : 1.022e-6
BFS first quartile time : 2.00375e-6
BFS median time : 2.1295e-6
BFS third quartile time : 2.655e-6
BFS max time : 5.34e-6
BFS mean time : 2.4805833333333333e-6
BFS standard deviation time : 1.191189814531011e-6


[32mEdges traversed per BFS statistics[39m
BFS min nedge : 1.0
BFS first quartile nedge : 23.0
BFS median nedge : 25.5
BFS third quartile nedge : 27.0
BFS max nedge : 33.0
BFS mean nedge : 21.916666666666668
BFS standard deviation nedge : 10.126098892854978


[32mEdges traversed per second statistics[39m
BFS min TEPS : 805152.9790660226
BFS first quartile TEPS : 6.0874886635784535e6
BFS median TEPS : 9.477837378389865e6
BFS third quartile TEPS : 1.2623763496074177e7
BFS max TEPS : 1.6725798276735935e7
BFS harmonic mean TEPS : 3.6012974795099176e6
BFS harmonic standard deviation TEPS : 1.5791120651543047e6

Test Summary:         | Pass  Fail  Total
test set              |   15     1     16
  kronecker_generator |    4            4
  kernel_1            |    2     1      3
  kernel_2            |    3            3
  validations         |    4            4
  output              |             No tests
  driver              |    2            2
ERROR: LoadError: Some tests did not pass: 15 passed, 1 failed, 0 errored, 0 broken.
in expression starting at /home/pkgeval/.julia/packages/Graph500/fBDvZ/test/runtests.jl:4
ERROR: Package Graph500 errored during testing
Stacktrace:
 [1] pkgerror(::String, ::Vararg{String,N} where N) at /buildworker/worker/package_linux64/build/usr/share/julia/stdlib/v1.3/Pkg/src/Types.jl:113
 [2] #test#131(::Bool, ::Nothing, ::Cmd, ::Cmd, ::typeof(Pkg.Operations.test), ::Pkg.Types.Context, ::Array{Pkg.Types.PackageSpec,1}) at /buildworker/worker/package_linux64/build/usr/share/julia/stdlib/v1.3/Pkg/src/Operations.jl:1372
 [3] #test at ./none:0 [inlined]
 [4] #test#62(::Bool, ::Nothing, ::Cmd, ::Cmd, ::Base.Iterators.Pairs{Union{},Union{},Tuple{},NamedTuple{(),Tuple{}}}, ::typeof(Pkg.API.test), ::Pkg.Types.Context, ::Array{Pkg.Types.PackageSpec,1}) at /buildworker/worker/package_linux64/build/usr/share/julia/stdlib/v1.3/Pkg/src/API.jl:253
 [5] test(::Pkg.Types.Context, ::Array{Pkg.Types.PackageSpec,1}) at /buildworker/worker/package_linux64/build/usr/share/julia/stdlib/v1.3/Pkg/src/API.jl:239
 [6] #test#61 at /buildworker/worker/package_linux64/build/usr/share/julia/stdlib/v1.3/Pkg/src/API.jl:233 [inlined]
 [7] test at /buildworker/worker/package_linux64/build/usr/share/julia/stdlib/v1.3/Pkg/src/API.jl:233 [inlined]
 [8] #test#60 at /buildworker/worker/package_linux64/build/usr/share/julia/stdlib/v1.3/Pkg/src/API.jl:232 [inlined]
 [9] test at /buildworker/worker/package_linux64/build/usr/share/julia/stdlib/v1.3/Pkg/src/API.jl:232 [inlined]
 [10] #test#59(::Base.Iterators.Pairs{Union{},Union{},Tuple{},NamedTuple{(),Tuple{}}}, ::typeof(Pkg.API.test), ::String) at /buildworker/worker/package_linux64/build/usr/share/julia/stdlib/v1.3/Pkg/src/API.jl:231
 [11] test(::String) at /buildworker/worker/package_linux64/build/usr/share/julia/stdlib/v1.3/Pkg/src/API.jl:231
 [12] top-level scope at none:13
