Julia Version 1.4.0
Commit b8e9a9ecc6 (2020-03-21 16:36 UTC)
Platform Info:
  OS: Linux (x86_64-pc-linux-gnu)
  CPU: AMD Ryzen Threadripper 2990WX 32-Core Processor
  WORD_SIZE: 64
  LIBM: libopenlibm
  LLVM: libLLVM-8.0.1 (ORCJIT, znver1)
Environment:
  JULIA_DEPOT_PATH = ::/usr/local/share/julia
  JULIA_NUM_THREADS = 2

  Resolving package versions...
  Installed DataAPI ──────────── v1.1.0
  Installed Missings ─────────── v0.4.3
  Installed SortingAlgorithms ── v0.3.1
  Installed ArnoldiMethod ────── v0.0.4
  Installed StaticArrays ─────── v0.12.1
  Installed DataStructures ───── v0.17.11
  Installed Graph500 ─────────── v0.1.0
  Installed LightGraphs ──────── v1.3.1
  Installed Inflate ──────────── v0.1.2
  Installed MacroTools ───────── v0.5.5
  Installed OrderedCollections ─ v1.1.0
  Installed SimpleTraits ─────── v0.9.1
  Installed StatsBase ────────── v0.33.0
  Installed ProgressMeter ────── v0.9.0
   Updating `~/.julia/environments/v1.4/Project.toml`
  [1ba61846] + Graph500 v0.1.0
   Updating `~/.julia/environments/v1.4/Manifest.toml`
  [ec485272] + ArnoldiMethod v0.0.4
  [9a962f9c] + DataAPI v1.1.0
  [864edb3b] + DataStructures v0.17.11
  [1ba61846] + Graph500 v0.1.0
  [d25df0c9] + Inflate v0.1.2
  [093fc24a] + LightGraphs v1.3.1
  [1914dd2f] + MacroTools v0.5.5
  [e1d29d7a] + Missings v0.4.3
  [bac558e1] + OrderedCollections v1.1.0
  [92933f4c] + ProgressMeter v0.9.0
  [699a6c99] + SimpleTraits v0.9.1
  [a2af1166] + SortingAlgorithms v0.3.1
  [90137ffa] + StaticArrays v0.12.1
  [2913bbd2] + StatsBase v0.33.0
  [2a0f44e3] + Base64 
  [8bb1440f] + DelimitedFiles 
  [8ba89e20] + Distributed 
  [b77e0a4c] + InteractiveUtils 
  [8f399da3] + Libdl 
  [37e2e46d] + LinearAlgebra 
  [56ddb016] + Logging 
  [d6f4376e] + Markdown 
  [a63ad114] + Mmap 
  [de0858da] + Printf 
  [9a3f8284] + Random 
  [9e88b42a] + Serialization 
  [1a1011a3] + SharedArrays 
  [6462fe0b] + Sockets 
  [2f01184e] + SparseArrays 
  [10745b16] + Statistics 
  [8dfed614] + Test 
  [4ec0a83e] + Unicode 
    Testing Graph500
Status `/tmp/jl_L9jSVN/Manifest.toml`
  [ec485272] ArnoldiMethod v0.0.4
  [9a962f9c] DataAPI v1.1.0
  [864edb3b] DataStructures v0.17.11
  [1ba61846] Graph500 v0.1.0
  [d25df0c9] Inflate v0.1.2
  [093fc24a] LightGraphs v1.3.1
  [1914dd2f] MacroTools v0.5.5
  [e1d29d7a] Missings v0.4.3
  [bac558e1] OrderedCollections v1.1.0
  [92933f4c] ProgressMeter v0.9.0
  [699a6c99] SimpleTraits v0.9.1
  [a2af1166] SortingAlgorithms v0.3.1
  [90137ffa] StaticArrays v0.12.1
  [2913bbd2] StatsBase v0.33.0
  [2a0f44e3] Base64 
  [8bb1440f] DelimitedFiles 
  [8ba89e20] Distributed 
  [b77e0a4c] InteractiveUtils 
  [8f399da3] Libdl 
  [37e2e46d] LinearAlgebra 
  [56ddb016] Logging 
  [d6f4376e] Markdown 
  [a63ad114] Mmap 
  [de0858da] Printf 
  [9a3f8284] Random 
  [9e88b42a] Serialization 
  [1a1011a3] SharedArrays 
  [6462fe0b] Sockets 
  [2f01184e] SparseArrays 
  [10745b16] Statistics 
  [8dfed614] Test 
  [4ec0a83e] Unicode 
Generating graph.
Starting Kernel 1.

[32mBenchmark Info[39m
Scale : 4
Number of vertices : 16
Number of Edges : 21
Number of Bfs : 13


[32mGraph construction time[39m
Graph Construction Time : 1.5529e-5


[32mBFS time statistics[39m
BFS min time : 1.112e-6
BFS first quartile time : 1.182e-6
BFS median time : 1.373e-6
BFS third quartile time : 1.713e-6
BFS max time : 1.042e-5
BFS mean time : 2.5956923076923077e-6
BFS standard deviation time : 3.0766620003020426e-6


[32mEdges traversed per BFS statistics[39m
BFS min nedge : 35.0
BFS first quartile nedge : 35.5
BFS median nedge : 35.5
BFS third quartile nedge : 39.5
BFS max nedge : 48.0
BFS mean nedge : 37.76923076923077
BFS standard deviation nedge : 3.8439096016479137


[32mEdges traversed per second statistics[39m
BFS min TEPS : 3.982725527831094e6
BFS first quartile TEPS : 2.072387624051372e7
BFS median TEPS : 2.7312454479242533e7
BFS third quartile TEPS : 3.0879864636209812e7
BFS max TEPS : 3.520499108734403e7
BFS harmonic mean TEPS : 1.5537063976018265e7
BFS harmonic standard deviation TEPS : 4.769725028533537e6


[32mBenchmark Info[39m
Scale : 4
Number of vertices : 16
Number of Edges : 21
Number of Bfs : 13


[32mGraph construction time[39m
Graph Construction Time : 1.5529e-5


[32mBFS time statistics[39m
BFS min time : 1.112e-6
BFS first quartile time : 1.182e-6
BFS median time : 1.373e-6
BFS third quartile time : 1.713e-6
BFS max time : 1.042e-5
BFS mean time : 2.5956923076923077e-6
BFS standard deviation time : 3.0766620003020426e-6


[32mEdges traversed per BFS statistics[39m
BFS min nedge : 35.0
BFS first quartile nedge : 35.5
BFS median nedge : 35.5
BFS third quartile nedge : 39.5
BFS max nedge : 48.0
BFS mean nedge : 37.76923076923077
BFS standard deviation nedge : 3.8439096016479137


[32mEdges traversed per second statistics[39m
BFS min TEPS : 3.982725527831094e6
BFS first quartile TEPS : 2.072387624051372e7
BFS median TEPS : 2.7312454479242533e7
BFS third quartile TEPS : 3.0879864636209812e7
BFS max TEPS : 3.520499108734403e7
BFS harmonic mean TEPS : 1.5537063976018265e7
BFS harmonic standard deviation TEPS : 4.769725028533537e6

Generating graph.
Starting Kernel 1.

[32mBenchmark Info[39m
Scale : 4
Number of vertices : 16
Number of Edges : 18
Number of Bfs : 13


[32mGraph construction time[39m
Graph Construction Time : 1.041e-5


[32mBFS time statistics[39m
BFS min time : 1.002e-6
BFS first quartile time : 1.133e-6
BFS median time : 1.212e-6
BFS third quartile time : 1.382e-6
BFS max time : 3.156e-6
BFS mean time : 1.3956153846153846e-6
BFS standard deviation time : 5.582942083497939e-7


[32mEdges traversed per BFS statistics[39m
BFS min nedge : 34.0
BFS first quartile nedge : 37.0
BFS median nedge : 39.0
BFS third quartile nedge : 41.0
BFS max nedge : 50.0
BFS mean nedge : 39.34615384615385
BFS standard deviation nedge : 4.089542636329761


[32mEdges traversed per second statistics[39m
BFS min TEPS : 1.1882129277566541e7
BFS first quartile TEPS : 2.61136712749616e7
BFS median TEPS : 3.1299524564183835e7
BFS third quartile TEPS : 3.382838283828383e7
BFS max TEPS : 4.99001996007984e7
BFS harmonic mean TEPS : 2.773500011641875e7
BFS harmonic standard deviation TEPS : 3.4663291388240946e6

Test Summary: | Pass  Total
test set      |   16     16
    Testing Graph500 tests passed 
