Julia Version 1.4.0
Commit b8e9a9ecc6 (2020-03-21 16:36 UTC)
Platform Info:
  OS: Linux (x86_64-pc-linux-gnu)
  CPU: AMD Ryzen Threadripper 2990WX 32-Core Processor
  WORD_SIZE: 64
  LIBM: libopenlibm
  LLVM: libLLVM-8.0.1 (ORCJIT, znver1)
Environment:
  JULIA_DEPOT_PATH = ::/usr/local/share/julia
  JULIA_NUM_THREADS = 2

  Resolving package versions...
  Installed Reexport ─────────── v0.2.0
  Installed SimpleTraits ─────── v0.9.1
  Installed Requires ─────────── v1.0.1
  Installed Measures ─────────── v0.3.1
  Installed Parsers ──────────── v1.0.1
  Installed IterTools ────────── v1.3.0
  Installed LightGraphs ──────── v1.3.1
  Installed FixedPointNumbers ── v0.7.1
  Installed OrderedCollections ─ v1.1.0
  Installed MacroTools ───────── v0.5.5
  Installed ColorTypes ───────── v0.9.1
  Installed GraphPlot ────────── v0.4.1
  Installed Colors ───────────── v0.11.2
  Installed Inflate ──────────── v0.1.2
  Installed StaticArrays ─────── v0.12.1
  Installed ArnoldiMethod ────── v0.0.4
  Installed JSON ─────────────── v0.21.0
  Installed DataStructures ───── v0.17.11
  Installed Compose ──────────── v0.8.2
   Updating `~/.julia/environments/v1.4/Project.toml`
  [a2cc645c] + GraphPlot v0.4.1
   Updating `~/.julia/environments/v1.4/Manifest.toml`
  [ec485272] + ArnoldiMethod v0.0.4
  [3da002f7] + ColorTypes v0.9.1
  [5ae59095] + Colors v0.11.2
  [a81c6b42] + Compose v0.8.2
  [864edb3b] + DataStructures v0.17.11
  [53c48c17] + FixedPointNumbers v0.7.1
  [a2cc645c] + GraphPlot v0.4.1
  [d25df0c9] + Inflate v0.1.2
  [c8e1da08] + IterTools v1.3.0
  [682c06a0] + JSON v0.21.0
  [093fc24a] + LightGraphs v1.3.1
  [1914dd2f] + MacroTools v0.5.5
  [442fdcdd] + Measures v0.3.1
  [bac558e1] + OrderedCollections v1.1.0
  [69de0a69] + Parsers v1.0.1
  [189a3867] + Reexport v0.2.0
  [ae029012] + Requires v1.0.1
  [699a6c99] + SimpleTraits v0.9.1
  [90137ffa] + StaticArrays v0.12.1
  [2a0f44e3] + Base64 
  [ade2ca70] + Dates 
  [8bb1440f] + DelimitedFiles 
  [8ba89e20] + Distributed 
  [b77e0a4c] + InteractiveUtils 
  [76f85450] + LibGit2 
  [8f399da3] + Libdl 
  [37e2e46d] + LinearAlgebra 
  [56ddb016] + Logging 
  [d6f4376e] + Markdown 
  [a63ad114] + Mmap 
  [44cfe95a] + Pkg 
  [de0858da] + Printf 
  [3fa0cd96] + REPL 
  [9a3f8284] + Random 
  [ea8e919c] + SHA 
  [9e88b42a] + Serialization 
  [1a1011a3] + SharedArrays 
  [6462fe0b] + Sockets 
  [2f01184e] + SparseArrays 
  [10745b16] + Statistics 
  [8dfed614] + Test 
  [cf7118a7] + UUIDs 
  [4ec0a83e] + Unicode 
    Testing GraphPlot
┌ Error: Pkg.Resolve.ResolverError("empty intersection between Compose@0.8.2 and project compatibility 0.7", nothing)
└ @ Pkg.Operations /buildworker/worker/package_linux64/build/usr/share/julia/stdlib/v1.4/Pkg/src/Operations.jl:1365
ERROR: Unsatisfiable requirements detected for package Compose [a81c6b42]:
 Compose [a81c6b42] log:
 ├─possible versions are: [0.6.1, 0.7.0-0.7.4, 0.8.0-0.8.2] or uninstalled
 ├─restricted to versions 0.7 by an explicit requirement, leaving only versions 0.7.0-0.7.4
 └─restricted by compatibility requirements with Colors [5ae59095] to versions: 0.8.1-0.8.2 or uninstalled — no versions left
   └─Colors [5ae59095] log:
     ├─possible versions are: [0.9.0, 0.9.2-0.9.6, 0.10.0-0.10.2, 0.11.0-0.11.2, 0.12.0] or uninstalled
     └─restricted to versions 0.11 by an explicit requirement, leaving only versions 0.11.0-0.11.2
Stacktrace:
 [1] propagate_constraints!(::Pkg.Resolve.Graph, ::Set{Int64}; log_events::Bool) at /buildworker/worker/package_linux64/build/usr/share/julia/stdlib/v1.4/Pkg/src/Resolve/graphtype.jl:1010
 [2] propagate_constraints! at /buildworker/worker/package_linux64/build/usr/share/julia/stdlib/v1.4/Pkg/src/Resolve/graphtype.jl:951 [inlined] (repeats 2 times)
 [3] simplify_graph!(::Pkg.Resolve.Graph, ::Set{Int64}; clean_graph::Bool) at /buildworker/worker/package_linux64/build/usr/share/julia/stdlib/v1.4/Pkg/src/Resolve/graphtype.jl:1465
 [4] simplify_graph! at /buildworker/worker/package_linux64/build/usr/share/julia/stdlib/v1.4/Pkg/src/Resolve/graphtype.jl:1465 [inlined] (repeats 2 times)
 [5] resolve_versions!(::Pkg.Types.Context, ::Array{Pkg.Types.PackageSpec,1}) at /buildworker/worker/package_linux64/build/usr/share/julia/stdlib/v1.4/Pkg/src/Operations.jl:341
 [6] up(::Pkg.Types.Context, ::Array{Pkg.Types.PackageSpec,1}, ::Pkg.Types.UpgradeLevel) at /buildworker/worker/package_linux64/build/usr/share/julia/stdlib/v1.4/Pkg/src/Operations.jl:1165
 [7] up(::Pkg.Types.Context, ::Array{Pkg.Types.PackageSpec,1}; level::Pkg.Types.UpgradeLevel, mode::Pkg.Types.PackageMode, update_registry::Bool, kwargs::Base.Iterators.Pairs{Symbol,Base.DevNull,Tuple{Symbol},NamedTuple{(:io,),Tuple{Base.DevNull}}}) at /buildworker/worker/package_linux64/build/usr/share/julia/stdlib/v1.4/Pkg/src/API.jl:224
 [8] up(::Pkg.Types.Context; kwargs::Base.Iterators.Pairs{Symbol,Any,NTuple{4,Symbol},NamedTuple{(:level, :mode, :update_registry, :io),Tuple{Pkg.Types.UpgradeLevel,Pkg.Types.PackageMode,Bool,Base.DevNull}}}) at /buildworker/worker/package_linux64/build/usr/share/julia/stdlib/v1.4/Pkg/src/API.jl:192
 [9] resolve(::Pkg.Types.Context; kwargs::Base.Iterators.Pairs{Symbol,Base.DevNull,Tuple{Symbol},NamedTuple{(:io,),Tuple{Base.DevNull}}}) at /buildworker/worker/package_linux64/build/usr/share/julia/stdlib/v1.4/Pkg/src/API.jl:230
 [10] (::Pkg.Operations.var"#85#89"{String,Pkg.Operations.var"#95#96"{Bool,Cmd,Cmd,Nothing,Pkg.Types.Context,Array{String,1},String,Pkg.Types.PackageSpec},Pkg.Types.PackageSpec})() at /buildworker/worker/package_linux64/build/usr/share/julia/stdlib/v1.4/Pkg/src/Operations.jl:1367
 [11] with_temp_env(::Pkg.Operations.var"#85#89"{String,Pkg.Operations.var"#95#96"{Bool,Cmd,Cmd,Nothing,Pkg.Types.Context,Array{String,1},String,Pkg.Types.PackageSpec},Pkg.Types.PackageSpec}, ::String) at /buildworker/worker/package_linux64/build/usr/share/julia/stdlib/v1.4/Pkg/src/Operations.jl:1286
 [12] (::Pkg.Operations.var"#84#88"{Pkg.Operations.var"#95#96"{Bool,Cmd,Cmd,Nothing,Pkg.Types.Context,Array{String,1},String,Pkg.Types.PackageSpec},Pkg.Types.Context,Pkg.Types.PackageSpec,String,Pkg.Types.Project,String})(::String) at /buildworker/worker/package_linux64/build/usr/share/julia/stdlib/v1.4/Pkg/src/Operations.jl:1357
 [13] mktempdir(::Pkg.Operations.var"#84#88"{Pkg.Operations.var"#95#96"{Bool,Cmd,Cmd,Nothing,Pkg.Types.Context,Array{String,1},String,Pkg.Types.PackageSpec},Pkg.Types.Context,Pkg.Types.PackageSpec,String,Pkg.Types.Project,String}, ::String; prefix::String) at ./file.jl:682
 [14] mktempdir(::Function, ::String) at ./file.jl:680 (repeats 2 times)
 [15] sandbox(::Function, ::Pkg.Types.Context, ::Pkg.Types.PackageSpec, ::String, ::String, ::Pkg.Types.Project) at /buildworker/worker/package_linux64/build/usr/share/julia/stdlib/v1.4/Pkg/src/Operations.jl:1324
 [16] test(::Pkg.Types.Context, ::Array{Pkg.Types.PackageSpec,1}; coverage::Bool, julia_args::Cmd, test_args::Cmd, test_fn::Nothing) at /buildworker/worker/package_linux64/build/usr/share/julia/stdlib/v1.4/Pkg/src/Operations.jl:1488
 [17] test(::Pkg.Types.Context, ::Array{Pkg.Types.PackageSpec,1}; coverage::Bool, test_fn::Nothing, julia_args::Cmd, test_args::Cmd, kwargs::Base.Iterators.Pairs{Union{},Union{},Tuple{},NamedTuple{(),Tuple{}}}) at /buildworker/worker/package_linux64/build/usr/share/julia/stdlib/v1.4/Pkg/src/API.jl:316
 [18] test(::Pkg.Types.Context, ::Array{Pkg.Types.PackageSpec,1}) at /buildworker/worker/package_linux64/build/usr/share/julia/stdlib/v1.4/Pkg/src/API.jl:303
 [19] #test#68 at /buildworker/worker/package_linux64/build/usr/share/julia/stdlib/v1.4/Pkg/src/API.jl:297 [inlined]
 [20] test at /buildworker/worker/package_linux64/build/usr/share/julia/stdlib/v1.4/Pkg/src/API.jl:297 [inlined]
 [21] #test#67 at /buildworker/worker/package_linux64/build/usr/share/julia/stdlib/v1.4/Pkg/src/API.jl:296 [inlined]
 [22] test at /buildworker/worker/package_linux64/build/usr/share/julia/stdlib/v1.4/Pkg/src/API.jl:296 [inlined]
 [23] test(::String; kwargs::Base.Iterators.Pairs{Union{},Union{},Tuple{},NamedTuple{(),Tuple{}}}) at /buildworker/worker/package_linux64/build/usr/share/julia/stdlib/v1.4/Pkg/src/API.jl:295
 [24] test(::String) at /buildworker/worker/package_linux64/build/usr/share/julia/stdlib/v1.4/Pkg/src/API.jl:295
 [25] top-level scope at none:16
caused by [exception 1]
empty intersection between Compose@0.8.2 and project compatibility 0.7
Stacktrace:
 [1] resolve_versions!(::Pkg.Types.Context, ::Array{Pkg.Types.PackageSpec,1}) at /buildworker/worker/package_linux64/build/usr/share/julia/stdlib/v1.4/Pkg/src/Operations.jl:327
 [2] up(::Pkg.Types.Context, ::Array{Pkg.Types.PackageSpec,1}, ::Pkg.Types.UpgradeLevel) at /buildworker/worker/package_linux64/build/usr/share/julia/stdlib/v1.4/Pkg/src/Operations.jl:1165
 [3] up(::Pkg.Types.Context, ::Array{Pkg.Types.PackageSpec,1}; level::Pkg.Types.UpgradeLevel, mode::Pkg.Types.PackageMode, update_registry::Bool, kwargs::Base.Iterators.Pairs{Symbol,Base.DevNull,Tuple{Symbol},NamedTuple{(:io,),Tuple{Base.DevNull}}}) at /buildworker/worker/package_linux64/build/usr/share/julia/stdlib/v1.4/Pkg/src/API.jl:224
 [4] up(::Pkg.Types.Context; kwargs::Base.Iterators.Pairs{Symbol,Any,NTuple{4,Symbol},NamedTuple{(:level, :mode, :update_registry, :io),Tuple{Pkg.Types.UpgradeLevel,Pkg.Types.PackageMode,Bool,Base.DevNull}}}) at /buildworker/worker/package_linux64/build/usr/share/julia/stdlib/v1.4/Pkg/src/API.jl:192
 [5] resolve(::Pkg.Types.Context; kwargs::Base.Iterators.Pairs{Symbol,Base.DevNull,Tuple{Symbol},NamedTuple{(:io,),Tuple{Base.DevNull}}}) at /buildworker/worker/package_linux64/build/usr/share/julia/stdlib/v1.4/Pkg/src/API.jl:230
 [6] resolve(; kwargs::Base.Iterators.Pairs{Symbol,Base.DevNull,Tuple{Symbol},NamedTuple{(:io,),Tuple{Base.DevNull}}}) at /buildworker/worker/package_linux64/build/usr/share/julia/stdlib/v1.4/Pkg/src/API.jl:228
 [7] (::Pkg.Operations.var"#85#89"{String,Pkg.Operations.var"#95#96"{Bool,Cmd,Cmd,Nothing,Pkg.Types.Context,Array{String,1},String,Pkg.Types.PackageSpec},Pkg.Types.PackageSpec})() at /buildworker/worker/package_linux64/build/usr/share/julia/stdlib/v1.4/Pkg/src/Operations.jl:1362
 [8] with_temp_env(::Pkg.Operations.var"#85#89"{String,Pkg.Operations.var"#95#96"{Bool,Cmd,Cmd,Nothing,Pkg.Types.Context,Array{String,1},String,Pkg.Types.PackageSpec},Pkg.Types.PackageSpec}, ::String) at /buildworker/worker/package_linux64/build/usr/share/julia/stdlib/v1.4/Pkg/src/Operations.jl:1286
 [9] (::Pkg.Operations.var"#84#88"{Pkg.Operations.var"#95#96"{Bool,Cmd,Cmd,Nothing,Pkg.Types.Context,Array{String,1},String,Pkg.Types.PackageSpec},Pkg.Types.Context,Pkg.Types.PackageSpec,String,Pkg.Types.Project,String})(::String) at /buildworker/worker/package_linux64/build/usr/share/julia/stdlib/v1.4/Pkg/src/Operations.jl:1357
 [10] mktempdir(::Pkg.Operations.var"#84#88"{Pkg.Operations.var"#95#96"{Bool,Cmd,Cmd,Nothing,Pkg.Types.Context,Array{String,1},String,Pkg.Types.PackageSpec},Pkg.Types.Context,Pkg.Types.PackageSpec,String,Pkg.Types.Project,String}, ::String; prefix::String) at ./file.jl:682
 [11] mktempdir(::Function, ::String) at ./file.jl:680 (repeats 2 times)
 [12] sandbox(::Function, ::Pkg.Types.Context, ::Pkg.Types.PackageSpec, ::String, ::String, ::Pkg.Types.Project) at /buildworker/worker/package_linux64/build/usr/share/julia/stdlib/v1.4/Pkg/src/Operations.jl:1324
 [13] test(::Pkg.Types.Context, ::Array{Pkg.Types.PackageSpec,1}; coverage::Bool, julia_args::Cmd, test_args::Cmd, test_fn::Nothing) at /buildworker/worker/package_linux64/build/usr/share/julia/stdlib/v1.4/Pkg/src/Operations.jl:1488
 [14] test(::Pkg.Types.Context, ::Array{Pkg.Types.PackageSpec,1}; coverage::Bool, test_fn::Nothing, julia_args::Cmd, test_args::Cmd, kwargs::Base.Iterators.Pairs{Union{},Union{},Tuple{},NamedTuple{(),Tuple{}}}) at /buildworker/worker/package_linux64/build/usr/share/julia/stdlib/v1.4/Pkg/src/API.jl:316
 [15] test(::Pkg.Types.Context, ::Array{Pkg.Types.PackageSpec,1}) at /buildworker/worker/package_linux64/build/usr/share/julia/stdlib/v1.4/Pkg/src/API.jl:303
 [16] #test#68 at /buildworker/worker/package_linux64/build/usr/share/julia/stdlib/v1.4/Pkg/src/API.jl:297 [inlined]
 [17] test at /buildworker/worker/package_linux64/build/usr/share/julia/stdlib/v1.4/Pkg/src/API.jl:297 [inlined]
 [18] #test#67 at /buildworker/worker/package_linux64/build/usr/share/julia/stdlib/v1.4/Pkg/src/API.jl:296 [inlined]
 [19] test at /buildworker/worker/package_linux64/build/usr/share/julia/stdlib/v1.4/Pkg/src/API.jl:296 [inlined]
 [20] test(::String; kwargs::Base.Iterators.Pairs{Union{},Union{},Tuple{},NamedTuple{(),Tuple{}}}) at /buildworker/worker/package_linux64/build/usr/share/julia/stdlib/v1.4/Pkg/src/API.jl:295
 [21] test(::String) at /buildworker/worker/package_linux64/build/usr/share/julia/stdlib/v1.4/Pkg/src/API.jl:295
 [22] top-level scope at none:16
