Julia Version 1.3.1
Commit 2d5741174c (2019-12-30 21:36 UTC)
Platform Info:
  OS: Linux (x86_64-pc-linux-gnu)
  CPU: AMD Ryzen Threadripper 2990WX 32-Core Processor
  WORD_SIZE: 64
  LIBM: libopenlibm
  LLVM: libLLVM-6.0.1 (ORCJIT, znver1)
Environment:
  JULIA_DEPOT_PATH = ::/usr/local/share/julia
  JULIA_NUM_THREADS = 2

 Resolving package versions...
 Installed Bzip2_jll ──────────────────── v1.0.6+1
 Installed Xorg_xkeyboard_config_jll ──── v2.27.0+1
 Installed Libuuid_jll ────────────────── v2.34.0+3
 Installed NaNMath ────────────────────── v0.3.3
 Installed GtkUtilities ───────────────── v1.0.3
 Installed ImageTransformations ───────── v0.8.4
 Installed Gettext_jll ────────────────── v0.20.1+1
 Installed Xorg_xineramaproto_jll ─────── v1.2.1+0
 Installed Xorg_libXrandr_jll ─────────── v1.5.2+1
 Installed PaddedViews ────────────────── v0.5.3
 Installed IterTools ──────────────────── v1.3.0
 Installed StatsBase ──────────────────── v0.32.2
 Installed RangeArrays ────────────────── v0.3.2
 Installed Libiconv_jll ───────────────── v1.16.0+1
 Installed Xorg_xextproto_jll ─────────── v7.3.0+0
 Installed libpng_jll ─────────────────── v1.6.37+2
 Installed xkbcommon_jll ──────────────── v0.9.1+1
 Installed IntelOpenMP_jll ────────────── v2018.0.3+0
 Installed ImageShow ──────────────────── v0.2.3
 Installed Xorg_inputproto_jll ────────── v2.3.2+0
 Installed Wayland_protocols_jll ──────── v1.18.0+1
 Installed Xorg_libxcb_jll ────────────── v1.13.0+1
 Installed MacroTools ─────────────────── v0.5.4
 Installed gdk_pixbuf_jll ─────────────── v2.38.2+6
 Installed Xorg_libXcursor_jll ────────── v1.2.0+1
 Installed HarfBuzz_jll ───────────────── v2.6.1+4
 Installed LZO_jll ────────────────────── v2.10.0+0
 Installed EllipsisNotation ───────────── v0.4.0
 Installed Xorg_util_macros_jll ───────── v1.19.2+0
 Installed adwaita_icon_theme_jll ─────── v3.33.92+3
 Installed Xorg_randrproto_jll ────────── v1.5.0+0
 Installed ImageCore ──────────────────── v0.8.12
 Installed FriBidi_jll ────────────────── v1.0.5+2
 Installed Graphene_jll ───────────────── v1.10.0+1
 Installed Libgpg_error_jll ───────────── v1.36.0+0
 Installed Xorg_libXinerama_jll ───────── v1.1.4+1
 Installed Interpolations ─────────────── v0.12.8
 Installed Ratios ─────────────────────── v0.3.1
 Installed Xorg_recordproto_jll ───────── v1.14.2+0
 Installed CompilerSupportLibraries_jll ─ v0.2.0+1
 Installed ImageDistances ─────────────── v0.2.7
 Installed FFTViews ───────────────────── v0.3.1
 Installed Glib_jll ───────────────────── v2.59.0+1
 Installed ATK_jll ────────────────────── v2.34.1+2
 Installed XSLT_jll ───────────────────── v1.1.33+0
 Installed Xorg_libXrender_jll ────────── v0.9.10+1
 Installed iso_codes_jll ──────────────── v4.3.0+1
 Installed Xorg_libpthread_stubs_jll ──── v0.1.0+0
 Installed DataAPI ────────────────────── v1.1.0
 Installed ComputationalResources ─────── v0.3.1
 Installed Gtk ────────────────────────── v1.1.3
 Installed Xorg_libXdamage_jll ────────── v1.1.5+1
 Installed SimpleTraits ───────────────── v0.9.1
 Installed CoordinateTransformations ──── v0.5.1
 Installed StaticArrays ───────────────── v0.12.1
 Installed MappedArrays ───────────────── v0.2.2
 Installed ImageMetadata ──────────────── v0.9.0
 Installed Xorg_xtrans_jll ────────────── v1.4.0+0
 Installed FFTW ───────────────────────── v1.2.0
 Installed Xorg_libXtst_jll ───────────── v1.2.3+1
 Installed Requires ───────────────────── v1.0.1
 Installed Xorg_damageproto_jll ───────── v1.2.1+0
 Installed Dbus_jll ───────────────────── v1.12.16+0
 Installed GTK3_jll ───────────────────── v3.24.11+1
 Installed IdentityRanges ─────────────── v0.3.1
 Installed DataStructures ─────────────── v0.17.10
 Installed Distances ──────────────────── v0.8.2
 Installed hicolor_icon_theme_jll ─────── v0.17.0+1
 Installed Libglvnd_jll ───────────────── v1.3.0+1
 Installed SpecialFunctions ───────────── v0.10.0
 Installed Xorg_libXdmcp_jll ──────────── v1.1.3+1
 Installed Zlib_jll ───────────────────── v1.2.11+8
 Installed CatIndices ─────────────────── v0.2.1
 Installed AxisArrays ─────────────────── v0.4.2
 Installed Xorg_libXext_jll ───────────── v1.3.4+1
 Installed FreeType2_jll ──────────────── v2.10.1+1
 Installed Graphics ───────────────────── v1.0.2
 Installed ColorVectorSpace ───────────── v0.8.3
 Installed ColorTypes ─────────────────── v0.9.1
 Installed OffsetArrays ───────────────── v1.0.3
 Installed Xorg_xkbcomp_jll ───────────── v1.4.2+1
 Installed ImageMorphology ────────────── v0.2.5
 Installed Compat ─────────────────────── v2.2.0
 Installed WoodburyMatrices ───────────── v0.5.1
 Installed Libffi_jll ─────────────────── v3.2.1+0
 Installed FixedPointNumbers ──────────── v0.7.1
 Installed CustomUnitRanges ───────────── v1.0.0
 Installed AbstractFFTs ───────────────── v0.5.0
 Installed IntervalSets ───────────────── v0.4.0
 Installed Colors ─────────────────────── v0.11.2
 Installed at_spi2_atk_jll ────────────── v2.34.1+0
 Installed Rotations ──────────────────── v0.13.0
 Installed AxisAlgorithms ─────────────── v1.0.0
 Installed Xorg_libXi_jll ─────────────── v1.7.10+1
 Installed Zstd_jll ───────────────────── v1.4.4+0
 Installed SortingAlgorithms ──────────── v0.3.1
 Installed Fontconfig_jll ─────────────── v2.13.1+10
 Installed Graphite2_jll ──────────────── v1.3.13+1
 Installed Xorg_libXfixes_jll ─────────── v5.0.3+1
 Installed ImageAxes ──────────────────── v0.6.4
 Installed at_spi2_core_jll ───────────── v2.34.0+0
 Installed Xorg_libxkbfile_jll ────────── v1.1.0+1
 Installed Expat_jll ──────────────────── v2.2.7+0
 Installed Reexport ───────────────────── v0.2.0
 Installed PCRE_jll ───────────────────── v8.42.0+1
 Installed Xorg_compositeproto_jll ────── v0.4.0+0
 Installed Images ─────────────────────── v0.21.1
 Installed OrderedCollections ─────────── v1.1.0
 Installed XML2_jll ───────────────────── v2.9.9+1
 Installed Pixman_jll ─────────────────── v0.38.4+1
 Installed ImageFiltering ─────────────── v0.6.11
 Installed X11_jll ────────────────────── v1.6.8+5
 Installed Wayland_jll ────────────────── v1.17.0+0
 Installed TiledIteration ─────────────── v0.2.4
 Installed Cairo ──────────────────────── v1.0.2
 Installed Xorg_libXau_jll ────────────── v1.0.9+1
 Installed Cairo_jll ──────────────────── v1.16.0+2
 Installed Xorg_renderproto_jll ───────── v0.11.1+0
 Installed Pango_jll ──────────────────── v1.42.4+7
 Installed Parameters ─────────────────── v0.12.0
 Installed Xorg_xcb_proto_jll ─────────── v1.13.0+0
 Installed Libgcrypt_jll ──────────────── v1.8.5+0
 Installed MKL_jll ────────────────────── v2019.0.117+2
 Installed IndirectArrays ─────────────── v0.5.1
 Installed OpenSpecFun_jll ────────────── v0.5.3+3
 Installed Xorg_fixesproto_jll ────────── v5.0.0+0
 Installed Xorg_libX11_jll ────────────── v1.6.9+1
 Installed Missings ───────────────────── v0.4.3
 Installed JpegTurbo_jll ──────────────── v2.0.1+0
 Installed Xorg_xproto_jll ────────────── v7.0.31+0
 Installed Xorg_libXcomposite_jll ─────── v0.4.5+1
 Installed Libtiff_jll ────────────────── v4.0.10+0
 Installed FFTW_jll ───────────────────── v3.3.9+4
 Installed Libepoxy_jll ───────────────── v1.5.4+0
 Installed FileIO ─────────────────────── v1.2.3
 Installed ImageContrastAdjustment ────── v0.3.4
ERROR: Unable to automatically install 'Xorg_fixesproto' from '/home/pkgeval/.julia/packages/Xorg_fixesproto_jll/m5mh5/Artifacts.toml'
Stacktrace:
 [1] error(::String) at ./error.jl:33
 [2] #ensure_artifact_installed#42(::Pkg.BinaryPlatforms.Platform, ::Bool, ::typeof(Pkg.Artifacts.ensure_artifact_installed), ::String, ::Dict{String,Any}, ::String) at /buildworker/worker/package_linux64/build/usr/share/julia/stdlib/v1.3/Pkg/src/Artifacts.jl:873
 [3] (::Pkg.Artifacts.var"#kw##ensure_artifact_installed")(::NamedTuple{(:platform, :verbose),Tuple{Pkg.BinaryPlatforms.Linux,Bool}}, ::typeof(Pkg.Artifacts.ensure_artifact_installed), ::String, ::Dict{String,Any}, ::String) at ./none:0
 [4] #ensure_all_artifacts_installed#43(::Pkg.BinaryPlatforms.Platform, ::Nothing, ::Bool, ::Bool, ::typeof(Pkg.Artifacts.ensure_all_artifacts_installed), ::String) at /buildworker/worker/package_linux64/build/usr/share/julia/stdlib/v1.3/Pkg/src/Artifacts.jl:919
 [5] #ensure_all_artifacts_installed at /buildworker/worker/package_linux64/build/usr/share/julia/stdlib/v1.3/Pkg/src/Operations.jl:0 [inlined]
 [6] #download_artifacts#78(::Pkg.BinaryPlatforms.Linux, ::Bool, ::typeof(Pkg.Operations.download_artifacts), ::Array{String,1}) at /buildworker/worker/package_linux64/build/usr/share/julia/stdlib/v1.3/Pkg/src/Operations.jl:580
 [7] #download_artifacts at ./none:0 [inlined]
 [8] #download_artifacts#73(::Pkg.BinaryPlatforms.Linux, ::Bool, ::typeof(Pkg.Operations.download_artifacts), ::Array{Pkg.Types.PackageSpec,1}) at /buildworker/worker/package_linux64/build/usr/share/julia/stdlib/v1.3/Pkg/src/Operations.jl:570
 [9] (::Pkg.Operations.var"#kw##download_artifacts")(::NamedTuple{(:platform,),Tuple{Pkg.BinaryPlatforms.Linux}}, ::typeof(Pkg.Operations.download_artifacts), ::Array{Pkg.Types.PackageSpec,1}) at ./none:0
 [10] #add#112(::Bool, ::Pkg.BinaryPlatforms.Linux, ::typeof(Pkg.Operations.add), ::Pkg.Types.Context, ::Array{Pkg.Types.PackageSpec,1}, ::Array{Base.UUID,1}) at /buildworker/worker/package_linux64/build/usr/share/julia/stdlib/v1.3/Pkg/src/Operations.jl:1017
 [11] #add at ./none:0 [inlined]
 [12] #add#25(::Bool, ::Pkg.BinaryPlatforms.Linux, ::Base.Iterators.Pairs{Union{},Union{},Tuple{},NamedTuple{(),Tuple{}}}, ::typeof(Pkg.API.add), ::Pkg.Types.Context, ::Array{Pkg.Types.PackageSpec,1}) at /buildworker/worker/package_linux64/build/usr/share/julia/stdlib/v1.3/Pkg/src/API.jl:102
 [13] add(::Pkg.Types.Context, ::Array{Pkg.Types.PackageSpec,1}) at /buildworker/worker/package_linux64/build/usr/share/julia/stdlib/v1.3/Pkg/src/API.jl:72
 [14] #add#24 at /buildworker/worker/package_linux64/build/usr/share/julia/stdlib/v1.3/Pkg/src/API.jl:69 [inlined]
 [15] add at /buildworker/worker/package_linux64/build/usr/share/julia/stdlib/v1.3/Pkg/src/API.jl:69 [inlined]
 [16] #add#21 at /buildworker/worker/package_linux64/build/usr/share/julia/stdlib/v1.3/Pkg/src/API.jl:67 [inlined]
 [17] add at /buildworker/worker/package_linux64/build/usr/share/julia/stdlib/v1.3/Pkg/src/API.jl:67 [inlined]
 [18] #add#20(::Base.Iterators.Pairs{Union{},Union{},Tuple{},NamedTuple{(),Tuple{}}}, ::typeof(Pkg.API.add), ::String) at /buildworker/worker/package_linux64/build/usr/share/julia/stdlib/v1.3/Pkg/src/API.jl:66
 [19] add(::String) at /buildworker/worker/package_linux64/build/usr/share/julia/stdlib/v1.3/Pkg/src/API.jl:66
 [20] top-level scope at none:12
