Julia Version 1.4.0
Commit b8e9a9ecc6 (2020-03-21 16:36 UTC)
Platform Info:
  OS: Linux (x86_64-pc-linux-gnu)
  CPU: Intel(R) Xeon(R) Silver 4114 CPU @ 2.20GHz
  WORD_SIZE: 64
  LIBM: libopenlibm
  LLVM: libLLVM-8.0.1 (ORCJIT, skylake)
Environment:
  JULIA_DEPOT_PATH = ::/usr/local/share/julia
  JULIA_NUM_THREADS = 2

  Resolving package versions...
  Installed Reexport ───────────────────── v0.2.0
  Installed DataAPI ────────────────────── v1.1.0
  Installed Missings ───────────────────── v0.4.3
  Installed NaNMath ────────────────────── v0.3.3
  Installed ImageMorphology ────────────── v0.2.5
  Installed ImageCore ──────────────────── v0.8.12
  Installed LightGraphs ────────────────── v1.3.1
  Installed SimpleTraits ───────────────── v0.9.1
  Installed Requires ───────────────────── v0.5.2
  Installed FixedPointNumbers ──────────── v0.7.1
  Installed OrderedCollections ─────────── v1.1.0
  Installed SpecialFunctions ───────────── v0.10.0
  Installed ImageQuilting ──────────────── v0.9.1
  Installed IterTools ──────────────────── v1.3.0
  Installed CatIndices ─────────────────── v0.2.1
  Installed SortingAlgorithms ──────────── v0.3.1
  Installed ImageAxes ──────────────────── v0.6.4
  Installed AxisArrays ─────────────────── v0.4.2
  Installed MKL_jll ────────────────────── v2019.0.117+2
  Installed ColorTypes ─────────────────── v0.9.1
  Installed MacroTools ─────────────────── v0.5.5
  Installed CustomUnitRanges ───────────── v1.0.0
  Installed RecipesBase ────────────────── v0.7.0
  Installed PaddedViews ────────────────── v0.5.3
  Installed Graphics ───────────────────── v1.0.2
  Installed MappedArrays ───────────────── v0.2.2
  Installed RangeArrays ────────────────── v0.3.2
  Installed ArnoldiMethod ──────────────── v0.0.4
  Installed FFTViews ───────────────────── v0.3.1
  Installed CpuId ──────────────────────── v0.2.2
  Installed OffsetArrays ───────────────── v1.0.3
  Installed Inflate ────────────────────── v0.1.2
  Installed Colors ─────────────────────── v0.11.2
  Installed ImageMetadata ──────────────── v0.9.0
  Installed LightGraphsFlows ───────────── v0.3.1
  Installed EllipsisNotation ───────────── v0.4.0
  Installed ComputationalResources ─────── v0.3.2
  Installed StatsBase ──────────────────── v0.32.2
  Installed MathProgBase ───────────────── v0.7.8
  Installed Primes ─────────────────────── v0.4.0
  Installed ColorVectorSpace ───────────── v0.8.3
  Installed FFTW_jll ───────────────────── v3.3.9+4
  Installed StaticArrays ───────────────── v0.12.1
  Installed ImageFiltering ─────────────── v0.6.11
  Installed DataStructures ─────────────── v0.17.10
  Installed CompilerSupportLibraries_jll ─ v0.3.1+0
  Installed AbstractFFTs ───────────────── v0.5.0
  Installed IntelOpenMP_jll ────────────── v2018.0.3+0
  Installed IndirectArrays ─────────────── v0.5.1
  Installed ProgressMeter ──────────────── v1.2.0
  Installed TiledIteration ─────────────── v0.2.4
  Installed IntervalSets ───────────────── v0.4.0
  Installed OpenSpecFun_jll ────────────── v0.5.3+3
  Installed FFTW ───────────────────────── v1.2.0
   Updating `~/.julia/environments/v1.4/Project.toml`
  [e8712464] + ImageQuilting v0.9.1
   Updating `~/.julia/environments/v1.4/Manifest.toml`
  [621f4979] + AbstractFFTs v0.5.0
  [ec485272] + ArnoldiMethod v0.0.4
  [39de3d68] + AxisArrays v0.4.2
  [aafaddc9] + CatIndices v0.2.1
  [3da002f7] + ColorTypes v0.9.1
  [c3611d14] + ColorVectorSpace v0.8.3
  [5ae59095] + Colors v0.11.2
  [e66e0078] + CompilerSupportLibraries_jll v0.3.1+0
  [ed09eef8] + ComputationalResources v0.3.2
  [adafc99b] + CpuId v0.2.2
  [dc8bdbbb] + CustomUnitRanges v1.0.0
  [9a962f9c] + DataAPI v1.1.0
  [864edb3b] + DataStructures v0.17.10
  [da5c29d0] + EllipsisNotation v0.4.0
  [4f61f5a4] + FFTViews v0.3.1
  [7a1cc6ca] + FFTW v1.2.0
  [f5851436] + FFTW_jll v3.3.9+4
  [53c48c17] + FixedPointNumbers v0.7.1
  [a2bd30eb] + Graphics v1.0.2
  [2803e5a7] + ImageAxes v0.6.4
  [a09fc81d] + ImageCore v0.8.12
  [6a3955dd] + ImageFiltering v0.6.11
  [bc367c6b] + ImageMetadata v0.9.0
  [787d08f9] + ImageMorphology v0.2.5
  [e8712464] + ImageQuilting v0.9.1
  [9b13fd28] + IndirectArrays v0.5.1
  [d25df0c9] + Inflate v0.1.2
  [1d5cc7b8] + IntelOpenMP_jll v2018.0.3+0
  [8197267c] + IntervalSets v0.4.0
  [c8e1da08] + IterTools v1.3.0
  [093fc24a] + LightGraphs v1.3.1
  [2f5eb75a] + LightGraphsFlows v0.3.1
  [856f044c] + MKL_jll v2019.0.117+2
  [1914dd2f] + MacroTools v0.5.5
  [dbb5928d] + MappedArrays v0.2.2
  [fdba3010] + MathProgBase v0.7.8
  [e1d29d7a] + Missings v0.4.3
  [77ba4419] + NaNMath v0.3.3
  [6fe1bfb0] + OffsetArrays v1.0.3
  [efe28fd5] + OpenSpecFun_jll v0.5.3+3
  [bac558e1] + OrderedCollections v1.1.0
  [5432bcbf] + PaddedViews v0.5.3
  [27ebfcd6] + Primes v0.4.0
  [92933f4c] + ProgressMeter v1.2.0
  [b3c3ace0] + RangeArrays v0.3.2
  [3cdcf5f2] + RecipesBase v0.7.0
  [189a3867] + Reexport v0.2.0
  [ae029012] + Requires v0.5.2
  [699a6c99] + SimpleTraits v0.9.1
  [a2af1166] + SortingAlgorithms v0.3.1
  [276daf66] + SpecialFunctions v0.10.0
  [90137ffa] + StaticArrays v0.12.1
  [2913bbd2] + StatsBase v0.32.2
  [06e1c1a7] + TiledIteration v0.2.4
  [2a0f44e3] + Base64 
  [ade2ca70] + Dates 
  [8bb1440f] + DelimitedFiles 
  [8ba89e20] + Distributed 
  [b77e0a4c] + InteractiveUtils 
  [76f85450] + LibGit2 
  [8f399da3] + Libdl 
  [37e2e46d] + LinearAlgebra 
  [56ddb016] + Logging 
  [d6f4376e] + Markdown 
  [a63ad114] + Mmap 
  [44cfe95a] + Pkg 
  [de0858da] + Printf 
  [3fa0cd96] + REPL 
  [9a3f8284] + Random 
  [ea8e919c] + SHA 
  [9e88b42a] + Serialization 
  [1a1011a3] + SharedArrays 
  [6462fe0b] + Sockets 
  [2f01184e] + SparseArrays 
  [10745b16] + Statistics 
  [8dfed614] + Test 
  [cf7118a7] + UUIDs 
  [4ec0a83e] + Unicode 
   Building FFTW → `~/.julia/packages/FFTW/qqcBj/deps/build.log`
    Testing ImageQuilting
┌ Error: Pkg.Resolve.ResolverError("Unsatisfiable requirements detected for package Plots [91a5bcdd]:\n Plots [91a5bcdd] log:\n ├─possible versions are: [0.12.1-0.12.4, 0.13.0-0.13.1, 0.14.0-0.14.2, 0.15.0-0.15.1, 0.16.0, 0.17.0-0.17.4, 0.18.0, 0.19.0-0.19.3, 0.20.0-0.20.6, 0.21.0, 0.22.0-0.22.5, 0.23.0-0.23.2, 0.24.0, 0.25.0-0.25.3, 0.26.0-0.26.3, 0.27.0-0.27.1, 0.28.0-0.28.4, 0.29.0-0.29.9] or uninstalled\n ├─restricted to versions * by an explicit requirement, leaving only versions [0.12.1-0.12.4, 0.13.0-0.13.1, 0.14.0-0.14.2, 0.15.0-0.15.1, 0.16.0, 0.17.0-0.17.4, 0.18.0, 0.19.0-0.19.3, 0.20.0-0.20.6, 0.21.0, 0.22.0-0.22.5, 0.23.0-0.23.2, 0.24.0, 0.25.0-0.25.3, 0.26.0-0.26.3, 0.27.0-0.27.1, 0.28.0-0.28.4, 0.29.0-0.29.9]\n ├─restricted by compatibility requirements with FixedPointNumbers [53c48c17] to versions: 0.29.0-0.29.9 or uninstalled, leaving only versions: 0.29.0-0.29.9\n │ └─FixedPointNumbers [53c48c17] log:\n │   ├─possible versions are: [0.5.0-0.5.3, 0.6.0-0.6.1, 0.7.0-0.7.1, 0.8.0] or uninstalled\n │   └─restricted to versions 0.7.1 by an explicit requirement, leaving only versions 0.7.1\n └─restricted by compatibility requirements with RecipesBase [3cdcf5f2] to versions: [0.12.1-0.12.4, 0.13.0-0.13.1, 0.14.0-0.14.2, 0.15.0-0.15.1, 0.16.0, 0.17.0-0.17.4, 0.18.0, 0.19.0-0.19.3, 0.20.0-0.20.6, 0.21.0, 0.22.0-0.22.5, 0.23.0-0.23.2, 0.24.0, 0.25.0-0.25.3, 0.26.0-0.26.3, 0.27.0-0.27.1, 0.28.0-0.28.4] or uninstalled — no versions left\n   └─RecipesBase [3cdcf5f2] log:\n     ├─possible versions are: [0.4.0, 0.5.0, 0.6.0, 0.7.0, 0.8.0] or uninstalled\n     └─restricted to versions 0.7.0 by an explicit requirement, leaving only versions 0.7.0", nothing)
└ @ Pkg.Operations /buildworker/worker/package_linux64/build/usr/share/julia/stdlib/v1.4/Pkg/src/Operations.jl:1365
ERROR: Unsatisfiable requirements detected for package Parameters [d96e819e]:
 Parameters [d96e819e] log:
 ├─possible versions are: [0.9.1-0.9.2, 0.10.0-0.10.3, 0.11.0, 0.12.0] or uninstalled
 ├─restricted by compatibility requirements with GeoStatsBase [323cb8eb] to versions: 0.12.0
 │ └─GeoStatsBase [323cb8eb] log:
 │   ├─possible versions are: [0.2.0-0.2.6, 0.3.0-0.3.6, 0.4.0-0.4.3, 0.5.0, 0.6.0-0.6.4, 0.7.0-0.7.1] or uninstalled
 │   └─restricted to versions 0.7 by an explicit requirement, leaving only versions 0.7.0-0.7.1
 └─restricted by compatibility requirements with Optim [429524aa] to versions: [0.9.1-0.9.2, 0.10.0-0.10.3] — no versions left
   └─Optim [429524aa] log:
     ├─possible versions are: [0.15.3, 0.16.0, 0.17.0-0.17.2, 0.18.0-0.18.1, 0.19.0-0.19.7, 0.20.0-0.20.5] or uninstalled
     └─restricted by compatibility requirements with GeoStatsBase [323cb8eb] to versions: 0.18.0-0.18.1
       └─GeoStatsBase [323cb8eb] log: see above
Stacktrace:
 [1] propagate_constraints!(::Pkg.Resolve.Graph, ::Set{Int64}; log_events::Bool) at /buildworker/worker/package_linux64/build/usr/share/julia/stdlib/v1.4/Pkg/src/Resolve/graphtype.jl:1010
 [2] propagate_constraints! at /buildworker/worker/package_linux64/build/usr/share/julia/stdlib/v1.4/Pkg/src/Resolve/graphtype.jl:951 [inlined] (repeats 2 times)
 [3] simplify_graph!(::Pkg.Resolve.Graph, ::Set{Int64}; clean_graph::Bool) at /buildworker/worker/package_linux64/build/usr/share/julia/stdlib/v1.4/Pkg/src/Resolve/graphtype.jl:1465
 [4] simplify_graph! at /buildworker/worker/package_linux64/build/usr/share/julia/stdlib/v1.4/Pkg/src/Resolve/graphtype.jl:1465 [inlined] (repeats 2 times)
 [5] resolve_versions!(::Pkg.Types.Context, ::Array{Pkg.Types.PackageSpec,1}) at /buildworker/worker/package_linux64/build/usr/share/julia/stdlib/v1.4/Pkg/src/Operations.jl:341
 [6] up(::Pkg.Types.Context, ::Array{Pkg.Types.PackageSpec,1}, ::Pkg.Types.UpgradeLevel) at /buildworker/worker/package_linux64/build/usr/share/julia/stdlib/v1.4/Pkg/src/Operations.jl:1165
 [7] up(::Pkg.Types.Context, ::Array{Pkg.Types.PackageSpec,1}; level::Pkg.Types.UpgradeLevel, mode::Pkg.Types.PackageMode, update_registry::Bool, kwargs::Base.Iterators.Pairs{Symbol,Base.DevNull,Tuple{Symbol},NamedTuple{(:io,),Tuple{Base.DevNull}}}) at /buildworker/worker/package_linux64/build/usr/share/julia/stdlib/v1.4/Pkg/src/API.jl:224
 [8] up(::Pkg.Types.Context; kwargs::Base.Iterators.Pairs{Symbol,Any,NTuple{4,Symbol},NamedTuple{(:level, :mode, :update_registry, :io),Tuple{Pkg.Types.UpgradeLevel,Pkg.Types.PackageMode,Bool,Base.DevNull}}}) at /buildworker/worker/package_linux64/build/usr/share/julia/stdlib/v1.4/Pkg/src/API.jl:192
 [9] resolve(::Pkg.Types.Context; kwargs::Base.Iterators.Pairs{Symbol,Base.DevNull,Tuple{Symbol},NamedTuple{(:io,),Tuple{Base.DevNull}}}) at /buildworker/worker/package_linux64/build/usr/share/julia/stdlib/v1.4/Pkg/src/API.jl:230
 [10] (::Pkg.Operations.var"#85#89"{String,Pkg.Operations.var"#95#96"{Bool,Cmd,Cmd,Nothing,Pkg.Types.Context,Array{String,1},String,Pkg.Types.PackageSpec},Pkg.Types.PackageSpec})() at /buildworker/worker/package_linux64/build/usr/share/julia/stdlib/v1.4/Pkg/src/Operations.jl:1367
 [11] with_temp_env(::Pkg.Operations.var"#85#89"{String,Pkg.Operations.var"#95#96"{Bool,Cmd,Cmd,Nothing,Pkg.Types.Context,Array{String,1},String,Pkg.Types.PackageSpec},Pkg.Types.PackageSpec}, ::String) at /buildworker/worker/package_linux64/build/usr/share/julia/stdlib/v1.4/Pkg/src/Operations.jl:1286
 [12] (::Pkg.Operations.var"#84#88"{Pkg.Operations.var"#95#96"{Bool,Cmd,Cmd,Nothing,Pkg.Types.Context,Array{String,1},String,Pkg.Types.PackageSpec},Pkg.Types.Context,Pkg.Types.PackageSpec,String,Pkg.Types.Project,String})(::String) at /buildworker/worker/package_linux64/build/usr/share/julia/stdlib/v1.4/Pkg/src/Operations.jl:1357
 [13] mktempdir(::Pkg.Operations.var"#84#88"{Pkg.Operations.var"#95#96"{Bool,Cmd,Cmd,Nothing,Pkg.Types.Context,Array{String,1},String,Pkg.Types.PackageSpec},Pkg.Types.Context,Pkg.Types.PackageSpec,String,Pkg.Types.Project,String}, ::String; prefix::String) at ./file.jl:682
 [14] mktempdir(::Function, ::String) at ./file.jl:680 (repeats 2 times)
 [15] sandbox(::Function, ::Pkg.Types.Context, ::Pkg.Types.PackageSpec, ::String, ::String, ::Pkg.Types.Project) at /buildworker/worker/package_linux64/build/usr/share/julia/stdlib/v1.4/Pkg/src/Operations.jl:1324
 [16] test(::Pkg.Types.Context, ::Array{Pkg.Types.PackageSpec,1}; coverage::Bool, julia_args::Cmd, test_args::Cmd, test_fn::Nothing) at /buildworker/worker/package_linux64/build/usr/share/julia/stdlib/v1.4/Pkg/src/Operations.jl:1488
 [17] test(::Pkg.Types.Context, ::Array{Pkg.Types.PackageSpec,1}; coverage::Bool, test_fn::Nothing, julia_args::Cmd, test_args::Cmd, kwargs::Base.Iterators.Pairs{Union{},Union{},Tuple{},NamedTuple{(),Tuple{}}}) at /buildworker/worker/package_linux64/build/usr/share/julia/stdlib/v1.4/Pkg/src/API.jl:316
 [18] test(::Pkg.Types.Context, ::Array{Pkg.Types.PackageSpec,1}) at /buildworker/worker/package_linux64/build/usr/share/julia/stdlib/v1.4/Pkg/src/API.jl:303
 [19] #test#68 at /buildworker/worker/package_linux64/build/usr/share/julia/stdlib/v1.4/Pkg/src/API.jl:297 [inlined]
 [20] test at /buildworker/worker/package_linux64/build/usr/share/julia/stdlib/v1.4/Pkg/src/API.jl:297 [inlined]
 [21] #test#67 at /buildworker/worker/package_linux64/build/usr/share/julia/stdlib/v1.4/Pkg/src/API.jl:296 [inlined]
 [22] test at /buildworker/worker/package_linux64/build/usr/share/julia/stdlib/v1.4/Pkg/src/API.jl:296 [inlined]
 [23] test(::String; kwargs::Base.Iterators.Pairs{Union{},Union{},Tuple{},NamedTuple{(),Tuple{}}}) at /buildworker/worker/package_linux64/build/usr/share/julia/stdlib/v1.4/Pkg/src/API.jl:295
 [24] test(::String) at /buildworker/worker/package_linux64/build/usr/share/julia/stdlib/v1.4/Pkg/src/API.jl:295
 [25] top-level scope at none:16
caused by [exception 1]
Unsatisfiable requirements detected for package Plots [91a5bcdd]:
 Plots [91a5bcdd] log:
 ├─possible versions are: [0.12.1-0.12.4, 0.13.0-0.13.1, 0.14.0-0.14.2, 0.15.0-0.15.1, 0.16.0, 0.17.0-0.17.4, 0.18.0, 0.19.0-0.19.3, 0.20.0-0.20.6, 0.21.0, 0.22.0-0.22.5, 0.23.0-0.23.2, 0.24.0, 0.25.0-0.25.3, 0.26.0-0.26.3, 0.27.0-0.27.1, 0.28.0-0.28.4, 0.29.0-0.29.9] or uninstalled
 ├─restricted to versions * by an explicit requirement, leaving only versions [0.12.1-0.12.4, 0.13.0-0.13.1, 0.14.0-0.14.2, 0.15.0-0.15.1, 0.16.0, 0.17.0-0.17.4, 0.18.0, 0.19.0-0.19.3, 0.20.0-0.20.6, 0.21.0, 0.22.0-0.22.5, 0.23.0-0.23.2, 0.24.0, 0.25.0-0.25.3, 0.26.0-0.26.3, 0.27.0-0.27.1, 0.28.0-0.28.4, 0.29.0-0.29.9]
 ├─restricted by compatibility requirements with FixedPointNumbers [53c48c17] to versions: 0.29.0-0.29.9 or uninstalled, leaving only versions: 0.29.0-0.29.9
 │ └─FixedPointNumbers [53c48c17] log:
 │   ├─possible versions are: [0.5.0-0.5.3, 0.6.0-0.6.1, 0.7.0-0.7.1, 0.8.0] or uninstalled
 │   └─restricted to versions 0.7.1 by an explicit requirement, leaving only versions 0.7.1
 └─restricted by compatibility requirements with RecipesBase [3cdcf5f2] to versions: [0.12.1-0.12.4, 0.13.0-0.13.1, 0.14.0-0.14.2, 0.15.0-0.15.1, 0.16.0, 0.17.0-0.17.4, 0.18.0, 0.19.0-0.19.3, 0.20.0-0.20.6, 0.21.0, 0.22.0-0.22.5, 0.23.0-0.23.2, 0.24.0, 0.25.0-0.25.3, 0.26.0-0.26.3, 0.27.0-0.27.1, 0.28.0-0.28.4] or uninstalled — no versions left
   └─RecipesBase [3cdcf5f2] log:
     ├─possible versions are: [0.4.0, 0.5.0, 0.6.0, 0.7.0, 0.8.0] or uninstalled
     └─restricted to versions 0.7.0 by an explicit requirement, leaving only versions 0.7.0
Stacktrace:
 [1] propagate_constraints!(::Pkg.Resolve.Graph, ::Set{Int64}; log_events::Bool) at /buildworker/worker/package_linux64/build/usr/share/julia/stdlib/v1.4/Pkg/src/Resolve/graphtype.jl:1010
 [2] propagate_constraints! at /buildworker/worker/package_linux64/build/usr/share/julia/stdlib/v1.4/Pkg/src/Resolve/graphtype.jl:951 [inlined] (repeats 2 times)
 [3] simplify_graph!(::Pkg.Resolve.Graph, ::Set{Int64}; clean_graph::Bool) at /buildworker/worker/package_linux64/build/usr/share/julia/stdlib/v1.4/Pkg/src/Resolve/graphtype.jl:1465
 [4] simplify_graph! at /buildworker/worker/package_linux64/build/usr/share/julia/stdlib/v1.4/Pkg/src/Resolve/graphtype.jl:1465 [inlined] (repeats 2 times)
 [5] resolve_versions!(::Pkg.Types.Context, ::Array{Pkg.Types.PackageSpec,1}) at /buildworker/worker/package_linux64/build/usr/share/julia/stdlib/v1.4/Pkg/src/Operations.jl:341
 [6] up(::Pkg.Types.Context, ::Array{Pkg.Types.PackageSpec,1}, ::Pkg.Types.UpgradeLevel) at /buildworker/worker/package_linux64/build/usr/share/julia/stdlib/v1.4/Pkg/src/Operations.jl:1165
 [7] up(::Pkg.Types.Context, ::Array{Pkg.Types.PackageSpec,1}; level::Pkg.Types.UpgradeLevel, mode::Pkg.Types.PackageMode, update_registry::Bool, kwargs::Base.Iterators.Pairs{Symbol,Base.DevNull,Tuple{Symbol},NamedTuple{(:io,),Tuple{Base.DevNull}}}) at /buildworker/worker/package_linux64/build/usr/share/julia/stdlib/v1.4/Pkg/src/API.jl:224
 [8] up(::Pkg.Types.Context; kwargs::Base.Iterators.Pairs{Symbol,Any,NTuple{4,Symbol},NamedTuple{(:level, :mode, :update_registry, :io),Tuple{Pkg.Types.UpgradeLevel,Pkg.Types.PackageMode,Bool,Base.DevNull}}}) at /buildworker/worker/package_linux64/build/usr/share/julia/stdlib/v1.4/Pkg/src/API.jl:192
 [9] resolve(::Pkg.Types.Context; kwargs::Base.Iterators.Pairs{Symbol,Base.DevNull,Tuple{Symbol},NamedTuple{(:io,),Tuple{Base.DevNull}}}) at /buildworker/worker/package_linux64/build/usr/share/julia/stdlib/v1.4/Pkg/src/API.jl:230
 [10] resolve(; kwargs::Base.Iterators.Pairs{Symbol,Base.DevNull,Tuple{Symbol},NamedTuple{(:io,),Tuple{Base.DevNull}}}) at /buildworker/worker/package_linux64/build/usr/share/julia/stdlib/v1.4/Pkg/src/API.jl:228
 [11] (::Pkg.Operations.var"#85#89"{String,Pkg.Operations.var"#95#96"{Bool,Cmd,Cmd,Nothing,Pkg.Types.Context,Array{String,1},String,Pkg.Types.PackageSpec},Pkg.Types.PackageSpec})() at /buildworker/worker/package_linux64/build/usr/share/julia/stdlib/v1.4/Pkg/src/Operations.jl:1362
 [12] with_temp_env(::Pkg.Operations.var"#85#89"{String,Pkg.Operations.var"#95#96"{Bool,Cmd,Cmd,Nothing,Pkg.Types.Context,Array{String,1},String,Pkg.Types.PackageSpec},Pkg.Types.PackageSpec}, ::String) at /buildworker/worker/package_linux64/build/usr/share/julia/stdlib/v1.4/Pkg/src/Operations.jl:1286
 [13] (::Pkg.Operations.var"#84#88"{Pkg.Operations.var"#95#96"{Bool,Cmd,Cmd,Nothing,Pkg.Types.Context,Array{String,1},String,Pkg.Types.PackageSpec},Pkg.Types.Context,Pkg.Types.PackageSpec,String,Pkg.Types.Project,String})(::String) at /buildworker/worker/package_linux64/build/usr/share/julia/stdlib/v1.4/Pkg/src/Operations.jl:1357
 [14] mktempdir(::Pkg.Operations.var"#84#88"{Pkg.Operations.var"#95#96"{Bool,Cmd,Cmd,Nothing,Pkg.Types.Context,Array{String,1},String,Pkg.Types.PackageSpec},Pkg.Types.Context,Pkg.Types.PackageSpec,String,Pkg.Types.Project,String}, ::String; prefix::String) at ./file.jl:682
 [15] mktempdir(::Function, ::String) at ./file.jl:680 (repeats 2 times)
 [16] sandbox(::Function, ::Pkg.Types.Context, ::Pkg.Types.PackageSpec, ::String, ::String, ::Pkg.Types.Project) at /buildworker/worker/package_linux64/build/usr/share/julia/stdlib/v1.4/Pkg/src/Operations.jl:1324
 [17] test(::Pkg.Types.Context, ::Array{Pkg.Types.PackageSpec,1}; coverage::Bool, julia_args::Cmd, test_args::Cmd, test_fn::Nothing) at /buildworker/worker/package_linux64/build/usr/share/julia/stdlib/v1.4/Pkg/src/Operations.jl:1488
 [18] test(::Pkg.Types.Context, ::Array{Pkg.Types.PackageSpec,1}; coverage::Bool, test_fn::Nothing, julia_args::Cmd, test_args::Cmd, kwargs::Base.Iterators.Pairs{Union{},Union{},Tuple{},NamedTuple{(),Tuple{}}}) at /buildworker/worker/package_linux64/build/usr/share/julia/stdlib/v1.4/Pkg/src/API.jl:316
 [19] test(::Pkg.Types.Context, ::Array{Pkg.Types.PackageSpec,1}) at /buildworker/worker/package_linux64/build/usr/share/julia/stdlib/v1.4/Pkg/src/API.jl:303
 [20] #test#68 at /buildworker/worker/package_linux64/build/usr/share/julia/stdlib/v1.4/Pkg/src/API.jl:297 [inlined]
 [21] test at /buildworker/worker/package_linux64/build/usr/share/julia/stdlib/v1.4/Pkg/src/API.jl:297 [inlined]
 [22] #test#67 at /buildworker/worker/package_linux64/build/usr/share/julia/stdlib/v1.4/Pkg/src/API.jl:296 [inlined]
 [23] test at /buildworker/worker/package_linux64/build/usr/share/julia/stdlib/v1.4/Pkg/src/API.jl:296 [inlined]
 [24] test(::String; kwargs::Base.Iterators.Pairs{Union{},Union{},Tuple{},NamedTuple{(),Tuple{}}}) at /buildworker/worker/package_linux64/build/usr/share/julia/stdlib/v1.4/Pkg/src/API.jl:295
 [25] test(::String) at /buildworker/worker/package_linux64/build/usr/share/julia/stdlib/v1.4/Pkg/src/API.jl:295
 [26] top-level scope at none:16
