Julia Version 1.4.0
Commit b8e9a9ecc6 (2020-03-21 16:36 UTC)
Platform Info:
  OS: Linux (x86_64-pc-linux-gnu)
  CPU: AMD Ryzen Threadripper 2990WX 32-Core Processor
  WORD_SIZE: 64
  LIBM: libopenlibm
  LLVM: libLLVM-8.0.1 (ORCJIT, znver1)
Environment:
  JULIA_DEPOT_PATH = ::/usr/local/share/julia
  JULIA_NUM_THREADS = 2

  Resolving package versions...
  Installed MKL_jll ────────────────────── v2019.0.117+2
  Installed LazyBandedMatrices ─────────── v0.2.1
  Installed FillArrays ─────────────────── v0.8.5
  Installed SpecialFunctions ───────────── v0.10.0
  Installed InfiniteLinearAlgebra ──────── v0.2.0
  Installed MacroTools ─────────────────── v0.5.5
  Installed BlockBandedMatrices ────────── v0.7.1
  Installed MatrixFactorizations ───────── v0.2.1
  Installed FFTW_jll ───────────────────── v3.3.9+4
  Installed BandedMatrices ─────────────── v0.14.3
  Installed AbstractFFTs ───────────────── v0.5.0
  Installed Polynomials ────────────────── v0.6.1
  Installed IntelOpenMP_jll ────────────── v2018.0.3+0
  Installed OpenSpecFun_jll ────────────── v0.5.3+3
    Cloning [3cdcf5f2-1ef4-517c-9805-6587b60abb01] RecipesBase from https://github.com/JuliaPlots/RecipesBase.jl.git
[?25l    Fetching: [>                                        ]  0.0 %[2K[?25h  Installed RecipesBase ────────────────── v0.8.0
    Cloning [189a3867-3050-52da-a836-e630ba90ab69] Reexport from https://github.com/simonster/Reexport.jl.git
[?25l    Fetching: [>                                        ]  0.0 %[2K[?25h  Installed Reexport ───────────────────── v0.2.0
    Cloning [c8e1da08-722c-5040-9ed9-7db0dc04731e] IterTools from https://github.com/JuliaCollections/IterTools.jl.git
[?25l    Fetching: [>                                        ]  0.0 %[2K[?25h  Installed IterTools ──────────────────── v1.3.0
    Cloning [5078a376-72f3-5289-bfd5-ec5146d43c02] LazyArrays from https://github.com/JuliaArrays/LazyArrays.jl.git
[?25l    Fetching: [>                                        ]  0.0 %    Resolving Deltas: [==================>                      ]  43.5 %[2K[?25h  Installed LazyArrays ─────────────────── v0.15.1
    Cloning [4858937d-0d70-526a-a4dd-2d5cb5dd786c] InfiniteArrays from https://github.com/JuliaArrays/InfiniteArrays.jl.git
[?25l    Fetching: [>                                        ]  0.0 %[2K[?25h  Installed InfiniteArrays ─────────────── v0.6.1
    Cloning [4c555306-a7a7-4459-81d9-ec55ddd5c99a] ArrayLayouts from https://github.com/JuliaMatrices/ArrayLayouts.jl.git
[?25l    Fetching: [>                                        ]  0.0 %[2K[?25h  Installed ArrayLayouts ───────────────── v0.1.5
    Cloning [90137ffa-7385-5640-81b9-e52037218182] StaticArrays from https://github.com/JuliaArrays/StaticArrays.jl.git
[?25l    Fetching: [>                                        ]  0.0 %[2K[?25h  Installed StaticArrays ───────────────── v0.12.1
    Cloning [717857b8-e6f2-59f4-9121-6e50c889abd2] DSP from https://github.com/JuliaDSP/DSP.jl.git
[?25l    Fetching: [>                                        ]  0.0 %[2K[?25h  Installed DSP ────────────────────────── v0.6.3
    Cloning [8e7c35d0-a365-5155-bbbb-fb81a777f24e] BlockArrays from https://github.com/JuliaArrays/BlockArrays.jl.git
[?25l    Fetching: [>                                        ]  0.0 %[2K[?25h  Installed BlockArrays ────────────────── v0.11.1
    Cloning [e66e0078-7015-5450-92f7-15fbd957f2ae] CompilerSupportLibraries_jll from https://github.com/JuliaBinaryWrappers/CompilerSupportLibraries_jll.jl.git
[?25l    Fetching: [>                                        ]  0.0 %[2K[?25h  Installed CompilerSupportLibraries_jll ─ v0.3.1+0
    Cloning [7a1cc6ca-52ef-59f5-83cd-3a7055c09341] FFTW from https://github.com/JuliaMath/FFTW.jl.git
[?25l    Fetching: [>                                        ]  0.0 %[2K[?25h  Installed FFTW ───────────────────────── v1.2.0
   Updating `~/.julia/environments/v1.4/Project.toml`
  [cde9dba0] + InfiniteLinearAlgebra v0.2.0
   Updating `~/.julia/environments/v1.4/Manifest.toml`
  [621f4979] + AbstractFFTs v0.5.0
  [4c555306] + ArrayLayouts v0.1.5
  [aae01518] + BandedMatrices v0.14.3
  [8e7c35d0] + BlockArrays v0.11.1
  [ffab5731] + BlockBandedMatrices v0.7.1
  [e66e0078] + CompilerSupportLibraries_jll v0.3.1+0
  [717857b8] + DSP v0.6.3
  [7a1cc6ca] + FFTW v1.2.0
  [f5851436] + FFTW_jll v3.3.9+4
  [1a297f60] + FillArrays v0.8.5
  [4858937d] + InfiniteArrays v0.6.1
  [cde9dba0] + InfiniteLinearAlgebra v0.2.0
  [1d5cc7b8] + IntelOpenMP_jll v2018.0.3+0
  [c8e1da08] + IterTools v1.3.0
  [5078a376] + LazyArrays v0.15.1
  [d7e5e226] + LazyBandedMatrices v0.2.1
  [856f044c] + MKL_jll v2019.0.117+2
  [1914dd2f] + MacroTools v0.5.5
  [a3b82374] + MatrixFactorizations v0.2.1
  [efe28fd5] + OpenSpecFun_jll v0.5.3+3
  [f27b6e38] + Polynomials v0.6.1
  [3cdcf5f2] + RecipesBase v0.8.0
  [189a3867] + Reexport v0.2.0
  [276daf66] + SpecialFunctions v0.10.0
  [90137ffa] + StaticArrays v0.12.1
  [2a0f44e3] + Base64 
  [ade2ca70] + Dates 
  [8ba89e20] + Distributed 
  [b77e0a4c] + InteractiveUtils 
  [76f85450] + LibGit2 
  [8f399da3] + Libdl 
  [37e2e46d] + LinearAlgebra 
  [56ddb016] + Logging 
  [d6f4376e] + Markdown 
  [a63ad114] + Mmap 
  [44cfe95a] + Pkg 
  [de0858da] + Printf 
  [3fa0cd96] + REPL 
  [9a3f8284] + Random 
  [ea8e919c] + SHA 
  [9e88b42a] + Serialization 
  [1a1011a3] + SharedArrays 
  [6462fe0b] + Sockets 
  [2f01184e] + SparseArrays 
  [10745b16] + Statistics 
  [8dfed614] + Test 
  [cf7118a7] + UUIDs 
  [4ec0a83e] + Unicode 
   Building FFTW → `~/.julia/packages/FFTW/qqcBj/deps/build.log`
    Testing InfiniteLinearAlgebra
Status `/tmp/jl_jPHGLs/Manifest.toml`
  [621f4979] AbstractFFTs v0.5.0
  [4c555306] ArrayLayouts v0.1.5
  [aae01518] BandedMatrices v0.14.3
  [8e7c35d0] BlockArrays v0.11.1
  [ffab5731] BlockBandedMatrices v0.7.1
  [e66e0078] CompilerSupportLibraries_jll v0.3.1+0
  [717857b8] DSP v0.6.3
  [7a1cc6ca] FFTW v1.2.0
  [f5851436] FFTW_jll v3.3.9+4
  [1a297f60] FillArrays v0.8.5
  [4858937d] InfiniteArrays v0.6.1
  [cde9dba0] InfiniteLinearAlgebra v0.2.0
  [1d5cc7b8] IntelOpenMP_jll v2018.0.3+0
  [c8e1da08] IterTools v1.3.0
  [5078a376] LazyArrays v0.15.1
  [d7e5e226] LazyBandedMatrices v0.2.1
  [856f044c] MKL_jll v2019.0.117+2
  [1914dd2f] MacroTools v0.5.5
  [a3b82374] MatrixFactorizations v0.2.1
  [efe28fd5] OpenSpecFun_jll v0.5.3+3
  [f27b6e38] Polynomials v0.6.1
  [3cdcf5f2] RecipesBase v0.8.0
  [189a3867] Reexport v0.2.0
  [276daf66] SpecialFunctions v0.10.0
  [90137ffa] StaticArrays v0.12.1
  [2a0f44e3] Base64 
  [ade2ca70] Dates 
  [8ba89e20] Distributed 
  [b77e0a4c] InteractiveUtils 
  [76f85450] LibGit2 
  [8f399da3] Libdl 
  [37e2e46d] LinearAlgebra 
  [56ddb016] Logging 
  [d6f4376e] Markdown 
  [a63ad114] Mmap 
  [44cfe95a] Pkg 
  [de0858da] Printf 
  [3fa0cd96] REPL 
  [9a3f8284] Random 
  [ea8e919c] SHA 
  [9e88b42a] Serialization 
  [1a1011a3] SharedArrays 
  [6462fe0b] Sockets 
  [2f01184e] SparseArrays 
  [10745b16] Statistics 
  [8dfed614] Test 
  [cf7118a7] UUIDs 
  [4ec0a83e] Unicode 
Test Summary: | Pass  Total
∞-banded      |    3      3
Test Summary:  | Pass  Total
∞-block arrays |    5      5
Test Summary:                | Pass  Total
∞-Toeplitz and Pert-Toeplitz |   16     16
Test Summary: | Pass  Broken  Total
Algebra       |   53       1     54
Test Summary: | Pass  Total
HessenbergQ   |   28     28
Test Summary: | Pass  Total
Inf QL        |   75     75
  0.575236 seconds (1.39 M allocations: 77.849 MiB, 11.59% gc time)
  0.011906 seconds (4.58 k allocations: 1.938 MiB)
  0.772128 seconds (1.83 M allocations: 100.669 MiB, 11.64% gc time)
Test Summary: | Pass  Total
Adaptive QR   |   51     51
    Testing InfiniteLinearAlgebra tests passed 
