Julia Version 1.4.0
Commit b8e9a9ecc6 (2020-03-21 16:36 UTC)
Platform Info:
  OS: Linux (x86_64-pc-linux-gnu)
  CPU: AMD Ryzen Threadripper 2990WX 32-Core Processor
  WORD_SIZE: 64
  LIBM: libopenlibm
  LLVM: libLLVM-8.0.1 (ORCJIT, znver1)
Environment:
  JULIA_DEPOT_PATH = ::/usr/local/share/julia
  JULIA_NUM_THREADS = 2

  Resolving package versions...
  Installed MbedTLS_jll ───────── v2.16.0+1
  Installed IniFile ───────────── v0.5.0
  Installed Parsers ───────────── v0.3.12
  Installed BinaryProvider ────── v0.5.8
  Installed HTTP ──────────────── v0.8.13
  Installed JSON ──────────────── v0.21.0
  Installed AbstractAlgebra ───── v0.8.1
  Installed Nemo ──────────────── v0.16.4
    Cloning [6e4b80f9-dd63-53aa-95a3-0cdb28fa8baf] BenchmarkTools from https://github.com/JuliaCI/BenchmarkTools.jl.git
[?25l    Fetching: [>                                        ]  0.0 %[2K[?25h  Installed BenchmarkTools ────── v0.4.3
    Cloning [715aea54-2823-4197-8122-618b5e027a3f] IntegerTriangles from https://github.com/OpenLibMathSeq/IntegerTriangles.jl.git
[?25l    Fetching: [>                                        ]  0.0 %    Fetching: [====================>                    ]  47.9 %[2K[?25h  Installed IntegerTriangles ──── v0.1.0
    Cloning [739be429-bea8-5141-9913-cc70e7f3736d] MbedTLS from https://github.com/JuliaLang/MbedTLS.jl.git
[?25l    Fetching: [>                                        ]  0.0 %[2K[?25h  Installed MbedTLS ───────────── v1.0.1
    Cloning [ffbed154-4ef7-542d-bbb7-c09d3a79fcae] DocStringExtensions from https://github.com/JuliaDocs/DocStringExtensions.jl.git
[?25l    Fetching: [>                                        ]  0.0 %[2K[?25h  Installed DocStringExtensions ─ v0.8.1
   Updating `~/.julia/environments/v1.4/Project.toml`
  [715aea54] + IntegerTriangles v0.1.0
   Updating `~/.julia/environments/v1.4/Manifest.toml`
  [c3fe647b] + AbstractAlgebra v0.8.1
  [6e4b80f9] + BenchmarkTools v0.4.3
  [b99e7846] + BinaryProvider v0.5.8
  [ffbed154] + DocStringExtensions v0.8.1
  [cd3eb016] + HTTP v0.8.13
  [83e8ac13] + IniFile v0.5.0
  [715aea54] + IntegerTriangles v0.1.0
  [682c06a0] + JSON v0.21.0
  [739be429] + MbedTLS v1.0.1
  [c8ffd9c3] + MbedTLS_jll v2.16.0+1
  [2edaba10] + Nemo v0.16.4
  [69de0a69] + Parsers v0.3.12
  [2a0f44e3] + Base64 
  [ade2ca70] + Dates 
  [8ba89e20] + Distributed 
  [b77e0a4c] + InteractiveUtils 
  [76f85450] + LibGit2 
  [8f399da3] + Libdl 
  [37e2e46d] + LinearAlgebra 
  [56ddb016] + Logging 
  [d6f4376e] + Markdown 
  [a63ad114] + Mmap 
  [44cfe95a] + Pkg 
  [de0858da] + Printf 
  [3fa0cd96] + REPL 
  [9a3f8284] + Random 
  [ea8e919c] + SHA 
  [9e88b42a] + Serialization 
  [6462fe0b] + Sockets 
  [2f01184e] + SparseArrays 
  [10745b16] + Statistics 
  [8dfed614] + Test 
  [cf7118a7] + UUIDs 
  [4ec0a83e] + Unicode 
   Building Nemo → `~/.julia/packages/Nemo/xJHVO/deps/build.log`
┌ Error: Error building `Nemo`: 
│ ┌ Error: Download failed: curl: (22) The requested URL returned error: 401 UNAUTHORIZED
│ └ @ Base download.jl:43
│ ERROR: LoadError: failed process: Process(`curl -s -S -g -L -f -o /home/pkgeval/.julia/packages/Nemo/xJHVO/deps/build_GMP.v6.1.2.jl https://github.com/JuliaPackaging/Yggdrasil/releases/download/GMP-v6.1.2-1/build_GMP.v6.1.2.jl`, ProcessExited(22)) [22]
│ 
│ Stacktrace:
│  [1] pipeline_error at ./process.jl:525 [inlined]
│  [2] download_curl(::String, ::String, ::String) at ./download.jl:44
│  [3] download(::String, ::String) at ./download.jl:62
│  [4] top-level scope at /home/pkgeval/.julia/packages/Nemo/xJHVO/deps/build.jl:32
│  [5] include(::String) at ./client.jl:439
│  [6] top-level scope at none:5
│ in expression starting at /home/pkgeval/.julia/packages/Nemo/xJHVO/deps/build.jl:14
└ @ Pkg.Operations /buildworker/worker/package_linux64/build/usr/share/julia/stdlib/v1.4/Pkg/src/Operations.jl:892
    Testing IntegerTriangles
Status `/tmp/jl_hVBkAw/Manifest.toml`
  [c3fe647b] AbstractAlgebra v0.8.1
  [6e4b80f9] BenchmarkTools v0.4.3
  [b99e7846] BinaryProvider v0.5.8
  [ffbed154] DocStringExtensions v0.8.1
  [cd3eb016] HTTP v0.8.13
  [83e8ac13] IniFile v0.5.0
  [715aea54] IntegerTriangles v0.1.0
  [682c06a0] JSON v0.21.0
  [739be429] MbedTLS v1.0.1
  [c8ffd9c3] MbedTLS_jll v2.16.0+1
  [2edaba10] Nemo v0.16.4
  [69de0a69] Parsers v0.3.12
  [2a0f44e3] Base64 
  [ade2ca70] Dates 
  [8ba89e20] Distributed 
  [b77e0a4c] InteractiveUtils 
  [76f85450] LibGit2 
  [8f399da3] Libdl 
  [37e2e46d] LinearAlgebra 
  [56ddb016] Logging 
  [d6f4376e] Markdown 
  [a63ad114] Mmap 
  [44cfe95a] Pkg 
  [de0858da] Printf 
  [3fa0cd96] REPL 
  [9a3f8284] Random 
  [ea8e919c] SHA 
  [9e88b42a] Serialization 
  [6462fe0b] Sockets 
  [2f01184e] SparseArrays 
  [10745b16] Statistics 
  [8dfed614] Test 
  [cf7118a7] UUIDs 
  [4ec0a83e] Unicode 
ERROR: LoadError: InitError: could not load library "/home/pkgeval/.julia/packages/Nemo/xJHVO/deps/usr/lib/libgmp"
/home/pkgeval/.julia/packages/Nemo/xJHVO/deps/usr/lib/libgmp.so: cannot open shared object file: No such file or directory
Stacktrace:
 [1] dlopen(::String, ::UInt32; throw_error::Bool) at /buildworker/worker/package_linux64/build/usr/share/julia/stdlib/v1.4/Libdl/src/Libdl.jl:109
 [2] dlopen at /buildworker/worker/package_linux64/build/usr/share/julia/stdlib/v1.4/Libdl/src/Libdl.jl:109 [inlined] (repeats 2 times)
 [3] __init__() at /home/pkgeval/.julia/packages/Nemo/xJHVO/src/Nemo.jl:231
 [4] _include_from_serialized(::String, ::Array{Any,1}) at ./loading.jl:697
 [5] _require_from_serialized(::String) at ./loading.jl:748
 [6] _require(::Base.PkgId) at ./loading.jl:1039
 [7] require(::Base.PkgId) at ./loading.jl:927
 [8] require(::Module, ::Symbol) at ./loading.jl:922
 [9] include(::String) at ./client.jl:439
 [10] top-level scope at none:6
during initialization of module Nemo
in expression starting at /home/pkgeval/.julia/packages/IntegerTriangles/4ylIr/test/runtests.jl:15
ERROR: Package IntegerTriangles errored during testing
Stacktrace:
 [1] pkgerror(::String, ::Vararg{String,N} where N) at /buildworker/worker/package_linux64/build/usr/share/julia/stdlib/v1.4/Pkg/src/Types.jl:53
 [2] test(::Pkg.Types.Context, ::Array{Pkg.Types.PackageSpec,1}; coverage::Bool, julia_args::Cmd, test_args::Cmd, test_fn::Nothing) at /buildworker/worker/package_linux64/build/usr/share/julia/stdlib/v1.4/Pkg/src/Operations.jl:1503
 [3] test(::Pkg.Types.Context, ::Array{Pkg.Types.PackageSpec,1}; coverage::Bool, test_fn::Nothing, julia_args::Cmd, test_args::Cmd, kwargs::Base.Iterators.Pairs{Union{},Union{},Tuple{},NamedTuple{(),Tuple{}}}) at /buildworker/worker/package_linux64/build/usr/share/julia/stdlib/v1.4/Pkg/src/API.jl:316
 [4] test(::Pkg.Types.Context, ::Array{Pkg.Types.PackageSpec,1}) at /buildworker/worker/package_linux64/build/usr/share/julia/stdlib/v1.4/Pkg/src/API.jl:303
 [5] #test#68 at /buildworker/worker/package_linux64/build/usr/share/julia/stdlib/v1.4/Pkg/src/API.jl:297 [inlined]
 [6] test at /buildworker/worker/package_linux64/build/usr/share/julia/stdlib/v1.4/Pkg/src/API.jl:297 [inlined]
 [7] #test#67 at /buildworker/worker/package_linux64/build/usr/share/julia/stdlib/v1.4/Pkg/src/API.jl:296 [inlined]
 [8] test at /buildworker/worker/package_linux64/build/usr/share/julia/stdlib/v1.4/Pkg/src/API.jl:296 [inlined]
 [9] test(::String; kwargs::Base.Iterators.Pairs{Union{},Union{},Tuple{},NamedTuple{(),Tuple{}}}) at /buildworker/worker/package_linux64/build/usr/share/julia/stdlib/v1.4/Pkg/src/API.jl:295
 [10] test(::String) at /buildworker/worker/package_linux64/build/usr/share/julia/stdlib/v1.4/Pkg/src/API.jl:295
 [11] top-level scope at none:16
