Julia Version 1.4.0
Commit b8e9a9ecc6 (2020-03-21 16:36 UTC)
Platform Info:
  OS: Linux (x86_64-pc-linux-gnu)
  CPU: AMD Ryzen Threadripper 2990WX 32-Core Processor
  WORD_SIZE: 64
  LIBM: libopenlibm
  LLVM: libLLVM-8.0.1 (ORCJIT, znver1)
Environment:
  JULIA_DEPOT_PATH = ::/usr/local/share/julia
  JULIA_NUM_THREADS = 2

  Resolving package versions...
  Installed SetRounding ───────── v0.2.0
  Installed RecipesBase ───────── v0.8.0
    Cloning [d1acc4aa-44c8-5952-acd4-ba5d80a2a253] IntervalArithmetic from https://github.com/JuliaIntervals/IntervalArithmetic.jl.git
[?25l    Fetching: [>                                        ]  0.0 %[2K[?25h  Installed IntervalArithmetic ── v0.16.1
    Cloning [15111844-de3b-5229-b4ba-526f2f385dc9] IntervalContractors from https://github.com/JuliaIntervals/IntervalContractors.jl.git
[?25l    Fetching: [>                                        ]  0.0 %[2K[?25h  Installed IntervalContractors ─ v0.4.1
    Cloning [fa42c844-2597-5d31-933b-ebd51ab2693f] FastRounding from https://github.com/JeffreySarnoff/FastRounding.jl.git
[?25l    Fetching: [>                                        ]  0.0 %[2K[?25h  Installed FastRounding ──────── v0.3.1
    Cloning [90137ffa-7385-5640-81b9-e52037218182] StaticArrays from https://github.com/JuliaArrays/StaticArrays.jl.git
[?25l    Fetching: [>                                        ]  0.0 %[2K[?25h  Installed StaticArrays ──────── v0.12.1
    Cloning [90fa49ef-747e-5e6f-a989-263ba693cf1a] ErrorfreeArithmetic from https://github.com/JeffreySarnoff/ErrorfreeArithmetic.jl.git
[?25l    Fetching: [>                                        ]  0.0 %[2K[?25h  Installed ErrorfreeArithmetic ─ v0.5.0
    Cloning [96374032-68de-5a5b-8d9e-752f78720389] CRlibm from https://github.com/JuliaIntervals/CRlibm.jl.git
[?25l    Fetching: [>                                        ]  0.0 %    Fetching: [=============>                           ]  30.7 %[2K[?25h  Installed CRlibm ────────────── v0.8.0
   Updating `~/.julia/environments/v1.4/Project.toml`
  [15111844] + IntervalContractors v0.4.1
   Updating `~/.julia/environments/v1.4/Manifest.toml`
  [96374032] + CRlibm v0.8.0
  [90fa49ef] + ErrorfreeArithmetic v0.5.0
  [fa42c844] + FastRounding v0.3.1
  [d1acc4aa] + IntervalArithmetic v0.16.1
  [15111844] + IntervalContractors v0.4.1
  [3cdcf5f2] + RecipesBase v0.8.0
  [3cc68bcd] + SetRounding v0.2.0
  [90137ffa] + StaticArrays v0.12.1
  [2a0f44e3] + Base64 
  [8ba89e20] + Distributed 
  [b77e0a4c] + InteractiveUtils 
  [8f399da3] + Libdl 
  [37e2e46d] + LinearAlgebra 
  [56ddb016] + Logging 
  [d6f4376e] + Markdown 
  [9a3f8284] + Random 
  [9e88b42a] + Serialization 
  [6462fe0b] + Sockets 
  [2f01184e] + SparseArrays 
  [10745b16] + Statistics 
  [8dfed614] + Test 
   Building CRlibm → `~/.julia/packages/CRlibm/NFCH5/deps/build.log`
    Testing IntervalContractors
[?25l    Fetching: [>                                        ]  0.0 %[2K[?25h[?25l    Fetching: [>                                        ]  0.0 %[2K[?25hStatus `/tmp/jl_TzCYg0/Manifest.toml`
  [96374032] CRlibm v0.8.0
  [ffbed154] DocStringExtensions v0.8.1
  [e30172f5] Documenter v0.24.7
  [90fa49ef] ErrorfreeArithmetic v0.5.0
  [fa42c844] FastRounding v0.3.1
  [d1acc4aa] IntervalArithmetic v0.16.1
  [15111844] IntervalContractors v0.4.1
  [682c06a0] JSON v0.21.0
  [69de0a69] Parsers v0.3.12
  [3cdcf5f2] RecipesBase v0.8.0
  [3cc68bcd] SetRounding v0.2.0
  [90137ffa] StaticArrays v0.12.1
  [2a0f44e3] Base64 
  [ade2ca70] Dates 
  [8ba89e20] Distributed 
  [b77e0a4c] InteractiveUtils 
  [76f85450] LibGit2 
  [8f399da3] Libdl 
  [37e2e46d] LinearAlgebra 
  [56ddb016] Logging 
  [d6f4376e] Markdown 
  [a63ad114] Mmap 
  [44cfe95a] Pkg 
  [de0858da] Printf 
  [3fa0cd96] REPL 
  [9a3f8284] Random 
  [ea8e919c] SHA 
  [9e88b42a] Serialization 
  [6462fe0b] Sockets 
  [2f01184e] SparseArrays 
  [10745b16] Statistics 
  [8dfed614] Test 
  [cf7118a7] UUIDs 
  [4ec0a83e] Unicode 
Test Summary:             | Pass  Total
IntervalContractors tests |  249    249
    Testing IntervalContractors tests passed 
