Julia Version 1.3.1
Commit 2d5741174c (2019-12-30 21:36 UTC)
Platform Info:
  OS: Linux (x86_64-pc-linux-gnu)
  CPU: AMD Ryzen Threadripper 2990WX 32-Core Processor
  WORD_SIZE: 64
  LIBM: libopenlibm
  LLVM: libLLVM-6.0.1 (ORCJIT, znver1)
Environment:
  JULIA_DEPOT_PATH = ::/usr/local/share/julia
  JULIA_NUM_THREADS = 2

 Resolving package versions...
 Installed Libiconv_jll ──────────────── v1.16.0+1
 Installed CMakeWrapper ──────────────── v0.2.3
 Installed CMake ─────────────────────── v1.2.0
 Installed CategoricalArrays ─────────── v0.7.7
 Installed StatsBase ─────────────────── v0.32.2
 Installed JDF ───────────────────────── v0.2.12
 Installed DataFrames ────────────────── v0.20.2
 Installed DataAPI ───────────────────── v1.1.0
 Installed Blosc ─────────────────────── v0.6.0
 Installed BufferedStreams ───────────── v1.0.0
 Installed FilePathsBase ─────────────── v0.7.0
 Installed BinDeps ───────────────────── v1.0.0
 Installed EzXML ─────────────────────── v1.1.0
 Installed DataValueInterfaces ───────── v1.0.0
 Installed Zlib_jll ──────────────────── v1.2.11+8
 Installed IteratorInterfaceExtensions ─ v1.0.0
 Installed ExprTools ─────────────────── v0.1.0
 Installed WeakRefStrings ────────────── v0.6.2
 Installed DataStructures ────────────── v0.17.10
 Installed Mocking ───────────────────── v0.7.1
 Installed InvertedIndices ───────────── v1.0.0
 Installed SortingAlgorithms ─────────── v0.3.1
 Installed JSON ──────────────────────── v0.21.0
 Installed Tables ────────────────────── v1.0.3
 Installed Parsers ───────────────────── v0.3.12
 Installed TableTraits ───────────────── v1.0.0
 Installed Reexport ──────────────────── v0.2.0
 Installed XML2_jll ──────────────────── v2.9.9+1
 Installed URIParser ─────────────────── v0.4.0
 Installed PooledArrays ──────────────── v0.5.3
 Installed BinaryProvider ────────────── v0.5.8
 Installed Parameters ────────────────── v0.12.0
 Installed OrderedCollections ────────── v1.1.0
 Installed Missings ──────────────────── v0.4.3
 Installed CSV ───────────────────────── v0.5.26
 Installed TimeZones ─────────────────── v1.0.1
 Installed Compat ────────────────────── v2.2.0
  Updating `~/.julia/environments/v1.3/Project.toml`
  [babc3d20] + JDF v0.2.12
  Updating `~/.julia/environments/v1.3/Manifest.toml`
  [9e28174c] + BinDeps v1.0.0
  [b99e7846] + BinaryProvider v0.5.8
  [a74b3585] + Blosc v0.6.0
  [e1450e63] + BufferedStreams v1.0.0
  [631607c0] + CMake v1.2.0
  [d5fb7624] + CMakeWrapper v0.2.3
  [336ed68f] + CSV v0.5.26
  [324d7699] + CategoricalArrays v0.7.7
  [34da2185] + Compat v2.2.0
  [9a962f9c] + DataAPI v1.1.0
  [a93c6f00] + DataFrames v0.20.2
  [864edb3b] + DataStructures v0.17.10
  [e2d170a0] + DataValueInterfaces v1.0.0
  [e2ba6199] + ExprTools v0.1.0
  [8f5d6c58] + EzXML v1.1.0
  [48062228] + FilePathsBase v0.7.0
  [41ab1584] + InvertedIndices v1.0.0
  [82899510] + IteratorInterfaceExtensions v1.0.0
  [babc3d20] + JDF v0.2.12
  [682c06a0] + JSON v0.21.0
  [94ce4f54] + Libiconv_jll v1.16.0+1
  [e1d29d7a] + Missings v0.4.3
  [78c3b35d] + Mocking v0.7.1
  [bac558e1] + OrderedCollections v1.1.0
  [d96e819e] + Parameters v0.12.0
  [69de0a69] + Parsers v0.3.12
  [2dfb63ee] + PooledArrays v0.5.3
  [189a3867] + Reexport v0.2.0
  [a2af1166] + SortingAlgorithms v0.3.1
  [2913bbd2] + StatsBase v0.32.2
  [3783bdb8] + TableTraits v1.0.0
  [bd369af6] + Tables v1.0.3
  [f269a46b] + TimeZones v1.0.1
  [30578b45] + URIParser v0.4.0
  [ea10d353] + WeakRefStrings v0.6.2
  [02c8fc9c] + XML2_jll v2.9.9+1
  [83775a58] + Zlib_jll v1.2.11+8
  [2a0f44e3] + Base64 
  [ade2ca70] + Dates 
  [8bb1440f] + DelimitedFiles 
  [8ba89e20] + Distributed 
  [9fa8497b] + Future 
  [b77e0a4c] + InteractiveUtils 
  [76f85450] + LibGit2 
  [8f399da3] + Libdl 
  [37e2e46d] + LinearAlgebra 
  [56ddb016] + Logging 
  [d6f4376e] + Markdown 
  [a63ad114] + Mmap 
  [44cfe95a] + Pkg 
  [de0858da] + Printf 
  [3fa0cd96] + REPL 
  [9a3f8284] + Random 
  [ea8e919c] + SHA 
  [9e88b42a] + Serialization 
  [1a1011a3] + SharedArrays 
  [6462fe0b] + Sockets 
  [2f01184e] + SparseArrays 
  [10745b16] + Statistics 
  [8dfed614] + Test 
  [cf7118a7] + UUIDs 
  [4ec0a83e] + Unicode 
  Building CMake ────→ `~/.julia/packages/CMake/ULbyn/deps/build.log`
  Building Blosc ────→ `~/.julia/packages/Blosc/ZgcAM/deps/build.log`
  Building TimeZones → `~/.julia/packages/TimeZones/zymSN/deps/build.log`
   Testing JDF
 Resolving package versions...
ERROR: Unsatisfiable requirements detected for package RData [df47a6cb]:
 RData [df47a6cb] log:
 ├─possible versions are: [0.5.0, 0.6.0-0.6.3, 0.7.0-0.7.1] or uninstalled
 ├─restricted by compatibility requirements with RDatasets [ce6b1742] to versions: [0.5.0, 0.6.0-0.6.3]
 │ └─RDatasets [ce6b1742] log:
 │   ├─possible versions are: [0.5.0, 0.6.0-0.6.6] or uninstalled
 │   ├─restricted to versions * by an explicit requirement, leaving only versions [0.5.0, 0.6.0-0.6.6]
 │   └─restricted by compatibility requirements with DataFrames [a93c6f00] to versions: 0.6.6 or uninstalled, leaving only versions: 0.6.6
 │     └─DataFrames [a93c6f00] log:
 │       ├─possible versions are: [0.11.7, 0.12.0, 0.13.0-0.13.1, 0.14.0-0.14.1, 0.15.0-0.15.2, 0.16.0, 0.17.0-0.17.1, 0.18.0-0.18.4, 0.19.0-0.19.4, 0.20.0-0.20.2] or uninstalled
 │       └─restricted to versions 0.20.2 by an explicit requirement, leaving only versions 0.20.2
 └─restricted by compatibility requirements with TimeZones [f269a46b] to versions: 0.7.1 or uninstalled — no versions left
   └─TimeZones [f269a46b] log:
     ├─possible versions are: [0.7.3, 0.8.0-0.8.5, 0.9.0-0.9.2, 0.10.0-0.10.5, 0.11.0, 1.0.0-1.0.1] or uninstalled
     └─restricted to versions 1.0.1 by an explicit requirement, leaving only versions 1.0.1
Stacktrace:
 [1] #propagate_constraints!#61(::Bool, ::typeof(Pkg.GraphType.propagate_constraints!), ::Pkg.GraphType.Graph, ::Set{Int64}) at /buildworker/worker/package_linux64/build/usr/share/julia/stdlib/v1.3/Pkg/src/GraphType.jl:1007
 [2] propagate_constraints! at /buildworker/worker/package_linux64/build/usr/share/julia/stdlib/v1.3/Pkg/src/GraphType.jl:948 [inlined]
 [3] #simplify_graph!#121(::Bool, ::typeof(Pkg.GraphType.simplify_graph!), ::Pkg.GraphType.Graph, ::Set{Int64}) at /buildworker/worker/package_linux64/build/usr/share/julia/stdlib/v1.3/Pkg/src/GraphType.jl:1462
 [4] simplify_graph! at /buildworker/worker/package_linux64/build/usr/share/julia/stdlib/v1.3/Pkg/src/GraphType.jl:1462 [inlined]
 [5] _resolve_versions!(::Pkg.Types.Context, ::Array{Pkg.Types.PackageSpec,1}, ::Nothing) at /buildworker/worker/package_linux64/build/usr/share/julia/stdlib/v1.3/Pkg/src/backwards_compatible_isolation.jl:148
 [6] _resolve_versions! at /buildworker/worker/package_linux64/build/usr/share/julia/stdlib/v1.3/Pkg/src/backwards_compatible_isolation.jl:93 [inlined]
 [7] #_add_or_develop#26(::Array{Base.UUID,1}, ::Symbol, ::typeof(Pkg.Operations._add_or_develop), ::Pkg.Types.Context, ::Array{Pkg.Types.PackageSpec,1}) at /buildworker/worker/package_linux64/build/usr/share/julia/stdlib/v1.3/Pkg/src/backwards_compatible_isolation.jl:348
 [8] _add_or_develop at /buildworker/worker/package_linux64/build/usr/share/julia/stdlib/v1.3/Pkg/src/backwards_compatible_isolation.jl:333 [inlined]
 [9] (::Pkg.Operations.var"#30#36"{Bool,Pkg.Operations.var"#42#44"{Pkg.Types.Context,Pkg.Types.PackageSpec,Pkg.Operations.var"#41#43"{Pkg.Types.Context,Pkg.Types.PackageSpec,Array{String,1},Cmd}},Pkg.Types.Context,Pkg.Types.PackageSpec,Pkg.Types.Context,Set{Base.UUID},Set{Base.UUID},Array{Pkg.Types.PackageSpec,1}})(::String) at /buildworker/worker/package_linux64/build/usr/share/julia/stdlib/v1.3/Pkg/src/backwards_compatible_isolation.jl:537
 [10] #mktempdir#18(::String, ::typeof(mktempdir), ::Pkg.Operations.var"#30#36"{Bool,Pkg.Operations.var"#42#44"{Pkg.Types.Context,Pkg.Types.PackageSpec,Pkg.Operations.var"#41#43"{Pkg.Types.Context,Pkg.Types.PackageSpec,Array{String,1},Cmd}},Pkg.Types.Context,Pkg.Types.PackageSpec,Pkg.Types.Context,Set{Base.UUID},Set{Base.UUID},Array{Pkg.Types.PackageSpec,1}}, ::String) at ./file.jl:634
 [11] mktempdir at ./file.jl:632 [inlined] (repeats 2 times)
 [12] #with_dependencies_loadable_at_toplevel#27(::Bool, ::typeof(Pkg.Operations.with_dependencies_loadable_at_toplevel), ::Pkg.Operations.var"#42#44"{Pkg.Types.Context,Pkg.Types.PackageSpec,Pkg.Operations.var"#41#43"{Pkg.Types.Context,Pkg.Types.PackageSpec,Array{String,1},Cmd}}, ::Pkg.Types.Context, ::Pkg.Types.PackageSpec) at /buildworker/worker/package_linux64/build/usr/share/julia/stdlib/v1.3/Pkg/src/backwards_compatible_isolation.jl:516
 [13] #with_dependencies_loadable_at_toplevel at ./none:0 [inlined]
 [14] #backwards_compatibility_for_test#40(::Cmd, ::Cmd, ::typeof(Pkg.Operations.backwards_compatibility_for_test), ::Pkg.Types.Context, ::Pkg.Types.PackageSpec, ::String, ::Array{String,1}, ::Bool) at /buildworker/worker/package_linux64/build/usr/share/julia/stdlib/v1.3/Pkg/src/backwards_compatible_isolation.jl:608
 [15] #backwards_compatibility_for_test at ./none:0 [inlined]
 [16] #test#131(::Bool, ::Nothing, ::Cmd, ::Cmd, ::typeof(Pkg.Operations.test), ::Pkg.Types.Context, ::Array{Pkg.Types.PackageSpec,1}) at /buildworker/worker/package_linux64/build/usr/share/julia/stdlib/v1.3/Pkg/src/Operations.jl:1347
 [17] #test at ./none:0 [inlined]
 [18] #test#62(::Bool, ::Nothing, ::Cmd, ::Cmd, ::Base.Iterators.Pairs{Union{},Union{},Tuple{},NamedTuple{(),Tuple{}}}, ::typeof(Pkg.API.test), ::Pkg.Types.Context, ::Array{Pkg.Types.PackageSpec,1}) at /buildworker/worker/package_linux64/build/usr/share/julia/stdlib/v1.3/Pkg/src/API.jl:253
 [19] test(::Pkg.Types.Context, ::Array{Pkg.Types.PackageSpec,1}) at /buildworker/worker/package_linux64/build/usr/share/julia/stdlib/v1.3/Pkg/src/API.jl:239
 [20] #test#61 at /buildworker/worker/package_linux64/build/usr/share/julia/stdlib/v1.3/Pkg/src/API.jl:233 [inlined]
 [21] test at /buildworker/worker/package_linux64/build/usr/share/julia/stdlib/v1.3/Pkg/src/API.jl:233 [inlined]
 [22] #test#60 at /buildworker/worker/package_linux64/build/usr/share/julia/stdlib/v1.3/Pkg/src/API.jl:232 [inlined]
 [23] test at /buildworker/worker/package_linux64/build/usr/share/julia/stdlib/v1.3/Pkg/src/API.jl:232 [inlined]
 [24] #test#59(::Base.Iterators.Pairs{Union{},Union{},Tuple{},NamedTuple{(),Tuple{}}}, ::typeof(Pkg.API.test), ::String) at /buildworker/worker/package_linux64/build/usr/share/julia/stdlib/v1.3/Pkg/src/API.jl:231
 [25] test(::String) at /buildworker/worker/package_linux64/build/usr/share/julia/stdlib/v1.3/Pkg/src/API.jl:231
 [26] top-level scope at none:13
