Julia Version 1.4.0
Commit b8e9a9ecc6 (2020-03-21 16:36 UTC)
Platform Info:
  OS: Linux (x86_64-pc-linux-gnu)
  CPU: AMD Ryzen Threadripper 2990WX 32-Core Processor
  WORD_SIZE: 64
  LIBM: libopenlibm
  LLVM: libLLVM-8.0.1 (ORCJIT, znver1)
Environment:
  JULIA_DEPOT_PATH = ::/usr/local/share/julia
  JULIA_NUM_THREADS = 2

  Resolving package versions...
  Installed Reexport ────────────── v0.2.0
  Installed JSExpr ──────────────── v0.5.2
  Installed Requires ────────────── v1.0.1
  Installed IniFile ─────────────── v0.5.0
  Installed FixedPointNumbers ───── v0.8.0
  Installed OrderedCollections ──── v1.1.0
  Installed Parsers ─────────────── v1.0.1
  Installed KaTeX ───────────────── v0.2.0
  Installed Widgets ─────────────── v0.6.2
  Installed MacroTools ──────────── v0.5.5
  Installed Pidfile ─────────────── v1.1.0
  Installed FunctionalCollections ─ v0.5.0
  Installed Observables ─────────── v0.2.3
  Installed ColorTypes ──────────── v0.10.0
  Installed WebSockets ──────────── v1.5.2
  Installed Colors ──────────────── v0.12.0
  Installed MbedTLS_jll ─────────── v2.16.0+1
  Installed MbedTLS ─────────────── v1.0.1
  Installed BinaryProvider ──────── v0.5.8
  Installed HTTP ────────────────── v0.8.13
  Installed JSON ────────────────── v0.21.0
  Installed AssetRegistry ───────── v0.1.0
  Installed WebIO ───────────────── v0.8.13
   Updating `~/.julia/environments/v1.4/Project.toml`
  [07258bb1] + KaTeX v0.2.0
   Updating `~/.julia/environments/v1.4/Manifest.toml`
  [bf4720bc] + AssetRegistry v0.1.0
  [b99e7846] + BinaryProvider v0.5.8
  [3da002f7] + ColorTypes v0.10.0
  [5ae59095] + Colors v0.12.0
  [53c48c17] + FixedPointNumbers v0.8.0
  [de31a74c] + FunctionalCollections v0.5.0
  [cd3eb016] + HTTP v0.8.13
  [83e8ac13] + IniFile v0.5.0
  [97c1335a] + JSExpr v0.5.2
  [682c06a0] + JSON v0.21.0
  [07258bb1] + KaTeX v0.2.0
  [1914dd2f] + MacroTools v0.5.5
  [739be429] + MbedTLS v1.0.1
  [c8ffd9c3] + MbedTLS_jll v2.16.0+1
  [510215fc] + Observables v0.2.3
  [bac558e1] + OrderedCollections v1.1.0
  [69de0a69] + Parsers v1.0.1
  [fa939f87] + Pidfile v1.1.0
  [189a3867] + Reexport v0.2.0
  [ae029012] + Requires v1.0.1
  [0f1e0344] + WebIO v0.8.13
  [104b5d7c] + WebSockets v1.5.2
  [cc8bc4a8] + Widgets v0.6.2
  [2a0f44e3] + Base64 
  [ade2ca70] + Dates 
  [8ba89e20] + Distributed 
  [7b1f6079] + FileWatching 
  [b77e0a4c] + InteractiveUtils 
  [76f85450] + LibGit2 
  [8f399da3] + Libdl 
  [56ddb016] + Logging 
  [d6f4376e] + Markdown 
  [a63ad114] + Mmap 
  [44cfe95a] + Pkg 
  [de0858da] + Printf 
  [3fa0cd96] + REPL 
  [9a3f8284] + Random 
  [ea8e919c] + SHA 
  [9e88b42a] + Serialization 
  [6462fe0b] + Sockets 
  [8dfed614] + Test 
  [cf7118a7] + UUIDs 
  [4ec0a83e] + Unicode 
   Building WebIO → `~/.julia/packages/WebIO/2nnB1/deps/build.log`
   Building KaTeX → `~/.julia/packages/KaTeX/vtmLJ/deps/build.log`
┌ Error: Error building `KaTeX`: 
│ ┌ Error: Download failed: curl: (7) Failed to connect to github.com port 443: Connection timed out
│ └ @ Base download.jl:43
│ ERROR: LoadError: failed process: Process(`curl -s -S -g -L -f -o /home/pkgeval/.julia/packages/KaTeX/vtmLJ/assets/tmp/katex.tar.gz https://github.com/KaTeX/KaTeX/releases/download/v0.10.0/katex.tar.gz`, ProcessExited(7)) [7]
│ 
│ Stacktrace:
│  [1] pipeline_error at ./process.jl:525 [inlined]
│  [2] download_curl(::String, ::String, ::String) at ./download.jl:44
│  [3] download(::String, ::String) at ./download.jl:62
│  [4] top-level scope at /home/pkgeval/.julia/packages/KaTeX/vtmLJ/deps/build.jl:10
│  [5] include(::String) at ./client.jl:439
│  [6] top-level scope at none:5
│ in expression starting at /home/pkgeval/.julia/packages/KaTeX/vtmLJ/deps/build.jl:10
└ @ Pkg.Operations /buildworker/worker/package_linux64/build/usr/share/julia/stdlib/v1.4/Pkg/src/Operations.jl:892
    Testing KaTeX
Status `/tmp/jl_B2siN4/Manifest.toml`
  [bf4720bc] AssetRegistry v0.1.0
  [b99e7846] BinaryProvider v0.5.8
  [3da002f7] ColorTypes v0.10.0
  [5ae59095] Colors v0.12.0
  [53c48c17] FixedPointNumbers v0.8.0
  [de31a74c] FunctionalCollections v0.5.0
  [cd3eb016] HTTP v0.8.13
  [83e8ac13] IniFile v0.5.0
  [97c1335a] JSExpr v0.5.2
  [682c06a0] JSON v0.21.0
  [07258bb1] KaTeX v0.2.0
  [1914dd2f] MacroTools v0.5.5
  [739be429] MbedTLS v1.0.1
  [c8ffd9c3] MbedTLS_jll v2.16.0+1
  [510215fc] Observables v0.2.3
  [bac558e1] OrderedCollections v1.1.0
  [69de0a69] Parsers v1.0.1
  [fa939f87] Pidfile v1.1.0
  [189a3867] Reexport v0.2.0
  [ae029012] Requires v1.0.1
  [0f1e0344] WebIO v0.8.13
  [104b5d7c] WebSockets v1.5.2
  [cc8bc4a8] Widgets v0.6.2
  [2a0f44e3] Base64 
  [ade2ca70] Dates 
  [8ba89e20] Distributed 
  [7b1f6079] FileWatching 
  [b77e0a4c] InteractiveUtils 
  [76f85450] LibGit2 
  [8f399da3] Libdl 
  [56ddb016] Logging 
  [d6f4376e] Markdown 
  [a63ad114] Mmap 
  [44cfe95a] Pkg 
  [de0858da] Printf 
  [3fa0cd96] REPL 
  [9a3f8284] Random 
  [ea8e919c] SHA 
  [9e88b42a] Serialization 
  [6462fe0b] Sockets 
  [8dfed614] Test 
  [cf7118a7] UUIDs 
  [4ec0a83e] Unicode 
deps: Test Failed at /home/pkgeval/.julia/packages/KaTeX/vtmLJ/test/runtests.jl:7
  Expression: isfile(joinpath(KaTeX.assetsdir, asset))
Stacktrace:
 [1] macro expansion at /home/pkgeval/.julia/packages/KaTeX/vtmLJ/test/runtests.jl:7 [inlined]
 [2] macro expansion at /buildworker/worker/package_linux64/build/usr/share/julia/stdlib/v1.4/Test/src/Test.jl:1113 [inlined]
 [3] top-level scope at /home/pkgeval/.julia/packages/KaTeX/vtmLJ/test/runtests.jl:5
deps: Test Failed at /home/pkgeval/.julia/packages/KaTeX/vtmLJ/test/runtests.jl:7
  Expression: isfile(joinpath(KaTeX.assetsdir, asset))
Stacktrace:
 [1] macro expansion at /home/pkgeval/.julia/packages/KaTeX/vtmLJ/test/runtests.jl:7 [inlined]
 [2] macro expansion at /buildworker/worker/package_linux64/build/usr/share/julia/stdlib/v1.4/Test/src/Test.jl:1113 [inlined]
 [3] top-level scope at /home/pkgeval/.julia/packages/KaTeX/vtmLJ/test/runtests.jl:5
deps: Test Failed at /home/pkgeval/.julia/packages/KaTeX/vtmLJ/test/runtests.jl:7
  Expression: isfile(joinpath(KaTeX.assetsdir, asset))
Stacktrace:
 [1] macro expansion at /home/pkgeval/.julia/packages/KaTeX/vtmLJ/test/runtests.jl:7 [inlined]
 [2] macro expansion at /buildworker/worker/package_linux64/build/usr/share/julia/stdlib/v1.4/Test/src/Test.jl:1113 [inlined]
 [3] top-level scope at /home/pkgeval/.julia/packages/KaTeX/vtmLJ/test/runtests.jl:5
Test Summary: | Pass  Fail  Total
deps          |    1     3      4
ERROR: LoadError: Some tests did not pass: 1 passed, 3 failed, 0 errored, 0 broken.
in expression starting at /home/pkgeval/.julia/packages/KaTeX/vtmLJ/test/runtests.jl:4
ERROR: Package KaTeX errored during testing
Stacktrace:
 [1] pkgerror(::String, ::Vararg{String,N} where N) at /buildworker/worker/package_linux64/build/usr/share/julia/stdlib/v1.4/Pkg/src/Types.jl:53
 [2] test(::Pkg.Types.Context, ::Array{Pkg.Types.PackageSpec,1}; coverage::Bool, julia_args::Cmd, test_args::Cmd, test_fn::Nothing) at /buildworker/worker/package_linux64/build/usr/share/julia/stdlib/v1.4/Pkg/src/Operations.jl:1503
 [3] test(::Pkg.Types.Context, ::Array{Pkg.Types.PackageSpec,1}; coverage::Bool, test_fn::Nothing, julia_args::Cmd, test_args::Cmd, kwargs::Base.Iterators.Pairs{Union{},Union{},Tuple{},NamedTuple{(),Tuple{}}}) at /buildworker/worker/package_linux64/build/usr/share/julia/stdlib/v1.4/Pkg/src/API.jl:316
 [4] test(::Pkg.Types.Context, ::Array{Pkg.Types.PackageSpec,1}) at /buildworker/worker/package_linux64/build/usr/share/julia/stdlib/v1.4/Pkg/src/API.jl:303
 [5] #test#68 at /buildworker/worker/package_linux64/build/usr/share/julia/stdlib/v1.4/Pkg/src/API.jl:297 [inlined]
 [6] test at /buildworker/worker/package_linux64/build/usr/share/julia/stdlib/v1.4/Pkg/src/API.jl:297 [inlined]
 [7] #test#67 at /buildworker/worker/package_linux64/build/usr/share/julia/stdlib/v1.4/Pkg/src/API.jl:296 [inlined]
 [8] test at /buildworker/worker/package_linux64/build/usr/share/julia/stdlib/v1.4/Pkg/src/API.jl:296 [inlined]
 [9] test(::String; kwargs::Base.Iterators.Pairs{Union{},Union{},Tuple{},NamedTuple{(),Tuple{}}}) at /buildworker/worker/package_linux64/build/usr/share/julia/stdlib/v1.4/Pkg/src/API.jl:295
 [10] test(::String) at /buildworker/worker/package_linux64/build/usr/share/julia/stdlib/v1.4/Pkg/src/API.jl:295
 [11] top-level scope at none:16
