Julia Version 1.4.0
Commit b8e9a9ecc6 (2020-03-21 16:36 UTC)
Platform Info:
  OS: Linux (x86_64-pc-linux-gnu)
  CPU: Intel(R) Xeon(R) Silver 4114 CPU @ 2.20GHz
  WORD_SIZE: 64
  LIBM: libopenlibm
  LLVM: libLLVM-8.0.1 (ORCJIT, skylake)
Environment:
  JULIA_DEPOT_PATH = ::/usr/local/share/julia
  JULIA_NUM_THREADS = 2

  Resolving package versions...
  Installed CEnum ──────────────────────── v0.2.0
  Installed Requires ───────────────────── v1.0.1
  Installed OrderedCollections ─────────── v1.1.0
  Installed TranscodingStreams ─────────── v0.9.5
  Installed SpecialFunctions ───────────── v0.10.0
  Installed NNlib ──────────────────────── v0.6.6
  Installed JLD2 ───────────────────────── v0.1.12
  Installed LLVM ───────────────────────── v1.3.4
  Installed CUDAnative ─────────────────── v2.10.2
  Installed Knet ───────────────────────── v1.3.4
  Installed Adapt ──────────────────────── v1.0.1
  Installed TimerOutputs ───────────────── v0.5.3
  Installed CUDAapi ────────────────────── v3.1.0
  Installed CodecZlib ──────────────────── v0.6.0
  Installed MacroTools ─────────────────── v0.5.5
  Installed GPUArrays ──────────────────── v2.0.1
  Installed FileIO ─────────────────────── v1.2.4
  Installed CUDAdrv ────────────────────── v6.0.0
  Installed CuArrays ───────────────────── v1.7.3
  Installed BinaryProvider ─────────────── v0.5.8
  Installed AbstractFFTs ───────────────── v0.5.0
  Installed OpenSpecFun_jll ────────────── v0.5.3+3
  Installed CompilerSupportLibraries_jll ─ v0.3.1+0
  Installed AutoGrad ───────────────────── v1.2.1
  Installed DataStructures ─────────────── v0.17.10
   Updating `~/.julia/environments/v1.4/Project.toml`
  [1902f260] + Knet v1.3.4
   Updating `~/.julia/environments/v1.4/Manifest.toml`
  [621f4979] + AbstractFFTs v0.5.0
  [79e6a3ab] + Adapt v1.0.1
  [6710c13c] + AutoGrad v1.2.1
  [b99e7846] + BinaryProvider v0.5.8
  [fa961155] + CEnum v0.2.0
  [3895d2a7] + CUDAapi v3.1.0
  [c5f51814] + CUDAdrv v6.0.0
  [be33ccc6] + CUDAnative v2.10.2
  [944b1d66] + CodecZlib v0.6.0
  [e66e0078] + CompilerSupportLibraries_jll v0.3.1+0
  [3a865a2d] + CuArrays v1.7.3
  [864edb3b] + DataStructures v0.17.10
  [5789e2e9] + FileIO v1.2.4
  [0c68f7d7] + GPUArrays v2.0.1
  [033835bb] + JLD2 v0.1.12
  [1902f260] + Knet v1.3.4
  [929cbde3] + LLVM v1.3.4
  [1914dd2f] + MacroTools v0.5.5
  [872c559c] + NNlib v0.6.6
  [efe28fd5] + OpenSpecFun_jll v0.5.3+3
  [bac558e1] + OrderedCollections v1.1.0
  [ae029012] + Requires v1.0.1
  [276daf66] + SpecialFunctions v0.10.0
  [a759f4b9] + TimerOutputs v0.5.3
  [3bb67fe8] + TranscodingStreams v0.9.5
  [2a0f44e3] + Base64 
  [ade2ca70] + Dates 
  [8ba89e20] + Distributed 
  [b77e0a4c] + InteractiveUtils 
  [76f85450] + LibGit2 
  [8f399da3] + Libdl 
  [37e2e46d] + LinearAlgebra 
  [56ddb016] + Logging 
  [d6f4376e] + Markdown 
  [a63ad114] + Mmap 
  [44cfe95a] + Pkg 
  [de0858da] + Printf 
  [3fa0cd96] + REPL 
  [9a3f8284] + Random 
  [ea8e919c] + SHA 
  [9e88b42a] + Serialization 
  [6462fe0b] + Sockets 
  [2f01184e] + SparseArrays 
  [10745b16] + Statistics 
  [8dfed614] + Test 
  [cf7118a7] + UUIDs 
  [4ec0a83e] + Unicode 
   Building NNlib ────→ `~/.julia/packages/NNlib/FAI3o/deps/build.log`
   Building CodecZlib → `~/.julia/packages/CodecZlib/5t9zO/deps/build.log`
   Building Knet ─────→ `~/.julia/packages/Knet/vxHRi/deps/build.log`
    Testing Knet
Status `/tmp/jl_HFoSPQ/Manifest.toml`
  [621f4979] AbstractFFTs v0.5.0
  [79e6a3ab] Adapt v1.0.1
  [6710c13c] AutoGrad v1.2.1
  [b99e7846] BinaryProvider v0.5.8
  [fa961155] CEnum v0.2.0
  [3895d2a7] CUDAapi v3.1.0
  [c5f51814] CUDAdrv v6.0.0
  [be33ccc6] CUDAnative v2.10.2
  [944b1d66] CodecZlib v0.6.0
  [e66e0078] CompilerSupportLibraries_jll v0.3.1+0
  [3a865a2d] CuArrays v1.7.3
  [864edb3b] DataStructures v0.17.10
  [5789e2e9] FileIO v1.2.4
  [0c68f7d7] GPUArrays v2.0.1
  [033835bb] JLD2 v0.1.12
  [1902f260] Knet v1.3.4
  [929cbde3] LLVM v1.3.4
  [1914dd2f] MacroTools v0.5.5
  [872c559c] NNlib v0.6.6
  [efe28fd5] OpenSpecFun_jll v0.5.3+3
  [bac558e1] OrderedCollections v1.1.0
  [ae029012] Requires v1.0.1
  [276daf66] SpecialFunctions v0.10.0
  [a759f4b9] TimerOutputs v0.5.3
  [3bb67fe8] TranscodingStreams v0.9.5
  [2a0f44e3] Base64 
  [ade2ca70] Dates 
  [8ba89e20] Distributed 
  [b77e0a4c] InteractiveUtils 
  [76f85450] LibGit2 
  [8f399da3] Libdl 
  [37e2e46d] LinearAlgebra 
  [56ddb016] Logging 
  [d6f4376e] Markdown 
  [a63ad114] Mmap 
  [44cfe95a] Pkg 
  [de0858da] Printf 
  [3fa0cd96] REPL 
  [9a3f8284] Random 
  [ea8e919c] SHA 
  [9e88b42a] Serialization 
  [6462fe0b] Sockets 
  [2f01184e] SparseArrays 
  [10745b16] Statistics 
  [8dfed614] Test 
  [cf7118a7] UUIDs 
  [4ec0a83e] Unicode 
[ Info: CUDAdrv.jl failed to initialize, GPU functionality unavailable (set JULIA_CUDA_SILENT or JULIA_CUDA_VERBOSE to silence or expand this message)
  0.920026 seconds (407.09 k allocations: 21.116 MiB, 26.04% gc time)
Knet.gpuCount() = 0
Knet.gpu() = -1
Knet.tk = ["/usr/local/cuda-10.2/targets/x86_64-linux", "/usr/local/cuda-10.2"]
Knet.libknet8 = ""
Knet.cudartfound = false
Knet.nvmlfound = false
Knet.cublashandle() = nothing
Knet.cudnnhandle() = nothing
Knet.dir() = "/home/pkgeval/.julia/packages/Knet/vxHRi"
readdir(Knet.dir("deps")) = [".deprecated", ".gitignore", "Makefile", "README.windows", "build.jl", "build.log", "cuda01.jl", "cuda1.jl", "cuda11.jl", "cuda12.jl", "cuda13.jl", "cuda14.jl", "cuda16.jl", "cuda17.jl", "cuda20.jl", "cuda21.jl", "cuda22.jl", "gamma.jl"]
  2.364356 seconds (1.29 M allocations: 63.277 MiB, 0.71% gc time)
  4.415623 seconds (7.15 M allocations: 353.342 MiB, 3.36% gc time)
  2.748152 seconds (2.93 M allocations: 153.310 MiB, 3.02% gc time)
  2.712046 seconds (2.92 M allocations: 150.652 MiB, 2.69% gc time)
 38.188994 seconds (28.63 M allocations: 1.378 GiB, 2.53% gc time)
  0.036388 seconds (3.16 k allocations: 191.266 KiB)
  0.496106 seconds (12.42 k allocations: 787.130 KiB)
  0.501665 seconds (12.16 k allocations: 767.500 KiB)
 16.577258 seconds (16.57 M allocations: 837.262 MiB, 2.50% gc time)
 28.305088 seconds (29.80 M allocations: 1.477 GiB, 4.33% gc time)
 35.708505 seconds (36.34 M allocations: 1.774 GiB, 2.33% gc time)
 38.976990 seconds (39.47 M allocations: 1.962 GiB, 2.88% gc time)
  0.889793 seconds (25.59 k allocations: 1.543 MiB)
 64.596424 seconds (56.64 M allocations: 2.782 GiB, 3.28% gc time)
(pa, xi, f0, nd, ad) = ("3×3×3×4 Array{Float64,4}", 1.01, 69.462, 1.6399999999807264, 1.12)
cpuconv: Test Failed at /home/pkgeval/.julia/packages/Knet/vxHRi/test/conv.jl:77
  Expression: gradcheck(conv41, (aw, ax); rtol = TOL, kw = [(:stride, 3)])
Stacktrace:
 [1] top-level scope at /home/pkgeval/.julia/packages/Knet/vxHRi/test/conv.jl:77
 [2] top-level scope at /buildworker/worker/package_linux64/build/usr/share/julia/stdlib/v1.4/Test/src/Test.jl:1113
 [3] top-level scope at /home/pkgeval/.julia/packages/Knet/vxHRi/test/conv.jl:33
 [4] top-level scope at /buildworker/worker/package_linux64/build/usr/share/julia/stdlib/v1.4/Test/src/Test.jl:1113
 [5] top-level scope at /home/pkgeval/.julia/packages/Knet/vxHRi/test/conv.jl:7
 90.116772 seconds (76.11 M allocations: 3.750 GiB, 4.21% gc time)
  1.357888 seconds (23.38 k allocations: 1.416 MiB)
197.053362 seconds (171.46 M allocations: 8.060 GiB, 3.07% gc time)
189.099198 seconds (164.21 M allocations: 8.195 GiB, 3.51% gc time)
┌ Warning: optimizers is deprecated, use sgd, adam etc. instead.
└ @ Knet ~/.julia/packages/Knet/vxHRi/src/update.jl:627
 82.259481 seconds (27.93 M allocations: 1.362 GiB, 1.38% gc time)
Test Summary:   | Pass  Fail  Broken  Total
Knet            | 2787     1       3   2791
  gpu           |                     No tests
  distributions |    4                    4
  dropout       |    1                    1
  serialize     |    3                    3
  JLD           |    4                    4
  bmm           |   24                   24
  linalg        |   64                   64
  batchnorm     |   28                   28
  loss          |   56                   56
  reduction     |  508                  508
  conv          |   56     1       3     60
    cpuconv     |   56     1       3     60
  binary        | 1256                 1256
  unary         |  771                  771
  update!       |   10                   10
  optimizers    |    2                    2
ERROR: LoadError: Some tests did not pass: 2787 passed, 1 failed, 0 errored, 3 broken.
in expression starting at /home/pkgeval/.julia/packages/Knet/vxHRi/test/runtests.jl:2
ERROR: Package Knet errored during testing
Stacktrace:
 [1] pkgerror(::String, ::Vararg{String,N} where N) at /buildworker/worker/package_linux64/build/usr/share/julia/stdlib/v1.4/Pkg/src/Types.jl:53
 [2] test(::Pkg.Types.Context, ::Array{Pkg.Types.PackageSpec,1}; coverage::Bool, julia_args::Cmd, test_args::Cmd, test_fn::Nothing) at /buildworker/worker/package_linux64/build/usr/share/julia/stdlib/v1.4/Pkg/src/Operations.jl:1503
 [3] test(::Pkg.Types.Context, ::Array{Pkg.Types.PackageSpec,1}; coverage::Bool, test_fn::Nothing, julia_args::Cmd, test_args::Cmd, kwargs::Base.Iterators.Pairs{Union{},Union{},Tuple{},NamedTuple{(),Tuple{}}}) at /buildworker/worker/package_linux64/build/usr/share/julia/stdlib/v1.4/Pkg/src/API.jl:316
 [4] test(::Pkg.Types.Context, ::Array{Pkg.Types.PackageSpec,1}) at /buildworker/worker/package_linux64/build/usr/share/julia/stdlib/v1.4/Pkg/src/API.jl:303
 [5] #test#68 at /buildworker/worker/package_linux64/build/usr/share/julia/stdlib/v1.4/Pkg/src/API.jl:297 [inlined]
 [6] test at /buildworker/worker/package_linux64/build/usr/share/julia/stdlib/v1.4/Pkg/src/API.jl:297 [inlined]
 [7] #test#67 at /buildworker/worker/package_linux64/build/usr/share/julia/stdlib/v1.4/Pkg/src/API.jl:296 [inlined]
 [8] test at /buildworker/worker/package_linux64/build/usr/share/julia/stdlib/v1.4/Pkg/src/API.jl:296 [inlined]
 [9] test(::String; kwargs::Base.Iterators.Pairs{Union{},Union{},Tuple{},NamedTuple{(),Tuple{}}}) at /buildworker/worker/package_linux64/build/usr/share/julia/stdlib/v1.4/Pkg/src/API.jl:295
 [10] test(::String) at /buildworker/worker/package_linux64/build/usr/share/julia/stdlib/v1.4/Pkg/src/API.jl:295
 [11] top-level scope at none:16
