Julia Version 1.4.0
Commit b8e9a9ecc6 (2020-03-21 16:36 UTC)
Platform Info:
  OS: Linux (x86_64-pc-linux-gnu)
  CPU: Intel(R) Xeon(R) Silver 4114 CPU @ 2.20GHz
  WORD_SIZE: 64
  LIBM: libopenlibm
  LLVM: libLLVM-8.0.1 (ORCJIT, skylake)
Environment:
  JULIA_DEPOT_PATH = ::/usr/local/share/julia
  JULIA_NUM_THREADS = 2

  Resolving package versions...
  Installed CEnum ──────────────────────── v0.2.0
  Installed Requires ───────────────────── v1.0.1
  Installed OrderedCollections ─────────── v1.1.0
  Installed TranscodingStreams ─────────── v0.9.5
  Installed SpecialFunctions ───────────── v0.10.0
  Installed NNlib ──────────────────────── v0.6.6
  Installed LLVM ───────────────────────── v1.3.4
  Installed CodecZlib ──────────────────── v0.7.0
  Installed CUDAapi ────────────────────── v3.1.0
  Installed Adapt ──────────────────────── v1.0.1
  Installed JLD2 ───────────────────────── v0.1.3
  Installed MacroTools ─────────────────── v0.5.5
  Installed CUDAnative ─────────────────── v2.10.2
  Installed GPUArrays ──────────────────── v2.0.1
  Installed Zlib_jll ───────────────────── v1.2.11+8
  Installed FileIO ─────────────────────── v1.2.4
  Installed CUDAdrv ────────────────────── v6.0.0
  Installed Knet ───────────────────────── v1.3.4
  Installed BinaryProvider ─────────────── v0.5.8
  Installed DataStructures ─────────────── v0.17.10
    Cloning [a759f4b9-e2f1-59dc-863e-4aeb61b1ea8f] TimerOutputs from https://github.com/KristofferC/TimerOutputs.jl.git
[?25l    Fetching: [>                                        ]  0.0 %[2K[?25h  Installed TimerOutputs ───────────────── v0.5.3
    Cloning [6710c13c-97f1-543f-91c5-74e8f7d95b35] AutoGrad from https://github.com/denizyuret/AutoGrad.jl.git
[?25l    Fetching: [>                                        ]  0.0 %[2K[?25h  Installed AutoGrad ───────────────────── v1.2.1
    Cloning [3a865a2d-5b23-5a0f-bc46-62713ec82fae] CuArrays from https://github.com/JuliaGPU/CuArrays.jl.git
[?25l    Fetching: [>                                        ]  0.0 %[2K[?25h  Installed CuArrays ───────────────────── v1.7.3
    Cloning [e66e0078-7015-5450-92f7-15fbd957f2ae] CompilerSupportLibraries_jll from https://github.com/JuliaBinaryWrappers/CompilerSupportLibraries_jll.jl.git
[?25l    Fetching: [>                                        ]  0.0 %[2K[?25h  Installed CompilerSupportLibraries_jll ─ v0.3.1+0
    Cloning [efe28fd5-8261-553b-a9e1-b2916fc3738e] OpenSpecFun_jll from https://github.com/JuliaBinaryWrappers/OpenSpecFun_jll.jl.git
[?25l    Fetching: [>                                        ]  0.0 %[2K[?25h  Installed OpenSpecFun_jll ────────────── v0.5.3+3
    Cloning [621f4979-c628-5d54-868e-fcf4e3e8185c] AbstractFFTs from https://github.com/JuliaMath/AbstractFFTs.jl.git
[?25l    Fetching: [>                                        ]  0.0 %[2K[?25h  Installed AbstractFFTs ───────────────── v0.5.0
   Updating `~/.julia/environments/v1.4/Project.toml`
  [1902f260] + Knet v1.3.4
   Updating `~/.julia/environments/v1.4/Manifest.toml`
  [621f4979] + AbstractFFTs v0.5.0
  [79e6a3ab] + Adapt v1.0.1
  [6710c13c] + AutoGrad v1.2.1
  [b99e7846] + BinaryProvider v0.5.8
  [fa961155] + CEnum v0.2.0
  [3895d2a7] + CUDAapi v3.1.0
  [c5f51814] + CUDAdrv v6.0.0
  [be33ccc6] + CUDAnative v2.10.2
  [944b1d66] + CodecZlib v0.7.0
  [e66e0078] + CompilerSupportLibraries_jll v0.3.1+0
  [3a865a2d] + CuArrays v1.7.3
  [864edb3b] + DataStructures v0.17.10
  [5789e2e9] + FileIO v1.2.4
  [0c68f7d7] + GPUArrays v2.0.1
  [033835bb] + JLD2 v0.1.3
  [1902f260] + Knet v1.3.4
  [929cbde3] + LLVM v1.3.4
  [1914dd2f] + MacroTools v0.5.5
  [872c559c] + NNlib v0.6.6
  [efe28fd5] + OpenSpecFun_jll v0.5.3+3
  [bac558e1] + OrderedCollections v1.1.0
  [ae029012] + Requires v1.0.1
  [276daf66] + SpecialFunctions v0.10.0
  [a759f4b9] + TimerOutputs v0.5.3
  [3bb67fe8] + TranscodingStreams v0.9.5
  [83775a58] + Zlib_jll v1.2.11+8
  [2a0f44e3] + Base64 
  [ade2ca70] + Dates 
  [8ba89e20] + Distributed 
  [b77e0a4c] + InteractiveUtils 
  [76f85450] + LibGit2 
  [8f399da3] + Libdl 
  [37e2e46d] + LinearAlgebra 
  [56ddb016] + Logging 
  [d6f4376e] + Markdown 
  [a63ad114] + Mmap 
  [44cfe95a] + Pkg 
  [de0858da] + Printf 
  [3fa0cd96] + REPL 
  [9a3f8284] + Random 
  [ea8e919c] + SHA 
  [9e88b42a] + Serialization 
  [6462fe0b] + Sockets 
  [2f01184e] + SparseArrays 
  [10745b16] + Statistics 
  [8dfed614] + Test 
  [cf7118a7] + UUIDs 
  [4ec0a83e] + Unicode 
   Building NNlib → `~/.julia/packages/NNlib/FAI3o/deps/build.log`
   Building Knet ─→ `~/.julia/packages/Knet/vxHRi/deps/build.log`
    Testing Knet
Status `/tmp/jl_7OLTcN/Manifest.toml`
  [621f4979] AbstractFFTs v0.5.0
  [79e6a3ab] Adapt v1.0.1
  [6710c13c] AutoGrad v1.2.1
  [b99e7846] BinaryProvider v0.5.8
  [fa961155] CEnum v0.2.0
  [3895d2a7] CUDAapi v3.1.0
  [c5f51814] CUDAdrv v6.0.0
  [be33ccc6] CUDAnative v2.10.2
  [944b1d66] CodecZlib v0.7.0
  [e66e0078] CompilerSupportLibraries_jll v0.3.1+0
  [3a865a2d] CuArrays v1.7.3
  [864edb3b] DataStructures v0.17.10
  [5789e2e9] FileIO v1.2.4
  [0c68f7d7] GPUArrays v2.0.1
  [033835bb] JLD2 v0.1.3
  [1902f260] Knet v1.3.4
  [929cbde3] LLVM v1.3.4
  [1914dd2f] MacroTools v0.5.5
  [872c559c] NNlib v0.6.6
  [efe28fd5] OpenSpecFun_jll v0.5.3+3
  [bac558e1] OrderedCollections v1.1.0
  [ae029012] Requires v1.0.1
  [276daf66] SpecialFunctions v0.10.0
  [a759f4b9] TimerOutputs v0.5.3
  [3bb67fe8] TranscodingStreams v0.9.5
  [83775a58] Zlib_jll v1.2.11+8
  [2a0f44e3] Base64 
  [ade2ca70] Dates 
  [8ba89e20] Distributed 
  [b77e0a4c] InteractiveUtils 
  [76f85450] LibGit2 
  [8f399da3] Libdl 
  [37e2e46d] LinearAlgebra 
  [56ddb016] Logging 
  [d6f4376e] Markdown 
  [a63ad114] Mmap 
  [44cfe95a] Pkg 
  [de0858da] Printf 
  [3fa0cd96] REPL 
  [9a3f8284] Random 
  [ea8e919c] SHA 
  [9e88b42a] Serialization 
  [6462fe0b] Sockets 
  [2f01184e] SparseArrays 
  [10745b16] Statistics 
  [8dfed614] Test 
  [cf7118a7] UUIDs 
  [4ec0a83e] Unicode 
[ Info: CUDAdrv.jl failed to initialize, GPU functionality unavailable (set JULIA_CUDA_SILENT or JULIA_CUDA_VERBOSE to silence or expand this message)
  0.896186 seconds (407.12 k allocations: 21.147 MiB, 33.87% gc time)
Knet.gpuCount() = 0
Knet.gpu() = -1
Knet.tk = ["/usr/local/cuda-10.2/targets/x86_64-linux", "/usr/local/cuda-10.2"]
Knet.libknet8 = ""
Knet.cudartfound = false
Knet.nvmlfound = false
Knet.cublashandle() = nothing
Knet.cudnnhandle() = nothing
Knet.dir() = "/home/pkgeval/.julia/packages/Knet/vxHRi"
readdir(Knet.dir("deps")) = [".deprecated", ".gitignore", "Makefile", "README.windows", "build.jl", "build.log", "cuda01.jl", "cuda1.jl", "cuda11.jl", "cuda12.jl", "cuda13.jl", "cuda14.jl", "cuda16.jl", "cuda17.jl", "cuda20.jl", "cuda21.jl", "cuda22.jl", "gamma.jl"]
  2.413223 seconds (1.29 M allocations: 63.198 MiB, 0.75% gc time)
  4.716749 seconds (7.12 M allocations: 353.101 MiB, 2.94% gc time)
  2.653419 seconds (2.93 M allocations: 153.315 MiB, 2.59% gc time)
  2.684490 seconds (2.92 M allocations: 152.899 MiB, 2.13% gc time)
 30.694592 seconds (27.75 M allocations: 1.337 GiB, 3.05% gc time)
  0.029087 seconds (3.16 k allocations: 191.266 KiB)
  0.534905 seconds (12.42 k allocations: 787.130 KiB)
  0.546450 seconds (12.16 k allocations: 767.500 KiB)
 18.313525 seconds (16.57 M allocations: 839.771 MiB, 2.50% gc time)
 30.922358 seconds (29.80 M allocations: 1.476 GiB, 4.01% gc time)
 36.524971 seconds (36.34 M allocations: 1.775 GiB, 2.36% gc time)
 43.291121 seconds (39.40 M allocations: 1.960 GiB, 3.59% gc time)
  1.105515 seconds (25.59 k allocations: 1.543 MiB, 2.50% gc time)
 64.977929 seconds (56.64 M allocations: 2.782 GiB, 2.93% gc time)
 82.188334 seconds (70.75 M allocations: 3.500 GiB, 3.77% gc time)
  1.551200 seconds (23.38 k allocations: 1.416 MiB)
204.923134 seconds (171.46 M allocations: 8.060 GiB, 2.69% gc time)
205.786430 seconds (164.21 M allocations: 8.190 GiB, 3.51% gc time)
┌ Warning: optimizers is deprecated, use sgd, adam etc. instead.
└ @ Knet ~/.julia/packages/Knet/vxHRi/src/update.jl:627
101.406629 seconds (27.93 M allocations: 1.362 GiB, 1.70% gc time)
Test Summary: | Pass  Broken  Total
Knet          | 2788       3   2791
    Testing Knet tests passed 
