Julia Version 1.4.0
Commit b8e9a9ecc6 (2020-03-21 16:36 UTC)
Platform Info:
  OS: Linux (x86_64-pc-linux-gnu)
  CPU: AMD Ryzen Threadripper 2990WX 32-Core Processor
  WORD_SIZE: 64
  LIBM: libopenlibm
  LLVM: libLLVM-8.0.1 (ORCJIT, znver1)
Environment:
  JULIA_DEPOT_PATH = ::/usr/local/share/julia
  JULIA_NUM_THREADS = 2

  Resolving package versions...
  Installed Requires ───────────────────── v1.0.1
  Installed CEnum ──────────────────────── v0.2.0
  Installed TranscodingStreams ─────────── v0.9.5
  Installed SpecialFunctions ───────────── v0.10.0
  Installed ProtoBuf ───────────────────── v0.7.0
  Installed NNlib ──────────────────────── v0.6.6
  Installed OrderedCollections ─────────── v1.1.0
  Installed KnetOnnx ───────────────────── v0.1.0
  Installed GPUArrays ──────────────────── v2.0.1
  Installed LLVM ───────────────────────── v1.3.4
  Installed CUDAnative ─────────────────── v2.10.2
  Installed CUDAapi ────────────────────── v3.1.0
  Installed MacroTools ─────────────────── v0.5.5
  Installed Knet ───────────────────────── v1.3.5
  Installed BSON ───────────────────────── v0.2.5
  Installed TimerOutputs ───────────────── v0.5.3
  Installed DataFlow ───────────────────── v0.5.0
  Installed CUDAdrv ────────────────────── v6.0.0
  Installed Media ──────────────────────── v0.5.0
  Installed CuArrays ───────────────────── v1.7.3
  Installed Compat ─────────────────────── v3.8.0
  Installed Lazy ───────────────────────── v0.15.0
  Installed AutoGrad ───────────────────── v1.2.1
  Installed CompilerSupportLibraries_jll ─ v0.3.3+0
  Installed DataStructures ─────────────── v0.17.11
  Installed AbstractFFTs ───────────────── v0.5.0
  Installed OpenSpecFun_jll ────────────── v0.5.3+3
  Installed CodecZlib ──────────────────── v0.6.0
  Installed FileIO ─────────────────────── v1.2.4
  Installed BinaryProvider ─────────────── v0.5.8
  Installed JLD2 ───────────────────────── v0.1.12
  Installed Adapt ──────────────────────── v1.0.1
  Installed Juno ───────────────────────── v0.8.1
   Updating `~/.julia/environments/v1.4/Project.toml`
  [5598a57d] + KnetOnnx v0.1.0
   Updating `~/.julia/environments/v1.4/Manifest.toml`
  [621f4979] + AbstractFFTs v0.5.0
  [79e6a3ab] + Adapt v1.0.1
  [6710c13c] + AutoGrad v1.2.1
  [fbb218c0] + BSON v0.2.5
  [b99e7846] + BinaryProvider v0.5.8
  [fa961155] + CEnum v0.2.0
  [3895d2a7] + CUDAapi v3.1.0
  [c5f51814] + CUDAdrv v6.0.0
  [be33ccc6] + CUDAnative v2.10.2
  [944b1d66] + CodecZlib v0.6.0
  [34da2185] + Compat v3.8.0
  [e66e0078] + CompilerSupportLibraries_jll v0.3.3+0
  [3a865a2d] + CuArrays v1.7.3
  [a237f610] + DataFlow v0.5.0
  [864edb3b] + DataStructures v0.17.11
  [5789e2e9] + FileIO v1.2.4
  [0c68f7d7] + GPUArrays v2.0.1
  [033835bb] + JLD2 v0.1.12
  [e5e0dc1b] + Juno v0.8.1
  [1902f260] + Knet v1.3.5
  [5598a57d] + KnetOnnx v0.1.0
  [929cbde3] + LLVM v1.3.4
  [50d2b5c4] + Lazy v0.15.0
  [1914dd2f] + MacroTools v0.5.5
  [e89f7d12] + Media v0.5.0
  [872c559c] + NNlib v0.6.6
  [efe28fd5] + OpenSpecFun_jll v0.5.3+3
  [bac558e1] + OrderedCollections v1.1.0
  [3349acd9] + ProtoBuf v0.7.0
  [ae029012] + Requires v1.0.1
  [276daf66] + SpecialFunctions v0.10.0
  [a759f4b9] + TimerOutputs v0.5.3
  [3bb67fe8] + TranscodingStreams v0.9.5
  [2a0f44e3] + Base64 
  [ade2ca70] + Dates 
  [8bb1440f] + DelimitedFiles 
  [8ba89e20] + Distributed 
  [b77e0a4c] + InteractiveUtils 
  [76f85450] + LibGit2 
  [8f399da3] + Libdl 
  [37e2e46d] + LinearAlgebra 
  [56ddb016] + Logging 
  [d6f4376e] + Markdown 
  [a63ad114] + Mmap 
  [44cfe95a] + Pkg 
  [de0858da] + Printf 
  [9abbd945] + Profile 
  [3fa0cd96] + REPL 
  [9a3f8284] + Random 
  [ea8e919c] + SHA 
  [9e88b42a] + Serialization 
  [1a1011a3] + SharedArrays 
  [6462fe0b] + Sockets 
  [2f01184e] + SparseArrays 
  [10745b16] + Statistics 
  [8dfed614] + Test 
  [cf7118a7] + UUIDs 
  [4ec0a83e] + Unicode 
   Building NNlib ────→ `~/.julia/packages/NNlib/FAI3o/deps/build.log`
   Building CodecZlib → `~/.julia/packages/CodecZlib/5t9zO/deps/build.log`
┌ Error: Error building `CodecZlib`: 
│ [ Info: Downloading https://github.com/bicycle1885/ZlibBuilder/releases/download/v1.0.4/Zlib.v1.2.11.x86_64-linux-gnu.tar.gz to /home/pkgeval/.julia/packages/CodecZlib/5t9zO/deps/usr/downloads/Zlib.v1.2.11.x86_64-linux-gnu.tar.gz...
│ ERROR: LoadError: Could not download https://github.com/bicycle1885/ZlibBuilder/releases/download/v1.0.4/Zlib.v1.2.11.x86_64-linux-gnu.tar.gz to /home/pkgeval/.julia/packages/CodecZlib/5t9zO/deps/usr/downloads/Zlib.v1.2.11.x86_64-linux-gnu.tar.gz:
│ ErrorException("")
│ Stacktrace:
│  [1] error(::String) at ./error.jl:33
│  [2] download(::String, ::String; verbose::Bool) at /home/pkgeval/.julia/packages/BinaryProvider/kcGxO/src/PlatformEngines.jl:502
│  [3] download_verify(::String, ::String, ::String; verbose::Bool, force::Bool, quiet_download::Bool) at /home/pkgeval/.julia/packages/BinaryProvider/kcGxO/src/PlatformEngines.jl:571
│  [4] install(::String, ::String; prefix::Prefix, tarball_path::String, force::Bool, ignore_platform::Bool, verbose::Bool) at /home/pkgeval/.julia/packages/BinaryProvider/kcGxO/src/Prefix.jl:314
│  [5] top-level scope at /home/pkgeval/.julia/packages/CodecZlib/5t9zO/deps/build.jl:89
│  [6] include(::String) at ./client.jl:439
│  [7] top-level scope at none:5
│ in expression starting at /home/pkgeval/.julia/packages/CodecZlib/5t9zO/deps/build.jl:78
│ caused by [exception 1]
│ 
│ Stacktrace:
│  [1] error() at ./error.jl:42
│  [2] download(::String, ::String; verbose::Bool) at /home/pkgeval/.julia/packages/BinaryProvider/kcGxO/src/PlatformEngines.jl:496
│  [3] download_verify(::String, ::String, ::String; verbose::Bool, force::Bool, quiet_download::Bool) at /home/pkgeval/.julia/packages/BinaryProvider/kcGxO/src/PlatformEngines.jl:571
│  [4] install(::String, ::String; prefix::Prefix, tarball_path::String, force::Bool, ignore_platform::Bool, verbose::Bool) at /home/pkgeval/.julia/packages/BinaryProvider/kcGxO/src/Prefix.jl:314
│  [5] top-level scope at /home/pkgeval/.julia/packages/CodecZlib/5t9zO/deps/build.jl:89
│  [6] include(::String) at ./client.jl:439
│  [7] top-level scope at none:5
│ [17:15:33] #=#=#                                                                         [17:15:34] ##O#- #                                                                       [17:15:35] ##O=#  #                                                                      [17:15:36] #=#=-#  #                                                                     [17:15:37] -#O#- #   #                                                                   [17:15:38] -=#=#   #   #                                                                 [17:15:39] -=O#- #  #    #                                                               [17:15:40] -=O=#  #   #   #                                                              [17:15:41] -=O=-#  #    #   #                                                            [17:15:42] -=O=- #   #   #     #                                                         [17:15:43] -=O=-   #   #   #     #                                                       [17:15:44] -=O=-    #    #    #    #                                                     [17:15:45] -=O=-      #   #     #    #                                                   [17:15:46] -=O=-        #   #     #     #                                                [17:15:47] -=O=-         #     #    #     #                                              [17:15:48] -=O=-           #     #    #     #                                            [17:15:49] -=O=-              #    #     #     #                                         [17:15:49] -=O=-                #    #     #     #                                       [17:15:49] 
│ [17:15:49] curl: (22) The requested URL returned error: 500 internal server error
└ @ Pkg.Operations /buildworker/worker/package_linux64/build/usr/share/julia/stdlib/v1.4/Pkg/src/Operations.jl:892
   Building Knet ─────→ `~/.julia/packages/Knet/bTNMd/deps/build.log`
    Testing KnetOnnx
Status `/tmp/jl_Weazuv/Manifest.toml`
  [621f4979] AbstractFFTs v0.5.0
  [79e6a3ab] Adapt v1.0.1
  [6710c13c] AutoGrad v1.2.1
  [fbb218c0] BSON v0.2.5
  [b99e7846] BinaryProvider v0.5.8
  [fa961155] CEnum v0.2.0
  [3895d2a7] CUDAapi v3.1.0
  [c5f51814] CUDAdrv v6.0.0
  [be33ccc6] CUDAnative v2.10.2
  [944b1d66] CodecZlib v0.6.0
  [34da2185] Compat v3.8.0
  [e66e0078] CompilerSupportLibraries_jll v0.3.3+0
  [3a865a2d] CuArrays v1.7.3
  [a237f610] DataFlow v0.5.0
  [864edb3b] DataStructures v0.17.11
  [5789e2e9] FileIO v1.2.4
  [0c68f7d7] GPUArrays v2.0.1
  [033835bb] JLD2 v0.1.12
  [e5e0dc1b] Juno v0.8.1
  [1902f260] Knet v1.3.5
  [5598a57d] KnetOnnx v0.1.0
  [929cbde3] LLVM v1.3.4
  [50d2b5c4] Lazy v0.15.0
  [1914dd2f] MacroTools v0.5.5
  [e89f7d12] Media v0.5.0
  [872c559c] NNlib v0.6.6
  [efe28fd5] OpenSpecFun_jll v0.5.3+3
  [bac558e1] OrderedCollections v1.1.0
  [3349acd9] ProtoBuf v0.7.0
  [ae029012] Requires v1.0.1
  [276daf66] SpecialFunctions v0.10.0
  [a759f4b9] TimerOutputs v0.5.3
  [3bb67fe8] TranscodingStreams v0.9.5
  [2a0f44e3] Base64 
  [ade2ca70] Dates 
  [8bb1440f] DelimitedFiles 
  [8ba89e20] Distributed 
  [b77e0a4c] InteractiveUtils 
  [76f85450] LibGit2 
  [8f399da3] Libdl 
  [37e2e46d] LinearAlgebra 
  [56ddb016] Logging 
  [d6f4376e] Markdown 
  [a63ad114] Mmap 
  [44cfe95a] Pkg 
  [de0858da] Printf 
  [9abbd945] Profile 
  [3fa0cd96] REPL 
  [9a3f8284] Random 
  [ea8e919c] SHA 
  [9e88b42a] Serialization 
  [1a1011a3] SharedArrays 
  [6462fe0b] Sockets 
  [2f01184e] SparseArrays 
  [10745b16] Statistics 
  [8dfed614] Test 
  [cf7118a7] UUIDs 
  [4ec0a83e] Unicode 
WARNING: Method definition iterate(DataFlow.ObjectArraySet{T} where T, Any...) in module DataFlow at /home/pkgeval/.julia/packages/Lazy/KYseE/src/macros.jl:297 overwritten at /home/pkgeval/.julia/packages/Lazy/KYseE/src/macros.jl:297.
  ** incremental compilation may be fatally broken for this module **

WARNING: Method definition iterate##kw(Any, typeof(Base.iterate), DataFlow.ObjectArraySet{T} where T, Any...) in module DataFlow at /home/pkgeval/.julia/packages/Lazy/KYseE/src/macros.jl:297 overwritten at /home/pkgeval/.julia/packages/Lazy/KYseE/src/macros.jl:297.
  ** incremental compilation may be fatally broken for this module **

┌ Warning: Deprecated syntax `(;)` at /home/pkgeval/.julia/packages/DataFlow/nNf8v/src/syntax/dump.jl:10.
│ Use `begin end` instead.
└ @ ~/.julia/packages/DataFlow/nNf8v/src/syntax/dump.jl:10
┌ Warning: Deprecated syntax `(;)` at /home/pkgeval/.julia/packages/DataFlow/nNf8v/src/syntax/sugar.jl:96.
│ Use `begin end` instead.
└ @ ~/.julia/packages/DataFlow/nNf8v/src/syntax/sugar.jl:96
┌ Warning: Deprecated syntax `(;)` at /home/pkgeval/.julia/packages/DataFlow/nNf8v/src/syntax/sugar.jl:107.
│ Use `begin end` instead.
└ @ ~/.julia/packages/DataFlow/nNf8v/src/syntax/sugar.jl:107
┌ Warning: Deprecated syntax `(;)` at /home/pkgeval/.julia/packages/DataFlow/nNf8v/src/syntax/sugar.jl:255.
│ Use `begin end` instead.
└ @ ~/.julia/packages/DataFlow/nNf8v/src/syntax/sugar.jl:255
WARNING: Method definition iterate##kw(Any, typeof(Base.iterate), DataFlow.ObjectArraySet{T} where T, Any...) in module DataFlow at /home/pkgeval/.julia/packages/Lazy/KYseE/src/macros.jl:297 overwritten at /home/pkgeval/.julia/packages/Lazy/KYseE/src/macros.jl:297.
  ** incremental compilation may be fatally broken for this module **

WARNING: Method definition iterate(DataFlow.ObjectArraySet{T} where T, Any...) in module DataFlow at /home/pkgeval/.julia/packages/Lazy/KYseE/src/macros.jl:297 overwritten at /home/pkgeval/.julia/packages/Lazy/KYseE/src/macros.jl:297.
  ** incremental compilation may be fatally broken for this module **

ERROR: LoadError: CodecZlib.jl is not installed properly, run Pkg.build("CodecZlib") and restart Julia.
Stacktrace:
 [1] error(::String) at ./error.jl:33
 [2] top-level scope at /home/pkgeval/.julia/packages/CodecZlib/5t9zO/src/CodecZlib.jl:34
 [3] include(::Module, ::String) at ./Base.jl:377
 [4] top-level scope at none:2
 [5] eval at ./boot.jl:331 [inlined]
 [6] eval(::Expr) at ./client.jl:449
 [7] top-level scope at ./none:3
in expression starting at /home/pkgeval/.julia/packages/CodecZlib/5t9zO/src/CodecZlib.jl:33
ERROR: LoadError: Failed to precompile CodecZlib [944b1d66-785c-5afd-91f1-9de20f533193] to /home/pkgeval/.julia/compiled/v1.4/CodecZlib/1TI30_xAuep.ji.
Stacktrace:
 [1] error(::String) at ./error.jl:33
 [2] compilecache(::Base.PkgId, ::String) at ./loading.jl:1272
 [3] _require(::Base.PkgId) at ./loading.jl:1029
 [4] require(::Base.PkgId) at ./loading.jl:927
 [5] require(::Module, ::Symbol) at ./loading.jl:922
 [6] include(::Module, ::String) at ./Base.jl:377
 [7] top-level scope at none:2
 [8] eval at ./boot.jl:331 [inlined]
 [9] eval(::Expr) at ./client.jl:449
 [10] top-level scope at ./none:3
in expression starting at /home/pkgeval/.julia/packages/JLD2/hB4ya/src/JLD2.jl:2
ERROR: LoadError: LoadError: Failed to precompile JLD2 [033835bb-8acc-5ee8-8aae-3f567f8a3819] to /home/pkgeval/.julia/compiled/v1.4/JLD2/O1EyT_xAuep.ji.
Stacktrace:
 [1] error(::String) at ./error.jl:33
 [2] compilecache(::Base.PkgId, ::String) at ./loading.jl:1272
 [3] _require(::Base.PkgId) at ./loading.jl:1029
 [4] require(::Base.PkgId) at ./loading.jl:927
 [5] require(::Module, ::Symbol) at ./loading.jl:922
 [6] include(::Module, ::String) at ./Base.jl:377
 [7] include(::String) at /home/pkgeval/.julia/packages/Knet/bTNMd/src/Knet.jl:1
 [8] top-level scope at /home/pkgeval/.julia/packages/Knet/bTNMd/src/Knet.jl:138
 [9] include(::Module, ::String) at ./Base.jl:377
 [10] top-level scope at none:2
 [11] eval at ./boot.jl:331 [inlined]
 [12] eval(::Expr) at ./client.jl:449
 [13] top-level scope at ./none:3
in expression starting at /home/pkgeval/.julia/packages/Knet/bTNMd/src/jld.jl:1
in expression starting at /home/pkgeval/.julia/packages/Knet/bTNMd/src/Knet.jl:138
ERROR: LoadError: LoadError: LoadError: Failed to precompile Knet [1902f260-5fb4-5aff-8c31-6271790ab950] to /home/pkgeval/.julia/compiled/v1.4/Knet/f4vSz_xAuep.ji.
Stacktrace:
 [1] error(::String) at ./error.jl:33
 [2] compilecache(::Base.PkgId, ::String) at ./loading.jl:1272
 [3] _require(::Base.PkgId) at ./loading.jl:1029
 [4] require(::Base.PkgId) at ./loading.jl:927
 [5] require(::Module, ::Symbol) at ./loading.jl:922
 [6] include(::Module, ::String) at ./Base.jl:377
 [7] include(::String) at /home/pkgeval/.julia/packages/KnetOnnx/pmqO3/src/KnetOnnx.jl:1
 [8] top-level scope at /home/pkgeval/.julia/packages/KnetOnnx/pmqO3/src/converters.jl:1
 [9] include(::Module, ::String) at ./Base.jl:377
 [10] include(::String) at /home/pkgeval/.julia/packages/KnetOnnx/pmqO3/src/KnetOnnx.jl:1
 [11] top-level scope at /home/pkgeval/.julia/packages/KnetOnnx/pmqO3/src/KnetOnnx.jl:12
 [12] include(::Module, ::String) at ./Base.jl:377
 [13] top-level scope at none:2
 [14] eval at ./boot.jl:331 [inlined]
 [15] eval(::Expr) at ./client.jl:449
 [16] top-level scope at ./none:3
in expression starting at /home/pkgeval/.julia/packages/KnetOnnx/pmqO3/src/KnetLayers/src/KnetLayers.jl:3
in expression starting at /home/pkgeval/.julia/packages/KnetOnnx/pmqO3/src/converters.jl:1
in expression starting at /home/pkgeval/.julia/packages/KnetOnnx/pmqO3/src/KnetOnnx.jl:12
ERROR: LoadError: Failed to precompile KnetOnnx [5598a57d-f0b8-44c7-a305-14fa4de76fa0] to /home/pkgeval/.julia/compiled/v1.4/KnetOnnx/gz8hJ_xAuep.ji.
Stacktrace:
 [1] error(::String) at ./error.jl:33
 [2] compilecache(::Base.PkgId, ::String) at ./loading.jl:1272
 [3] _require(::Base.PkgId) at ./loading.jl:1029
 [4] require(::Base.PkgId) at ./loading.jl:927
 [5] require(::Module, ::Symbol) at ./loading.jl:922
 [6] include(::String) at ./client.jl:439
 [7] top-level scope at none:6
in expression starting at /home/pkgeval/.julia/packages/KnetOnnx/pmqO3/test/runtests.jl:1
ERROR: Package KnetOnnx errored during testing
Stacktrace:
 [1] pkgerror(::String, ::Vararg{String,N} where N) at /buildworker/worker/package_linux64/build/usr/share/julia/stdlib/v1.4/Pkg/src/Types.jl:53
 [2] test(::Pkg.Types.Context, ::Array{Pkg.Types.PackageSpec,1}; coverage::Bool, julia_args::Cmd, test_args::Cmd, test_fn::Nothing) at /buildworker/worker/package_linux64/build/usr/share/julia/stdlib/v1.4/Pkg/src/Operations.jl:1503
 [3] test(::Pkg.Types.Context, ::Array{Pkg.Types.PackageSpec,1}; coverage::Bool, test_fn::Nothing, julia_args::Cmd, test_args::Cmd, kwargs::Base.Iterators.Pairs{Union{},Union{},Tuple{},NamedTuple{(),Tuple{}}}) at /buildworker/worker/package_linux64/build/usr/share/julia/stdlib/v1.4/Pkg/src/API.jl:316
 [4] test(::Pkg.Types.Context, ::Array{Pkg.Types.PackageSpec,1}) at /buildworker/worker/package_linux64/build/usr/share/julia/stdlib/v1.4/Pkg/src/API.jl:303
 [5] #test#68 at /buildworker/worker/package_linux64/build/usr/share/julia/stdlib/v1.4/Pkg/src/API.jl:297 [inlined]
 [6] test at /buildworker/worker/package_linux64/build/usr/share/julia/stdlib/v1.4/Pkg/src/API.jl:297 [inlined]
 [7] #test#67 at /buildworker/worker/package_linux64/build/usr/share/julia/stdlib/v1.4/Pkg/src/API.jl:296 [inlined]
 [8] test at /buildworker/worker/package_linux64/build/usr/share/julia/stdlib/v1.4/Pkg/src/API.jl:296 [inlined]
 [9] test(::String; kwargs::Base.Iterators.Pairs{Union{},Union{},Tuple{},NamedTuple{(),Tuple{}}}) at /buildworker/worker/package_linux64/build/usr/share/julia/stdlib/v1.4/Pkg/src/API.jl:295
 [10] test(::String) at /buildworker/worker/package_linux64/build/usr/share/julia/stdlib/v1.4/Pkg/src/API.jl:295
 [11] top-level scope at none:16
