  Resolving package versions...
  Installed Widgets ─────────────── v0.6.2
  Installed Reexport ────────────── v0.2.0
  Installed MbedTLS_jll ─────────── v2.16.0+1
  Installed FunctionalCollections ─ v0.5.0
  Installed Knockout ────────────── v0.2.4
  Installed HTTP ────────────────── v0.8.13
  Installed Colors ──────────────── v0.12.0
  Installed WebIO ───────────────── v0.8.13
  Installed Observables ─────────── v0.2.3
  Installed IniFile ─────────────── v0.5.0
  Installed AssetRegistry ───────── v0.1.0
  Installed Requires ────────────── v1.0.1
  Installed JSON ────────────────── v0.21.0
  Installed ColorTypes ──────────── v0.10.0
  Installed JSExpr ──────────────── v0.5.2
  Installed WebSockets ──────────── v1.5.2
  Installed Pidfile ─────────────── v1.1.0
  Installed Parsers ─────────────── v1.0.0
  Installed MacroTools ──────────── v0.5.5
  Installed FixedPointNumbers ───── v0.8.0
  Installed MbedTLS ─────────────── v1.0.1
  Installed OrderedCollections ──── v1.1.0
   Updating `~/.julia/environments/v1.4/Project.toml`
  [bcebb21b] + Knockout v0.2.4
   Updating `~/.julia/environments/v1.4/Manifest.toml`
  [bf4720bc] + AssetRegistry v0.1.0
  [3da002f7] + ColorTypes v0.10.0
  [5ae59095] + Colors v0.12.0
  [53c48c17] + FixedPointNumbers v0.8.0
  [de31a74c] + FunctionalCollections v0.5.0
  [cd3eb016] + HTTP v0.8.13
  [83e8ac13] + IniFile v0.5.0
  [97c1335a] + JSExpr v0.5.2
  [682c06a0] + JSON v0.21.0
  [bcebb21b] + Knockout v0.2.4
  [1914dd2f] + MacroTools v0.5.5
  [739be429] + MbedTLS v1.0.1
  [c8ffd9c3] + MbedTLS_jll v2.16.0+1
  [510215fc] + Observables v0.2.3
  [bac558e1] + OrderedCollections v1.1.0
  [69de0a69] + Parsers v1.0.0
  [fa939f87] + Pidfile v1.1.0
  [189a3867] + Reexport v0.2.0
  [ae029012] + Requires v1.0.1
  [0f1e0344] + WebIO v0.8.13
  [104b5d7c] + WebSockets v1.5.2
  [cc8bc4a8] + Widgets v0.6.2
  [2a0f44e3] + Base64 
  [ade2ca70] + Dates 
  [8ba89e20] + Distributed 
  [7b1f6079] + FileWatching 
  [b77e0a4c] + InteractiveUtils 
  [76f85450] + LibGit2 
  [8f399da3] + Libdl 
  [56ddb016] + Logging 
  [d6f4376e] + Markdown 
  [a63ad114] + Mmap 
  [44cfe95a] + Pkg 
  [de0858da] + Printf 
  [3fa0cd96] + REPL 
  [9a3f8284] + Random 
  [ea8e919c] + SHA 
  [9e88b42a] + Serialization 
  [6462fe0b] + Sockets 
  [8dfed614] + Test 
  [cf7118a7] + UUIDs 
  [4ec0a83e] + Unicode 
   Building WebIO ───→ `~/.julia/packages/WebIO/2nnB1/deps/build.log`
   Building Knockout → `~/.julia/packages/Knockout/IP1uR/deps/build.log`
    Testing Knockout
Status `/tmp/jl_G3hVHV/Manifest.toml`
  [bf4720bc] AssetRegistry v0.1.0
  [9e28174c] BinDeps v1.0.0
  [ad839575] Blink v0.12.2
  [3da002f7] ColorTypes v0.10.0
  [5ae59095] Colors v0.12.0
  [9a962f9c] DataAPI v1.1.0
  [e2d170a0] DataValueInterfaces v1.0.0
  [53c48c17] FixedPointNumbers v0.8.0
  [de31a74c] FunctionalCollections v0.5.0
  [cd3eb016] HTTP v0.8.13
  [9fb69e20] Hiccup v0.2.2
  [83e8ac13] IniFile v0.5.0
  [82899510] IteratorInterfaceExtensions v1.0.0
  [97c1335a] JSExpr v0.5.2
  [682c06a0] JSON v0.21.0
  [bcebb21b] Knockout v0.2.4
  [50d2b5c4] Lazy v0.14.0
  [1914dd2f] MacroTools v0.5.5
  [739be429] MbedTLS v1.0.1
  [c8ffd9c3] MbedTLS_jll v2.16.0+1
  [ffc61752] Mustache v1.0.1
  [a975b10e] Mux v0.7.1
  [510215fc] Observables v0.2.3
  [bac558e1] OrderedCollections v1.1.0
  [69de0a69] Parsers v1.0.0
  [fa939f87] Pidfile v1.1.0
  [189a3867] Reexport v0.2.0
  [ae029012] Requires v1.0.1
  [3783bdb8] TableTraits v1.0.0
  [bd369af6] Tables v1.0.3
  [30578b45] URIParser v0.4.0
  [0f1e0344] WebIO v0.8.13
  [104b5d7c] WebSockets v1.5.2
  [cc8bc4a8] Widgets v0.6.2
  [2a0f44e3] Base64 
  [ade2ca70] Dates 
  [8ba89e20] Distributed 
  [7b1f6079] FileWatching 
  [b77e0a4c] InteractiveUtils 
  [76f85450] LibGit2 
  [8f399da3] Libdl 
  [37e2e46d] LinearAlgebra 
  [56ddb016] Logging 
  [d6f4376e] Markdown 
  [a63ad114] Mmap 
  [44cfe95a] Pkg 
  [de0858da] Printf 
  [3fa0cd96] REPL 
  [9a3f8284] Random 
  [ea8e919c] SHA 
  [9e88b42a] Serialization 
  [6462fe0b] Sockets 
  [8dfed614] Test 
  [cf7118a7] UUIDs 
  [4ec0a83e] Unicode 
ERROR: LoadError: IOError: connect: connection refused (ECONNREFUSED)
Stacktrace:
 [1] wait_connected(::Sockets.TCPSocket) at /buildworker/worker/package_linux64/build/usr/share/julia/stdlib/v1.4/Sockets/src/Sockets.jl:520
 [2] connect at /buildworker/worker/package_linux64/build/usr/share/julia/stdlib/v1.4/Sockets/src/Sockets.jl:555 [inlined]
 [3] connect(::Sockets.IPv4, ::Int64) at /buildworker/worker/package_linux64/build/usr/share/julia/stdlib/v1.4/Sockets/src/Sockets.jl:541
 [4] try_connect(::Sockets.IPv4, ::Vararg{Any,N} where N; interval::Float64, attempts::Int64) at /home/pkgeval/.julia/packages/Blink/HhoiS/src/AtomShell/process.jl:79
 [5] try_connect at /home/pkgeval/.julia/packages/Blink/HhoiS/src/AtomShell/process.jl:77 [inlined]
 [6] init(; debug::Bool) at /home/pkgeval/.julia/packages/Blink/HhoiS/src/AtomShell/process.jl:93
 [7] shell(; debug::Bool) at /home/pkgeval/.julia/packages/Blink/HhoiS/src/AtomShell/process.jl:149
 [8] shell at /home/pkgeval/.julia/packages/Blink/HhoiS/src/AtomShell/process.jl:144 [inlined]
 [9] #Window#14 at /home/pkgeval/.julia/packages/Blink/HhoiS/src/AtomShell/window.jl:89 [inlined]
 [10] Window(::Dict{Any,Any}) at /home/pkgeval/.julia/packages/Blink/HhoiS/src/AtomShell/window.jl:89
 [11] top-level scope at /home/pkgeval/.julia/packages/Knockout/IP1uR/test/runtests.jl:14
 [12] include(::String) at ./client.jl:439
 [13] top-level scope at none:6
in expression starting at /home/pkgeval/.julia/packages/Knockout/IP1uR/test/runtests.jl:14
ERROR: Package Knockout errored during testing
Stacktrace:
 [1] pkgerror(::String, ::Vararg{String,N} where N) at /buildworker/worker/package_linux64/build/usr/share/julia/stdlib/v1.4/Pkg/src/Types.jl:53
 [2] test(::Pkg.Types.Context, ::Array{Pkg.Types.PackageSpec,1}; coverage::Bool, julia_args::Cmd, test_args::Cmd, test_fn::Nothing) at /buildworker/worker/package_linux64/build/usr/share/julia/stdlib/v1.4/Pkg/src/Operations.jl:1503
 [3] test(::Pkg.Types.Context, ::Array{Pkg.Types.PackageSpec,1}; coverage::Bool, test_fn::Nothing, julia_args::Cmd, test_args::Cmd, kwargs::Base.Iterators.Pairs{Union{},Union{},Tuple{},NamedTuple{(),Tuple{}}}) at /buildworker/worker/package_linux64/build/usr/share/julia/stdlib/v1.4/Pkg/src/API.jl:316
 [4] test(::Pkg.Types.Context, ::Array{Pkg.Types.PackageSpec,1}) at /buildworker/worker/package_linux64/build/usr/share/julia/stdlib/v1.4/Pkg/src/API.jl:303
 [5] #test#68 at /buildworker/worker/package_linux64/build/usr/share/julia/stdlib/v1.4/Pkg/src/API.jl:297 [inlined]
 [6] test at /buildworker/worker/package_linux64/build/usr/share/julia/stdlib/v1.4/Pkg/src/API.jl:297 [inlined]
 [7] #test#67 at /buildworker/worker/package_linux64/build/usr/share/julia/stdlib/v1.4/Pkg/src/API.jl:296 [inlined]
 [8] test at /buildworker/worker/package_linux64/build/usr/share/julia/stdlib/v1.4/Pkg/src/API.jl:296 [inlined]
 [9] test(::String; kwargs::Base.Iterators.Pairs{Union{},Union{},Tuple{},NamedTuple{(),Tuple{}}}) at /buildworker/worker/package_linux64/build/usr/share/julia/stdlib/v1.4/Pkg/src/API.jl:295
 [10] test(::String) at /buildworker/worker/package_linux64/build/usr/share/julia/stdlib/v1.4/Pkg/src/API.jl:295
 [11] top-level scope at none:16
