Julia Version 1.4.0
Commit b8e9a9ecc6 (2020-03-21 16:36 UTC)
Platform Info:
  OS: Linux (x86_64-pc-linux-gnu)
  CPU: AMD Ryzen Threadripper 2990WX 32-Core Processor
  WORD_SIZE: 64
  LIBM: libopenlibm
  LLVM: libLLVM-8.0.1 (ORCJIT, znver1)
Environment:
  JULIA_DEPOT_PATH = ::/usr/local/share/julia
  JULIA_NUM_THREADS = 2

  Resolving package versions...
  Installed KrylovMethods ─ v0.6.0
   Updating `~/.julia/environments/v1.4/Project.toml`
  [9a2cd570] + KrylovMethods v0.6.0
   Updating `~/.julia/environments/v1.4/Manifest.toml`
  [9a2cd570] + KrylovMethods v0.6.0
  [8f399da3] + Libdl 
  [37e2e46d] + LinearAlgebra 
  [de0858da] + Printf 
  [9a3f8284] + Random 
  [9e88b42a] + Serialization 
  [2f01184e] + SparseArrays 
  [4ec0a83e] + Unicode 
    Testing KrylovMethods
Status `/tmp/jl_GNQoYT/Manifest.toml`
  [9aa1b823] FastClosures v0.3.2
  [9a2cd570] KrylovMethods v0.6.0
  [5c8ed15e] LinearOperators v1.0.1
  [a759f4b9] TimerOutputs v0.5.3
  [2a0f44e3] Base64 
  [8ba89e20] Distributed 
  [b77e0a4c] InteractiveUtils 
  [8f399da3] Libdl 
  [37e2e46d] LinearAlgebra 
  [56ddb016] Logging 
  [d6f4376e] Markdown 
  [de0858da] Printf 
  [9a3f8284] Random 
  [9e88b42a] Serialization 
  [6462fe0b] Sockets 
  [2f01184e] SparseArrays 
  [8dfed614] Test 
  [4ec0a83e] Unicode 
=== bicgstb ===
iter	 relres
  1	1.02e-01
  2	4.13e-02
  3	1.64e-03
bicgstb iterated maxIter (=3) times but reached only residual norm 4.13e-02 instead of tol=1.00e-06.
bcgstb achieved desired tolerance at iteration 6.5. Residual norm is 8.62e-07.
=== block bicgstb ===
iter	 relres
  1	1.00e-01
  2	2.84e-02
  3	5.98e-03
blockBiCGSTB iterated maxIter (=3) times but reached only residual norm 2.84e-02 instead of tol=1.00e-06.
blockBiCGSTB achieved desired tolerance at iteration 7. Residual norm is 6.20e-07.
=== cg ===
iter	 relres
  1	0.00e+00
cg achieved desired tolerance at iteration 1. Residual norm is 0.00e+00.
=== cg ===
iter	 relres
  1	2.09e-01
cg iterated maxIter (=1) times but reached only residual norm 2.09e-01 instead of tol=1.00e-15.
Matrix A in cg has to be positive definite.
cg achieved desired tolerance at iteration 24. Residual norm is 8.07e-06.
=== blockcg ===
iter	max(relres)
  1	3.01e-15
  2	1.16e-30
blockCG achieved desired tolerance at iteration 2. Residual norm is 1.16e-30.
=== blockcg ===
iter	max(relres)
  1	0.00e+00
blockCG achieved desired tolerance at iteration 1. Residual norm is 0.00e+00.
blockCG: Test Failed at /home/pkgeval/.julia/packages/KrylovMethods/Vz3XT/test/testBlockCG.jl:15
  Expression: flag == -1
   Evaluated: 0 == -1
Stacktrace:
 [1] top-level scope at /home/pkgeval/.julia/packages/KrylovMethods/Vz3XT/test/testBlockCG.jl:15
 [2] top-level scope at /buildworker/worker/package_linux64/build/usr/share/julia/stdlib/v1.4/Test/src/Test.jl:1113
 [3] top-level scope at /home/pkgeval/.julia/packages/KrylovMethods/Vz3XT/test/testBlockCG.jl:8
=== blockcg ===
iter	max(relres)
  1	3.84e-01
  2	2.20e-01
  3	1.46e-01
  4	9.97e-02
  5	7.01e-02
  6	4.76e-02
  7	3.18e-02
  8	1.92e-02
  9	1.08e-02
 10	5.24e-03
 11	2.45e-03
 12	9.45e-04
blockCG achieved desired tolerance at iteration 12. Residual norm is 9.45e-04.
=== blockcg ===
iter	max(relres)
  1	3.84e-01
  2	2.20e-01
  3	1.46e-01
  4	9.97e-02
  5	7.01e-02
  6	4.76e-02
  7	3.18e-02
  8	1.92e-02
  9	1.08e-02
 10	5.24e-03
 11	2.45e-03
 12	9.45e-04
blockCG achieved desired tolerance at iteration 12. Residual norm is 9.45e-04.
=== cgls ===
iter	   |A'r|	 norm(r)	 norm(x)
  1	2.46e+01	4.10e-01	9.94e+00
  2	5.42e+00	5.41e-01	9.89e+00
cgls iterated maxIter (=2) times witout reaching tolerance. Returned result has residual norm  5.42e+00.
cgls relative gradient norm below desired tolerance at iteration 10. Returned result has residual norm  9.42e-10.
=== gmres ===
iter	 relres

  1	3.2e-01 1.0e-01 3.7e-02 	 3.7e-02
  2	1.2e-02 4.0e-03 1.4e-03 	 1.4e-03
  3	5.2e-04 1.6e-04 4.6e-05 	 4.6e-05
gmres iterated maxIter (=3) times without achieving the desired tolerance.
gmres achieved desired tolerance at iteration 3. Residual norm is 3.62e-07.
*******************************************************
=== fgmres ===
iter	 relres

  1	3.2e-01 1.0e-01 3.7e-02 
  2	1.2e-02 4.0e-03 1.4e-03 
  3	5.2e-04 1.6e-04 4.6e-05 
fgmres iterated maxIter (=3) outer iterations without achieving the desired tolerance. Acheived: 4.58e-05
fgmres achieved desired tolerance at inner iteration 13. Residual norm is 3.62e-07.
*******************************************************
=== blockFGMRES ===
iter	 relres

  1	2.2e-01 4.5e-02 9.5e-03 
  2	2.2e-03 4.7e-04 9.6e-05 
  3	2.5e-05 3.8e-06 8.4e-07 
blockFGMRES iterated maxIter (=3) outer iterations without achieving the desired tolerance. Acheived: 8.40e-07
-----------------------------------
blockFGMRES achieved desired tolerance at inner iteration 9. Residual norm is 7.37e-07.
*****************************************************************************
Givens rotation for v=[0.0,-0.3122974995428059]
Givens rotation for v=[-1.5065741410770388,0.0]
Givens rotation for v=[0.31340337219291925,0.6048813974330118]
=== Testing Lanczos Bidiagonalization ===
ssor achieved desired tolerance at iteration 37. Residual norm is 9.93e-03.
ssor achieved desired tolerance at iteration 56. Residual norm is 9.79e-03.
cg achieved desired tolerance at iteration 54. Residual norm is 7.64e-13.
=== sor ===
iter	 relres

  1	1.44e-01
  2	6.52e-02
  3	4.10e-02
ssor iterated maxIter (=3) times but reached only residual norm 4.10e-02 instead of tol=1.00e-02.
ssor achieved desired tolerance at iteration 16. Residual norm is 9.86e-03.
ssor achieved desired tolerance at iteration 24. Residual norm is 9.72e-03.
iter	|r_k|		|A'*r_k|	|A|		cond(A)		STOP
001	4.629e-01	4.792e-01	1.673e+00	1.000e+00	[0,0,0]
002	2.979e-16	4.965e-16	2.000e+00	2.309e+00	[1,0,0]
lsqr achieved desired tolerance at iteration 2. The system should be compatible. Residual norm is 2.98e-16.
lsqr achieved desired tolerance at iteration 2. The system should be incompatible. Gradient norm is 1.23e+00.
lsqr achieved desired tolerance at iteration 10. The system should be incompatible. Gradient norm is 9.87e+00.
minres iterated maxIter (=1) times but reached only residual norm 3.40e-01 instead of tol=1.00e-12.
=== minres ===
iter	|r_k|		|A*r_k|		|A|			cond(A)
1	3.40e-01	2.45e+00	6.82e+00		1.19e+00
2	3.72e-02	8.82e-02	7.59e+00		1.32e+00
3	2.91e-03	4.07e-03	7.59e+00		1.56e+00
4	1.32e-04	1.14e-04	7.59e+00		1.56e+00
5	1.12e-05	1.56e-05	7.59e+00		1.69e+00
6	3.51e-08	1.99e-09	7.59e+00		1.69e+00
7	4.93e-10	1.14e-10	7.59e+00		1.71e+00
8	1.41e-17	5.99e-24	7.59e+00		1.89e+00
minres converged at iteration 8. |A r_k|=5.99e-24 and |r_k|=1.41e-17.
=== minres ===
iter	|r_k|		|A*r_k|		|A|			cond(A)
1	1.20e-01	9.78e-01	6.36e+00		1.02e+00
2	7.59e-03	9.30e-03	7.19e+00		1.28e+00
3	4.05e-04	3.80e-04	7.19e+00		1.51e+00
4	3.45e-05	5.60e-05	7.19e+00		1.51e+00
5	1.94e-06	1.79e-06	7.19e+00		1.61e+00
6	9.51e-09	8.76e-10	7.19e+00		1.61e+00
7	1.69e-10	4.92e-11	7.19e+00		1.62e+00
8	2.14e-17	4.02e-23	7.19e+00		1.79e+00
minres converged at iteration 8. |A r_k|=4.02e-23 and |r_k|=2.14e-17.
test stop by condlim
test stop by beta
minres stopped because beta (=1.82e-11) became smaller than the tolerance (btol=1.00e-10) at iteration 5.
test if anything is done for zero right hand side
Test Summary:  | Pass  Fail  Total
KrylovMethods  |  154     1    155
  bicgstb      |   17           17
  blockBiCGSTB |   17           17
  CG           |   16           16
  blockCG      |    5     1      6
  CLGS         |    6            6
  GS           |   10           10
  gmres        |   15           15
  fgmres       |   12           12
  blockFGMRES  |   16           16
  lanczos      |    9            9
  SSOR         |   12           12
  LSQR         |    9            9
  MINRES       |   10           10
ERROR: LoadError: Some tests did not pass: 154 passed, 1 failed, 0 errored, 0 broken.
in expression starting at /home/pkgeval/.julia/packages/KrylovMethods/Vz3XT/test/runtests.jl:10
ERROR: Package KrylovMethods errored during testing
Stacktrace:
 [1] pkgerror(::String, ::Vararg{String,N} where N) at /buildworker/worker/package_linux64/build/usr/share/julia/stdlib/v1.4/Pkg/src/Types.jl:53
 [2] test(::Pkg.Types.Context, ::Array{Pkg.Types.PackageSpec,1}; coverage::Bool, julia_args::Cmd, test_args::Cmd, test_fn::Nothing) at /buildworker/worker/package_linux64/build/usr/share/julia/stdlib/v1.4/Pkg/src/Operations.jl:1503
 [3] test(::Pkg.Types.Context, ::Array{Pkg.Types.PackageSpec,1}; coverage::Bool, test_fn::Nothing, julia_args::Cmd, test_args::Cmd, kwargs::Base.Iterators.Pairs{Union{},Union{},Tuple{},NamedTuple{(),Tuple{}}}) at /buildworker/worker/package_linux64/build/usr/share/julia/stdlib/v1.4/Pkg/src/API.jl:316
 [4] test(::Pkg.Types.Context, ::Array{Pkg.Types.PackageSpec,1}) at /buildworker/worker/package_linux64/build/usr/share/julia/stdlib/v1.4/Pkg/src/API.jl:303
 [5] #test#68 at /buildworker/worker/package_linux64/build/usr/share/julia/stdlib/v1.4/Pkg/src/API.jl:297 [inlined]
 [6] test at /buildworker/worker/package_linux64/build/usr/share/julia/stdlib/v1.4/Pkg/src/API.jl:297 [inlined]
 [7] #test#67 at /buildworker/worker/package_linux64/build/usr/share/julia/stdlib/v1.4/Pkg/src/API.jl:296 [inlined]
 [8] test at /buildworker/worker/package_linux64/build/usr/share/julia/stdlib/v1.4/Pkg/src/API.jl:296 [inlined]
 [9] test(::String; kwargs::Base.Iterators.Pairs{Union{},Union{},Tuple{},NamedTuple{(),Tuple{}}}) at /buildworker/worker/package_linux64/build/usr/share/julia/stdlib/v1.4/Pkg/src/API.jl:295
 [10] test(::String) at /buildworker/worker/package_linux64/build/usr/share/julia/stdlib/v1.4/Pkg/src/API.jl:295
 [11] top-level scope at none:16
