Julia Version 1.4.0
Commit b8e9a9ecc6 (2020-03-21 16:36 UTC)
Platform Info:
  OS: Linux (x86_64-pc-linux-gnu)
  CPU: AMD Ryzen Threadripper 2990WX 32-Core Processor
  WORD_SIZE: 64
  LIBM: libopenlibm
  LLVM: libLLVM-8.0.1 (ORCJIT, znver1)
Environment:
  JULIA_DEPOT_PATH = ::/usr/local/share/julia
  JULIA_NUM_THREADS = 2

  Resolving package versions...
  Installed DataAPI ───────────────────── v1.1.0
  Installed Tables ────────────────────── v0.2.11
  Installed FileIO ────────────────────── v1.2.4
  Installed BinaryProvider ────────────── v0.5.8
  Installed IteratorInterfaceExtensions ─ v1.0.0
  Installed OrderedCollections ────────── v1.1.0
  Installed IterTools ─────────────────── v1.3.0
  Installed FixedPointNumbers ─────────── v0.7.1
  Installed GeometryTypes ─────────────── v0.7.6
    Cloning [c3605908-9f0f-11e8-0a72-0d361c15a277] LazIO from https://github.com/evetion/LazIO.jl.git
[?25l    Fetching: [>                                        ]  0.0 %[2K[?25h  Installed LazIO ─────────────────────── v0.1.3
    Cloning [90137ffa-7385-5640-81b9-e52037218182] StaticArrays from https://github.com/JuliaArrays/StaticArrays.jl.git
[?25l    Fetching: [>                                        ]  0.0 %[2K[?25h  Installed StaticArrays ──────────────── v0.12.1
    Cloning [e2d170a0-9d28-54be-80f0-106bbe20a464] DataValueInterfaces from https://github.com/queryverse/DataValueInterfaces.jl.git
[?25l    Fetching: [>                                        ]  0.0 %[2K[?25h  Installed DataValueInterfaces ───────── v1.0.0
    Cloning [570499db-eae3-5eb6-bdd5-a5326f375e68] LasIO from https://github.com/visr/LasIO.jl.git
[?25l    Fetching: [>                                        ]  0.0 %[2K[?25h  Installed LasIO ─────────────────────── v0.3.6
    Cloning [3da002f7-5984-5a60-b8a6-cbb66c0b333f] ColorTypes from https://github.com/JuliaGraphics/ColorTypes.jl.git
[?25l    Fetching: [>                                        ]  0.0 %[2K[?25h  Installed ColorTypes ────────────────── v0.10.0
    Cloning [d96e819e-fc66-5662-9728-84c9c7592b0a] Parameters from https://github.com/mauro3/Parameters.jl.git
[?25l    Fetching: [>                                        ]  0.0 %[2K[?25h  Installed Parameters ────────────────── v0.12.0
    Cloning [3783bdb8-4a98-5b6b-af9a-565f29a5fe9c] TableTraits from https://github.com/queryverse/TableTraits.jl.git
[?25l    Fetching: [>                                        ]  0.0 %[2K[?25h  Installed TableTraits ───────────────── v1.0.0
   Updating `~/.julia/environments/v1.4/Project.toml`
  [c3605908] + LazIO v0.1.3
   Updating `~/.julia/environments/v1.4/Manifest.toml`
  [b99e7846] + BinaryProvider v0.5.8
  [3da002f7] + ColorTypes v0.10.0
  [9a962f9c] + DataAPI v1.1.0
  [e2d170a0] + DataValueInterfaces v1.0.0
  [5789e2e9] + FileIO v1.2.4
  [53c48c17] + FixedPointNumbers v0.7.1
  [4d00f742] + GeometryTypes v0.7.6
  [c8e1da08] + IterTools v1.3.0
  [82899510] + IteratorInterfaceExtensions v1.0.0
  [570499db] + LasIO v0.3.6
  [c3605908] + LazIO v0.1.3
  [bac558e1] + OrderedCollections v1.1.0
  [d96e819e] + Parameters v0.12.0
  [90137ffa] + StaticArrays v0.12.1
  [3783bdb8] + TableTraits v1.0.0
  [bd369af6] + Tables v0.2.11
  [2a0f44e3] + Base64 
  [ade2ca70] + Dates 
  [8ba89e20] + Distributed 
  [b77e0a4c] + InteractiveUtils 
  [76f85450] + LibGit2 
  [8f399da3] + Libdl 
  [37e2e46d] + LinearAlgebra 
  [56ddb016] + Logging 
  [d6f4376e] + Markdown 
  [a63ad114] + Mmap 
  [44cfe95a] + Pkg 
  [de0858da] + Printf 
  [3fa0cd96] + REPL 
  [9a3f8284] + Random 
  [ea8e919c] + SHA 
  [9e88b42a] + Serialization 
  [6462fe0b] + Sockets 
  [2f01184e] + SparseArrays 
  [10745b16] + Statistics 
  [8dfed614] + Test 
  [cf7118a7] + UUIDs 
  [4ec0a83e] + Unicode 
   Building LazIO → `~/.julia/packages/LazIO/mfQdY/deps/build.log`
    Testing LazIO
Status `/tmp/jl_kSOLNI/Manifest.toml`
  [b99e7846] BinaryProvider v0.5.8
  [3da002f7] ColorTypes v0.10.0
  [9a962f9c] DataAPI v1.1.0
  [e2d170a0] DataValueInterfaces v1.0.0
  [5789e2e9] FileIO v1.2.4
  [53c48c17] FixedPointNumbers v0.7.1
  [4d00f742] GeometryTypes v0.7.6
  [c8e1da08] IterTools v1.3.0
  [82899510] IteratorInterfaceExtensions v1.0.0
  [570499db] LasIO v0.3.6
  [c3605908] LazIO v0.1.3
  [bac558e1] OrderedCollections v1.1.0
  [d96e819e] Parameters v0.12.0
  [90137ffa] StaticArrays v0.12.1
  [3783bdb8] TableTraits v1.0.0
  [bd369af6] Tables v0.2.11
  [2a0f44e3] Base64 
  [ade2ca70] Dates 
  [8ba89e20] Distributed 
  [b77e0a4c] InteractiveUtils 
  [76f85450] LibGit2 
  [8f399da3] Libdl 
  [37e2e46d] LinearAlgebra 
  [56ddb016] Logging 
  [d6f4376e] Markdown 
  [a63ad114] Mmap 
  [44cfe95a] Pkg 
  [de0858da] Printf 
  [3fa0cd96] REPL 
  [9a3f8284] Random 
  [ea8e919c] SHA 
  [9e88b42a] Serialization 
  [6462fe0b] Sockets 
  [2f01184e] SparseArrays 
  [10745b16] Statistics 
  [8dfed614] Test 
  [cf7118a7] UUIDs 
  [4ec0a83e] Unicode 
Test Summary: | Pass  Total
LazIO         |   30     30
    Testing LazIO tests passed 
