Julia Version 1.4.0
Commit b8e9a9ecc6 (2020-03-21 16:36 UTC)
Platform Info:
  OS: Linux (x86_64-pc-linux-gnu)
  CPU: AMD Ryzen Threadripper 2990WX 32-Core Processor
  WORD_SIZE: 64
  LIBM: libopenlibm
  LLVM: libLLVM-8.0.1 (ORCJIT, znver1)
Environment:
  JULIA_DEPOT_PATH = ::/usr/local/share/julia
  JULIA_NUM_THREADS = 2

  Resolving package versions...
  Installed BinaryProvider ────────────── v0.5.8
  Installed FileIO ────────────────────── v1.2.4
  Installed Parameters ────────────────── v0.12.0
  Installed OrderedCollections ────────── v1.1.0
  Installed GeometryTypes ─────────────── v0.8.1
    Cloning [c3605908-9f0f-11e8-0a72-0d361c15a277] LazIO from https://github.com/evetion/LazIO.jl.git
[?25l    Fetching: [>                                        ]  0.0 %[2K[?25h  Installed LazIO ─────────────────────── v0.1.3
    Cloning [9a962f9c-6df0-11e9-0e5d-c546b8b5ee8a] DataAPI from https://github.com/JuliaData/DataAPI.jl.git
[?25l    Fetching: [>                                        ]  0.0 %[2K[?25h  Installed DataAPI ───────────────────── v1.1.0
    Cloning [90137ffa-7385-5640-81b9-e52037218182] StaticArrays from https://github.com/JuliaArrays/StaticArrays.jl.git
[?25l    Fetching: [>                                        ]  0.0 %[2K[?25h  Installed StaticArrays ──────────────── v0.12.1
    Cloning [bd369af6-aec1-5ad0-b16a-f7cc5008161c] Tables from https://github.com/JuliaData/Tables.jl.git
[?25l    Fetching: [>                                        ]  0.0 %[2K[?25h  Installed Tables ────────────────────── v0.2.11
    Cloning [e2d170a0-9d28-54be-80f0-106bbe20a464] DataValueInterfaces from https://github.com/queryverse/DataValueInterfaces.jl.git
[?25l    Fetching: [>                                        ]  0.0 %[2K[?25h  Installed DataValueInterfaces ───────── v1.0.0
    Cloning [570499db-eae3-5eb6-bdd5-a5326f375e68] LasIO from https://github.com/visr/LasIO.jl.git
[?25l    Fetching: [>                                        ]  0.0 %    Fetching: [===========================>             ]  65.5 %[2K[?25h  Installed LasIO ─────────────────────── v0.3.6
    Cloning [3da002f7-5984-5a60-b8a6-cbb66c0b333f] ColorTypes from https://github.com/JuliaGraphics/ColorTypes.jl.git
[?25l    Fetching: [>                                        ]  0.0 %[2K[?25h  Installed ColorTypes ────────────────── v0.9.1
    Cloning [82899510-4779-5014-852e-03e436cf321d] IteratorInterfaceExtensions from https://github.com/queryverse/IteratorInterfaceExtensions.jl.git
[?25l    Fetching: [>                                        ]  0.0 %[2K[?25h  Installed IteratorInterfaceExtensions ─ v1.0.0
    Cloning [53c48c17-4a7d-5ca2-90c5-79b7896eea93] FixedPointNumbers from https://github.com/JuliaMath/FixedPointNumbers.jl.git
[?25l    Fetching: [>                                        ]  0.0 %[2K[?25h  Installed FixedPointNumbers ─────────── v0.7.1
    Cloning [3783bdb8-4a98-5b6b-af9a-565f29a5fe9c] TableTraits from https://github.com/queryverse/TableTraits.jl.git
[?25l    Fetching: [>                                        ]  0.0 %[2K[?25h  Installed TableTraits ───────────────── v1.0.0
   Updating `~/.julia/environments/v1.4/Project.toml`
  [c3605908] + LazIO v0.1.3
   Updating `~/.julia/environments/v1.4/Manifest.toml`
  [b99e7846] + BinaryProvider v0.5.8
  [3da002f7] + ColorTypes v0.9.1
  [9a962f9c] + DataAPI v1.1.0
  [e2d170a0] + DataValueInterfaces v1.0.0
  [5789e2e9] + FileIO v1.2.4
  [53c48c17] + FixedPointNumbers v0.7.1
  [4d00f742] + GeometryTypes v0.8.1
  [82899510] + IteratorInterfaceExtensions v1.0.0
  [570499db] + LasIO v0.3.6
  [c3605908] + LazIO v0.1.3
  [bac558e1] + OrderedCollections v1.1.0
  [d96e819e] + Parameters v0.12.0
  [90137ffa] + StaticArrays v0.12.1
  [3783bdb8] + TableTraits v1.0.0
  [bd369af6] + Tables v0.2.11
  [2a0f44e3] + Base64 
  [ade2ca70] + Dates 
  [8ba89e20] + Distributed 
  [b77e0a4c] + InteractiveUtils 
  [76f85450] + LibGit2 
  [8f399da3] + Libdl 
  [37e2e46d] + LinearAlgebra 
  [56ddb016] + Logging 
  [d6f4376e] + Markdown 
  [a63ad114] + Mmap 
  [44cfe95a] + Pkg 
  [de0858da] + Printf 
  [3fa0cd96] + REPL 
  [9a3f8284] + Random 
  [ea8e919c] + SHA 
  [9e88b42a] + Serialization 
  [6462fe0b] + Sockets 
  [2f01184e] + SparseArrays 
  [10745b16] + Statistics 
  [8dfed614] + Test 
  [cf7118a7] + UUIDs 
  [4ec0a83e] + Unicode 
   Building LazIO → `~/.julia/packages/LazIO/mfQdY/deps/build.log`
┌ Error: Error building `LazIO`: 
│ ┌ Warning: platform_key() is deprecated, use platform_key_abi() from now on
│ │   caller = ip:0x0
│ └ @ Core :-1
│ [ Info: Downloading https://github.com/evetion/LASzipBuilder/releases/download/v0.2.1/LASzipBuilder.v1.0.0.x86_64-linux-gnu.tar.gz to /home/pkgeval/.julia/packages/LazIO/mfQdY/deps/usr/downloads/LASzipBuilder.v1.0.0.x86_64-linux-gnu.tar.gz...
│ ERROR: LoadError: Could not download https://github.com/evetion/LASzipBuilder/releases/download/v0.2.1/LASzipBuilder.v1.0.0.x86_64-linux-gnu.tar.gz to /home/pkgeval/.julia/packages/LazIO/mfQdY/deps/usr/downloads/LASzipBuilder.v1.0.0.x86_64-linux-gnu.tar.gz:
│ ErrorException("")
│ Stacktrace:
│  [1] error(::String) at ./error.jl:33
│  [2] download(::String, ::String; verbose::Bool) at /home/pkgeval/.julia/packages/BinaryProvider/kcGxO/src/PlatformEngines.jl:502
│  [3] download_verify(::String, ::String, ::String; verbose::Bool, force::Bool, quiet_download::Bool) at /home/pkgeval/.julia/packages/BinaryProvider/kcGxO/src/PlatformEngines.jl:571
│  [4] install(::String, ::String; prefix::Prefix, tarball_path::String, force::Bool, ignore_platform::Bool, verbose::Bool) at /home/pkgeval/.julia/packages/BinaryProvider/kcGxO/src/Prefix.jl:314
│  [5] top-level scope at /home/pkgeval/.julia/packages/LazIO/mfQdY/deps/build.jl:28
│  [6] include(::String) at ./client.jl:439
│  [7] top-level scope at none:5
│ in expression starting at /home/pkgeval/.julia/packages/LazIO/mfQdY/deps/build.jl:24
│ caused by [exception 1]
│ 
│ Stacktrace:
│  [1] error() at ./error.jl:42
│  [2] download(::String, ::String; verbose::Bool) at /home/pkgeval/.julia/packages/BinaryProvider/kcGxO/src/PlatformEngines.jl:496
│  [3] download_verify(::String, ::String, ::String; verbose::Bool, force::Bool, quiet_download::Bool) at /home/pkgeval/.julia/packages/BinaryProvider/kcGxO/src/PlatformEngines.jl:571
│  [4] install(::String, ::String; prefix::Prefix, tarball_path::String, force::Bool, ignore_platform::Bool, verbose::Bool) at /home/pkgeval/.julia/packages/BinaryProvider/kcGxO/src/Prefix.jl:314
│  [5] top-level scope at /home/pkgeval/.julia/packages/LazIO/mfQdY/deps/build.jl:28
│  [6] include(::String) at ./client.jl:439
│  [7] top-level scope at none:5
│ [11:09:51] #=#=#                                                                         [11:09:51] 
│ [11:09:51] curl: (22) The requested URL returned error: 401 UNAUTHORIZED
└ @ Pkg.Operations /buildworker/worker/package_linux64/build/usr/share/julia/stdlib/v1.4/Pkg/src/Operations.jl:892
    Testing LazIO
Status `/tmp/jl_QH96M6/Manifest.toml`
  [b99e7846] BinaryProvider v0.5.8
  [3da002f7] ColorTypes v0.9.1
  [9a962f9c] DataAPI v1.1.0
  [e2d170a0] DataValueInterfaces v1.0.0
  [5789e2e9] FileIO v1.2.4
  [53c48c17] FixedPointNumbers v0.7.1
  [4d00f742] GeometryTypes v0.8.1
  [82899510] IteratorInterfaceExtensions v1.0.0
  [570499db] LasIO v0.3.6
  [c3605908] LazIO v0.1.3
  [bac558e1] OrderedCollections v1.1.0
  [d96e819e] Parameters v0.12.0
  [90137ffa] StaticArrays v0.12.1
  [3783bdb8] TableTraits v1.0.0
  [bd369af6] Tables v0.2.11
  [2a0f44e3] Base64 
  [ade2ca70] Dates 
  [8ba89e20] Distributed 
  [b77e0a4c] InteractiveUtils 
  [76f85450] LibGit2 
  [8f399da3] Libdl 
  [37e2e46d] LinearAlgebra 
  [56ddb016] Logging 
  [d6f4376e] Markdown 
  [a63ad114] Mmap 
  [44cfe95a] Pkg 
  [de0858da] Printf 
  [3fa0cd96] REPL 
  [9a3f8284] Random 
  [ea8e919c] SHA 
  [9e88b42a] Serialization 
  [6462fe0b] Sockets 
  [2f01184e] SparseArrays 
  [10745b16] Statistics 
  [8dfed614] Test 
  [cf7118a7] UUIDs 
  [4ec0a83e] Unicode 
ERROR: LoadError: LazIO not installed properly, run Pkg.build("LazIO"), restart Julia and try again
Stacktrace:
 [1] error(::String) at ./error.jl:33
 [2] top-level scope at /home/pkgeval/.julia/packages/LazIO/mfQdY/src/LazIO.jl:11
 [3] include(::Module, ::String) at ./Base.jl:377
 [4] top-level scope at none:2
 [5] eval at ./boot.jl:331 [inlined]
 [6] eval(::Expr) at ./client.jl:449
 [7] top-level scope at ./none:3
in expression starting at /home/pkgeval/.julia/packages/LazIO/mfQdY/src/LazIO.jl:10
LazIO: Error During Test at /home/pkgeval/.julia/packages/LazIO/mfQdY/test/runtests.jl:3
  Got exception outside of a @test
  LoadError: Failed to precompile LazIO [c3605908-9f0f-11e8-0a72-0d361c15a277] to /home/pkgeval/.julia/compiled/v1.4/LazIO/LHjY6_JxysT.ji.
  Stacktrace:
   [1] error(::String) at ./error.jl:33
   [2] compilecache(::Base.PkgId, ::String) at ./loading.jl:1272
   [3] _require(::Base.PkgId) at ./loading.jl:1029
   [4] require(::Base.PkgId) at ./loading.jl:927
   [5] require(::Module, ::Symbol) at ./loading.jl:922
   [6] include(::String) at ./client.jl:439
   [7] top-level scope at /home/pkgeval/.julia/packages/LazIO/mfQdY/test/runtests.jl:4
   [8] top-level scope at /buildworker/worker/package_linux64/build/usr/share/julia/stdlib/v1.4/Test/src/Test.jl:1113
   [9] top-level scope at /home/pkgeval/.julia/packages/LazIO/mfQdY/test/runtests.jl:4
   [10] include(::String) at ./client.jl:439
   [11] top-level scope at none:6
   [12] eval(::Module, ::Any) at ./boot.jl:331
   [13] exec_options(::Base.JLOptions) at ./client.jl:264
   [14] _start() at ./client.jl:484
  in expression starting at /home/pkgeval/.julia/packages/LazIO/mfQdY/test/testio.jl:2
  
Test Summary: | Error  Total
LazIO         |     1      1
ERROR: LoadError: Some tests did not pass: 0 passed, 0 failed, 1 errored, 0 broken.
in expression starting at /home/pkgeval/.julia/packages/LazIO/mfQdY/test/runtests.jl:3
ERROR: Package LazIO errored during testing
Stacktrace:
 [1] pkgerror(::String, ::Vararg{String,N} where N) at /buildworker/worker/package_linux64/build/usr/share/julia/stdlib/v1.4/Pkg/src/Types.jl:53
 [2] test(::Pkg.Types.Context, ::Array{Pkg.Types.PackageSpec,1}; coverage::Bool, julia_args::Cmd, test_args::Cmd, test_fn::Nothing) at /buildworker/worker/package_linux64/build/usr/share/julia/stdlib/v1.4/Pkg/src/Operations.jl:1503
 [3] test(::Pkg.Types.Context, ::Array{Pkg.Types.PackageSpec,1}; coverage::Bool, test_fn::Nothing, julia_args::Cmd, test_args::Cmd, kwargs::Base.Iterators.Pairs{Union{},Union{},Tuple{},NamedTuple{(),Tuple{}}}) at /buildworker/worker/package_linux64/build/usr/share/julia/stdlib/v1.4/Pkg/src/API.jl:316
 [4] test(::Pkg.Types.Context, ::Array{Pkg.Types.PackageSpec,1}) at /buildworker/worker/package_linux64/build/usr/share/julia/stdlib/v1.4/Pkg/src/API.jl:303
 [5] #test#68 at /buildworker/worker/package_linux64/build/usr/share/julia/stdlib/v1.4/Pkg/src/API.jl:297 [inlined]
 [6] test at /buildworker/worker/package_linux64/build/usr/share/julia/stdlib/v1.4/Pkg/src/API.jl:297 [inlined]
 [7] #test#67 at /buildworker/worker/package_linux64/build/usr/share/julia/stdlib/v1.4/Pkg/src/API.jl:296 [inlined]
 [8] test at /buildworker/worker/package_linux64/build/usr/share/julia/stdlib/v1.4/Pkg/src/API.jl:296 [inlined]
 [9] test(::String; kwargs::Base.Iterators.Pairs{Union{},Union{},Tuple{},NamedTuple{(),Tuple{}}}) at /buildworker/worker/package_linux64/build/usr/share/julia/stdlib/v1.4/Pkg/src/API.jl:295
 [10] test(::String) at /buildworker/worker/package_linux64/build/usr/share/julia/stdlib/v1.4/Pkg/src/API.jl:295
 [11] top-level scope at none:16
