Julia Version 1.4.0
Commit b8e9a9ecc6 (2020-03-21 16:36 UTC)
Platform Info:
  OS: Linux (x86_64-pc-linux-gnu)
  CPU: AMD Ryzen Threadripper 2990WX 32-Core Processor
  WORD_SIZE: 64
  LIBM: libopenlibm
  LLVM: libLLVM-8.0.1 (ORCJIT, znver1)
Environment:
  JULIA_DEPOT_PATH = ::/usr/local/share/julia
  JULIA_NUM_THREADS = 2

  Resolving package versions...
  Installed MacroTools ─── v0.5.5
  Installed OffsetArrays ─ v1.0.3
  Installed NamedDims ──── v0.2.20
    Cloning [ae029012-a4dd-5104-9daa-d747884805df] Requires from https://github.com/MikeInnes/Requires.jl.git
[?25l    Fetching: [>                                        ]  0.0 %[2K[?25h  Installed Requires ───── v1.0.1
    Cloning [1fad7336-0346-5a1a-a56f-a06ba010965b] LazyStack from https://github.com/mcabbott/LazyStack.jl.git
[?25l    Fetching: [>                                        ]  0.0 %[2K[?25h  Installed LazyStack ──── v0.0.7
    Cloning [700de1a5-db45-46bc-99cf-38207098b444] ZygoteRules from https://github.com/FluxML/ZygoteRules.jl.git
[?25l[2K[?25hERROR: failed to clone from https://github.com/FluxML/ZygoteRules.jl.git, error: GitError(Code:ERROR, Class:OS, failed to connect to github.com: Connection timed out)
Stacktrace:
 [1] pkgerror(::String) at /buildworker/worker/package_linux64/build/usr/share/julia/stdlib/v1.4/Pkg/src/Types.jl:53
 [2] clone(::Pkg.Types.Context, ::String, ::String; header::String, credentials::Nothing, kwargs::Base.Iterators.Pairs{Symbol,Bool,Tuple{Symbol},NamedTuple{(:isbare,),Tuple{Bool}}}) at /buildworker/worker/package_linux64/build/usr/share/julia/stdlib/v1.4/Pkg/src/GitTools.jl:149
 [3] #ensure_clone#3 at /buildworker/worker/package_linux64/build/usr/share/julia/stdlib/v1.4/Pkg/src/GitTools.jl:110 [inlined]
 [4] install_git(::Pkg.Types.Context, ::Base.UUID, ::String, ::Base.SHA1, ::Array{String,1}, ::VersionNumber, ::String) at /buildworker/worker/package_linux64/build/usr/share/julia/stdlib/v1.4/Pkg/src/Operations.jl:555
 [5] download_source(::Pkg.Types.Context, ::Array{Pkg.Types.PackageSpec,1}, ::Dict{Base.UUID,Array{String,1}}; readonly::Bool) at /buildworker/worker/package_linux64/build/usr/share/julia/stdlib/v1.4/Pkg/src/Operations.jl:714
 [6] #download_source#39 at /buildworker/worker/package_linux64/build/usr/share/julia/stdlib/v1.4/Pkg/src/Operations.jl:633 [inlined]
 [7] download_source at /buildworker/worker/package_linux64/build/usr/share/julia/stdlib/v1.4/Pkg/src/Operations.jl:631 [inlined]
 [8] add(::Pkg.Types.Context, ::Array{Pkg.Types.PackageSpec,1}, ::Array{Base.UUID,1}; preserve::Pkg.Types.PreserveLevel, platform::Pkg.BinaryPlatforms.Linux) at /buildworker/worker/package_linux64/build/usr/share/julia/stdlib/v1.4/Pkg/src/Operations.jl:1080
 [9] add(::Pkg.Types.Context, ::Array{Pkg.Types.PackageSpec,1}; preserve::Pkg.Types.PreserveLevel, platform::Pkg.BinaryPlatforms.Linux, kwargs::Base.Iterators.Pairs{Union{},Union{},Tuple{},NamedTuple{(),Tuple{}}}) at /buildworker/worker/package_linux64/build/usr/share/julia/stdlib/v1.4/Pkg/src/API.jl:159
 [10] add(::Pkg.Types.Context, ::Array{Pkg.Types.PackageSpec,1}) at /buildworker/worker/package_linux64/build/usr/share/julia/stdlib/v1.4/Pkg/src/API.jl:112
 [11] #add#27 at /buildworker/worker/package_linux64/build/usr/share/julia/stdlib/v1.4/Pkg/src/API.jl:109 [inlined]
 [12] add at /buildworker/worker/package_linux64/build/usr/share/julia/stdlib/v1.4/Pkg/src/API.jl:109 [inlined]
 [13] #add#24 at /buildworker/worker/package_linux64/build/usr/share/julia/stdlib/v1.4/Pkg/src/API.jl:107 [inlined]
 [14] add at /buildworker/worker/package_linux64/build/usr/share/julia/stdlib/v1.4/Pkg/src/API.jl:107 [inlined]
 [15] add(::String; kwargs::Base.Iterators.Pairs{Union{},Union{},Tuple{},NamedTuple{(),Tuple{}}}) at /buildworker/worker/package_linux64/build/usr/share/julia/stdlib/v1.4/Pkg/src/API.jl:106
 [16] add(::String) at /buildworker/worker/package_linux64/build/usr/share/julia/stdlib/v1.4/Pkg/src/API.jl:106
 [17] top-level scope at none:15
caused by [exception 1]
GitError(Code:ERROR, Class:OS, failed to connect to github.com: Connection timed out)
Stacktrace:
 [1] macro expansion at /buildworker/worker/package_linux64/build/usr/share/julia/stdlib/v1.4/LibGit2/src/error.jl:101 [inlined]
 [2] clone(::String, ::String, ::LibGit2.CloneOptions) at /buildworker/worker/package_linux64/build/usr/share/julia/stdlib/v1.4/LibGit2/src/repository.jl:459
 [3] clone(::String, ::String; branch::String, isbare::Bool, remote_cb::Ptr{Nothing}, credentials::LibGit2.CachedCredentials, callbacks::Dict{Symbol,Tuple{Ptr{Nothing},Any}}) at /buildworker/worker/package_linux64/build/usr/share/julia/stdlib/v1.4/LibGit2/src/LibGit2.jl:580
 [4] clone(::Pkg.Types.Context, ::String, ::String; header::String, credentials::Nothing, kwargs::Base.Iterators.Pairs{Symbol,Bool,Tuple{Symbol},NamedTuple{(:isbare,),Tuple{Bool}}}) at /buildworker/worker/package_linux64/build/usr/share/julia/stdlib/v1.4/Pkg/src/GitTools.jl:141
 [5] #ensure_clone#3 at /buildworker/worker/package_linux64/build/usr/share/julia/stdlib/v1.4/Pkg/src/GitTools.jl:110 [inlined]
 [6] install_git(::Pkg.Types.Context, ::Base.UUID, ::String, ::Base.SHA1, ::Array{String,1}, ::VersionNumber, ::String) at /buildworker/worker/package_linux64/build/usr/share/julia/stdlib/v1.4/Pkg/src/Operations.jl:555
 [7] download_source(::Pkg.Types.Context, ::Array{Pkg.Types.PackageSpec,1}, ::Dict{Base.UUID,Array{String,1}}; readonly::Bool) at /buildworker/worker/package_linux64/build/usr/share/julia/stdlib/v1.4/Pkg/src/Operations.jl:714
 [8] #download_source#39 at /buildworker/worker/package_linux64/build/usr/share/julia/stdlib/v1.4/Pkg/src/Operations.jl:633 [inlined]
 [9] download_source at /buildworker/worker/package_linux64/build/usr/share/julia/stdlib/v1.4/Pkg/src/Operations.jl:631 [inlined]
 [10] add(::Pkg.Types.Context, ::Array{Pkg.Types.PackageSpec,1}, ::Array{Base.UUID,1}; preserve::Pkg.Types.PreserveLevel, platform::Pkg.BinaryPlatforms.Linux) at /buildworker/worker/package_linux64/build/usr/share/julia/stdlib/v1.4/Pkg/src/Operations.jl:1080
 [11] add(::Pkg.Types.Context, ::Array{Pkg.Types.PackageSpec,1}; preserve::Pkg.Types.PreserveLevel, platform::Pkg.BinaryPlatforms.Linux, kwargs::Base.Iterators.Pairs{Union{},Union{},Tuple{},NamedTuple{(),Tuple{}}}) at /buildworker/worker/package_linux64/build/usr/share/julia/stdlib/v1.4/Pkg/src/API.jl:159
 [12] add(::Pkg.Types.Context, ::Array{Pkg.Types.PackageSpec,1}) at /buildworker/worker/package_linux64/build/usr/share/julia/stdlib/v1.4/Pkg/src/API.jl:112
 [13] #add#27 at /buildworker/worker/package_linux64/build/usr/share/julia/stdlib/v1.4/Pkg/src/API.jl:109 [inlined]
 [14] add at /buildworker/worker/package_linux64/build/usr/share/julia/stdlib/v1.4/Pkg/src/API.jl:109 [inlined]
 [15] #add#24 at /buildworker/worker/package_linux64/build/usr/share/julia/stdlib/v1.4/Pkg/src/API.jl:107 [inlined]
 [16] add at /buildworker/worker/package_linux64/build/usr/share/julia/stdlib/v1.4/Pkg/src/API.jl:107 [inlined]
 [17] add(::String; kwargs::Base.Iterators.Pairs{Union{},Union{},Tuple{},NamedTuple{(),Tuple{}}}) at /buildworker/worker/package_linux64/build/usr/share/julia/stdlib/v1.4/Pkg/src/API.jl:106
 [18] add(::String) at /buildworker/worker/package_linux64/build/usr/share/julia/stdlib/v1.4/Pkg/src/API.jl:106
 [19] top-level scope at none:15
