Julia Version 1.4.0
Commit b8e9a9ecc6 (2020-03-21 16:36 UTC)
Platform Info:
  OS: Linux (x86_64-pc-linux-gnu)
  CPU: AMD Ryzen Threadripper 2990WX 32-Core Processor
  WORD_SIZE: 64
  LIBM: libopenlibm
  LLVM: libLLVM-8.0.1 (ORCJIT, znver1)
Environment:
  JULIA_DEPOT_PATH = ::/usr/local/share/julia
  JULIA_NUM_THREADS = 2

  Resolving package versions...
  Installed Requires ───── v1.0.1
  Installed LazyStack ──── v0.0.7
  Installed OffsetArrays ─ v1.0.3
    Cloning [700de1a5-db45-46bc-99cf-38207098b444] ZygoteRules from https://github.com/FluxML/ZygoteRules.jl.git
[?25l    Fetching: [>                                        ]  0.0 %[2K[?25h  Installed ZygoteRules ── v0.2.0
    Cloning [1914dd2f-81c6-5fcd-8719-6d5c9610ff09] MacroTools from https://github.com/MikeInnes/MacroTools.jl.git
[?25l    Fetching: [>                                        ]  0.0 %[2K[?25h  Installed MacroTools ─── v0.5.5
    Cloning [356022a1-0364-5f58-8944-0da4b18d706f] NamedDims from https://github.com/invenia/NamedDims.jl.git
[?25l    Fetching: [>                                        ]  0.0 %[2K[?25h  Installed NamedDims ──── v0.2.20
   Updating `~/.julia/environments/v1.4/Project.toml`
  [1fad7336] + LazyStack v0.0.7
   Updating `~/.julia/environments/v1.4/Manifest.toml`
  [1fad7336] + LazyStack v0.0.7
  [1914dd2f] + MacroTools v0.5.5
  [356022a1] + NamedDims v0.2.20
  [6fe1bfb0] + OffsetArrays v1.0.3
  [ae029012] + Requires v1.0.1
  [700de1a5] + ZygoteRules v0.2.0
  [2a0f44e3] + Base64 
  [ade2ca70] + Dates 
  [8ba89e20] + Distributed 
  [b77e0a4c] + InteractiveUtils 
  [76f85450] + LibGit2 
  [8f399da3] + Libdl 
  [37e2e46d] + LinearAlgebra 
  [56ddb016] + Logging 
  [d6f4376e] + Markdown 
  [44cfe95a] + Pkg 
  [de0858da] + Printf 
  [3fa0cd96] + REPL 
  [9a3f8284] + Random 
  [ea8e919c] + SHA 
  [9e88b42a] + Serialization 
  [6462fe0b] + Sockets 
  [2f01184e] + SparseArrays 
  [10745b16] + Statistics 
  [8dfed614] + Test 
  [cf7118a7] + UUIDs 
  [4ec0a83e] + Unicode 
    Testing LazyStack
[?25l    Fetching: [>                                        ]  0.0 %[2K[?25h[?25l    Fetching: [>                                        ]  0.0 %[2K[?25h[?25l    Fetching: [>                                        ]  0.0 %[2K[?25h[?25l    Fetching: [>                                        ]  0.0 %[2K[?25h[?25l    Fetching: [>                                        ]  0.0 %[2K[?25h[?25l    Fetching: [>                                        ]  0.0 %[2K[?25h[?25l    Fetching: [>                                        ]  0.0 %[2K[?25h[?25l    Fetching: [>                                        ]  0.0 %[2K[?25h[?25l    Fetching: [>                                        ]  0.0 %[2K[?25h[?25l    Fetching: [>                                        ]  0.0 %[2K[?25h[?25l    Fetching: [>                                        ]  0.0 %[2K[?25h[?25l    Fetching: [>                                        ]  0.0 %[2K[?25h[?25l    Fetching: [>                                        ]  0.0 %[2K[?25hStatus `/tmp/jl_rvoqKX/Manifest.toml`
  [621f4979] AbstractFFTs v0.5.0
  [4c555306] ArrayLayouts v0.1.5
  [b99e7846] BinaryProvider v0.5.8
  [bbf7d656] CommonSubexpressions v0.2.0
  [e66e0078] CompilerSupportLibraries_jll v0.3.1+0
  [163ba53b] DiffResults v1.0.2
  [b552c78f] DiffRules v1.0.1
  [7a1cc6ca] FFTW v1.2.0
  [f5851436] FFTW_jll v3.3.9+4
  [1a297f60] FillArrays v0.8.5
  [f6369f11] ForwardDiff v0.10.9
  [7869d1d1] IRTools v0.3.1
  [1d5cc7b8] IntelOpenMP_jll v2018.0.3+0
  [1fad7336] LazyStack v0.0.7
  [856f044c] MKL_jll v2019.0.117+2
  [1914dd2f] MacroTools v0.5.5
  [872c559c] NNlib v0.6.6
  [77ba4419] NaNMath v0.3.3
  [356022a1] NamedDims v0.2.20
  [6fe1bfb0] OffsetArrays v1.0.3
  [efe28fd5] OpenSpecFun_jll v0.5.3+3
  [189a3867] Reexport v0.2.0
  [ae029012] Requires v1.0.1
  [276daf66] SpecialFunctions v0.10.0
  [90137ffa] StaticArrays v0.12.1
  [e88e6eb3] Zygote v0.4.11
  [700de1a5] ZygoteRules v0.2.0
  [2a0f44e3] Base64 
  [ade2ca70] Dates 
  [8ba89e20] Distributed 
  [b77e0a4c] InteractiveUtils 
  [76f85450] LibGit2 
  [8f399da3] Libdl 
  [37e2e46d] LinearAlgebra 
  [56ddb016] Logging 
  [d6f4376e] Markdown 
  [44cfe95a] Pkg 
  [de0858da] Printf 
  [3fa0cd96] REPL 
  [9a3f8284] Random 
  [ea8e919c] SHA 
  [9e88b42a] Serialization 
  [6462fe0b] Sockets 
  [2f01184e] SparseArrays 
  [10745b16] Statistics 
  [8dfed614] Test 
  [cf7118a7] UUIDs 
  [4ec0a83e] Unicode 
Test Summary: | Pass  Total
basics        |   11     11
Test Summary: | Pass  Total
tuples        |    5      5
Test Summary: | Pass  Total
generators    |    6      6
Test Summary: | Pass  Total
functions     |    9      9
Test Summary: | Pass  Total
types         |    6      6
Test Summary: | Pass  Total
names         |   13     13
Test Summary: | Pass  Total
offset        |    7      7
Test Summary: | Pass  Total
named offset  |   14     14
Test Summary: | Pass  Total
push!         |    2      2
Test Summary: | Pass  Total
errors        |    5      5
Test Summary: | Pass  Total
readme        |    5      5
Test Summary: | Pass  Total
vstack        |    2      2
Test Summary: | Pass  Total
ragged        |    5      5
Test Summary:   | Pass  Total
tuple functions |    9      9
[ Info: loading Zygote
WARNING: Method definition _pullback(Zygote.Context, typeof(Base.print), Any...) in module Zygote at /home/pkgeval/.julia/packages/Zygote/WxNpH/src/lib/grad.jl:14 overwritten at /home/pkgeval/.julia/packages/Zygote/WxNpH/src/lib/grad.jl:14.
  ** incremental compilation may be fatally broken for this module **

WARNING: Method definition _pullback(Zygote.Context, typeof(Base.println), Any...) in module Zygote at /home/pkgeval/.julia/packages/Zygote/WxNpH/src/lib/grad.jl:14 overwritten at /home/pkgeval/.julia/packages/Zygote/WxNpH/src/lib/grad.jl:14.
  ** incremental compilation may be fatally broken for this module **

Test Summary: | Pass  Total
zygote        |    6      6
    Testing LazyStack tests passed 
