Julia Version 1.4.0
Commit b8e9a9ecc6 (2020-03-21 16:36 UTC)
Platform Info:
  OS: Linux (x86_64-pc-linux-gnu)
  CPU: AMD Ryzen Threadripper 2990WX 32-Core Processor
  WORD_SIZE: 64
  LIBM: libopenlibm
  LLVM: libLLVM-8.0.1 (ORCJIT, znver1)
Environment:
  JULIA_DEPOT_PATH = ::/usr/local/share/julia
  JULIA_NUM_THREADS = 2

  Resolving package versions...
  Installed LCIO_Julia_Wrapper_jll ─ v0.7.0+0
  Installed Zlib_jll ─────────────── v1.2.11+9
  Installed LCIO_jll ─────────────── v2.13.1+0
  Installed libcxxwrap_julia_jll ─── v0.6.6+0
  Installed CxxWrap ──────────────── v0.9.0
  Installed MacroTools ───────────── v0.5.5
  Installed BinaryProvider ───────── v0.5.8
  Installed LCIO ─────────────────── v1.3.0
   Updating `~/.julia/environments/v1.4/Project.toml`
  [94167541] + LCIO v1.3.0
   Updating `~/.julia/environments/v1.4/Manifest.toml`
  [b99e7846] + BinaryProvider v0.5.8
  [1f15a43c] + CxxWrap v0.9.0
  [94167541] + LCIO v1.3.0
  [1fe59b3e] + LCIO_Julia_Wrapper_jll v0.7.0+0
  [35fd387a] + LCIO_jll v2.13.1+0
  [1914dd2f] + MacroTools v0.5.5
  [83775a58] + Zlib_jll v1.2.11+9
  [3eaa8342] + libcxxwrap_julia_jll v0.6.6+0
  [2a0f44e3] + Base64 
  [ade2ca70] + Dates 
  [b77e0a4c] + InteractiveUtils 
  [76f85450] + LibGit2 
  [8f399da3] + Libdl 
  [56ddb016] + Logging 
  [d6f4376e] + Markdown 
  [44cfe95a] + Pkg 
  [de0858da] + Printf 
  [3fa0cd96] + REPL 
  [9a3f8284] + Random 
  [ea8e919c] + SHA 
  [9e88b42a] + Serialization 
  [6462fe0b] + Sockets 
  [cf7118a7] + UUIDs 
  [4ec0a83e] + Unicode 
   Building CxxWrap → `~/.julia/packages/CxxWrap/lDNAy/deps/build.log`
   Building LCIO ───→ `~/.julia/packages/LCIO/glZVz/deps/build.log`
    Testing LCIO
Status `/tmp/jl_AiXX97/Manifest.toml`
  [b99e7846] BinaryProvider v0.5.8
  [1f15a43c] CxxWrap v0.9.0
  [94167541] LCIO v1.3.0
  [1fe59b3e] LCIO_Julia_Wrapper_jll v0.7.0+0
  [35fd387a] LCIO_jll v2.13.1+0
  [1914dd2f] MacroTools v0.5.5
  [83775a58] Zlib_jll v1.2.11+9
  [3eaa8342] libcxxwrap_julia_jll v0.6.6+0
  [2a0f44e3] Base64 
  [ade2ca70] Dates 
  [8ba89e20] Distributed 
  [b77e0a4c] InteractiveUtils 
  [76f85450] LibGit2 
  [8f399da3] Libdl 
  [56ddb016] Logging 
  [d6f4376e] Markdown 
  [44cfe95a] Pkg 
  [de0858da] Printf 
  [3fa0cd96] REPL 
  [9a3f8284] Random 
  [ea8e919c] SHA 
  [9e88b42a] Serialization 
  [6462fe0b] Sockets 
  [8dfed614] Test 
  [cf7118a7] UUIDs 
  [4ec0a83e] Unicode 
First iteration successful
CxxWrap.CxxWrapCore.ConstCxxPtr{CxxWrap.StdLib.StdVector{CxxWrap.StdLib.StdString}}(Ptr{CxxWrap.StdLib.StdVector{CxxWrap.StdLib.StdString}} @0x0000000002143c78)
CxxWrap.CxxWrapCore.ConstCxxPtr{CxxWrap.StdLib.StdVector{CxxWrap.StdLib.StdString}}(Ptr{CxxWrap.StdLib.StdVector{CxxWrap.StdLib.StdString}} @0x000000000268ba18)
Second iteration successful
Stdhep iteration successful
WriteEvent successful
    Testing LCIO tests passed 
