Julia Version 1.4.0
Commit b8e9a9ecc6 (2020-03-21 16:36 UTC)
Platform Info:
  OS: Linux (x86_64-pc-linux-gnu)
  CPU: AMD Ryzen Threadripper 2990WX 32-Core Processor
  WORD_SIZE: 64
  LIBM: libopenlibm
  LLVM: libLLVM-8.0.1 (ORCJIT, znver1)
Environment:
  JULIA_DEPOT_PATH = ::/usr/local/share/julia
  JULIA_NUM_THREADS = 2

  Resolving package versions...
    Cloning [2f5f767c-a11e-5269-a972-637d4b97c32d] LeapSeconds from https://github.com/JuliaTime/LeapSeconds.jl.git
[?25l    Fetching: [>                                        ]  0.0 %[2K[?25h  Installed LeapSeconds ─ v1.1.0
   Updating `~/.julia/environments/v1.4/Project.toml`
  [2f5f767c] + LeapSeconds v1.1.0
   Updating `~/.julia/environments/v1.4/Manifest.toml`
  [2f5f767c] + LeapSeconds v1.1.0
  [ade2ca70] + Dates 
  [de0858da] + Printf 
  [4ec0a83e] + Unicode 
    Testing LeapSeconds
[?25l    Fetching: [>                                        ]  0.0 %[2K[?25h┌ Error: Error building `ERFA`: 
│ ┌ Warning: platform_key() is deprecated, use platform_key_abi() from now on
│ │   caller = ip:0x0
│ └ @ Core :-1
│ ┌ Warning: Could not extract the platform key of https://github.com/JuliaAstro/ERFABuilder/releases/download/v1.4.0/liberfa.x86_64-linux-gnu.tar.gz; continuing...
│ └ @ BinaryProvider ~/.julia/packages/BinaryProvider/kcGxO/src/Prefix.jl:185
│ [ Info: Downloading https://github.com/JuliaAstro/ERFABuilder/releases/download/v1.4.0/liberfa.x86_64-linux-gnu.tar.gz to /home/pkgeval/.julia/packages/ERFA/33g0s/deps/usr/downloads/liberfa.x86_64-linux-gnu.tar.gz...
│ ERROR: LoadError: Could not download https://github.com/JuliaAstro/ERFABuilder/releases/download/v1.4.0/liberfa.x86_64-linux-gnu.tar.gz to /home/pkgeval/.julia/packages/ERFA/33g0s/deps/usr/downloads/liberfa.x86_64-linux-gnu.tar.gz:
│ ErrorException("")
│ Stacktrace:
│  [1] error(::String) at ./error.jl:33
│  [2] download(::String, ::String; verbose::Bool) at /home/pkgeval/.julia/packages/BinaryProvider/kcGxO/src/PlatformEngines.jl:502
│  [3] download_verify(::String, ::String, ::String; verbose::Bool, force::Bool, quiet_download::Bool) at /home/pkgeval/.julia/packages/BinaryProvider/kcGxO/src/PlatformEngines.jl:571
│  [4] install(::String, ::String; prefix::Prefix, tarball_path::String, force::Bool, ignore_platform::Bool, verbose::Bool) at /home/pkgeval/.julia/packages/BinaryProvider/kcGxO/src/Prefix.jl:314
│  [5] top-level scope at /home/pkgeval/.julia/packages/ERFA/33g0s/deps/build.jl:36
│  [6] include(::String) at ./client.jl:439
│  [7] top-level scope at none:5
│ in expression starting at /home/pkgeval/.julia/packages/ERFA/33g0s/deps/build.jl:32
│ caused by [exception 1]
│ 
│ Stacktrace:
│  [1] error() at ./error.jl:42
│  [2] download(::String, ::String; verbose::Bool) at /home/pkgeval/.julia/packages/BinaryProvider/kcGxO/src/PlatformEngines.jl:496
│  [3] download_verify(::String, ::String, ::String; verbose::Bool, force::Bool, quiet_download::Bool) at /home/pkgeval/.julia/packages/BinaryProvider/kcGxO/src/PlatformEngines.jl:571
│  [4] install(::String, ::String; prefix::Prefix, tarball_path::String, force::Bool, ignore_platform::Bool, verbose::Bool) at /home/pkgeval/.julia/packages/BinaryProvider/kcGxO/src/Prefix.jl:314
│  [5] top-level scope at /home/pkgeval/.julia/packages/ERFA/33g0s/deps/build.jl:36
│  [6] include(::String) at ./client.jl:439
│  [7] top-level scope at none:5
│ [11:21:40] #=#=#                                                                         [11:21:41] ##O#- #                                                                       [11:21:41] 
│ [11:21:41] curl: (22) The requested URL returned error: 401 UNAUTHORIZED
└ @ Pkg.Operations /buildworker/worker/package_linux64/build/usr/share/julia/stdlib/v1.4/Pkg/src/Operations.jl:892
Status `/tmp/jl_LQj1cI/Manifest.toml`
  [b99e7846] BinaryProvider v0.5.8
  [17511681] ERFA v0.5.0
  [2f5f767c] LeapSeconds v1.1.0
  [2a0f44e3] Base64 
  [ade2ca70] Dates 
  [8ba89e20] Distributed 
  [b77e0a4c] InteractiveUtils 
  [8f399da3] Libdl 
  [56ddb016] Logging 
  [d6f4376e] Markdown 
  [de0858da] Printf 
  [9a3f8284] Random 
  [ea8e919c] SHA 
  [9e88b42a] Serialization 
  [6462fe0b] Sockets 
  [8dfed614] Test 
  [4ec0a83e] Unicode 
ERROR: LoadError: ERFA is not properly installed. Please run Pkg.build("ERFA")
Stacktrace:
 [1] error(::String) at ./error.jl:33
 [2] top-level scope at /home/pkgeval/.julia/packages/ERFA/33g0s/src/ERFA.jl:9
 [3] include(::Module, ::String) at ./Base.jl:377
 [4] top-level scope at none:2
 [5] eval at ./boot.jl:331 [inlined]
 [6] eval(::Expr) at ./client.jl:449
 [7] top-level scope at ./none:3
in expression starting at /home/pkgeval/.julia/packages/ERFA/33g0s/src/ERFA.jl:6
ERROR: LoadError: Failed to precompile ERFA [17511681-8477-586a-8d98-4cfd5a1f2ec3] to /home/pkgeval/.julia/compiled/v1.4/ERFA/UNZWc_z9c96.ji.
Stacktrace:
 [1] error(::String) at ./error.jl:33
 [2] compilecache(::Base.PkgId, ::String) at ./loading.jl:1272
 [3] _require(::Base.PkgId) at ./loading.jl:1029
 [4] require(::Base.PkgId) at ./loading.jl:927
 [5] require(::Module, ::Symbol) at ./loading.jl:922
 [6] include(::String) at ./client.jl:439
 [7] top-level scope at none:6
in expression starting at /home/pkgeval/.julia/packages/LeapSeconds/uuVV3/test/runtests.jl:3
ERROR: Package LeapSeconds errored during testing
Stacktrace:
 [1] pkgerror(::String, ::Vararg{String,N} where N) at /buildworker/worker/package_linux64/build/usr/share/julia/stdlib/v1.4/Pkg/src/Types.jl:53
 [2] test(::Pkg.Types.Context, ::Array{Pkg.Types.PackageSpec,1}; coverage::Bool, julia_args::Cmd, test_args::Cmd, test_fn::Nothing) at /buildworker/worker/package_linux64/build/usr/share/julia/stdlib/v1.4/Pkg/src/Operations.jl:1503
 [3] test(::Pkg.Types.Context, ::Array{Pkg.Types.PackageSpec,1}; coverage::Bool, test_fn::Nothing, julia_args::Cmd, test_args::Cmd, kwargs::Base.Iterators.Pairs{Union{},Union{},Tuple{},NamedTuple{(),Tuple{}}}) at /buildworker/worker/package_linux64/build/usr/share/julia/stdlib/v1.4/Pkg/src/API.jl:316
 [4] test(::Pkg.Types.Context, ::Array{Pkg.Types.PackageSpec,1}) at /buildworker/worker/package_linux64/build/usr/share/julia/stdlib/v1.4/Pkg/src/API.jl:303
 [5] #test#68 at /buildworker/worker/package_linux64/build/usr/share/julia/stdlib/v1.4/Pkg/src/API.jl:297 [inlined]
 [6] test at /buildworker/worker/package_linux64/build/usr/share/julia/stdlib/v1.4/Pkg/src/API.jl:297 [inlined]
 [7] #test#67 at /buildworker/worker/package_linux64/build/usr/share/julia/stdlib/v1.4/Pkg/src/API.jl:296 [inlined]
 [8] test at /buildworker/worker/package_linux64/build/usr/share/julia/stdlib/v1.4/Pkg/src/API.jl:296 [inlined]
 [9] test(::String; kwargs::Base.Iterators.Pairs{Union{},Union{},Tuple{},NamedTuple{(),Tuple{}}}) at /buildworker/worker/package_linux64/build/usr/share/julia/stdlib/v1.4/Pkg/src/API.jl:295
 [10] test(::String) at /buildworker/worker/package_linux64/build/usr/share/julia/stdlib/v1.4/Pkg/src/API.jl:295
 [11] top-level scope at none:16
