  Installed LegibleLambdas ─ v0.2.0
  Installed MacroTools ───── v0.5.5
  Installed MLStyle ──────── v0.3.1
Updating `~/.julia/environments/v1.5/Project.toml`
  [f1f30506] + LegibleLambdas v0.2.0
Updating `~/.julia/environments/v1.5/Manifest.toml`
  [f1f30506] + LegibleLambdas v0.2.0
  [d8e11817] + MLStyle v0.3.1
  [1914dd2f] + MacroTools v0.5.5
  [2a0f44e3] + Base64
  [8ba89e20] + Distributed
  [b77e0a4c] + InteractiveUtils
  [56ddb016] + Logging
  [d6f4376e] + Markdown
  [9a3f8284] + Random
  [9e88b42a] + Serialization
  [6462fe0b] + Sockets
  [8dfed614] + Test
    Testing LegibleLambdas
Status `/tmp/jl_exWzSz/Project.toml`
  [f1f30506] LegibleLambdas v0.2.0
  [d8e11817] MLStyle v0.3.1
  [1914dd2f] MacroTools v0.5.5
  [8dfed614] Test
Status `/tmp/jl_exWzSz/Manifest.toml`
  [f1f30506] LegibleLambdas v0.2.0
  [d8e11817] MLStyle v0.3.1
  [1914dd2f] MacroTools v0.5.5
  [2a0f44e3] Base64
  [8ba89e20] Distributed
  [b77e0a4c] InteractiveUtils
  [56ddb016] Logging
  [d6f4376e] Markdown
  [9a3f8284] Random
  [9e88b42a] Serialization
  [6462fe0b] Sockets
  [8dfed614] Test

signal (11): Segmentation fault
in expression starting at /home/pkgeval/.julia/packages/LegibleLambdas/kpxjE/src/replace_variable.jl:1
jl_deserialize_value_array at /buildworker/worker/package_linux64/build/src/dump.c:1626
jl_deserialize_value at /buildworker/worker/package_linux64/build/src/dump.c:2139
jl_deserialize_value_module at /buildworker/worker/package_linux64/build/src/dump.c:1900 [inlined]
jl_deserialize_value at /buildworker/worker/package_linux64/build/src/dump.c:2195
jl_deserialize_value_any at /buildworker/worker/package_linux64/build/src/dump.c:2037 [inlined]
jl_deserialize_value at /buildworker/worker/package_linux64/build/src/dump.c:2279
jl_deserialize_datatype at /buildworker/worker/package_linux64/build/src/dump.c:1531 [inlined]
jl_deserialize_value at /buildworker/worker/package_linux64/build/src/dump.c:2276
jl_deserialize_value_svec at /buildworker/worker/package_linux64/build/src/dump.c:1558 [inlined]
jl_deserialize_value at /buildworker/worker/package_linux64/build/src/dump.c:2118
jl_deserialize_datatype at /buildworker/worker/package_linux64/build/src/dump.c:1535 [inlined]
jl_deserialize_value at /buildworker/worker/package_linux64/build/src/dump.c:2276
jl_deserialize_value_svec at /buildworker/worker/package_linux64/build/src/dump.c:1558 [inlined]
jl_deserialize_value at /buildworker/worker/package_linux64/build/src/dump.c:2118
jl_deserialize_datatype at /buildworker/worker/package_linux64/build/src/dump.c:1535 [inlined]
jl_deserialize_value at /buildworker/worker/package_linux64/build/src/dump.c:2276
jl_deserialize_value_code_instance at /buildworker/worker/package_linux64/build/src/dump.c:1860 [inlined]
jl_deserialize_value at /buildworker/worker/package_linux64/build/src/dump.c:2193
jl_deserialize_value_method_instance at /buildworker/worker/package_linux64/build/src/dump.c:1836 [inlined]
jl_deserialize_value at /buildworker/worker/package_linux64/build/src/dump.c:2191
jl_deserialize_value_svec at /buildworker/worker/package_linux64/build/src/dump.c:1558 [inlined]
jl_deserialize_value at /buildworker/worker/package_linux64/build/src/dump.c:2118
jl_deserialize_value_method at /buildworker/worker/package_linux64/build/src/dump.c:1759 [inlined]
jl_deserialize_value at /buildworker/worker/package_linux64/build/src/dump.c:2189
jl_deserialize_struct at /buildworker/worker/package_linux64/build/src/dump.c:1989 [inlined]
jl_deserialize_value_any at /buildworker/worker/package_linux64/build/src/dump.c:2074 [inlined]
jl_deserialize_value at /buildworker/worker/package_linux64/build/src/dump.c:2279
jl_deserialize_struct at /buildworker/worker/package_linux64/build/src/dump.c:1989 [inlined]
jl_deserialize_value_any at /buildworker/worker/package_linux64/build/src/dump.c:2074 [inlined]
jl_deserialize_value at /buildworker/worker/package_linux64/build/src/dump.c:2279
jl_deserialize_value_any at /buildworker/worker/package_linux64/build/src/dump.c:2046 [inlined]
jl_deserialize_value at /buildworker/worker/package_linux64/build/src/dump.c:2279
jl_deserialize_datatype at /buildworker/worker/package_linux64/build/src/dump.c:1531 [inlined]
jl_deserialize_value at /buildworker/worker/package_linux64/build/src/dump.c:2276
jl_deserialize_value_singleton at /buildworker/worker/package_linux64/build/src/dump.c:1971 [inlined]
jl_deserialize_value at /buildworker/worker/package_linux64/build/src/dump.c:2233
jl_deserialize_struct at /buildworker/worker/package_linux64/build/src/dump.c:1989 [inlined]
jl_deserialize_value_any at /buildworker/worker/package_linux64/build/src/dump.c:2074 [inlined]
jl_deserialize_value at /buildworker/worker/package_linux64/build/src/dump.c:2279
jl_deserialize_value_any at /buildworker/worker/package_linux64/build/src/dump.c:2046 [inlined]
jl_deserialize_value at /buildworker/worker/package_linux64/build/src/dump.c:2279
jl_deserialize_datatype at /buildworker/worker/package_linux64/build/src/dump.c:1531 [inlined]
jl_deserialize_value at /buildworker/worker/package_linux64/build/src/dump.c:2276
jl_deserialize_value_module at /buildworker/worker/package_linux64/build/src/dump.c:1900 [inlined]
jl_deserialize_value at /buildworker/worker/package_linux64/build/src/dump.c:2195
jl_deserialize_value_module at /buildworker/worker/package_linux64/build/src/dump.c:1905 [inlined]
jl_deserialize_value at /buildworker/worker/package_linux64/build/src/dump.c:2195
jl_deserialize_value_module at /buildworker/worker/package_linux64/build/src/dump.c:1905 [inlined]
jl_deserialize_value at /buildworker/worker/package_linux64/build/src/dump.c:2195
jl_deserialize_value_module at /buildworker/worker/package_linux64/build/src/dump.c:1892 [inlined]
jl_deserialize_value at /buildworker/worker/package_linux64/build/src/dump.c:2195
jl_deserialize_value_array at /buildworker/worker/package_linux64/build/src/dump.c:1620
jl_deserialize_value at /buildworker/worker/package_linux64/build/src/dump.c:2139
_jl_restore_incremental at /buildworker/worker/package_linux64/build/src/dump.c:3231
jl_restore_incremental at /buildworker/worker/package_linux64/build/src/dump.c:3299
_include_from_serialized at ./loading.jl:681
_require_from_serialized at ./loading.jl:749
_require at ./loading.jl:1040
require at ./loading.jl:928
require at ./loading.jl:923
_jl_invoke at /buildworker/worker/package_linux64/build/src/gf.c:2214 [inlined]
jl_apply_generic at /buildworker/worker/package_linux64/build/src/gf.c:2398
jl_apply at /buildworker/worker/package_linux64/build/src/julia.h:1690 [inlined]
call_require at /buildworker/worker/package_linux64/build/src/toplevel.c:425 [inlined]
eval_import_path at /buildworker/worker/package_linux64/build/src/toplevel.c:462
eval_import_from at /buildworker/worker/package_linux64/build/src/toplevel.c:583
jl_toplevel_eval_flex at /buildworker/worker/package_linux64/build/src/toplevel.c:672
jl_parse_eval_all at /buildworker/worker/package_linux64/build/src/ast.c:913
jl_load_rewrite at /buildworker/worker/package_linux64/build/src/toplevel.c:914
include at ./Base.jl:380
include at ./Base.jl:368 [inlined]
include at /home/pkgeval/.julia/packages/LegibleLambdas/kpxjE/src/LegibleLambdas.jl:1
_jl_invoke at /buildworker/worker/package_linux64/build/src/gf.c:2214 [inlined]
jl_apply_generic at /buildworker/worker/package_linux64/build/src/gf.c:2398
jl_apply at /buildworker/worker/package_linux64/build/src/julia.h:1690 [inlined]
do_call at /buildworker/worker/package_linux64/build/src/interpreter.c:117
eval_value at /buildworker/worker/package_linux64/build/src/interpreter.c:206
eval_stmt_value at /buildworker/worker/package_linux64/build/src/interpreter.c:157 [inlined]
eval_body at /buildworker/worker/package_linux64/build/src/interpreter.c:566
jl_interpret_toplevel_thunk at /buildworker/worker/package_linux64/build/src/interpreter.c:660
jl_toplevel_eval_flex at /buildworker/worker/package_linux64/build/src/toplevel.c:840
jl_eval_module_expr at /buildworker/worker/package_linux64/build/src/toplevel.c:197
jl_toplevel_eval_flex at /buildworker/worker/package_linux64/build/src/toplevel.c:666
jl_parse_eval_all at /buildworker/worker/package_linux64/build/src/ast.c:913
jl_load_rewrite at /buildworker/worker/package_linux64/build/src/toplevel.c:914
include at ./Base.jl:380
include at ./Base.jl:368
_jl_invoke at /buildworker/worker/package_linux64/build/src/gf.c:2214 [inlined]
jl_apply_generic at /buildworker/worker/package_linux64/build/src/gf.c:2398
jl_apply at /buildworker/worker/package_linux64/build/src/julia.h:1690 [inlined]
do_call at /buildworker/worker/package_linux64/build/src/interpreter.c:117
eval_value at /buildworker/worker/package_linux64/build/src/interpreter.c:206
eval_stmt_value at /buildworker/worker/package_linux64/build/src/interpreter.c:157 [inlined]
eval_body at /buildworker/worker/package_linux64/build/src/interpreter.c:566
eval_body at /buildworker/worker/package_linux64/build/src/interpreter.c:492
jl_interpret_toplevel_thunk at /buildworker/worker/package_linux64/build/src/interpreter.c:660
jl_toplevel_eval_flex at /buildworker/worker/package_linux64/build/src/toplevel.c:840
jl_toplevel_eval_in at /buildworker/worker/package_linux64/build/src/toplevel.c:883
eval at ./boot.jl:331 [inlined]
eval at ./client.jl:467
_jl_invoke at /buildworker/worker/package_linux64/build/src/gf.c:2214 [inlined]
jl_apply_generic at /buildworker/worker/package_linux64/build/src/gf.c:2398
top-level scope at ./none:3
jl_toplevel_eval_flex at /buildworker/worker/package_linux64/build/src/toplevel.c:834
jl_toplevel_eval_flex at /buildworker/worker/package_linux64/build/src/toplevel.c:790
jl_toplevel_eval_in at /buildworker/worker/package_linux64/build/src/toplevel.c:883
eval at ./boot.jl:331
_jl_invoke at /buildworker/worker/package_linux64/build/src/gf.c:2214 [inlined]
jl_apply_generic at /buildworker/worker/package_linux64/build/src/gf.c:2398
exec_options at ./client.jl:272
_start at ./client.jl:506
jfptr__start_51675.clone_1 at /opt/julia/lib/julia/sys.so (unknown line)
_jl_invoke at /buildworker/worker/package_linux64/build/src/gf.c:2214 [inlined]
jl_apply_generic at /buildworker/worker/package_linux64/build/src/gf.c:2398
jl_apply at /buildworker/worker/package_linux64/build/ui/../src/julia.h:1690 [inlined]
true_main at /buildworker/worker/package_linux64/build/ui/repl.c:106
main at /buildworker/worker/package_linux64/build/ui/repl.c:227
__libc_start_main at /lib/x86_64-linux-gnu/libc.so.6 (unknown line)
_start at /opt/julia/bin/julia (unknown line)
Allocations: 857650 (Pool: 857237; Big: 413); GC: 1
ERROR: LoadError: Failed to precompile LegibleLambdas [f1f30506-32fe-5131-bd72-7c197988f9e5] to /home/pkgeval/.julia/compiled/v1.5/LegibleLambdas/CYBJm_AEeHt.ji.
Stacktrace:
 [1] error(::String) at ./error.jl:33
 [2] compilecache(::Base.PkgId, ::String) at ./loading.jl:1305
 [3] _require(::Base.PkgId) at ./loading.jl:1030
 [4] require(::Base.PkgId) at ./loading.jl:928
 [5] require(::Module, ::Symbol) at ./loading.jl:923
 [6] include(::String) at ./client.jl:457
 [7] top-level scope at none:6
in expression starting at /home/pkgeval/.julia/packages/LegibleLambdas/kpxjE/test/runtests.jl:1
ERROR: Package LegibleLambdas errored during testing
Stacktrace:
 [1] pkgerror(::String) at /buildworker/worker/package_linux64/build/usr/share/julia/stdlib/v1.5/Pkg/src/Types.jl:52
 [2] test(::Pkg.Types.Context, ::Array{Pkg.Types.PackageSpec,1}; coverage::Bool, julia_args::Cmd, test_args::Cmd, test_fn::Nothing) at /buildworker/worker/package_linux64/build/usr/share/julia/stdlib/v1.5/Pkg/src/Operations.jl:1578
 [3] test(::Pkg.Types.Context, ::Array{Pkg.Types.PackageSpec,1}; coverage::Bool, test_fn::Nothing, julia_args::Cmd, test_args::Cmd, kwargs::Base.Iterators.Pairs{Union{},Union{},Tuple{},NamedTuple{(),Tuple{}}}) at /buildworker/worker/package_linux64/build/usr/share/julia/stdlib/v1.5/Pkg/src/API.jl:328
 [4] test(::Pkg.Types.Context, ::Array{Pkg.Types.PackageSpec,1}) at /buildworker/worker/package_linux64/build/usr/share/julia/stdlib/v1.5/Pkg/src/API.jl:315
 [5] #test#61 at /buildworker/worker/package_linux64/build/usr/share/julia/stdlib/v1.5/Pkg/src/API.jl:67 [inlined]
 [6] test at /buildworker/worker/package_linux64/build/usr/share/julia/stdlib/v1.5/Pkg/src/API.jl:67 [inlined]
 [7] #test#60 at /buildworker/worker/package_linux64/build/usr/share/julia/stdlib/v1.5/Pkg/src/API.jl:66 [inlined]
 [8] test at /buildworker/worker/package_linux64/build/usr/share/julia/stdlib/v1.5/Pkg/src/API.jl:66 [inlined]
 [9] test(::String; kwargs::Base.Iterators.Pairs{Union{},Union{},Tuple{},NamedTuple{(),Tuple{}}}) at /buildworker/worker/package_linux64/build/usr/share/julia/stdlib/v1.5/Pkg/src/API.jl:65
 [10] test(::String) at /buildworker/worker/package_linux64/build/usr/share/julia/stdlib/v1.5/Pkg/src/API.jl:65
 [11] top-level scope at none:19
