Julia Version 1.4.0
Commit b8e9a9ecc6 (2020-03-21 16:36 UTC)
Platform Info:
  OS: Linux (x86_64-pc-linux-gnu)
  CPU: AMD Ryzen Threadripper 2990WX 32-Core Processor
  WORD_SIZE: 64
  LIBM: libopenlibm
  LLVM: libLLVM-8.0.1 (ORCJIT, znver1)
Environment:
  JULIA_DEPOT_PATH = ::/usr/local/share/julia
  JULIA_NUM_THREADS = 2

  Resolving package versions...
  Installed LibSpatialIndex ─ v0.1.1
    Cloning [b99e7846-7c00-51b0-8f62-c81ae34c0232] BinaryProvider from https://github.com/JuliaPackaging/BinaryProvider.jl.git
[?25l    Fetching: [>                                        ]  0.0 %[2K[?25h  Installed BinaryProvider ── v0.5.8
   Updating `~/.julia/environments/v1.4/Project.toml`
  [f19c2e90] + LibSpatialIndex v0.1.1
   Updating `~/.julia/environments/v1.4/Manifest.toml`
  [b99e7846] + BinaryProvider v0.5.8
  [f19c2e90] + LibSpatialIndex v0.1.1
  [2a0f44e3] + Base64 
  [8ba89e20] + Distributed 
  [b77e0a4c] + InteractiveUtils 
  [8f399da3] + Libdl 
  [56ddb016] + Logging 
  [d6f4376e] + Markdown 
  [9a3f8284] + Random 
  [ea8e919c] + SHA 
  [9e88b42a] + Serialization 
  [6462fe0b] + Sockets 
  [8dfed614] + Test 
   Building LibSpatialIndex → `~/.julia/packages/LibSpatialIndex/ItP6U/deps/build.log`
    Testing LibSpatialIndex
Status `/tmp/jl_UVpYP1/Manifest.toml`
  [b99e7846] BinaryProvider v0.5.8
  [f19c2e90] LibSpatialIndex v0.1.1
  [2a0f44e3] Base64 
  [8ba89e20] Distributed 
  [b77e0a4c] InteractiveUtils 
  [8f399da3] Libdl 
  [56ddb016] Logging 
  [d6f4376e] Markdown 
  [9a3f8284] Random 
  [ea8e919c] SHA 
  [9e88b42a] Serialization 
  [6462fe0b] Sockets 
  [8dfed614] Test 
Testing LibSpatialIndex v1.8.5
Test Summary:   | Pass  Total
Simple Tutorial |    3      3
Test Summary:     | Pass  Total
Simple Operations |   11     11
    Testing LibSpatialIndex tests passed 
