Julia Version 1.4.0
Commit b8e9a9ecc6 (2020-03-21 16:36 UTC)
Platform Info:
  OS: Linux (x86_64-pc-linux-gnu)
  CPU: AMD Ryzen Threadripper 2990WX 32-Core Processor
  WORD_SIZE: 64
  LIBM: libopenlibm
  LLVM: libLLVM-8.0.1 (ORCJIT, znver1)
Environment:
  JULIA_DEPOT_PATH = ::/usr/local/share/julia
  JULIA_NUM_THREADS = 2

  Resolving package versions...
  Installed Libtask ──────── v0.3.3
    Cloning [b99e7846-7c00-51b0-8f62-c81ae34c0232] BinaryProvider from https://github.com/JuliaPackaging/BinaryProvider.jl.git
[?25l    Fetching: [>                                        ]  0.0 %[2K[?25h  Installed BinaryProvider ─ v0.5.8
   Updating `~/.julia/environments/v1.4/Project.toml`
  [6f1fad26] + Libtask v0.3.3
   Updating `~/.julia/environments/v1.4/Manifest.toml`
  [b99e7846] + BinaryProvider v0.5.8
  [6f1fad26] + Libtask v0.3.3
  [2a0f44e3] + Base64 
  [ade2ca70] + Dates 
  [b77e0a4c] + InteractiveUtils 
  [76f85450] + LibGit2 
  [8f399da3] + Libdl 
  [56ddb016] + Logging 
  [d6f4376e] + Markdown 
  [44cfe95a] + Pkg 
  [de0858da] + Printf 
  [3fa0cd96] + REPL 
  [9a3f8284] + Random 
  [ea8e919c] + SHA 
  [9e88b42a] + Serialization 
  [6462fe0b] + Sockets 
  [cf7118a7] + UUIDs 
  [4ec0a83e] + Unicode 
   Building Libtask → `~/.julia/packages/Libtask/K7OAU/deps/build.log`
┌ Error: Error building `Libtask`: 
│ fatal: not a git repository (or any parent up to mount point /home)
│ Stopping at filesystem boundary (GIT_DISCOVERY_ACROSS_FILESYSTEM not set).
│ ┌ Error: Download failed: curl: (22) The requested URL returned error: 401 UNAUTHORIZED
│ └ @ Base download.jl:43
│ ERROR: LoadError: failed process: Process(`git -C /home/pkgeval/.julia/packages/Libtask/K7OAU tag`, ProcessExited(128)) [128]
│ 
│ Stacktrace:
│  [1] pipeline_error at ./process.jl:525 [inlined]
│  [2] (::Base.var"#557#558"{Base.Process})() at ./process.jl:319
│  [3] iterate(::Base.EachLine{Base.PipeEndpoint}, ::Nothing) at ./io.jl:964 (repeats 2 times)
│  [4] _collect(::UnitRange{Int64}, ::Base.EachLine{Base.PipeEndpoint}, ::Base.HasEltype, ::Base.SizeUnknown) at ./array.jl:614
│  [5] collect at ./array.jl:603 [inlined]
│  [6] #readlines#293 at ./io.jl:498 [inlined]
│  [7] readlines at ./io.jl:498 [inlined]
│  [8] find_prev_tag(::String) at /home/pkgeval/.julia/packages/Libtask/K7OAU/deps/build.jl:3
│  [9] include_build_script(::SubString{String}, ::Bool) at /home/pkgeval/.julia/packages/Libtask/K7OAU/deps/build.jl:44
│  [10] top-level scope at /home/pkgeval/.julia/packages/Libtask/K7OAU/deps/build.jl:64
│  [11] include(::String) at ./client.jl:439
│  [12] top-level scope at none:5
│ in expression starting at /home/pkgeval/.julia/packages/Libtask/K7OAU/deps/build.jl:64
└ @ Pkg.Operations /buildworker/worker/package_linux64/build/usr/share/julia/stdlib/v1.4/Pkg/src/Operations.jl:892
    Testing Libtask
Status `/tmp/jl_Y95UBU/Manifest.toml`
  [b99e7846] BinaryProvider v0.5.8
  [6f1fad26] Libtask v0.3.3
  [2a0f44e3] Base64 
  [ade2ca70] Dates 
  [8ba89e20] Distributed 
  [b77e0a4c] InteractiveUtils 
  [76f85450] LibGit2 
  [8f399da3] Libdl 
  [56ddb016] Logging 
  [d6f4376e] Markdown 
  [44cfe95a] Pkg 
  [de0858da] Printf 
  [3fa0cd96] REPL 
  [9a3f8284] Random 
  [ea8e919c] SHA 
  [9e88b42a] Serialization 
  [6462fe0b] Sockets 
  [8dfed614] Test 
  [cf7118a7] UUIDs 
  [4ec0a83e] Unicode 
   Building Libtask → `~/.julia/packages/Libtask/K7OAU/deps/build.log`
┌ Error: Error building `Libtask`: 
│ fatal: not a git repository (or any parent up to mount point /home)
│ Stopping at filesystem boundary (GIT_DISCOVERY_ACROSS_FILESYSTEM not set).
│ ┌ Error: Download failed: curl: (22) The requested URL returned error: 401 UNAUTHORIZED
│ └ @ Base download.jl:43
│ ERROR: LoadError: failed process: Process(`git -C /home/pkgeval/.julia/packages/Libtask/K7OAU tag`, ProcessExited(128)) [128]
│ 
│ Stacktrace:
│  [1] pipeline_error at ./process.jl:525 [inlined]
│  [2] (::Base.var"#557#558"{Base.Process})() at ./process.jl:319
│  [3] iterate(::Base.EachLine{Base.PipeEndpoint}, ::Nothing) at ./io.jl:964 (repeats 2 times)
│  [4] _collect(::UnitRange{Int64}, ::Base.EachLine{Base.PipeEndpoint}, ::Base.HasEltype, ::Base.SizeUnknown) at ./array.jl:614
│  [5] collect at ./array.jl:603 [inlined]
│  [6] #readlines#293 at ./io.jl:498 [inlined]
│  [7] readlines at ./io.jl:498 [inlined]
│  [8] find_prev_tag(::String) at /home/pkgeval/.julia/packages/Libtask/K7OAU/deps/build.jl:3
│  [9] include_build_script(::SubString{String}, ::Bool) at /home/pkgeval/.julia/packages/Libtask/K7OAU/deps/build.jl:44
│  [10] top-level scope at /home/pkgeval/.julia/packages/Libtask/K7OAU/deps/build.jl:64
│  [11] include(::String) at ./client.jl:439
│  [12] top-level scope at none:5
│ in expression starting at /home/pkgeval/.julia/packages/Libtask/K7OAU/deps/build.jl:64
└ @ Pkg.Operations /buildworker/worker/package_linux64/build/usr/share/julia/stdlib/v1.4/Pkg/src/Operations.jl:892
ERROR: LoadError: could not open file /home/pkgeval/.julia/packages/Libtask/K7OAU/deps/deps.jl
Stacktrace:
 [1] include(::Module, ::String) at ./Base.jl:377
 [2] include(::String) at /home/pkgeval/.julia/packages/Libtask/K7OAU/src/Libtask.jl:1
 [3] top-level scope at /home/pkgeval/.julia/packages/Libtask/K7OAU/src/Libtask.jl:10
 [4] include(::Module, ::String) at ./Base.jl:377
 [5] top-level scope at none:2
 [6] eval at ./boot.jl:331 [inlined]
 [7] eval(::Expr) at ./client.jl:449
 [8] top-level scope at ./none:3
in expression starting at /home/pkgeval/.julia/packages/Libtask/K7OAU/src/Libtask.jl:10
ERROR: LoadError: LoadError: Failed to precompile Libtask [6f1fad26-d15e-5dc8-ae53-837a1d7b8c9f] to /home/pkgeval/.julia/compiled/v1.4/Libtask/KIaXx_gceQO.ji.
Stacktrace:
 [1] error(::String) at ./error.jl:33
 [2] compilecache(::Base.PkgId, ::String) at ./loading.jl:1272
 [3] _require(::Base.PkgId) at ./loading.jl:1029
 [4] require(::Base.PkgId) at ./loading.jl:927
 [5] require(::Module, ::Symbol) at ./loading.jl:922
 [6] include(::String) at ./client.jl:439
 [7] top-level scope at /home/pkgeval/.julia/packages/Libtask/K7OAU/test/runtests.jl:1
 [8] include(::String) at ./client.jl:439
 [9] top-level scope at none:6
in expression starting at /home/pkgeval/.julia/packages/Libtask/K7OAU/test/clonetask.jl:3
in expression starting at /home/pkgeval/.julia/packages/Libtask/K7OAU/test/runtests.jl:1
ERROR: Package Libtask errored during testing
Stacktrace:
 [1] pkgerror(::String, ::Vararg{String,N} where N) at /buildworker/worker/package_linux64/build/usr/share/julia/stdlib/v1.4/Pkg/src/Types.jl:53
 [2] test(::Pkg.Types.Context, ::Array{Pkg.Types.PackageSpec,1}; coverage::Bool, julia_args::Cmd, test_args::Cmd, test_fn::Nothing) at /buildworker/worker/package_linux64/build/usr/share/julia/stdlib/v1.4/Pkg/src/Operations.jl:1503
 [3] test(::Pkg.Types.Context, ::Array{Pkg.Types.PackageSpec,1}; coverage::Bool, test_fn::Nothing, julia_args::Cmd, test_args::Cmd, kwargs::Base.Iterators.Pairs{Union{},Union{},Tuple{},NamedTuple{(),Tuple{}}}) at /buildworker/worker/package_linux64/build/usr/share/julia/stdlib/v1.4/Pkg/src/API.jl:316
 [4] test(::Pkg.Types.Context, ::Array{Pkg.Types.PackageSpec,1}) at /buildworker/worker/package_linux64/build/usr/share/julia/stdlib/v1.4/Pkg/src/API.jl:303
 [5] #test#68 at /buildworker/worker/package_linux64/build/usr/share/julia/stdlib/v1.4/Pkg/src/API.jl:297 [inlined]
 [6] test at /buildworker/worker/package_linux64/build/usr/share/julia/stdlib/v1.4/Pkg/src/API.jl:297 [inlined]
 [7] #test#67 at /buildworker/worker/package_linux64/build/usr/share/julia/stdlib/v1.4/Pkg/src/API.jl:296 [inlined]
 [8] test at /buildworker/worker/package_linux64/build/usr/share/julia/stdlib/v1.4/Pkg/src/API.jl:296 [inlined]
 [9] test(::String; kwargs::Base.Iterators.Pairs{Union{},Union{},Tuple{},NamedTuple{(),Tuple{}}}) at /buildworker/worker/package_linux64/build/usr/share/julia/stdlib/v1.4/Pkg/src/API.jl:295
 [10] test(::String) at /buildworker/worker/package_linux64/build/usr/share/julia/stdlib/v1.4/Pkg/src/API.jl:295
 [11] top-level scope at none:16
