Julia Version 1.4.0
Commit b8e9a9ecc6 (2020-03-21 16:36 UTC)
Platform Info:
  OS: Linux (x86_64-pc-linux-gnu)
  CPU: AMD Ryzen Threadripper 2990WX 32-Core Processor
  WORD_SIZE: 64
  LIBM: libopenlibm
  LLVM: libLLVM-8.0.1 (ORCJIT, znver1)
Environment:
  JULIA_DEPOT_PATH = ::/usr/local/share/julia
  JULIA_NUM_THREADS = 2

  Resolving package versions...
  Installed UnPack ─────────────────────── v0.1.0
  Installed DataAPI ────────────────────── v1.1.0
  Installed Missings ───────────────────── v0.4.3
  Installed Requires ───────────────────── v1.0.1
  Installed Rmath ──────────────────────── v0.6.1
  Installed OrderedCollections ─────────── v1.1.0
  Installed SpecialFunctions ───────────── v0.10.0
  Installed LowLevelParticleFilters ────── v0.4.4
  Installed SortingAlgorithms ──────────── v0.3.1
  Installed StatsFuns ──────────────────── v0.9.4
  Installed RecipesBase ────────────────── v1.0.0
  Installed Arpack_jll ─────────────────── v3.5.0+3
  Installed Arpack ─────────────────────── v0.4.0
  Installed FillArrays ─────────────────── v0.8.7
  Installed QuadGK ─────────────────────── v2.3.1
  Installed VectorizationBase ──────────── v0.10.0
  Installed Rmath_jll ──────────────────── v0.2.2+0
  Installed MacroTools ─────────────────── v0.5.5
  Installed OffsetArrays ───────────────── v1.0.4
  Installed PDMats ─────────────────────── v0.9.12
  Installed CpuId ──────────────────────── v0.2.2
  Installed SIMDPirates ────────────────── v0.7.11
  Installed OpenBLAS_jll ───────────────── v0.3.9+2
  Installed StatsBase ──────────────────── v0.33.0
  Installed Distributions ──────────────── v0.23.2
  Installed SLEEFPirates ───────────────── v0.4.5
  Installed Lazy ───────────────────────── v0.15.0
  Installed CompilerSupportLibraries_jll ─ v0.3.3+0
  Installed StaticArrays ───────────────── v0.12.1
  Installed LoopVectorization ──────────── v0.6.30
  Installed DataStructures ─────────────── v0.17.11
  Installed OpenSpecFun_jll ────────────── v0.5.3+3
  Installed Parameters ─────────────────── v0.12.0
   Updating `~/.julia/environments/v1.4/Project.toml`
  [d9d29d28] + LowLevelParticleFilters v0.4.4
   Updating `~/.julia/environments/v1.4/Manifest.toml`
  [7d9fca2a] + Arpack v0.4.0
  [68821587] + Arpack_jll v3.5.0+3
  [e66e0078] + CompilerSupportLibraries_jll v0.3.3+0
  [adafc99b] + CpuId v0.2.2
  [9a962f9c] + DataAPI v1.1.0
  [864edb3b] + DataStructures v0.17.11
  [31c24e10] + Distributions v0.23.2
  [1a297f60] + FillArrays v0.8.7
  [50d2b5c4] + Lazy v0.15.0
  [bdcacae8] + LoopVectorization v0.6.30
  [d9d29d28] + LowLevelParticleFilters v0.4.4
  [1914dd2f] + MacroTools v0.5.5
  [e1d29d7a] + Missings v0.4.3
  [6fe1bfb0] + OffsetArrays v1.0.4
  [4536629a] + OpenBLAS_jll v0.3.9+2
  [efe28fd5] + OpenSpecFun_jll v0.5.3+3
  [bac558e1] + OrderedCollections v1.1.0
  [90014a1f] + PDMats v0.9.12
  [d96e819e] + Parameters v0.12.0
  [1fd47b50] + QuadGK v2.3.1
  [3cdcf5f2] + RecipesBase v1.0.0
  [ae029012] + Requires v1.0.1
  [79098fc4] + Rmath v0.6.1
  [f50d1b31] + Rmath_jll v0.2.2+0
  [21efa798] + SIMDPirates v0.7.11
  [476501e8] + SLEEFPirates v0.4.5
  [a2af1166] + SortingAlgorithms v0.3.1
  [276daf66] + SpecialFunctions v0.10.0
  [90137ffa] + StaticArrays v0.12.1
  [2913bbd2] + StatsBase v0.33.0
  [4c63d2b9] + StatsFuns v0.9.4
  [3a884ed6] + UnPack v0.1.0
  [3d5dd08c] + VectorizationBase v0.10.0
  [2a0f44e3] + Base64 
  [ade2ca70] + Dates 
  [8ba89e20] + Distributed 
  [b77e0a4c] + InteractiveUtils 
  [76f85450] + LibGit2 
  [8f399da3] + Libdl 
  [37e2e46d] + LinearAlgebra 
  [56ddb016] + Logging 
  [d6f4376e] + Markdown 
  [44cfe95a] + Pkg 
  [de0858da] + Printf 
  [3fa0cd96] + REPL 
  [9a3f8284] + Random 
  [ea8e919c] + SHA 
  [9e88b42a] + Serialization 
  [6462fe0b] + Sockets 
  [2f01184e] + SparseArrays 
  [10745b16] + Statistics 
  [4607b0f0] + SuiteSparse 
  [8dfed614] + Test 
  [cf7118a7] + UUIDs 
  [4ec0a83e] + Unicode 
   Building VectorizationBase → `~/.julia/packages/VectorizationBase/T6nfs/deps/build.log`
   Building SLEEFPirates ─────→ `~/.julia/packages/SLEEFPirates/OonFJ/deps/build.log`
    Testing LowLevelParticleFilters
┌ Error: Pkg.Resolve.ResolverError("Unsatisfiable requirements detected for package Plots [91a5bcdd]:\n Plots [91a5bcdd] log:\n ├─possible versions are: [0.12.1-0.12.4, 0.13.0-0.13.1, 0.14.0-0.14.2, 0.15.0-0.15.1, 0.16.0, 0.17.0-0.17.4, 0.18.0, 0.19.0-0.19.3, 0.20.0-0.20.6, 0.21.0, 0.22.0-0.22.5, 0.23.0-0.23.2, 0.24.0, 0.25.0-0.25.3, 0.26.0-0.26.3, 0.27.0-0.27.1, 0.28.0-0.28.4, 0.29.0-0.29.9, 1.0.0-1.0.3] or uninstalled\n ├─restricted to versions 0.27-0.29 by an explicit requirement, leaving only versions [0.27.0-0.27.1, 0.28.0-0.28.4, 0.29.0-0.29.9]\n ├─restricted by compatibility requirements with StatsBase [2913bbd2] to versions: 0.29.9 or uninstalled, leaving only versions: 0.29.9\n │ └─StatsBase [2913bbd2] log:\n │   ├─possible versions are: [0.24.0, 0.25.0, 0.26.0, 0.27.0, 0.28.0-0.28.1, 0.29.0, 0.30.0, 0.31.0, 0.32.0-0.32.2, 0.33.0] or uninstalled\n │   └─restricted to versions 0.33.0 by an explicit requirement, leaving only versions 0.33.0\n └─restricted by compatibility requirements with RecipesBase [3cdcf5f2] to versions: 1.0.0-1.0.3 or uninstalled — no versions left\n   └─RecipesBase [3cdcf5f2] log:\n     ├─possible versions are: [0.4.0, 0.5.0, 0.6.0, 0.7.0, 0.8.0, 1.0.0] or uninstalled\n     └─restricted to versions 1.0.0 by an explicit requirement, leaving only versions 1.0.0", nothing)
└ @ Pkg.Operations /buildworker/worker/package_linux64/build/usr/share/julia/stdlib/v1.4/Pkg/src/Operations.jl:1365
Status `/tmp/jl_q421Jg/Manifest.toml`
  [7d9fca2a] Arpack v0.4.0
  [68821587] Arpack_jll v3.5.0+3
  [6e34b625] Bzip2_jll v1.0.6+2
  [3da002f7] ColorTypes v0.10.0
  [5ae59095] Colors v0.12.0
  [e66e0078] CompilerSupportLibraries_jll v0.3.3+0
  [d38c429a] Contour v0.5.2
  [adafc99b] CpuId v0.2.2
  [9a962f9c] DataAPI v1.1.0
  [864edb3b] DataStructures v0.17.11
  [31c24e10] Distributions v0.23.2
  [c87230d0] FFMPEG v0.3.0
  [b22a6f82] FFMPEG_jll v4.1.0+2
  [1a297f60] FillArrays v0.8.7
  [53c48c17] FixedPointNumbers v0.8.0
  [d7e528f0] FreeType2_jll v2.10.1+2
  [559328eb] FriBidi_jll v1.0.5+2
  [28b8d3ca] GR v0.48.0
  [4d00f742] GeometryTypes v0.8.2
  [682c06a0] JSON v0.21.0
  [c1c5ebd0] LAME_jll v3.100.0+0
  [50d2b5c4] Lazy v0.15.0
  [dd192d2f] LibVPX_jll v1.8.1+1
  [bdcacae8] LoopVectorization v0.6.30
  [d9d29d28] LowLevelParticleFilters v0.4.4
  [1914dd2f] MacroTools v0.5.5
  [442fdcdd] Measures v0.3.1
  [e1d29d7a] Missings v0.4.3
  [77ba4419] NaNMath v0.3.3
  [6fe1bfb0] OffsetArrays v1.0.4
  [e7412a2a] Ogg_jll v1.3.3+0
  [4536629a] OpenBLAS_jll v0.3.9+2
  [458c3c95] OpenSSL_jll v1.1.1+2
  [efe28fd5] OpenSpecFun_jll v0.5.3+3
  [91d4177d] Opus_jll v1.3.1+0
  [bac558e1] OrderedCollections v1.1.0
  [90014a1f] PDMats v0.9.12
  [d96e819e] Parameters v0.12.0
  [69de0a69] Parsers v1.0.1
  [ccf2f8ad] PlotThemes v1.0.3
  [995b91a9] PlotUtils v0.6.5
  [91a5bcdd] Plots v0.29.9
  [1fd47b50] QuadGK v2.3.1
  [3cdcf5f2] RecipesBase v0.8.0
  [189a3867] Reexport v0.2.0
  [ae029012] Requires v1.0.1
  [79098fc4] Rmath v0.6.1
  [f50d1b31] Rmath_jll v0.2.2+0
  [21efa798] SIMDPirates v0.7.11
  [476501e8] SLEEFPirates v0.4.5
  [992d4aef] Showoff v0.3.1
  [a2af1166] SortingAlgorithms v0.3.1
  [276daf66] SpecialFunctions v0.10.0
  [90137ffa] StaticArrays v0.12.1
  [2913bbd2] StatsBase v0.33.0
  [4c63d2b9] StatsFuns v0.9.4
  [3a884ed6] UnPack v0.1.0
  [3d5dd08c] VectorizationBase v0.10.0
  [83775a58] Zlib_jll v1.2.11+9
  [0ac62f75] libass_jll v0.14.0+1
  [f638f0a6] libfdk_aac_jll v0.1.6+1
  [f27f6e37] libvorbis_jll v1.3.6+2
  [1270edf5] x264_jll v2019.5.25+1
  [dfaa095f] x265_jll v3.0.0+0
  [2a0f44e3] Base64 
  [ade2ca70] Dates 
  [8bb1440f] DelimitedFiles 
  [8ba89e20] Distributed 
  [b77e0a4c] InteractiveUtils 
  [76f85450] LibGit2 
  [8f399da3] Libdl 
  [37e2e46d] LinearAlgebra 
  [56ddb016] Logging 
  [d6f4376e] Markdown 
  [a63ad114] Mmap 
  [44cfe95a] Pkg 
  [de0858da] Printf 
  [3fa0cd96] REPL 
  [9a3f8284] Random 
  [ea8e919c] SHA 
  [9e88b42a] Serialization 
  [6462fe0b] Sockets 
  [2f01184e] SparseArrays 
  [10745b16] Statistics 
  [4607b0f0] SuiteSparse 
  [8dfed614] Test 
  [cf7118a7] UUIDs 
  [4ec0a83e] Unicode 
mean(abs2, xm - xbm) = 0.023417814841972837
mean(abs2, xm - xbma) = 0.024690626061954532
N = 10
N = 20
N = 50
N = 100
N = 200
N = 500
N = 1000
T = 20
N = 10
N = 20
N = 50
N = 100
N = 200
N = 500
N = 1000
T = 100
N = 10
N = 20
N = 50
N = 100
N = 200
N = 500
N = 1000
T = 200
Propagated 8400000 particles in 3.641403836 seconds for an average of 2306.8026448907162 particles per millisecond
  3.641543 seconds (5.37 M allocations: 354.083 MiB, 3.26% gc time)
QStandardPaths: XDG_RUNTIME_DIR not set, defaulting to '/tmp/runtime-pkgeval'
Time     Surviving    Effective nbr of particles
--------------------------------------------------------------
t:     1   1.000    2000.0
t:     2   1.000     814.7
t:     3   1.000     261.9
t:     4   0.122    2000.0
t:     5   1.000     754.1
t:     6   0.154    2000.0
t:     7   1.000     711.0
t:     8   0.077    2000.0
t:     9   1.000     589.7
t:    10   1.000     214.4
t:    11   0.120    2000.0
t:    12   1.000     226.5
t:    13   0.169    2000.0
t:    14   0.090    2000.0
t:    15   1.000     588.4
t:    16   0.181    2000.0
t:    17   1.000     785.3
t:    18   0.119    2000.0
t:    19   1.000     637.3
t:    20   0.027    2000.0
t:    21   1.000     819.0
t:    22   1.000     332.1
t:    23   0.160    2000.0
t:    24   0.107    2000.0
t:    25   1.000     829.2
t:    26   0.156    2000.0
t:    27   1.000     229.1
t:    28   0.105    2000.0
t:    29   1.000     560.5
t:    30   0.154    2000.0
t:    31   1.000     375.5
t:    32   0.105    2000.0
t:    33   1.000     634.7
t:    34   0.159    2000.0
Time     Surviving    Effective nbr of particles
--------------------------------------------------------------
t:    35   1.000     742.2
t:    36   1.000     261.3
t:    37   0.044    2000.0
t:    38   1.000     799.7
t:    39   1.000     218.9
t:    40   0.110    2000.0
t:    41   1.000     781.1
t:    42   1.000     229.8
t:    43   0.043    2000.0
t:    44   0.090    2000.0
t:    45   1.000     306.1
t:    46   0.065    2000.0
t:    47   1.000     471.7
t:    48   0.191    2000.0
t:    49   0.131    2000.0
t:    50   1.000     307.0
t:    51   0.143    2000.0
t:    52   0.089    2000.0
t:    53   1.000     689.1
t:    54   0.189    2000.0
t:    55   1.000     736.6
t:    56   1.000     219.5
t:    57   0.118    2000.0
t:    58   1.000     592.0
t:    59   0.185    2000.0
t:    60   1.000     585.4
t:    61   0.189    2000.0
t:    62   1.000     208.8
t:    63   0.137    2000.0
t:    64   1.000     562.8
t:    65   0.129    2000.0
t:    66   1.000     642.1
t:    67   0.185    2000.0
t:    68   1.000     519.6
t:    69   0.178    2000.0
Time     Surviving    Effective nbr of particles
--------------------------------------------------------------
t:    70   1.000     719.0
t:    71   0.216    2000.0
t:    72   1.000     210.8
t:    73   0.104    2000.0
t:    74   0.167    2000.0
t:    75   1.000     492.6
t:    76   0.140    2000.0
t:    77   1.000     709.8
t:    78   0.223    2000.0
t:    79   0.063    2000.0
t:    80   1.000    1046.9
t:    81   1.000     398.3
t:    82   0.169    2000.0
t:    83   1.000     355.2
t:    84   0.209    2000.0
t:    85   1.000     433.7
t:    86   0.201    2000.0
t:    87   0.157    2000.0
t:    88   1.000     526.4
t:    89   0.152    2000.0
t:    90   1.000     589.5
t:    91   0.072    2000.0
t:    92   1.000     725.3
t:    93   0.177    2000.0
t:    94   1.000     563.4
t:    95   0.185    2000.0
t:    96   1.000     516.3
t:    97   0.055    2000.0
t:    98   1.000     383.4
t:    99   0.092    2000.0
t:   100   1.000     397.7
t:   101   0.106    2000.0
t:   102   1.000     598.8
t:   103   1.000     258.2
t:   104   0.114    2000.0
Time     Surviving    Effective nbr of particles
--------------------------------------------------------------
t:   105   1.000     301.8
t:   106   0.163    2000.0
t:   107   1.000     586.8
t:   108   0.175    2000.0
t:   109   1.000     263.4
t:   110   0.102    2000.0
t:   111   1.000     383.1
t:   112   1.000     299.9
t:   113   0.146    2000.0
t:   114   0.008    2000.0
t:   115   1.000     404.2
t:   116   0.157    2000.0
t:   117   1.000     587.6
t:   118   0.184    2000.0
t:   119   1.000     487.1
t:   120   0.181    2000.0
t:   121   1.000     718.1
t:   122   0.201    2000.0
t:   123   1.000     780.8
t:   124   0.202    2000.0
t:   125   1.000     697.4
t:   126   1.000     234.4
t:   127   0.088    2000.0
t:   128   1.000     265.3
t:   129   0.102    2000.0
t:   130   1.000     431.6
t:   131   0.147    2000.0
t:   132   1.000     744.2
t:   133   1.000     234.4
t:   134   0.112    2000.0
t:   135   1.000     219.8
t:   136   0.164    2000.0
t:   137   1.000     767.4
t:   138   1.000     289.4
t:   139   0.128    2000.0
Time     Surviving    Effective nbr of particles
--------------------------------------------------------------
t:   140   1.000     355.2
t:   141   0.114    2000.0
t:   142   1.000     661.7
t:   143   1.000     230.3
t:   144   0.121    2000.0
t:   145   1.000     537.3
t:   146   0.127    2000.0
t:   147   1.000     904.0
t:   148   0.023    2000.0
t:   149   0.226    2000.0
t:   150   1.000     731.7
t:   151   1.000     288.4
t:   152   0.051    2000.0
t:   153   1.000     552.8
t:   154   0.182    2000.0
t:   155   1.000     673.6
t:   156   1.000     240.6
t:   157   0.073    2000.0
t:   158   1.000     349.3
t:   159   0.117    2000.0
t:   160   1.000     288.8
t:   161   0.141    2000.0
t:   162   1.000     297.4
t:   163   0.110    2000.0
t:   164   1.000     509.7
t:   165   0.145    2000.0
t:   166   1.000     521.5
t:   167   0.139    2000.0
t:   168   1.000     697.6
t:   169   0.195    2000.0
t:   170   1.000     314.5
t:   171   0.051    2000.0
t:   172   1.000     507.6
t:   173   0.163    2000.0
t:   174   1.000     464.3
Time     Surviving    Effective nbr of particles
--------------------------------------------------------------
t:   175   0.143    2000.0
t:   176   1.000     670.4
t:   177   1.000     220.1
t:   178   0.102    2000.0
t:   179   1.000     880.8
t:   180   1.000     332.8
t:   181   0.133    2000.0
t:   182   1.000     658.2
t:   183   0.195    2000.0
t:   184   1.000     535.0
t:   185   1.000     261.6
t:   186   0.123    2000.0
t:   187   1.000     490.4
t:   188   0.151    2000.0
t:   189   1.000     389.5
t:   190   0.110    2000.0
t:   191   1.000     374.3
t:   192   0.142    2000.0
t:   193   1.000     402.7
t:   194   0.111    2000.0
t:   195   1.000     339.5
t:   196   0.053    2000.0
t:   197   1.000     715.9
t:   198   0.177    2000.0
t:   199   1.000     382.1
t:   200   0.028    2000.0
[ Info: Starting Metropolis algorithm
 73.491052 seconds (5.82 M allocations: 653.307 MiB, 0.48% gc time)
Time     Surviving    Effective nbr of particles
--------------------------------------------------------------
t:     1   1.000     100.0
t:     2   1.000      68.7
t:     3   1.000      55.3
t:     4   1.000      33.6
t:     5   1.000      18.2
Time     Surviving    Effective nbr of particles
--------------------------------------------------------------
t:     1   1.000     100.0
t:     2   1.000      53.4
t:     3   1.000      38.3
t:     4   1.000      29.0
t:     5   1.000      18.9
Time     Surviving    Effective nbr of particles
--------------------------------------------------------------
t:     1   1.000     100.0
t:     2   1.000      60.2
t:     3   1.000      46.1
t:     4   1.000      28.3
t:     5   1.000      18.4
Time     Surviving    Effective nbr of particles
--------------------------------------------------------------
t:     1   1.000     100.0
t:     2   1.000      57.9
t:     3   1.000      44.1
t:     4   1.000      27.0
t:     5   1.000      18.2
n = length(d0) = 2
  4.253038 seconds (13.12 M allocations: 670.586 MiB, 8.12% gc time)
  7.301428 seconds (14.93 M allocations: 741.647 MiB, 46.13% gc time)
Test Summary:           |  Pass  Broken  Total
LowLevelParticleFilters | 20033       1  20034
    Testing LowLevelParticleFilters tests passed 
