Julia Version 1.4.0
Commit b8e9a9ecc6 (2020-03-21 16:36 UTC)
Platform Info:
  OS: Linux (x86_64-pc-linux-gnu)
  CPU: AMD Ryzen Threadripper 2990WX 32-Core Processor
  WORD_SIZE: 64
  LIBM: libopenlibm
  LLVM: libLLVM-8.0.1 (ORCJIT, znver1)
Environment:
  JULIA_DEPOT_PATH = ::/usr/local/share/julia
  JULIA_NUM_THREADS = 2

  Resolving package versions...
  Installed Missings ───────────────────── v0.4.3
  Installed UnPack ─────────────────────── v0.1.0
  Installed DataAPI ────────────────────── v1.1.0
  Installed Requires ───────────────────── v1.0.1
  Installed Rmath ──────────────────────── v0.6.1
  Installed OrderedCollections ─────────── v1.1.0
  Installed SpecialFunctions ───────────── v0.10.0
  Installed LowLevelParticleFilters ────── v0.4.4
  Installed SortingAlgorithms ──────────── v0.3.1
  Installed RecipesBase ────────────────── v1.0.0
  Installed StatsFuns ──────────────────── v0.9.4
  Installed Arpack ─────────────────────── v0.4.0
  Installed FillArrays ─────────────────── v0.8.7
  Installed QuadGK ─────────────────────── v2.3.1
  Installed VectorizationBase ──────────── v0.10.0
  Installed Arpack_jll ─────────────────── v3.5.0+3
  Installed MacroTools ─────────────────── v0.5.5
  Installed Rmath_jll ──────────────────── v0.2.2+0
  Installed PDMats ─────────────────────── v0.9.12
  Installed OffsetArrays ───────────────── v1.0.4
  Installed CpuId ──────────────────────── v0.2.2
  Installed LoopVectorization ──────────── v0.6.30
  Installed Distributions ──────────────── v0.23.2
  Installed OpenBLAS_jll ───────────────── v0.3.9+2
  Installed SIMDPirates ────────────────── v0.7.11
  Installed StatsBase ──────────────────── v0.33.0
  Installed SLEEFPirates ───────────────── v0.4.5
  Installed Lazy ───────────────────────── v0.15.0
  Installed CompilerSupportLibraries_jll ─ v0.3.3+0
  Installed StaticArrays ───────────────── v0.12.1
  Installed OpenSpecFun_jll ────────────── v0.5.3+3
  Installed Parameters ─────────────────── v0.12.0
  Installed DataStructures ─────────────── v0.17.11
   Updating `~/.julia/environments/v1.4/Project.toml`
  [d9d29d28] + LowLevelParticleFilters v0.4.4
   Updating `~/.julia/environments/v1.4/Manifest.toml`
  [7d9fca2a] + Arpack v0.4.0
  [68821587] + Arpack_jll v3.5.0+3
  [e66e0078] + CompilerSupportLibraries_jll v0.3.3+0
  [adafc99b] + CpuId v0.2.2
  [9a962f9c] + DataAPI v1.1.0
  [864edb3b] + DataStructures v0.17.11
  [31c24e10] + Distributions v0.23.2
  [1a297f60] + FillArrays v0.8.7
  [50d2b5c4] + Lazy v0.15.0
  [bdcacae8] + LoopVectorization v0.6.30
  [d9d29d28] + LowLevelParticleFilters v0.4.4
  [1914dd2f] + MacroTools v0.5.5
  [e1d29d7a] + Missings v0.4.3
  [6fe1bfb0] + OffsetArrays v1.0.4
  [4536629a] + OpenBLAS_jll v0.3.9+2
  [efe28fd5] + OpenSpecFun_jll v0.5.3+3
  [bac558e1] + OrderedCollections v1.1.0
  [90014a1f] + PDMats v0.9.12
  [d96e819e] + Parameters v0.12.0
  [1fd47b50] + QuadGK v2.3.1
  [3cdcf5f2] + RecipesBase v1.0.0
  [ae029012] + Requires v1.0.1
  [79098fc4] + Rmath v0.6.1
  [f50d1b31] + Rmath_jll v0.2.2+0
  [21efa798] + SIMDPirates v0.7.11
  [476501e8] + SLEEFPirates v0.4.5
  [a2af1166] + SortingAlgorithms v0.3.1
  [276daf66] + SpecialFunctions v0.10.0
  [90137ffa] + StaticArrays v0.12.1
  [2913bbd2] + StatsBase v0.33.0
  [4c63d2b9] + StatsFuns v0.9.4
  [3a884ed6] + UnPack v0.1.0
  [3d5dd08c] + VectorizationBase v0.10.0
  [2a0f44e3] + Base64 
  [ade2ca70] + Dates 
  [8ba89e20] + Distributed 
  [b77e0a4c] + InteractiveUtils 
  [76f85450] + LibGit2 
  [8f399da3] + Libdl 
  [37e2e46d] + LinearAlgebra 
  [56ddb016] + Logging 
  [d6f4376e] + Markdown 
  [44cfe95a] + Pkg 
  [de0858da] + Printf 
  [3fa0cd96] + REPL 
  [9a3f8284] + Random 
  [ea8e919c] + SHA 
  [9e88b42a] + Serialization 
  [6462fe0b] + Sockets 
  [2f01184e] + SparseArrays 
  [10745b16] + Statistics 
  [4607b0f0] + SuiteSparse 
  [8dfed614] + Test 
  [cf7118a7] + UUIDs 
  [4ec0a83e] + Unicode 
   Building VectorizationBase → `~/.julia/packages/VectorizationBase/T6nfs/deps/build.log`
   Building SLEEFPirates ─────→ `~/.julia/packages/SLEEFPirates/OonFJ/deps/build.log`
    Testing LowLevelParticleFilters
Status `/tmp/jl_AgjdCH/Manifest.toml`
  [7d9fca2a] Arpack v0.4.0
  [68821587] Arpack_jll v3.5.0+3
  [6e34b625] Bzip2_jll v1.0.6+2
  [3da002f7] ColorTypes v0.10.0
  [5ae59095] Colors v0.12.0
  [e66e0078] CompilerSupportLibraries_jll v0.3.3+0
  [d38c429a] Contour v0.5.2
  [adafc99b] CpuId v0.2.2
  [9a962f9c] DataAPI v1.1.0
  [864edb3b] DataStructures v0.17.11
  [31c24e10] Distributions v0.23.2
  [c87230d0] FFMPEG v0.3.0
  [b22a6f82] FFMPEG_jll v4.1.0+2
  [1a297f60] FillArrays v0.8.7
  [53c48c17] FixedPointNumbers v0.8.0
  [d7e528f0] FreeType2_jll v2.10.1+2
  [559328eb] FriBidi_jll v1.0.5+2
  [28b8d3ca] GR v0.48.0
  [4d00f742] GeometryTypes v0.8.2
  [682c06a0] JSON v0.21.0
  [c1c5ebd0] LAME_jll v3.100.0+0
  [50d2b5c4] Lazy v0.15.0
  [dd192d2f] LibVPX_jll v1.8.1+1
  [bdcacae8] LoopVectorization v0.6.30
  [d9d29d28] LowLevelParticleFilters v0.4.4
  [1914dd2f] MacroTools v0.5.5
  [442fdcdd] Measures v0.3.1
  [e1d29d7a] Missings v0.4.3
  [77ba4419] NaNMath v0.3.3
  [6fe1bfb0] OffsetArrays v1.0.4
  [e7412a2a] Ogg_jll v1.3.3+0
  [4536629a] OpenBLAS_jll v0.3.9+2
  [458c3c95] OpenSSL_jll v1.1.1+2
  [efe28fd5] OpenSpecFun_jll v0.5.3+3
  [91d4177d] Opus_jll v1.3.1+0
  [bac558e1] OrderedCollections v1.1.0
  [90014a1f] PDMats v0.9.12
  [d96e819e] Parameters v0.12.0
  [69de0a69] Parsers v1.0.1
  [ccf2f8ad] PlotThemes v1.0.3
  [995b91a9] PlotUtils v0.6.5
  [91a5bcdd] Plots v0.27.1
  [1fd47b50] QuadGK v2.3.1
  [3cdcf5f2] RecipesBase v1.0.0
  [189a3867] Reexport v0.2.0
  [ae029012] Requires v1.0.1
  [79098fc4] Rmath v0.6.1
  [f50d1b31] Rmath_jll v0.2.2+0
  [21efa798] SIMDPirates v0.7.11
  [476501e8] SLEEFPirates v0.4.5
  [992d4aef] Showoff v0.3.1
  [a2af1166] SortingAlgorithms v0.3.1
  [276daf66] SpecialFunctions v0.10.0
  [90137ffa] StaticArrays v0.12.1
  [2913bbd2] StatsBase v0.33.0
  [4c63d2b9] StatsFuns v0.9.4
  [3a884ed6] UnPack v0.1.0
  [3d5dd08c] VectorizationBase v0.10.0
  [83775a58] Zlib_jll v1.2.11+9
  [0ac62f75] libass_jll v0.14.0+1
  [f638f0a6] libfdk_aac_jll v0.1.6+1
  [f27f6e37] libvorbis_jll v1.3.6+2
  [1270edf5] x264_jll v2019.5.25+1
  [dfaa095f] x265_jll v3.0.0+0
  [2a0f44e3] Base64 
  [ade2ca70] Dates 
  [8bb1440f] DelimitedFiles 
  [8ba89e20] Distributed 
  [b77e0a4c] InteractiveUtils 
  [76f85450] LibGit2 
  [8f399da3] Libdl 
  [37e2e46d] LinearAlgebra 
  [56ddb016] Logging 
  [d6f4376e] Markdown 
  [a63ad114] Mmap 
  [44cfe95a] Pkg 
  [de0858da] Printf 
  [3fa0cd96] REPL 
  [9a3f8284] Random 
  [ea8e919c] SHA 
  [9e88b42a] Serialization 
  [6462fe0b] Sockets 
  [2f01184e] SparseArrays 
  [10745b16] Statistics 
  [4607b0f0] SuiteSparse 
  [8dfed614] Test 
  [cf7118a7] UUIDs 
  [4ec0a83e] Unicode 
mean(abs2, xm - xbm) = 0.04025845580062006
mean(abs2, xm - xbma) = 0.04762108017696558
N = 10
N = 20
N = 50
N = 100
N = 200
N = 500
N = 1000
T = 20
N = 10
N = 20
N = 50
N = 100
N = 200
N = 500
N = 1000
T = 100
N = 10
N = 20
N = 50
N = 100
N = 200
N = 500
N = 1000
T = 200
Propagated 8400000 particles in 2.084763451 seconds for an average of 4029.234106138404 particles per millisecond
  2.084907 seconds (5.37 M allocations: 354.024 MiB, 3.63% gc time)
QStandardPaths: XDG_RUNTIME_DIR not set, defaulting to '/tmp/runtime-pkgeval'
Time     Surviving    Effective nbr of particles
--------------------------------------------------------------
t:     1   0.186    2000.0
t:     2   1.000     289.9
t:     3   0.118    2000.0
t:     4   1.000     203.8
t:     5   0.127    2000.0
t:     6   1.000     527.9
t:     7   1.000     228.6
t:     8   0.133    2000.0
t:     9   1.000     609.1
t:    10   0.187    2000.0
t:    11   1.000     658.4
t:    12   1.000     262.5
t:    13   0.105    2000.0
t:    14   1.000     454.5
t:    15   0.197    2000.0
t:    16   1.000     627.4
t:    17   0.194    2000.0
t:    18   1.000     732.4
t:    19   1.000     207.1
t:    20   0.107    2000.0
t:    21   1.000     319.5
t:    22   0.185    2000.0
t:    23   1.000     756.7
t:    24   0.205    2000.0
t:    25   1.000     220.6
t:    26   0.094    2000.0
t:    27   1.000     577.1
t:    28   0.198    2000.0
t:    29   0.084    2000.0
t:    30   1.000     271.4
t:    31   0.161    2000.0
t:    32   1.000     853.9
t:    33   1.000     231.2
t:    34   0.139    2000.0
Time     Surviving    Effective nbr of particles
--------------------------------------------------------------
t:    35   1.000     404.5
t:    36   0.123    2000.0
t:    37   1.000     316.5
t:    38   0.033    2000.0
t:    39   1.000     616.4
t:    40   0.144    2000.0
t:    41   1.000     602.1
t:    42   0.152    2000.0
t:    43   1.000     234.4
t:    44   0.059    2000.0
t:    45   1.000     574.2
t:    46   0.166    2000.0
t:    47   1.000     348.2
t:    48   0.136    2000.0
t:    49   0.142    2000.0
t:    50   1.000     518.7
t:    51   1.000     236.5
t:    52   0.103    2000.0
t:    53   1.000     444.3
t:    54   0.169    2000.0
t:    55   0.143    2000.0
t:    56   1.000     795.8
t:    57   0.128    2000.0
t:    58   1.000     283.5
t:    59   0.047    2000.0
t:    60   1.000     693.5
t:    61   0.169    2000.0
t:    62   1.000     313.4
t:    63   0.126    2000.0
t:    64   1.000     690.6
t:    65   0.175    2000.0
t:    66   1.000     574.3
t:    67   0.196    2000.0
t:    68   1.000     241.5
t:    69   0.114    2000.0
Time     Surviving    Effective nbr of particles
--------------------------------------------------------------
t:    70   1.000     457.8
t:    71   0.048    2000.0
t:    72   1.000     854.1
t:    73   0.102    2000.0
t:    74   1.000     618.5
t:    75   0.194    2000.0
t:    76   1.000     345.7
t:    77   0.130    2000.0
t:    78   1.000     456.9
t:    79   0.114    2000.0
t:    80   1.000     594.3
t:    81   0.121    2000.0
t:    82   1.000     618.1
t:    83   0.194    2000.0
t:    84   1.000     617.9
t:    85   0.110    2000.0
t:    86   1.000     405.3
t:    87   0.171    2000.0
t:    88   1.000     302.4
t:    89   0.105    2000.0
t:    90   1.000     288.5
t:    91   0.102    2000.0
t:    92   1.000     711.1
t:    93   0.083    2000.0
t:    94   1.000     772.9
t:    95   1.000     226.0
t:    96   0.127    2000.0
t:    97   1.000     470.8
t:    98   1.000     264.5
t:    99   0.121    2000.0
t:   100   1.000     853.1
t:   101   0.113    2000.0
t:   102   1.000     767.8
t:   103   1.000     254.9
t:   104   0.100    2000.0
Time     Surviving    Effective nbr of particles
--------------------------------------------------------------
t:   105   0.112    2000.0
t:   106   1.000     593.5
t:   107   0.191    2000.0
t:   108   1.000     267.7
t:   109   0.049    2000.0
t:   110   1.000     473.4
t:   111   0.178    2000.0
t:   112   1.000     448.4
t:   113   0.116    2000.0
t:   114   0.069    2000.0
t:   115   1.000     523.5
t:   116   1.000     218.7
t:   117   0.109    2000.0
t:   118   1.000     738.5
t:   119   1.000     271.5
t:   120   0.084    2000.0
t:   121   1.000     680.9
t:   122   0.155    2000.0
t:   123   1.000     490.8
t:   124   0.178    2000.0
t:   125   1.000     484.6
t:   126   0.052    2000.0
t:   127   1.000     730.4
t:   128   1.000     234.4
t:   129   0.077    2000.0
t:   130   0.007    2000.0
t:   131   1.000     572.4
t:   132   1.000     265.0
t:   133   0.171    2000.0
t:   134   1.000     509.5
t:   135   0.089    2000.0
t:   136   1.000     400.8
t:   137   0.146    2000.0
t:   138   1.000     839.6
t:   139   1.000     272.8
Time     Surviving    Effective nbr of particles
--------------------------------------------------------------
t:   140   0.141    2000.0
t:   141   1.000     444.1
t:   142   0.087    2000.0
t:   143   0.139    2000.0
t:   144   1.000     491.6
t:   145   1.000     205.5
t:   146   0.086    2000.0
t:   147   0.261    2000.0
t:   148   0.087    2000.0
t:   149   1.000     816.7
t:   150   0.174    2000.0
t:   151   1.000     661.3
t:   152   0.204    2000.0
t:   153   1.000     273.5
t:   154   0.096    2000.0
t:   155   0.169    2000.0
t:   156   1.000     783.7
t:   157   0.162    2000.0
t:   158   1.000     285.8
t:   159   0.116    2000.0
t:   160   1.000     625.6
t:   161   0.045    2000.0
t:   162   1.000     313.6
t:   163   0.169    2000.0
t:   164   1.000     412.5
t:   165   0.148    2000.0
t:   166   1.000     775.4
t:   167   1.000     202.6
t:   168   0.076    2000.0
t:   169   1.000     724.2
t:   170   0.142    2000.0
t:   171   1.000     721.8
t:   172   1.000     214.4
t:   173   0.104    2000.0
t:   174   1.000     610.5
Time     Surviving    Effective nbr of particles
--------------------------------------------------------------
t:   175   0.209    2000.0
t:   176   1.000     316.7
t:   177   0.077    2000.0
t:   178   1.000     398.4
t:   179   0.138    2000.0
t:   180   1.000     692.7
t:   181   1.000     294.7
t:   182   0.081    2000.0
t:   183   0.037    2000.0
t:   184   1.000     875.8
t:   185   0.153    2000.0
t:   186   1.000     685.0
t:   187   1.000     245.0
t:   188   0.097    2000.0
t:   189   1.000     767.4
t:   190   0.218    2000.0
t:   191   1.000     864.4
t:   192   1.000     296.2
t:   193   0.130    2000.0
t:   194   1.000     688.9
t:   195   1.000     249.3
t:   196   0.128    2000.0
t:   197   1.000     260.4
t:   198   0.111    2000.0
t:   199   1.000     244.3
t:   200   0.182    2000.0

signal (11): Segmentation fault
in expression starting at /home/pkgeval/.julia/packages/LowLevelParticleFilters/oScc9/src/example_lineargaussian.jl:158
unknown function (ip: 0x7faa75564ae9)
gks_dl_write_item at /home/pkgeval/.julia/packages/GR/yMV3y/src/../deps/gr/lib/libGR.so (unknown line)
gks_drv_socket at /home/pkgeval/.julia/packages/GR/yMV3y/src/../deps/gr/lib/libGR.so (unknown line)
gks_draw_image at /home/pkgeval/.julia/packages/GR/yMV3y/src/../deps/gr/lib/libGR.so (unknown line)
gr_drawimage at /home/pkgeval/.julia/packages/GR/yMV3y/src/../deps/gr/lib/libGR.so (unknown line)
gr_nonuniformcellarray at /home/pkgeval/.julia/packages/GR/yMV3y/src/../deps/gr/lib/libGR.so (unknown line)
nonuniformcellarray at /home/pkgeval/.julia/packages/GR/yMV3y/src/GR.jl:747
unknown function (ip: 0x7faa1892ad09)
_jl_invoke at /buildworker/worker/package_linux64/build/src/gf.c:2144 [inlined]
jl_apply_generic at /buildworker/worker/package_linux64/build/src/gf.c:2322
gr_display at /home/pkgeval/.julia/packages/Plots/WwFyB/src/backends/gr.jl:1323
unknown function (ip: 0x7faa188ca298)
_jl_invoke at /buildworker/worker/package_linux64/build/src/gf.c:2144 [inlined]
jl_apply_generic at /buildworker/worker/package_linux64/build/src/gf.c:2322
gr_display at /home/pkgeval/.julia/packages/Plots/WwFyB/src/backends/gr.jl:672
gr_display at /home/pkgeval/.julia/packages/Plots/WwFyB/src/backends/gr.jl:630 [inlined]
_display at /home/pkgeval/.julia/packages/Plots/WwFyB/src/backends/gr.jl:1610
display at /home/pkgeval/.julia/packages/Plots/WwFyB/src/output.jl:144
_jl_invoke at /buildworker/worker/package_linux64/build/src/gf.c:2158 [inlined]
jl_apply_generic at /buildworker/worker/package_linux64/build/src/gf.c:2322
display at ./multimedia.jl:323
#debugplot#129 at /home/pkgeval/.julia/packages/LowLevelParticleFilters/oScc9/src/plots.jl:140
debugplot##kw at /home/pkgeval/.julia/packages/LowLevelParticleFilters/oScc9/src/plots.jl:131
unknown function (ip: 0x7faa18912444)
_jl_invoke at /buildworker/worker/package_linux64/build/src/gf.c:2158 [inlined]
jl_apply_generic at /buildworker/worker/package_linux64/build/src/gf.c:2322
jl_apply at /buildworker/worker/package_linux64/build/src/julia.h:1692 [inlined]
do_call at /buildworker/worker/package_linux64/build/src/interpreter.c:369
eval_value at /buildworker/worker/package_linux64/build/src/interpreter.c:458
eval_stmt_value at /buildworker/worker/package_linux64/build/src/interpreter.c:409 [inlined]
eval_body at /buildworker/worker/package_linux64/build/src/interpreter.c:817
jl_interpret_toplevel_thunk at /buildworker/worker/package_linux64/build/src/interpreter.c:911
jl_toplevel_eval_flex at /buildworker/worker/package_linux64/build/src/toplevel.c:814
jl_parse_eval_all at /buildworker/worker/package_linux64/build/src/ast.c:872
jl_load at /buildworker/worker/package_linux64/build/src/toplevel.c:872
include at ./client.jl:439
_jl_invoke at /buildworker/worker/package_linux64/build/src/gf.c:2144 [inlined]
jl_apply_generic at /buildworker/worker/package_linux64/build/src/gf.c:2322
jl_apply at /buildworker/worker/package_linux64/build/src/julia.h:1692 [inlined]
do_call at /buildworker/worker/package_linux64/build/src/interpreter.c:369
eval_value at /buildworker/worker/package_linux64/build/src/interpreter.c:458
eval_stmt_value at /buildworker/worker/package_linux64/build/src/interpreter.c:409 [inlined]
eval_body at /buildworker/worker/package_linux64/build/src/interpreter.c:817
eval_body at /buildworker/worker/package_linux64/build/src/interpreter.c:744
eval_body at /buildworker/worker/package_linux64/build/src/interpreter.c:744
eval_body at /buildworker/worker/package_linux64/build/src/interpreter.c:744
eval_body at /buildworker/worker/package_linux64/build/src/interpreter.c:744
eval_body at /buildworker/worker/package_linux64/build/src/interpreter.c:744
eval_body at /buildworker/worker/package_linux64/build/src/interpreter.c:744
jl_interpret_toplevel_thunk at /buildworker/worker/package_linux64/build/src/interpreter.c:911
jl_toplevel_eval_flex at /buildworker/worker/package_linux64/build/src/toplevel.c:814
jl_parse_eval_all at /buildworker/worker/package_linux64/build/src/ast.c:872
jl_load at /buildworker/worker/package_linux64/build/src/toplevel.c:872
include at ./client.jl:439
_jl_invoke at /buildworker/worker/package_linux64/build/src/gf.c:2144 [inlined]
jl_apply_generic at /buildworker/worker/package_linux64/build/src/gf.c:2322
jl_apply at /buildworker/worker/package_linux64/build/src/julia.h:1692 [inlined]
do_call at /buildworker/worker/package_linux64/build/src/interpreter.c:369
eval_value at /buildworker/worker/package_linux64/build/src/interpreter.c:458
eval_stmt_value at /buildworker/worker/package_linux64/build/src/interpreter.c:409 [inlined]
eval_body at /buildworker/worker/package_linux64/build/src/interpreter.c:817
jl_interpret_toplevel_thunk at /buildworker/worker/package_linux64/build/src/interpreter.c:911
jl_toplevel_eval_flex at /buildworker/worker/package_linux64/build/src/toplevel.c:814
jl_toplevel_eval_flex at /buildworker/worker/package_linux64/build/src/toplevel.c:764
jl_toplevel_eval_in at /buildworker/worker/package_linux64/build/src/toplevel.c:843
eval at ./boot.jl:331
_jl_invoke at /buildworker/worker/package_linux64/build/src/gf.c:2144 [inlined]
jl_apply_generic at /buildworker/worker/package_linux64/build/src/gf.c:2322
exec_options at ./client.jl:264
_start at ./client.jl:484
jfptr__start_2076.clone_1 at /opt/julia/lib/julia/sys.so (unknown line)
_jl_invoke at /buildworker/worker/package_linux64/build/src/gf.c:2144 [inlined]
jl_apply_generic at /buildworker/worker/package_linux64/build/src/gf.c:2322
jl_apply at /buildworker/worker/package_linux64/build/ui/../src/julia.h:1692 [inlined]
true_main at /buildworker/worker/package_linux64/build/ui/repl.c:96
main at /buildworker/worker/package_linux64/build/ui/repl.c:217
__libc_start_main at /lib/x86_64-linux-gnu/libc.so.6 (unknown line)
_start at /opt/julia/bin/julia (unknown line)
Allocations: 166941616 (Pool: 166868702; Big: 72914); GC: 154
ERROR: Package LowLevelParticleFilters errored during testing
Stacktrace:
 [1] pkgerror(::String, ::Vararg{String,N} where N) at /buildworker/worker/package_linux64/build/usr/share/julia/stdlib/v1.4/Pkg/src/Types.jl:53
 [2] test(::Pkg.Types.Context, ::Array{Pkg.Types.PackageSpec,1}; coverage::Bool, julia_args::Cmd, test_args::Cmd, test_fn::Nothing) at /buildworker/worker/package_linux64/build/usr/share/julia/stdlib/v1.4/Pkg/src/Operations.jl:1503
 [3] test(::Pkg.Types.Context, ::Array{Pkg.Types.PackageSpec,1}; coverage::Bool, test_fn::Nothing, julia_args::Cmd, test_args::Cmd, kwargs::Base.Iterators.Pairs{Union{},Union{},Tuple{},NamedTuple{(),Tuple{}}}) at /buildworker/worker/package_linux64/build/usr/share/julia/stdlib/v1.4/Pkg/src/API.jl:316
 [4] test(::Pkg.Types.Context, ::Array{Pkg.Types.PackageSpec,1}) at /buildworker/worker/package_linux64/build/usr/share/julia/stdlib/v1.4/Pkg/src/API.jl:303
 [5] #test#68 at /buildworker/worker/package_linux64/build/usr/share/julia/stdlib/v1.4/Pkg/src/API.jl:297 [inlined]
 [6] test at /buildworker/worker/package_linux64/build/usr/share/julia/stdlib/v1.4/Pkg/src/API.jl:297 [inlined]
 [7] #test#67 at /buildworker/worker/package_linux64/build/usr/share/julia/stdlib/v1.4/Pkg/src/API.jl:296 [inlined]
 [8] test at /buildworker/worker/package_linux64/build/usr/share/julia/stdlib/v1.4/Pkg/src/API.jl:296 [inlined]
 [9] test(::String; kwargs::Base.Iterators.Pairs{Union{},Union{},Tuple{},NamedTuple{(),Tuple{}}}) at /buildworker/worker/package_linux64/build/usr/share/julia/stdlib/v1.4/Pkg/src/API.jl:295
 [10] test(::String) at /buildworker/worker/package_linux64/build/usr/share/julia/stdlib/v1.4/Pkg/src/API.jl:295
 [11] top-level scope at none:16
