Julia Version 1.3.1
Commit 2d5741174c (2019-12-30 21:36 UTC)
Platform Info:
  OS: Linux (x86_64-pc-linux-gnu)
  CPU: AMD Ryzen Threadripper 2990WX 32-Core Processor
  WORD_SIZE: 64
  LIBM: libopenlibm
  LLVM: libLLVM-6.0.1 (ORCJIT, znver1)
Environment:
  JULIA_DEPOT_PATH = ::/usr/local/share/julia
  JULIA_NUM_THREADS = 2

 Resolving package versions...
 Installed DataAPI ──────────── v1.1.0
 Installed CodecZlib ────────── v0.6.0
 Installed CodecBzip2 ───────── v0.6.0
 Installed BinDeps ──────────── v1.0.0
 Installed LPVSpectral ──────── v0.2.0
 Installed MbedTLS ──────────── v1.0.1
 Installed HTTP ─────────────── v0.8.12
 Installed StatsBase ────────── v0.32.2
 Installed RecipesBase ──────── v0.6.0
 Installed MbedTLS_jll ──────── v2.16.0+1
 Installed SpecialFunctions ─── v0.8.0
 Installed FFTW ─────────────── v0.2.4
 Installed BenchmarkTools ───── v0.5.0
 Installed MutableArithmetics ─ v0.2.7
 Installed VersionParsing ───── v1.2.0
 Installed DSP ──────────────── v0.5.2
 Installed Compat ───────────── v2.2.0
 Installed AbstractFFTs ─────── v0.4.1
 Installed MathProgBase ─────── v0.7.8
 Installed Parsers ──────────── v0.3.12
 Installed TranscodingStreams ─ v0.9.5
 Installed MathOptInterface ─── v0.9.12
 Installed JSONSchema ───────── v0.2.0
 Installed OSQP ─────────────── v0.6.0
 Installed Adapt ────────────── v1.0.1
 Installed ProximalOperators ── v0.10.3
 Installed Reexport ─────────── v0.2.0
 Installed Conda ────────────── v1.4.1
 Installed OrderedCollections ─ v1.1.0
 Installed URIParser ────────── v0.4.0
 Installed IniFile ──────────── v0.5.0
 Installed BinaryProvider ───── v0.5.8
 Installed Missings ─────────── v0.4.3
 Installed IterativeSolvers ─── v0.8.2
 Installed Polynomials ──────── v0.5.3
 Installed DataStructures ───── v0.17.10
 Installed JSON ─────────────── v0.21.0
 Installed TSVD ─────────────── v0.4.0
 Installed SortingAlgorithms ── v0.3.1
  Updating `~/.julia/environments/v1.3/Project.toml`
  [26dcc766] + LPVSpectral v0.2.0
  Updating `~/.julia/environments/v1.3/Manifest.toml`
  [621f4979] + AbstractFFTs v0.4.1
  [79e6a3ab] + Adapt v1.0.1
  [6e4b80f9] + BenchmarkTools v0.5.0
  [9e28174c] + BinDeps v1.0.0
  [b99e7846] + BinaryProvider v0.5.8
  [523fee87] + CodecBzip2 v0.6.0
  [944b1d66] + CodecZlib v0.6.0
  [34da2185] + Compat v2.2.0
  [8f4d0f93] + Conda v1.4.1
  [717857b8] + DSP v0.5.2
  [9a962f9c] + DataAPI v1.1.0
  [864edb3b] + DataStructures v0.17.10
  [7a1cc6ca] + FFTW v0.2.4
  [cd3eb016] + HTTP v0.8.12
  [83e8ac13] + IniFile v0.5.0
  [42fd0dbc] + IterativeSolvers v0.8.2
  [682c06a0] + JSON v0.21.0
  [7d188eb4] + JSONSchema v0.2.0
  [26dcc766] + LPVSpectral v0.2.0
  [b8f27783] + MathOptInterface v0.9.12
  [fdba3010] + MathProgBase v0.7.8
  [739be429] + MbedTLS v1.0.1
  [c8ffd9c3] + MbedTLS_jll v2.16.0+1
  [e1d29d7a] + Missings v0.4.3
  [d8a4904e] + MutableArithmetics v0.2.7
  [ab2f91bb] + OSQP v0.6.0
  [bac558e1] + OrderedCollections v1.1.0
  [69de0a69] + Parsers v0.3.12
  [f27b6e38] + Polynomials v0.5.3
  [a725b495] + ProximalOperators v0.10.3
  [3cdcf5f2] + RecipesBase v0.6.0
  [189a3867] + Reexport v0.2.0
  [a2af1166] + SortingAlgorithms v0.3.1
  [276daf66] + SpecialFunctions v0.8.0
  [2913bbd2] + StatsBase v0.32.2
  [9449cd9e] + TSVD v0.4.0
  [3bb67fe8] + TranscodingStreams v0.9.5
  [30578b45] + URIParser v0.4.0
  [81def892] + VersionParsing v1.2.0
  [2a0f44e3] + Base64 
  [ade2ca70] + Dates 
  [8bb1440f] + DelimitedFiles 
  [8ba89e20] + Distributed 
  [b77e0a4c] + InteractiveUtils 
  [76f85450] + LibGit2 
  [8f399da3] + Libdl 
  [37e2e46d] + LinearAlgebra 
  [56ddb016] + Logging 
  [d6f4376e] + Markdown 
  [a63ad114] + Mmap 
  [44cfe95a] + Pkg 
  [de0858da] + Printf 
  [3fa0cd96] + REPL 
  [9a3f8284] + Random 
  [ea8e919c] + SHA 
  [9e88b42a] + Serialization 
  [1a1011a3] + SharedArrays 
  [6462fe0b] + Sockets 
  [2f01184e] + SparseArrays 
  [10745b16] + Statistics 
  [4607b0f0] + SuiteSparse 
  [8dfed614] + Test 
  [cf7118a7] + UUIDs 
  [4ec0a83e] + Unicode 
  Building CodecBzip2 ──────→ `~/.julia/packages/CodecBzip2/T5yr7/deps/build.log`
  Building CodecZlib ───────→ `~/.julia/packages/CodecZlib/5t9zO/deps/build.log`
  Building Conda ───────────→ `~/.julia/packages/Conda/3rPhK/deps/build.log`
  Building FFTW ────────────→ `~/.julia/packages/FFTW/p7sLQ/deps/build.log`
  Building SpecialFunctions → `~/.julia/packages/SpecialFunctions/ne2iw/deps/build.log`
  Building OSQP ────────────→ `~/.julia/packages/OSQP/BU4WO/deps/build.log`
   Testing LPVSpectral
 Resolving package versions...
 Installed NaNMath ─────────── v0.3.3
 Installed Measures ────────── v0.3.1
 Installed Showoff ─────────── v0.3.1
 Installed FFMPEG ──────────── v0.2.4
 Installed GeometryTypes ───── v0.7.10
 Installed Plots ───────────── v0.28.4
 Installed Requires ────────── v1.0.1
 Installed ColorTypes ──────── v0.9.1
 Installed FixedPointNumbers ─ v0.6.1
 Installed StaticArrays ────── v0.12.1
 Installed Colors ──────────── v0.11.2
 Installed Contour ─────────── v0.5.2
 Installed GR ──────────────── v0.44.0
 Installed PlotThemes ──────── v1.0.1
 Installed PlotUtils ───────── v0.6.4
  Building GR ────→ `~/.julia/packages/GR/oiZD3/deps/build.log`
  Building FFMPEG → `~/.julia/packages/FFMPEG/guN1x/deps/build.log`
  Building Plots ─→ `~/.julia/packages/Plots/qZHsp/deps/build.log`
    Status `/tmp/jl_x1pA4K/Manifest.toml`
  [621f4979] AbstractFFTs v0.4.1
  [79e6a3ab] Adapt v1.0.1
  [6e4b80f9] BenchmarkTools v0.5.0
  [9e28174c] BinDeps v1.0.0
  [b99e7846] BinaryProvider v0.5.8
  [523fee87] CodecBzip2 v0.6.0
  [944b1d66] CodecZlib v0.6.0
  [3da002f7] ColorTypes v0.9.1
  [5ae59095] Colors v0.11.2
  [34da2185] Compat v2.2.0
  [8f4d0f93] Conda v1.4.1
  [d38c429a] Contour v0.5.2
  [717857b8] DSP v0.5.2
  [9a962f9c] DataAPI v1.1.0
  [864edb3b] DataStructures v0.17.10
  [c87230d0] FFMPEG v0.2.4
  [7a1cc6ca] FFTW v0.2.4
  [53c48c17] FixedPointNumbers v0.6.1
  [28b8d3ca] GR v0.44.0
  [4d00f742] GeometryTypes v0.7.10
  [cd3eb016] HTTP v0.8.12
  [83e8ac13] IniFile v0.5.0
  [42fd0dbc] IterativeSolvers v0.8.2
  [682c06a0] JSON v0.21.0
  [7d188eb4] JSONSchema v0.2.0
  [26dcc766] LPVSpectral v0.2.0
  [b8f27783] MathOptInterface v0.9.12
  [fdba3010] MathProgBase v0.7.8
  [739be429] MbedTLS v1.0.1
  [c8ffd9c3] MbedTLS_jll v2.16.0+1
  [442fdcdd] Measures v0.3.1
  [e1d29d7a] Missings v0.4.3
  [d8a4904e] MutableArithmetics v0.2.7
  [77ba4419] NaNMath v0.3.3
  [ab2f91bb] OSQP v0.6.0
  [bac558e1] OrderedCollections v1.1.0
  [69de0a69] Parsers v0.3.12
  [ccf2f8ad] PlotThemes v1.0.1
  [995b91a9] PlotUtils v0.6.4
  [91a5bcdd] Plots v0.28.4
  [f27b6e38] Polynomials v0.5.3
  [a725b495] ProximalOperators v0.10.3
  [3cdcf5f2] RecipesBase v0.6.0
  [189a3867] Reexport v0.2.0
  [ae029012] Requires v1.0.1
  [992d4aef] Showoff v0.3.1
  [a2af1166] SortingAlgorithms v0.3.1
  [276daf66] SpecialFunctions v0.8.0
  [90137ffa] StaticArrays v0.12.1
  [2913bbd2] StatsBase v0.32.2
  [9449cd9e] TSVD v0.4.0
  [3bb67fe8] TranscodingStreams v0.9.5
  [30578b45] URIParser v0.4.0
  [81def892] VersionParsing v1.2.0
  [2a0f44e3] Base64  [`@stdlib/Base64`]
  [ade2ca70] Dates  [`@stdlib/Dates`]
  [8bb1440f] DelimitedFiles  [`@stdlib/DelimitedFiles`]
  [8ba89e20] Distributed  [`@stdlib/Distributed`]
  [b77e0a4c] InteractiveUtils  [`@stdlib/InteractiveUtils`]
  [76f85450] LibGit2  [`@stdlib/LibGit2`]
  [8f399da3] Libdl  [`@stdlib/Libdl`]
  [37e2e46d] LinearAlgebra  [`@stdlib/LinearAlgebra`]
  [56ddb016] Logging  [`@stdlib/Logging`]
  [d6f4376e] Markdown  [`@stdlib/Markdown`]
  [a63ad114] Mmap  [`@stdlib/Mmap`]
  [44cfe95a] Pkg  [`@stdlib/Pkg`]
  [de0858da] Printf  [`@stdlib/Printf`]
  [3fa0cd96] REPL  [`@stdlib/REPL`]
  [9a3f8284] Random  [`@stdlib/Random`]
  [ea8e919c] SHA  [`@stdlib/SHA`]
  [9e88b42a] Serialization  [`@stdlib/Serialization`]
  [1a1011a3] SharedArrays  [`@stdlib/SharedArrays`]
  [6462fe0b] Sockets  [`@stdlib/Sockets`]
  [2f01184e] SparseArrays  [`@stdlib/SparseArrays`]
  [10745b16] Statistics  [`@stdlib/Statistics`]
  [4607b0f0] SuiteSparse  [`@stdlib/SuiteSparse`]
  [8dfed614] Test  [`@stdlib/Test`]
  [cf7118a7] UUIDs  [`@stdlib/UUIDs`]
  [4ec0a83e] Unicode  [`@stdlib/Unicode`]
[ Info: Testing LPVSpectral
[ Info: Testing Windows
[ Info: Testing Mel
[ Info: testing LPV methods
plot(se, phase=true) = Plot{Plots.GRBackend() n=24}
[ Info: testing detrend
[ Info: testing Complex Normal
[ Info: testing ls methods
ls methods: Error During Test at /home/pkgeval/.julia/packages/LPVSpectral/QCxpO/test/runtests.jl:166
  Got exception outside of a @test
  UndefVarError: rfftfreq not defined
  Stacktrace:
   [1] getproperty at ./Base.jl:13 [inlined]
   [2] default_freqs(::Int64, ::Float64) at /home/pkgeval/.julia/packages/LPVSpectral/QCxpO/src/lsfft.jl:4
   [3] default_freqs at /home/pkgeval/.julia/packages/LPVSpectral/QCxpO/src/lsfft.jl:7 [inlined] (repeats 2 times)
   [4] top-level scope at /home/pkgeval/.julia/packages/LPVSpectral/QCxpO/test/runtests.jl:170
   [5] top-level scope at /buildworker/worker/package_linux64/build/usr/share/julia/stdlib/v1.3/Test/src/Test.jl:1107
   [6] top-level scope at /home/pkgeval/.julia/packages/LPVSpectral/QCxpO/test/runtests.jl:167
   [7] top-level scope at /buildworker/worker/package_linux64/build/usr/share/julia/stdlib/v1.3/Test/src/Test.jl:1107
   [8] top-level scope at /home/pkgeval/.julia/packages/LPVSpectral/QCxpO/test/runtests.jl:20
   [9] include at ./boot.jl:328 [inlined]
   [10] include_relative(::Module, ::String) at ./loading.jl:1105
   [11] include(::Module, ::String) at ./Base.jl:31
   [12] include(::String) at ./client.jl:424
   [13] top-level scope at none:6
   [14] eval(::Module, ::Any) at ./boot.jl:330
   [15] exec_options(::Base.JLOptions) at ./client.jl:263
   [16] _start() at ./client.jl:460
  
[ Info: testing plots
plot(periodogram(y)) = Plot{Plots.GRBackend() n=1}
plot(spectrogram(y)) = Plot{Plots.GRBackend() n=1}
plot(melspectrogram(y)) = Plot{Plots.GRBackend() n=1}
plot(periodogram(filtfilt(ones(4), [4], y))) = Plot{Plots.GRBackend() n=1}
plot(welch_pgram(y)) = Plot{Plots.GRBackend() n=1}
[ Info: Testing Lasso
100 ||x-z||₂ 0.0000402411
200 ||x-z||₂ 0.0000021627
300 ||x-z||₂ 0.0000001810
400 ||x-z||₂ 0.0000000182
430 ||x-z||₂ 0.0000000099
[ Info: ||x-z||₂ ≤ tol
3 ||x-z||₂ 0.0000000000
[ Info: ||x-z||₂ ≤ tol
4046 ||x-z||₂ 0.0000000001
[ Info: ||x-z||₂ ≤ tol
1045 ||x-z||₂ 0.0000000000
[ Info: ||x-z||₂ ≤ tol
1184 ||x-z||₂ 0.0000000000
[ Info: ||x-z||₂ ≤ tol
[ Info: Testing autocov
Test Summary:    | Pass  Error  Total
LPVSpectral      |   96      1     97
  Windows        |   12            12
  Mel            |    8             8
  LPV methods    |    2             2
  detrend        |    3             3
  Complex Normal |    8             8
  ls methods     |           1      1
  plots          |              No tests
  Lasso          |              No tests
  autocov        |   63            63
ERROR: LoadError: Some tests did not pass: 96 passed, 0 failed, 1 errored, 0 broken.
in expression starting at /home/pkgeval/.julia/packages/LPVSpectral/QCxpO/test/runtests.jl:19
ERROR: Package LPVSpectral errored during testing
Stacktrace:
 [1] pkgerror(::String, ::Vararg{String,N} where N) at /buildworker/worker/package_linux64/build/usr/share/julia/stdlib/v1.3/Pkg/src/Types.jl:113
 [2] #test#131(::Bool, ::Nothing, ::Cmd, ::Cmd, ::typeof(Pkg.Operations.test), ::Pkg.Types.Context, ::Array{Pkg.Types.PackageSpec,1}) at /buildworker/worker/package_linux64/build/usr/share/julia/stdlib/v1.3/Pkg/src/Operations.jl:1372
 [3] #test at ./none:0 [inlined]
 [4] #test#62(::Bool, ::Nothing, ::Cmd, ::Cmd, ::Base.Iterators.Pairs{Union{},Union{},Tuple{},NamedTuple{(),Tuple{}}}, ::typeof(Pkg.API.test), ::Pkg.Types.Context, ::Array{Pkg.Types.PackageSpec,1}) at /buildworker/worker/package_linux64/build/usr/share/julia/stdlib/v1.3/Pkg/src/API.jl:253
 [5] test(::Pkg.Types.Context, ::Array{Pkg.Types.PackageSpec,1}) at /buildworker/worker/package_linux64/build/usr/share/julia/stdlib/v1.3/Pkg/src/API.jl:239
 [6] #test#61 at /buildworker/worker/package_linux64/build/usr/share/julia/stdlib/v1.3/Pkg/src/API.jl:233 [inlined]
 [7] test at /buildworker/worker/package_linux64/build/usr/share/julia/stdlib/v1.3/Pkg/src/API.jl:233 [inlined]
 [8] #test#60 at /buildworker/worker/package_linux64/build/usr/share/julia/stdlib/v1.3/Pkg/src/API.jl:232 [inlined]
 [9] test at /buildworker/worker/package_linux64/build/usr/share/julia/stdlib/v1.3/Pkg/src/API.jl:232 [inlined]
 [10] #test#59(::Base.Iterators.Pairs{Union{},Union{},Tuple{},NamedTuple{(),Tuple{}}}, ::typeof(Pkg.API.test), ::String) at /buildworker/worker/package_linux64/build/usr/share/julia/stdlib/v1.3/Pkg/src/API.jl:231
 [11] test(::String) at /buildworker/worker/package_linux64/build/usr/share/julia/stdlib/v1.3/Pkg/src/API.jl:231
 [12] top-level scope at none:13
