Julia Version 1.4.0
Commit b8e9a9ecc6 (2020-03-21 16:36 UTC)
Platform Info:
  OS: Linux (x86_64-pc-linux-gnu)
  CPU: AMD Ryzen Threadripper 2990WX 32-Core Processor
  WORD_SIZE: 64
  LIBM: libopenlibm
  LLVM: libLLVM-8.0.1 (ORCJIT, znver1)
Environment:
  JULIA_DEPOT_PATH = ::/usr/local/share/julia
  JULIA_NUM_THREADS = 2

  Resolving package versions...
    Cloning [5789e2e9-d7fb-5bc7-8068-2c6fae9b9549] FileIO from https://github.com/JuliaIO/FileIO.jl.git
[?25l    Fetching: [>                                        ]  0.0 %[2K[?25h  Installed FileIO ───────────── v1.2.4
    Cloning [5616b7aa-48d8-5ba3-83fe-06b58d5edc20] Makeitso from https://github.com/krcools/Makeitso.jl.git
[?25l    Fetching: [>                                        ]  0.0 %[2K[?25h  Installed Makeitso ─────────── v0.1.0
    Cloning [b99e7846-7c00-51b0-8f62-c81ae34c0232] BinaryProvider from https://github.com/JuliaPackaging/BinaryProvider.jl.git
[?25l    Fetching: [>                                        ]  0.0 %[2K[?25h  Installed BinaryProvider ───── v0.5.8
    Cloning [864edb3b-99cc-5e75-8d2d-829cb0a9cfe8] DataStructures from https://github.com/JuliaCollections/DataStructures.jl.git
[?25l    Fetching: [>                                        ]  0.0 %[2K[?25h  Installed DataStructures ───── v0.17.10
    Cloning [033835bb-8acc-5ee8-8aae-3f567f8a3819] JLD2 from https://github.com/JuliaIO/JLD2.jl.git
[?25l    Fetching: [>                                        ]  0.0 %[2K[?25h  Installed JLD2 ─────────────── v0.1.12
    Cloning [944b1d66-785c-5afd-91f1-9de20f533193] CodecZlib from https://github.com/JuliaIO/CodecZlib.jl.git
[?25l    Fetching: [>                                        ]  0.0 %[2K[?25h  Installed CodecZlib ────────── v0.6.0
    Cloning [bac558e1-5e72-5ebc-8fee-abe8a469f55d] OrderedCollections from https://github.com/JuliaCollections/OrderedCollections.jl.git
[?25l    Fetching: [>                                        ]  0.0 %[2K[?25h  Installed OrderedCollections ─ v1.1.0
    Cloning [3bb67fe8-82b1-5028-8e26-92a6c54297fa] TranscodingStreams from https://github.com/bicycle1885/TranscodingStreams.jl.git
[?25l    Fetching: [>                                        ]  0.0 %[2K[?25h  Installed TranscodingStreams ─ v0.9.5
   Updating `~/.julia/environments/v1.4/Project.toml`
  [5616b7aa] + Makeitso v0.1.0
   Updating `~/.julia/environments/v1.4/Manifest.toml`
  [b99e7846] + BinaryProvider v0.5.8
  [944b1d66] + CodecZlib v0.6.0
  [864edb3b] + DataStructures v0.17.10
  [5789e2e9] + FileIO v1.2.4
  [033835bb] + JLD2 v0.1.12
  [5616b7aa] + Makeitso v0.1.0
  [bac558e1] + OrderedCollections v1.1.0
  [3bb67fe8] + TranscodingStreams v0.9.5
  [2a0f44e3] + Base64 
  [ade2ca70] + Dates 
  [8ba89e20] + Distributed 
  [b77e0a4c] + InteractiveUtils 
  [76f85450] + LibGit2 
  [8f399da3] + Libdl 
  [56ddb016] + Logging 
  [d6f4376e] + Markdown 
  [a63ad114] + Mmap 
  [44cfe95a] + Pkg 
  [de0858da] + Printf 
  [3fa0cd96] + REPL 
  [9a3f8284] + Random 
  [ea8e919c] + SHA 
  [9e88b42a] + Serialization 
  [6462fe0b] + Sockets 
  [8dfed614] + Test 
  [cf7118a7] + UUIDs 
  [4ec0a83e] + Unicode 
   Building CodecZlib → `~/.julia/packages/CodecZlib/5t9zO/deps/build.log`
┌ Error: Error building `CodecZlib`: 
│ [ Info: Downloading https://github.com/bicycle1885/ZlibBuilder/releases/download/v1.0.4/Zlib.v1.2.11.x86_64-linux-gnu.tar.gz to /home/pkgeval/.julia/packages/CodecZlib/5t9zO/deps/usr/downloads/Zlib.v1.2.11.x86_64-linux-gnu.tar.gz...
│ ERROR: LoadError: Could not download https://github.com/bicycle1885/ZlibBuilder/releases/download/v1.0.4/Zlib.v1.2.11.x86_64-linux-gnu.tar.gz to /home/pkgeval/.julia/packages/CodecZlib/5t9zO/deps/usr/downloads/Zlib.v1.2.11.x86_64-linux-gnu.tar.gz:
│ ErrorException("")
│ Stacktrace:
│  [1] error(::String) at ./error.jl:33
│  [2] download(::String, ::String; verbose::Bool) at /home/pkgeval/.julia/packages/BinaryProvider/kcGxO/src/PlatformEngines.jl:502
│  [3] download_verify(::String, ::String, ::String; verbose::Bool, force::Bool, quiet_download::Bool) at /home/pkgeval/.julia/packages/BinaryProvider/kcGxO/src/PlatformEngines.jl:571
│  [4] install(::String, ::String; prefix::Prefix, tarball_path::String, force::Bool, ignore_platform::Bool, verbose::Bool) at /home/pkgeval/.julia/packages/BinaryProvider/kcGxO/src/Prefix.jl:314
│  [5] top-level scope at /home/pkgeval/.julia/packages/CodecZlib/5t9zO/deps/build.jl:89
│  [6] include(::String) at ./client.jl:439
│  [7] top-level scope at none:5
│ in expression starting at /home/pkgeval/.julia/packages/CodecZlib/5t9zO/deps/build.jl:78
│ caused by [exception 1]
│ 
│ Stacktrace:
│  [1] error() at ./error.jl:42
│  [2] download(::String, ::String; verbose::Bool) at /home/pkgeval/.julia/packages/BinaryProvider/kcGxO/src/PlatformEngines.jl:496
│  [3] download_verify(::String, ::String, ::String; verbose::Bool, force::Bool, quiet_download::Bool) at /home/pkgeval/.julia/packages/BinaryProvider/kcGxO/src/PlatformEngines.jl:571
│  [4] install(::String, ::String; prefix::Prefix, tarball_path::String, force::Bool, ignore_platform::Bool, verbose::Bool) at /home/pkgeval/.julia/packages/BinaryProvider/kcGxO/src/Prefix.jl:314
│  [5] top-level scope at /home/pkgeval/.julia/packages/CodecZlib/5t9zO/deps/build.jl:89
│  [6] include(::String) at ./client.jl:439
│  [7] top-level scope at none:5
│ [11:27:44] #=#=#                                                                         [11:27:44] ##O#- #                                                                       [11:27:44] 
│ [11:27:44] curl: (22) The requested URL returned error: 401 UNAUTHORIZED
└ @ Pkg.Operations /buildworker/worker/package_linux64/build/usr/share/julia/stdlib/v1.4/Pkg/src/Operations.jl:892
    Testing Makeitso
Status `/tmp/jl_05yeDn/Manifest.toml`
  [b99e7846] BinaryProvider v0.5.8
  [944b1d66] CodecZlib v0.6.0
  [864edb3b] DataStructures v0.17.10
  [5789e2e9] FileIO v1.2.4
  [033835bb] JLD2 v0.1.12
  [5616b7aa] Makeitso v0.1.0
  [bac558e1] OrderedCollections v1.1.0
  [3bb67fe8] TranscodingStreams v0.9.5
  [2a0f44e3] Base64 
  [ade2ca70] Dates 
  [8ba89e20] Distributed 
  [b77e0a4c] InteractiveUtils 
  [76f85450] LibGit2 
  [8f399da3] Libdl 
  [56ddb016] Logging 
  [d6f4376e] Markdown 
  [a63ad114] Mmap 
  [44cfe95a] Pkg 
  [de0858da] Printf 
  [3fa0cd96] REPL 
  [9a3f8284] Random 
  [ea8e919c] SHA 
  [9e88b42a] Serialization 
  [6462fe0b] Sockets 
  [8dfed614] Test 
  [cf7118a7] UUIDs 
  [4ec0a83e] Unicode 
ERROR: LoadError: CodecZlib.jl is not installed properly, run Pkg.build("CodecZlib") and restart Julia.
Stacktrace:
 [1] error(::String) at ./error.jl:33
 [2] top-level scope at /home/pkgeval/.julia/packages/CodecZlib/5t9zO/src/CodecZlib.jl:34
 [3] include(::Module, ::String) at ./Base.jl:377
 [4] top-level scope at none:2
 [5] eval at ./boot.jl:331 [inlined]
 [6] eval(::Expr) at ./client.jl:449
 [7] top-level scope at ./none:3
in expression starting at /home/pkgeval/.julia/packages/CodecZlib/5t9zO/src/CodecZlib.jl:33
ERROR: LoadError: Failed to precompile CodecZlib [944b1d66-785c-5afd-91f1-9de20f533193] to /home/pkgeval/.julia/compiled/v1.4/CodecZlib/1TI30_oha5g.ji.
Stacktrace:
 [1] error(::String) at ./error.jl:33
 [2] compilecache(::Base.PkgId, ::String) at ./loading.jl:1272
 [3] _require(::Base.PkgId) at ./loading.jl:1029
 [4] require(::Base.PkgId) at ./loading.jl:927
 [5] require(::Module, ::Symbol) at ./loading.jl:922
 [6] include(::Module, ::String) at ./Base.jl:377
 [7] top-level scope at none:2
 [8] eval at ./boot.jl:331 [inlined]
 [9] eval(::Expr) at ./client.jl:449
 [10] top-level scope at ./none:3
in expression starting at /home/pkgeval/.julia/packages/JLD2/hB4ya/src/JLD2.jl:2
ERROR: LoadError: Failed to precompile JLD2 [033835bb-8acc-5ee8-8aae-3f567f8a3819] to /home/pkgeval/.julia/compiled/v1.4/JLD2/O1EyT_oha5g.ji.
Stacktrace:
 [1] error(::String) at ./error.jl:33
 [2] compilecache(::Base.PkgId, ::String) at ./loading.jl:1272
 [3] _require(::Base.PkgId) at ./loading.jl:1029
 [4] require(::Base.PkgId) at ./loading.jl:927
 [5] require(::Module, ::Symbol) at ./loading.jl:922
 [6] include(::Module, ::String) at ./Base.jl:377
 [7] top-level scope at none:2
 [8] eval at ./boot.jl:331 [inlined]
 [9] eval(::Expr) at ./client.jl:449
 [10] top-level scope at ./none:3
in expression starting at /home/pkgeval/.julia/packages/Makeitso/OHD6u/src/Makeitso.jl:9
ERROR: LoadError: Failed to precompile Makeitso [5616b7aa-48d8-5ba3-83fe-06b58d5edc20] to /home/pkgeval/.julia/compiled/v1.4/Makeitso/X3Zhi_oha5g.ji.
Stacktrace:
 [1] error(::String) at ./error.jl:33
 [2] compilecache(::Base.PkgId, ::String) at ./loading.jl:1272
 [3] _require(::Base.PkgId) at ./loading.jl:1029
 [4] require(::Base.PkgId) at ./loading.jl:927
 [5] require(::Module, ::Symbol) at ./loading.jl:922
 [6] include(::String) at ./client.jl:439
 [7] top-level scope at none:6
in expression starting at /home/pkgeval/.julia/packages/Makeitso/OHD6u/test/runtests.jl:1
ERROR: Package Makeitso errored during testing
Stacktrace:
 [1] pkgerror(::String, ::Vararg{String,N} where N) at /buildworker/worker/package_linux64/build/usr/share/julia/stdlib/v1.4/Pkg/src/Types.jl:53
 [2] test(::Pkg.Types.Context, ::Array{Pkg.Types.PackageSpec,1}; coverage::Bool, julia_args::Cmd, test_args::Cmd, test_fn::Nothing) at /buildworker/worker/package_linux64/build/usr/share/julia/stdlib/v1.4/Pkg/src/Operations.jl:1503
 [3] test(::Pkg.Types.Context, ::Array{Pkg.Types.PackageSpec,1}; coverage::Bool, test_fn::Nothing, julia_args::Cmd, test_args::Cmd, kwargs::Base.Iterators.Pairs{Union{},Union{},Tuple{},NamedTuple{(),Tuple{}}}) at /buildworker/worker/package_linux64/build/usr/share/julia/stdlib/v1.4/Pkg/src/API.jl:316
 [4] test(::Pkg.Types.Context, ::Array{Pkg.Types.PackageSpec,1}) at /buildworker/worker/package_linux64/build/usr/share/julia/stdlib/v1.4/Pkg/src/API.jl:303
 [5] #test#68 at /buildworker/worker/package_linux64/build/usr/share/julia/stdlib/v1.4/Pkg/src/API.jl:297 [inlined]
 [6] test at /buildworker/worker/package_linux64/build/usr/share/julia/stdlib/v1.4/Pkg/src/API.jl:297 [inlined]
 [7] #test#67 at /buildworker/worker/package_linux64/build/usr/share/julia/stdlib/v1.4/Pkg/src/API.jl:296 [inlined]
 [8] test at /buildworker/worker/package_linux64/build/usr/share/julia/stdlib/v1.4/Pkg/src/API.jl:296 [inlined]
 [9] test(::String; kwargs::Base.Iterators.Pairs{Union{},Union{},Tuple{},NamedTuple{(),Tuple{}}}) at /buildworker/worker/package_linux64/build/usr/share/julia/stdlib/v1.4/Pkg/src/API.jl:295
 [10] test(::String) at /buildworker/worker/package_linux64/build/usr/share/julia/stdlib/v1.4/Pkg/src/API.jl:295
 [11] top-level scope at none:16
