Julia Version 1.3.1
Commit 2d5741174c (2019-12-30 21:36 UTC)
Platform Info:
  OS: Linux (x86_64-pc-linux-gnu)
  CPU: AMD Ryzen Threadripper 2990WX 32-Core Processor
  WORD_SIZE: 64
  LIBM: libopenlibm
  LLVM: libLLVM-6.0.1 (ORCJIT, znver1)
Environment:
  JULIA_DEPOT_PATH = ::/usr/local/share/julia
  JULIA_NUM_THREADS = 2

 Resolving package versions...
 Installed LibVPX_jll ─────────────────── v1.8.1+1
 Installed libvorbis_jll ──────────────── v1.3.6+2
 Installed NaNMath ────────────────────── v0.3.3
 Installed Bzip2_jll ──────────────────── v1.0.6+1
 Installed SignedDistanceFields ───────── v0.4.0
 Installed PlotUtils ──────────────────── v0.6.4
 Installed Zstd_jll ───────────────────── v1.4.4+0
 Installed UnicodeFun ─────────────────── v0.4.1
 Installed Packing ────────────────────── v0.3.1
 Installed x265_jll ───────────────────── v3.0.0+0
 Installed PaddedViews ────────────────── v0.5.3
 Installed StatsBase ──────────────────── v0.32.2
 Installed MakieThemes ────────────────── v0.0.2
 Installed libpng_jll ─────────────────── v1.6.37+2
 Installed GeometryTypes ──────────────── v0.8.1
 Installed FFMPEG ─────────────────────── v0.3.0
 Installed EllipsisNotation ───────────── v0.4.0
 Installed ImageMagick_jll ────────────── v6.9.10-12+0
 Installed FriBidi_jll ────────────────── v1.0.5+2
 Installed CompilerSupportLibraries_jll ─ v0.2.0+1
 Installed DataAPI ────────────────────── v1.1.0
 Installed FreeType ───────────────────── v3.0.0
 Installed ImageCore ──────────────────── v0.8.12
 Installed MappedArrays ───────────────── v0.2.2
 Installed OpenSSL_jll ────────────────── v1.1.1+1
 Installed DataValueInterfaces ────────── v1.0.0
 Installed ColorBrewer ────────────────── v0.4.0
 Installed ImageMagick ────────────────── v1.1.3
 Installed Showoff ────────────────────── v0.3.1
 Installed StaticArrays ───────────────── v0.12.1
 Installed Requires ───────────────────── v1.0.1
 Installed Zlib_jll ───────────────────── v1.2.11+8
 Installed FreeType2_jll ──────────────── v2.10.1+1
 Installed SpecialFunctions ───────────── v0.10.0
 Installed Graphics ───────────────────── v1.0.2
 Installed IteratorInterfaceExtensions ── v1.0.0
 Installed DataStructures ─────────────── v0.17.10
 Installed ColorTypes ─────────────────── v0.9.1
 Installed CEnum ──────────────────────── v0.2.0
 Installed ColorVectorSpace ───────────── v0.8.3
 Installed x264_jll ───────────────────── v2019.5.25+1
 Installed OffsetArrays ───────────────── v1.0.3
 Installed FixedPointNumbers ──────────── v0.7.1
 Installed Parsers ────────────────────── v0.3.12
 Installed IntervalSets ───────────────── v0.4.0
 Installed SortingAlgorithms ──────────── v0.3.1
 Installed TableTraits ────────────────── v1.0.0
 Installed Tables ─────────────────────── v1.0.3
 Installed Colors ─────────────────────── v0.11.2
 Installed libfdk_aac_jll ─────────────── v0.1.6+1
 Installed Reexport ───────────────────── v0.2.0
 Installed OrderedCollections ─────────── v1.1.0
 Installed StructArrays ───────────────── v0.4.2
 Installed FFMPEG_jll ─────────────────── v4.1.0+2
 Installed JSON ───────────────────────── v0.21.0
 Installed Ogg_jll ────────────────────── v1.3.3+0
 Installed OpenSpecFun_jll ────────────── v0.5.3+3
 Installed libass_jll ─────────────────── v0.14.0+0
 Installed Missings ───────────────────── v0.4.3
 Installed DocStringExtensions ────────── v0.8.1
 Installed JpegTurbo_jll ──────────────── v2.0.1+0
 Installed Contour ────────────────────── v0.5.2
 Installed Libtiff_jll ────────────────── v4.0.10+0
 Installed Opus_jll ───────────────────── v1.3.1+0
 Installed AbstractNumbers ────────────── v0.2.1
 Installed Observables ────────────────── v0.3.1
 Installed LAME_jll ───────────────────── v3.100.0+0
 Installed FreeTypeAbstraction ────────── v0.6.4
 Installed FileIO ─────────────────────── v1.2.3
 Installed AbstractPlotting ───────────── v0.9.26
 Installed ColorSchemes ───────────────── v3.6.0
  Updating `~/.julia/environments/v1.3/Project.toml`
  [e296ed71] + MakieThemes v0.0.2
  Updating `~/.julia/environments/v1.3/Manifest.toml`
  [85c772de] + AbstractNumbers v0.2.1
  [537997a7] + AbstractPlotting v0.9.26
  [6e34b625] + Bzip2_jll v1.0.6+1
  [fa961155] + CEnum v0.2.0
  [a2cac450] + ColorBrewer v0.4.0
  [35d6a980] + ColorSchemes v3.6.0
  [3da002f7] + ColorTypes v0.9.1
  [c3611d14] + ColorVectorSpace v0.8.3
  [5ae59095] + Colors v0.11.2
  [e66e0078] + CompilerSupportLibraries_jll v0.2.0+1
  [d38c429a] + Contour v0.5.2
  [9a962f9c] + DataAPI v1.1.0
  [864edb3b] + DataStructures v0.17.10
  [e2d170a0] + DataValueInterfaces v1.0.0
  [ffbed154] + DocStringExtensions v0.8.1
  [da5c29d0] + EllipsisNotation v0.4.0
  [c87230d0] + FFMPEG v0.3.0
  [b22a6f82] + FFMPEG_jll v4.1.0+2
  [5789e2e9] + FileIO v1.2.3
  [53c48c17] + FixedPointNumbers v0.7.1
  [b38be410] + FreeType v3.0.0
  [d7e528f0] + FreeType2_jll v2.10.1+1
  [663a7486] + FreeTypeAbstraction v0.6.4
  [559328eb] + FriBidi_jll v1.0.5+2
  [4d00f742] + GeometryTypes v0.8.1
  [a2bd30eb] + Graphics v1.0.2
  [a09fc81d] + ImageCore v0.8.12
  [6218d12a] + ImageMagick v1.1.3
  [c73af94c] + ImageMagick_jll v6.9.10-12+0
  [8197267c] + IntervalSets v0.4.0
  [82899510] + IteratorInterfaceExtensions v1.0.0
  [682c06a0] + JSON v0.21.0
  [aacddb02] + JpegTurbo_jll v2.0.1+0
  [c1c5ebd0] + LAME_jll v3.100.0+0
  [dd192d2f] + LibVPX_jll v1.8.1+1
  [89763e89] + Libtiff_jll v4.0.10+0
  [e296ed71] + MakieThemes v0.0.2
  [dbb5928d] + MappedArrays v0.2.2
  [e1d29d7a] + Missings v0.4.3
  [77ba4419] + NaNMath v0.3.3
  [510215fc] + Observables v0.3.1
  [6fe1bfb0] + OffsetArrays v1.0.3
  [e7412a2a] + Ogg_jll v1.3.3+0
  [458c3c95] + OpenSSL_jll v1.1.1+1
  [efe28fd5] + OpenSpecFun_jll v0.5.3+3
  [91d4177d] + Opus_jll v1.3.1+0
  [bac558e1] + OrderedCollections v1.1.0
  [19eb6ba3] + Packing v0.3.1
  [5432bcbf] + PaddedViews v0.5.3
  [69de0a69] + Parsers v0.3.12
  [995b91a9] + PlotUtils v0.6.4
  [189a3867] + Reexport v0.2.0
  [ae029012] + Requires v1.0.1
  [992d4aef] + Showoff v0.3.1
  [73760f76] + SignedDistanceFields v0.4.0
  [a2af1166] + SortingAlgorithms v0.3.1
  [276daf66] + SpecialFunctions v0.10.0
  [90137ffa] + StaticArrays v0.12.1
  [2913bbd2] + StatsBase v0.32.2
  [09ab397b] + StructArrays v0.4.2
  [3783bdb8] + TableTraits v1.0.0
  [bd369af6] + Tables v1.0.3
  [1cfade01] + UnicodeFun v0.4.1
  [83775a58] + Zlib_jll v1.2.11+8
  [3161d3a3] + Zstd_jll v1.4.4+0
  [0ac62f75] + libass_jll v0.14.0+0
  [f638f0a6] + libfdk_aac_jll v0.1.6+1
  [b53b4c65] + libpng_jll v1.6.37+2
  [f27f6e37] + libvorbis_jll v1.3.6+2
  [1270edf5] + x264_jll v2019.5.25+1
  [dfaa095f] + x265_jll v3.0.0+0
  [2a0f44e3] + Base64 
  [ade2ca70] + Dates 
  [8ba89e20] + Distributed 
  [b77e0a4c] + InteractiveUtils 
  [76f85450] + LibGit2 
  [8f399da3] + Libdl 
  [37e2e46d] + LinearAlgebra 
  [56ddb016] + Logging 
  [d6f4376e] + Markdown 
  [a63ad114] + Mmap 
  [44cfe95a] + Pkg 
  [de0858da] + Printf 
  [3fa0cd96] + REPL 
  [9a3f8284] + Random 
  [ea8e919c] + SHA 
  [9e88b42a] + Serialization 
  [6462fe0b] + Sockets 
  [2f01184e] + SparseArrays 
  [10745b16] + Statistics 
  [8dfed614] + Test 
  [cf7118a7] + UUIDs 
  [4ec0a83e] + Unicode 
   Testing MakieThemes
 Resolving package versions...
 Installed DiffRules ───────────────── v1.0.1
 Installed DiffResults ─────────────── v1.0.2
 Installed Rmath_jll ───────────────── v0.2.2+0
 Installed StatsMakie ──────────────── v0.1.3
 Installed Makie ───────────────────── v0.9.5
 Installed DataFrames ──────────────── v0.20.2
 Installed Xorg_xineramaproto_jll ──── v1.2.1+0
 Installed StatsFuns ───────────────── v0.9.4
 Installed QuadGK ──────────────────── v2.3.1
 Installed Libiconv_jll ────────────── v1.16.0+1
 Installed Xorg_xextproto_jll ──────── v7.3.0+0
 Installed Xorg_libXrandr_jll ──────── v1.5.2+1
 Installed IntelOpenMP_jll ─────────── v2018.0.3+0
 Installed OpenBLAS_jll ────────────── v0.3.7+7
 Installed NLSolversBase ───────────── v7.6.1
 Installed Xorg_libxcb_jll ─────────── v1.13.0+1
 Installed Xorg_inputproto_jll ─────── v2.3.2+0
 Installed Xorg_libXcursor_jll ─────── v1.2.0+1
 Installed CategoricalArrays ───────── v0.7.7
 Installed Xorg_util_macros_jll ────── v1.19.2+0
 Installed GLFW ────────────────────── v3.2.2
 Installed Xorg_randrproto_jll ─────── v1.5.0+0
 Installed Xorg_libXinerama_jll ────── v1.1.4+1
 Installed Libgpg_error_jll ────────── v1.36.0+0
 Installed ArrayInterface ──────────── v2.5.1
 Installed Xorg_libXrender_jll ─────── v0.9.10+1
 Installed Ratios ──────────────────── v0.4.0
 Installed FillArrays ──────────────── v0.8.5
 Installed XSLT_jll ────────────────── v1.1.33+0
 Installed Xorg_libpthread_stubs_jll ─ v0.1.0+0
 Installed Interpolations ──────────── v0.12.5
 Installed FilePathsBase ───────────── v0.7.0
 Installed Arpack_jll ──────────────── v3.5.0+2
 Installed Arpack ──────────────────── v0.4.0
 Installed Xorg_xtrans_jll ─────────── v1.4.0+0
 Installed FiniteDiff ──────────────── v2.2.1
 Installed FFTW ────────────────────── v1.2.0
 Installed Distances ───────────────── v0.8.2
 Installed Libglvnd_jll ────────────── v1.3.0+1
 Installed Xorg_libXdmcp_jll ───────── v1.1.3+1
 Installed Distributions ───────────── v0.22.5
 Installed GLFW_jll ────────────────── v3.3.2+0
 Installed Optim ───────────────────── v0.20.4
 Installed ForwardDiff ─────────────── v0.10.9
 Installed Compat ──────────────────── v3.8.0
 Installed WeakRefStrings ──────────── v0.6.2
 Installed WoodburyMatrices ────────── v0.5.1
 Installed MeshIO ──────────────────── v0.3.1
 Installed InvertedIndices ─────────── v1.0.0
 Installed AbstractFFTs ────────────── v0.5.0
 Installed ModernGL ────────────────── v1.1.2
 Installed KernelDensity ───────────── v0.5.1
 Installed Xorg_libXi_jll ──────────── v1.7.10+1
 Installed Rmath ───────────────────── v0.6.1
 Installed AxisAlgorithms ──────────── v1.0.0
 Installed PDMats ──────────────────── v0.9.12
 Installed PooledArrays ────────────── v0.5.3
 Installed LineSearches ────────────── v7.0.1
 Installed Xorg_libXfixes_jll ──────── v5.0.3+1
 Installed XML2_jll ────────────────── v2.9.9+1
 Installed Xorg_libXau_jll ─────────── v1.0.9+1
 Installed GLMakie ─────────────────── v0.0.17
 Installed PositiveFactorizations ──── v0.2.3
 Installed Xorg_renderproto_jll ────── v0.11.1+0
 Installed Libgcrypt_jll ───────────── v1.8.5+0
 Installed Parameters ──────────────── v0.12.0
 Installed CSV ─────────────────────── v0.5.26
 Installed Xorg_xcb_proto_jll ──────── v1.13.0+0
 Installed MKL_jll ─────────────────── v2019.0.117+2
 Installed Loess ───────────────────── v0.5.1
 Installed Xorg_fixesproto_jll ─────── v5.0.0+0
 Installed Xorg_libX11_jll ─────────── v1.6.9+1
 Installed CommonSubexpressions ────── v0.2.0
 Installed Xorg_xproto_jll ─────────── v7.0.31+0
 Installed Xorg_libXext_jll ────────── v1.3.4+1
 Installed FFTW_jll ────────────────── v3.3.9+4
  Building FFTW ────→ `~/.julia/packages/FFTW/qqcBj/deps/build.log`
  Building ModernGL → `~/.julia/packages/ModernGL/rVuW2/deps/build.log`
[ Info: No changes
  Building GLMakie ─→ `~/.julia/packages/GLMakie/gMxEB/deps/build.log`
runtime: pointer 0xc00023b110 to unallocated span span.base()=0x0 span.limit=0x0 span.state=0
runtime: found in object at *(0x55f3566409e0+0x140)
object=0x55f3566409e0 s=nil
fatal error: found bad pointer in Go heap (incorrect use of unsafe or cgo?)

runtime stack:
runtime.throw(0x55f354927392, 0x3e)
	/usr/local/go/src/runtime/panic.go:617 +0x74 fp=0x7f73c77fdc78 sp=0x7f73c77fdc48 pc=0x55f3532e4194
runtime.findObject(0xc00023b110, 0x55f3566409e0, 0x140, 0x7f73dd19aa98, 0xc000067c70, 0x10)
	/usr/local/go/src/runtime/mbitmap.go:397 +0x3c1 fp=0x7f73c77fdcc8 sp=0x7f73c77fdc78 pc=0x55f3532cbb71
runtime.scanblock(0x55f3566409e0, 0x276f0, 0x7f73e1c191d6, 0xc000067c70, 0x0)
	/usr/local/go/src/runtime/mgcmark.go:1070 +0xab fp=0x7f73c77fdd28 sp=0x7f73c77fdcc8 pc=0x55f3532d72db
runtime.markrootBlock(0x55f3566409e0, 0x276f0, 0x7f73e1c191d6, 0xc000067c70, 0x0)
	/usr/local/go/src/runtime/mgcmark.go:251 +0x9f fp=0x7f73c77fdd60 sp=0x7f73c77fdd28 pc=0x55f3532d55ff
runtime.markroot(0xc000067c70, 0x7f7300000003)
	/usr/local/go/src/runtime/mgcmark.go:166 +0x1b5 fp=0x7f73c77fdde0 sp=0x7f73c77fdd60 pc=0x55f3532d53a5
runtime.gcDrain(0xc000067c70, 0x3)
	/usr/local/go/src/runtime/mgcmark.go:899 +0x116 fp=0x7f73c77fde38 sp=0x7f73c77fdde0 pc=0x55f3532d6cc6
runtime.gcBgMarkWorker.func2()
	/usr/local/go/src/runtime/mgc.go:1903 +0x82 fp=0x7f73c77fde78 sp=0x7f73c77fde38 pc=0x55f35330c6a2
runtime.systemstack(0xc000526180)
	/usr/local/go/src/runtime/asm_amd64.s:351 +0x63 fp=0x7f73c77fde80 sp=0x7f73c77fde78 pc=0x55f35330f233
runtime.mstart()
	/usr/local/go/src/runtime/proc.go:1153 fp=0x7f73c77fde88 sp=0x7f73c77fde80 pc=0x55f3532e87d0

goroutine 23 [GC worker (idle)]:
runtime.systemstack_switch()
	/usr/local/go/src/runtime/asm_amd64.s:311 fp=0xc0000fff60 sp=0xc0000fff58 pc=0x55f35330f1c0
runtime.gcBgMarkWorker(0xc000066a00)
	/usr/local/go/src/runtime/mgc.go:1890 +0x1c6 fp=0xc0000fffd8 sp=0xc0000fff60 pc=0x55f3532d3496
runtime.goexit()
	/usr/local/go/src/runtime/asm_amd64.s:1337 +0x1 fp=0xc0000fffe0 sp=0xc0000fffd8 pc=0x55f3533112c1
created by runtime.gcBgMarkStartWorkers
	/usr/local/go/src/runtime/mgc.go:1784 +0x79

goroutine 1 [select (scan), 4 minutes]:
runtime.gopark(0x55f3553c06e0, 0x0, 0x1809, 0x1)
	/usr/local/go/src/runtime/proc.go:301 +0xf5 fp=0xc00067b7b8 sp=0xc00067b798 pc=0x55f3532e5f35
runtime.selectgo(0xc00067b9a0, 0xc00067b920, 0x2, 0x1, 0xc00041aa00)
	/usr/local/go/src/runtime/select.go:313 +0xcbe fp=0xc00067b8e0 sp=0xc00067b7b8 pc=0x55f3532f513e
github.com/docker/cli/cli/command/container.(*hijackedIOStreamer).stream(0xc0005a20e0, 0x55f355445480, 0xc000164020, 0x0, 0x0)
	/go/src/github.com/docker/cli/cli/command/container/hijack.go:58 +0x3a6 fp=0xc00067baa0 sp=0xc00067b8e0 pc=0x55f353dbeb16
github.com/docker/cli/cli/command/container.runAttach(0x55f355487980, 0xc0002a80f0, 0xc000636510, 0x0, 0x0)
	/go/src/github.com/docker/cli/cli/command/container/attach.go:137 +0x5b8 fp=0xc00067bc30 sp=0xc00067baa0 pc=0x55f353db5548
github.com/docker/cli/cli/command/container.NewAttachCommand.func1(0xc000633180, 0xc000150350, 0x1, 0x1, 0x0, 0x0)
	/go/src/github.com/docker/cli/cli/command/container/attach.go:55 +0x69 fp=0xc00067bc68 sp=0xc00067bc30 pc=0x55f353dd8a49
github.com/docker/cli/vendor/github.com/spf13/cobra.(*Command).execute(0xc000633180, 0xc0002e3070, 0x1, 0x1, 0xc000633180, 0xc0002e3070)
	/go/src/github.com/docker/cli/vendor/github.com/spf13/cobra/command.go:762 +0x467 fp=0xc00067bd50 sp=0xc00067bc68 pc=0x55f353b8bba7
github.com/docker/cli/vendor/github.com/spf13/cobra.(*Command).ExecuteC(0xc00038cf00, 0xc0002e3060, 0x2, 0x2)
	/go/src/github.com/docker/cli/vendor/github.com/spf13/cobra/command.go:852 +0x2ee fp=0xc00067be20 sp=0xc00067bd50 pc=0x55f353b8c64e
github.com/docker/cli/vendor/github.com/spf13/cobra.(*Command).Execute(...)
	/go/src/github.com/docker/cli/vendor/github.com/spf13/cobra/command.go:800
main.runDocker(0xc0002a80f0, 0x55f3553efd80, 0xc000166010)
	/go/src/github.com/docker/cli/cmd/docker/docker.go:281 +0x1d5 fp=0xc00067bf08 sp=0xc00067be20 pc=0x55f354898c05
main.main()
	/go/src/github.com/docker/cli/cmd/docker/docker.go:292 +0xf3 fp=0xc00067bf98 sp=0xc00067bf08 pc=0x55f354898ef3
runtime.main()
	/usr/local/go/src/runtime/proc.go:200 +0x214 fp=0xc00067bfe0 sp=0xc00067bf98 pc=0x55f3532e5b34
runtime.goexit()
	/usr/local/go/src/runtime/asm_amd64.s:1337 +0x1 fp=0xc00067bfe8 sp=0xc00067bfe0 pc=0x55f3533112c1

goroutine 2 [force gc (idle)]:
runtime.gopark(0x55f3553c06a0, 0x55f356647900, 0x1410, 0x1)
	/usr/local/go/src/runtime/proc.go:301 +0xf5 fp=0xc000102fb0 sp=0xc000102f90 pc=0x55f3532e5f35
runtime.goparkunlock(...)
	/usr/local/go/src/runtime/proc.go:307
runtime.forcegchelper()
	/usr/local/go/src/runtime/proc.go:250 +0xbb fp=0xc000102fe0 sp=0xc000102fb0 pc=0x55f3532e5dcb
runtime.goexit()
	/usr/local/go/src/runtime/asm_amd64.s:1337 +0x1 fp=0xc000102fe8 sp=0xc000102fe0 pc=0x55f3533112c1
created by runtime.init.5
	/usr/local/go/src/runtime/proc.go:239 +0x37

goroutine 18 [GC sweep wait]:
runtime.gopark(0x55f3553c06a0, 0x55f356649e60, 0x140c, 0x1)
	/usr/local/go/src/runtime/proc.go:301 +0xf5 fp=0xc0000fe7a8 sp=0xc0000fe788 pc=0x55f3532e5f35
runtime.goparkunlock(...)
	/usr/local/go/src/runtime/proc.go:307
runtime.bgsweep(0xc000142000)
	/usr/local/go/src/runtime/mgcsweep.go:89 +0x138 fp=0xc0000fe7d8 sp=0xc0000fe7a8 pc=0x55f3532d8d58
runtime.goexit()
	/usr/local/go/src/runtime/asm_amd64.s:1337 +0x1 fp=0xc0000fe7e0 sp=0xc0000fe7d8 pc=0x55f3533112c1
created by runtime.gcenable
	/usr/local/go/src/runtime/mgc.go:208 +0x5a

goroutine 19 [finalizer wait, 4 minutes]:
runtime.gopark(0x55f3553c06a0, 0x55f356668770, 0xc00010140f, 0x1)
	/usr/local/go/src/runtime/proc.go:301 +0xf5 fp=0xc000102758 sp=0xc000102738 pc=0x55f3532e5f35
runtime.goparkunlock(...)
	/usr/local/go/src/runtime/proc.go:307
runtime.runfinq()
	/usr/local/go/src/runtime/mfinal.go:175 +0xaa fp=0xc0001027e0 sp=0xc000102758 pc=0x55f3532cf8ba
runtime.goexit()
	/usr/local/go/src/runtime/asm_amd64.s:1337 +0x1 fp=0xc0001027e8 sp=0xc0001027e0 pc=0x55f3533112c1
created by runtime.createfing
	/usr/local/go/src/runtime/mfinal.go:156 +0x63

goroutine 34 [syscall, 4 minutes]:
runtime.notetsleepg(0x55f356668fc0, 0xffffffffffffffff, 0xc0002e90e0)
	/usr/local/go/src/runtime/lock_futex.go:227 +0x38 fp=0xc0000fef98 sp=0xc0000fef68 pc=0x55f3532c1e28
os/signal.signal_recv(0x55f3533112c6)
	/usr/local/go/src/runtime/sigqueue.go:139 +0x9e fp=0xc0000fefc0 sp=0xc0000fef98 pc=0x55f3532f9d4e
os/signal.loop()
	/usr/local/go/src/os/signal/signal_unix.go:23 +0x24 fp=0xc0000fefe0 sp=0xc0000fefc0 pc=0x55f3537eb2e4
runtime.goexit()
	/usr/local/go/src/runtime/asm_amd64.s:1337 +0x1 fp=0xc0000fefe8 sp=0xc0000fefe0 pc=0x55f3533112c1
created by os/signal.init.0
	/usr/local/go/src/os/signal/signal_unix.go:29 +0x43

goroutine 35 [timer goroutine (idle), 4 minutes]:
runtime.gopark(0x55f3553c06a0, 0x55f35664fc00, 0x1414, 0x1)
	/usr/local/go/src/runtime/proc.go:301 +0xf5 fp=0xc000444760 sp=0xc000444740 pc=0x55f3532e5f35
runtime.goparkunlock(...)
	/usr/local/go/src/runtime/proc.go:307
runtime.timerproc(0x55f35664fc00)
	/usr/local/go/src/runtime/time.go:303 +0x277 fp=0xc0004447d8 sp=0xc000444760 pc=0x55f353302587
runtime.goexit()
	/usr/local/go/src/runtime/asm_amd64.s:1337 +0x1 fp=0xc0004447e0 sp=0xc0004447d8 pc=0x55f3533112c1
created by runtime.(*timersBucket).addtimerLocked
	/usr/local/go/src/runtime/time.go:169 +0x110

goroutine 36 [GC worker (idle)]:
runtime.systemstack_switch()
	/usr/local/go/src/runtime/asm_amd64.s:311 fp=0xc000444f60 sp=0xc000444f58 pc=0x55f35330f1c0
runtime.gcBgMarkWorker(0xc000062000)
	/usr/local/go/src/runtime/mgc.go:1890 +0x1c6 fp=0xc000444fd8 sp=0xc000444f60 pc=0x55f3532d3496
runtime.goexit()
	/usr/local/go/src/runtime/asm_amd64.s:1337 +0x1 fp=0xc000444fe0 sp=0xc000444fd8 pc=0x55f3533112c1
created by runtime.gcBgMarkStartWorkers
	/usr/local/go/src/runtime/mgc.go:1784 +0x79

goroutine 22 [GC worker (idle)]:
runtime.systemstack_switch()
	/usr/local/go/src/runtime/asm_amd64.s:311 fp=0xc0000ff760 sp=0xc0000ff758 pc=0x55f35330f1c0
runtime.gcBgMarkWorker(0xc000064500)
	/usr/local/go/src/runtime/mgc.go:1890 +0x1c6 fp=0xc0000ff7d8 sp=0xc0000ff760 pc=0x55f3532d3496
runtime.goexit()
	/usr/local/go/src/runtime/asm_amd64.s:1337 +0x1 fp=0xc0000ff7e0 sp=0xc0000ff7d8 pc=0x55f3533112c1
created by runtime.gcBgMarkStartWorkers
	/usr/local/go/src/runtime/mgc.go:1784 +0x79

goroutine 24 [GC worker (idle)]:
runtime.systemstack_switch()
	/usr/local/go/src/runtime/asm_amd64.s:311 fp=0xc000100760 sp=0xc000100758 pc=0x55f35330f1c0
runtime.gcBgMarkWorker(0xc000068f00)
	/usr/local/go/src/runtime/mgc.go:1890 +0x1c6 fp=0xc0001007d8 sp=0xc000100760 pc=0x55f3532d3496
runtime.goexit()
	/usr/local/go/src/runtime/asm_amd64.s:1337 +0x1 fp=0xc0001007e0 sp=0xc0001007d8 pc=0x55f3533112c1
created by runtime.gcBgMarkStartWorkers
	/usr/local/go/src/runtime/mgc.go:1784 +0x79

goroutine 37 [GC worker (idle), 4 minutes]:
runtime.gopark(0x55f3553c0538, 0xc0003a9670, 0x1417, 0x0)
	/usr/local/go/src/runtime/proc.go:301 +0xf5 fp=0xc000445760 sp=0xc000445740 pc=0x55f3532e5f35
runtime.gcBgMarkWorker(0xc00006b400)
	/usr/local/go/src/runtime/mgc.go:1836 +0x105 fp=0xc0004457d8 sp=0xc000445760 pc=0x55f3532d33d5
runtime.goexit()
	/usr/local/go/src/runtime/asm_amd64.s:1337 +0x1 fp=0xc0004457e0 sp=0xc0004457d8 pc=0x55f3533112c1
created by runtime.gcBgMarkStartWorkers
	/usr/local/go/src/runtime/mgc.go:1784 +0x79

goroutine 25 [GC worker (idle), 4 minutes]:
runtime.gopark(0x55f3553c0538, 0xc0003a9680, 0x1417, 0x0)
	/usr/local/go/src/runtime/proc.go:301 +0xf5 fp=0xc000100f60 sp=0xc000100f40 pc=0x55f3532e5f35
runtime.gcBgMarkWorker(0xc00006d900)
	/usr/local/go/src/runtime/mgc.go:1836 +0x105 fp=0xc000100fd8 sp=0xc000100f60 pc=0x55f3532d33d5
runtime.goexit()
	/usr/local/go/src/runtime/asm_amd64.s:1337 +0x1 fp=0xc000100fe0 sp=0xc000100fd8 pc=0x55f3533112c1
created by runtime.gcBgMarkStartWorkers
	/usr/local/go/src/runtime/mgc.go:1784 +0x79

goroutine 26 [GC worker (idle), 4 minutes]:
runtime.gopark(0x55f3553c0538, 0xc0003a9690, 0x1417, 0x0)
	/usr/local/go/src/runtime/proc.go:301 +0xf5 fp=0xc000101760 sp=0xc000101740 pc=0x55f3532e5f35
runtime.gcBgMarkWorker(0xc000070000)
	/usr/local/go/src/runtime/mgc.go:1836 +0x105 fp=0xc0001017d8 sp=0xc000101760 pc=0x55f3532d33d5
runtime.goexit()
	/usr/local/go/src/runtime/asm_amd64.s:1337 +0x1 fp=0xc0001017e0 sp=0xc0001017d8 pc=0x55f3533112c1
created by runtime.gcBgMarkStartWorkers
	/usr/local/go/src/runtime/mgc.go:1784 +0x79

goroutine 27 [GC worker (idle), 4 minutes]:
runtime.gopark(0x55f3553c0538, 0xc0003a96a0, 0x1417, 0x0)
	/usr/local/go/src/runtime/proc.go:301 +0xf5 fp=0xc000101f60 sp=0xc000101f40 pc=0x55f3532e5f35
runtime.gcBgMarkWorker(0xc000072500)
	/usr/local/go/src/runtime/mgc.go:1836 +0x105 fp=0xc000101fd8 sp=0xc000101f60 pc=0x55f3532d33d5
runtime.goexit()
	/usr/local/go/src/runtime/asm_amd64.s:1337 +0x1 fp=0xc000101fe0 sp=0xc000101fd8 pc=0x55f3533112c1
created by runtime.gcBgMarkStartWorkers
	/usr/local/go/src/runtime/mgc.go:1784 +0x79

goroutine 28 [GC worker (idle), 4 minutes]:
runtime.gopark(0x55f3553c0538, 0xc0003a96b0, 0x1417, 0x0)
	/usr/local/go/src/runtime/proc.go:301 +0xf5 fp=0xc000440760 sp=0xc000440740 pc=0x55f3532e5f35
runtime.gcBgMarkWorker(0xc000074a00)
	/usr/local/go/src/runtime/mgc.go:1836 +0x105 fp=0xc0004407d8 sp=0xc000440760 pc=0x55f3532d33d5
runtime.goexit()
	/usr/local/go/src/runtime/asm_amd64.s:1337 +0x1 fp=0xc0004407e0 sp=0xc0004407d8 pc=0x55f3533112c1
created by runtime.gcBgMarkStartWorkers
	/usr/local/go/src/runtime/mgc.go:1784 +0x79

goroutine 29 [GC worker (idle), 4 minutes]:
runtime.gopark(0x55f3553c0538, 0xc0003a96c0, 0x1417, 0x0)
	/usr/local/go/src/runtime/proc.go:301 +0xf5 fp=0xc000440f60 sp=0xc000440f40 pc=0x55f3532e5f35
runtime.gcBgMarkWorker(0xc000076f00)
	/usr/local/go/src/runtime/mgc.go:1836 +0x105 fp=0xc000440fd8 sp=0xc000440f60 pc=0x55f3532d33d5
runtime.goexit()
	/usr/local/go/src/runtime/asm_amd64.s:1337 +0x1 fp=0xc000440fe0 sp=0xc000440fd8 pc=0x55f3533112c1
created by runtime.gcBgMarkStartWorkers
	/usr/local/go/src/runtime/mgc.go:1784 +0x79

goroutine 30 [GC worker (idle), 4 minutes]:
runtime.gopark(0x55f3553c0538, 0xc0003a96d0, 0x1417, 0x0)
	/usr/local/go/src/runtime/proc.go:301 +0xf5 fp=0xc000441760 sp=0xc000441740 pc=0x55f3532e5f35
runtime.gcBgMarkWorker(0xc000079400)
	/usr/local/go/src/runtime/mgc.go:1836 +0x105 fp=0xc0004417d8 sp=0xc000441760 pc=0x55f3532d33d5
runtime.goexit()
	/usr/local/go/src/runtime/asm_amd64.s:1337 +0x1 fp=0xc0004417e0 sp=0xc0004417d8 pc=0x55f3533112c1
created by runtime.gcBgMarkStartWorkers
	/usr/local/go/src/runtime/mgc.go:1784 +0x79

goroutine 31 [GC worker (idle), 4 minutes]:
runtime.gopark(0x55f3553c0538, 0xc0003a96e0, 0x1417, 0x0)
	/usr/local/go/src/runtime/proc.go:301 +0xf5 fp=0xc000441f60 sp=0xc000441f40 pc=0x55f3532e5f35
runtime.gcBgMarkWorker(0xc00007b900)
	/usr/local/go/src/runtime/mgc.go:1836 +0x105 fp=0xc000441fd8 sp=0xc000441f60 pc=0x55f3532d33d5
runtime.goexit()
	/usr/local/go/src/runtime/asm_amd64.s:1337 +0x1 fp=0xc000441fe0 sp=0xc000441fd8 pc=0x55f3533112c1
created by runtime.gcBgMarkStartWorkers
	/usr/local/go/src/runtime/mgc.go:1784 +0x79

goroutine 32 [GC worker (idle), 4 minutes]:
runtime.gopark(0x55f3553c0538, 0xc0003a96f0, 0x1417, 0x0)
	/usr/local/go/src/runtime/proc.go:301 +0xf5 fp=0xc000442760 sp=0xc000442740 pc=0x55f3532e5f35
runtime.gcBgMarkWorker(0xc00007e000)
	/usr/local/go/src/runtime/mgc.go:1836 +0x105 fp=0xc0004427d8 sp=0xc000442760 pc=0x55f3532d33d5
runtime.goexit()
	/usr/local/go/src/runtime/asm_amd64.s:1337 +0x1 fp=0xc0004427e0 sp=0xc0004427d8 pc=0x55f3533112c1
created by runtime.gcBgMarkStartWorkers
	/usr/local/go/src/runtime/mgc.go:1784 +0x79

goroutine 33 [GC worker (idle), 4 minutes]:
runtime.gopark(0x55f3553c0538, 0xc0003a9700, 0x1417, 0x0)
	/usr/local/go/src/runtime/proc.go:301 +0xf5 fp=0xc000442f60 sp=0xc000442f40 pc=0x55f3532e5f35
runtime.gcBgMarkWorker(0xc000080500)
	/usr/local/go/src/runtime/mgc.go:1836 +0x105 fp=0xc000442fd8 sp=0xc000442f60 pc=0x55f3532d33d5
runtime.goexit()
	/usr/local/go/src/runtime/asm_amd64.s:1337 +0x1 fp=0xc000442fe0 sp=0xc000442fd8 pc=0x55f3533112c1
created by runtime.gcBgMarkStartWorkers
	/usr/local/go/src/runtime/mgc.go:1784 +0x79

goroutine 50 [GC worker (idle), 4 minutes]:
runtime.gopark(0x55f3553c0538, 0xc0003a9710, 0x1417, 0x0)
	/usr/local/go/src/runtime/proc.go:301 +0xf5 fp=0xc000443760 sp=0xc000443740 pc=0x55f3532e5f35
runtime.gcBgMarkWorker(0xc000082a00)
	/usr/local/go/src/runtime/mgc.go:1836 +0x105 fp=0xc0004437d8 sp=0xc000443760 pc=0x55f3532d33d5
runtime.goexit()
	/usr/local/go/src/runtime/asm_amd64.s:1337 +0x1 fp=0xc0004437e0 sp=0xc0004437d8 pc=0x55f3533112c1
created by runtime.gcBgMarkStartWorkers
	/usr/local/go/src/runtime/mgc.go:1784 +0x79

goroutine 51 [GC worker (idle), 4 minutes]:
runtime.gopark(0x55f3553c0538, 0xc0003a9720, 0x1417, 0x0)
	/usr/local/go/src/runtime/proc.go:301 +0xf5 fp=0xc000443f60 sp=0xc000443f40 pc=0x55f3532e5f35
runtime.gcBgMarkWorker(0xc000084f00)
	/usr/local/go/src/runtime/mgc.go:1836 +0x105 fp=0xc000443fd8 sp=0xc000443f60 pc=0x55f3532d33d5
runtime.goexit()
	/usr/local/go/src/runtime/asm_amd64.s:1337 +0x1 fp=0xc000443fe0 sp=0xc000443fd8 pc=0x55f3533112c1
created by runtime.gcBgMarkStartWorkers
	/usr/local/go/src/runtime/mgc.go:1784 +0x79

goroutine 38 [GC worker (idle), 4 minutes]:
runtime.gopark(0x55f3553c0538, 0xc0003a9730, 0x1417, 0x0)
	/usr/local/go/src/runtime/proc.go:301 +0xf5 fp=0xc000445f60 sp=0xc000445f40 pc=0x55f3532e5f35
runtime.gcBgMarkWorker(0xc000087400)
	/usr/local/go/src/runtime/mgc.go:1836 +0x105 fp=0xc000445fd8 sp=0xc000445f60 pc=0x55f3532d33d5
runtime.goexit()
	/usr/local/go/src/runtime/asm_amd64.s:1337 +0x1 fp=0xc000445fe0 sp=0xc000445fd8 pc=0x55f3533112c1
created by runtime.gcBgMarkStartWorkers
	/usr/local/go/src/runtime/mgc.go:1784 +0x79

goroutine 66 [GC worker (idle), 4 minutes]:
runtime.gopark(0x55f3553c0538, 0xc0004b8000, 0x1417, 0x0)
	/usr/local/go/src/runtime/proc.go:301 +0xf5 fp=0xc0004b4760 sp=0xc0004b4740 pc=0x55f3532e5f35
runtime.gcBgMarkWorker(0xc000089900)
	/usr/local/go/src/runtime/mgc.go:1836 +0x105 fp=0xc0004b47d8 sp=0xc0004b4760 pc=0x55f3532d33d5
runtime.goexit()
	/usr/local/go/src/runtime/asm_amd64.s:1337 +0x1 fp=0xc0004b47e0 sp=0xc0004b47d8 pc=0x55f3533112c1
created by runtime.gcBgMarkStartWorkers
	/usr/local/go/src/runtime/mgc.go:1784 +0x79

goroutine 67 [GC worker (idle), 4 minutes]:
runtime.gopark(0x55f3553c0538, 0xc0004b8010, 0x1417, 0x0)
	/usr/local/go/src/runtime/proc.go:301 +0xf5 fp=0xc0004b4f60 sp=0xc0004b4f40 pc=0x55f3532e5f35
runtime.gcBgMarkWorker(0xc00008c000)
	/usr/local/go/src/runtime/mgc.go:1836 +0x105 fp=0xc0004b4fd8 sp=0xc0004b4f60 pc=0x55f3532d33d5
runtime.goexit()
	/usr/local/go/src/runtime/asm_amd64.s:1337 +0x1 fp=0xc0004b4fe0 sp=0xc0004b4fd8 pc=0x55f3533112c1
created by runtime.gcBgMarkStartWorkers
	/usr/local/go/src/runtime/mgc.go:1784 +0x79

goroutine 68 [GC worker (idle), 4 minutes]:
runtime.gopark(0x55f3553c0538, 0xc0004b8020, 0x1417, 0x0)
	/usr/local/go/src/runtime/proc.go:301 +0xf5 fp=0xc0004b5760 sp=0xc0004b5740 pc=0x55f3532e5f35
runtime.gcBgMarkWorker(0xc00008e500)
	/usr/local/go/src/runtime/mgc.go:1836 +0x105 fp=0xc0004b57d8 sp=0xc0004b5760 pc=0x55f3532d33d5
runtime.goexit()
	/usr/local/go/src/runtime/asm_amd64.s:1337 +0x1 fp=0xc0004b57e0 sp=0xc0004b57d8 pc=0x55f3533112c1
created by runtime.gcBgMarkStartWorkers
	/usr/local/go/src/runtime/mgc.go:1784 +0x79

goroutine 69 [GC worker (idle), 4 minutes]:
runtime.gopark(0x55f3553c0538, 0xc000058090, 0x1417, 0x0)
	/usr/local/go/src/runtime/proc.go:301 +0xf5 fp=0xc0004b5f60 sp=0xc0004b5f40 pc=0x55f3532e5f35
runtime.gcBgMarkWorker(0xc000090a00)
	/usr/local/go/src/runtime/mgc.go:1836 +0x105 fp=0xc0004b5fd8 sp=0xc0004b5f60 pc=0x55f3532d33d5
runtime.goexit()
	/usr/local/go/src/runtime/asm_amd64.s:1337 +0x1 fp=0xc0004b5fe0 sp=0xc0004b5fd8 pc=0x55f3533112c1
created by runtime.gcBgMarkStartWorkers
	/usr/local/go/src/runtime/mgc.go:1784 +0x79

goroutine 39 [GC worker (idle), 4 minutes]:
runtime.gopark(0x55f3553c0538, 0xc000413400, 0x1417, 0x0)
	/usr/local/go/src/runtime/proc.go:301 +0xf5 fp=0xc000446760 sp=0xc000446740 pc=0x55f3532e5f35
runtime.gcBgMarkWorker(0xc000092f00)
	/usr/local/go/src/runtime/mgc.go:1836 +0x105 fp=0xc0004467d8 sp=0xc000446760 pc=0x55f3532d33d5
runtime.goexit()
	/usr/local/go/src/runtime/asm_amd64.s:1337 +0x1 fp=0xc0004467e0 sp=0xc0004467d8 pc=0x55f3533112c1
created by runtime.gcBgMarkStartWorkers
	/usr/local/go/src/runtime/mgc.go:1784 +0x79

goroutine 40 [GC worker (idle), 4 minutes]:
runtime.gopark(0x55f3553c0538, 0xc000413410, 0x1417, 0x0)
	/usr/local/go/src/runtime/proc.go:301 +0xf5 fp=0xc000446f60 sp=0xc000446f40 pc=0x55f3532e5f35
runtime.gcBgMarkWorker(0xc000095400)
	/usr/local/go/src/runtime/mgc.go:1836 +0x105 fp=0xc000446fd8 sp=0xc000446f60 pc=0x55f3532d33d5
runtime.goexit()
	/usr/local/go/src/runtime/asm_amd64.s:1337 +0x1 fp=0xc000446fe0 sp=0xc000446fd8 pc=0x55f3533112c1
created by runtime.gcBgMarkStartWorkers
	/usr/local/go/src/runtime/mgc.go:1784 +0x79

goroutine 41 [GC worker (idle), 4 minutes]:
runtime.gopark(0x55f3553c0538, 0xc0004b8030, 0x1417, 0x0)
	/usr/local/go/src/runtime/proc.go:301 +0xf5 fp=0xc000447760 sp=0xc000447740 pc=0x55f3532e5f35
runtime.gcBgMarkWorker(0xc000097900)
	/usr/local/go/src/runtime/mgc.go:1836 +0x105 fp=0xc0004477d8 sp=0xc000447760 pc=0x55f3532d33d5
runtime.goexit()
	/usr/local/go/src/runtime/asm_amd64.s:1337 +0x1 fp=0xc0004477e0 sp=0xc0004477d8 pc=0x55f3533112c1
created by runtime.gcBgMarkStartWorkers
	/usr/local/go/src/runtime/mgc.go:1784 +0x79

goroutine 70 [GC worker (idle), 4 minutes]:
runtime.gopark(0x55f3553c0538, 0xc0004b8040, 0x1417, 0x0)
	/usr/local/go/src/runtime/proc.go:301 +0xf5 fp=0xc0004b6760 sp=0xc0004b6740 pc=0x55f3532e5f35
runtime.gcBgMarkWorker(0xc00009a000)
	/usr/local/go/src/runtime/mgc.go:1836 +0x105 fp=0xc0004b67d8 sp=0xc0004b6760 pc=0x55f3532d33d5
runtime.goexit()
	/usr/local/go/src/runtime/asm_amd64.s:1337 +0x1 fp=0xc0004b67e0 sp=0xc0004b67d8 pc=0x55f3533112c1
created by runtime.gcBgMarkStartWorkers
	/usr/local/go/src/runtime/mgc.go:1784 +0x79

goroutine 3 [GC worker (idle), 4 minutes]:
runtime.gopark(0x55f3553c0538, 0xc0000580a0, 0x1417, 0x0)
	/usr/local/go/src/runtime/proc.go:301 +0xf5 fp=0xc000103760 sp=0xc000103740 pc=0x55f3532e5f35
runtime.gcBgMarkWorker(0xc00009c500)
	/usr/local/go/src/runtime/mgc.go:1836 +0x105 fp=0xc0001037d8 sp=0xc000103760 pc=0x55f3532d33d5
runtime.goexit()
	/usr/local/go/src/runtime/asm_amd64.s:1337 +0x1 fp=0xc0001037e0 sp=0xc0001037d8 pc=0x55f3533112c1
created by runtime.gcBgMarkStartWorkers
	/usr/local/go/src/runtime/mgc.go:1784 +0x79

goroutine 71 [GC worker (idle), 4 minutes]:
runtime.gopark(0x55f3553c0538, 0xc0004b8050, 0x1417, 0x0)
	/usr/local/go/src/runtime/proc.go:301 +0xf5 fp=0xc0004b6f60 sp=0xc0004b6f40 pc=0x55f3532e5f35
runtime.gcBgMarkWorker(0xc00009ea00)
	/usr/local/go/src/runtime/mgc.go:1836 +0x105 fp=0xc0004b6fd8 sp=0xc0004b6f60 pc=0x55f3532d33d5
runtime.goexit()
	/usr/local/go/src/runtime/asm_amd64.s:1337 +0x1 fp=0xc0004b6fe0 sp=0xc0004b6fd8 pc=0x55f3533112c1
created by runtime.gcBgMarkStartWorkers
	/usr/local/go/src/runtime/mgc.go:1784 +0x79

goroutine 4 [GC worker (idle), 4 minutes]:
runtime.gopark(0x55f3553c0538, 0xc0000580b0, 0x1417, 0x0)
	/usr/local/go/src/runtime/proc.go:301 +0xf5 fp=0xc000103f60 sp=0xc000103f40 pc=0x55f3532e5f35
runtime.gcBgMarkWorker(0xc0000a0f00)
	/usr/local/go/src/runtime/mgc.go:1836 +0x105 fp=0xc000103fd8 sp=0xc000103f60 pc=0x55f3532d33d5
runtime.goexit()
	/usr/local/go/src/runtime/asm_amd64.s:1337 +0x1 fp=0xc000103fe0 sp=0xc000103fd8 pc=0x55f3533112c1
created by runtime.gcBgMarkStartWorkers
	/usr/local/go/src/runtime/mgc.go:1784 +0x79

goroutine 72 [GC worker (idle), 4 minutes]:
runtime.gopark(0x55f3553c0538, 0xc0004b8060, 0x1417, 0x0)
	/usr/local/go/src/runtime/proc.go:301 +0xf5 fp=0xc0004b7760 sp=0xc0004b7740 pc=0x55f3532e5f35
runtime.gcBgMarkWorker(0xc0000a3400)
	/usr/local/go/src/runtime/mgc.go:1836 +0x105 fp=0xc0004b77d8 sp=0xc0004b7760 pc=0x55f3532d33d5
runtime.goexit()
	/usr/local/go/src/runtime/asm_amd64.s:1337 +0x1 fp=0xc0004b77e0 sp=0xc0004b77d8 pc=0x55f3533112c1
created by runtime.gcBgMarkStartWorkers
	/usr/local/go/src/runtime/mgc.go:1784 +0x79

goroutine 73 [GC worker (idle), 4 minutes]:
runtime.gopark(0x55f3553c0538, 0xc0004b8070, 0x1417, 0x0)
	/usr/local/go/src/runtime/proc.go:301 +0xf5 fp=0xc0004b7f60 sp=0xc0004b7f40 pc=0x55f3532e5f35
runtime.gcBgMarkWorker(0xc0000a5900)
	/usr/local/go/src/runtime/mgc.go:1836 +0x105 fp=0xc0004b7fd8 sp=0xc0004b7f60 pc=0x55f3532d33d5
runtime.goexit()
	/usr/local/go/src/runtime/asm_amd64.s:1337 +0x1 fp=0xc0004b7fe0 sp=0xc0004b7fd8 pc=0x55f3533112c1
created by runtime.gcBgMarkStartWorkers
	/usr/local/go/src/runtime/mgc.go:1784 +0x79

goroutine 5 [GC worker (idle), 4 minutes]:
runtime.gopark(0x55f3553c0538, 0xc0000580c0, 0x1417, 0x0)
	/usr/local/go/src/runtime/proc.go:301 +0xf5 fp=0xc000104760 sp=0xc000104740 pc=0x55f3532e5f35
runtime.gcBgMarkWorker(0xc0000a8000)
	/usr/local/go/src/runtime/mgc.go:1836 +0x105 fp=0xc0001047d8 sp=0xc000104760 pc=0x55f3532d33d5
runtime.goexit()
	/usr/local/go/src/runtime/asm_amd64.s:1337 +0x1 fp=0xc0001047e0 sp=0xc0001047d8 pc=0x55f3533112c1
created by runtime.gcBgMarkStartWorkers
	/usr/local/go/src/runtime/mgc.go:1784 +0x79

goroutine 74 [GC worker (idle), 4 minutes]:
runtime.gopark(0x55f3553c0538, 0xc0004b8080, 0x1417, 0x0)
	/usr/local/go/src/runtime/proc.go:301 +0xf5 fp=0xc0004b0760 sp=0xc0004b0740 pc=0x55f3532e5f35
runtime.gcBgMarkWorker(0xc0000aa500)
	/usr/local/go/src/runtime/mgc.go:1836 +0x105 fp=0xc0004b07d8 sp=0xc0004b0760 pc=0x55f3532d33d5
runtime.goexit()
	/usr/local/go/src/runtime/asm_amd64.s:1337 +0x1 fp=0xc0004b07e0 sp=0xc0004b07d8 pc=0x55f3533112c1
created by runtime.gcBgMarkStartWorkers
	/usr/local/go/src/runtime/mgc.go:1784 +0x79

goroutine 6 [GC worker (idle), 4 minutes]:
runtime.gopark(0x55f3553c0538, 0xc0000580d0, 0x1417, 0x0)
	/usr/local/go/src/runtime/proc.go:301 +0xf5 fp=0xc000104f60 sp=0xc000104f40 pc=0x55f3532e5f35
runtime.gcBgMarkWorker(0xc0000aca00)
	/usr/local/go/src/runtime/mgc.go:1836 +0x105 fp=0xc000104fd8 sp=0xc000104f60 pc=0x55f3532d33d5
runtime.goexit()
	/usr/local/go/src/runtime/asm_amd64.s:1337 +0x1 fp=0xc000104fe0 sp=0xc000104fd8 pc=0x55f3533112c1
created by runtime.gcBgMarkStartWorkers
	/usr/local/go/src/runtime/mgc.go:1784 +0x79

goroutine 7 [GC worker (idle), 4 minutes]:
runtime.gopark(0x55f3553c0538, 0xc0000580e0, 0x1417, 0x0)
	/usr/local/go/src/runtime/proc.go:301 +0xf5 fp=0xc000105760 sp=0xc000105740 pc=0x55f3532e5f35
runtime.gcBgMarkWorker(0xc0000aef00)
	/usr/local/go/src/runtime/mgc.go:1836 +0x105 fp=0xc0001057d8 sp=0xc000105760 pc=0x55f3532d33d5
runtime.goexit()
	/usr/local/go/src/runtime/asm_amd64.s:1337 +0x1 fp=0xc0001057e0 sp=0xc0001057d8 pc=0x55f3533112c1
created by runtime.gcBgMarkStartWorkers
	/usr/local/go/src/runtime/mgc.go:1784 +0x79

goroutine 75 [GC worker (idle), 4 minutes]:
runtime.gopark(0x55f3553c0538, 0xc0004b8090, 0x1417, 0x0)
	/usr/local/go/src/runtime/proc.go:301 +0xf5 fp=0xc0004b0f60 sp=0xc0004b0f40 pc=0x55f3532e5f35
runtime.gcBgMarkWorker(0xc0000b1400)
	/usr/local/go/src/runtime/mgc.go:1836 +0x105 fp=0xc0004b0fd8 sp=0xc0004b0f60 pc=0x55f3532d33d5
runtime.goexit()
	/usr/local/go/src/runtime/asm_amd64.s:1337 +0x1 fp=0xc0004b0fe0 sp=0xc0004b0fd8 pc=0x55f3533112c1
created by runtime.gcBgMarkStartWorkers
	/usr/local/go/src/runtime/mgc.go:1784 +0x79

goroutine 76 [GC worker (idle), 4 minutes]:
runtime.gopark(0x55f3553c0538, 0xc0004b80a0, 0x1417, 0x0)
	/usr/local/go/src/runtime/proc.go:301 +0xf5 fp=0xc0004b1760 sp=0xc0004b1740 pc=0x55f3532e5f35
runtime.gcBgMarkWorker(0xc0000b3900)
	/usr/local/go/src/runtime/mgc.go:1836 +0x105 fp=0xc0004b17d8 sp=0xc0004b1760 pc=0x55f3532d33d5
runtime.goexit()
	/usr/local/go/src/runtime/asm_amd64.s:1337 +0x1 fp=0xc0004b17e0 sp=0xc0004b17d8 pc=0x55f3533112c1
created by runtime.gcBgMarkStartWorkers
	/usr/local/go/src/runtime/mgc.go:1784 +0x79

goroutine 8 [GC worker (idle), 4 minutes]:
runtime.gopark(0x55f3553c0538, 0xc0000580f0, 0x1417, 0x0)
	/usr/local/go/src/runtime/proc.go:301 +0xf5 fp=0xc000105f60 sp=0xc000105f40 pc=0x55f3532e5f35
runtime.gcBgMarkWorker(0xc0000b6000)
	/usr/local/go/src/runtime/mgc.go:1836 +0x105 fp=0xc000105fd8 sp=0xc000105f60 pc=0x55f3532d33d5
runtime.goexit()
	/usr/local/go/src/runtime/asm_amd64.s:1337 +0x1 fp=0xc000105fe0 sp=0xc000105fd8 pc=0x55f3533112c1
created by runtime.gcBgMarkStartWorkers
	/usr/local/go/src/runtime/mgc.go:1784 +0x79

goroutine 77 [GC worker (idle), 4 minutes]:
runtime.gopark(0x55f3553c0538, 0xc0004b80b0, 0x1417, 0x0)
	/usr/local/go/src/runtime/proc.go:301 +0xf5 fp=0xc0004b1f60 sp=0xc0004b1f40 pc=0x55f3532e5f35
runtime.gcBgMarkWorker(0xc0000b8500)
	/usr/local/go/src/runtime/mgc.go:1836 +0x105 fp=0xc0004b1fd8 sp=0xc0004b1f60 pc=0x55f3532d33d5
runtime.goexit()
	/usr/local/go/src/runtime/asm_amd64.s:1337 +0x1 fp=0xc0004b1fe0 sp=0xc0004b1fd8 pc=0x55f3533112c1
created by runtime.gcBgMarkStartWorkers
	/usr/local/go/src/runtime/mgc.go:1784 +0x79

goroutine 9 [GC worker (idle), 4 minutes]:
runtime.gopark(0x55f3553c0538, 0xc000058100, 0x1417, 0x0)
	/usr/local/go/src/runtime/proc.go:301 +0xf5 fp=0xc0004be760 sp=0xc0004be740 pc=0x55f3532e5f35
runtime.gcBgMarkWorker(0xc0000baa00)
	/usr/local/go/src/runtime/mgc.go:1836 +0x105 fp=0xc0004be7d8 sp=0xc0004be760 pc=0x55f3532d33d5
runtime.goexit()
	/usr/local/go/src/runtime/asm_amd64.s:1337 +0x1 fp=0xc0004be7e0 sp=0xc0004be7d8 pc=0x55f3533112c1
created by runtime.gcBgMarkStartWorkers
	/usr/local/go/src/runtime/mgc.go:1784 +0x79

goroutine 10 [GC worker (idle), 4 minutes]:
runtime.gopark(0x55f3553c0538, 0xc0004b80c0, 0x1417, 0x0)
	/usr/local/go/src/runtime/proc.go:301 +0xf5 fp=0xc0004bef60 sp=0xc0004bef40 pc=0x55f3532e5f35
runtime.gcBgMarkWorker(0xc0000bcf00)
	/usr/local/go/src/runtime/mgc.go:1836 +0x105 fp=0xc0004befd8 sp=0xc0004bef60 pc=0x55f3532d33d5
runtime.goexit()
	/usr/local/go/src/runtime/asm_amd64.s:1337 +0x1 fp=0xc0004befe0 sp=0xc0004befd8 pc=0x55f3533112c1
created by runtime.gcBgMarkStartWorkers
	/usr/local/go/src/runtime/mgc.go:1784 +0x79

goroutine 11 [GC worker (idle), 4 minutes]:
runtime.gopark(0x55f3553c0538, 0xc000413420, 0x1417, 0x0)
	/usr/local/go/src/runtime/proc.go:301 +0xf5 fp=0xc0004bf760 sp=0xc0004bf740 pc=0x55f3532e5f35
runtime.gcBgMarkWorker(0xc0000bf400)
	/usr/local/go/src/runtime/mgc.go:1836 +0x105 fp=0xc0004bf7d8 sp=0xc0004bf760 pc=0x55f3532d33d5
runtime.goexit()
	/usr/local/go/src/runtime/asm_amd64.s:1337 +0x1 fp=0xc0004bf7e0 sp=0xc0004bf7d8 pc=0x55f3533112c1
created by runtime.gcBgMarkStartWorkers
	/usr/local/go/src/runtime/mgc.go:1784 +0x79

goroutine 12 [GC worker (idle), 4 minutes]:
runtime.gopark(0x55f3553c0538, 0xc000058110, 0x1417, 0x0)
	/usr/local/go/src/runtime/proc.go:301 +0xf5 fp=0xc0004bff60 sp=0xc0004bff40 pc=0x55f3532e5f35
runtime.gcBgMarkWorker(0xc0000c1900)
	/usr/local/go/src/runtime/mgc.go:1836 +0x105 fp=0xc0004bffd8 sp=0xc0004bff60 pc=0x55f3532d33d5
runtime.goexit()
	/usr/local/go/src/runtime/asm_amd64.s:1337 +0x1 fp=0xc0004bffe0 sp=0xc0004bffd8 pc=0x55f3533112c1
created by runtime.gcBgMarkStartWorkers
	/usr/local/go/src/runtime/mgc.go:1784 +0x79

goroutine 78 [GC worker (idle), 4 minutes]:
runtime.gopark(0x55f3553c0538, 0xc0004b80d0, 0x1417, 0x0)
	/usr/local/go/src/runtime/proc.go:301 +0xf5 fp=0xc0004b2760 sp=0xc0004b2740 pc=0x55f3532e5f35
runtime.gcBgMarkWorker(0xc0000c4000)
	/usr/local/go/src/runtime/mgc.go:1836 +0x105 fp=0xc0004b27d8 sp=0xc0004b2760 pc=0x55f3532d33d5
runtime.goexit()
	/usr/local/go/src/runtime/asm_amd64.s:1337 +0x1 fp=0xc0004b27e0 sp=0xc0004b27d8 pc=0x55f3533112c1
created by runtime.gcBgMarkStartWorkers
	/usr/local/go/src/runtime/mgc.go:1784 +0x79

goroutine 13 [GC worker (idle), 4 minutes]:
runtime.gopark(0x55f3553c0538, 0xc000058120, 0x1417, 0x0)
	/usr/local/go/src/runtime/proc.go:301 +0xf5 fp=0xc0004c0760 sp=0xc0004c0740 pc=0x55f3532e5f35
runtime.gcBgMarkWorker(0xc0000c6500)
	/usr/local/go/src/runtime/mgc.go:1836 +0x105 fp=0xc0004c07d8 sp=0xc0004c0760 pc=0x55f3532d33d5
runtime.goexit()
	/usr/local/go/src/runtime/asm_amd64.s:1337 +0x1 fp=0xc0004c07e0 sp=0xc0004c07d8 pc=0x55f3533112c1
created by runtime.gcBgMarkStartWorkers
	/usr/local/go/src/runtime/mgc.go:1784 +0x79

goroutine 79 [GC worker (idle), 4 minutes]:
runtime.gopark(0x55f3553c0538, 0xc0004b80e0, 0x1417, 0x0)
	/usr/local/go/src/runtime/proc.go:301 +0xf5 fp=0xc0004b2f60 sp=0xc0004b2f40 pc=0x55f3532e5f35
runtime.gcBgMarkWorker(0xc0000c8a00)
	/usr/local/go/src/runtime/mgc.go:1836 +0x105 fp=0xc0004b2fd8 sp=0xc0004b2f60 pc=0x55f3532d33d5
runtime.goexit()
	/usr/local/go/src/runtime/asm_amd64.s:1337 +0x1 fp=0xc0004b2fe0 sp=0xc0004b2fd8 pc=0x55f3533112c1
created by runtime.gcBgMarkStartWorkers
	/usr/local/go/src/runtime/mgc.go:1784 +0x79

goroutine 14 [GC worker (idle), 4 minutes]:
runtime.gopark(0x55f3553c0538, 0xc000058130, 0x1417, 0x0)
	/usr/local/go/src/runtime/proc.go:301 +0xf5 fp=0xc0004c0f60 sp=0xc0004c0f40 pc=0x55f3532e5f35
runtime.gcBgMarkWorker(0xc0000caf00)
	/usr/local/go/src/runtime/mgc.go:1836 +0x105 fp=0xc0004c0fd8 sp=0xc0004c0f60 pc=0x55f3532d33d5
runtime.goexit()
	/usr/local/go/src/runtime/asm_amd64.s:1337 +0x1 fp=0xc0004c0fe0 sp=0xc0004c0fd8 pc=0x55f3533112c1
created by runtime.gcBgMarkStartWorkers
	/usr/local/go/src/runtime/mgc.go:1784 +0x79

goroutine 80 [GC worker (idle), 4 minutes]:
runtime.gopark(0x55f3553c0538, 0xc0004b80f0, 0x1417, 0x0)
	/usr/local/go/src/runtime/proc.go:301 +0xf5 fp=0xc0004b3760 sp=0xc0004b3740 pc=0x55f3532e5f35
runtime.gcBgMarkWorker(0xc0000cd400)
	/usr/local/go/src/runtime/mgc.go:1836 +0x105 fp=0xc0004b37d8 sp=0xc0004b3760 pc=0x55f3532d33d5
runtime.goexit()
	/usr/local/go/src/runtime/asm_amd64.s:1337 +0x1 fp=0xc0004b37e0 sp=0xc0004b37d8 pc=0x55f3533112c1
created by runtime.gcBgMarkStartWorkers
	/usr/local/go/src/runtime/mgc.go:1784 +0x79

goroutine 15 [GC worker (idle), 4 minutes]:
runtime.gopark(0x55f3553c0538, 0xc000058140, 0x1417, 0x0)
	/usr/local/go/src/runtime/proc.go:301 +0xf5 fp=0xc0004c1760 sp=0xc0004c1740 pc=0x55f3532e5f35
runtime.gcBgMarkWorker(0xc0000cf900)
	/usr/local/go/src/runtime/mgc.go:1836 +0x105 fp=0xc0004c17d8 sp=0xc0004c1760 pc=0x55f3532d33d5
runtime.goexit()
	/usr/local/go/src/runtime/asm_amd64.s:1337 +0x1 fp=0xc0004c17e0 sp=0xc0004c17d8 pc=0x55f3533112c1
created by runtime.gcBgMarkStartWorkers
	/usr/local/go/src/runtime/mgc.go:1784 +0x79

goroutine 16 [GC worker (idle), 4 minutes]:
runtime.gopark(0x55f3553c0538, 0xc0004b8100, 0x1417, 0x0)
	/usr/local/go/src/runtime/proc.go:301 +0xf5 fp=0xc0004c1f60 sp=0xc0004c1f40 pc=0x55f3532e5f35
runtime.gcBgMarkWorker(0xc0000d2000)
	/usr/local/go/src/runtime/mgc.go:1836 +0x105 fp=0xc0004c1fd8 sp=0xc0004c1f60 pc=0x55f3532d33d5
runtime.goexit()
	/usr/local/go/src/runtime/asm_amd64.s:1337 +0x1 fp=0xc0004c1fe0 sp=0xc0004c1fd8 pc=0x55f3533112c1
created by runtime.gcBgMarkStartWorkers
	/usr/local/go/src/runtime/mgc.go:1784 +0x79

goroutine 82 [GC worker (idle), 4 minutes]:
runtime.gopark(0x55f3553c0538, 0xc0004b8110, 0x1417, 0x0)
	/usr/local/go/src/runtime/proc.go:301 +0xf5 fp=0xc0004ba760 sp=0xc0004ba740 pc=0x55f3532e5f35
runtime.gcBgMarkWorker(0xc0000d4500)
	/usr/local/go/src/runtime/mgc.go:1836 +0x105 fp=0xc0004ba7d8 sp=0xc0004ba760 pc=0x55f3532d33d5
runtime.goexit()
	/usr/local/go/src/runtime/asm_amd64.s:1337 +0x1 fp=0xc0004ba7e0 sp=0xc0004ba7d8 pc=0x55f3533112c1
created by runtime.gcBgMarkStartWorkers
	/usr/local/go/src/runtime/mgc.go:1784 +0x79

goroutine 42 [GC worker (idle), 4 minutes]:
runtime.gopark(0x55f3553c0538, 0xc0004b8120, 0x1417, 0x0)
	/usr/local/go/src/runtime/proc.go:301 +0xf5 fp=0xc000447f60 sp=0xc000447f40 pc=0x55f3532e5f35
runtime.gcBgMarkWorker(0xc0000d6a00)
	/usr/local/go/src/runtime/mgc.go:1836 +0x105 fp=0xc000447fd8 sp=0xc000447f60 pc=0x55f3532d33d5
runtime.goexit()
	/usr/local/go/src/runtime/asm_amd64.s:1337 +0x1 fp=0xc000447fe0 sp=0xc000447fd8 pc=0x55f3533112c1
created by runtime.gcBgMarkStartWorkers
	/usr/local/go/src/runtime/mgc.go:1784 +0x79

goroutine 52 [GC worker (idle), 4 minutes]:
runtime.gopark(0x55f3553c0538, 0xc000413430, 0x1417, 0x0)
	/usr/local/go/src/runtime/proc.go:301 +0xf5 fp=0xc0004c8760 sp=0xc0004c8740 pc=0x55f3532e5f35
runtime.gcBgMarkWorker(0xc0000d8f00)
	/usr/local/go/src/runtime/mgc.go:1836 +0x105 fp=0xc0004c87d8 sp=0xc0004c8760 pc=0x55f3532d33d5
runtime.goexit()
	/usr/local/go/src/runtime/asm_amd64.s:1337 +0x1 fp=0xc0004c87e0 sp=0xc0004c87d8 pc=0x55f3533112c1
created by runtime.gcBgMarkStartWorkers
	/usr/local/go/src/runtime/mgc.go:1784 +0x79

goroutine 43 [GC worker (idle), 4 minutes]:
runtime.gopark(0x55f3553c0538, 0xc0003a9740, 0x1417, 0x0)
	/usr/local/go/src/runtime/proc.go:301 +0xf5 fp=0xc0004c4760 sp=0xc0004c4740 pc=0x55f3532e5f35
runtime.gcBgMarkWorker(0xc0000db400)
	/usr/local/go/src/runtime/mgc.go:1836 +0x105 fp=0xc0004c47d8 sp=0xc0004c4760 pc=0x55f3532d33d5
runtime.goexit()
	/usr/local/go/src/runtime/asm_amd64.s:1337 +0x1 fp=0xc0004c47e0 sp=0xc0004c47d8 pc=0x55f3533112c1
created by runtime.gcBgMarkStartWorkers
	/usr/local/go/src/runtime/mgc.go:1784 +0x79

goroutine 81 [GC worker (idle), 4 minutes]:
runtime.gopark(0x55f3553c0538, 0xc0003a9750, 0x1417, 0x0)
	/usr/local/go/src/runtime/proc.go:301 +0xf5 fp=0xc0004b3f60 sp=0xc0004b3f40 pc=0x55f3532e5f35
runtime.gcBgMarkWorker(0xc0000dd900)
	/usr/local/go/src/runtime/mgc.go:1836 +0x105 fp=0xc0004b3fd8 sp=0xc0004b3f60 pc=0x55f3532d33d5
runtime.goexit()
	/usr/local/go/src/runtime/asm_amd64.s:1337 +0x1 fp=0xc0004b3fe0 sp=0xc0004b3fd8 pc=0x55f3533112c1
created by runtime.gcBgMarkStartWorkers
	/usr/local/go/src/runtime/mgc.go:1784 +0x79

goroutine 98 [GC worker (idle), 4 minutes]:
runtime.gopark(0x55f3553c0538, 0xc0004b8130, 0x1417, 0x0)
	/usr/local/go/src/runtime/proc.go:301 +0xf5 fp=0xc0004d8760 sp=0xc0004d8740 pc=0x55f3532e5f35
runtime.gcBgMarkWorker(0xc0000e0000)
	/usr/local/go/src/runtime/mgc.go:1836 +0x105 fp=0xc0004d87d8 sp=0xc0004d8760 pc=0x55f3532d33d5
runtime.goexit()
	/usr/local/go/src/runtime/asm_amd64.s:1337 +0x1 fp=0xc0004d87e0 sp=0xc0004d87d8 pc=0x55f3533112c1
created by runtime.gcBgMarkStartWorkers
	/usr/local/go/src/runtime/mgc.go:1784 +0x79

goroutine 99 [GC worker (idle), 4 minutes]:
runtime.gopark(0x55f3553c0538, 0xc0004b8140, 0x1417, 0x0)
	/usr/local/go/src/runtime/proc.go:301 +0xf5 fp=0xc0004d8f60 sp=0xc0004d8f40 pc=0x55f3532e5f35
runtime.gcBgMarkWorker(0xc0000e2500)
	/usr/local/go/src/runtime/mgc.go:1836 +0x105 fp=0xc0004d8fd8 sp=0xc0004d8f60 pc=0x55f3532d33d5
runtime.goexit()
	/usr/local/go/src/runtime/asm_amd64.s:1337 +0x1 fp=0xc0004d8fe0 sp=0xc0004d8fd8 pc=0x55f3533112c1
created by runtime.gcBgMarkStartWorkers
	/usr/local/go/src/runtime/mgc.go:1784 +0x79

goroutine 100 [GC worker (idle), 4 minutes]:
runtime.gopark(0x55f3553c0538, 0xc0004b8150, 0x1417, 0x0)
	/usr/local/go/src/runtime/proc.go:301 +0xf5 fp=0xc0004d9760 sp=0xc0004d9740 pc=0x55f3532e5f35
runtime.gcBgMarkWorker(0xc0000e4a00)
	/usr/local/go/src/runtime/mgc.go:1836 +0x105 fp=0xc0004d97d8 sp=0xc0004d9760 pc=0x55f3532d33d5
runtime.goexit()
	/usr/local/go/src/runtime/asm_amd64.s:1337 +0x1 fp=0xc0004d97e0 sp=0xc0004d97d8 pc=0x55f3533112c1
created by runtime.gcBgMarkStartWorkers
	/usr/local/go/src/runtime/mgc.go:1784 +0x79

goroutine 101 [GC worker (idle), 4 minutes]:
runtime.gopark(0x55f3553c0538, 0xc0004b8160, 0x1417, 0x0)
	/usr/local/go/src/runtime/proc.go:301 +0xf5 fp=0xc0004d9f60 sp=0xc0004d9f40 pc=0x55f3532e5f35
runtime.gcBgMarkWorker(0xc0000e6f00)
	/usr/local/go/src/runtime/mgc.go:1836 +0x105 fp=0xc0004d9fd8 sp=0xc0004d9f60 pc=0x55f3532d33d5
runtime.goexit()
	/usr/local/go/src/runtime/asm_amd64.s:1337 +0x1 fp=0xc0004d9fe0 sp=0xc0004d9fd8 pc=0x55f3533112c1
created by runtime.gcBgMarkStartWorkers
	/usr/local/go/src/runtime/mgc.go:1784 +0x79

goroutine 102 [GC worker (idle), 4 minutes]:
runtime.gopark(0x55f3553c0538, 0xc0004b8170, 0x1417, 0x0)
	/usr/local/go/src/runtime/proc.go:301 +0xf5 fp=0xc0004da760 sp=0xc0004da740 pc=0x55f3532e5f35
runtime.gcBgMarkWorker(0xc0000e9400)
	/usr/local/go/src/runtime/mgc.go:1836 +0x105 fp=0xc0004da7d8 sp=0xc0004da760 pc=0x55f3532d33d5
runtime.goexit()
	/usr/local/go/src/runtime/asm_amd64.s:1337 +0x1 fp=0xc0004da7e0 sp=0xc0004da7d8 pc=0x55f3533112c1
created by runtime.gcBgMarkStartWorkers
	/usr/local/go/src/runtime/mgc.go:1784 +0x79

goroutine 103 [GC worker (idle), 4 minutes]:
runtime.gopark(0x55f3553c0538, 0xc0004b8180, 0x1417, 0x0)
	/usr/local/go/src/runtime/proc.go:301 +0xf5 fp=0xc0004daf60 sp=0xc0004daf40 pc=0x55f3532e5f35
runtime.gcBgMarkWorker(0xc0000eb900)
	/usr/local/go/src/runtime/mgc.go:1836 +0x105 fp=0xc0004dafd8 sp=0xc0004daf60 pc=0x55f3532d33d5
runtime.goexit()
	/usr/local/go/src/runtime/asm_amd64.s:1337 +0x1 fp=0xc0004dafe0 sp=0xc0004dafd8 pc=0x55f3533112c1
created by runtime.gcBgMarkStartWorkers
	/usr/local/go/src/runtime/mgc.go:1784 +0x79

goroutine 104 [GC worker (idle), 4 minutes]:
runtime.gopark(0x55f3553c0538, 0xc0004b8190, 0x1417, 0x0)
	/usr/local/go/src/runtime/proc.go:301 +0xf5 fp=0xc0004db760 sp=0xc0004db740 pc=0x55f3532e5f35
runtime.gcBgMarkWorker(0xc0000ee000)
	/usr/local/go/src/runtime/mgc.go:1836 +0x105 fp=0xc0004db7d8 sp=0xc0004db760 pc=0x55f3532d33d5
runtime.goexit()
	/usr/local/go/src/runtime/asm_amd64.s:1337 +0x1 fp=0xc0004db7e0 sp=0xc0004db7d8 pc=0x55f3533112c1
created by runtime.gcBgMarkStartWorkers
	/usr/local/go/src/runtime/mgc.go:1784 +0x79

goroutine 105 [GC worker (idle), 4 minutes]:
runtime.gopark(0x55f3553c0538, 0xc0004b81a0, 0x1417, 0x0)
	/usr/local/go/src/runtime/proc.go:301 +0xf5 fp=0xc0004dbf60 sp=0xc0004dbf40 pc=0x55f3532e5f35
runtime.gcBgMarkWorker(0xc0000f0500)
	/usr/local/go/src/runtime/mgc.go:1836 +0x105 fp=0xc0004dbfd8 sp=0xc0004dbf60 pc=0x55f3532d33d5
runtime.goexit()
	/usr/local/go/src/runtime/asm_amd64.s:1337 +0x1 fp=0xc0004dbfe0 sp=0xc0004dbfd8 pc=0x55f3533112c1
created by runtime.gcBgMarkStartWorkers
	/usr/local/go/src/runtime/mgc.go:1784 +0x79

goroutine 106 [GC worker (idle), 4 minutes]:
runtime.gopark(0x55f3553c0538, 0xc0004b81b0, 0x1417, 0x0)
	/usr/local/go/src/runtime/proc.go:301 +0xf5 fp=0xc0004d4760 sp=0xc0004d4740 pc=0x55f3532e5f35
runtime.gcBgMarkWorker(0xc0000f2a00)
	/usr/local/go/src/runtime/mgc.go:1836 +0x105 fp=0xc0004d47d8 sp=0xc0004d4760 pc=0x55f3532d33d5
runtime.goexit()
	/usr/local/go/src/runtime/asm_amd64.s:1337 +0x1 fp=0xc0004d47e0 sp=0xc0004d47d8 pc=0x55f3533112c1
created by runtime.gcBgMarkStartWorkers
	/usr/local/go/src/runtime/mgc.go:1784 +0x79

goroutine 107 [GC worker (idle), 4 minutes]:
runtime.gopark(0x55f3553c0538, 0xc0004b81c0, 0x1417, 0x0)
	/usr/local/go/src/runtime/proc.go:301 +0xf5 fp=0xc0004d4f60 sp=0xc0004d4f40 pc=0x55f3532e5f35
runtime.gcBgMarkWorker(0xc0000f4f00)
	/usr/local/go/src/runtime/mgc.go:1836 +0x105 fp=0xc0004d4fd8 sp=0xc0004d4f60 pc=0x55f3532d33d5
runtime.goexit()
	/usr/local/go/src/runtime/asm_amd64.s:1337 +0x1 fp=0xc0004d4fe0 sp=0xc0004d4fd8 pc=0x55f3533112c1
created by runtime.gcBgMarkStartWorkers
	/usr/local/go/src/runtime/mgc.go:1784 +0x79

goroutine 53 [chan receive]:
runtime.gopark(0x55f3553c06a0, 0xc0001441d8, 0x170d, 0x3)
	/usr/local/go/src/runtime/proc.go:301 +0xf5 fp=0xc0004c7ed0 sp=0xc0004c7eb0 pc=0x55f3532e5f35
runtime.goparkunlock(...)
	/usr/local/go/src/runtime/proc.go:307
runtime.chanrecv(0xc000144180, 0xc0004c7fb0, 0x55f35664ad01, 0x55f35664adb8)
	/usr/local/go/src/runtime/chan.go:524 +0x2ee fp=0xc0004c7f60 sp=0xc0004c7ed0 pc=0x55f3532bd2ce
runtime.chanrecv2(0xc000144180, 0xc0004c7fb0, 0x1)
	/usr/local/go/src/runtime/chan.go:411 +0x2b fp=0xc0004c7f90 sp=0xc0004c7f60 pc=0x55f3532bcfcb
github.com/docker/cli/vendor/k8s.io/klog.(*loggingT).flushDaemon(0x55f35664ada0)
	/go/src/github.com/docker/cli/vendor/k8s.io/klog/klog.go:943 +0x8d fp=0xc0004c7fd8 sp=0xc0004c7f90 pc=0x55f353df79cd
runtime.goexit()
	/usr/local/go/src/runtime/asm_amd64.s:1337 +0x1 fp=0xc0004c7fe0 sp=0xc0004c7fd8 pc=0x55f3533112c1
created by github.com/docker/cli/vendor/k8s.io/klog.init.0
	/go/src/github.com/docker/cli/vendor/k8s.io/klog/klog.go:403 +0x6e

goroutine 83 [syscall]:
runtime.notetsleepg(0x55f35664faa0, 0x12a046da6, 0x0)
	/usr/local/go/src/runtime/lock_futex.go:227 +0x38 fp=0xc0004d7760 sp=0xc0004d7730 pc=0x55f3532c1e28
runtime.timerproc(0x55f35664fa80)
	/usr/local/go/src/runtime/time.go:311 +0x2ee fp=0xc0004d77d8 sp=0xc0004d7760 pc=0x55f3533025fe
runtime.goexit()
	/usr/local/go/src/runtime/asm_amd64.s:1337 +0x1 fp=0xc0004d77e0 sp=0xc0004d77d8 pc=0x55f3533112c1
created by runtime.(*timersBucket).addtimerLocked
	/usr/local/go/src/runtime/time.go:169 +0x110

goroutine 55 [timer goroutine (idle), 4 minutes]:
runtime.gopark(0x55f3553c06a0, 0x55f35664fb00, 0x1414, 0x1)
	/usr/local/go/src/runtime/proc.go:301 +0xf5 fp=0xc0004c7760 sp=0xc0004c7740 pc=0x55f3532e5f35
runtime.goparkunlock(...)
	/usr/local/go/src/runtime/proc.go:307
runtime.timerproc(0x55f35664fb00)
	/usr/local/go/src/runtime/time.go:303 +0x277 fp=0xc0004c77d8 sp=0xc0004c7760 pc=0x55f353302587
runtime.goexit()
	/usr/local/go/src/runtime/asm_amd64.s:1337 +0x1 fp=0xc0004c77e0 sp=0xc0004c77d8 pc=0x55f3533112c1
created by runtime.(*timersBucket).addtimerLocked
	/usr/local/go/src/runtime/time.go:169 +0x110

goroutine 56 [select, 4 minutes]:
runtime.gopark(0x55f3553c06e0, 0x0, 0x1809, 0x1)
	/usr/local/go/src/runtime/proc.go:301 +0xf5 fp=0xc000110b70 sp=0xc000110b50 pc=0x55f3532e5f35
runtime.selectgo(0xc000110f28, 0xc000110d18, 0x4, 0x0, 0x0)
	/usr/local/go/src/runtime/select.go:313 +0xcbe fp=0xc000110c98 sp=0xc000110b70 pc=0x55f3532f513e
net/http.(*persistConn).readLoop(0xc000626b40)
	/usr/local/go/src/net/http/transport.go:1801 +0x95c fp=0xc000110fd8 sp=0xc000110c98 pc=0x55f35361f32c
runtime.goexit()
	/usr/local/go/src/runtime/asm_amd64.s:1337 +0x1 fp=0xc000110fe0 sp=0xc000110fd8 pc=0x55f3533112c1
created by net/http.(*Transport).dialConn
	/usr/local/go/src/net/http/transport.go:1360 +0xafa

goroutine 57 [select, 4 minutes]:
runtime.gopark(0x55f3553c06e0, 0x0, 0x1809, 0x1)
	/usr/local/go/src/runtime/proc.go:301 +0xf5 fp=0xc000111d88 sp=0xc000111d68 pc=0x55f3532e5f35
runtime.selectgo(0xc000111f78, 0xc000111f10, 0x2, 0x0, 0x0)
	/usr/local/go/src/runtime/select.go:313 +0xcbe fp=0xc000111eb0 sp=0xc000111d88 pc=0x55f3532f513e
net/http.(*persistConn).writeLoop(0xc000626b40)
	/usr/local/go/src/net/http/transport.go:1979 +0x115 fp=0xc000111fd8 sp=0xc000111eb0 pc=0x55f353620635
runtime.goexit()
	/usr/local/go/src/runtime/asm_amd64.s:1337 +0x1 fp=0xc000111fe0 sp=0xc000111fd8 pc=0x55f3533112c1
created by net/http.(*Transport).dialConn
	/usr/local/go/src/net/http/transport.go:1361 +0xb1f

goroutine 108 [IO wait, 4 minutes]:
runtime.gopark(0x55f3553c0670, 0x7f73dd1a1030, 0xc000421b02, 0x5)
	/usr/local/go/src/runtime/proc.go:301 +0xf5 fp=0xc00066d910 sp=0xc00066d8f0 pc=0x55f3532e5f35
runtime.netpollblock(0x7f73dd1a1008, 0x72, 0xc000639000)
	/usr/local/go/src/runtime/netpoll.go:389 +0x9c fp=0xc00066d948 sp=0xc00066d910 pc=0x55f3532e159c
internal/poll.runtime_pollWait(0x7f73dd1a1008, 0x72, 0xffffffffffffffff)
	/usr/local/go/src/runtime/netpoll.go:182 +0x58 fp=0xc00066d970 sp=0xc00066d948 pc=0x55f3532e0b88
internal/poll.(*pollDesc).wait(0xc000666098, 0x72, 0x1000, 0x1000, 0xffffffffffffffff)
	/usr/local/go/src/internal/poll/fd_poll_runtime.go:87 +0x9d fp=0xc00066d9a0 sp=0xc00066d970 pc=0x55f353377cfd
internal/poll.(*pollDesc).waitRead(...)
	/usr/local/go/src/internal/poll/fd_poll_runtime.go:92
internal/poll.(*FD).Read(0xc000666080, 0xc000639000, 0x1000, 0x1000, 0x0, 0x0, 0x0)
	/usr/local/go/src/internal/poll/fd_unix.go:169 +0x19d fp=0xc00066d9f8 sp=0xc00066d9a0 pc=0x55f353378b1d
net.(*netFD).Read(0xc000666080, 0xc000639000, 0x1000, 0x1000, 0xc00017a000, 0x100000070, 0x55f355331660)
	/usr/local/go/src/net/fd_unix.go:202 +0x51 fp=0xc00066da58 sp=0xc00066d9f8 pc=0x55f35342e6c1
net.(*conn).Read(0xc0003fcc30, 0xc000639000, 0x1000, 0x1000, 0x0, 0x0, 0x0)
	/usr/local/go/src/net/net.go:177 +0x6b fp=0xc00066dab8 sp=0xc00066da58 pc=0x55f35344220b
net/http.(*persistConn).Read(0xc000626b40, 0xc000639000, 0x1000, 0x1000, 0x0, 0x0, 0x0)
	/usr/local/go/src/net/http/transport.go:1527 +0x7d fp=0xc00066db38 sp=0xc00066dab8 pc=0x55f35361df5d
bufio.(*Reader).fill(0xc00053a900)
	/usr/local/go/src/bufio/bufio.go:100 +0x111 fp=0xc00066db88 sp=0xc00066db38 pc=0x55f3533d7911
bufio.(*Reader).ReadSlice(0xc00053a900, 0xa, 0x0, 0x0, 0x0, 0x0, 0x0)
	/usr/local/go/src/bufio/bufio.go:356 +0x3f fp=0xc00066dbd0 sp=0xc00066db88 pc=0x55f3533d865f
net/http/internal.readChunkLine(0xc00053a900, 0x0, 0x0, 0x0, 0x0, 0x0)
	/usr/local/go/src/net/http/internal/chunked.go:122 +0x36 fp=0xc00066dc30 sp=0xc00066dbd0 pc=0x55f3535be046
net/http/internal.(*chunkedReader).beginChunk(0xc00004f7a0)
	/usr/local/go/src/net/http/internal/chunked.go:48 +0x34 fp=0xc00066dc78 sp=0xc00066dc30 pc=0x55f3535bdb04
net/http/internal.(*chunkedReader).Read(0xc00004f7a0, 0xc000656200, 0x200, 0x200, 0xc0004c6d48, 0x55f3532e2ed1, 0x7f7300000008)
	/usr/local/go/src/net/http/internal/chunked.go:93 +0x13c fp=0xc00066dcf8 sp=0xc00066dc78 pc=0x55f3535bddec
net/http.(*body).readLocked(0xc0005ac000, 0xc000656200, 0x200, 0x200, 0x200, 0xc000656200, 0x0)
	/usr/local/go/src/net/http/transfer.go:816 +0x61 fp=0xc00066dd58 sp=0xc00066dcf8 pc=0x55f353614521
net/http.(*body).Read(0xc0005ac000, 0xc000656200, 0x200, 0x200, 0x0, 0x0, 0x0)
	/usr/local/go/src/net/http/transfer.go:808 +0xdd fp=0xc00066dda8 sp=0xc00066dd58 pc=0x55f35361446d
net/http.(*bodyEOFSignal).Read(0xc0005ac040, 0xc000656200, 0x200, 0x200, 0x0, 0x0, 0x0)
	/usr/local/go/src/net/http/transport.go:2351 +0xd5 fp=0xc00066de10 sp=0xc00066dda8 pc=0x55f3536220d5
encoding/json.(*Decoder).refill(0xc0004486e0, 0x0, 0x138)
	/usr/local/go/src/encoding/json/stream.go:159 +0xfa fp=0xc00066de78 sp=0xc00066de10 pc=0x55f3533d3bba
encoding/json.(*Decoder).readValue(0xc0004486e0, 0x0, 0x0, 0x55f355328ca0)
	/usr/local/go/src/encoding/json/stream.go:134 +0x212 fp=0xc00066dee8 sp=0xc00066de78 pc=0x55f3533d3902
encoding/json.(*Decoder).Decode(0xc0004486e0, 0x55f35501afa0, 0xc0001506f0, 0x55f3553efac0, 0xc0005ac040)
	/usr/local/go/src/encoding/json/stream.go:63 +0x7b fp=0xc00066df28 sp=0xc00066dee8 pc=0x55f3533d336b
github.com/docker/cli/vendor/github.com/docker/docker/client.(*Client).ContainerWait.func1(0x55f355415ec0, 0xc0005ac040, 0xc00004f650, 0xc8, 0xc00054e080, 0xc0001442a0, 0xc000450000)
	/go/src/github.com/docker/cli/vendor/github.com/docker/docker/client/container_wait.go:48 +0x115 fp=0xc00066dfa8 sp=0xc00066df28 pc=0x55f35374e955
runtime.goexit()
	/usr/local/go/src/runtime/asm_amd64.s:1337 +0x1 fp=0xc00066dfb0 sp=0xc00066dfa8 pc=0x55f3533112c1
created by github.com/docker/cli/vendor/github.com/docker/docker/client.(*Client).ContainerWait
	/go/src/github.com/docker/cli/vendor/github.com/docker/docker/client/container_wait.go:45 +0x468

goroutine 113 [select, 4 minutes, locked to thread]:
runtime.gopark(0x55f3553c06e0, 0x0, 0x1809, 0x1)
	/usr/local/go/src/runtime/proc.go:301 +0xf5 fp=0xc0004c9e18 sp=0xc0004c9df8 pc=0x55f3532e5f35
runtime.selectgo(0xc0004c9f80, 0xc0004c9f78, 0x2, 0x8, 0xc00004fb01)
	/usr/local/go/src/runtime/select.go:313 +0xcbe fp=0xc0004c9f40 sp=0xc0004c9e18 pc=0x55f3532f513e
runtime.ensureSigM.func1()
	/usr/local/go/src/runtime/signal_unix.go:547 +0x1d2 fp=0xc0004c9fe0 sp=0xc0004c9f40 pc=0x55f35330e8b2
runtime.goexit()
	/usr/local/go/src/runtime/asm_amd64.s:1337 +0x1 fp=0xc0004c9fe8 sp=0xc0004c9fe0 pc=0x55f3533112c1
created by runtime.ensureSigM
	/usr/local/go/src/runtime/signal_unix.go:530 +0xd7

goroutine 110 [timer goroutine (idle), 4 minutes]:
runtime.gopark(0x55f3553c06a0, 0x55f35664fb80, 0x1414, 0x1)
	/usr/local/go/src/runtime/proc.go:301 +0xf5 fp=0xc0004c9760 sp=0xc0004c9740 pc=0x55f3532e5f35
runtime.goparkunlock(...)
	/usr/local/go/src/runtime/proc.go:307
runtime.timerproc(0x55f35664fb80)
	/usr/local/go/src/runtime/time.go:303 +0x277 fp=0xc0004c97d8 sp=0xc0004c9760 pc=0x55f353302587
runtime.goexit()
	/usr/local/go/src/runtime/asm_amd64.s:1337 +0x1 fp=0xc0004c97e0 sp=0xc0004c97d8 pc=0x55f3533112c1
created by runtime.(*timersBucket).addtimerLocked
	/usr/local/go/src/runtime/time.go:169 +0x110

goroutine 111 [IO wait, 4 minutes]:
runtime.gopark(0x55f3553c0670, 0x7f73dd1a0f60, 0xc000421b02, 0x5)
	/usr/local/go/src/runtime/proc.go:301 +0xf5 fp=0xc000116a08 sp=0xc0001169e8 pc=0x55f3532e5f35
runtime.netpollblock(0x7f73dd1a0f38, 0x72, 0xc00023f000)
	/usr/local/go/src/runtime/netpoll.go:389 +0x9c fp=0xc000116a40 sp=0xc000116a08 pc=0x55f3532e159c
internal/poll.runtime_pollWait(0x7f73dd1a0f38, 0x72, 0xffffffffffffffff)
	/usr/local/go/src/runtime/netpoll.go:182 +0x58 fp=0xc000116a68 sp=0xc000116a40 pc=0x55f3532e0b88
internal/poll.(*pollDesc).wait(0xc000176198, 0x72, 0x1000, 0x1000, 0xffffffffffffffff)
	/usr/local/go/src/internal/poll/fd_poll_runtime.go:87 +0x9d fp=0xc000116a98 sp=0xc000116a68 pc=0x55f353377cfd
internal/poll.(*pollDesc).waitRead(...)
	/usr/local/go/src/internal/poll/fd_poll_runtime.go:92
internal/poll.(*FD).Read(0xc000176180, 0xc00023f000, 0x1000, 0x1000, 0x0, 0x0, 0x0)
	/usr/local/go/src/internal/poll/fd_unix.go:169 +0x19d fp=0xc000116af0 sp=0xc000116a98 pc=0x55f353378b1d
net.(*netFD).Read(0xc000176180, 0xc00023f000, 0x1000, 0x1000, 0x1, 0x55f3532e5fee, 0xc000116b88)
	/usr/local/go/src/net/fd_unix.go:202 +0x51 fp=0xc000116b50 sp=0xc000116af0 pc=0x55f35342e6c1
net.(*conn).Read(0xc000166048, 0xc00023f000, 0x1000, 0x1000, 0x0, 0x0, 0x0)
	/usr/local/go/src/net/net.go:177 +0x6b fp=0xc000116bb0 sp=0xc000116b50 pc=0x55f35344220b
net/http.(*persistConn).Read(0xc00038bb00, 0xc00023f000, 0x1000, 0x1000, 0xc000116c88, 0x55f3532bc455, 0xc0001463c0)
	/usr/local/go/src/net/http/transport.go:1527 +0x7d fp=0xc000116c30 sp=0xc000116bb0 pc=0x55f35361df5d
bufio.(*Reader).fill(0xc000418420)
	/usr/local/go/src/bufio/bufio.go:100 +0x111 fp=0xc000116c80 sp=0xc000116c30 pc=0x55f3533d7911
bufio.(*Reader).Peek(0xc000418420, 0x1, 0x0, 0x0, 0x1, 0xc000598400, 0x0)
	/usr/local/go/src/bufio/bufio.go:138 +0x51 fp=0xc000116c98 sp=0xc000116c80 pc=0x55f3533d7a71
net/http.(*persistConn).readLoop(0xc00038bb00)
	/usr/local/go/src/net/http/transport.go:1680 +0x1a5 fp=0xc000116fd8 sp=0xc000116c98 pc=0x55f35361eb75
runtime.goexit()
	/usr/local/go/src/runtime/asm_amd64.s:1337 +0x1 fp=0xc000116fe0 sp=0xc000116fd8 pc=0x55f3533112c1
created by net/http.(*Transport).dialConn
	/usr/local/go/src/net/http/transport.go:1360 +0xafa

goroutine 112 [select, 4 minutes]:
runtime.gopark(0x55f3553c06e0, 0x0, 0x1809, 0x1)
	/usr/local/go/src/runtime/proc.go:301 +0xf5 fp=0xc000117d88 sp=0xc000117d68 pc=0x55f3532e5f35
runtime.selectgo(0xc000117f78, 0xc000117f10, 0x2, 0x0, 0x0)
	/usr/local/go/src/runtime/select.go:313 +0xcbe fp=0xc000117eb0 sp=0xc000117d88 pc=0x55f3532f513e
net/http.(*persistConn).writeLoop(0xc00038bb00)
	/usr/local/go/src/net/http/transport.go:1979 +0x115 fp=0xc000117fd8 sp=0xc000117eb0 pc=0x55f353620635
runtime.goexit()
	/usr/local/go/src/runtime/asm_amd64.s:1337 +0x1 fp=0xc000117fe0 sp=0xc000117fd8 pc=0x55f3533112c1
created by net/http.(*Transport).dialConn
	/usr/local/go/src/net/http/transport.go:1361 +0xb1f

goroutine 84 [chan receive, 4 minutes]:
runtime.gopark(0x55f3553c06a0, 0xc000418b98, 0x170d, 0x3)
	/usr/local/go/src/runtime/proc.go:301 +0xf5 fp=0xc0004d5dd8 sp=0xc0004d5db8 pc=0x55f3532e5f35
runtime.goparkunlock(...)
	/usr/local/go/src/runtime/proc.go:307
runtime.chanrecv(0xc000418b40, 0xc0004d5f18, 0x1, 0x0)
	/usr/local/go/src/runtime/chan.go:524 +0x2ee fp=0xc0004d5e68 sp=0xc0004d5dd8 pc=0x55f3532bd2ce
runtime.chanrecv2(0xc000418b40, 0xc0004d5f18, 0x0)
	/usr/local/go/src/runtime/chan.go:411 +0x2b fp=0xc0004d5e98 sp=0xc0004d5e68 pc=0x55f3532bcfcb
github.com/docker/cli/cli/command/container.ForwardAllSignals.func1(0xc000418b40, 0x55f355487980, 0xc0002a80f0, 0x55f355445480, 0xc000164020, 0x7ffc78f1f51a, 0x21)
	/go/src/github.com/docker/cli/cli/command/container/tty.go:104 +0x5d fp=0xc0004d5fa8 sp=0xc0004d5e98 pc=0x55f353ddd51d
runtime.goexit()
	/usr/local/go/src/runtime/asm_amd64.s:1337 +0x1 fp=0xc0004d5fb0 sp=0xc0004d5fa8 pc=0x55f3533112c1
created by github.com/docker/cli/cli/command/container.ForwardAllSignals
	/go/src/github.com/docker/cli/cli/command/container/tty.go:103 +0xb3

goroutine 85 [IO wait, 4 minutes]:
runtime.gopark(0x55f3553c0670, 0x7f73dd1a0e90, 0xc000521b02, 0x5)
	/usr/local/go/src/runtime/proc.go:301 +0xf5 fp=0xc0004d63f8 sp=0xc0004d63d8 pc=0x55f3532e5f35
runtime.netpollblock(0x7f73dd1a0e68, 0x72, 0xc00033e000)
	/usr/local/go/src/runtime/netpoll.go:389 +0x9c fp=0xc0004d6430 sp=0xc0004d63f8 pc=0x55f3532e159c
internal/poll.runtime_pollWait(0x7f73dd1a0e68, 0x72, 0xffffffffffffffff)
	/usr/local/go/src/runtime/netpoll.go:182 +0x58 fp=0xc0004d6458 sp=0xc0004d6430 pc=0x55f3532e0b88
internal/poll.(*pollDesc).wait(0xc000666398, 0x72, 0x8000, 0x8009, 0xffffffffffffffff)
	/usr/local/go/src/internal/poll/fd_poll_runtime.go:87 +0x9d fp=0xc0004d6488 sp=0xc0004d6458 pc=0x55f353377cfd
internal/poll.(*pollDesc).waitRead(...)
	/usr/local/go/src/internal/poll/fd_poll_runtime.go:92
internal/poll.(*FD).Read(0xc000666380, 0xc00033e000, 0x8009, 0x8009, 0x0, 0x0, 0x0)
	/usr/local/go/src/internal/poll/fd_unix.go:169 +0x19d fp=0xc0004d64e0 sp=0xc0004d6488 pc=0x55f353378b1d
net.(*netFD).Read(0xc000666380, 0xc00033e000, 0x8009, 0x8009, 0x0, 0x0, 0x0)
	/usr/local/go/src/net/fd_unix.go:202 +0x51 fp=0xc0004d6540 sp=0xc0004d64e0 pc=0x55f35342e6c1
net.(*conn).Read(0xc00053c000, 0xc00033e000, 0x8009, 0x8009, 0x0, 0x0, 0x0)
	/usr/local/go/src/net/net.go:177 +0x6b fp=0xc0004d65a0 sp=0xc0004d6540 pc=0x55f35344220b
bufio.(*Reader).Read(0xc00053aae0, 0xc00033e000, 0x8009, 0x8009, 0x4b, 0x0, 0x0)
	/usr/local/go/src/bufio/bufio.go:209 +0x128 fp=0xc0004d65f8 sp=0xc0004d65a0 pc=0x55f3533d7e98
github.com/docker/cli/vendor/github.com/docker/docker/pkg/stdcopy.StdCopy(0x55f3553ed9c0, 0xc00002dec0, 0x55f3553efd80, 0xc000166010, 0x55f3553ecf40, 0xc00053aae0, 0x0, 0x0, 0x0)
	/go/src/github.com/docker/cli/vendor/github.com/docker/docker/pkg/stdcopy/stdcopy.go:108 +0xf1 fp=0xc0004d6718 sp=0xc0004d65f8 pc=0x55f353d30141
github.com/docker/cli/cli/command/container.(*hijackedIOStreamer).beginOutputStream.func1(0xc0005a20e0, 0x55f3553bcf18, 0xc000598660)
	/go/src/github.com/docker/cli/cli/command/container/hijack.go:129 +0x98 fp=0xc0004d67c8 sp=0xc0004d6718 pc=0x55f353dd9a68
runtime.goexit()
	/usr/local/go/src/runtime/asm_amd64.s:1337 +0x1 fp=0xc0004d67d0 sp=0xc0004d67c8 pc=0x55f3533112c1
created by github.com/docker/cli/cli/command/container.(*hijackedIOStreamer).beginOutputStream
	/go/src/github.com/docker/cli/cli/command/container/hijack.go:118 +0x83
