Julia Version 1.4.0
Commit b8e9a9ecc6 (2020-03-21 16:36 UTC)
Platform Info:
  OS: Linux (x86_64-pc-linux-gnu)
  CPU: AMD Ryzen Threadripper 2990WX 32-Core Processor
  WORD_SIZE: 64
  LIBM: libopenlibm
  LLVM: libLLVM-8.0.1 (ORCJIT, znver1)
Environment:
  JULIA_DEPOT_PATH = ::/usr/local/share/julia
  JULIA_NUM_THREADS = 2

  Resolving package versions...
  Installed XML2_jll ────────── v2.9.9+1
  Installed Parsers ─────────── v0.3.12
  Installed HTTP ────────────── v0.8.13
  Installed Libiconv_jll ────── v1.16.0+1
  Installed Zlib_jll ────────── v1.2.11+8
  Installed LibSSH2_jll ─────── v1.9.0+1
  Installed ReplMaker ───────── v0.2.3
  Installed GitHub ──────────── v5.1.4
  Installed MbedTLS ─────────── v0.7.0
    Cloning [e162569b-3ff4-40cf-b055-1e5f8042da73] MassInstallAction from https://github.com/bcbi/MassInstallAction.jl.git
[?25l    Fetching: [>                                        ]  0.0 %[2K[?25h  Installed MassInstallAction ─ v0.1.0
    Cloning [2e619515-83b5-522b-bb60-26c02a35a201] Expat_jll from https://github.com/JuliaBinaryWrappers/Expat_jll.jl.git
[?25l    Fetching: [>                                        ]  0.0 %[2K[?25h  Installed Expat_jll ───────── v2.2.7+0
    Cloning [f8c6e375-362e-5223-8a59-34ff63f689eb] Git_jll from https://github.com/JuliaBinaryWrappers/Git_jll.jl.git
[?25l    Fetching: [>                                        ]  0.0 %[2K[?25h  Installed Git_jll ─────────── v2.23.0+1
    Cloning [b99e7846-7c00-51b0-8f62-c81ae34c0232] BinaryProvider from https://github.com/JuliaPackaging/BinaryProvider.jl.git
[?25l    Fetching: [>                                        ]  0.0 %[2K[?25h  Installed BinaryProvider ──── v0.5.8
    Cloning [c8ffd9c3-330d-5841-b78e-0817d7145fa1] MbedTLS_jll from https://github.com/JuliaBinaryWrappers/MbedTLS_jll.jl.git
[?25l    Fetching: [>                                        ]  0.0 %[2K[?25h  Installed MbedTLS_jll ─────── v2.16.0+1
    Cloning [682c06a0-de6a-54ab-a142-c8b1cf79cde6] JSON from https://github.com/JuliaIO/JSON.jl.git
[?25l    Fetching: [>                                        ]  0.0 %[2K[?25h  Installed JSON ────────────── v0.21.0
    Cloning [deac9b47-8bc7-5906-a0fe-35ac56dc84c0] LibCURL_jll from https://github.com/JuliaBinaryWrappers/LibCURL_jll.jl.git
[?25l    Fetching: [>                                        ]  0.0 %[2K[?25h  Installed LibCURL_jll ─────── v7.68.0+0
    Cloning [83e8ac13-25f8-5344-8a64-a9f2b223428f] IniFile from https://github.com/JuliaIO/IniFile.jl.git
[?25l    Fetching: [>                                        ]  0.0 %[2K[?25h  Installed IniFile ─────────── v0.5.0
    Cloning [78b55507-aeef-58d4-861c-77aaff3498b1] Gettext_jll from https://github.com/JuliaBinaryWrappers/Gettext_jll.jl.git
[?25l    Fetching: [>                                        ]  0.0 %[2K[?25h  Installed Gettext_jll ─────── v0.20.1+1
    Cloning [458c3c95-2e84-50aa-8efc-19380b2a3a95] OpenSSL_jll from https://github.com/JuliaBinaryWrappers/OpenSSL_jll.jl.git
[?25l    Fetching: [>                                        ]  0.0 %[2K[?25h  Installed OpenSSL_jll ─────── v1.1.1+1
    Cloning [49b5b516-ca3f-4003-a081-42bdcf55082d] GitCommand from https://github.com/bcbi/GitCommand.jl.git
[?25l    Fetching: [>                                        ]  0.0 %[2K[?25h  Installed GitCommand ──────── v1.1.0
    Cloning [efcefdf7-47ab-520b-bdef-62a2eaa19f15] PCRE2_jll from https://github.com/JuliaBinaryWrappers/PCRE2_jll.jl.git
[?25l    Fetching: [>                                        ]  0.0 %[2K[?25h  Installed PCRE2_jll ───────── v10.31.0+1
   Updating `~/.julia/environments/v1.4/Project.toml`
  [e162569b] + MassInstallAction v0.1.0
   Updating `~/.julia/environments/v1.4/Manifest.toml`
  [b99e7846] + BinaryProvider v0.5.8
  [2e619515] + Expat_jll v2.2.7+0
  [78b55507] + Gettext_jll v0.20.1+1
  [49b5b516] + GitCommand v1.1.0
  [bc5e4493] + GitHub v5.1.4
  [f8c6e375] + Git_jll v2.23.0+1
  [cd3eb016] + HTTP v0.8.13
  [83e8ac13] + IniFile v0.5.0
  [682c06a0] + JSON v0.21.0
  [deac9b47] + LibCURL_jll v7.68.0+0
  [29816b5a] + LibSSH2_jll v1.9.0+1
  [94ce4f54] + Libiconv_jll v1.16.0+1
  [e162569b] + MassInstallAction v0.1.0
  [739be429] + MbedTLS v0.7.0
  [c8ffd9c3] + MbedTLS_jll v2.16.0+1
  [458c3c95] + OpenSSL_jll v1.1.1+1
  [efcefdf7] + PCRE2_jll v10.31.0+1
  [69de0a69] + Parsers v0.3.12
  [b873ce64] + ReplMaker v0.2.3
  [02c8fc9c] + XML2_jll v2.9.9+1
  [83775a58] + Zlib_jll v1.2.11+8
  [2a0f44e3] + Base64 
  [ade2ca70] + Dates 
  [8ba89e20] + Distributed 
  [b77e0a4c] + InteractiveUtils 
  [76f85450] + LibGit2 
  [8f399da3] + Libdl 
  [56ddb016] + Logging 
  [d6f4376e] + Markdown 
  [a63ad114] + Mmap 
  [44cfe95a] + Pkg 
  [de0858da] + Printf 
  [3fa0cd96] + REPL 
  [9a3f8284] + Random 
  [ea8e919c] + SHA 
  [9e88b42a] + Serialization 
  [6462fe0b] + Sockets 
  [8dfed614] + Test 
  [cf7118a7] + UUIDs 
  [4ec0a83e] + Unicode 
   Building MbedTLS → `~/.julia/packages/MbedTLS/a1JFn/deps/build.log`
    Testing MassInstallAction
Status `/tmp/jl_mL0F1S/Manifest.toml`
  [b99e7846] BinaryProvider v0.5.8
  [2e619515] Expat_jll v2.2.7+0
  [78b55507] Gettext_jll v0.20.1+1
  [49b5b516] GitCommand v1.1.0
  [bc5e4493] GitHub v5.1.4
  [f8c6e375] Git_jll v2.23.0+1
  [cd3eb016] HTTP v0.8.13
  [83e8ac13] IniFile v0.5.0
  [682c06a0] JSON v0.21.0
  [deac9b47] LibCURL_jll v7.68.0+0
  [29816b5a] LibSSH2_jll v1.9.0+1
  [94ce4f54] Libiconv_jll v1.16.0+1
  [e162569b] MassInstallAction v0.1.0
  [739be429] MbedTLS v0.7.0
  [c8ffd9c3] MbedTLS_jll v2.16.0+1
  [458c3c95] OpenSSL_jll v1.1.1+1
  [efcefdf7] PCRE2_jll v10.31.0+1
  [69de0a69] Parsers v0.3.12
  [b873ce64] ReplMaker v0.2.3
  [02c8fc9c] XML2_jll v2.9.9+1
  [83775a58] Zlib_jll v1.2.11+8
  [2a0f44e3] Base64 
  [ade2ca70] Dates 
  [8ba89e20] Distributed 
  [b77e0a4c] InteractiveUtils 
  [76f85450] LibGit2 
  [8f399da3] Libdl 
  [56ddb016] Logging 
  [d6f4376e] Markdown 
  [a63ad114] Mmap 
  [44cfe95a] Pkg 
  [de0858da] Printf 
  [3fa0cd96] REPL 
  [9a3f8284] Random 
  [ea8e919c] SHA 
  [9e88b42a] Serialization 
  [6462fe0b] Sockets 
  [8dfed614] Test 
  [cf7118a7] UUIDs 
  [4ec0a83e] Unicode 
Test Summary:        | Pass  Total
MassInstallAction.jl |    2      2
    Testing MassInstallAction tests passed 
