Julia Version 1.4.0
Commit b8e9a9ecc6 (2020-03-21 16:36 UTC)
Platform Info:
  OS: Linux (x86_64-pc-linux-gnu)
  CPU: AMD Ryzen Threadripper 2990WX 32-Core Processor
  WORD_SIZE: 64
  LIBM: libopenlibm
  LLVM: libLLVM-8.0.1 (ORCJIT, znver1)
Environment:
  JULIA_DEPOT_PATH = ::/usr/local/share/julia
  JULIA_NUM_THREADS = 2

  Resolving package versions...
  Installed Blosc ────────────── v0.5.1
  Installed BufferedStreams ──── v1.0.0
  Installed Parameters ───────── v0.12.0
  Installed OrderedCollections ─ v1.1.0
  Installed MAT ──────────────── v0.7.0
  Installed TranscodingStreams ─ v0.9.5
    Cloning [631607c0-34d2-5d66-819e-eb0f9aa2061a] CMake from https://github.com/JuliaPackaging/CMake.jl.git
[?25l    Fetching: [>                                        ]  0.0 %[2K[?25h  Installed CMake ────────────── v1.2.0
    Cloning [b99e7846-7c00-51b0-8f62-c81ae34c0232] BinaryProvider from https://github.com/JuliaPackaging/BinaryProvider.jl.git
[?25l    Fetching: [>                                        ]  0.0 %[2K[?25h  Installed BinaryProvider ───── v0.5.8
    Cloning [34da2185-b29b-5c13-b0c7-acf172513d20] Compat from https://github.com/JuliaLang/Compat.jl.git
[?25l    Fetching: [>                                        ]  0.0 %[2K[?25h  Installed Compat ───────────── v2.2.0
    Cloning [d5fb7624-851a-54ee-a528-d3f3bac0b4a0] CMakeWrapper from https://github.com/JuliaPackaging/CMakeWrapper.jl.git
[?25l    Fetching: [>                                        ]  0.0 %[2K[?25h  Installed CMakeWrapper ─────── v0.2.3
    Cloning [30578b45-9adc-5946-b283-645ec420af67] URIParser from https://github.com/JuliaWeb/URIParser.jl.git
[?25l    Fetching: [>                                        ]  0.0 %[2K[?25h  Installed URIParser ────────── v0.4.0
    Cloning [944b1d66-785c-5afd-91f1-9de20f533193] CodecZlib from https://github.com/JuliaIO/CodecZlib.jl.git
[?25l    Fetching: [>                                        ]  0.0 %[2K[?25h  Installed CodecZlib ────────── v0.6.0
    Cloning [9e28174c-4ba2-5203-b857-d8d62c4213ee] BinDeps from https://github.com/JuliaPackaging/BinDeps.jl.git
[?25l    Fetching: [>                                        ]  0.0 %[2K[?25h  Installed BinDeps ──────────── v1.0.0
    Cloning [f67ccb44-e63f-5c2f-98bd-6dc0ccc4ba2f] HDF5 from https://github.com/JuliaIO/HDF5.jl.git
[?25l    Fetching: [>                                        ]  0.0 %[2K[?25h  Installed HDF5 ─────────────── v0.12.5
   Updating `~/.julia/environments/v1.4/Project.toml`
  [23992714] + MAT v0.7.0
   Updating `~/.julia/environments/v1.4/Manifest.toml`
  [9e28174c] + BinDeps v1.0.0
  [b99e7846] + BinaryProvider v0.5.8
  [a74b3585] + Blosc v0.5.1
  [e1450e63] + BufferedStreams v1.0.0
  [631607c0] + CMake v1.2.0
  [d5fb7624] + CMakeWrapper v0.2.3
  [944b1d66] + CodecZlib v0.6.0
  [34da2185] + Compat v2.2.0
  [f67ccb44] + HDF5 v0.12.5
  [23992714] + MAT v0.7.0
  [bac558e1] + OrderedCollections v1.1.0
  [d96e819e] + Parameters v0.12.0
  [3bb67fe8] + TranscodingStreams v0.9.5
  [30578b45] + URIParser v0.4.0
  [2a0f44e3] + Base64 
  [ade2ca70] + Dates 
  [8bb1440f] + DelimitedFiles 
  [8ba89e20] + Distributed 
  [b77e0a4c] + InteractiveUtils 
  [76f85450] + LibGit2 
  [8f399da3] + Libdl 
  [37e2e46d] + LinearAlgebra 
  [56ddb016] + Logging 
  [d6f4376e] + Markdown 
  [a63ad114] + Mmap 
  [44cfe95a] + Pkg 
  [de0858da] + Printf 
  [3fa0cd96] + REPL 
  [9a3f8284] + Random 
  [ea8e919c] + SHA 
  [9e88b42a] + Serialization 
  [1a1011a3] + SharedArrays 
  [6462fe0b] + Sockets 
  [2f01184e] + SparseArrays 
  [10745b16] + Statistics 
  [8dfed614] + Test 
  [cf7118a7] + UUIDs 
  [4ec0a83e] + Unicode 
   Building CMake ────→ `~/.julia/packages/CMake/ULbyn/deps/build.log`
   Building Blosc ────→ `~/.julia/packages/Blosc/lzFr0/deps/build.log`
   Building CodecZlib → `~/.julia/packages/CodecZlib/5t9zO/deps/build.log`
   Building HDF5 ─────→ `~/.julia/packages/HDF5/Zh9on/deps/build.log`
    Testing MAT
[?25l    Fetching: [>                                        ]  0.0 %[2K[?25hStatus `/tmp/jl_ClQcdD/Manifest.toml`
  [9e28174c] BinDeps v1.0.0
  [b99e7846] BinaryProvider v0.5.8
  [a74b3585] Blosc v0.5.1
  [e1450e63] BufferedStreams v1.0.0
  [631607c0] CMake v1.2.0
  [d5fb7624] CMakeWrapper v0.2.3
  [944b1d66] CodecZlib v0.6.0
  [34da2185] Compat v2.2.0
  [864edb3b] DataStructures v0.17.10
  [f67ccb44] HDF5 v0.12.5
  [23992714] MAT v0.7.0
  [bac558e1] OrderedCollections v1.1.0
  [d96e819e] Parameters v0.12.0
  [3bb67fe8] TranscodingStreams v0.9.5
  [30578b45] URIParser v0.4.0
  [2a0f44e3] Base64 
  [ade2ca70] Dates 
  [8bb1440f] DelimitedFiles 
  [8ba89e20] Distributed 
  [b77e0a4c] InteractiveUtils 
  [76f85450] LibGit2 
  [8f399da3] Libdl 
  [37e2e46d] LinearAlgebra 
  [56ddb016] Logging 
  [d6f4376e] Markdown 
  [a63ad114] Mmap 
  [44cfe95a] Pkg 
  [de0858da] Printf 
  [3fa0cd96] REPL 
  [9a3f8284] Random 
  [ea8e919c] SHA 
  [9e88b42a] Serialization 
  [1a1011a3] SharedArrays 
  [6462fe0b] Sockets 
  [2f01184e] SparseArrays 
  [10745b16] Statistics 
  [8dfed614] Test 
  [cf7118a7] UUIDs 
  [4ec0a83e] Unicode 
    Testing MAT tests passed 
