Julia Version 1.4.0
Commit b8e9a9ecc6 (2020-03-21 16:36 UTC)
Platform Info:
  OS: Linux (x86_64-pc-linux-gnu)
  CPU: AMD Ryzen Threadripper 2990WX 32-Core Processor
  WORD_SIZE: 64
  LIBM: libopenlibm
  LLVM: libLLVM-8.0.1 (ORCJIT, znver1)
Environment:
  JULIA_DEPOT_PATH = ::/usr/local/share/julia
  JULIA_NUM_THREADS = 2

  Resolving package versions...
  Installed CMakeWrapper ─────── v0.2.3
  Installed Blosc ────────────── v0.6.0
  Installed Parameters ───────── v0.12.0
  Installed BinaryProvider ───── v0.5.8
    Cloning [e1450e63-4bb3-523b-b2a4-4ffa8c0fd77d] BufferedStreams from https://github.com/BioJulia/BufferedStreams.jl.git
[?25l    Fetching: [>                                        ]  0.0 %[2K[?25h  Installed BufferedStreams ──── v1.0.0
    Cloning [23992714-dd62-5051-b70f-ba57cb901cac] MAT from https://github.com/JuliaIO/MAT.jl.git
[?25l    Fetching: [>                                        ]  0.0 %[2K[?25h  Installed MAT ──────────────── v0.7.0
    Cloning [631607c0-34d2-5d66-819e-eb0f9aa2061a] CMake from https://github.com/JuliaPackaging/CMake.jl.git
[?25l    Fetching: [>                                        ]  0.0 %[2K[?25h  Installed CMake ────────────── v1.2.0
    Cloning [34da2185-b29b-5c13-b0c7-acf172513d20] Compat from https://github.com/JuliaLang/Compat.jl.git
[?25l    Fetching: [>                                        ]  0.0 %[2K[?25h  Installed Compat ───────────── v3.8.0
    Cloning [3bb67fe8-82b1-5028-8e26-92a6c54297fa] TranscodingStreams from https://github.com/bicycle1885/TranscodingStreams.jl.git
[?25l    Fetching: [>                                        ]  0.0 %[2K[?25h  Installed TranscodingStreams ─ v0.9.5
    Cloning [30578b45-9adc-5946-b283-645ec420af67] URIParser from https://github.com/JuliaWeb/URIParser.jl.git
[?25l    Fetching: [>                                        ]  0.0 %[2K[?25h  Installed URIParser ────────── v0.4.0
    Cloning [944b1d66-785c-5afd-91f1-9de20f533193] CodecZlib from https://github.com/JuliaIO/CodecZlib.jl.git
[?25l    Fetching: [>                                        ]  0.0 %[2K[?25h  Installed CodecZlib ────────── v0.6.0
    Cloning [bac558e1-5e72-5ebc-8fee-abe8a469f55d] OrderedCollections from https://github.com/JuliaCollections/OrderedCollections.jl.git
[?25l    Fetching: [>                                        ]  0.0 %[2K[?25h  Installed OrderedCollections ─ v1.1.0
    Cloning [f67ccb44-e63f-5c2f-98bd-6dc0ccc4ba2f] HDF5 from https://github.com/JuliaIO/HDF5.jl.git
[?25l    Fetching: [>                                        ]  0.0 %[2K[?25h  Installed HDF5 ─────────────── v0.12.5
    Cloning [9e28174c-4ba2-5203-b857-d8d62c4213ee] BinDeps from https://github.com/JuliaPackaging/BinDeps.jl.git
[?25l    Fetching: [>                                        ]  0.0 %[2K[?25h  Installed BinDeps ──────────── v1.0.0
   Updating `~/.julia/environments/v1.4/Project.toml`
  [23992714] + MAT v0.7.0
   Updating `~/.julia/environments/v1.4/Manifest.toml`
  [9e28174c] + BinDeps v1.0.0
  [b99e7846] + BinaryProvider v0.5.8
  [a74b3585] + Blosc v0.6.0
  [e1450e63] + BufferedStreams v1.0.0
  [631607c0] + CMake v1.2.0
  [d5fb7624] + CMakeWrapper v0.2.3
  [944b1d66] + CodecZlib v0.6.0
  [34da2185] + Compat v3.8.0
  [f67ccb44] + HDF5 v0.12.5
  [23992714] + MAT v0.7.0
  [bac558e1] + OrderedCollections v1.1.0
  [d96e819e] + Parameters v0.12.0
  [3bb67fe8] + TranscodingStreams v0.9.5
  [30578b45] + URIParser v0.4.0
  [2a0f44e3] + Base64 
  [ade2ca70] + Dates 
  [8bb1440f] + DelimitedFiles 
  [8ba89e20] + Distributed 
  [b77e0a4c] + InteractiveUtils 
  [76f85450] + LibGit2 
  [8f399da3] + Libdl 
  [37e2e46d] + LinearAlgebra 
  [56ddb016] + Logging 
  [d6f4376e] + Markdown 
  [a63ad114] + Mmap 
  [44cfe95a] + Pkg 
  [de0858da] + Printf 
  [3fa0cd96] + REPL 
  [9a3f8284] + Random 
  [ea8e919c] + SHA 
  [9e88b42a] + Serialization 
  [1a1011a3] + SharedArrays 
  [6462fe0b] + Sockets 
  [2f01184e] + SparseArrays 
  [10745b16] + Statistics 
  [8dfed614] + Test 
  [cf7118a7] + UUIDs 
  [4ec0a83e] + Unicode 
   Building CMake ────→ `~/.julia/packages/CMake/ULbyn/deps/build.log`
   Building Blosc ────→ `~/.julia/packages/Blosc/ZgcAM/deps/build.log`
   Building CodecZlib → `~/.julia/packages/CodecZlib/5t9zO/deps/build.log`
   Building HDF5 ─────→ `~/.julia/packages/HDF5/Zh9on/deps/build.log`
    Testing MAT
[?25l    Fetching: [>                                        ]  0.0 %[2K[?25hStatus `/tmp/jl_xq5JGm/Manifest.toml`
  [9e28174c] BinDeps v1.0.0
  [b99e7846] BinaryProvider v0.5.8
  [a74b3585] Blosc v0.6.0
  [e1450e63] BufferedStreams v1.0.0
  [631607c0] CMake v1.2.0
  [d5fb7624] CMakeWrapper v0.2.3
  [944b1d66] CodecZlib v0.6.0
  [34da2185] Compat v3.8.0
  [864edb3b] DataStructures v0.17.10
  [f67ccb44] HDF5 v0.12.5
  [23992714] MAT v0.7.0
  [bac558e1] OrderedCollections v1.1.0
  [d96e819e] Parameters v0.12.0
  [3bb67fe8] TranscodingStreams v0.9.5
  [30578b45] URIParser v0.4.0
  [2a0f44e3] Base64 
  [ade2ca70] Dates 
  [8bb1440f] DelimitedFiles 
  [8ba89e20] Distributed 
  [b77e0a4c] InteractiveUtils 
  [76f85450] LibGit2 
  [8f399da3] Libdl 
  [37e2e46d] LinearAlgebra 
  [56ddb016] Logging 
  [d6f4376e] Markdown 
  [a63ad114] Mmap 
  [44cfe95a] Pkg 
  [de0858da] Printf 
  [3fa0cd96] REPL 
  [9a3f8284] Random 
  [ea8e919c] SHA 
  [9e88b42a] Serialization 
  [1a1011a3] SharedArrays 
  [6462fe0b] Sockets 
  [2f01184e] SparseArrays 
  [10745b16] Statistics 
  [8dfed614] Test 
  [cf7118a7] UUIDs 
  [4ec0a83e] Unicode 
HDF5-DIAG: Error detected in HDF5 (1.10.4) thread 0:
  #000: H5Dio.c line 199 in H5Dread(): can't read data
    major: Dataset
    minor: Read failed
  #001: H5Dio.c line 467 in H5D__read(): unable to set up type info
    major: Dataset
    minor: Unable to initialize object
  #002: H5Dio.c line 968 in H5D__typeinfo_init(): not a datatype
    major: Invalid arguments to routine
    minor: Inappropriate type
ERROR: LoadError: LoadError: Error reading dataset /imaginary
Stacktrace:
 [1] error(::String, ::String) at ./error.jl:42
 [2] h5d_read(::Int64, ::Int64, ::Int64, ::Int64, ::Int64, ::Array{Complex{Float64},1}) at /home/pkgeval/.julia/packages/HDF5/Zh9on/src/HDF5.jl:2279
 [3] read_complex(::HDF5.HDF5Datatype, ::HDF5.HDF5Dataset, ::Type{Array{Float64,N} where N}) at /home/pkgeval/.julia/packages/MAT/XPntV/src/MAT_HDF5.jl:131
 [4] m_read(::HDF5.HDF5Dataset) at /home/pkgeval/.julia/packages/MAT/XPntV/src/MAT_HDF5.jl:182
 [5] read(::MAT.MAT_HDF5.MatlabHDF5File, ::String) at /home/pkgeval/.julia/packages/MAT/XPntV/src/MAT_HDF5.jl:261
 [6] check(::String, ::Dict{String,Array{Complex{Float64},2}}) at /home/pkgeval/.julia/packages/MAT/XPntV/test/read.jl:7
 [7] top-level scope at /home/pkgeval/.julia/packages/MAT/XPntV/test/read.jl:77
 [8] include(::String) at ./client.jl:439
 [9] top-level scope at /home/pkgeval/.julia/packages/MAT/XPntV/test/runtests.jl:3
 [10] include(::String) at ./client.jl:439
 [11] top-level scope at none:6
in expression starting at /home/pkgeval/.julia/packages/MAT/XPntV/test/read.jl:47
in expression starting at /home/pkgeval/.julia/packages/MAT/XPntV/test/runtests.jl:3
ERROR: Package MAT errored during testing
Stacktrace:
 [1] pkgerror(::String, ::Vararg{String,N} where N) at /buildworker/worker/package_linux64/build/usr/share/julia/stdlib/v1.4/Pkg/src/Types.jl:53
 [2] test(::Pkg.Types.Context, ::Array{Pkg.Types.PackageSpec,1}; coverage::Bool, julia_args::Cmd, test_args::Cmd, test_fn::Nothing) at /buildworker/worker/package_linux64/build/usr/share/julia/stdlib/v1.4/Pkg/src/Operations.jl:1503
 [3] test(::Pkg.Types.Context, ::Array{Pkg.Types.PackageSpec,1}; coverage::Bool, test_fn::Nothing, julia_args::Cmd, test_args::Cmd, kwargs::Base.Iterators.Pairs{Union{},Union{},Tuple{},NamedTuple{(),Tuple{}}}) at /buildworker/worker/package_linux64/build/usr/share/julia/stdlib/v1.4/Pkg/src/API.jl:316
 [4] test(::Pkg.Types.Context, ::Array{Pkg.Types.PackageSpec,1}) at /buildworker/worker/package_linux64/build/usr/share/julia/stdlib/v1.4/Pkg/src/API.jl:303
 [5] #test#68 at /buildworker/worker/package_linux64/build/usr/share/julia/stdlib/v1.4/Pkg/src/API.jl:297 [inlined]
 [6] test at /buildworker/worker/package_linux64/build/usr/share/julia/stdlib/v1.4/Pkg/src/API.jl:297 [inlined]
 [7] #test#67 at /buildworker/worker/package_linux64/build/usr/share/julia/stdlib/v1.4/Pkg/src/API.jl:296 [inlined]
 [8] test at /buildworker/worker/package_linux64/build/usr/share/julia/stdlib/v1.4/Pkg/src/API.jl:296 [inlined]
 [9] test(::String; kwargs::Base.Iterators.Pairs{Union{},Union{},Tuple{},NamedTuple{(),Tuple{}}}) at /buildworker/worker/package_linux64/build/usr/share/julia/stdlib/v1.4/Pkg/src/API.jl:295
 [10] test(::String) at /buildworker/worker/package_linux64/build/usr/share/julia/stdlib/v1.4/Pkg/src/API.jl:295
 [11] top-level scope at none:16
