Julia Version 1.5.1
Commit 697e782ab8 (2020-08-25 20:08 UTC)
Platform Info:
  OS: Linux (x86_64-pc-linux-gnu)
  CPU: Intel(R) Xeon(R) Silver 4114 CPU @ 2.20GHz
  WORD_SIZE: 64
  LIBM: libopenlibm
  LLVM: libLLVM-9.0.1 (ORCJIT, skylake-avx512)
Environment:
  JULIA_DEPOT_PATH = ::/usr/local/share/julia
  JULIA_NUM_THREADS = 2

  Resolving package versions...
  Installed WinReg ────────────────────── v0.3.1
  Installed Zlib_jll ──────────────────── v1.2.11+16
  Installed MathleticsFiles ───────────── v0.1.0
  Installed DataAPI ───────────────────── v1.3.0
  Installed IteratorInterfaceExtensions ─ v1.0.0
  Installed Parsers ───────────────────── v1.0.10
  Installed JavaCall ──────────────────── v0.7.5
  Installed DataFrames ────────────────── v0.20.2
  Installed InvertedIndices ───────────── v1.0.0
  Installed PooledArrays ──────────────── v0.5.3
  Installed DataValueInterfaces ───────── v1.0.0
  Installed Reexport ──────────────────── v0.2.0
  Installed Missings ──────────────────── v0.4.4
  Installed Tables ────────────────────── v1.0.5
  Installed DataStructures ────────────── v0.18.2
  Installed Taro ──────────────────────── v0.8.2
  Installed ZipFile ───────────────────── v0.9.2
  Installed SortingAlgorithms ─────────── v0.3.1
  Installed TableTraits ───────────────── v1.0.0
  Installed Compat ────────────────────── v3.15.0
  Installed OrderedCollections ────────── v1.3.0
  Installed JSON ──────────────────────── v0.21.0
  Installed CategoricalArrays ─────────── v0.7.7
Updating `~/.julia/environments/v1.5/Project.toml`
→ [105a4150] + MathleticsFiles v0.1.0
Info packages marked with → not downloaded, use `instantiate` to download
Updating `~/.julia/environments/v1.5/Manifest.toml`
  [324d7699] + CategoricalArrays v0.7.7
  [34da2185] + Compat v3.15.0
  [9a962f9c] + DataAPI v1.3.0
  [a93c6f00] + DataFrames v0.20.2
  [864edb3b] + DataStructures v0.18.2
  [e2d170a0] + DataValueInterfaces v1.0.0
  [41ab1584] + InvertedIndices v1.0.0
  [82899510] + IteratorInterfaceExtensions v1.0.0
  [682c06a0] + JSON v0.21.0
  [494afd89] + JavaCall v0.7.5
→ [105a4150] + MathleticsFiles v0.1.0
  [e1d29d7a] + Missings v0.4.4
  [bac558e1] + OrderedCollections v1.3.0
  [69de0a69] + Parsers v1.0.10
  [2dfb63ee] + PooledArrays v0.5.3
  [189a3867] + Reexport v0.2.0
  [a2af1166] + SortingAlgorithms v0.3.1
  [3783bdb8] + TableTraits v1.0.0
  [bd369af6] + Tables v1.0.5
  [61d0e4fa] + Taro v0.8.2
  [1b915085] + WinReg v0.3.1
  [a5390f91] + ZipFile v0.9.2
  [83775a58] + Zlib_jll v1.2.11+16
  [2a0f44e3] + Base64
  [ade2ca70] + Dates
  [8bb1440f] + DelimitedFiles
  [8ba89e20] + Distributed
  [9fa8497b] + Future
  [b77e0a4c] + InteractiveUtils
  [76f85450] + LibGit2
  [8f399da3] + Libdl
  [37e2e46d] + LinearAlgebra
  [56ddb016] + Logging
  [d6f4376e] + Markdown
  [a63ad114] + Mmap
  [44cfe95a] + Pkg
  [de0858da] + Printf
  [3fa0cd96] + REPL
  [9a3f8284] + Random
  [ea8e919c] + SHA
  [9e88b42a] + Serialization
  [1a1011a3] + SharedArrays
  [6462fe0b] + Sockets
  [2f01184e] + SparseArrays
  [10745b16] + Statistics
  [8dfed614] + Test
  [cf7118a7] + UUIDs
  [4ec0a83e] + Unicode
Info packages marked with → not downloaded, use `instantiate` to download
   Building Taro → `~/.julia/packages/Taro/lMmIa/deps/build.log`
    Testing MathleticsFiles
Status `/tmp/jl_tUcbwe/Project.toml`
→ [105a4150] MathleticsFiles v0.1.0
  [8dfed614] Test
Info packages marked with → not downloaded, use `instantiate` to download
Status `/tmp/jl_tUcbwe/Manifest.toml`
  [324d7699] CategoricalArrays v0.7.7
  [34da2185] Compat v3.15.0
  [9a962f9c] DataAPI v1.3.0
  [a93c6f00] DataFrames v0.20.2
  [864edb3b] DataStructures v0.18.2
  [e2d170a0] DataValueInterfaces v1.0.0
  [41ab1584] InvertedIndices v1.0.0
  [82899510] IteratorInterfaceExtensions v1.0.0
  [682c06a0] JSON v0.21.0
  [494afd89] JavaCall v0.7.5
→ [105a4150] MathleticsFiles v0.1.0
  [e1d29d7a] Missings v0.4.4
  [bac558e1] OrderedCollections v1.3.0
  [69de0a69] Parsers v1.0.10
  [2dfb63ee] PooledArrays v0.5.3
  [189a3867] Reexport v0.2.0
  [a2af1166] SortingAlgorithms v0.3.1
  [3783bdb8] TableTraits v1.0.0
  [bd369af6] Tables v1.0.5
  [61d0e4fa] Taro v0.8.2
  [1b915085] WinReg v0.3.1
  [a5390f91] ZipFile v0.9.2
  [83775a58] Zlib_jll v1.2.11+16
  [2a0f44e3] Base64
  [ade2ca70] Dates
  [8bb1440f] DelimitedFiles
  [8ba89e20] Distributed
  [9fa8497b] Future
  [b77e0a4c] InteractiveUtils
  [76f85450] LibGit2
  [8f399da3] Libdl
  [37e2e46d] LinearAlgebra
  [56ddb016] Logging
  [d6f4376e] Markdown
  [a63ad114] Mmap
  [44cfe95a] Pkg
  [de0858da] Printf
  [3fa0cd96] REPL
  [9a3f8284] Random
  [ea8e919c] SHA
  [9e88b42a] Serialization
  [1a1011a3] SharedArrays
  [6462fe0b] Sockets
  [2f01184e] SparseArrays
  [10745b16] Statistics
  [8dfed614] Test
  [cf7118a7] UUIDs
  [4ec0a83e] Unicode
Info packages marked with → not downloaded, use `instantiate` to download
┌ Warning: JavaCall needs the environment variable `JULIA_COPY_STACKS` to be `1` or `yes`.
│ Calling the JVM may result in undefined behavior.
└ @ JavaCall ~/.julia/packages/JavaCall/CHGwC/src/JavaCall.jl:53
┌ Warning: JavaCall needs the environment variable `JULIA_COPY_STACKS` to be `1` or `yes`.
│ Calling the JVM may result in undefined behavior.
└ @ JavaCall ~/.julia/packages/JavaCall/CHGwC/src/JavaCall.jl:53
┌ Warning: JavaCall needs the environment variable `JULIA_COPY_STACKS` to be `1` or `yes`.
│ Calling the JVM may result in undefined behavior.
└ @ JavaCall ~/.julia/packages/JavaCall/CHGwC/src/JavaCall.jl:53
[ Info: Generating MathleticsFiles artifact...
Test of single dataset: Error During Test at /home/pkgeval/.julia/packages/MathleticsFiles/GQSq9/test/runtests.jl:7
  Got exception outside of a @test
  SystemError: opening file "/home/pkgeval/.julia/packages/MathleticsFiles/GQSq9/src/../Artifacts.toml": Permission denied
  Stacktrace:
   [1] systemerror(::String, ::Int32; extrainfo::Nothing) at ./error.jl:168
   [2] #systemerror#48 at ./error.jl:167 [inlined]
   [3] systemerror at ./error.jl:167 [inlined]
   [4] open(::String; lock::Bool, read::Nothing, write::Nothing, create::Nothing, truncate::Bool, append::Nothing) at ./iostream.jl:284
   [5] open(::String, ::String; lock::Bool) at ./iostream.jl:346
   [6] open(::String, ::String) at ./iostream.jl:346
   [7] open(::Pkg.Artifacts.var"#28#32"{Dict{String,Any}}, ::String, ::Vararg{String,N} where N; kwargs::Base.Iterators.Pairs{Union{},Union{},Tuple{},NamedTuple{(),Tuple{}}}) at ./io.jl:323
   [8] open at ./io.jl:323 [inlined]
   [9] bind_artifact!(::String, ::String, ::Base.SHA1; platform::Nothing, download_info::Nothing, lazy::Bool, force::Bool) at /buildworker/worker/package_linux64/build/usr/share/julia/stdlib/v1.5/Pkg/src/Artifacts.jl:677
   [10] filepath(::String; sourceurl::String) at /home/pkgeval/.julia/packages/MathleticsFiles/GQSq9/src/MathleticsFiles.jl:37
   [11] dataset(::String, ::String; sourceurl::String, init::Nothing) at /home/pkgeval/.julia/packages/MathleticsFiles/GQSq9/src/MathleticsFiles.jl:98
   [12] dataset(::String, ::String) at /home/pkgeval/.julia/packages/MathleticsFiles/GQSq9/src/MathleticsFiles.jl:98
   [13] dataset(::String; sourceurl::String, init::Nothing) at /home/pkgeval/.julia/packages/MathleticsFiles/GQSq9/src/MathleticsFiles.jl:115
   [14] dataset(::String) at /home/pkgeval/.julia/packages/MathleticsFiles/GQSq9/src/MathleticsFiles.jl:109
   [15] top-level scope at /home/pkgeval/.julia/packages/MathleticsFiles/GQSq9/test/runtests.jl:8
   [16] top-level scope at /buildworker/worker/package_linux64/build/usr/share/julia/stdlib/v1.5/Test/src/Test.jl:1115
   [17] top-level scope at /home/pkgeval/.julia/packages/MathleticsFiles/GQSq9/test/runtests.jl:8
   [18] include(::String) at ./client.jl:457
   [19] top-level scope at none:6
   [20] eval(::Module, ::Any) at ./boot.jl:331
   [21] exec_options(::Base.JLOptions) at ./client.jl:272
   [22] _start() at ./client.jl:506
  
Test Summary:          | Error  Total
Test of single dataset |     1      1
ERROR: LoadError: Some tests did not pass: 0 passed, 0 failed, 1 errored, 0 broken.
in expression starting at /home/pkgeval/.julia/packages/MathleticsFiles/GQSq9/test/runtests.jl:7
ERROR: Package MathleticsFiles errored during testing
Stacktrace:
 [1] pkgerror(::String) at /buildworker/worker/package_linux64/build/usr/share/julia/stdlib/v1.5/Pkg/src/Types.jl:52
 [2] test(::Pkg.Types.Context, ::Array{Pkg.Types.PackageSpec,1}; coverage::Bool, julia_args::Cmd, test_args::Cmd, test_fn::Nothing) at /buildworker/worker/package_linux64/build/usr/share/julia/stdlib/v1.5/Pkg/src/Operations.jl:1578
 [3] test(::Pkg.Types.Context, ::Array{Pkg.Types.PackageSpec,1}; coverage::Bool, test_fn::Nothing, julia_args::Cmd, test_args::Cmd, kwargs::Base.Iterators.Pairs{Union{},Union{},Tuple{},NamedTuple{(),Tuple{}}}) at /buildworker/worker/package_linux64/build/usr/share/julia/stdlib/v1.5/Pkg/src/API.jl:328
 [4] test(::Pkg.Types.Context, ::Array{Pkg.Types.PackageSpec,1}) at /buildworker/worker/package_linux64/build/usr/share/julia/stdlib/v1.5/Pkg/src/API.jl:315
 [5] #test#61 at /buildworker/worker/package_linux64/build/usr/share/julia/stdlib/v1.5/Pkg/src/API.jl:67 [inlined]
 [6] test at /buildworker/worker/package_linux64/build/usr/share/julia/stdlib/v1.5/Pkg/src/API.jl:67 [inlined]
 [7] #test#60 at /buildworker/worker/package_linux64/build/usr/share/julia/stdlib/v1.5/Pkg/src/API.jl:66 [inlined]
 [8] test at /buildworker/worker/package_linux64/build/usr/share/julia/stdlib/v1.5/Pkg/src/API.jl:66 [inlined]
 [9] test(::String; kwargs::Base.Iterators.Pairs{Union{},Union{},Tuple{},NamedTuple{(),Tuple{}}}) at /buildworker/worker/package_linux64/build/usr/share/julia/stdlib/v1.5/Pkg/src/API.jl:65
 [10] test(::String) at /buildworker/worker/package_linux64/build/usr/share/julia/stdlib/v1.5/Pkg/src/API.jl:65
 [11] top-level scope at none:19
