Julia Version 1.3.1
Commit 2d5741174c (2019-12-30 21:36 UTC)
Platform Info:
  OS: Linux (x86_64-pc-linux-gnu)
  CPU: AMD Ryzen Threadripper 2990WX 32-Core Processor
  WORD_SIZE: 64
  LIBM: libopenlibm
  LLVM: libLLVM-6.0.1 (ORCJIT, znver1)
Environment:
  JULIA_DEPOT_PATH = ::/usr/local/share/julia
  JULIA_NUM_THREADS = 2

 Resolving package versions...
 Installed AssetRegistry ───────────── v0.1.0
 Installed Widgets ─────────────────── v0.6.2
 Installed MbedTLS ─────────────────── v1.0.1
 Installed Measures ────────────────── v0.3.1
 Installed MeshCatMechanisms ───────── v0.7.0
 Installed GeometryTypes ───────────── v0.7.10
 Installed MeshCat ─────────────────── v0.10.0
 Installed MacroTools ──────────────── v0.5.4
 Installed Ratios ──────────────────── v0.3.1
 Installed FFMPEG ──────────────────── v0.2.4
 Installed InteractBase ────────────── v0.10.3
 Installed BinDeps ─────────────────── v1.0.0
 Installed LightXML ────────────────── v0.8.1
 Installed HTTP ────────────────────── v0.8.12
 Installed CSSUtil ─────────────────── v0.1.0
 Installed Pidfile ─────────────────── v1.1.0
 Installed Knockout ────────────────── v0.2.4
 Installed CoordinateTransformations ─ v0.5.1
 Installed Requires ────────────────── v1.0.1
 Installed StaticArrays ────────────── v0.12.1
 Installed DataStructures ──────────── v0.17.10
 Installed MbedTLS_jll ─────────────── v2.16.0+1
 Installed Hiccup ──────────────────── v0.2.2
 Installed OffsetArrays ────────────── v1.0.3
 Installed WoodburyMatrices ────────── v0.5.1
 Installed Compat ──────────────────── v2.2.0
 Installed ColorTypes ──────────────── v0.9.1
 Installed JSExpr ──────────────────── v0.5.1
 Installed FunctionalCollections ───── v0.5.0
 Installed FixedPointNumbers ───────── v0.7.1
 Installed UnsafeArrays ────────────── v1.0.0
 Installed Colors ──────────────────── v0.11.2
 Installed WebSockets ──────────────── v1.5.2
 Installed RigidBodyDynamics ───────── v2.2.0
 Installed Reexport ────────────────── v0.2.0
 Installed Rotations ───────────────── v0.13.0
 Installed LoopThrottle ────────────── v0.1.0
 Installed AxisAlgorithms ──────────── v1.0.0
 Installed URIParser ───────────────── v0.4.0
 Installed OrderedCollections ──────── v1.1.0
 Installed Parameters ──────────────── v0.12.0
 Installed BinaryProvider ──────────── v0.5.8
 Installed WebIO ───────────────────── v0.8.13
 Installed IniFile ─────────────────── v0.5.0
 Installed MechanismGeometries ─────── v0.4.1
 Installed DocStringExtensions ─────── v0.8.1
 Installed Interpolations ──────────── v0.12.8
 Installed Mux ─────────────────────── v0.7.1
 Installed Cassette ────────────────── v0.2.6
 Installed TypeSortedCollections ───── v1.1.0
 Installed Observables ─────────────── v0.2.3
 Installed Lazy ────────────────────── v0.14.0
   Cloning [682c06a0-de6a-54ab-a142-c8b1cf79cde6] JSON from https://github.com/JuliaIO/JSON.jl.git
[?25l    Fetching: [>                                        ]  0.0 %[2K[?25h Installed JSON ────────────────────── v0.18.0
   Cloning [99f44e22-a591-53d1-9472-aa23ef4bd671] MsgPack from https://github.com/JuliaIO/MsgPack.jl.git
[?25l    Fetching: [>                                        ]  0.0 %[2K[?25h Installed MsgPack ─────────────────── v1.1.0
  Updating `~/.julia/environments/v1.3/Project.toml`
  [6ad125db] + MeshCatMechanisms v0.7.0
  Updating `~/.julia/environments/v1.3/Manifest.toml`
  [bf4720bc] + AssetRegistry v0.1.0
  [13072b0f] + AxisAlgorithms v1.0.0
  [9e28174c] + BinDeps v1.0.0
  [b99e7846] + BinaryProvider v0.5.8
  [70588ee8] + CSSUtil v0.1.0
  [7057c7e9] + Cassette v0.2.6
  [3da002f7] + ColorTypes v0.9.1
  [5ae59095] + Colors v0.11.2
  [34da2185] + Compat v2.2.0
  [150eb455] + CoordinateTransformations v0.5.1
  [864edb3b] + DataStructures v0.17.10
  [ffbed154] + DocStringExtensions v0.8.1
  [c87230d0] + FFMPEG v0.2.4
  [53c48c17] + FixedPointNumbers v0.7.1
  [de31a74c] + FunctionalCollections v0.5.0
  [4d00f742] + GeometryTypes v0.7.10
  [cd3eb016] + HTTP v0.8.12
  [9fb69e20] + Hiccup v0.2.2
  [83e8ac13] + IniFile v0.5.0
  [d3863d7c] + InteractBase v0.10.3
  [a98d9a8b] + Interpolations v0.12.8
  [97c1335a] + JSExpr v0.5.1
  [682c06a0] + JSON v0.18.0
  [bcebb21b] + Knockout v0.2.4
  [50d2b5c4] + Lazy v0.14.0
  [9c8b4983] + LightXML v0.8.1
  [39f5be34] + LoopThrottle v0.1.0
  [1914dd2f] + MacroTools v0.5.4
  [739be429] + MbedTLS v1.0.1
  [c8ffd9c3] + MbedTLS_jll v2.16.0+1
  [442fdcdd] + Measures v0.3.1
  [931e9471] + MechanismGeometries v0.4.1
  [283c5d60] + MeshCat v0.10.0
  [6ad125db] + MeshCatMechanisms v0.7.0
  [99f44e22] + MsgPack v1.1.0
  [a975b10e] + Mux v0.7.1
  [510215fc] + Observables v0.2.3
  [6fe1bfb0] + OffsetArrays v1.0.3
  [bac558e1] + OrderedCollections v1.1.0
  [d96e819e] + Parameters v0.12.0
  [fa939f87] + Pidfile v1.1.0
  [c84ed2f1] + Ratios v0.3.1
  [189a3867] + Reexport v0.2.0
  [ae029012] + Requires v1.0.1
  [366cf18f] + RigidBodyDynamics v2.2.0
  [6038ab10] + Rotations v0.13.0
  [90137ffa] + StaticArrays v0.12.1
  [94a5cd58] + TypeSortedCollections v1.1.0
  [30578b45] + URIParser v0.4.0
  [c4a57d5a] + UnsafeArrays v1.0.0
  [0f1e0344] + WebIO v0.8.13
  [104b5d7c] + WebSockets v1.5.2
  [cc8bc4a8] + Widgets v0.6.2
  [efce3f68] + WoodburyMatrices v0.5.1
  [2a0f44e3] + Base64 
  [ade2ca70] + Dates 
  [8bb1440f] + DelimitedFiles 
  [8ba89e20] + Distributed 
  [7b1f6079] + FileWatching 
  [b77e0a4c] + InteractiveUtils 
  [76f85450] + LibGit2 
  [8f399da3] + Libdl 
  [37e2e46d] + LinearAlgebra 
  [56ddb016] + Logging 
  [d6f4376e] + Markdown 
  [a63ad114] + Mmap 
  [44cfe95a] + Pkg 
  [de0858da] + Printf 
  [3fa0cd96] + REPL 
  [9a3f8284] + Random 
  [ea8e919c] + SHA 
  [9e88b42a] + Serialization 
  [1a1011a3] + SharedArrays 
  [6462fe0b] + Sockets 
  [2f01184e] + SparseArrays 
  [10745b16] + Statistics 
  [8dfed614] + Test 
  [cf7118a7] + UUIDs 
  [4ec0a83e] + Unicode 
  Building FFMPEG ───────────→ `~/.julia/packages/FFMPEG/guN1x/deps/build.log`
  Building MeshCat ──────────→ `~/.julia/packages/MeshCat/nXUuG/deps/build.log`
  Building WebIO ────────────→ `~/.julia/packages/WebIO/2nnB1/deps/build.log`
  Building Knockout ─────────→ `~/.julia/packages/Knockout/IP1uR/deps/build.log`
  Building InteractBase ─────→ `~/.julia/packages/InteractBase/9mFwe/deps/build.log`
  Building LightXML ─────────→ `~/.julia/packages/LightXML/W8FVT/deps/build.log`
  Building RigidBodyDynamics → `~/.julia/packages/RigidBodyDynamics/2qxSc/deps/build.log`
   Testing MeshCatMechanisms
 Resolving package versions...
ERROR: Unsatisfiable requirements detected for package JSON [682c06a0]:
 JSON [682c06a0] log:
 ├─possible versions are: [0.18.0, 0.19.0, 0.20.0-0.20.1, 0.21.0] or uninstalled
 ├─restricted to versions 0.18.0 by an explicit requirement, leaving only versions 0.18.0
 └─restricted by compatibility requirements with Blink [ad839575] to versions: 0.21.0 — no versions left
   └─Blink [ad839575] log:
     ├─possible versions are: [0.8.0-0.8.1, 0.9.0, 0.10.0-0.10.1, 0.11.0, 0.12.0-0.12.2] or uninstalled
     ├─restricted to versions * by an explicit requirement, leaving only versions [0.8.0-0.8.1, 0.9.0, 0.10.0-0.10.1, 0.11.0, 0.12.0-0.12.2]
     └─restricted by compatibility requirements with Lazy [50d2b5c4] to versions: 0.12.1-0.12.2 or uninstalled, leaving only versions: 0.12.1-0.12.2
       └─Lazy [50d2b5c4] log:
         ├─possible versions are: [0.13.0-0.13.2, 0.14.0, 0.15.0] or uninstalled
         └─restricted to versions 0.14.0 by an explicit requirement, leaving only versions 0.14.0
Stacktrace:
 [1] #propagate_constraints!#61(::Bool, ::typeof(Pkg.GraphType.propagate_constraints!), ::Pkg.GraphType.Graph, ::Set{Int64}) at /buildworker/worker/package_linux64/build/usr/share/julia/stdlib/v1.3/Pkg/src/GraphType.jl:1007
 [2] propagate_constraints! at /buildworker/worker/package_linux64/build/usr/share/julia/stdlib/v1.3/Pkg/src/GraphType.jl:948 [inlined]
 [3] #simplify_graph!#121(::Bool, ::typeof(Pkg.GraphType.simplify_graph!), ::Pkg.GraphType.Graph, ::Set{Int64}) at /buildworker/worker/package_linux64/build/usr/share/julia/stdlib/v1.3/Pkg/src/GraphType.jl:1462
 [4] simplify_graph! at /buildworker/worker/package_linux64/build/usr/share/julia/stdlib/v1.3/Pkg/src/GraphType.jl:1462 [inlined]
 [5] _resolve_versions!(::Pkg.Types.Context, ::Array{Pkg.Types.PackageSpec,1}, ::Nothing) at /buildworker/worker/package_linux64/build/usr/share/julia/stdlib/v1.3/Pkg/src/backwards_compatible_isolation.jl:148
 [6] _resolve_versions! at /buildworker/worker/package_linux64/build/usr/share/julia/stdlib/v1.3/Pkg/src/backwards_compatible_isolation.jl:93 [inlined]
 [7] #_add_or_develop#26(::Array{Base.UUID,1}, ::Symbol, ::typeof(Pkg.Operations._add_or_develop), ::Pkg.Types.Context, ::Array{Pkg.Types.PackageSpec,1}) at /buildworker/worker/package_linux64/build/usr/share/julia/stdlib/v1.3/Pkg/src/backwards_compatible_isolation.jl:348
 [8] _add_or_develop at /buildworker/worker/package_linux64/build/usr/share/julia/stdlib/v1.3/Pkg/src/backwards_compatible_isolation.jl:333 [inlined]
 [9] (::Pkg.Operations.var"#30#36"{Bool,Pkg.Operations.var"#42#44"{Pkg.Types.Context,Pkg.Types.PackageSpec,Pkg.Operations.var"#41#43"{Pkg.Types.Context,Pkg.Types.PackageSpec,Array{String,1},Cmd}},Pkg.Types.Context,Pkg.Types.PackageSpec,Pkg.Types.Context,Set{Base.UUID},Set{Base.UUID},Array{Pkg.Types.PackageSpec,1}})(::String) at /buildworker/worker/package_linux64/build/usr/share/julia/stdlib/v1.3/Pkg/src/backwards_compatible_isolation.jl:537
 [10] #mktempdir#18(::String, ::typeof(mktempdir), ::Pkg.Operations.var"#30#36"{Bool,Pkg.Operations.var"#42#44"{Pkg.Types.Context,Pkg.Types.PackageSpec,Pkg.Operations.var"#41#43"{Pkg.Types.Context,Pkg.Types.PackageSpec,Array{String,1},Cmd}},Pkg.Types.Context,Pkg.Types.PackageSpec,Pkg.Types.Context,Set{Base.UUID},Set{Base.UUID},Array{Pkg.Types.PackageSpec,1}}, ::String) at ./file.jl:634
 [11] mktempdir at ./file.jl:632 [inlined] (repeats 2 times)
 [12] #with_dependencies_loadable_at_toplevel#27(::Bool, ::typeof(Pkg.Operations.with_dependencies_loadable_at_toplevel), ::Pkg.Operations.var"#42#44"{Pkg.Types.Context,Pkg.Types.PackageSpec,Pkg.Operations.var"#41#43"{Pkg.Types.Context,Pkg.Types.PackageSpec,Array{String,1},Cmd}}, ::Pkg.Types.Context, ::Pkg.Types.PackageSpec) at /buildworker/worker/package_linux64/build/usr/share/julia/stdlib/v1.3/Pkg/src/backwards_compatible_isolation.jl:516
 [13] #with_dependencies_loadable_at_toplevel at ./none:0 [inlined]
 [14] #backwards_compatibility_for_test#40(::Cmd, ::Cmd, ::typeof(Pkg.Operations.backwards_compatibility_for_test), ::Pkg.Types.Context, ::Pkg.Types.PackageSpec, ::String, ::Array{String,1}, ::Bool) at /buildworker/worker/package_linux64/build/usr/share/julia/stdlib/v1.3/Pkg/src/backwards_compatible_isolation.jl:608
 [15] #backwards_compatibility_for_test at ./none:0 [inlined]
 [16] #test#131(::Bool, ::Nothing, ::Cmd, ::Cmd, ::typeof(Pkg.Operations.test), ::Pkg.Types.Context, ::Array{Pkg.Types.PackageSpec,1}) at /buildworker/worker/package_linux64/build/usr/share/julia/stdlib/v1.3/Pkg/src/Operations.jl:1347
 [17] #test at ./none:0 [inlined]
 [18] #test#62(::Bool, ::Nothing, ::Cmd, ::Cmd, ::Base.Iterators.Pairs{Union{},Union{},Tuple{},NamedTuple{(),Tuple{}}}, ::typeof(Pkg.API.test), ::Pkg.Types.Context, ::Array{Pkg.Types.PackageSpec,1}) at /buildworker/worker/package_linux64/build/usr/share/julia/stdlib/v1.3/Pkg/src/API.jl:253
 [19] test(::Pkg.Types.Context, ::Array{Pkg.Types.PackageSpec,1}) at /buildworker/worker/package_linux64/build/usr/share/julia/stdlib/v1.3/Pkg/src/API.jl:239
 [20] #test#61 at /buildworker/worker/package_linux64/build/usr/share/julia/stdlib/v1.3/Pkg/src/API.jl:233 [inlined]
 [21] test at /buildworker/worker/package_linux64/build/usr/share/julia/stdlib/v1.3/Pkg/src/API.jl:233 [inlined]
 [22] #test#60 at /buildworker/worker/package_linux64/build/usr/share/julia/stdlib/v1.3/Pkg/src/API.jl:232 [inlined]
 [23] test at /buildworker/worker/package_linux64/build/usr/share/julia/stdlib/v1.3/Pkg/src/API.jl:232 [inlined]
 [24] #test#59(::Base.Iterators.Pairs{Union{},Union{},Tuple{},NamedTuple{(),Tuple{}}}, ::typeof(Pkg.API.test), ::String) at /buildworker/worker/package_linux64/build/usr/share/julia/stdlib/v1.3/Pkg/src/API.jl:231
 [25] test(::String) at /buildworker/worker/package_linux64/build/usr/share/julia/stdlib/v1.3/Pkg/src/API.jl:231
 [26] top-level scope at none:13
