Julia Version 1.4.0
Commit b8e9a9ecc6 (2020-03-21 16:36 UTC)
Platform Info:
  OS: Linux (x86_64-pc-linux-gnu)
  CPU: AMD Ryzen Threadripper 2990WX 32-Core Processor
  WORD_SIZE: 64
  LIBM: libopenlibm
  LLVM: libLLVM-8.0.1 (ORCJIT, znver1)
Environment:
  JULIA_DEPOT_PATH = ::/usr/local/share/julia
  JULIA_NUM_THREADS = 2

  Resolving package versions...
  Installed Compat ───────────── v2.2.0
  Installed CMake ────────────── v1.2.0
  Installed MIRTio ───────────── v0.2.2
  Installed BinaryProvider ───── v0.5.8
    Cloning [a74b3585-a348-5f62-a45c-50e91977d574] Blosc from https://github.com/stevengj/Blosc.jl.git
[?25l    Fetching: [>                                        ]  0.0 %[2K[?25h  Installed Blosc ────────────── v0.5.1
    Cloning [d5fb7624-851a-54ee-a528-d3f3bac0b4a0] CMakeWrapper from https://github.com/JuliaPackaging/CMakeWrapper.jl.git
[?25l    Fetching: [>                                        ]  0.0 %[2K[?25h  Installed CMakeWrapper ─────── v0.2.3
    Cloning [d96e819e-fc66-5662-9728-84c9c7592b0a] Parameters from https://github.com/mauro3/Parameters.jl.git
[?25l    Fetching: [>                                        ]  0.0 %[2K[?25h  Installed Parameters ───────── v0.12.0
    Cloning [30578b45-9adc-5946-b283-645ec420af67] URIParser from https://github.com/JuliaWeb/URIParser.jl.git
[?25l    Fetching: [>                                        ]  0.0 %[2K[?25h  Installed URIParser ────────── v0.4.0
    Cloning [bac558e1-5e72-5ebc-8fee-abe8a469f55d] OrderedCollections from https://github.com/JuliaCollections/OrderedCollections.jl.git
[?25l    Fetching: [>                                        ]  0.0 %[2K[?25h  Installed OrderedCollections ─ v1.1.0
    Cloning [9e28174c-4ba2-5203-b857-d8d62c4213ee] BinDeps from https://github.com/JuliaPackaging/BinDeps.jl.git
[?25l    Fetching: [>                                        ]  0.0 %[2K[?25h  Installed BinDeps ──────────── v1.0.0
    Cloning [f67ccb44-e63f-5c2f-98bd-6dc0ccc4ba2f] HDF5 from https://github.com/JuliaIO/HDF5.jl.git
[?25l    Fetching: [>                                        ]  0.0 %[2K[?25h  Installed HDF5 ─────────────── v0.12.5
   Updating `~/.julia/environments/v1.4/Project.toml`
  [274281c4] + MIRTio v0.2.2
   Updating `~/.julia/environments/v1.4/Manifest.toml`
  [9e28174c] + BinDeps v1.0.0
  [b99e7846] + BinaryProvider v0.5.8
  [a74b3585] + Blosc v0.5.1
  [631607c0] + CMake v1.2.0
  [d5fb7624] + CMakeWrapper v0.2.3
  [34da2185] + Compat v2.2.0
  [f67ccb44] + HDF5 v0.12.5
  [274281c4] + MIRTio v0.2.2
  [bac558e1] + OrderedCollections v1.1.0
  [d96e819e] + Parameters v0.12.0
  [30578b45] + URIParser v0.4.0
  [2a0f44e3] + Base64 
  [ade2ca70] + Dates 
  [8bb1440f] + DelimitedFiles 
  [8ba89e20] + Distributed 
  [b77e0a4c] + InteractiveUtils 
  [76f85450] + LibGit2 
  [8f399da3] + Libdl 
  [37e2e46d] + LinearAlgebra 
  [56ddb016] + Logging 
  [d6f4376e] + Markdown 
  [a63ad114] + Mmap 
  [44cfe95a] + Pkg 
  [de0858da] + Printf 
  [3fa0cd96] + REPL 
  [9a3f8284] + Random 
  [ea8e919c] + SHA 
  [9e88b42a] + Serialization 
  [1a1011a3] + SharedArrays 
  [6462fe0b] + Sockets 
  [2f01184e] + SparseArrays 
  [10745b16] + Statistics 
  [8dfed614] + Test 
  [cf7118a7] + UUIDs 
  [4ec0a83e] + Unicode 
   Building CMake → `~/.julia/packages/CMake/ULbyn/deps/build.log`
┌ Error: Error building `CMake`: 
│   % Total    % Received % Xferd  Average Speed   Time    Time     Time  Current
│                                  Dload  Upload   Total   Spent    Left  Speed
│   0     0    0     0    0     0      0      0 --:--:-- --:--:-- --:--:--     0  0     0    0     0    0     0      0      0 --:--:-- --:--:-- --:--:--     0
│ curl: (22) The requested URL returned error: 401 UNAUTHORIZED
│ [ Info: Attempting to create directory /home/pkgeval/.julia/packages/CMake/ULbyn/deps/downloads
│ [ Info: Downloading file https://github.com/Kitware/CMake/releases/download/v3.15.3/cmake-3.15.3-Linux-x86_64.tar.gz
│ ERROR: LoadError: failed process: Process(`curl -f -o /home/pkgeval/.julia/packages/CMake/ULbyn/deps/downloads/cmake-3.15.3-Linux-x86_64.tar.gz -L https://github.com/Kitware/CMake/releases/download/v3.15.3/cmake-3.15.3-Linux-x86_64.tar.gz`, ProcessExited(22)) [22]
│ 
│ Stacktrace:
│  [1] pipeline_error at ./process.jl:525 [inlined]
│  [2] run(::Cmd; wait::Bool) at ./process.jl:440
│  [3] run(::Cmd) at ./process.jl:438
│  [4] run(::BinDeps.SynchronousStepCollection) at /home/pkgeval/.julia/packages/BinDeps/eiJeV/src/BinDeps.jl:524
│  [5] run(::FileRule) at /home/pkgeval/.julia/packages/BinDeps/eiJeV/src/BinDeps.jl:486
│  [6] run(::BinDeps.SynchronousStepCollection) at /home/pkgeval/.julia/packages/BinDeps/eiJeV/src/BinDeps.jl:524
│  [7] run(::FileRule) at /home/pkgeval/.julia/packages/BinDeps/eiJeV/src/BinDeps.jl:486
│  [8] run(::BinDeps.SynchronousStepCollection) at /home/pkgeval/.julia/packages/BinDeps/eiJeV/src/BinDeps.jl:524
│  [9] top-level scope at /home/pkgeval/.julia/packages/CMake/ULbyn/deps/build.jl:158
│  [10] include(::String) at ./client.jl:439
│  [11] top-level scope at none:5
│ in expression starting at /home/pkgeval/.julia/packages/CMake/ULbyn/deps/build.jl:158
└ @ Pkg.Operations /buildworker/worker/package_linux64/build/usr/share/julia/stdlib/v1.4/Pkg/src/Operations.jl:892
   Building Blosc → `~/.julia/packages/Blosc/lzFr0/deps/build.log`
┌ Error: Error building `Blosc`: 
│ ERROR: LoadError: CMake not properly installed. Please run
│ Pkg.build("CMake")
│ Stacktrace:
│  [1] error(::String) at ./error.jl:33
│  [2] top-level scope at /home/pkgeval/.julia/packages/CMake/ULbyn/src/CMake.jl:13
│  [3] include(::Module, ::String) at ./Base.jl:377
│  [4] top-level scope at none:2
│  [5] eval at ./boot.jl:331 [inlined]
│  [6] eval(::Expr) at ./client.jl:449
│  [7] top-level scope at ./none:3
│ in expression starting at /home/pkgeval/.julia/packages/CMake/ULbyn/src/CMake.jl:12
│ ERROR: LoadError: Failed to precompile CMake [631607c0-34d2-5d66-819e-eb0f9aa2061a] to /home/pkgeval/.julia/compiled/v1.4/CMake/TDh52_giL7A.ji.
│ Stacktrace:
│  [1] error(::String) at ./error.jl:33
│  [2] compilecache(::Base.PkgId, ::String) at ./loading.jl:1272
│  [3] _require(::Base.PkgId) at ./loading.jl:1029
│  [4] require(::Base.PkgId) at ./loading.jl:927
│  [5] require(::Module, ::Symbol) at ./loading.jl:922
│  [6] include(::Module, ::String) at ./Base.jl:377
│  [7] top-level scope at none:2
│  [8] eval at ./boot.jl:331 [inlined]
│  [9] eval(::Expr) at ./client.jl:449
│  [10] top-level scope at ./none:3
│ in expression starting at /home/pkgeval/.julia/packages/CMakeWrapper/Aj38O/src/CMakeWrapper.jl:21
│ ERROR: LoadError: LoadError: Failed to precompile CMakeWrapper [d5fb7624-851a-54ee-a528-d3f3bac0b4a0] to /home/pkgeval/.julia/compiled/v1.4/CMakeWrapper/geahK_giL7A.ji.
│ Stacktrace:
│  [1] error(::String) at ./error.jl:33
│  [2] compilecache(::Base.PkgId, ::String) at ./loading.jl:1272
│  [3] _require(::Base.PkgId) at ./loading.jl:1029
│  [4] require(::Base.PkgId) at ./loading.jl:927
│  [5] require(::Module, ::Symbol) at ./loading.jl:922
│  [6] include(::String) at ./client.jl:439
│  [7] top-level scope at /home/pkgeval/.julia/packages/Blosc/lzFr0/deps/build.jl:2
│  [8] include(::String) at ./client.jl:439
│  [9] top-level scope at none:5
│ in expression starting at /home/pkgeval/.julia/packages/Blosc/lzFr0/deps/compile.jl:2
│ in expression starting at /home/pkgeval/.julia/packages/Blosc/lzFr0/deps/build.jl:2
└ @ Pkg.Operations /buildworker/worker/package_linux64/build/usr/share/julia/stdlib/v1.4/Pkg/src/Operations.jl:892
   Building HDF5 ─→ `~/.julia/packages/HDF5/Zh9on/deps/build.log`
┌ Error: Error building `HDF5`: 
│ ERROR: LoadError: CMake not properly installed. Please run
│ Pkg.build("CMake")
│ Stacktrace:
│  [1] error(::String) at ./error.jl:33
│  [2] top-level scope at /home/pkgeval/.julia/packages/CMake/ULbyn/src/CMake.jl:13
│  [3] include(::Module, ::String) at ./Base.jl:377
│  [4] top-level scope at none:2
│  [5] eval at ./boot.jl:331 [inlined]
│  [6] eval(::Expr) at ./client.jl:449
│  [7] top-level scope at ./none:3
│ in expression starting at /home/pkgeval/.julia/packages/CMake/ULbyn/src/CMake.jl:12
│ ERROR: LoadError: Failed to precompile CMake [631607c0-34d2-5d66-819e-eb0f9aa2061a] to /home/pkgeval/.julia/compiled/v1.4/CMake/TDh52_hHMsb.ji.
│ Stacktrace:
│  [1] error(::String) at ./error.jl:33
│  [2] compilecache(::Base.PkgId, ::String) at ./loading.jl:1272
│  [3] _require(::Base.PkgId) at ./loading.jl:1029
│  [4] require(::Base.PkgId) at ./loading.jl:927
│  [5] require(::Module, ::Symbol) at ./loading.jl:922
│  [6] include(::Module, ::String) at ./Base.jl:377
│  [7] top-level scope at none:2
│  [8] eval at ./boot.jl:331 [inlined]
│  [9] eval(::Expr) at ./client.jl:449
│  [10] top-level scope at ./none:3
│ in expression starting at /home/pkgeval/.julia/packages/CMakeWrapper/Aj38O/src/CMakeWrapper.jl:21
│ [ Info: Downloading https://github.com/bicycle1885/ZlibBuilder/releases/download/v1.0.4/Zlib.v1.2.11.x86_64-linux-gnu.tar.gz to /home/pkgeval/.julia/packages/HDF5/Zh9on/deps/usr/downloads/Zlib.v1.2.11.x86_64-linux-gnu.tar.gz...
│ ERROR: LoadError: LoadError: LoadError: Failed to precompile CMakeWrapper [d5fb7624-851a-54ee-a528-d3f3bac0b4a0] to /home/pkgeval/.julia/compiled/v1.4/CMakeWrapper/geahK_hHMsb.ji.
│ Stacktrace:
│  [1] error(::String) at ./error.jl:33
│  [2] compilecache(::Base.PkgId, ::String) at ./loading.jl:1272
│  [3] _require(::Base.PkgId) at ./loading.jl:1029
│  [4] require(::Base.PkgId) at ./loading.jl:927
│  [5] require(::Module, ::Symbol) at ./loading.jl:922
│  [6] include(::String) at ./client.jl:439
│  [7] top-level scope at /home/pkgeval/.julia/packages/HDF5/Zh9on/deps/build_HDF5.v1.10.5.jl:3
│  [8] include(::String) at ./client.jl:439
│  [9] top-level scope at /home/pkgeval/.julia/packages/HDF5/Zh9on/deps/build.jl:2
│  [10] include(::String) at ./client.jl:439
│  [11] top-level scope at none:5
│ in expression starting at /home/pkgeval/.julia/packages/HDF5/Zh9on/deps/compile.jl:2
│ in expression starting at /home/pkgeval/.julia/packages/HDF5/Zh9on/deps/build_HDF5.v1.10.5.jl:3
│ in expression starting at /home/pkgeval/.julia/packages/HDF5/Zh9on/deps/build.jl:2
│ [10:56:49] #=#=#                                                                         [10:56:49] [10:56:50] ######################################################################## 100.0%##O#- #                                                                       [10:56:50] ##=O#- #                                                                      [10:56:50] #-#O=#  #                                                                     [10:56:50] [10:56:50] #########                                                                 12.8%[10:56:50] ###################                                                       26.9%[10:56:50] #############################                                             40.5%[10:56:51] ######################################                                    54.1%[10:56:51] ##########################################################                81.4%[10:56:51] ######################################################################## 100.0%
└ @ Pkg.Operations /buildworker/worker/package_linux64/build/usr/share/julia/stdlib/v1.4/Pkg/src/Operations.jl:892
    Testing MIRTio
Status `/tmp/jl_PKcLyA/Manifest.toml`
  [9e28174c] BinDeps v1.0.0
  [b99e7846] BinaryProvider v0.5.8
  [a74b3585] Blosc v0.5.1
  [631607c0] CMake v1.2.0
  [d5fb7624] CMakeWrapper v0.2.3
  [34da2185] Compat v2.2.0
  [f67ccb44] HDF5 v0.12.5
  [274281c4] MIRTio v0.2.2
  [bac558e1] OrderedCollections v1.1.0
  [d96e819e] Parameters v0.12.0
  [30578b45] URIParser v0.4.0
  [2a0f44e3] Base64 
  [ade2ca70] Dates 
  [8bb1440f] DelimitedFiles 
  [8ba89e20] Distributed 
  [b77e0a4c] InteractiveUtils 
  [76f85450] LibGit2 
  [8f399da3] Libdl 
  [37e2e46d] LinearAlgebra 
  [56ddb016] Logging 
  [d6f4376e] Markdown 
  [a63ad114] Mmap 
  [44cfe95a] Pkg 
  [de0858da] Printf 
  [3fa0cd96] REPL 
  [9a3f8284] Random 
  [ea8e919c] SHA 
  [9e88b42a] Serialization 
  [1a1011a3] SharedArrays 
  [6462fe0b] Sockets 
  [2f01184e] SparseArrays 
  [10745b16] Statistics 
  [8dfed614] Test 
  [cf7118a7] UUIDs 
  [4ec0a83e] Unicode 
ERROR: LoadError: UndefVarError: libhdf5 not defined
Stacktrace:
 [1] h5_get_libversion() at /home/pkgeval/.julia/packages/HDF5/Zh9on/src/HDF5.jl:38
 [2] top-level scope at /home/pkgeval/.julia/packages/HDF5/Zh9on/src/HDF5.jl:44
 [3] include(::Module, ::String) at ./Base.jl:377
 [4] top-level scope at none:2
 [5] eval at ./boot.jl:331 [inlined]
 [6] eval(::Expr) at ./client.jl:449
 [7] top-level scope at ./none:3
in expression starting at /home/pkgeval/.julia/packages/HDF5/Zh9on/src/HDF5.jl:44
ERROR: LoadError: LoadError: Failed to precompile HDF5 [f67ccb44-e63f-5c2f-98bd-6dc0ccc4ba2f] to /home/pkgeval/.julia/compiled/v1.4/HDF5/L7Dga_ni69P.ji.
Stacktrace:
 [1] error(::String) at ./error.jl:33
 [2] compilecache(::Base.PkgId, ::String) at ./loading.jl:1272
 [3] _require(::Base.PkgId) at ./loading.jl:1029
 [4] require(::Base.PkgId) at ./loading.jl:927
 [5] require(::Module, ::Symbol) at ./loading.jl:922
 [6] include(::Module, ::String) at ./Base.jl:377
 [7] include(::String) at /home/pkgeval/.julia/packages/MIRTio/8FBPT/src/MIRTio.jl:5
 [8] top-level scope at /home/pkgeval/.julia/packages/MIRTio/8FBPT/src/MIRTio.jl:7
 [9] include(::Module, ::String) at ./Base.jl:377
 [10] top-level scope at none:2
 [11] eval at ./boot.jl:331 [inlined]
 [12] eval(::Expr) at ./client.jl:449
 [13] top-level scope at ./none:3
in expression starting at /home/pkgeval/.julia/packages/MIRTio/8FBPT/src/fastmri/hdf5utils.jl:11
in expression starting at /home/pkgeval/.julia/packages/MIRTio/8FBPT/src/MIRTio.jl:7
ERROR: LoadError: Failed to precompile MIRTio [274281c4-ae57-11e9-2014-65d3d5d9358c] to /home/pkgeval/.julia/compiled/v1.4/MIRTio/18KIV_ni69P.ji.
Stacktrace:
 [1] error(::String) at ./error.jl:33
 [2] compilecache(::Base.PkgId, ::String) at ./loading.jl:1272
 [3] _require(::Base.PkgId) at ./loading.jl:1029
 [4] require(::Base.PkgId) at ./loading.jl:927
 [5] require(::Module, ::Symbol) at ./loading.jl:922
 [6] include(::String) at ./client.jl:439
 [7] top-level scope at none:6
in expression starting at /home/pkgeval/.julia/packages/MIRTio/8FBPT/test/runtests.jl:3
ERROR: Package MIRTio errored during testing
Stacktrace:
 [1] pkgerror(::String, ::Vararg{String,N} where N) at /buildworker/worker/package_linux64/build/usr/share/julia/stdlib/v1.4/Pkg/src/Types.jl:53
 [2] test(::Pkg.Types.Context, ::Array{Pkg.Types.PackageSpec,1}; coverage::Bool, julia_args::Cmd, test_args::Cmd, test_fn::Nothing) at /buildworker/worker/package_linux64/build/usr/share/julia/stdlib/v1.4/Pkg/src/Operations.jl:1503
 [3] test(::Pkg.Types.Context, ::Array{Pkg.Types.PackageSpec,1}; coverage::Bool, test_fn::Nothing, julia_args::Cmd, test_args::Cmd, kwargs::Base.Iterators.Pairs{Union{},Union{},Tuple{},NamedTuple{(),Tuple{}}}) at /buildworker/worker/package_linux64/build/usr/share/julia/stdlib/v1.4/Pkg/src/API.jl:316
 [4] test(::Pkg.Types.Context, ::Array{Pkg.Types.PackageSpec,1}) at /buildworker/worker/package_linux64/build/usr/share/julia/stdlib/v1.4/Pkg/src/API.jl:303
 [5] #test#68 at /buildworker/worker/package_linux64/build/usr/share/julia/stdlib/v1.4/Pkg/src/API.jl:297 [inlined]
 [6] test at /buildworker/worker/package_linux64/build/usr/share/julia/stdlib/v1.4/Pkg/src/API.jl:297 [inlined]
 [7] #test#67 at /buildworker/worker/package_linux64/build/usr/share/julia/stdlib/v1.4/Pkg/src/API.jl:296 [inlined]
 [8] test at /buildworker/worker/package_linux64/build/usr/share/julia/stdlib/v1.4/Pkg/src/API.jl:296 [inlined]
 [9] test(::String; kwargs::Base.Iterators.Pairs{Union{},Union{},Tuple{},NamedTuple{(),Tuple{}}}) at /buildworker/worker/package_linux64/build/usr/share/julia/stdlib/v1.4/Pkg/src/API.jl:295
 [10] test(::String) at /buildworker/worker/package_linux64/build/usr/share/julia/stdlib/v1.4/Pkg/src/API.jl:295
 [11] top-level scope at none:16
