Julia Version 1.4.0
Commit b8e9a9ecc6 (2020-03-21 16:36 UTC)
Platform Info:
  OS: Linux (x86_64-pc-linux-gnu)
  CPU: AMD Ryzen Threadripper 2990WX 32-Core Processor
  WORD_SIZE: 64
  LIBM: libopenlibm
  LLVM: libLLVM-8.0.1 (ORCJIT, znver1)
Environment:
  JULIA_DEPOT_PATH = ::/usr/local/share/julia
  JULIA_NUM_THREADS = 2

  Resolving package versions...
  Installed Reexport â”€â”€â”€â”€â”€â”€â”€â”€â”€â”€â”€ v0.2.0
  Installed Combinatorics â”€â”€â”€â”€â”€â”€ v1.0.0
  Installed URIParser â”€â”€â”€â”€â”€â”€â”€â”€â”€â”€ v0.4.0
  Installed OrderedCollections â”€ v1.1.0
  Installed SpecialFunctions â”€â”€â”€ v0.8.0
  Installed Mozi â”€â”€â”€â”€â”€â”€â”€â”€â”€â”€â”€â”€â”€â”€â”€ v0.0.2
  Installed RecipesBase â”€â”€â”€â”€â”€â”€â”€â”€ v0.8.0
  Installed VersionParsing â”€â”€â”€â”€â”€ v1.2.0
  Installed QuadGK â”€â”€â”€â”€â”€â”€â”€â”€â”€â”€â”€â”€â”€ v2.3.1
  Installed Conda â”€â”€â”€â”€â”€â”€â”€â”€â”€â”€â”€â”€â”€â”€ v1.4.1
  Installed HCubature â”€â”€â”€â”€â”€â”€â”€â”€â”€â”€ v1.4.0
    Cloning [9e28174c-4ba2-5203-b857-d8d62c4213ee] BinDeps from https://github.com/JuliaPackaging/BinDeps.jl.git
[?25l    Fetching: [>                                        ]  0.0 %[2K[?25h  Installed BinDeps â”€â”€â”€â”€â”€â”€â”€â”€â”€â”€â”€â”€ v1.0.0
    Cloning [69de0a69-1ddd-5017-9359-2bf0b02dc9f0] Parsers from https://github.com/JuliaData/Parsers.jl.git
[?25l    Fetching: [>                                        ]  0.0 %[2K[?25h  Installed Parsers â”€â”€â”€â”€â”€â”€â”€â”€â”€â”€â”€â”€ v0.3.12
    Cloning [7d9fca2a-8960-54d3-9f78-7d1dccf2cb97] Arpack from https://github.com/JuliaLinearAlgebra/Arpack.jl.git
[?25l    Fetching: [>                                        ]  0.0 %[2K[?25h  Installed Arpack â”€â”€â”€â”€â”€â”€â”€â”€â”€â”€â”€â”€â”€ v0.4.0
    Cloning [68821587-b530-5797-8361-c406ea357684] Arpack_jll from https://github.com/JuliaBinaryWrappers/Arpack_jll.jl.git
[?25l    Fetching: [>                                        ]  0.0 %[2K[?25h  Installed Arpack_jll â”€â”€â”€â”€â”€â”€â”€â”€â”€ v3.5.0+2
    Cloning [717857b8-e6f2-59f4-9121-6e50c889abd2] DSP from https://github.com/JuliaDSP/DSP.jl.git
[?25l    Fetching: [>                                        ]  0.0 %[2K[?25h  Installed DSP â”€â”€â”€â”€â”€â”€â”€â”€â”€â”€â”€â”€â”€â”€â”€â”€ v0.6.0
    Cloning [90137ffa-7385-5640-81b9-e52037218182] StaticArrays from https://github.com/JuliaArrays/StaticArrays.jl.git
[?25l    Fetching: [>                                        ]  0.0 %[2K[?25h  Installed StaticArrays â”€â”€â”€â”€â”€â”€â”€ v0.12.1
    Cloning [4536629a-c528-5b80-bd46-f80d51c5b363] OpenBLAS_jll from https://github.com/JuliaBinaryWrappers/OpenBLAS_jll.jl.git
[?25l    Fetching: [>                                        ]  0.0 %[2K[?25h  Installed OpenBLAS_jll â”€â”€â”€â”€â”€â”€â”€ v0.3.7+8
    Cloning [864edb3b-99cc-5e75-8d2d-829cb0a9cfe8] DataStructures from https://github.com/JuliaCollections/DataStructures.jl.git
[?25l    Fetching: [>                                        ]  0.0 %[2K[?25h  Installed DataStructures â”€â”€â”€â”€â”€ v0.17.10
    Cloning [f27b6e38-b328-58d1-80ce-0feddd5e7a45] Polynomials from https://github.com/JuliaMath/Polynomials.jl.git
[?25l    Fetching: [>                                        ]  0.0 %[2K[?25h  Installed Polynomials â”€â”€â”€â”€â”€â”€â”€â”€ v0.6.1
    Cloning [b99e7846-7c00-51b0-8f62-c81ae34c0232] BinaryProvider from https://github.com/JuliaPackaging/BinaryProvider.jl.git
[?25l    Fetching: [>                                        ]  0.0 %[2K[?25h  Installed BinaryProvider â”€â”€â”€â”€â”€ v0.5.8
    Cloning [621f4979-c628-5d54-868e-fcf4e3e8185c] AbstractFFTs from https://github.com/JuliaMath/AbstractFFTs.jl.git
[?25l    Fetching: [>                                        ]  0.0 %[2K[?25h  Installed AbstractFFTs â”€â”€â”€â”€â”€â”€â”€ v0.4.1
    Cloning [682c06a0-de6a-54ab-a142-c8b1cf79cde6] JSON from https://github.com/JuliaIO/JSON.jl.git
[?25l    Fetching: [>                                        ]  0.0 %[2K[?25h  Installed JSON â”€â”€â”€â”€â”€â”€â”€â”€â”€â”€â”€â”€â”€â”€â”€ v0.21.0
    Cloning [7a1cc6ca-52ef-59f5-83cd-3a7055c09341] FFTW from https://github.com/JuliaMath/FFTW.jl.git
[?25l    Fetching: [>                                        ]  0.0 %[2K[?25h  Installed FFTW â”€â”€â”€â”€â”€â”€â”€â”€â”€â”€â”€â”€â”€â”€â”€ v0.3.0
   Updating `~/.julia/environments/v1.4/Project.toml`
  [938b0b66] + Mozi v0.0.2
   Updating `~/.julia/environments/v1.4/Manifest.toml`
  [621f4979] + AbstractFFTs v0.4.1
  [7d9fca2a] + Arpack v0.4.0
  [68821587] + Arpack_jll v3.5.0+2
  [9e28174c] + BinDeps v1.0.0
  [b99e7846] + BinaryProvider v0.5.8
  [861a8166] + Combinatorics v1.0.0
  [8f4d0f93] + Conda v1.4.1
  [717857b8] + DSP v0.6.0
  [864edb3b] + DataStructures v0.17.10
  [7a1cc6ca] + FFTW v0.3.0
  [19dc6840] + HCubature v1.4.0
  [682c06a0] + JSON v0.21.0
  [938b0b66] + Mozi v0.0.2
  [4536629a] + OpenBLAS_jll v0.3.7+8
  [bac558e1] + OrderedCollections v1.1.0
  [69de0a69] + Parsers v0.3.12
  [f27b6e38] + Polynomials v0.6.1
  [1fd47b50] + QuadGK v2.3.1
  [3cdcf5f2] + RecipesBase v0.8.0
  [189a3867] + Reexport v0.2.0
  [276daf66] + SpecialFunctions v0.8.0
  [90137ffa] + StaticArrays v0.12.1
  [30578b45] + URIParser v0.4.0
  [81def892] + VersionParsing v1.2.0
  [2a0f44e3] + Base64 
  [ade2ca70] + Dates 
  [8ba89e20] + Distributed 
  [b77e0a4c] + InteractiveUtils 
  [76f85450] + LibGit2 
  [8f399da3] + Libdl 
  [37e2e46d] + LinearAlgebra 
  [56ddb016] + Logging 
  [d6f4376e] + Markdown 
  [a63ad114] + Mmap 
  [44cfe95a] + Pkg 
  [de0858da] + Printf 
  [3fa0cd96] + REPL 
  [9a3f8284] + Random 
  [ea8e919c] + SHA 
  [9e88b42a] + Serialization 
  [6462fe0b] + Sockets 
  [2f01184e] + SparseArrays 
  [10745b16] + Statistics 
  [8dfed614] + Test 
  [cf7118a7] + UUIDs 
  [4ec0a83e] + Unicode 
   Building SpecialFunctions â†’ `~/.julia/packages/SpecialFunctions/ne2iw/deps/build.log`
   Building Conda â”€â”€â”€â”€â”€â”€â”€â”€â”€â”€â”€â†’ `~/.julia/packages/Conda/3rPhK/deps/build.log`
   Building FFTW â”€â”€â”€â”€â”€â”€â”€â”€â”€â”€â”€â”€â†’ `~/.julia/packages/FFTW/2okGQ/deps/build.log`
    Testing Mozi
[?25l    Fetching: [>                                        ]  0.0 %[2K[?25hStatus `/tmp/jl_LRsyk9/Manifest.toml`
  [621f4979] AbstractFFTs v0.4.1
  [7d9fca2a] Arpack v0.4.0
  [68821587] Arpack_jll v3.5.0+2
  [9e28174c] BinDeps v1.0.0
  [b99e7846] BinaryProvider v0.5.8
  [861a8166] Combinatorics v1.0.0
  [8f4d0f93] Conda v1.4.1
  [717857b8] DSP v0.6.0
  [864edb3b] DataStructures v0.17.10
  [7a1cc6ca] FFTW v0.3.0
  [19dc6840] HCubature v1.4.0
  [1d5cc7b8] IntelOpenMP_jll v2018.0.3+0
  [682c06a0] JSON v0.21.0
  [856f044c] MKL_jll v2020.0.166+0
  [938b0b66] Mozi v0.0.2
  [4536629a] OpenBLAS_jll v0.3.7+8
  [bac558e1] OrderedCollections v1.1.0
  [46dd5b70] Pardiso v0.5.1
  [69de0a69] Parsers v0.3.12
  [f27b6e38] Polynomials v0.6.1
  [1fd47b50] QuadGK v2.3.1
  [3cdcf5f2] RecipesBase v0.8.0
  [189a3867] Reexport v0.2.0
  [276daf66] SpecialFunctions v0.8.0
  [90137ffa] StaticArrays v0.12.1
  [30578b45] URIParser v0.4.0
  [81def892] VersionParsing v1.2.0
  [2a0f44e3] Base64 
  [ade2ca70] Dates 
  [8ba89e20] Distributed 
  [b77e0a4c] InteractiveUtils 
  [76f85450] LibGit2 
  [8f399da3] Libdl 
  [37e2e46d] LinearAlgebra 
  [56ddb016] Logging 
  [d6f4376e] Markdown 
  [a63ad114] Mmap 
  [44cfe95a] Pkg 
  [de0858da] Printf 
  [3fa0cd96] REPL 
  [9a3f8284] Random 
  [ea8e919c] SHA 
  [9e88b42a] Serialization 
  [6462fe0b] Sockets 
  [2f01184e] SparseArrays 
  [10745b16] Statistics 
  [8dfed614] Test 
  [cf7118a7] UUIDs 
  [4ec0a83e] Unicode 
WARNING: Method definition getindex(Mozi.FESparse.SparseMatrixCOO{Tv, Ti} where Ti<:Integer where Tv, Int64, Int64) in module FESparse at /home/pkgeval/.julia/packages/Mozi/swp7G/src/FESparse.jl:65 overwritten at /home/pkgeval/.julia/packages/Mozi/swp7G/src/FESparse.jl:70.
  ** incremental compilation may be fatally broken for this module **

WARNING: Method definition result_element() in module Result at /home/pkgeval/.julia/packages/Mozi/swp7G/src/result/beam_result.jl:135 overwritten at /home/pkgeval/.julia/packages/Mozi/swp7G/src/result/quad_result.jl:76.
  ** incremental compilation may be fatally broken for this module **

to_csc(res) = 
  [1, 1]  =  3.0
  [2, 2]  =  3.0
  [3, 3]  =  3.0
disperse([1, 2, 3], [4, 5, 10], 10) = [0, 0, 0, 1, 2, 0, 0, 0, 0, 3]
  0.464974 seconds (123.27 k allocations: 306.592 MiB, 71.05% gc time)
  0.986920 seconds (1.11 M allocations: 1.227 GiB, 7.66% gc time)
  0.000000 seconds
  0.000000 seconds
 22.195089 seconds (24.14 M allocations: 2.806 GiB, 6.15% gc time)
â”Œ Info: STRUCTURE INFO
â”‚   Total_DOF = 3606
â”‚   Free_DOF = 3600
â”‚   N_Nodes = 601
â”‚   N_Beams = 600
â”‚   N_Quads = 0
â””   N_Trias = 0
â”Œ Info: -------------------------- æ±‚è§£ä¸€é˜¶çº¿æ€§å·¥å†µ ---------------------------
â””   å·¥å†µ = "DL"
[ Info: ------------------------------ æ±‚è§£å®Œæˆ ------------------------------
 16.552780 seconds (23.25 M allocations: 1.154 GiB, 7.06% gc time)
  0.004678 seconds (9.06 k allocations: 13.140 MiB)
  0.000000 seconds
 10.828661 seconds (12.51 M allocations: 834.689 MiB, 6.16% gc time)
  0.000000 seconds
 10.851319 seconds (12.54 M allocations: 851.193 MiB, 6.19% gc time)
â”Œ Info: STRUCTURE INFO
â”‚   Total_DOF = 726
â”‚   Free_DOF = 660
â”‚   N_Nodes = 121
â”‚   N_Beams = 0
â”‚   N_Quads = 100
â””   N_Trias = 0
â”Œ Info: -------------------------- æ±‚è§£ä¸€é˜¶çº¿æ€§å·¥å†µ ---------------------------
â””   å·¥å†µ = "DL"
[ Info: ------------------------------ æ±‚è§£å®Œæˆ ------------------------------
r = [0.0, 0.0, 0.0, 0.0, 0.0, 0.0]
[ Info: ---------- Basic cantilever test ----------
  0.000064 seconds (142 allocations: 19.906 KiB)
  0.000043 seconds (113 allocations: 31.484 KiB)
  0.000001 seconds
  0.000000 seconds
â”Œ Info: STRUCTURE INFO
â”‚   Total_DOF = 12
â”‚   Free_DOF = 6
â”‚   N_Nodes = 2
â”‚   N_Beams = 1
â”‚   N_Quads = 0
â””   N_Trias = 0
â”Œ Info: -------------------------- æ±‚è§£ä¸€é˜¶çº¿æ€§å·¥å†µ ---------------------------
â””   å·¥å†µ = "DL"
[ Info: ------------------------------ æ±‚è§£å®Œæˆ ------------------------------
[ Info: ---------- Modal test ----------
  0.000035 seconds (142 allocations: 19.906 KiB)
  0.000025 seconds (113 allocations: 31.484 KiB)
  0.000000 seconds
  0.000000 seconds
â”Œ Info: STRUCTURE INFO
â”‚   Total_DOF = 12
â”‚   Free_DOF = 6
â”‚   N_Nodes = 2
â”‚   N_Beams = 1
â”‚   N_Quads = 0
â””   N_Trias = 0
â”Œ Info: -------------------------- æ±‚è§£è‡ªæŒ¯æ¨¡æ€ç‰¹å¾å€¼ --------------------------
â”‚   å·¥å†µ = "modal"
â””   å‰ä¸€æ­¥åŸºç¡€å·¥å†µ = ""
[ Info: ------------------------------ æ±‚è§£å®Œæˆ ------------------------------
â”Œ Info: -------------------------- æ±‚è§£ä¸€é˜¶çº¿æ€§å·¥å†µ ---------------------------
â””   å·¥å†µ = "DL"
[ Info: ------------------------------ æ±‚è§£å®Œæˆ ------------------------------
â”Œ Info: To be examined
â”‚   T =
â”‚    4-element Array{Float64,1}:
â”‚     38.77287621931162
â”‚     24.549855785852227
â”‚      8.692810897919356
â””      1.352397124753533
[ Info: ----------Node spring test----------
  0.000077 seconds (142 allocations: 19.906 KiB)
  0.000057 seconds (113 allocations: 31.484 KiB)
  0.000002 seconds
  0.000000 seconds
â”Œ Info: STRUCTURE INFO
â”‚   Total_DOF = 12
â”‚   Free_DOF = 12
â”‚   N_Nodes = 2
â”‚   N_Beams = 1
â”‚   N_Quads = 0
â””   N_Trias = 0
â”Œ Info: -------------------------- æ±‚è§£ä¸€é˜¶çº¿æ€§å·¥å†µ ---------------------------
â””   å·¥å†µ = "DL"
[ Info: ------------------------------ æ±‚è§£å®Œæˆ ------------------------------
[ Info: ---------- Modal test ----------
[ Info: ---------- Time history test ----------
  0.000048 seconds (142 allocations: 19.906 KiB)
  0.000035 seconds (113 allocations: 31.484 KiB)
  0.000000 seconds
  0.000000 seconds
â”Œ Info: STRUCTURE INFO
â”‚   Total_DOF = 12
â”‚   Free_DOF = 6
â”‚   N_Nodes = 2
â”‚   N_Beams = 1
â”‚   N_Quads = 0
â””   N_Trias = 0
â”Œ Info: ----------------------- æ±‚è§£Newmark-Î²æ³•é€æ­¥ç§¯åˆ† -----------------------
â”‚   Î”t = 0.015625
â”‚   Î² = 0.25
â””   Î³ = 0.5
[ Info: ------------------------------ æ±‚è§£å®Œæˆ ------------------------------
â”Œ Info: -------------------------- æ±‚è§£è‡ªæŒ¯æ¨¡æ€ç‰¹å¾å€¼ --------------------------
â”‚   å·¥å†µ = "MODAL"
â””   å‰ä¸€æ­¥åŸºç¡€å·¥å†µ = ""
[ Info: ------------------------------ æ±‚è§£å®Œæˆ ------------------------------
[ Info: ----------------------- æ±‚è§£Wilson-Î¸æ³•é€æ­¥ç§¯åˆ† -----------------------
â”Œ Warning: ç®—æ³•å¯èƒ½ä¸ç¨³å®š
â”” @ Mozi.Solver ~/.julia/packages/Mozi/swp7G/src/solver/dynamic_solver.jl:173
[ Info: ------------------------------ æ±‚è§£å®Œæˆ ------------------------------
â”Œ Info: ------------------------ æ±‚è§£æŒ¯åž‹åˆ†è§£æ³•é¢‘åŸŸç§¯åˆ† ------------------------
â”‚   æ¨¡æ€å·¥å†µ = "MODAL"
â””   æ¨¡æ€æ•°é‡ = 6
[ Info: ------------------------------ æ±‚è§£å®Œæˆ ------------------------------
â”Œ Info: ----------------------- æ±‚è§£ä¸­å¿ƒå·®åˆ†æ³•é€æ­¥ç§¯åˆ† -----------------------
â””   Î”t = 0.015625
â”Œ Warning: æœªè€ƒè™‘ä¸´ç•ŒÎ”tï¼Œç®—æ³•å¯èƒ½ä¸ç¨³å®š
â”” @ Mozi.Solver ~/.julia/packages/Mozi/swp7G/src/solver/dynamic_solver.jl:372
[ Info: ------------------------------ æ±‚è§£å®Œæˆ ------------------------------
â”Œ Info: -------------------------- æ±‚è§£ä¸€é˜¶çº¿æ€§å·¥å†µ ---------------------------
â””   å·¥å†µ = "STATIC"
[ Info: ------------------------------ æ±‚è§£å®Œæˆ ------------------------------
T = [41.049402668623415, 25.261593196354934, 9.203019222728933, 1.391742589361064, 0.3122373717544315, 0.07761335811110034]
    Testing Mozi tests passed 
