Julia Version 1.4.0
Commit b8e9a9ecc6 (2020-03-21 16:36 UTC)
Platform Info:
  OS: Linux (x86_64-pc-linux-gnu)
  CPU: AMD Ryzen Threadripper 2990WX 32-Core Processor
  WORD_SIZE: 64
  LIBM: libopenlibm
  LLVM: libLLVM-8.0.1 (ORCJIT, znver1)
Environment:
  JULIA_DEPOT_PATH = ::/usr/local/share/julia
  JULIA_NUM_THREADS = 2

  Resolving package versions...
  Installed Reexport ─────────── v0.2.0
  Installed Combinatorics ────── v1.0.0
  Installed Parsers ──────────── v0.3.12
  Installed Mozi ─────────────── v0.0.2
  Installed BinaryProvider ───── v0.5.8
  Installed StaticArrays ─────── v0.12.1
  Installed DSP ──────────────── v0.6.0
    Cloning [9e28174c-4ba2-5203-b857-d8d62c4213ee] BinDeps from https://github.com/JuliaPackaging/BinDeps.jl.git
[?25l    Fetching: [>                                        ]  0.0 %[2K[?25h  Installed BinDeps ──────────── v1.0.0
    Cloning [30578b45-9adc-5946-b283-645ec420af67] URIParser from https://github.com/JuliaWeb/URIParser.jl.git
[?25l    Fetching: [>                                        ]  0.0 %[2K[?25h  Installed URIParser ────────── v0.4.0
    Cloning [276daf66-3868-5448-9aa4-cd146d93841b] SpecialFunctions from https://github.com/JuliaMath/SpecialFunctions.jl.git
[?25l    Fetching: [>                                        ]  0.0 %[2K[?25h  Installed SpecialFunctions ─── v0.8.0
    Cloning [bac558e1-5e72-5ebc-8fee-abe8a469f55d] OrderedCollections from https://github.com/JuliaCollections/OrderedCollections.jl.git
[?25l    Fetching: [>                                        ]  0.0 %[2K[?25h  Installed OrderedCollections ─ v1.1.0
    Cloning [3cdcf5f2-1ef4-517c-9805-6587b60abb01] RecipesBase from https://github.com/JuliaPlots/RecipesBase.jl.git
[?25l    Fetching: [>                                        ]  0.0 %[2K[?25h  Installed RecipesBase ──────── v0.8.0
    Cloning [19dc6840-f33b-545b-b366-655c7e3ffd49] HCubature from https://github.com/stevengj/HCubature.jl.git
[?25l    Fetching: [>                                        ]  0.0 %[2K[?25h  Installed HCubature ────────── v1.4.0
    Cloning [7d9fca2a-8960-54d3-9f78-7d1dccf2cb97] Arpack from https://github.com/JuliaLinearAlgebra/Arpack.jl.git
[?25l    Fetching: [>                                        ]  0.0 %[2K[?25h  Installed Arpack ───────────── v0.4.0
    Cloning [8f4d0f93-b110-5947-807f-2305c1781a2d] Conda from https://github.com/JuliaPy/Conda.jl.git
[?25l    Fetching: [>                                        ]  0.0 %[2K[?25h  Installed Conda ────────────── v1.4.1
    Cloning [1fd47b50-473d-5c70-9696-f719f8f3bcdc] QuadGK from https://github.com/JuliaMath/QuadGK.jl.git
[?25l    Fetching: [>                                        ]  0.0 %[2K[?25h  Installed QuadGK ───────────── v2.3.1
    Cloning [81def892-9a0e-5fdd-b105-ffc91e053289] VersionParsing from https://github.com/stevengj/VersionParsing.jl.git
[?25l    Fetching: [>                                        ]  0.0 %[2K[?25h  Installed VersionParsing ───── v1.2.0
    Cloning [68821587-b530-5797-8361-c406ea357684] Arpack_jll from https://github.com/JuliaBinaryWrappers/Arpack_jll.jl.git
[?25l    Fetching: [>                                        ]  0.0 %[2K[?25h  Installed Arpack_jll ───────── v3.5.0+2
    Cloning [4536629a-c528-5b80-bd46-f80d51c5b363] OpenBLAS_jll from https://github.com/JuliaBinaryWrappers/OpenBLAS_jll.jl.git
[?25l    Fetching: [>                                        ]  0.0 %[2K[?25h  Installed OpenBLAS_jll ─────── v0.3.7+8
    Cloning [864edb3b-99cc-5e75-8d2d-829cb0a9cfe8] DataStructures from https://github.com/JuliaCollections/DataStructures.jl.git
[?25l    Fetching: [>                                        ]  0.0 %[2K[?25h  Installed DataStructures ───── v0.17.10
    Cloning [682c06a0-de6a-54ab-a142-c8b1cf79cde6] JSON from https://github.com/JuliaIO/JSON.jl.git
[?25l    Fetching: [>                                        ]  0.0 %[2K[?25h  Installed JSON ─────────────── v0.21.0
    Cloning [f27b6e38-b328-58d1-80ce-0feddd5e7a45] Polynomials from https://github.com/JuliaMath/Polynomials.jl.git
[?25l    Fetching: [>                                        ]  0.0 %[2K[?25h  Installed Polynomials ──────── v0.6.1
    Cloning [7a1cc6ca-52ef-59f5-83cd-3a7055c09341] FFTW from https://github.com/JuliaMath/FFTW.jl.git
[?25l    Fetching: [>                                        ]  0.0 %[2K[?25h  Installed FFTW ─────────────── v0.3.0
    Cloning [621f4979-c628-5d54-868e-fcf4e3e8185c] AbstractFFTs from https://github.com/JuliaMath/AbstractFFTs.jl.git
[?25l    Fetching: [>                                        ]  0.0 %[2K[?25h  Installed AbstractFFTs ─────── v0.4.1
   Updating `~/.julia/environments/v1.4/Project.toml`
  [938b0b66] + Mozi v0.0.2
   Updating `~/.julia/environments/v1.4/Manifest.toml`
  [621f4979] + AbstractFFTs v0.4.1
  [7d9fca2a] + Arpack v0.4.0
  [68821587] + Arpack_jll v3.5.0+2
  [9e28174c] + BinDeps v1.0.0
  [b99e7846] + BinaryProvider v0.5.8
  [861a8166] + Combinatorics v1.0.0
  [8f4d0f93] + Conda v1.4.1
  [717857b8] + DSP v0.6.0
  [864edb3b] + DataStructures v0.17.10
  [7a1cc6ca] + FFTW v0.3.0
  [19dc6840] + HCubature v1.4.0
  [682c06a0] + JSON v0.21.0
  [938b0b66] + Mozi v0.0.2
  [4536629a] + OpenBLAS_jll v0.3.7+8
  [bac558e1] + OrderedCollections v1.1.0
  [69de0a69] + Parsers v0.3.12
  [f27b6e38] + Polynomials v0.6.1
  [1fd47b50] + QuadGK v2.3.1
  [3cdcf5f2] + RecipesBase v0.8.0
  [189a3867] + Reexport v0.2.0
  [276daf66] + SpecialFunctions v0.8.0
  [90137ffa] + StaticArrays v0.12.1
  [30578b45] + URIParser v0.4.0
  [81def892] + VersionParsing v1.2.0
  [2a0f44e3] + Base64 
  [ade2ca70] + Dates 
  [8ba89e20] + Distributed 
  [b77e0a4c] + InteractiveUtils 
  [76f85450] + LibGit2 
  [8f399da3] + Libdl 
  [37e2e46d] + LinearAlgebra 
  [56ddb016] + Logging 
  [d6f4376e] + Markdown 
  [a63ad114] + Mmap 
  [44cfe95a] + Pkg 
  [de0858da] + Printf 
  [3fa0cd96] + REPL 
  [9a3f8284] + Random 
  [ea8e919c] + SHA 
  [9e88b42a] + Serialization 
  [6462fe0b] + Sockets 
  [2f01184e] + SparseArrays 
  [10745b16] + Statistics 
  [8dfed614] + Test 
  [cf7118a7] + UUIDs 
  [4ec0a83e] + Unicode 
   Building SpecialFunctions → `~/.julia/packages/SpecialFunctions/ne2iw/deps/build.log`
┌ Error: Error building `SpecialFunctions`: 
│ [ Info: Downloading https://github.com/JuliaPackaging/Yggdrasil/releases/download/OpenSpecFun-v0.5.3+0/OpenSpecFun.v0.5.3.x86_64-linux-gnu-gcc7.tar.gz to /home/pkgeval/.julia/packages/SpecialFunctions/ne2iw/deps/usr/downloads/OpenSpecFun.v0.5.3.x86_64-linux-gnu-gcc7.tar.gz...
│ ERROR: LoadError: Could not download https://github.com/JuliaPackaging/Yggdrasil/releases/download/OpenSpecFun-v0.5.3+0/OpenSpecFun.v0.5.3.x86_64-linux-gnu-gcc7.tar.gz to /home/pkgeval/.julia/packages/SpecialFunctions/ne2iw/deps/usr/downloads/OpenSpecFun.v0.5.3.x86_64-linux-gnu-gcc7.tar.gz:
│ ErrorException("")
│ Stacktrace:
│  [1] error(::String) at ./error.jl:33
│  [2] download(::String, ::String; verbose::Bool) at /home/pkgeval/.julia/packages/BinaryProvider/kcGxO/src/PlatformEngines.jl:502
│  [3] download_verify(::String, ::String, ::String; verbose::Bool, force::Bool, quiet_download::Bool) at /home/pkgeval/.julia/packages/BinaryProvider/kcGxO/src/PlatformEngines.jl:571
│  [4] install(::String, ::String; prefix::Prefix, tarball_path::String, force::Bool, ignore_platform::Bool, verbose::Bool) at /home/pkgeval/.julia/packages/BinaryProvider/kcGxO/src/Prefix.jl:314
│  [5] top-level scope at /home/pkgeval/.julia/packages/SpecialFunctions/ne2iw/deps/build.jl:142
│  [6] include(::String) at ./client.jl:439
│  [7] top-level scope at none:5
│ in expression starting at /home/pkgeval/.julia/packages/SpecialFunctions/ne2iw/deps/build.jl:139
│ caused by [exception 1]
│ 
│ Stacktrace:
│  [1] error() at ./error.jl:42
│  [2] download(::String, ::String; verbose::Bool) at /home/pkgeval/.julia/packages/BinaryProvider/kcGxO/src/PlatformEngines.jl:496
│  [3] download_verify(::String, ::String, ::String; verbose::Bool, force::Bool, quiet_download::Bool) at /home/pkgeval/.julia/packages/BinaryProvider/kcGxO/src/PlatformEngines.jl:571
│  [4] install(::String, ::String; prefix::Prefix, tarball_path::String, force::Bool, ignore_platform::Bool, verbose::Bool) at /home/pkgeval/.julia/packages/BinaryProvider/kcGxO/src/Prefix.jl:314
│  [5] top-level scope at /home/pkgeval/.julia/packages/SpecialFunctions/ne2iw/deps/build.jl:142
│  [6] include(::String) at ./client.jl:439
│  [7] top-level scope at none:5
│ [10:45:55] #=#=#                                                                         [10:45:55] 
│ [10:45:55] curl: (22) The requested URL returned error: 401 UNAUTHORIZED
└ @ Pkg.Operations /buildworker/worker/package_linux64/build/usr/share/julia/stdlib/v1.4/Pkg/src/Operations.jl:892
   Building Conda ───────────→ `~/.julia/packages/Conda/3rPhK/deps/build.log`
   Building FFTW ────────────→ `~/.julia/packages/FFTW/2okGQ/deps/build.log`
    Testing Mozi
[?25l    Fetching: [>                                        ]  0.0 %[2K[?25h[?25l    Fetching: [>                                        ]  0.0 %[2K[?25hStatus `/tmp/jl_jQnI4t/Manifest.toml`
  [621f4979] AbstractFFTs v0.4.1
  [7d9fca2a] Arpack v0.4.0
  [68821587] Arpack_jll v3.5.0+2
  [9e28174c] BinDeps v1.0.0
  [b99e7846] BinaryProvider v0.5.8
  [861a8166] Combinatorics v1.0.0
  [8f4d0f93] Conda v1.4.1
  [717857b8] DSP v0.6.0
  [864edb3b] DataStructures v0.17.10
  [7a1cc6ca] FFTW v0.3.0
  [19dc6840] HCubature v1.4.0
  [1d5cc7b8] IntelOpenMP_jll v2018.0.3+0
  [682c06a0] JSON v0.21.0
  [856f044c] MKL_jll v2020.0.166+0
  [938b0b66] Mozi v0.0.2
  [4536629a] OpenBLAS_jll v0.3.7+8
  [bac558e1] OrderedCollections v1.1.0
  [46dd5b70] Pardiso v0.5.1
  [69de0a69] Parsers v0.3.12
  [f27b6e38] Polynomials v0.6.1
  [1fd47b50] QuadGK v2.3.1
  [3cdcf5f2] RecipesBase v0.8.0
  [189a3867] Reexport v0.2.0
  [276daf66] SpecialFunctions v0.8.0
  [90137ffa] StaticArrays v0.12.1
  [30578b45] URIParser v0.4.0
  [81def892] VersionParsing v1.2.0
  [2a0f44e3] Base64 
  [ade2ca70] Dates 
  [8ba89e20] Distributed 
  [b77e0a4c] InteractiveUtils 
  [76f85450] LibGit2 
  [8f399da3] Libdl 
  [37e2e46d] LinearAlgebra 
  [56ddb016] Logging 
  [d6f4376e] Markdown 
  [a63ad114] Mmap 
  [44cfe95a] Pkg 
  [de0858da] Printf 
  [3fa0cd96] REPL 
  [9a3f8284] Random 
  [ea8e919c] SHA 
  [9e88b42a] Serialization 
  [6462fe0b] Sockets 
  [2f01184e] SparseArrays 
  [10745b16] Statistics 
  [8dfed614] Test 
  [cf7118a7] UUIDs 
  [4ec0a83e] Unicode 
WARNING: Method definition getindex(Mozi.FESparse.SparseMatrixCOO{Tv, Ti} where Ti<:Integer where Tv, Int64, Int64) in module FESparse at /home/pkgeval/.julia/packages/Mozi/swp7G/src/FESparse.jl:65 overwritten at /home/pkgeval/.julia/packages/Mozi/swp7G/src/FESparse.jl:70.
  ** incremental compilation may be fatally broken for this module **

ERROR: LoadError: SpecialFunctions is not installed properly, run `Pkg.build("SpecialFunctions")`,restart Julia and try again
Stacktrace:
 [1] error(::String) at ./error.jl:33
 [2] top-level scope at /home/pkgeval/.julia/packages/SpecialFunctions/ne2iw/src/SpecialFunctions.jl:6
 [3] include(::Module, ::String) at ./Base.jl:377
 [4] top-level scope at none:2
 [5] eval at ./boot.jl:331 [inlined]
 [6] eval(::Expr) at ./client.jl:449
 [7] top-level scope at ./none:3
in expression starting at /home/pkgeval/.julia/packages/SpecialFunctions/ne2iw/src/SpecialFunctions.jl:4
ERROR: LoadError: LoadError: Failed to precompile SpecialFunctions [276daf66-3868-5448-9aa4-cd146d93841b] to /home/pkgeval/.julia/compiled/v1.4/SpecialFunctions/78gOt_6zejI.ji.
Stacktrace:
 [1] error(::String) at ./error.jl:33
 [2] compilecache(::Base.PkgId, ::String) at ./loading.jl:1272
 [3] _require(::Base.PkgId) at ./loading.jl:1029
 [4] require(::Base.PkgId) at ./loading.jl:927
 [5] require(::Module, ::Symbol) at ./loading.jl:922
 [6] include(::Module, ::String) at ./Base.jl:377
 [7] include(::String) at /home/pkgeval/.julia/packages/DSP/wwKNu/src/DSP.jl:1
 [8] top-level scope at /home/pkgeval/.julia/packages/DSP/wwKNu/src/DSP.jl:12
 [9] include(::Module, ::String) at ./Base.jl:377
 [10] top-level scope at none:2
 [11] eval at ./boot.jl:331 [inlined]
 [12] eval(::Expr) at ./client.jl:449
 [13] top-level scope at ./none:3
in expression starting at /home/pkgeval/.julia/packages/DSP/wwKNu/src/windows.jl:3
in expression starting at /home/pkgeval/.julia/packages/DSP/wwKNu/src/DSP.jl:12
ERROR: LoadError: LoadError: Failed to precompile DSP [717857b8-e6f2-59f4-9121-6e50c889abd2] to /home/pkgeval/.julia/compiled/v1.4/DSP/OtML7_6zejI.ji.
Stacktrace:
 [1] error(::String) at ./error.jl:33
 [2] compilecache(::Base.PkgId, ::String) at ./loading.jl:1272
 [3] _require(::Base.PkgId) at ./loading.jl:1029
 [4] require(::Base.PkgId) at ./loading.jl:927
 [5] require(::Module, ::Symbol) at ./loading.jl:922
 [6] include(::Module, ::String) at ./Base.jl:377
 [7] include(::String) at /home/pkgeval/.julia/packages/Mozi/swp7G/src/Mozi.jl:1
 [8] top-level scope at /home/pkgeval/.julia/packages/Mozi/swp7G/src/Mozi.jl:10
 [9] include(::Module, ::String) at ./Base.jl:377
 [10] top-level scope at none:2
 [11] eval at ./boot.jl:331 [inlined]
 [12] eval(::Expr) at ./client.jl:449
 [13] top-level scope at ./none:3
in expression starting at /home/pkgeval/.julia/packages/Mozi/swp7G/src/solver/Solver.jl:9
in expression starting at /home/pkgeval/.julia/packages/Mozi/swp7G/src/Mozi.jl:10
ERROR: LoadError: Failed to precompile Mozi [938b0b66-b18d-59c3-b436-87bb841ccf42] to /home/pkgeval/.julia/compiled/v1.4/Mozi/0EMbG_6zejI.ji.
Stacktrace:
 [1] error(::String) at ./error.jl:33
 [2] compilecache(::Base.PkgId, ::String) at ./loading.jl:1272
 [3] _require(::Base.PkgId) at ./loading.jl:1029
 [4] require(::Base.PkgId) at ./loading.jl:927
 [5] require(::Module, ::Symbol) at ./loading.jl:922
 [6] include(::String) at ./client.jl:439
 [7] top-level scope at none:6
in expression starting at /home/pkgeval/.julia/packages/Mozi/swp7G/test/runtests.jl:4
ERROR: Package Mozi errored during testing
Stacktrace:
 [1] pkgerror(::String, ::Vararg{String,N} where N) at /buildworker/worker/package_linux64/build/usr/share/julia/stdlib/v1.4/Pkg/src/Types.jl:53
 [2] test(::Pkg.Types.Context, ::Array{Pkg.Types.PackageSpec,1}; coverage::Bool, julia_args::Cmd, test_args::Cmd, test_fn::Nothing) at /buildworker/worker/package_linux64/build/usr/share/julia/stdlib/v1.4/Pkg/src/Operations.jl:1503
 [3] test(::Pkg.Types.Context, ::Array{Pkg.Types.PackageSpec,1}; coverage::Bool, test_fn::Nothing, julia_args::Cmd, test_args::Cmd, kwargs::Base.Iterators.Pairs{Union{},Union{},Tuple{},NamedTuple{(),Tuple{}}}) at /buildworker/worker/package_linux64/build/usr/share/julia/stdlib/v1.4/Pkg/src/API.jl:316
 [4] test(::Pkg.Types.Context, ::Array{Pkg.Types.PackageSpec,1}) at /buildworker/worker/package_linux64/build/usr/share/julia/stdlib/v1.4/Pkg/src/API.jl:303
 [5] #test#68 at /buildworker/worker/package_linux64/build/usr/share/julia/stdlib/v1.4/Pkg/src/API.jl:297 [inlined]
 [6] test at /buildworker/worker/package_linux64/build/usr/share/julia/stdlib/v1.4/Pkg/src/API.jl:297 [inlined]
 [7] #test#67 at /buildworker/worker/package_linux64/build/usr/share/julia/stdlib/v1.4/Pkg/src/API.jl:296 [inlined]
 [8] test at /buildworker/worker/package_linux64/build/usr/share/julia/stdlib/v1.4/Pkg/src/API.jl:296 [inlined]
 [9] test(::String; kwargs::Base.Iterators.Pairs{Union{},Union{},Tuple{},NamedTuple{(),Tuple{}}}) at /buildworker/worker/package_linux64/build/usr/share/julia/stdlib/v1.4/Pkg/src/API.jl:295
 [10] test(::String) at /buildworker/worker/package_linux64/build/usr/share/julia/stdlib/v1.4/Pkg/src/API.jl:295
 [11] top-level scope at none:16
