Julia Version 1.3.1
Commit 2d5741174c (2019-12-30 21:36 UTC)
Platform Info:
  OS: Linux (x86_64-pc-linux-gnu)
  CPU: AMD Ryzen Threadripper 2990WX 32-Core Processor
  WORD_SIZE: 64
  LIBM: libopenlibm
  LLVM: libLLVM-6.0.1 (ORCJIT, znver1)
Environment:
  JULIA_DEPOT_PATH = ::/usr/local/share/julia
  JULIA_NUM_THREADS = 2

 Resolving package versions...
 Installed Libiconv_jll ───────────────── v1.16.0+1
 Installed Rmath_jll ──────────────────── v0.2.2+0
 Installed MbedTLS ────────────────────── v1.0.1
 Installed StatsFuns ──────────────────── v0.9.4
 Installed QuadGK ─────────────────────── v2.3.1
 Installed StatsBase ──────────────────── v0.32.2
 Installed MLJBase ────────────────────── v0.12.1
 Installed MulticlassPerceptron ───────── v0.1.1
 Installed OpenBLAS_jll ───────────────── v0.3.7+7
 Installed CompilerSupportLibraries_jll ─ v0.2.0+1
 Installed EzXML ──────────────────────── v1.1.0
 Installed HTTP ───────────────────────── v0.8.12
 Installed Memento ────────────────────── v0.12.1
 Installed FillArrays ─────────────────── v0.8.5
 Installed CategoricalArrays ──────────── v0.7.7
 Installed DataFrames ─────────────────── v0.20.0
 Installed ComputationalResources ─────── v0.3.1
 Installed CodecZlib ──────────────────── v0.6.0
 Installed FilePathsBase ──────────────── v0.7.0
 Installed RemoteFiles ────────────────── v0.3.1
 Installed DataAPI ────────────────────── v1.1.0
 Installed ProgressMeter ──────────────── v1.2.0
 Installed Arpack_jll ─────────────────── v3.5.0+2
 Installed DataValueInterfaces ────────── v1.0.0
 Installed LearnBase ──────────────────── v0.2.2
 Installed Requires ───────────────────── v1.0.1
 Installed Arpack ─────────────────────── v0.4.0
 Installed RecipesBase ────────────────── v0.8.0
 Installed DataStructures ─────────────── v0.17.10
 Installed Zlib_jll ───────────────────── v1.2.11+8
 Installed Distances ──────────────────── v0.8.2
 Installed Revise ─────────────────────── v2.5.4
 Installed SpecialFunctions ───────────── v0.10.0
 Installed ExprTools ──────────────────── v0.1.0
 Installed Distributions ──────────────── v0.22.5
 Installed MbedTLS_jll ────────────────── v2.16.0+1
 Installed IteratorInterfaceExtensions ── v1.0.0
 Installed WeakRefStrings ─────────────── v0.6.2
 Installed Compat ─────────────────────── v3.8.0
 Installed MLJModelInterface ──────────── v0.2.0
 Installed ColorTypes ─────────────────── v0.9.1
 Installed Mocking ────────────────────── v0.7.1
 Installed Syslogs ────────────────────── v0.3.0
 Installed JuliaInterpreter ───────────── v0.7.13
 Installed CodeTracking ───────────────── v0.5.8
 Installed LoweredCodeUtils ───────────── v0.4.3
 Installed FixedPointNumbers ──────────── v0.7.1
 Installed MLJScientificTypes ─────────── v0.1.1
 Installed InvertedIndices ────────────── v1.0.0
 Installed CSV ────────────────────────── v0.5.23
 Installed Crayons ────────────────────── v4.0.1
 Installed Parsers ────────────────────── v0.3.12
 Installed JSON ───────────────────────── v0.21.0
 Installed SortingAlgorithms ──────────── v0.3.1
 Installed LossFunctions ──────────────── v0.5.1
 Installed TranscodingStreams ─────────── v0.9.5
 Installed Formatting ─────────────────── v0.4.1
 Installed Rmath ──────────────────────── v0.6.1
 Installed PDMats ─────────────────────── v0.9.12
 Installed Tables ─────────────────────── v0.2.11
 Installed Reexport ───────────────────── v0.2.0
 Installed TableTraits ────────────────── v1.0.0
 Installed OrderedCollections ─────────── v1.1.0
 Installed BinaryProvider ─────────────── v0.5.8
 Installed XML2_jll ───────────────────── v2.9.9+1
 Installed PooledArrays ───────────────── v0.5.3
 Installed MLJModels ──────────────────── v0.1.1
 Installed JLSO ───────────────────────── v2.1.0
 Installed ScientificTypes ────────────── v0.7.2
 Installed Parameters ─────────────────── v0.12.0
 Installed IniFile ────────────────────── v0.5.0
 Installed MultivariateStats ──────────── v0.7.0
 Installed OpenSpecFun_jll ────────────── v0.5.3+3
 Installed Missings ───────────────────── v0.4.3
 Installed PrettyTables ───────────────── v0.8.4
 Installed TimeZones ──────────────────── v1.0.1
 Installed BSON ───────────────────────── v0.2.5
 Installed FileIO ─────────────────────── v1.2.3
 Installed MLJ ────────────────────────── v0.1.1
  Updating `~/.julia/environments/v1.3/Project.toml`
  [dab37cba] + MulticlassPerceptron v0.1.1
  Updating `~/.julia/environments/v1.3/Manifest.toml`
  [7d9fca2a] + Arpack v0.4.0
  [68821587] + Arpack_jll v3.5.0+2
  [fbb218c0] + BSON v0.2.5
  [b99e7846] + BinaryProvider v0.5.8
  [336ed68f] + CSV v0.5.23
  [324d7699] + CategoricalArrays v0.7.7
  [da1fd8a2] + CodeTracking v0.5.8
  [944b1d66] + CodecZlib v0.6.0
  [3da002f7] + ColorTypes v0.9.1
  [34da2185] + Compat v3.8.0
  [e66e0078] + CompilerSupportLibraries_jll v0.2.0+1
  [ed09eef8] + ComputationalResources v0.3.1
  [a8cc5b0e] + Crayons v4.0.1
  [9a962f9c] + DataAPI v1.1.0
  [a93c6f00] + DataFrames v0.20.0
  [864edb3b] + DataStructures v0.17.10
  [e2d170a0] + DataValueInterfaces v1.0.0
  [b4f34e82] + Distances v0.8.2
  [31c24e10] + Distributions v0.22.5
  [e2ba6199] + ExprTools v0.1.0
  [8f5d6c58] + EzXML v1.1.0
  [5789e2e9] + FileIO v1.2.3
  [48062228] + FilePathsBase v0.7.0
  [1a297f60] + FillArrays v0.8.5
  [53c48c17] + FixedPointNumbers v0.7.1
  [59287772] + Formatting v0.4.1
  [cd3eb016] + HTTP v0.8.12
  [83e8ac13] + IniFile v0.5.0
  [41ab1584] + InvertedIndices v1.0.0
  [82899510] + IteratorInterfaceExtensions v1.0.0
  [9da8a3cd] + JLSO v2.1.0
  [682c06a0] + JSON v0.21.0
  [aa1ae85d] + JuliaInterpreter v0.7.13
  [7f8f8fb0] + LearnBase v0.2.2
  [94ce4f54] + Libiconv_jll v1.16.0+1
  [30fc2ffe] + LossFunctions v0.5.1
  [6f1432cf] + LoweredCodeUtils v0.4.3
  [add582a8] + MLJ v0.1.1
  [a7f614a8] + MLJBase v0.12.1
  [e80e1ace] + MLJModelInterface v0.2.0
  [d491faf4] + MLJModels v0.1.1
  [2e2323e0] + MLJScientificTypes v0.1.1
  [739be429] + MbedTLS v1.0.1
  [c8ffd9c3] + MbedTLS_jll v2.16.0+1
  [f28f55f0] + Memento v0.12.1
  [e1d29d7a] + Missings v0.4.3
  [78c3b35d] + Mocking v0.7.1
  [dab37cba] + MulticlassPerceptron v0.1.1
  [6f286f6a] + MultivariateStats v0.7.0
  [4536629a] + OpenBLAS_jll v0.3.7+7
  [efe28fd5] + OpenSpecFun_jll v0.5.3+3
  [bac558e1] + OrderedCollections v1.1.0
  [90014a1f] + PDMats v0.9.12
  [d96e819e] + Parameters v0.12.0
  [69de0a69] + Parsers v0.3.12
  [2dfb63ee] + PooledArrays v0.5.3
  [08abe8d2] + PrettyTables v0.8.4
  [92933f4c] + ProgressMeter v1.2.0
  [1fd47b50] + QuadGK v2.3.1
  [3cdcf5f2] + RecipesBase v0.8.0
  [189a3867] + Reexport v0.2.0
  [cbe49d4c] + RemoteFiles v0.3.1
  [ae029012] + Requires v1.0.1
  [295af30f] + Revise v2.5.4
  [79098fc4] + Rmath v0.6.1
  [f50d1b31] + Rmath_jll v0.2.2+0
  [321657f4] + ScientificTypes v0.7.2
  [a2af1166] + SortingAlgorithms v0.3.1
  [276daf66] + SpecialFunctions v0.10.0
  [2913bbd2] + StatsBase v0.32.2
  [4c63d2b9] + StatsFuns v0.9.4
  [cea106d9] + Syslogs v0.3.0
  [3783bdb8] + TableTraits v1.0.0
  [bd369af6] + Tables v0.2.11
  [f269a46b] + TimeZones v1.0.1
  [3bb67fe8] + TranscodingStreams v0.9.5
  [ea10d353] + WeakRefStrings v0.6.2
  [02c8fc9c] + XML2_jll v2.9.9+1
  [83775a58] + Zlib_jll v1.2.11+8
  [2a0f44e3] + Base64 
  [ade2ca70] + Dates 
  [8bb1440f] + DelimitedFiles 
  [8ba89e20] + Distributed 
  [7b1f6079] + FileWatching 
  [9fa8497b] + Future 
  [b77e0a4c] + InteractiveUtils 
  [76f85450] + LibGit2 
  [8f399da3] + Libdl 
  [37e2e46d] + LinearAlgebra 
  [56ddb016] + Logging 
  [d6f4376e] + Markdown 
  [a63ad114] + Mmap 
  [44cfe95a] + Pkg 
  [de0858da] + Printf 
  [3fa0cd96] + REPL 
  [9a3f8284] + Random 
  [ea8e919c] + SHA 
  [9e88b42a] + Serialization 
  [1a1011a3] + SharedArrays 
  [6462fe0b] + Sockets 
  [2f01184e] + SparseArrays 
  [10745b16] + Statistics 
  [4607b0f0] + SuiteSparse 
  [8dfed614] + Test 
  [cf7118a7] + UUIDs 
  [4ec0a83e] + Unicode 
  Building CodecZlib → `~/.julia/packages/CodecZlib/5t9zO/deps/build.log`
  Building TimeZones → `~/.julia/packages/TimeZones/zymSN/deps/build.log`
   Testing MulticlassPerceptron
    Status `/tmp/jl_R9KSp6/Manifest.toml`
  [7d9fca2a] Arpack v0.4.0
  [68821587] Arpack_jll v3.5.0+2
  [fbb218c0] BSON v0.2.5
  [b99e7846] BinaryProvider v0.5.8
  [336ed68f] CSV v0.5.23
  [324d7699] CategoricalArrays v0.7.7
  [da1fd8a2] CodeTracking v0.5.8
  [944b1d66] CodecZlib v0.6.0
  [3da002f7] ColorTypes v0.9.1
  [34da2185] Compat v3.8.0
  [e66e0078] CompilerSupportLibraries_jll v0.2.0+1
  [ed09eef8] ComputationalResources v0.3.1
  [a8cc5b0e] Crayons v4.0.1
  [9a962f9c] DataAPI v1.1.0
  [a93c6f00] DataFrames v0.20.0
  [864edb3b] DataStructures v0.17.10
  [e2d170a0] DataValueInterfaces v1.0.0
  [b4f34e82] Distances v0.8.2
  [31c24e10] Distributions v0.22.5
  [e2ba6199] ExprTools v0.1.0
  [8f5d6c58] EzXML v1.1.0
  [5789e2e9] FileIO v1.2.3
  [48062228] FilePathsBase v0.7.0
  [1a297f60] FillArrays v0.8.5
  [53c48c17] FixedPointNumbers v0.7.1
  [59287772] Formatting v0.4.1
  [cd3eb016] HTTP v0.8.12
  [83e8ac13] IniFile v0.5.0
  [41ab1584] InvertedIndices v1.0.0
  [82899510] IteratorInterfaceExtensions v1.0.0
  [9da8a3cd] JLSO v2.1.0
  [682c06a0] JSON v0.21.0
  [aa1ae85d] JuliaInterpreter v0.7.13
  [7f8f8fb0] LearnBase v0.2.2
  [94ce4f54] Libiconv_jll v1.16.0+1
  [30fc2ffe] LossFunctions v0.5.1
  [6f1432cf] LoweredCodeUtils v0.4.3
  [add582a8] MLJ v0.1.1
  [a7f614a8] MLJBase v0.12.1
  [e80e1ace] MLJModelInterface v0.2.0
  [d491faf4] MLJModels v0.1.1
  [2e2323e0] MLJScientificTypes v0.1.1
  [739be429] MbedTLS v1.0.1
  [c8ffd9c3] MbedTLS_jll v2.16.0+1
  [f28f55f0] Memento v0.12.1
  [e1d29d7a] Missings v0.4.3
  [78c3b35d] Mocking v0.7.1
  [dab37cba] MulticlassPerceptron v0.1.1
  [6f286f6a] MultivariateStats v0.7.0
  [4536629a] OpenBLAS_jll v0.3.7+7
  [efe28fd5] OpenSpecFun_jll v0.5.3+3
  [bac558e1] OrderedCollections v1.1.0
  [90014a1f] PDMats v0.9.12
  [d96e819e] Parameters v0.12.0
  [69de0a69] Parsers v0.3.12
  [2dfb63ee] PooledArrays v0.5.3
  [08abe8d2] PrettyTables v0.8.4
  [92933f4c] ProgressMeter v1.2.0
  [1fd47b50] QuadGK v2.3.1
  [3cdcf5f2] RecipesBase v0.8.0
  [189a3867] Reexport v0.2.0
  [cbe49d4c] RemoteFiles v0.3.1
  [ae029012] Requires v1.0.1
  [295af30f] Revise v2.5.4
  [79098fc4] Rmath v0.6.1
  [f50d1b31] Rmath_jll v0.2.2+0
  [321657f4] ScientificTypes v0.7.2
  [a2af1166] SortingAlgorithms v0.3.1
  [276daf66] SpecialFunctions v0.10.0
  [2913bbd2] StatsBase v0.32.2
  [4c63d2b9] StatsFuns v0.9.4
  [cea106d9] Syslogs v0.3.0
  [3783bdb8] TableTraits v1.0.0
  [bd369af6] Tables v0.2.11
  [f269a46b] TimeZones v1.0.1
  [3bb67fe8] TranscodingStreams v0.9.5
  [ea10d353] WeakRefStrings v0.6.2
  [02c8fc9c] XML2_jll v2.9.9+1
  [83775a58] Zlib_jll v1.2.11+8
  [2a0f44e3] Base64  [`@stdlib/Base64`]
  [ade2ca70] Dates  [`@stdlib/Dates`]
  [8bb1440f] DelimitedFiles  [`@stdlib/DelimitedFiles`]
  [8ba89e20] Distributed  [`@stdlib/Distributed`]
  [7b1f6079] FileWatching  [`@stdlib/FileWatching`]
  [9fa8497b] Future  [`@stdlib/Future`]
  [b77e0a4c] InteractiveUtils  [`@stdlib/InteractiveUtils`]
  [76f85450] LibGit2  [`@stdlib/LibGit2`]
  [8f399da3] Libdl  [`@stdlib/Libdl`]
  [37e2e46d] LinearAlgebra  [`@stdlib/LinearAlgebra`]
  [56ddb016] Logging  [`@stdlib/Logging`]
  [d6f4376e] Markdown  [`@stdlib/Markdown`]
  [a63ad114] Mmap  [`@stdlib/Mmap`]
  [44cfe95a] Pkg  [`@stdlib/Pkg`]
  [de0858da] Printf  [`@stdlib/Printf`]
  [3fa0cd96] REPL  [`@stdlib/REPL`]
  [9a3f8284] Random  [`@stdlib/Random`]
  [ea8e919c] SHA  [`@stdlib/SHA`]
  [9e88b42a] Serialization  [`@stdlib/Serialization`]
  [1a1011a3] SharedArrays  [`@stdlib/SharedArrays`]
  [6462fe0b] Sockets  [`@stdlib/Sockets`]
  [2f01184e] SparseArrays  [`@stdlib/SparseArrays`]
  [10745b16] Statistics  [`@stdlib/Statistics`]
  [4607b0f0] SuiteSparse  [`@stdlib/SuiteSparse`]
  [8dfed614] Test  [`@stdlib/Test`]
  [cf7118a7] UUIDs  [`@stdlib/UUIDs`]
  [4ec0a83e] Unicode  [`@stdlib/Unicode`]
ERROR: LoadError: LoadError: UndefVarError: MLJModelInterface not defined
Stacktrace:
 [1] top-level scope at /home/pkgeval/.julia/packages/MLJModelInterface/EPhz9/src/metadata_utils.jl:101
 [2] eval at ./boot.jl:330 [inlined]
 [3] eval(::Expr) at /home/pkgeval/.julia/packages/MulticlassPerceptron/TUIdJ/src/MulticlassPerceptron.jl:1
 [4] #metadata_model#16(::Type, ::Type, ::Type, ::Bool, ::String, ::String, ::typeof(MLJModelInterface.metadata_model), ::Type) at /home/pkgeval/.julia/packages/MLJModelInterface/EPhz9/src/metadata_utils.jl:110
 [5] (::MLJModelInterface.var"#kw##metadata_model")(::NamedTuple{(:input, :target, :weights, :descr, :path),Tuple{UnionAll,UnionAll,Bool,String,String}}, ::typeof(MLJModelInterface.metadata_model), ::Type) at ./none:0
 [6] top-level scope at /home/pkgeval/.julia/packages/MulticlassPerceptron/TUIdJ/src/mlj/interface.jl:152
 [7] include at ./boot.jl:328 [inlined]
 [8] include_relative(::Module, ::String) at ./loading.jl:1105
 [9] include at ./Base.jl:31 [inlined]
 [10] include(::String) at /home/pkgeval/.julia/packages/MulticlassPerceptron/TUIdJ/src/MulticlassPerceptron.jl:1
 [11] top-level scope at /home/pkgeval/.julia/packages/MulticlassPerceptron/TUIdJ/src/MulticlassPerceptron.jl:7
 [12] include at ./boot.jl:328 [inlined]
 [13] include_relative(::Module, ::String) at ./loading.jl:1105
 [14] include(::Module, ::String) at ./Base.jl:31
 [15] top-level scope at none:2
 [16] eval at ./boot.jl:330 [inlined]
 [17] eval(::Expr) at ./client.jl:425
 [18] top-level scope at ./none:3
in expression starting at /home/pkgeval/.julia/packages/MulticlassPerceptron/TUIdJ/src/mlj/interface.jl:152
in expression starting at /home/pkgeval/.julia/packages/MulticlassPerceptron/TUIdJ/src/MulticlassPerceptron.jl:7
ERROR: LoadError: Failed to precompile MulticlassPerceptron [dab37cba-9818-490d-9918-279965c31300] to /home/pkgeval/.julia/compiled/v1.3/MulticlassPerceptron/UgIHs_iKT1o.ji.
Stacktrace:
 [1] error(::String) at ./error.jl:33
 [2] compilecache(::Base.PkgId, ::String) at ./loading.jl:1283
 [3] _require(::Base.PkgId) at ./loading.jl:1024
 [4] require(::Base.PkgId) at ./loading.jl:922
 [5] require(::Module, ::Symbol) at ./loading.jl:917
 [6] include at ./boot.jl:328 [inlined]
 [7] include_relative(::Module, ::String) at ./loading.jl:1105
 [8] include(::Module, ::String) at ./Base.jl:31
 [9] include(::String) at ./client.jl:424
 [10] top-level scope at none:6
in expression starting at /home/pkgeval/.julia/packages/MulticlassPerceptron/TUIdJ/test/runtests.jl:7
ERROR: Package MulticlassPerceptron errored during testing
Stacktrace:
 [1] pkgerror(::String, ::Vararg{String,N} where N) at /buildworker/worker/package_linux64/build/usr/share/julia/stdlib/v1.3/Pkg/src/Types.jl:113
 [2] #test#131(::Bool, ::Nothing, ::Cmd, ::Cmd, ::typeof(Pkg.Operations.test), ::Pkg.Types.Context, ::Array{Pkg.Types.PackageSpec,1}) at /buildworker/worker/package_linux64/build/usr/share/julia/stdlib/v1.3/Pkg/src/Operations.jl:1372
 [3] #test at ./none:0 [inlined]
 [4] #test#62(::Bool, ::Nothing, ::Cmd, ::Cmd, ::Base.Iterators.Pairs{Union{},Union{},Tuple{},NamedTuple{(),Tuple{}}}, ::typeof(Pkg.API.test), ::Pkg.Types.Context, ::Array{Pkg.Types.PackageSpec,1}) at /buildworker/worker/package_linux64/build/usr/share/julia/stdlib/v1.3/Pkg/src/API.jl:253
 [5] test(::Pkg.Types.Context, ::Array{Pkg.Types.PackageSpec,1}) at /buildworker/worker/package_linux64/build/usr/share/julia/stdlib/v1.3/Pkg/src/API.jl:239
 [6] #test#61 at /buildworker/worker/package_linux64/build/usr/share/julia/stdlib/v1.3/Pkg/src/API.jl:233 [inlined]
 [7] test at /buildworker/worker/package_linux64/build/usr/share/julia/stdlib/v1.3/Pkg/src/API.jl:233 [inlined]
 [8] #test#60 at /buildworker/worker/package_linux64/build/usr/share/julia/stdlib/v1.3/Pkg/src/API.jl:232 [inlined]
 [9] test at /buildworker/worker/package_linux64/build/usr/share/julia/stdlib/v1.3/Pkg/src/API.jl:232 [inlined]
 [10] #test#59(::Base.Iterators.Pairs{Union{},Union{},Tuple{},NamedTuple{(),Tuple{}}}, ::typeof(Pkg.API.test), ::String) at /buildworker/worker/package_linux64/build/usr/share/julia/stdlib/v1.3/Pkg/src/API.jl:231
 [11] test(::String) at /buildworker/worker/package_linux64/build/usr/share/julia/stdlib/v1.3/Pkg/src/API.jl:231
 [12] top-level scope at none:13
