Julia Version 1.3.1
Commit 2d5741174c (2019-12-30 21:36 UTC)
Platform Info:
  OS: Linux (x86_64-pc-linux-gnu)
  CPU: AMD Ryzen Threadripper 2990WX 32-Core Processor
  WORD_SIZE: 64
  LIBM: libopenlibm
  LLVM: libLLVM-6.0.1 (ORCJIT, znver1)
Environment:
  JULIA_DEPOT_PATH = ::/usr/local/share/julia
  JULIA_NUM_THREADS = 2

 Resolving package versions...
 Installed CMakeWrapper ───────────────── v0.2.3
 Installed NaNMath ────────────────────── v0.3.3
 Installed DiffResults ────────────────── v1.0.2
 Installed CMake ──────────────────────── v1.2.0
 Installed Ipopt ──────────────────────── v0.6.1
 Installed DiffRules ──────────────────── v1.0.1
 Installed NeRCA ──────────────────────── v0.5.1
 Installed PlotUtils ──────────────────── v0.6.4
 Installed MacroTools ─────────────────── v0.5.4
 Installed StatsBase ──────────────────── v0.32.2
 Installed DefaultApplication ─────────── v1.0.0
 Installed HDF5 ───────────────────────── v0.13.0
 Installed HDF5_jll ───────────────────── v1.10.5+5
 Installed MbedTLS ────────────────────── v1.0.1
 Installed Blosc ──────────────────────── v0.5.1
 Installed CodecBzip2 ─────────────────── v0.6.0
 Installed CompilerSupportLibraries_jll ─ v0.2.0+1
 Installed CodecZlib ──────────────────── v0.6.0
 Installed PGFPlotsX ──────────────────── v1.2.5
 Installed HTTP ───────────────────────── v0.8.12
 Installed IntervalArithmetic ─────────── v0.16.6
 Installed DataAPI ────────────────────── v1.1.0
 Installed ArgCheck ───────────────────── v2.0.0
 Installed PlotThemes ─────────────────── v1.0.1
 Installed BenchmarkTools ─────────────── v0.5.0
 Installed BinDeps ────────────────────── v1.0.0
 Installed SetRounding ────────────────── v0.2.0
 Installed StaticArrays ───────────────── v0.12.1
 Installed Requires ───────────────────── v1.0.1
 Installed RecipesBase ────────────────── v0.7.0
 Installed MutableArithmetics ─────────── v0.2.7
 Installed SpecialFunctions ───────────── v0.10.0
 Installed DataStructures ─────────────── v0.17.10
 Installed Zlib_jll ───────────────────── v1.2.11+8
 Installed MbedTLS_jll ────────────────── v2.16.0+1
 Installed CRlibm ─────────────────────── v0.8.0
 Installed ErrorfreeArithmetic ────────── v0.5.0
 Installed ColorTypes ─────────────────── v0.10.0
 Installed ForwardDiff ────────────────── v0.10.9
 Installed Compat ─────────────────────── v2.2.0
 Installed MathProgBase ───────────────── v0.7.8
 Installed DrWatson ───────────────────── v1.10.0
 Installed FixedPointNumbers ──────────── v0.8.0
 Installed MathOptInterface ───────────── v0.9.12
 Installed Colors ─────────────────────── v0.12.0
 Installed JSON ───────────────────────── v0.21.0
 Installed SortingAlgorithms ──────────── v0.3.1
 Installed JSONSchema ─────────────────── v0.2.0
 Installed TranscodingStreams ─────────── v0.9.5
 Installed Reexport ───────────────────── v0.2.0
 Installed Parsers ────────────────────── v0.3.12
 Installed URIParser ──────────────────── v0.4.0
 Installed OrderedCollections ─────────── v1.1.0
 Installed IniFile ────────────────────── v0.5.0
 Installed Parameters ─────────────────── v0.12.0
 Installed BinaryProvider ─────────────── v0.5.8
 Installed JuMP ───────────────────────── v0.21.1
 Installed Calculus ───────────────────── v0.5.1
 Installed CommonSubexpressions ───────── v0.2.0
 Installed DocStringExtensions ────────── v0.8.1
 Installed OpenSpecFun_jll ────────────── v0.5.3+3
 Installed Missings ───────────────────── v0.4.3
 Installed FastRounding ───────────────── v0.2.0
 Installed FileIO ─────────────────────── v1.2.3
  Updating `~/.julia/environments/v1.3/Project.toml`
  [89b7c20c] + NeRCA v0.5.1
  Updating `~/.julia/environments/v1.3/Manifest.toml`
  [dce04be8] + ArgCheck v2.0.0
  [6e4b80f9] + BenchmarkTools v0.5.0
  [9e28174c] + BinDeps v1.0.0
  [b99e7846] + BinaryProvider v0.5.8
  [a74b3585] + Blosc v0.5.1
  [631607c0] + CMake v1.2.0
  [d5fb7624] + CMakeWrapper v0.2.3
  [96374032] + CRlibm v0.8.0
  [49dc2e85] + Calculus v0.5.1
  [523fee87] + CodecBzip2 v0.6.0
  [944b1d66] + CodecZlib v0.6.0
  [3da002f7] + ColorTypes v0.10.0
  [5ae59095] + Colors v0.12.0
  [bbf7d656] + CommonSubexpressions v0.2.0
  [34da2185] + Compat v2.2.0
  [e66e0078] + CompilerSupportLibraries_jll v0.2.0+1
  [9a962f9c] + DataAPI v1.1.0
  [864edb3b] + DataStructures v0.17.10
  [3f0dd361] + DefaultApplication v1.0.0
  [163ba53b] + DiffResults v1.0.2
  [b552c78f] + DiffRules v1.0.1
  [ffbed154] + DocStringExtensions v0.8.1
  [634d3b9d] + DrWatson v1.10.0
  [90fa49ef] + ErrorfreeArithmetic v0.5.0
  [fa42c844] + FastRounding v0.2.0
  [5789e2e9] + FileIO v1.2.3
  [53c48c17] + FixedPointNumbers v0.8.0
  [f6369f11] + ForwardDiff v0.10.9
  [f67ccb44] + HDF5 v0.13.0
  [0234f1f7] + HDF5_jll v1.10.5+5
  [cd3eb016] + HTTP v0.8.12
  [83e8ac13] + IniFile v0.5.0
  [d1acc4aa] + IntervalArithmetic v0.16.6
  [b6b21f68] + Ipopt v0.6.1
  [682c06a0] + JSON v0.21.0
  [7d188eb4] + JSONSchema v0.2.0
  [4076af6c] + JuMP v0.21.1
  [1914dd2f] + MacroTools v0.5.4
  [b8f27783] + MathOptInterface v0.9.12
  [fdba3010] + MathProgBase v0.7.8
  [739be429] + MbedTLS v1.0.1
  [c8ffd9c3] + MbedTLS_jll v2.16.0+1
  [e1d29d7a] + Missings v0.4.3
  [d8a4904e] + MutableArithmetics v0.2.7
  [77ba4419] + NaNMath v0.3.3
  [89b7c20c] + NeRCA v0.5.1
  [efe28fd5] + OpenSpecFun_jll v0.5.3+3
  [bac558e1] + OrderedCollections v1.1.0
  [8314cec4] + PGFPlotsX v1.2.5
  [d96e819e] + Parameters v0.12.0
  [69de0a69] + Parsers v0.3.12
  [ccf2f8ad] + PlotThemes v1.0.1
  [995b91a9] + PlotUtils v0.6.4
  [3cdcf5f2] + RecipesBase v0.7.0
  [189a3867] + Reexport v0.2.0
  [ae029012] + Requires v1.0.1
  [3cc68bcd] + SetRounding v0.2.0
  [a2af1166] + SortingAlgorithms v0.3.1
  [276daf66] + SpecialFunctions v0.10.0
  [90137ffa] + StaticArrays v0.12.1
  [2913bbd2] + StatsBase v0.32.2
  [3bb67fe8] + TranscodingStreams v0.9.5
  [30578b45] + URIParser v0.4.0
  [83775a58] + Zlib_jll v1.2.11+8
  [2a0f44e3] + Base64 
  [ade2ca70] + Dates 
  [8bb1440f] + DelimitedFiles 
  [8ba89e20] + Distributed 
  [b77e0a4c] + InteractiveUtils 
  [76f85450] + LibGit2 
  [8f399da3] + Libdl 
  [37e2e46d] + LinearAlgebra 
  [56ddb016] + Logging 
  [d6f4376e] + Markdown 
  [a63ad114] + Mmap 
  [44cfe95a] + Pkg 
  [de0858da] + Printf 
  [3fa0cd96] + REPL 
  [9a3f8284] + Random 
  [ea8e919c] + SHA 
  [9e88b42a] + Serialization 
  [1a1011a3] + SharedArrays 
  [6462fe0b] + Sockets 
  [2f01184e] + SparseArrays 
  [10745b16] + Statistics 
  [8dfed614] + Test 
  [cf7118a7] + UUIDs 
  [4ec0a83e] + Unicode 
  Building CMake ─────→ `~/.julia/packages/CMake/ULbyn/deps/build.log`
  Building CodecZlib ─→ `~/.julia/packages/CodecZlib/5t9zO/deps/build.log`
  Building CodecBzip2 → `~/.julia/packages/CodecBzip2/T5yr7/deps/build.log`
  Building Ipopt ─────→ `~/.julia/packages/Ipopt/ruIXY/deps/build.log`
  Building Blosc ─────→ `~/.julia/packages/Blosc/lzFr0/deps/build.log`
  Building HDF5 ──────→ `~/.julia/packages/HDF5/XQlr9/deps/build.log`
  Building CRlibm ────→ `~/.julia/packages/CRlibm/NFCH5/deps/build.log`
[ Info: No changes
   Testing NeRCA
    Status `/tmp/jl_gdARjI/Manifest.toml`
  [dce04be8] ArgCheck v2.0.0
  [6e4b80f9] BenchmarkTools v0.5.0
  [9e28174c] BinDeps v1.0.0
  [b99e7846] BinaryProvider v0.5.8
  [a74b3585] Blosc v0.5.1
  [631607c0] CMake v1.2.0
  [d5fb7624] CMakeWrapper v0.2.3
  [96374032] CRlibm v0.8.0
  [49dc2e85] Calculus v0.5.1
  [523fee87] CodecBzip2 v0.6.0
  [944b1d66] CodecZlib v0.6.0
  [3da002f7] ColorTypes v0.10.0
  [5ae59095] Colors v0.12.0
  [bbf7d656] CommonSubexpressions v0.2.0
  [34da2185] Compat v2.2.0
  [e66e0078] CompilerSupportLibraries_jll v0.2.0+1
  [9a962f9c] DataAPI v1.1.0
  [864edb3b] DataStructures v0.17.10
  [3f0dd361] DefaultApplication v1.0.0
  [163ba53b] DiffResults v1.0.2
  [b552c78f] DiffRules v1.0.1
  [ffbed154] DocStringExtensions v0.8.1
  [634d3b9d] DrWatson v1.10.0
  [90fa49ef] ErrorfreeArithmetic v0.5.0
  [fa42c844] FastRounding v0.2.0
  [5789e2e9] FileIO v1.2.3
  [53c48c17] FixedPointNumbers v0.8.0
  [f6369f11] ForwardDiff v0.10.9
  [f67ccb44] HDF5 v0.13.0
  [0234f1f7] HDF5_jll v1.10.5+5
  [cd3eb016] HTTP v0.8.12
  [83e8ac13] IniFile v0.5.0
  [d1acc4aa] IntervalArithmetic v0.16.6
  [b6b21f68] Ipopt v0.6.1
  [682c06a0] JSON v0.21.0
  [7d188eb4] JSONSchema v0.2.0
  [4076af6c] JuMP v0.21.1
  [1914dd2f] MacroTools v0.5.4
  [b8f27783] MathOptInterface v0.9.12
  [fdba3010] MathProgBase v0.7.8
  [739be429] MbedTLS v1.0.1
  [c8ffd9c3] MbedTLS_jll v2.16.0+1
  [e1d29d7a] Missings v0.4.3
  [d8a4904e] MutableArithmetics v0.2.7
  [77ba4419] NaNMath v0.3.3
  [89b7c20c] NeRCA v0.5.1
  [efe28fd5] OpenSpecFun_jll v0.5.3+3
  [bac558e1] OrderedCollections v1.1.0
  [8314cec4] PGFPlotsX v1.2.5
  [d96e819e] Parameters v0.12.0
  [69de0a69] Parsers v0.3.12
  [ccf2f8ad] PlotThemes v1.0.1
  [995b91a9] PlotUtils v0.6.4
  [3cdcf5f2] RecipesBase v0.7.0
  [189a3867] Reexport v0.2.0
  [ae029012] Requires v1.0.1
  [3cc68bcd] SetRounding v0.2.0
  [a2af1166] SortingAlgorithms v0.3.1
  [276daf66] SpecialFunctions v0.10.0
  [90137ffa] StaticArrays v0.12.1
  [2913bbd2] StatsBase v0.32.2
  [3bb67fe8] TranscodingStreams v0.9.5
  [30578b45] URIParser v0.4.0
  [83775a58] Zlib_jll v1.2.11+8
  [2a0f44e3] Base64  [`@stdlib/Base64`]
  [ade2ca70] Dates  [`@stdlib/Dates`]
  [8bb1440f] DelimitedFiles  [`@stdlib/DelimitedFiles`]
  [8ba89e20] Distributed  [`@stdlib/Distributed`]
  [b77e0a4c] InteractiveUtils  [`@stdlib/InteractiveUtils`]
  [76f85450] LibGit2  [`@stdlib/LibGit2`]
  [8f399da3] Libdl  [`@stdlib/Libdl`]
  [37e2e46d] LinearAlgebra  [`@stdlib/LinearAlgebra`]
  [56ddb016] Logging  [`@stdlib/Logging`]
  [d6f4376e] Markdown  [`@stdlib/Markdown`]
  [a63ad114] Mmap  [`@stdlib/Mmap`]
  [44cfe95a] Pkg  [`@stdlib/Pkg`]
  [de0858da] Printf  [`@stdlib/Printf`]
  [3fa0cd96] REPL  [`@stdlib/REPL`]
  [9a3f8284] Random  [`@stdlib/Random`]
  [ea8e919c] SHA  [`@stdlib/SHA`]
  [9e88b42a] Serialization  [`@stdlib/Serialization`]
  [1a1011a3] SharedArrays  [`@stdlib/SharedArrays`]
  [6462fe0b] Sockets  [`@stdlib/Sockets`]
  [2f01184e] SparseArrays  [`@stdlib/SparseArrays`]
  [10745b16] Statistics  [`@stdlib/Statistics`]
  [8dfed614] Test  [`@stdlib/Test`]
  [cf7118a7] UUIDs  [`@stdlib/UUIDs`]
  [4ec0a83e] Unicode  [`@stdlib/Unicode`]

Update message: DrWatson v1.8.0

A cool new feature was added to the `@quickactivate` macro!


ERROR: LoadError: LoadError: UndefVarError: HDF5Compound not defined
Stacktrace:
 [1] getproperty(::Module, ::Symbol) at ./Base.jl:13
 [2] top-level scope at /home/pkgeval/.julia/packages/NeRCA/iYVxJ/src/types.jl:273
 [3] include at ./boot.jl:328 [inlined]
 [4] include_relative(::Module, ::String) at ./loading.jl:1105
 [5] include at ./Base.jl:31 [inlined]
 [6] include(::String) at /home/pkgeval/.julia/packages/NeRCA/iYVxJ/src/NeRCA.jl:1
 [7] top-level scope at /home/pkgeval/.julia/packages/NeRCA/iYVxJ/src/NeRCA.jl:41
 [8] include at ./boot.jl:328 [inlined]
 [9] include_relative(::Module, ::String) at ./loading.jl:1105
 [10] include(::Module, ::String) at ./Base.jl:31
 [11] top-level scope at none:2
 [12] eval at ./boot.jl:330 [inlined]
 [13] eval(::Expr) at ./client.jl:425
 [14] top-level scope at ./none:3
in expression starting at /home/pkgeval/.julia/packages/NeRCA/iYVxJ/src/types.jl:273
in expression starting at /home/pkgeval/.julia/packages/NeRCA/iYVxJ/src/NeRCA.jl:41
ERROR: LoadError: LoadError: Failed to precompile NeRCA [89b7c20c-a96a-11e9-35df-35fba0891eb2] to /home/pkgeval/.julia/compiled/v1.3/NeRCA/43Pse_RuAae.ji.
Stacktrace:
 [1] error(::String) at ./error.jl:33
 [2] compilecache(::Base.PkgId, ::String) at ./loading.jl:1283
 [3] _require(::Base.PkgId) at ./loading.jl:1024
in expression starting at /home/pkgeval/.julia/packages/NeRCA/iYVxJ/test/main_tests.jl:1
in expression starting at /home/pkgeval/.julia/packages/NeRCA/iYVxJ/test/runtests.jl:1
ERROR: Package NeRCA errored during testing
Stacktrace:
 [1] pkgerror(::String, ::Vararg{String,N} where N) at /buildworker/worker/package_linux64/build/usr/share/julia/stdlib/v1.3/Pkg/src/Types.jl:113
 [2] #test#131(::Bool, ::Nothing, ::Cmd, ::Cmd, ::typeof(Pkg.Operations.test), ::Pkg.Types.Context, ::Array{Pkg.Types.PackageSpec,1}) at /buildworker/worker/package_linux64/build/usr/share/julia/stdlib/v1.3/Pkg/src/Operations.jl:1372
 [3] #test at ./none:0 [inlined]
 [4] #test#62(::Bool, ::Nothing, ::Cmd, ::Cmd, ::Base.Iterators.Pairs{Union{},Union{},Tuple{},NamedTuple{(),Tuple{}}}, ::typeof(Pkg.API.test), ::Pkg.Types.Context, ::Array{Pkg.Types.PackageSpec,1}) at /buildworker/worker/package_linux64/build/usr/share/julia/stdlib/v1.3/Pkg/src/API.jl:253
 [5] test(::Pkg.Types.Context, ::Array{Pkg.Types.PackageSpec,1}) at /buildworker/worker/package_linux64/build/usr/share/julia/stdlib/v1.3/Pkg/src/API.jl:239
 [6] #test#61 at /buildworker/worker/package_linux64/build/usr/share/julia/stdlib/v1.3/Pkg/src/API.jl:233 [inlined]
 [7] test at /buildworker/worker/package_linux64/build/usr/share/julia/stdlib/v1.3/Pkg/src/API.jl:233 [inlined]
 [8] #test#60 at /buildworker/worker/package_linux64/build/usr/share/julia/stdlib/v1.3/Pkg/src/API.jl:232 [inlined]
 [9] test at /buildworker/worker/package_linux64/build/usr/share/julia/stdlib/v1.3/Pkg/src/API.jl:232 [inlined]
 [10] #test#59(::Base.Iterators.Pairs{Union{},Union{},Tuple{},NamedTuple{(),Tuple{}}}, ::typeof(Pkg.API.test), ::String) at /buildworker/worker/package_linux64/build/usr/share/julia/stdlib/v1.3/Pkg/src/API.jl:231
 [11] test(::String) at /buildworker/worker/package_linux64/build/usr/share/julia/stdlib/v1.3/Pkg/src/API.jl:231
 [12] top-level scope at none:13
