Julia Version 1.5.1
Commit 697e782ab8 (2020-08-25 20:08 UTC)
Platform Info:
  OS: Linux (x86_64-pc-linux-gnu)
  CPU: Intel(R) Xeon(R) Silver 4114 CPU @ 2.20GHz
  WORD_SIZE: 64
  LIBM: libopenlibm
  LLVM: libLLVM-9.0.1 (ORCJIT, skylake-avx512)
Environment:
  JULIA_DEPOT_PATH = ::/usr/local/share/julia
  JULIA_NUM_THREADS = 2

  Resolving package versions...
ERROR: Unsatisfiable requirements detected for package StatsModels [3eaba693]:
 StatsModels [3eaba693] log:
 ├─possible versions are: [0.3.0-0.3.1, 0.4.0, 0.5.0, 0.6.0-0.6.13] or uninstalled
 ├─restricted by compatibility requirements with ANOVA [0825541b] to versions: [0.3.0-0.3.1, 0.4.0, 0.5.0]
 │ └─ANOVA [0825541b] log:
 │   ├─possible versions are: 0.1.0 or uninstalled
 │   └─restricted by compatibility requirements with NeuroAnalysis [088af2c0] to versions: 0.1.0
 │     └─NeuroAnalysis [088af2c0] log:
 │       ├─possible versions are: 1.0.0 or uninstalled
 │       └─restricted to versions * by an explicit requirement, leaving only versions 1.0.0
 └─restricted by compatibility requirements with GLM [38e38edf] to versions: 0.6.0-0.6.13 — no versions left
   └─GLM [38e38edf] log:
     ├─possible versions are: [1.0.0-1.0.2, 1.1.0-1.1.1, 1.2.0, 1.3.0-1.3.10] or uninstalled
     ├─restricted by compatibility requirements with NeuroAnalysis [088af2c0] to versions: [1.0.0-1.0.2, 1.1.0-1.1.1, 1.2.0, 1.3.0-1.3.10]
     │ └─NeuroAnalysis [088af2c0] log: see above
     ├─restricted by compatibility requirements with StatsBase [2913bbd2] to versions: 1.3.1-1.3.10 or uninstalled, leaving only versions: 1.3.1-1.3.10
     │ └─StatsBase [2913bbd2] log:
     │   ├─possible versions are: [0.24.0, 0.25.0, 0.26.0, 0.27.0, 0.28.0-0.28.1, 0.29.0, 0.30.0, 0.31.0, 0.32.0-0.32.2, 0.33.0-0.33.1] or uninstalled
     │   └─restricted by compatibility requirements with NeuroAnalysis [088af2c0] to versions: 0.32.0-0.32.2
     │     └─NeuroAnalysis [088af2c0] log: see above
     └─restricted by compatibility requirements with Distributions [31c24e10] to versions: 1.3.8-1.3.10 or uninstalled, leaving only versions: 1.3.8-1.3.10
       └─Distributions [31c24e10] log:
         ├─possible versions are: [0.16.0-0.16.4, 0.17.0, 0.18.0, 0.19.1-0.19.2, 0.20.0, 0.21.0-0.21.3, 0.21.5-0.21.12, 0.22.0-0.22.6, 0.23.0-0.23.10] or uninstalled
         └─restricted by compatibility requirements with NeuroAnalysis [088af2c0] to versions: 0.23.0-0.23.10
           └─NeuroAnalysis [088af2c0] log: see above
Stacktrace:
 [1] propagate_constraints!(::Pkg.Resolve.Graph, ::Set{Int64}; log_events::Bool) at /buildworker/worker/package_linux64/build/usr/share/julia/stdlib/v1.5/Pkg/src/Resolve/graphtype.jl:1005
 [2] propagate_constraints! at /buildworker/worker/package_linux64/build/usr/share/julia/stdlib/v1.5/Pkg/src/Resolve/graphtype.jl:946 [inlined] (repeats 2 times)
 [3] simplify_graph!(::Pkg.Resolve.Graph, ::Set{Int64}; clean_graph::Bool) at /buildworker/worker/package_linux64/build/usr/share/julia/stdlib/v1.5/Pkg/src/Resolve/graphtype.jl:1460
 [4] simplify_graph! at /buildworker/worker/package_linux64/build/usr/share/julia/stdlib/v1.5/Pkg/src/Resolve/graphtype.jl:1460 [inlined] (repeats 2 times)
 [5] resolve_versions!(::Pkg.Types.Context, ::Array{Pkg.Types.PackageSpec,1}) at /buildworker/worker/package_linux64/build/usr/share/julia/stdlib/v1.5/Pkg/src/Operations.jl:375
 [6] targeted_resolve at /buildworker/worker/package_linux64/build/usr/share/julia/stdlib/v1.5/Pkg/src/Operations.jl:1114 [inlined]
 [7] tiered_resolve(::Pkg.Types.Context, ::Array{Pkg.Types.PackageSpec,1}) at /buildworker/worker/package_linux64/build/usr/share/julia/stdlib/v1.5/Pkg/src/Operations.jl:1100
 [8] _resolve at /buildworker/worker/package_linux64/build/usr/share/julia/stdlib/v1.5/Pkg/src/Operations.jl:1120 [inlined]
 [9] add(::Pkg.Types.Context, ::Array{Pkg.Types.PackageSpec,1}, ::Array{Base.UUID,1}; preserve::Pkg.Types.PreserveLevel, platform::Pkg.BinaryPlatforms.Linux) at /buildworker/worker/package_linux64/build/usr/share/julia/stdlib/v1.5/Pkg/src/Operations.jl:1135
 [10] add(::Pkg.Types.Context, ::Array{Pkg.Types.PackageSpec,1}; preserve::Pkg.Types.PreserveLevel, platform::Pkg.BinaryPlatforms.Linux, kwargs::Base.Iterators.Pairs{Union{},Union{},Tuple{},NamedTuple{(),Tuple{}}}) at /buildworker/worker/package_linux64/build/usr/share/julia/stdlib/v1.5/Pkg/src/API.jl:189
 [11] add(::Pkg.Types.Context, ::Array{Pkg.Types.PackageSpec,1}) at /buildworker/worker/package_linux64/build/usr/share/julia/stdlib/v1.5/Pkg/src/API.jl:140
 [12] #add#21 at /buildworker/worker/package_linux64/build/usr/share/julia/stdlib/v1.5/Pkg/src/API.jl:67 [inlined]
 [13] add at /buildworker/worker/package_linux64/build/usr/share/julia/stdlib/v1.5/Pkg/src/API.jl:67 [inlined]
 [14] #add#20 at /buildworker/worker/package_linux64/build/usr/share/julia/stdlib/v1.5/Pkg/src/API.jl:66 [inlined]
 [15] add at /buildworker/worker/package_linux64/build/usr/share/julia/stdlib/v1.5/Pkg/src/API.jl:66 [inlined]
 [16] add(::String; kwargs::Base.Iterators.Pairs{Union{},Union{},Tuple{},NamedTuple{(),Tuple{}}}) at /buildworker/worker/package_linux64/build/usr/share/julia/stdlib/v1.5/Pkg/src/API.jl:65
 [17] add(::String) at /buildworker/worker/package_linux64/build/usr/share/julia/stdlib/v1.5/Pkg/src/API.jl:65
 [18] top-level scope at none:18
