Julia Version 1.4.0
Commit b8e9a9ecc6 (2020-03-21 16:36 UTC)
Platform Info:
  OS: Linux (x86_64-pc-linux-gnu)
  CPU: AMD Ryzen Threadripper 2990WX 32-Core Processor
  WORD_SIZE: 64
  LIBM: libopenlibm
  LLVM: libLLVM-8.0.1 (ORCJIT, znver1)
Environment:
  JULIA_DEPOT_PATH = ::/usr/local/share/julia
  JULIA_NUM_THREADS = 2

  Resolving package versions...
  Installed Missings ──────────────────── v0.4.3
  Installed DataAPI ───────────────────── v1.1.0
  Installed Reexport ──────────────────── v0.2.0
  Installed PooledArrays ──────────────── v0.5.3
  Installed NFLTables ─────────────────── v0.1.2
  Installed IteratorInterfaceExtensions ─ v1.0.0
  Installed Parsers ───────────────────── v1.0.1
  Installed Tables ────────────────────── v1.0.3
  Installed WeakRefStrings ────────────── v0.6.2
  Installed DataValueInterfaces ───────── v1.0.0
  Installed IniFile ───────────────────── v0.5.0
  Installed SortingAlgorithms ─────────── v0.3.1
  Installed OrderedCollections ────────── v1.1.0
  Installed Gumbo ─────────────────────── v0.7.0
  Installed AbstractTrees ─────────────── v0.3.2
  Installed Cascadia ──────────────────── v0.5.0
  Installed InvertedIndices ───────────── v1.0.0
  Installed Compat ────────────────────── v3.8.0
  Installed FilePathsBase ─────────────── v0.7.0
  Installed MbedTLS ───────────────────── v1.0.1
  Installed DataFrames ────────────────── v0.20.2
  Installed BinaryProvider ────────────── v0.5.8
  Installed HTTP ──────────────────────── v0.8.13
  Installed MbedTLS_jll ───────────────── v2.16.0+1
  Installed DataStructures ────────────── v0.17.11
  Installed TableTraits ───────────────── v1.0.0
  Installed JSON ──────────────────────── v0.21.0
  Installed CategoricalArrays ─────────── v0.7.7
  Installed CSV ───────────────────────── v0.6.0
   Updating `~/.julia/environments/v1.4/Project.toml`
  [d9d91892] + NFLTables v0.1.2
   Updating `~/.julia/environments/v1.4/Manifest.toml`
  [1520ce14] + AbstractTrees v0.3.2
  [b99e7846] + BinaryProvider v0.5.8
  [336ed68f] + CSV v0.6.0
  [54eefc05] + Cascadia v0.5.0
  [324d7699] + CategoricalArrays v0.7.7
  [34da2185] + Compat v3.8.0
  [9a962f9c] + DataAPI v1.1.0
  [a93c6f00] + DataFrames v0.20.2
  [864edb3b] + DataStructures v0.17.11
  [e2d170a0] + DataValueInterfaces v1.0.0
  [48062228] + FilePathsBase v0.7.0
  [708ec375] + Gumbo v0.7.0
  [cd3eb016] + HTTP v0.8.13
  [83e8ac13] + IniFile v0.5.0
  [41ab1584] + InvertedIndices v1.0.0
  [82899510] + IteratorInterfaceExtensions v1.0.0
  [682c06a0] + JSON v0.21.0
  [739be429] + MbedTLS v1.0.1
  [c8ffd9c3] + MbedTLS_jll v2.16.0+1
  [e1d29d7a] + Missings v0.4.3
  [d9d91892] + NFLTables v0.1.2
  [bac558e1] + OrderedCollections v1.1.0
  [69de0a69] + Parsers v1.0.1
  [2dfb63ee] + PooledArrays v0.5.3
  [189a3867] + Reexport v0.2.0
  [a2af1166] + SortingAlgorithms v0.3.1
  [3783bdb8] + TableTraits v1.0.0
  [bd369af6] + Tables v1.0.3
  [ea10d353] + WeakRefStrings v0.6.2
  [2a0f44e3] + Base64 
  [ade2ca70] + Dates 
  [8bb1440f] + DelimitedFiles 
  [8ba89e20] + Distributed 
  [9fa8497b] + Future 
  [b77e0a4c] + InteractiveUtils 
  [76f85450] + LibGit2 
  [8f399da3] + Libdl 
  [37e2e46d] + LinearAlgebra 
  [56ddb016] + Logging 
  [d6f4376e] + Markdown 
  [a63ad114] + Mmap 
  [44cfe95a] + Pkg 
  [de0858da] + Printf 
  [3fa0cd96] + REPL 
  [9a3f8284] + Random 
  [ea8e919c] + SHA 
  [9e88b42a] + Serialization 
  [1a1011a3] + SharedArrays 
  [6462fe0b] + Sockets 
  [2f01184e] + SparseArrays 
  [10745b16] + Statistics 
  [8dfed614] + Test 
  [cf7118a7] + UUIDs 
  [4ec0a83e] + Unicode 
   Building Gumbo → `~/.julia/packages/Gumbo/OhZJu/deps/build.log`
    Testing NFLTables
Status `/tmp/jl_2L1Yhk/Manifest.toml`
  [1520ce14] AbstractTrees v0.3.2
  [b99e7846] BinaryProvider v0.5.8
  [336ed68f] CSV v0.6.0
  [54eefc05] Cascadia v0.5.0
  [324d7699] CategoricalArrays v0.7.7
  [34da2185] Compat v3.8.0
  [9a962f9c] DataAPI v1.1.0
  [a93c6f00] DataFrames v0.20.2
  [864edb3b] DataStructures v0.17.11
  [e2d170a0] DataValueInterfaces v1.0.0
  [48062228] FilePathsBase v0.7.0
  [708ec375] Gumbo v0.7.0
  [cd3eb016] HTTP v0.8.13
  [83e8ac13] IniFile v0.5.0
  [41ab1584] InvertedIndices v1.0.0
  [82899510] IteratorInterfaceExtensions v1.0.0
  [682c06a0] JSON v0.21.0
  [739be429] MbedTLS v1.0.1
  [c8ffd9c3] MbedTLS_jll v2.16.0+1
  [e1d29d7a] Missings v0.4.3
  [d9d91892] NFLTables v0.1.2
  [bac558e1] OrderedCollections v1.1.0
  [69de0a69] Parsers v1.0.1
  [2dfb63ee] PooledArrays v0.5.3
  [189a3867] Reexport v0.2.0
  [a2af1166] SortingAlgorithms v0.3.1
  [3783bdb8] TableTraits v1.0.0
  [bd369af6] Tables v1.0.3
  [ea10d353] WeakRefStrings v0.6.2
  [2a0f44e3] Base64 
  [ade2ca70] Dates 
  [8bb1440f] DelimitedFiles 
  [8ba89e20] Distributed 
  [9fa8497b] Future 
  [b77e0a4c] InteractiveUtils 
  [76f85450] LibGit2 
  [8f399da3] Libdl 
  [37e2e46d] LinearAlgebra 
  [56ddb016] Logging 
  [d6f4376e] Markdown 
  [a63ad114] Mmap 
  [44cfe95a] Pkg 
  [de0858da] Printf 
  [3fa0cd96] REPL 
  [9a3f8284] Random 
  [ea8e919c] SHA 
  [9e88b42a] Serialization 
  [1a1011a3] SharedArrays 
  [6462fe0b] Sockets 
  [2f01184e] SparseArrays 
  [10745b16] Statistics 
  [8dfed614] Test 
  [cf7118a7] UUIDs 
  [4ec0a83e] Unicode 
┌ Debug: Precompiling NFLTables [d9d91892-6368-4404-842f-e6b99dc208e9]
└ @ Base loading.jl:1260
Test Summary:     | Pass  Total
enumeration tests |    7      7
Test Summary: | Pass  Total
Valid Seasons |   51     51
Test Summary:           | Pass  Total
Test schedule retrieval |    1      1
Test Summary: | Pass  Total
valid seasons |   11     11
nflscrapR-data artifacts: Error During Test at /home/pkgeval/.julia/packages/NFLTables/GilEx/test/NFLScrapRData.jl:14
  Got exception outside of a @test
  SystemError: opening file "/home/pkgeval/.julia/packages/NFLTables/GilEx/src/../Artifacts.toml": Permission denied
  Stacktrace:
   [1] systemerror(::String, ::Int32; extrainfo::Nothing) at ./error.jl:168
   [2] #systemerror#50 at ./error.jl:167 [inlined]
   [3] systemerror at ./error.jl:167 [inlined]
   [4] open(::String; read::Nothing, write::Nothing, create::Nothing, truncate::Bool, append::Nothing) at ./iostream.jl:254
   [5] open(::String, ::String) at ./iostream.jl:310
   [6] open(::Pkg.Artifacts.var"#28#32", ::String, ::Vararg{String,N} where N; kwargs::Base.Iterators.Pairs{Union{},Union{},Tuple{},NamedTuple{(),Tuple{}}}) at ./io.jl:296
   [7] open at ./io.jl:296 [inlined]
   [8] bind_artifact!(::String, ::String, ::Base.SHA1; platform::Nothing, download_info::Nothing, lazy::Bool, force::Bool) at /buildworker/worker/package_linux64/build/usr/share/julia/stdlib/v1.4/Pkg/src/Artifacts.jl:676
   [9] get(::Function, ::String; redownload::Bool) at /home/pkgeval/.julia/packages/NFLTables/GilEx/src/artifacts.jl:21
   [10] get at /home/pkgeval/.julia/packages/NFLTables/GilEx/src/artifacts.jl:16 [inlined]
   [11] #season_artifact#1 at /home/pkgeval/.julia/packages/NFLTables/GilEx/src/NFLScrapRData.jl:81 [inlined]
   [12] top-level scope at /home/pkgeval/.julia/packages/NFLTables/GilEx/test/NFLScrapRData.jl:16
   [13] top-level scope at /buildworker/worker/package_linux64/build/usr/share/julia/stdlib/v1.4/Test/src/Test.jl:1113
   [14] top-level scope at /home/pkgeval/.julia/packages/NFLTables/GilEx/test/NFLScrapRData.jl:15
   [15] include(::Module, ::String) at ./Base.jl:377
   [16] include at /home/pkgeval/.julia/packages/NFLTables/GilEx/test/runtests.jl:1 [inlined]
   [17] (::Main.NFLTablesTest.var"#1#2")() at /home/pkgeval/.julia/packages/NFLTables/GilEx/test/runtests.jl:13
   [18] with_logstate(::Main.NFLTablesTest.var"#1#2", ::Base.CoreLogging.LogState) at ./logging.jl:398
   [19] with_logger(::Function, ::Logging.ConsoleLogger) at ./logging.jl:505
   [20] top-level scope at /home/pkgeval/.julia/packages/NFLTables/GilEx/test/runtests.jl:8
   [21] include(::String) at ./client.jl:439
   [22] top-level scope at none:6
   [23] eval(::Module, ::Any) at ./boot.jl:331
   [24] exec_options(::Base.JLOptions) at ./client.jl:264
   [25] _start() at ./client.jl:484
  
Test Summary:            | Error  Total
nflscrapR-data artifacts |     1      1
ERROR: LoadError: LoadError: Some tests did not pass: 0 passed, 0 failed, 1 errored, 0 broken.
in expression starting at /home/pkgeval/.julia/packages/NFLTables/GilEx/test/NFLScrapRData.jl:14
in expression starting at /home/pkgeval/.julia/packages/NFLTables/GilEx/test/runtests.jl:8
ERROR: Package NFLTables errored during testing
Stacktrace:
 [1] pkgerror(::String, ::Vararg{String,N} where N) at /buildworker/worker/package_linux64/build/usr/share/julia/stdlib/v1.4/Pkg/src/Types.jl:53
 [2] test(::Pkg.Types.Context, ::Array{Pkg.Types.PackageSpec,1}; coverage::Bool, julia_args::Cmd, test_args::Cmd, test_fn::Nothing) at /buildworker/worker/package_linux64/build/usr/share/julia/stdlib/v1.4/Pkg/src/Operations.jl:1503
 [3] test(::Pkg.Types.Context, ::Array{Pkg.Types.PackageSpec,1}; coverage::Bool, test_fn::Nothing, julia_args::Cmd, test_args::Cmd, kwargs::Base.Iterators.Pairs{Union{},Union{},Tuple{},NamedTuple{(),Tuple{}}}) at /buildworker/worker/package_linux64/build/usr/share/julia/stdlib/v1.4/Pkg/src/API.jl:316
 [4] test(::Pkg.Types.Context, ::Array{Pkg.Types.PackageSpec,1}) at /buildworker/worker/package_linux64/build/usr/share/julia/stdlib/v1.4/Pkg/src/API.jl:303
 [5] #test#68 at /buildworker/worker/package_linux64/build/usr/share/julia/stdlib/v1.4/Pkg/src/API.jl:297 [inlined]
 [6] test at /buildworker/worker/package_linux64/build/usr/share/julia/stdlib/v1.4/Pkg/src/API.jl:297 [inlined]
 [7] #test#67 at /buildworker/worker/package_linux64/build/usr/share/julia/stdlib/v1.4/Pkg/src/API.jl:296 [inlined]
 [8] test at /buildworker/worker/package_linux64/build/usr/share/julia/stdlib/v1.4/Pkg/src/API.jl:296 [inlined]
 [9] test(::String; kwargs::Base.Iterators.Pairs{Union{},Union{},Tuple{},NamedTuple{(),Tuple{}}}) at /buildworker/worker/package_linux64/build/usr/share/julia/stdlib/v1.4/Pkg/src/API.jl:295
 [10] test(::String) at /buildworker/worker/package_linux64/build/usr/share/julia/stdlib/v1.4/Pkg/src/API.jl:295
 [11] top-level scope at none:16
