Julia Version 1.3.1
Commit 2d5741174c (2019-12-30 21:36 UTC)
Platform Info:
  OS: Linux (x86_64-pc-linux-gnu)
  CPU: AMD Ryzen Threadripper 2990WX 32-Core Processor
  WORD_SIZE: 64
  LIBM: libopenlibm
  LLVM: libLLVM-6.0.1 (ORCJIT, znver1)
Environment:
  JULIA_DEPOT_PATH = ::/usr/local/share/julia
  JULIA_NUM_THREADS = 2

 Resolving package versions...
 Installed NaNMath ────────────────────── v0.3.3
 Installed OrderedCollections ─────────── v1.1.0
 Installed DiffResults ────────────────── v1.0.2
 Installed ArrayInterface ─────────────── v2.5.1
 Installed DiffRules ──────────────────── v1.0.1
 Installed LineSearches ───────────────── v7.0.1
 Installed NLsolve ────────────────────── v4.3.0
 Installed ForwardDiff ────────────────── v0.10.9
 Installed CompilerSupportLibraries_jll ─ v0.2.0+1
 Installed OpenSpecFun_jll ────────────── v0.5.3+3
 Installed Parameters ─────────────────── v0.12.0
 Installed NLSolversBase ──────────────── v7.6.1
 Installed Requires ───────────────────── v1.0.1
 Installed StaticArrays ───────────────── v0.12.1
 Installed FiniteDiff ─────────────────── v2.2.1
 Installed CommonSubexpressions ───────── v0.2.0
 Installed Distances ──────────────────── v0.8.2
 Installed Reexport ───────────────────── v0.2.0
 Installed SpecialFunctions ───────────── v0.10.0
  Updating `~/.julia/environments/v1.3/Project.toml`
  [2774e3e8] + NLsolve v4.3.0
  Updating `~/.julia/environments/v1.3/Manifest.toml`
  [4fba245c] + ArrayInterface v2.5.1
  [bbf7d656] + CommonSubexpressions v0.2.0
  [e66e0078] + CompilerSupportLibraries_jll v0.2.0+1
  [163ba53b] + DiffResults v1.0.2
  [b552c78f] + DiffRules v1.0.1
  [b4f34e82] + Distances v0.8.2
  [6a86dc24] + FiniteDiff v2.2.1
  [f6369f11] + ForwardDiff v0.10.9
  [d3d80556] + LineSearches v7.0.1
  [d41bc354] + NLSolversBase v7.6.1
  [2774e3e8] + NLsolve v4.3.0
  [77ba4419] + NaNMath v0.3.3
  [efe28fd5] + OpenSpecFun_jll v0.5.3+3
  [bac558e1] + OrderedCollections v1.1.0
  [d96e819e] + Parameters v0.12.0
  [189a3867] + Reexport v0.2.0
  [ae029012] + Requires v1.0.1
  [276daf66] + SpecialFunctions v0.10.0
  [90137ffa] + StaticArrays v0.12.1
  [2a0f44e3] + Base64 
  [ade2ca70] + Dates 
  [8ba89e20] + Distributed 
  [b77e0a4c] + InteractiveUtils 
  [76f85450] + LibGit2 
  [8f399da3] + Libdl 
  [37e2e46d] + LinearAlgebra 
  [56ddb016] + Logging 
  [d6f4376e] + Markdown 
  [44cfe95a] + Pkg 
  [de0858da] + Printf 
  [3fa0cd96] + REPL 
  [9a3f8284] + Random 
  [ea8e919c] + SHA 
  [9e88b42a] + Serialization 
  [6462fe0b] + Sockets 
  [2f01184e] + SparseArrays 
  [10745b16] + Statistics 
  [8dfed614] + Test 
  [cf7118a7] + UUIDs 
  [4ec0a83e] + Unicode 
   Testing NLsolve
 Resolving package versions...
 Installed LeftChildRightSiblingTrees ── v0.1.2
 Installed FunctionWrappers ──────────── v1.1.1
 Installed MacroTools ────────────────── v0.5.4
 Installed IterativeSolvers ──────────── v0.8.1
 Installed DiffEqBase ────────────────── v6.24.0
 Installed ProgressMeter ─────────────── v1.2.0
 Installed LoggingExtras ─────────────── v0.4.0
 Installed ProgressLogging ───────────── v0.1.2
 Installed Roots ─────────────────────── v1.0.0
 Installed RecipesBase ───────────────── v0.8.0
 Installed RecursiveFactorization ────── v0.1.0
 Installed ChainRulesCore ────────────── v0.7.1
 Installed IteratorInterfaceExtensions ─ v1.0.0
 Installed TerminalLoggers ───────────── v0.1.1
 Installed ZygoteRules ───────────────── v0.2.0
 Installed RecursiveArrayTools ───────── v2.1.0
 Installed DataStructures ────────────── v0.17.10
 Installed AbstractTrees ─────────────── v0.3.2
 Installed TableTraits ───────────────── v1.0.0
 Installed ConsoleProgressMonitor ────── v0.1.2
 Installed TreeViews ─────────────────── v0.3.0
 Installed MuladdMacro ───────────────── v0.2.2
 Installed DocStringExtensions ───────── v0.8.1
    Status `/tmp/jl_aSVMwe/Manifest.toml`
  [1520ce14] AbstractTrees v0.3.2
  [4fba245c] ArrayInterface v2.5.1
  [d360d2e6] ChainRulesCore v0.7.1
  [bbf7d656] CommonSubexpressions v0.2.0
  [e66e0078] CompilerSupportLibraries_jll v0.2.0+1
  [88cd18e8] ConsoleProgressMonitor v0.1.2
  [864edb3b] DataStructures v0.17.10
  [2b5f629d] DiffEqBase v6.24.0
  [163ba53b] DiffResults v1.0.2
  [b552c78f] DiffRules v1.0.1
  [b4f34e82] Distances v0.8.2
  [ffbed154] DocStringExtensions v0.8.1
  [6a86dc24] FiniteDiff v2.2.1
  [f6369f11] ForwardDiff v0.10.9
  [069b7b12] FunctionWrappers v1.1.1
  [42fd0dbc] IterativeSolvers v0.8.1
  [82899510] IteratorInterfaceExtensions v1.0.0
  [1d6d02ad] LeftChildRightSiblingTrees v0.1.2
  [d3d80556] LineSearches v7.0.1
  [e6f89c97] LoggingExtras v0.4.0
  [1914dd2f] MacroTools v0.5.4
  [46d2c3a1] MuladdMacro v0.2.2
  [d41bc354] NLSolversBase v7.6.1
  [2774e3e8] NLsolve v4.3.0
  [77ba4419] NaNMath v0.3.3
  [efe28fd5] OpenSpecFun_jll v0.5.3+3
  [bac558e1] OrderedCollections v1.1.0
  [d96e819e] Parameters v0.12.0
  [33c8b6b6] ProgressLogging v0.1.2
  [92933f4c] ProgressMeter v1.2.0
  [3cdcf5f2] RecipesBase v0.8.0
  [731186ca] RecursiveArrayTools v2.1.0
  [f2c3362d] RecursiveFactorization v0.1.0
  [189a3867] Reexport v0.2.0
  [ae029012] Requires v1.0.1
  [f2b01f46] Roots v1.0.0
  [276daf66] SpecialFunctions v0.10.0
  [90137ffa] StaticArrays v0.12.1
  [3783bdb8] TableTraits v1.0.0
  [5d786b92] TerminalLoggers v0.1.1
  [a2a6695c] TreeViews v0.3.0
  [700de1a5] ZygoteRules v0.2.0
  [2a0f44e3] Base64  [`@stdlib/Base64`]
  [ade2ca70] Dates  [`@stdlib/Dates`]
  [8ba89e20] Distributed  [`@stdlib/Distributed`]
  [b77e0a4c] InteractiveUtils  [`@stdlib/InteractiveUtils`]
  [76f85450] LibGit2  [`@stdlib/LibGit2`]
  [8f399da3] Libdl  [`@stdlib/Libdl`]
  [37e2e46d] LinearAlgebra  [`@stdlib/LinearAlgebra`]
  [56ddb016] Logging  [`@stdlib/Logging`]
  [d6f4376e] Markdown  [`@stdlib/Markdown`]
  [44cfe95a] Pkg  [`@stdlib/Pkg`]
  [de0858da] Printf  [`@stdlib/Printf`]
  [3fa0cd96] REPL  [`@stdlib/REPL`]
  [9a3f8284] Random  [`@stdlib/Random`]
  [ea8e919c] SHA  [`@stdlib/SHA`]
  [9e88b42a] Serialization  [`@stdlib/Serialization`]
  [6462fe0b] Sockets  [`@stdlib/Sockets`]
  [2f01184e] SparseArrays  [`@stdlib/SparseArrays`]
  [10745b16] Statistics  [`@stdlib/Statistics`]
  [4607b0f0] SuiteSparse  [`@stdlib/SuiteSparse`]
  [8dfed614] Test  [`@stdlib/Test`]
  [cf7118a7] UUIDs  [`@stdlib/UUIDs`]
  [4ec0a83e] Unicode  [`@stdlib/Unicode`]
Running tests:
Test Summary: | Pass  Total
2by2          |   23     23
Test Summary: | Pass  Total
linsolve      |    3      3
Function                                          Dim    NFEV    NJEV   Final inf-norm     total time
--------------------------------------------------------------------------------------
Rosenbrock-trust_region                             2      30      17     1.310063e-13   4.459567e-01
Rosenbrock-trust_region-AD                          2      30      17     0.000000e+00   4.459567e-01
Rosenbrock-newton                                   2       3       2     2.479261e-10   1.443940e-04
Rosenbrock-newton-AD                                2       3       2     8.881784e-15   1.443940e-04
Rosenbrock-broyden                                  2     697       0     1.038196e-09   6.732484e-03
Powell singular-trust_region                        4      17      17     2.945101e-09   2.162452e-01
Powell singular-trust_region-AD                     4      17      17     2.945101e-09   2.162452e-01
Powell singular-newton                              4      17      16     2.945101e-09   4.317595e-03
Powell singular-newton-AD                           4      17      16     2.945101e-09   4.317595e-03
Powell badly scaled-trust_region                    2      15      14     7.051693e-12   2.569065e-01
Powell badly scaled-trust_region-AD                 2      15      14     7.051582e-12   2.569065e-01
Powell badly scaled-newton                          2      13      12     1.573319e-11   1.447850e-04
Powell badly scaled-newton-AD                       2      13      12     1.573341e-11   1.447850e-04
Powell badly scaled-broyden                         2    1283       0     7.098400e-10   3.353593e-03
Wood-trust_region                                   4      19      15     1.152257e-10   1.714399e-01
Wood-trust_region-AD                                4      19      15     1.152340e-10   1.714399e-01
Wood-newton                                         4      15      14     4.241052e-14   1.517490e-04
Wood-newton-AD                                      4      15      14     4.884981e-14   1.517490e-04
Helical Valley-trust_region                         3      10       9     1.110223e-14   2.294060e-01
Helical Valley-trust_region-AD                      3      10       9     1.110223e-14   2.294060e-01
Helical Valley-newton                               3      11      10     1.146398e-14   9.760500e-05
Helical Valley-newton-AD                            3      11      10     1.145685e-14   9.760500e-05
Helical Valley-broyden                              3      94       0     1.555335e-09   9.316700e-04
Watson-trust_region                                 6      18      16     2.827721e-13   3.375052e-01
Watson-trust_region-AD                              6      18      16     2.958363e-13   3.375052e-01
Watson-newton                                       6      13      12     3.192030e-13   3.070440e-04
Watson-newton-AD                                    6      13      12     3.107306e-13   3.070440e-04
Watson-trust_region                                 9      17      17     1.646805e-12   6.499850e-04
Watson-trust_region-AD                              9      17      17     1.619032e-12   6.499850e-04
Watson-newton                                       9      14      13     7.178719e-15   5.129550e-04
Watson-newton-AD                                    9      14      13     1.418956e-14   5.129550e-04
Chebyquad-trust_region                              5       6       5     9.143921e-09   2.501664e-01
Chebyquad-trust_region-AD                           5       6       5     9.143861e-09   2.501664e-01
Chebyquad-broyden                                   5     544       0     2.387715e-09   1.558312e-03
Chebyquad-trust_region                              6      12       8     8.049117e-16   1.325420e-04
Chebyquad-trust_region-AD                           6      12       8     7.320533e-16   1.325420e-04
Chebyquad-broyden                                   6     531       0     4.589862e-09   1.547982e-03
Chebyquad-trust_region                              7       8       6     6.328884e-10   1.247170e-04
Chebyquad-trust_region-AD                           7       8       6     6.329061e-10   1.247170e-04
Chebyquad-broyden                                   7     482       0     1.632946e-10   1.722262e-03
Chebyquad-trust_region                              9      13       8     1.620579e-14   2.166810e-04
Chebyquad-trust_region-AD                           9      13       8     1.641395e-14   2.166810e-04
Chebyquad-broyden                                   9     844       0     9.680938e-09   4.340659e-03
Brown almost-linear-trust_region                   10       5       5     3.382332e-09   3.634039e-01
Brown almost-linear-trust_region-AD                10       5       5     3.382330e-09   3.634039e-01
Brown almost-linear-broyden                        10      41       0     8.740535e-10   5.267410e-04
Brown almost-linear-trust_region                   30       4       4     8.883189e-09   1.530099e-01
Brown almost-linear-trust_region-AD                30       4       4     8.883263e-09   1.530099e-01
Brown almost-linear-broyden                        30      45       0     5.158425e-09   2.255777e-03
Brown almost-linear-trust_region                   40       2       2     7.242883e-10   8.763740e-02
Brown almost-linear-trust_region-AD                40       4       4     1.570835e-09   8.763740e-02
Brown almost-linear-broyden                        40      64       0     2.491596e-10   2.638525e-03
Discrete boundary value-trust_region               10       4       4     2.636780e-16   2.147291e-01
Discrete boundary value-trust_region-AD            10       4       4     2.636780e-16   2.147291e-01
Discrete boundary value-newton                     10       4       3     2.636780e-16   8.022200e-05
Discrete boundary value-newton-AD                  10       4       3     2.636780e-16   8.022200e-05
Discrete boundary value-broyden                    10     334       0     4.344250e-09   8.111920e-04
Discrete integral equation-trust_region             1       4       4     8.537615e-14   2.255941e-01
Discrete integral equation-trust_region-AD          1       4       4     8.537615e-14   2.255941e-01
Discrete integral equation-newton                   1       4       3     8.537615e-14   1.166820e-04
Discrete integral equation-newton-AD                1       4       3     8.537615e-14   1.166820e-04
Discrete integral equation-broyden                  1       5       0     4.608538e-10   2.336340e-04
Discrete integral equation-trust_region            10       4       4     2.720046e-15   1.190870e-04
Discrete integral equation-trust_region-AD         10       4       4     2.747802e-15   1.190870e-04
Discrete integral equation-newton                  10       4       3     2.720046e-15   1.695120e-04
Discrete integral equation-newton-AD               10       4       3     2.747802e-15   1.695120e-04
Discrete integral equation-broyden                 10       6       0     4.266497e-09   3.455970e-04
Trigonometric-trust_region                         10      14       8     1.204281e-10   2.958456e-01
Trigonometric-trust_region-AD                      10      14       8     1.204299e-10   2.958456e-01
Variably dimensioned-trust_region                  10      15      15     2.868483e-12   1.194658e-01
Variably dimensioned-trust_region-AD               10      15      15     1.323497e-12   1.194658e-01
Variably dimensioned-newton                        10      15      14     2.868483e-12   2.517880e-04
Variably dimensioned-newton-AD                     10      15      14     1.323497e-12   2.517880e-04
Variably dimensioned-broyden                       10    1804       0     0.000000e+00   9.911757e-03
Broyden tridiagonal-trust_region                   10       5       5     7.548397e-10   2.400856e-01
Broyden tridiagonal-trust_region-AD                10       5       5     7.548402e-10   2.400856e-01
Broyden tridiagonal-newton                         10       5       4     7.548397e-10   1.673380e-04
Broyden tridiagonal-newton-AD                      10       5       4     7.548402e-10   1.673380e-04
Broyden tridiagonal-broyden                        10     229       0     7.176069e-09   2.194962e-03
Broyden banded-trust_region                        10       6       6     9.359472e-09   2.856410e-01
Broyden banded-trust_region-AD                     10       6       6     9.359466e-09   2.856410e-01
Broyden banded-newton                              10       6       5     9.359472e-09   1.553350e-04
Broyden banded-newton-AD                           10       6       5     9.359466e-09   1.553350e-04
Broyden banded-broyden                             10     171       0     9.799625e-09   1.315220e-03
Test Summary: | Pass  Total
minpack       |   84     84
Test Summary: | Pass  Broken  Total
singular case |    6       2      8
Test Summary:     | Pass  Total
finite_difference |    1      1
Iter     f(x) inf-norm    Step 2-norm 
------   --------------   --------------
     1     1.494000e-01              NaN
     2     1.403961e-01     1.971344e-06
     3     2.416811e-02     6.187459e-08
     4     2.207036e-02     5.105990e-08
     5     1.221892e-03     1.542135e-10
     6     1.597480e-03     2.635656e-10
     7     3.048944e-07     9.296098e-18
     8     1.620505e-08     2.629202e-20
     9     8.668621e-13     7.519430e-29
Test Summary: | Pass  Total
iface         |   11     11
Test Summary:        | Pass  Total
incomplete objective |    2      2
Test Summary:     | Pass  Total
already converged |    6      6
Test Summary: | Pass  Total
autodiff      |    2      2
Test Summary: | Pass  Total
mcp_josephy   |   18     18
Test Summary: |
difficult_mcp | No tests
Test Summary: | Pass  Total
sparse        |   10     10
Test Summary: | Pass  Total
throws        |    4      4
Test Summary: | Pass  Total
f_g_counts    |    4      4
Test Summary: | Pass  Total
no linesearch |    1      1
Test Summary: | Pass  Total
abstractarray |   32     32
Test Summary: | Pass  Total
complex       |   16     16
Test Summary: | Pass  Total
caches        |    3      3
Test Summary: | Pass  Total
fixed points  |   17     17
   Testing NLsolve tests passed 
