Julia Version 1.3.1
Commit 2d5741174c (2019-12-30 21:36 UTC)
Platform Info:
  OS: Linux (x86_64-pc-linux-gnu)
  CPU: AMD Ryzen Threadripper 2990WX 32-Core Processor
  WORD_SIZE: 64
  LIBM: libopenlibm
  LLVM: libLLVM-6.0.1 (ORCJIT, znver1)
Environment:
  JULIA_DEPOT_PATH = ::/usr/local/share/julia
  JULIA_NUM_THREADS = 2

 Resolving package versions...
 Installed LeftChildRightSiblingTrees ── v0.1.2
 Installed LoggingExtras ─────────────── v0.4.0
 Installed ProgressMeter ─────────────── v1.2.0
 Installed FunctionWrappers ──────────── v1.1.1
 Installed ArrayInterface ────────────── v2.5.1
 Installed Roots ─────────────────────── v1.0.0
 Installed MacroTools ────────────────── v0.5.4
 Installed ODE ───────────────────────── v2.6.0
 Installed RecursiveFactorization ────── v0.1.0
 Installed ProgressLogging ───────────── v0.1.2
 Installed RecipesBase ───────────────── v0.8.0
 Installed TerminalLoggers ───────────── v0.1.1
 Installed ChainRulesCore ────────────── v0.7.1
 Installed StaticArrays ──────────────── v0.12.1
 Installed DataStructures ────────────── v0.17.10
 Installed Requires ──────────────────── v1.0.1
 Installed IteratorInterfaceExtensions ─ v1.0.0
 Installed Compat ────────────────────── v3.8.0
 Installed RecursiveArrayTools ───────── v2.1.0
 Installed AbstractTrees ─────────────── v0.3.2
 Installed ZygoteRules ───────────────── v0.2.0
 Installed TableTraits ───────────────── v1.0.0
 Installed Reexport ──────────────────── v0.2.0
 Installed DiffEqBase ────────────────── v6.24.0
 Installed OrderedCollections ────────── v1.1.0
 Installed MuladdMacro ───────────────── v0.2.2
 Installed ConsoleProgressMonitor ────── v0.1.2
 Installed Parameters ────────────────── v0.12.0
 Installed DocStringExtensions ───────── v0.8.1
 Installed IterativeSolvers ──────────── v0.8.1
 Installed TreeViews ─────────────────── v0.3.0
 Installed Polynomials ───────────────── v0.6.1
  Updating `~/.julia/environments/v1.3/Project.toml`
  [c030b06c] + ODE v2.6.0
  Updating `~/.julia/environments/v1.3/Manifest.toml`
  [1520ce14] + AbstractTrees v0.3.2
  [4fba245c] + ArrayInterface v2.5.1
  [d360d2e6] + ChainRulesCore v0.7.1
  [34da2185] + Compat v3.8.0
  [88cd18e8] + ConsoleProgressMonitor v0.1.2
  [864edb3b] + DataStructures v0.17.10
  [2b5f629d] + DiffEqBase v6.24.0
  [ffbed154] + DocStringExtensions v0.8.1
  [069b7b12] + FunctionWrappers v1.1.1
  [42fd0dbc] + IterativeSolvers v0.8.1
  [82899510] + IteratorInterfaceExtensions v1.0.0
  [1d6d02ad] + LeftChildRightSiblingTrees v0.1.2
  [e6f89c97] + LoggingExtras v0.4.0
  [1914dd2f] + MacroTools v0.5.4
  [46d2c3a1] + MuladdMacro v0.2.2
  [c030b06c] + ODE v2.6.0
  [bac558e1] + OrderedCollections v1.1.0
  [d96e819e] + Parameters v0.12.0
  [f27b6e38] + Polynomials v0.6.1
  [33c8b6b6] + ProgressLogging v0.1.2
  [92933f4c] + ProgressMeter v1.2.0
  [3cdcf5f2] + RecipesBase v0.8.0
  [731186ca] + RecursiveArrayTools v2.1.0
  [f2c3362d] + RecursiveFactorization v0.1.0
  [189a3867] + Reexport v0.2.0
  [ae029012] + Requires v1.0.1
  [f2b01f46] + Roots v1.0.0
  [90137ffa] + StaticArrays v0.12.1
  [3783bdb8] + TableTraits v1.0.0
  [5d786b92] + TerminalLoggers v0.1.1
  [a2a6695c] + TreeViews v0.3.0
  [700de1a5] + ZygoteRules v0.2.0
  [2a0f44e3] + Base64 
  [ade2ca70] + Dates 
  [8bb1440f] + DelimitedFiles 
  [8ba89e20] + Distributed 
  [b77e0a4c] + InteractiveUtils 
  [76f85450] + LibGit2 
  [8f399da3] + Libdl 
  [37e2e46d] + LinearAlgebra 
  [56ddb016] + Logging 
  [d6f4376e] + Markdown 
  [a63ad114] + Mmap 
  [44cfe95a] + Pkg 
  [de0858da] + Printf 
  [3fa0cd96] + REPL 
  [9a3f8284] + Random 
  [ea8e919c] + SHA 
  [9e88b42a] + Serialization 
  [1a1011a3] + SharedArrays 
  [6462fe0b] + Sockets 
  [2f01184e] + SparseArrays 
  [10745b16] + Statistics 
  [4607b0f0] + SuiteSparse 
  [8dfed614] + Test 
  [cf7118a7] + UUIDs 
  [4ec0a83e] + Unicode 
   Testing ODE
 Resolving package versions...
 Installed NaNMath ────────────────────── v0.3.3
 Installed DiffResults ────────────────── v1.0.2
 Installed DiffRules ──────────────────── v1.0.1
 Installed NameResolution ─────────────── v0.1.3
 Installed BlockArrays ────────────────── v0.11.1
 Installed DiffEqProblemLibrary ───────── v4.6.4
 Installed ModelingToolkit ────────────── v1.2.10
 Installed DiffEqOperators ────────────── v4.8.1
 Installed PrettyPrint ────────────────── v0.1.0
 Installed ElasticArrays ──────────────── v1.0.0
 Installed Latexify ───────────────────── v0.12.0
 Installed MLStyle ────────────────────── v0.3.1
 Installed SymEngine ──────────────────── v0.7.1
 Installed CompilerSupportLibraries_jll ─ v0.2.0+1
 Installed DataAPI ────────────────────── v1.1.0
 Installed FillArrays ─────────────────── v0.8.5
 Installed DiffEqBiological ───────────── v4.2.0
 Installed Quadmath ───────────────────── v0.5.4
 Installed DataValueInterfaces ────────── v1.0.0
 Installed GenericSchur ───────────────── v0.4.0
 Installed MatrixFactorizations ───────── v0.2.1
 Installed MixedSubdivisions ──────────── v1.0.0
 Installed NNlib ──────────────────────── v0.6.6
 Installed JuliaVariables ─────────────── v0.2.0
 Installed DiffEqJump ─────────────────── v6.5.0
 Installed HomotopyContinuation ───────── v1.4.1
 Installed ArrayLayouts ───────────────── v0.1.5
 Installed FixedPolynomials ───────────── v0.4.0
 Installed DoubleFloats ───────────────── v1.1.6
 Installed RandomNumbers ──────────────── v1.4.0
 Installed MutableArithmetics ─────────── v0.2.7
 Installed StaticPolynomials ──────────── v1.3.3
 Installed SpecialFunctions ───────────── v0.10.0
 Installed ForwardDiff ────────────────── v0.10.9
 Installed ProjectiveVectors ──────────── v1.1.2
 Installed GenericSVD ─────────────────── v0.3.0
 Installed MultivariatePolynomials ────── v0.3.6
 Installed Crayons ────────────────────── v4.0.1
 Installed Formatting ─────────────────── v0.4.1
 Installed Tables ─────────────────────── v1.0.3
 Installed BlockBandedMatrices ────────── v0.7.1
 Installed CanonicalTraits ────────────── v0.1.0
 Installed BandedMatrices ─────────────── v0.14.3
 Installed DynamicPolynomials ─────────── v0.3.9
 Installed BinaryProvider ─────────────── v0.5.8
 Installed LaTeXStrings ───────────────── v1.1.0
 Installed OpenSpecFun_jll ────────────── v0.5.3+3
 Installed PoissonRandom ──────────────── v0.4.0
 Installed LazyArrays ─────────────────── v0.15.0
 Installed CommonSubexpressions ───────── v0.2.0
 Installed GeneralizedGenerated ───────── v0.2.1
 Installed PrettyTables ───────────────── v0.8.4
  Building SymEngine → `~/.julia/packages/SymEngine/RK5Ks/deps/build.log`
  Building NNlib ────→ `~/.julia/packages/NNlib/FAI3o/deps/build.log`
    Status `/tmp/jl_nJ2oIR/Manifest.toml`
  [1520ce14] AbstractTrees v0.3.2
  [4fba245c] ArrayInterface v2.5.1
  [4c555306] ArrayLayouts v0.1.5
  [aae01518] BandedMatrices v0.14.3
  [b99e7846] BinaryProvider v0.5.8
  [8e7c35d0] BlockArrays v0.11.1
  [ffab5731] BlockBandedMatrices v0.7.1
  [a603d957] CanonicalTraits v0.1.0
  [d360d2e6] ChainRulesCore v0.7.1
  [bbf7d656] CommonSubexpressions v0.2.0
  [34da2185] Compat v3.8.0
  [e66e0078] CompilerSupportLibraries_jll v0.2.0+1
  [88cd18e8] ConsoleProgressMonitor v0.1.2
  [a8cc5b0e] Crayons v4.0.1
  [9a962f9c] DataAPI v1.1.0
  [864edb3b] DataStructures v0.17.10
  [e2d170a0] DataValueInterfaces v1.0.0
  [2b5f629d] DiffEqBase v6.24.0
  [eb300fae] DiffEqBiological v4.2.0
  [c894b116] DiffEqJump v6.5.0
  [9fdde737] DiffEqOperators v4.8.1
  [a077e3f3] DiffEqProblemLibrary v4.6.4
  [163ba53b] DiffResults v1.0.2
  [b552c78f] DiffRules v1.0.1
  [ffbed154] DocStringExtensions v0.8.1
  [497a8b3b] DoubleFloats v1.1.6
  [7c1d4256] DynamicPolynomials v0.3.9
  [fdbdab4c] ElasticArrays v1.0.0
  [1a297f60] FillArrays v0.8.5
  [3dd14ad9] FixedPolynomials v0.4.0
  [59287772] Formatting v0.4.1
  [f6369f11] ForwardDiff v0.10.9
  [069b7b12] FunctionWrappers v1.1.1
  [6b9d7cbe] GeneralizedGenerated v0.2.1
  [01680d73] GenericSVD v0.3.0
  [c145ed77] GenericSchur v0.4.0
  [f213a82b] HomotopyContinuation v1.4.1
  [42fd0dbc] IterativeSolvers v0.8.1
  [82899510] IteratorInterfaceExtensions v1.0.0
  [b14d175d] JuliaVariables v0.2.0
  [b964fa9f] LaTeXStrings v1.1.0
  [23fbe1c1] Latexify v0.12.0
  [5078a376] LazyArrays v0.15.0
  [1d6d02ad] LeftChildRightSiblingTrees v0.1.2
  [e6f89c97] LoggingExtras v0.4.0
  [d8e11817] MLStyle v0.3.1
  [1914dd2f] MacroTools v0.5.4
  [a3b82374] MatrixFactorizations v0.2.1
  [291d046c] MixedSubdivisions v1.0.0
  [961ee093] ModelingToolkit v1.2.10
  [46d2c3a1] MuladdMacro v0.2.2
  [102ac46a] MultivariatePolynomials v0.3.6
  [d8a4904e] MutableArithmetics v0.2.7
  [872c559c] NNlib v0.6.6
  [77ba4419] NaNMath v0.3.3
  [71a1bf82] NameResolution v0.1.3
  [c030b06c] ODE v2.6.0
  [efe28fd5] OpenSpecFun_jll v0.5.3+3
  [bac558e1] OrderedCollections v1.1.0
  [d96e819e] Parameters v0.12.0
  [e409e4f3] PoissonRandom v0.4.0
  [f27b6e38] Polynomials v0.6.1
  [8162dcfd] PrettyPrint v0.1.0
  [08abe8d2] PrettyTables v0.8.4
  [33c8b6b6] ProgressLogging v0.1.2
  [92933f4c] ProgressMeter v1.2.0
  [01f381cc] ProjectiveVectors v1.1.2
  [be4d8f0f] Quadmath v0.5.4
  [e6cf234a] RandomNumbers v1.4.0
  [3cdcf5f2] RecipesBase v0.8.0
  [731186ca] RecursiveArrayTools v2.1.0
  [f2c3362d] RecursiveFactorization v0.1.0
  [189a3867] Reexport v0.2.0
  [ae029012] Requires v1.0.1
  [f2b01f46] Roots v1.0.0
  [276daf66] SpecialFunctions v0.10.0
  [90137ffa] StaticArrays v0.12.1
  [62e018b1] StaticPolynomials v1.3.3
  [123dc426] SymEngine v0.7.1
  [3783bdb8] TableTraits v1.0.0
  [bd369af6] Tables v1.0.3
  [5d786b92] TerminalLoggers v0.1.1
  [a2a6695c] TreeViews v0.3.0
  [700de1a5] ZygoteRules v0.2.0
  [2a0f44e3] Base64  [`@stdlib/Base64`]
  [ade2ca70] Dates  [`@stdlib/Dates`]
  [8bb1440f] DelimitedFiles  [`@stdlib/DelimitedFiles`]
  [8ba89e20] Distributed  [`@stdlib/Distributed`]
  [9fa8497b] Future  [`@stdlib/Future`]
  [b77e0a4c] InteractiveUtils  [`@stdlib/InteractiveUtils`]
  [76f85450] LibGit2  [`@stdlib/LibGit2`]
  [8f399da3] Libdl  [`@stdlib/Libdl`]
  [37e2e46d] LinearAlgebra  [`@stdlib/LinearAlgebra`]
  [56ddb016] Logging  [`@stdlib/Logging`]
  [d6f4376e] Markdown  [`@stdlib/Markdown`]
  [a63ad114] Mmap  [`@stdlib/Mmap`]
  [44cfe95a] Pkg  [`@stdlib/Pkg`]
  [de0858da] Printf  [`@stdlib/Printf`]
  [3fa0cd96] REPL  [`@stdlib/REPL`]
  [9a3f8284] Random  [`@stdlib/Random`]
  [ea8e919c] SHA  [`@stdlib/SHA`]
  [9e88b42a] Serialization  [`@stdlib/Serialization`]
  [1a1011a3] SharedArrays  [`@stdlib/SharedArrays`]
  [6462fe0b] Sockets  [`@stdlib/Sockets`]
  [2f01184e] SparseArrays  [`@stdlib/SparseArrays`]
  [10745b16] Statistics  [`@stdlib/Statistics`]
  [4607b0f0] SuiteSparse  [`@stdlib/SuiteSparse`]
  [8dfed614] Test  [`@stdlib/Test`]
  [cf7118a7] UUIDs  [`@stdlib/UUIDs`]
  [4ec0a83e] Unicode  [`@stdlib/Unicode`]
using ode1
using ode2_midpoint
using ode2_heun
using ode4
using ode4ms
using ode5ms
using ode23
using ode45_dp
using ode45_fe
using ode78
using ode4s_s
using ode4s_kr
using ode23s
ROBER test case
Testing interface for scalar-like state... ok.
┌ Warning: The save_idxs argument is ignored by ode23().
└ @ DiffEqBase ~/.julia/packages/DiffEqBase/1yTcS/src/utils.jl:85
┌ Warning: The progress argument is ignored by ode23().
└ @ DiffEqBase ~/.julia/packages/DiffEqBase/1yTcS/src/utils.jl:85
┌ Warning: The beta1 argument is ignored by ode23().
└ @ DiffEqBase ~/.julia/packages/DiffEqBase/1yTcS/src/utils.jl:85
┌ Warning: The gamma argument is ignored by ode23().
└ @ DiffEqBase ~/.julia/packages/DiffEqBase/1yTcS/src/utils.jl:85
┌ Warning: Please see http://docs.juliadiffeq.org/dev/basics/compatibility_chart.html
└ @ DiffEqBase ~/.julia/packages/DiffEqBase/1yTcS/src/utils.jl:98
┌ Warning: The save_idxs argument is ignored by ode45().
└ @ DiffEqBase ~/.julia/packages/DiffEqBase/1yTcS/src/utils.jl:85
┌ Warning: The progress argument is ignored by ode45().
└ @ DiffEqBase ~/.julia/packages/DiffEqBase/1yTcS/src/utils.jl:85
┌ Warning: The beta1 argument is ignored by ode45().
└ @ DiffEqBase ~/.julia/packages/DiffEqBase/1yTcS/src/utils.jl:85
┌ Warning: The gamma argument is ignored by ode45().
└ @ DiffEqBase ~/.julia/packages/DiffEqBase/1yTcS/src/utils.jl:85
┌ Warning: Please see http://docs.juliadiffeq.org/dev/basics/compatibility_chart.html
└ @ DiffEqBase ~/.julia/packages/DiffEqBase/1yTcS/src/utils.jl:98
┌ Warning: The save_idxs argument is ignored by ode78().
└ @ DiffEqBase ~/.julia/packages/DiffEqBase/1yTcS/src/utils.jl:85
┌ Warning: The progress argument is ignored by ode78().
└ @ DiffEqBase ~/.julia/packages/DiffEqBase/1yTcS/src/utils.jl:85
┌ Warning: The beta1 argument is ignored by ode78().
└ @ DiffEqBase ~/.julia/packages/DiffEqBase/1yTcS/src/utils.jl:85
┌ Warning: The gamma argument is ignored by ode78().
└ @ DiffEqBase ~/.julia/packages/DiffEqBase/1yTcS/src/utils.jl:85
┌ Warning: Please see http://docs.juliadiffeq.org/dev/basics/compatibility_chart.html
└ @ DiffEqBase ~/.julia/packages/DiffEqBase/1yTcS/src/utils.jl:98
┌ Warning: The save_idxs argument is ignored by ode4().
└ @ DiffEqBase ~/.julia/packages/DiffEqBase/1yTcS/src/utils.jl:85
┌ Warning: The progress argument is ignored by ode4().
└ @ DiffEqBase ~/.julia/packages/DiffEqBase/1yTcS/src/utils.jl:85
┌ Warning: The beta1 argument is ignored by ode4().
└ @ DiffEqBase ~/.julia/packages/DiffEqBase/1yTcS/src/utils.jl:85
┌ Warning: The gamma argument is ignored by ode4().
└ @ DiffEqBase ~/.julia/packages/DiffEqBase/1yTcS/src/utils.jl:85
┌ Warning: Please see http://docs.juliadiffeq.org/dev/basics/compatibility_chart.html
└ @ DiffEqBase ~/.julia/packages/DiffEqBase/1yTcS/src/utils.jl:98
┌ Warning: The save_idxs argument is ignored by ode4ms().
└ @ DiffEqBase ~/.julia/packages/DiffEqBase/1yTcS/src/utils.jl:85
┌ Warning: The progress argument is ignored by ode4ms().
└ @ DiffEqBase ~/.julia/packages/DiffEqBase/1yTcS/src/utils.jl:85
┌ Warning: The beta1 argument is ignored by ode4ms().
└ @ DiffEqBase ~/.julia/packages/DiffEqBase/1yTcS/src/utils.jl:85
┌ Warning: The gamma argument is ignored by ode4ms().
└ @ DiffEqBase ~/.julia/packages/DiffEqBase/1yTcS/src/utils.jl:85
┌ Warning: Please see http://docs.juliadiffeq.org/dev/basics/compatibility_chart.html
└ @ DiffEqBase ~/.julia/packages/DiffEqBase/1yTcS/src/utils.jl:98
┌ Warning: The save_idxs argument is ignored by ode4s().
└ @ DiffEqBase ~/.julia/packages/DiffEqBase/1yTcS/src/utils.jl:85
┌ Warning: The progress argument is ignored by ode4s().
└ @ DiffEqBase ~/.julia/packages/DiffEqBase/1yTcS/src/utils.jl:85
┌ Warning: The beta1 argument is ignored by ode4s().
└ @ DiffEqBase ~/.julia/packages/DiffEqBase/1yTcS/src/utils.jl:85
┌ Warning: The gamma argument is ignored by ode4s().
└ @ DiffEqBase ~/.julia/packages/DiffEqBase/1yTcS/src/utils.jl:85
┌ Warning: Please see http://docs.juliadiffeq.org/dev/basics/compatibility_chart.html
└ @ DiffEqBase ~/.julia/packages/DiffEqBase/1yTcS/src/utils.jl:98
All looks OK
   Testing ODE tests passed 
