Julia Version 1.4.0
Commit b8e9a9ecc6 (2020-03-21 16:36 UTC)
Platform Info:
  OS: Linux (x86_64-pc-linux-gnu)
  CPU: AMD Ryzen Threadripper 2990WX 32-Core Processor
  WORD_SIZE: 64
  LIBM: libopenlibm
  LLVM: libLLVM-8.0.1 (ORCJIT, znver1)
Environment:
  JULIA_DEPOT_PATH = ::/usr/local/share/julia
  JULIA_NUM_THREADS = 2

  Resolving package versions...
  Installed OpenSpiel_jll ──────── v0.1.0+0
  Installed CxxWrap ────────────── v0.9.0
  Installed MacroTools ─────────── v0.5.5
  Installed BinaryProvider ─────── v0.5.8
    Cloning [ceb70bd2-fe3f-44f0-b81f-41608acaf2f2] OpenSpiel from https://github.com/JuliaReinforcementLearning/OpenSpiel.jl.git
[?25l    Fetching: [>                                        ]  0.0 %[2K[?25h  Installed OpenSpiel ──────────── v0.1.0
    Cloning [3eaa8342-bff7-56a5-9981-c04077f7cee7] libcxxwrap_julia_jll from https://github.com/JuliaBinaryWrappers/libcxxwrap_julia_jll.jl.git
[?25l    Fetching: [>                                        ]  0.0 %[2K[?25h  Installed libcxxwrap_julia_jll ─ v0.6.6+0
   Updating `~/.julia/environments/v1.4/Project.toml`
  [ceb70bd2] + OpenSpiel v0.1.0
   Updating `~/.julia/environments/v1.4/Manifest.toml`
  [b99e7846] + BinaryProvider v0.5.8
  [1f15a43c] + CxxWrap v0.9.0
  [1914dd2f] + MacroTools v0.5.5
  [ceb70bd2] + OpenSpiel v0.1.0
  [bd10a763] + OpenSpiel_jll v0.1.0+0
  [3eaa8342] + libcxxwrap_julia_jll v0.6.6+0
  [2a0f44e3] + Base64 
  [ade2ca70] + Dates 
  [b77e0a4c] + InteractiveUtils 
  [76f85450] + LibGit2 
  [8f399da3] + Libdl 
  [56ddb016] + Logging 
  [d6f4376e] + Markdown 
  [44cfe95a] + Pkg 
  [de0858da] + Printf 
  [3fa0cd96] + REPL 
  [9a3f8284] + Random 
  [ea8e919c] + SHA 
  [9e88b42a] + Serialization 
  [6462fe0b] + Sockets 
  [cf7118a7] + UUIDs 
  [4ec0a83e] + Unicode 
   Building CxxWrap → `~/.julia/packages/CxxWrap/lDNAy/deps/build.log`
    Testing OpenSpiel
[?25l    Fetching: [>                                        ]  0.0 %[2K[?25h[?25l    Fetching: [>                                        ]  0.0 %[2K[?25h[?25l    Fetching: [>                                        ]  0.0 %[2K[?25hStatus `/tmp/jl_v1PO5W/Manifest.toml`
  [b99e7846] BinaryProvider v0.5.8
  [1f15a43c] CxxWrap v0.9.0
  [9a962f9c] DataAPI v1.1.0
  [864edb3b] DataStructures v0.17.10
  [1914dd2f] MacroTools v0.5.5
  [e1d29d7a] Missings v0.4.3
  [ceb70bd2] OpenSpiel v0.1.0
  [bd10a763] OpenSpiel_jll v0.1.0+0
  [bac558e1] OrderedCollections v1.1.0
  [a2af1166] SortingAlgorithms v0.3.1
  [2913bbd2] StatsBase v0.32.2
  [3eaa8342] libcxxwrap_julia_jll v0.6.6+0
  [2a0f44e3] Base64 
  [ade2ca70] Dates 
  [8ba89e20] Distributed 
  [b77e0a4c] InteractiveUtils 
  [76f85450] LibGit2 
  [8f399da3] Libdl 
  [37e2e46d] LinearAlgebra 
  [56ddb016] Logging 
  [d6f4376e] Markdown 
  [44cfe95a] Pkg 
  [de0858da] Printf 
  [3fa0cd96] REPL 
  [9a3f8284] Random 
  [ea8e919c] SHA 
  [9e88b42a] Serialization 
  [6462fe0b] Sockets 
  [2f01184e] SparseArrays 
  [10745b16] Statistics 
  [8dfed614] Test 
  [cf7118a7] UUIDs 
  [4ec0a83e] Unicode 
[ Info: simulating game backgammon
┌ Info: Simulation of game backgammon()
│   total_actions = 96
│   utilities =
│    2-element CxxWrap.StdLib.StdVectorAllocated{Float64}:
│     -1.0
└      1.0
[ Info: simulating game blotto
┌ Info: Simulation of game blotto()
│   total_actions = 1
│   utilities =
│    2-element CxxWrap.StdLib.StdVectorAllocated{Float64}:
│     -1.0
└      1.0
[ Info: simulating game breakthrough
┌ Info: Simulation of game breakthrough()
│   total_actions = 61
│   utilities =
│    2-element CxxWrap.StdLib.StdVectorAllocated{Float64}:
│      1.0
└     -1.0
[ Info: simulating game bridge
┌ Info: Simulation of game bridge()
│   total_actions = 69
│   utilities =
│    4-element CxxWrap.StdLib.StdVectorAllocated{Float64}:
│     -1400.0
│      1400.0
│     -1400.0
└      1400.0
[ Info: simulating game bridge_uncontested_bidding
┌ Info: Simulation of game bridge_uncontested_bidding()
│   total_actions = 4
│   utilities =
│    2-element CxxWrap.StdLib.StdVectorAllocated{Float64}:
│     25.0
└     25.0
[ Info: simulating game catch
┌ Info: Simulation of game catch()
│   total_actions = 10
│   utilities =
│    1-element CxxWrap.StdLib.StdVectorAllocated{Float64}:
└     -1.0
[ Info: simulating game chess
┌ Info: Simulation of game chess()
│   total_actions = 332
│   utilities =
│    2-element CxxWrap.StdLib.StdVectorAllocated{Float64}:
│     0.0
└     0.0
[ Info: simulating game cliff_walking
┌ Info: Simulation of game cliff_walking()
│   total_actions = 16
│   utilities =
│    1-element CxxWrap.StdLib.StdVectorAllocated{Float64}:
└     -115.0
[ Info: simulating game coin_game
┌ Info: Simulation of game coin_game()
│   total_actions = 36
│   utilities =
│    2-element CxxWrap.StdLib.StdVectorAllocated{Float64}:
│     1.0
└     1.0
[ Info: simulating game connect_four
┌ Info: Simulation of game connect_four()
│   total_actions = 23
│   utilities =
│    2-element CxxWrap.StdLib.StdVectorAllocated{Float64}:
│      1.0
└     -1.0
[ Info: simulating game coop_box_pushing
┌ Info: Simulation of game coop_box_pushing()
│   total_actions = 400
│   utilities =
│    2-element CxxWrap.StdLib.StdVectorAllocated{Float64}:
│     -75.00000000000004
└     -75.00000000000004
[ Info: simulating game coop_to_1p
┌ Info: Simulation of game coop_to_1p()
│   total_actions = 6
│   utilities =
│    1-element CxxWrap.StdLib.StdVectorAllocated{Float64}:
└     0.0
[ Info: simulating game cursor_go
┌ Info: Simulation of game cursor_go()
│   total_actions = 10
│   utilities =
│    2-element CxxWrap.StdLib.StdVectorAllocated{Float64}:
│     -1.0
└      1.0
[ Info: simulating game deep_sea
┌ Info: Simulation of game deep_sea()
│   total_actions = 5
│   utilities =
│    1-element CxxWrap.StdLib.StdVectorAllocated{Float64}:
└     -0.004
[ Info: simulating game first_sealed_auction
┌ Info: Simulation of game first_sealed_auction()
│   total_actions = 5
│   utilities =
│    2-element CxxWrap.StdLib.StdVectorAllocated{Float64}:
│     7.0
└     0.0
[ Info: simulating game gin_rummy
┌ Info: Simulation of game gin_rummy()
│   total_actions = 134
│   utilities =
│    2-element CxxWrap.StdLib.StdVectorAllocated{Float64}:
│     0.0
└     0.0
[ Info: simulating game go
┌ Info: Simulation of game go()
│   total_actions = 411
│   utilities =
│    2-element CxxWrap.StdLib.StdVectorAllocated{Float64}:
│     -1.0
└      1.0
[ Info: simulating game goofspiel
┌ Info: Simulation of game goofspiel()
│   total_actions = 24
│   utilities =
│    2-element CxxWrap.StdLib.StdVectorAllocated{Float64}:
│      1.0
└     -1.0
[ Info: simulating game hanabi
┌ Info: Simulation of game hanabi()
│   total_actions = 18
│   utilities =
│    2-element CxxWrap.StdLib.StdVectorAllocated{Float64}:
│     0.0
└     0.0
[ Info: simulating game havannah
┌ Info: Simulation of game havannah()
│   total_actions = 138
│   utilities =
│    2-element CxxWrap.StdLib.StdVectorAllocated{Float64}:
│     -1.0
└      1.0
[ Info: simulating game hex
┌ Info: Simulation of game hex()
│   total_actions = 115
│   utilities =
│    2-element CxxWrap.StdLib.StdVectorAllocated{Float64}:
│      1.0
└     -1.0
[ Info: simulating game kuhn_poker
┌ Info: Simulation of game kuhn_poker()
│   total_actions = 5
│   utilities =
│    2-element CxxWrap.StdLib.StdVectorAllocated{Float64}:
│     -1.0
└      1.0
[ Info: simulating game laser_tag
[ Info: Simulation of game laser_tag() terminated after maximum number of actions 1000
[ Info: simulating game leduc_poker
┌ Info: Simulation of game leduc_poker()
│   total_actions = 5
│   utilities =
│    2-element CxxWrap.StdLib.StdVectorAllocated{Float64}:
│     -1.0
└      1.0
[ Info: simulating game liars_dice
┌ Info: Simulation of game liars_dice()
│   total_actions = 6
│   utilities =
│    2-element CxxWrap.StdLib.StdVectorAllocated{Float64}:
│     -1.0
└      1.0
[ Info: simulating game markov_soccer
┌ Info: Simulation of game markov_soccer()
│   total_actions = 61
│   utilities =
│    2-element CxxWrap.StdLib.StdVectorAllocated{Float64}:
│      1.0
└     -1.0
[ Info: simulating game matching_pennies_3p
┌ Info: Simulation of game matching_pennies_3p()
│   total_actions = 1
│   utilities =
│    3-element CxxWrap.StdLib.StdVectorAllocated{Float64}:
│     -1.0
│      1.0
└      1.0
[ Info: simulating game matrix_cd
┌ Info: Simulation of game matrix_cd()
│   total_actions = 1
│   utilities =
│    2-element CxxWrap.StdLib.StdVectorAllocated{Float64}:
│     1.0
└     4.0
[ Info: simulating game matrix_coordination
┌ Info: Simulation of game matrix_coordination()
│   total_actions = 1
│   utilities =
│    2-element CxxWrap.StdLib.StdVectorAllocated{Float64}:
│     1.0
└     1.0
[ Info: simulating game matrix_mp
┌ Info: Simulation of game matrix_mp()
│   total_actions = 1
│   utilities =
│    2-element CxxWrap.StdLib.StdVectorAllocated{Float64}:
│      1.0
└     -1.0
[ Info: simulating game matrix_pd
┌ Info: Simulation of game matrix_pd()
│   total_actions = 1
│   utilities =
│    2-element CxxWrap.StdLib.StdVectorAllocated{Float64}:
│      0.0
└     10.0
[ Info: simulating game matrix_rps
┌ Info: Simulation of game matrix_rps()
│   total_actions = 1
│   utilities =
│    2-element CxxWrap.StdLib.StdVectorAllocated{Float64}:
│     -1.0
└      1.0
[ Info: simulating game matrix_rpsw
┌ Info: Simulation of game matrix_rpsw()
│   total_actions = 1
│   utilities =
│    2-element CxxWrap.StdLib.StdVectorAllocated{Float64}:
│     -1.0
└      1.0
[ Info: simulating game matrix_sh
┌ Info: Simulation of game matrix_sh()
│   total_actions = 1
│   utilities =
│    2-element CxxWrap.StdLib.StdVectorAllocated{Float64}:
│     0.0
└     1.0
[ Info: simulating game matrix_shapleys_game
┌ Info: Simulation of game matrix_shapleys_game()
│   total_actions = 1
│   utilities =
│    2-element CxxWrap.StdLib.StdVectorAllocated{Float64}:
│     1.0
└     0.0
[ Info: simulating game negotiation
┌ Info: Simulation of game negotiation()
│   total_actions = 15
│   utilities =
│    2-element CxxWrap.StdLib.StdVectorAllocated{Float64}:
│     0.0
└     0.0
[ Info: simulating game oshi_zumo
┌ Info: Simulation of game oshi_zumo()
│   total_actions = 5
│   utilities =
│    2-element CxxWrap.StdLib.StdVectorAllocated{Float64}:
│     -1.0
└      1.0
[ Info: simulating game oware
┌ Info: Simulation of game oware()
│   total_actions = 134
│   utilities =
│    2-element CxxWrap.StdLib.StdVectorAllocated{Float64}:
│     -1.0
└      1.0
[ Info: simulating game pentago
┌ Info: Simulation of game pentago()
│   total_actions = 32
│   utilities =
│    2-element CxxWrap.StdLib.StdVectorAllocated{Float64}:
│     -1.0
└      1.0
[ Info: simulating game phantom_ttt
┌ Info: Simulation of game phantom_ttt()
│   total_actions = 8
│   utilities =
│    2-element CxxWrap.StdLib.StdVectorAllocated{Float64}:
│     -1.0
└      1.0
[ Info: simulating game pig
┌ Info: Simulation of game pig()
│   total_actions = 95
│   utilities =
│    2-element CxxWrap.StdLib.StdVectorAllocated{Float64}:
│      1.0
└     -1.0
[ Info: simulating game quoridor
┌ Info: Simulation of game quoridor()
│   total_actions = 324
│   utilities =
│    2-element CxxWrap.StdLib.StdVectorAllocated{Float64}:
│     0.0
└     0.0
[ Info: simulating game skat
┌ Info: Simulation of game skat()
│   total_actions = 65
│   utilities =
│    3-element CxxWrap.StdLib.StdVectorAllocated{Float64}:
│      0.008333333333333333
│     -0.004166666666666667
└     -0.004166666666666667
[ Info: simulating game tic_tac_toe
┌ Info: Simulation of game tic_tac_toe()
│   total_actions = 6
│   utilities =
│    2-element CxxWrap.StdLib.StdVectorAllocated{Float64}:
│     -1.0
└      1.0
[ Info: simulating game tiny_bridge_2p
┌ Info: Simulation of game tiny_bridge_2p()
│   total_actions = 5
│   utilities =
│    2-element CxxWrap.StdLib.StdVectorAllocated{Float64}:
│     35.0
└     35.0
[ Info: simulating game tiny_bridge_4p
┌ Info: Simulation of game tiny_bridge_4p()
│   total_actions = 13
│   utilities =
│    4-element CxxWrap.StdLib.StdVectorAllocated{Float64}:
│      160.0
│     -160.0
│      160.0
└     -160.0
[ Info: simulating game tiny_hanabi
┌ Info: Simulation of game tiny_hanabi()
│   total_actions = 4
│   utilities =
│    2-element CxxWrap.StdLib.StdVectorAllocated{Float64}:
│     10.0
└     10.0
[ Info: simulating game y
┌ Info: Simulation of game y()
│   total_actions = 179
│   utilities =
│    2-element CxxWrap.StdLib.StdVectorAllocated{Float64}:
│      1.0
└     -1.0
[ Info: simulating game turn_based_simultaneous_game
┌ Info: Simulation of game turn_based_simultaneous_game(game=blotto(coins=10,fields=3,players=2))
│   total_actions = 2
│   utilities =
│    2-element CxxWrap.StdLib.StdVectorAllocated{Float64}:
│     0.0
└     0.0
[ Info: simulating game turn_based_simultaneous_game
┌ Info: Simulation of game turn_based_simultaneous_game(game=coop_box_pushing(fully_observable=False,horizon=100))
│   total_actions = 500
│   utilities =
│    2-element CxxWrap.StdLib.StdVectorAllocated{Float64}:
│     -65.00000000000006
└     -65.00000000000006
[ Info: simulating game turn_based_simultaneous_game
┌ Info: Simulation of game turn_based_simultaneous_game(game=goofspiel(imp_info=False,num_cards=13,players=2,points_order=random))
│   total_actions = 36
│   utilities =
│    2-element CxxWrap.StdLib.StdVectorAllocated{Float64}:
│      1.0
└     -1.0
[ Info: simulating game turn_based_simultaneous_game
┌ Info: Simulation of game turn_based_simultaneous_game(game=laser_tag(grid=S.....S
│ .......
│ ..*.*..
│ .**.**.
│ ..*.*..
│ .......
└ S.....S,horizon=1000,zero_sum=False)) terminated after maximum number of actions 1000
[ Info: simulating game turn_based_simultaneous_game
┌ Info: Simulation of game turn_based_simultaneous_game(game=markov_soccer(grid=.....
│ ..OB.
│ .AO..
│ .....,horizon=1000))
│   total_actions = 136
│   utilities =
│    2-element CxxWrap.StdLib.StdVectorAllocated{Float64}:
│      1.0
└     -1.0
[ Info: simulating game turn_based_simultaneous_game
┌ Info: Simulation of game turn_based_simultaneous_game(game=matching_pennies_3p())
│   total_actions = 3
│   utilities =
│    3-element CxxWrap.StdLib.StdVectorAllocated{Float64}:
│      1.0
│     -1.0
└      1.0
[ Info: simulating game turn_based_simultaneous_game
┌ Info: Simulation of game turn_based_simultaneous_game(game=matrix_cd())
│   total_actions = 2
│   utilities =
│    2-element CxxWrap.StdLib.StdVectorAllocated{Float64}:
│     1.0
└     4.0
[ Info: simulating game turn_based_simultaneous_game
┌ Info: Simulation of game turn_based_simultaneous_game(game=matrix_coordination())
│   total_actions = 2
│   utilities =
│    2-element CxxWrap.StdLib.StdVectorAllocated{Float64}:
│     1.0
└     1.0
[ Info: simulating game turn_based_simultaneous_game
┌ Info: Simulation of game turn_based_simultaneous_game(game=matrix_mp())
│   total_actions = 2
│   utilities =
│    2-element CxxWrap.StdLib.StdVectorAllocated{Float64}:
│     -1.0
└      1.0
[ Info: simulating game turn_based_simultaneous_game
┌ Info: Simulation of game turn_based_simultaneous_game(game=matrix_pd())
│   total_actions = 2
│   utilities =
│    2-element CxxWrap.StdLib.StdVectorAllocated{Float64}:
│     1.0
└     1.0
[ Info: simulating game turn_based_simultaneous_game
┌ Info: Simulation of game turn_based_simultaneous_game(game=matrix_rps())
│   total_actions = 2
│   utilities =
│    2-element CxxWrap.StdLib.StdVectorAllocated{Float64}:
│     0.0
└     0.0
[ Info: simulating game turn_based_simultaneous_game
┌ Info: Simulation of game turn_based_simultaneous_game(game=matrix_rpsw())
│   total_actions = 2
│   utilities =
│    2-element CxxWrap.StdLib.StdVectorAllocated{Float64}:
│     0.0
└     0.0
[ Info: simulating game turn_based_simultaneous_game
┌ Info: Simulation of game turn_based_simultaneous_game(game=matrix_sh())
│   total_actions = 2
│   utilities =
│    2-element CxxWrap.StdLib.StdVectorAllocated{Float64}:
│     1.0
└     1.0
[ Info: simulating game turn_based_simultaneous_game
┌ Info: Simulation of game turn_based_simultaneous_game(game=matrix_shapleys_game())
│   total_actions = 2
│   utilities =
│    2-element CxxWrap.StdLib.StdVectorAllocated{Float64}:
│     0.0
└     1.0
[ Info: simulating game turn_based_simultaneous_game
┌ Info: Simulation of game turn_based_simultaneous_game(game=oshi_zumo(alesia=False,coins=50,horizon=1000,min_bid=0,size=3))
│   total_actions = 10
│   utilities =
│    2-element CxxWrap.StdLib.StdVectorAllocated{Float64}:
│      1.0
└     -1.0
[ Info: simulating game blotto
┌ Info: Simulation of game blotto(players=2)
│   total_actions = 1
│   utilities =
│    2-element CxxWrap.StdLib.StdVectorAllocated{Float64}:
│     -1.0
└      1.0
[ Info: simulating game blotto
┌ Info: Simulation of game blotto(players=3)
│   total_actions = 1
│   utilities =
│    3-element CxxWrap.StdLib.StdVectorAllocated{Float64}:
│     0.0
│     0.0
└     0.0
[ Info: simulating game blotto
┌ Info: Simulation of game blotto(players=4)
│   total_actions = 1
│   utilities =
│    4-element CxxWrap.StdLib.StdVectorAllocated{Float64}:
│      0.3333333333333333
│     -1.0
│      0.3333333333333333
└      0.3333333333333333
[ Info: simulating game blotto
┌ Info: Simulation of game blotto(players=5)
│   total_actions = 1
│   utilities =
│    5-element CxxWrap.StdLib.StdVectorAllocated{Float64}:
│     -0.5
│      0.3333333333333333
│      ⋮
└      0.3333333333333333
[ Info: simulating game blotto
┌ Info: Simulation of game blotto(players=6)
│   total_actions = 1
│   utilities =
│    6-element CxxWrap.StdLib.StdVectorAllocated{Float64}:
│      0.5
│      0.5
│      ⋮
└     -0.25
[ Info: simulating game coin_game
┌ Info: Simulation of game coin_game(players=2)
│   total_actions = 36
│   utilities =
│    2-element CxxWrap.StdLib.StdVectorAllocated{Float64}:
│     3.0
└     3.0
[ Info: simulating game coin_game
┌ Info: Simulation of game coin_game(players=3)
│   total_actions = 42
│   utilities =
│    3-element CxxWrap.StdLib.StdVectorAllocated{Float64}:
│     2.0
│     4.0
└     2.0
[ Info: simulating game coin_game
┌ Info: Simulation of game coin_game(players=4)
│   total_actions = 48
│   utilities =
│    4-element CxxWrap.StdLib.StdVectorAllocated{Float64}:
│     8.0
│     4.0
│     4.0
└     4.0
[ Info: simulating game coin_game
┌ Info: Simulation of game coin_game(players=5)
│   total_actions = 54
│   utilities =
│    5-element CxxWrap.StdLib.StdVectorAllocated{Float64}:
│     16.0
│     16.0
│      ⋮
└     24.0
[ Info: simulating game coin_game
┌ Info: Simulation of game coin_game(players=6)
│   total_actions = 60
│   utilities =
│    6-element CxxWrap.StdLib.StdVectorAllocated{Float64}:
│     49.0
│     29.0
│      ⋮
└     37.0
[ Info: simulating game first_sealed_auction
┌ Info: Simulation of game first_sealed_auction(players=2)
│   total_actions = 5
│   utilities =
│    2-element CxxWrap.StdLib.StdVectorAllocated{Float64}:
│     0.0
└     1.0
[ Info: simulating game first_sealed_auction
┌ Info: Simulation of game first_sealed_auction(players=3)
│   total_actions = 7
│   utilities =
│    3-element CxxWrap.StdLib.StdVectorAllocated{Float64}:
│     0.0
│     0.0
└     1.0
[ Info: simulating game first_sealed_auction
┌ Info: Simulation of game first_sealed_auction(players=4)
│   total_actions = 9
│   utilities =
│    4-element CxxWrap.StdLib.StdVectorAllocated{Float64}:
│     0.0
│     0.0
│     0.0
└     2.0
[ Info: simulating game first_sealed_auction
┌ Info: Simulation of game first_sealed_auction(players=5)
│   total_actions = 11
│   utilities =
│    5-element CxxWrap.StdLib.StdVectorAllocated{Float64}:
│     0.0
│     0.0
│     ⋮
└     0.0
[ Info: simulating game first_sealed_auction
┌ Info: Simulation of game first_sealed_auction(players=6)
│   total_actions = 13
│   utilities =
│    6-element CxxWrap.StdLib.StdVectorAllocated{Float64}:
│     0.0
│     1.0
│     ⋮
└     0.0
[ Info: simulating game goofspiel
┌ Info: Simulation of game goofspiel(players=2)
│   total_actions = 24
│   utilities =
│    2-element CxxWrap.StdLib.StdVectorAllocated{Float64}:
│      1.0
└     -1.0
[ Info: simulating game goofspiel
┌ Info: Simulation of game goofspiel(players=3)
│   total_actions = 24
│   utilities =
│    3-element CxxWrap.StdLib.StdVectorAllocated{Float64}:
│     -0.5
│     -0.5
└      1.0
[ Info: simulating game goofspiel
┌ Info: Simulation of game goofspiel(players=4)
│   total_actions = 24
│   utilities =
│    4-element CxxWrap.StdLib.StdVectorAllocated{Float64}:
│     -0.3333333333333333
│      1.0
│     -0.3333333333333333
└     -0.3333333333333333
[ Info: simulating game goofspiel
┌ Info: Simulation of game goofspiel(players=5)
│   total_actions = 24
│   utilities =
│    5-element CxxWrap.StdLib.StdVectorAllocated{Float64}:
│     -0.25
│     -0.25
│      ⋮
└     -0.25
[ Info: simulating game goofspiel
┌ Info: Simulation of game goofspiel(players=6)
│   total_actions = 24
│   utilities =
│    6-element CxxWrap.StdLib.StdVectorAllocated{Float64}:
│      1.0
│     -0.2
│      ⋮
└     -0.2
[ Info: simulating game hanabi
┌ Info: Simulation of game hanabi(players=2)
│   total_actions = 36
│   utilities =
│    2-element CxxWrap.StdLib.StdVectorAllocated{Float64}:
│     0.0
└     0.0
[ Info: simulating game hanabi
┌ Info: Simulation of game hanabi(players=3)
│   total_actions = 44
│   utilities =
│    3-element CxxWrap.StdLib.StdVectorAllocated{Float64}:
│     0.0
│     0.0
└     0.0
[ Info: simulating game hanabi
┌ Info: Simulation of game hanabi(players=4)
│   total_actions = 58
│   utilities =
│    4-element CxxWrap.StdLib.StdVectorAllocated{Float64}:
│     0.0
│     0.0
│     0.0
└     0.0
[ Info: simulating game hanabi
┌ Info: Simulation of game hanabi(players=5)
│   total_actions = 38
│   utilities =
│    5-element CxxWrap.StdLib.StdVectorAllocated{Float64}:
│     0.0
│     0.0
│     ⋮
└     0.0
[ Info: simulating game kuhn_poker
┌ Info: Simulation of game kuhn_poker(players=2)
│   total_actions = 5
│   utilities =
│    2-element CxxWrap.StdLib.StdVectorAllocated{Float64}:
│     -1.0
└      1.0
[ Info: simulating game kuhn_poker
┌ Info: Simulation of game kuhn_poker(players=3)
│   total_actions = 6
│   utilities =
│    3-element CxxWrap.StdLib.StdVectorAllocated{Float64}:
│      2.0
│     -1.0
└     -1.0
[ Info: simulating game kuhn_poker
┌ Info: Simulation of game kuhn_poker(players=4)
│   total_actions = 8
│   utilities =
│    4-element CxxWrap.StdLib.StdVectorAllocated{Float64}:
│     -2.0
│     -1.0
│     -1.0
└      4.0
[ Info: simulating game kuhn_poker
┌ Info: Simulation of game kuhn_poker(players=5)
│   total_actions = 10
│   utilities =
│    5-element CxxWrap.StdLib.StdVectorAllocated{Float64}:
│     -2.0
│     -1.0
│      ⋮
└     -1.0
[ Info: simulating game kuhn_poker
┌ Info: Simulation of game kuhn_poker(players=6)
│   total_actions = 14
│   utilities =
│    6-element CxxWrap.StdLib.StdVectorAllocated{Float64}:
│     -1.0
│     -1.0
│      ⋮
└     -1.0
[ Info: simulating game leduc_poker
┌ Info: Simulation of game leduc_poker(players=2)
│   total_actions = 5
│   utilities =
│    2-element CxxWrap.StdLib.StdVectorAllocated{Float64}:
│     -1.0
└      1.0
[ Info: simulating game leduc_poker
┌ Info: Simulation of game leduc_poker(players=3)
│   total_actions = 10
│   utilities =
│    3-element CxxWrap.StdLib.StdVectorAllocated{Float64}:
│     -7.0
│      8.0
└     -1.0
[ Info: simulating game leduc_poker
┌ Info: Simulation of game leduc_poker(players=4)
│   total_actions = 12
│   utilities =
│    4-element CxxWrap.StdLib.StdVectorAllocated{Float64}:
│     -1.0
│      5.0
│     -3.0
└     -1.0
[ Info: simulating game leduc_poker
┌ Info: Simulation of game leduc_poker(players=5)
│   total_actions = 15
│   utilities =
│    5-element CxxWrap.StdLib.StdVectorAllocated{Float64}:
│     -3.0
│     10.0
│      ⋮
└     -5.0
[ Info: simulating game leduc_poker
┌ Info: Simulation of game leduc_poker(players=6)
│   total_actions = 19
│   utilities =
│    6-element CxxWrap.StdLib.StdVectorAllocated{Float64}:
│     15.0
│     -9.0
│      ⋮
└     -3.0
[ Info: simulating game pig
┌ Info: Simulation of game pig(players=2)
│   total_actions = 74
│   utilities =
│    2-element CxxWrap.StdLib.StdVectorAllocated{Float64}:
│      1.0
└     -1.0
[ Info: simulating game pig
┌ Info: Simulation of game pig(players=3)
│   total_actions = 171
│   utilities =
│    3-element CxxWrap.StdLib.StdVectorAllocated{Float64}:
│     -0.5
│      1.0
└     -0.5
[ Info: simulating game pig
┌ Info: Simulation of game pig(players=4)
│   total_actions = 230
│   utilities =
│    4-element CxxWrap.StdLib.StdVectorAllocated{Float64}:
│     -0.3333333333333333
│     -0.3333333333333333
│     -0.3333333333333333
└      1.0
[ Info: simulating game pig
┌ Info: Simulation of game pig(players=5)
│   total_actions = 193
│   utilities =
│    5-element CxxWrap.StdLib.StdVectorAllocated{Float64}:
│     -0.25
│      1.0
│      ⋮
└     -0.25
[ Info: simulating game pig
┌ Info: Simulation of game pig(players=6)
│   total_actions = 353
│   utilities =
│    6-element CxxWrap.StdLib.StdVectorAllocated{Float64}:
│     -0.2
│     -0.2
│      ⋮
└     -0.2
[ Info: simulating game breakthrough
┌ Info: Simulation of game breakthrough(columns=6,rows=6)
│   total_actions = 40
│   utilities =
│    2-element CxxWrap.StdLib.StdVectorAllocated{Float64}:
│     -1.0
└      1.0
[ Info: simulating game pig
┌ Info: Simulation of game pig(players=2,winscore=15)
│   total_actions = 17
│   utilities =
│    2-element CxxWrap.StdLib.StdVectorAllocated{Float64}:
│     -1.0
└      1.0
Test Summary:    |  Pass  Total
OpenSpiel_jll.jl | 24180  24180
    Testing OpenSpiel tests passed 
