Julia Version 1.4.0
Commit b8e9a9ecc6 (2020-03-21 16:36 UTC)
Platform Info:
  OS: Linux (x86_64-pc-linux-gnu)
  CPU: AMD Ryzen Threadripper 2990WX 32-Core Processor
  WORD_SIZE: 64
  LIBM: libopenlibm
  LLVM: libLLVM-8.0.1 (ORCJIT, znver1)
Environment:
  JULIA_DEPOT_PATH = ::/usr/local/share/julia
  JULIA_NUM_THREADS = 2

  Resolving package versions...
  Installed MacroTools ─────────── v0.5.5
  Installed BinaryProvider ─────── v0.5.8
    Cloning [ceb70bd2-fe3f-44f0-b81f-41608acaf2f2] OpenSpiel from https://github.com/JuliaReinforcementLearning/OpenSpiel.jl.git
[?25l    Fetching: [>                                        ]  0.0 %[2K[?25h  Installed OpenSpiel ──────────── v0.1.0
    Cloning [1f15a43c-97ca-5a2a-ae31-89f07a497df4] CxxWrap from https://github.com/JuliaInterop/CxxWrap.jl.git
[?25l    Fetching: [>                                        ]  0.0 %[2K[?25h  Installed CxxWrap ────────────── v0.9.0
    Cloning [bd10a763-4654-5023-a028-c4918c6cd33e] OpenSpiel_jll from https://github.com/JuliaBinaryWrappers/OpenSpiel_jll.jl.git
[?25l    Fetching: [>                                        ]  0.0 %[2K[?25h  Installed OpenSpiel_jll ──────── v0.1.0+0
    Cloning [3eaa8342-bff7-56a5-9981-c04077f7cee7] libcxxwrap_julia_jll from https://github.com/JuliaBinaryWrappers/libcxxwrap_julia_jll.jl.git
[?25l    Fetching: [>                                        ]  0.0 %[2K[?25h  Installed libcxxwrap_julia_jll ─ v0.6.6+0
   Updating `~/.julia/environments/v1.4/Project.toml`
  [ceb70bd2] + OpenSpiel v0.1.0
   Updating `~/.julia/environments/v1.4/Manifest.toml`
  [b99e7846] + BinaryProvider v0.5.8
  [1f15a43c] + CxxWrap v0.9.0
  [1914dd2f] + MacroTools v0.5.5
  [ceb70bd2] + OpenSpiel v0.1.0
  [bd10a763] + OpenSpiel_jll v0.1.0+0
  [3eaa8342] + libcxxwrap_julia_jll v0.6.6+0
  [2a0f44e3] + Base64 
  [ade2ca70] + Dates 
  [b77e0a4c] + InteractiveUtils 
  [76f85450] + LibGit2 
  [8f399da3] + Libdl 
  [56ddb016] + Logging 
  [d6f4376e] + Markdown 
  [44cfe95a] + Pkg 
  [de0858da] + Printf 
  [3fa0cd96] + REPL 
  [9a3f8284] + Random 
  [ea8e919c] + SHA 
  [9e88b42a] + Serialization 
  [6462fe0b] + Sockets 
  [cf7118a7] + UUIDs 
  [4ec0a83e] + Unicode 
   Building CxxWrap → `~/.julia/packages/CxxWrap/lDNAy/deps/build.log`
    Testing OpenSpiel
[?25l    Fetching: [>                                        ]  0.0 %[2K[?25h[?25l    Fetching: [>                                        ]  0.0 %[2K[?25h[?25l    Fetching: [>                                        ]  0.0 %[2K[?25h[?25l    Fetching: [>                                        ]  0.0 %[2K[?25h[?25l    Fetching: [>                                        ]  0.0 %[2K[?25hStatus `/tmp/jl_GWnpxJ/Manifest.toml`
  [b99e7846] BinaryProvider v0.5.8
  [1f15a43c] CxxWrap v0.9.0
  [9a962f9c] DataAPI v1.1.0
  [864edb3b] DataStructures v0.17.10
  [1914dd2f] MacroTools v0.5.5
  [e1d29d7a] Missings v0.4.3
  [ceb70bd2] OpenSpiel v0.1.0
  [bd10a763] OpenSpiel_jll v0.1.0+0
  [bac558e1] OrderedCollections v1.1.0
  [a2af1166] SortingAlgorithms v0.3.1
  [2913bbd2] StatsBase v0.32.2
  [3eaa8342] libcxxwrap_julia_jll v0.6.6+0
  [2a0f44e3] Base64 
  [ade2ca70] Dates 
  [8ba89e20] Distributed 
  [b77e0a4c] InteractiveUtils 
  [76f85450] LibGit2 
  [8f399da3] Libdl 
  [37e2e46d] LinearAlgebra 
  [56ddb016] Logging 
  [d6f4376e] Markdown 
  [44cfe95a] Pkg 
  [de0858da] Printf 
  [3fa0cd96] REPL 
  [9a3f8284] Random 
  [ea8e919c] SHA 
  [9e88b42a] Serialization 
  [6462fe0b] Sockets 
  [2f01184e] SparseArrays 
  [10745b16] Statistics 
  [8dfed614] Test 
  [cf7118a7] UUIDs 
  [4ec0a83e] Unicode 

signal (11): Segmentation fault
in expression starting at /home/pkgeval/.julia/packages/CxxWrap/lDNAy/src/StdLib.jl:16
jl_object_id_ at /buildworker/worker/package_linux64/build/src/builtins.c:342
jl_object_id_ at /buildworker/worker/package_linux64/build/src/builtins.c:344
objectid at ./reflection.jl:312 [inlined]
protect_from_gc at /home/pkgeval/.julia/packages/CxxWrap/lDNAy/src/CxxWrap.jl:319
_jl_invoke at /buildworker/worker/package_linux64/build/src/gf.c:2158 [inlined]
jl_apply_generic at /buildworker/worker/package_linux64/build/src/gf.c:2322
unknown function (ip: 0x7ff98ef0d5df)
_ZN5jlcxx15protect_from_gcEP11_jl_value_t at /home/pkgeval/.julia/packages/CxxWrap/lDNAy/deps/usr/lib/libcxxwrap_julia.so (unknown line)
_ZN5jlcxx13ParameterListIJNS_7TypeVarILi1EEEEEclEm.constprop.7574 at /home/pkgeval/.julia/packages/CxxWrap/lDNAy/deps/usr/lib/libcxxwrap_julia_stl.so (unknown line)
_ZN5jlcxx6Module17add_type_internalINS_10ParametricIJNS_7TypeVarILi1EEEEEENS_13ParameterListIJEEE11_jl_value_tEENS_11TypeWrapperIT_EERKNSt7__cxx1112basic_stringIcSt11char_traitsIcESaIcEEEPT1_ at /home/pkgeval/.julia/packages/CxxWrap/lDNAy/deps/usr/lib/libcxxwrap_julia_stl.so (unknown line)
_ZN5jlcxx17add_smart_pointerISt10shared_ptrEERNS_11TypeWrapperINS_10ParametricIJNS_7TypeVarILi1EEEEEEEERNS_6ModuleERKNSt7__cxx1112basic_stringIcSt11char_traitsIcESaIcEEE at /home/pkgeval/.julia/packages/CxxWrap/lDNAy/deps/usr/lib/libcxxwrap_julia_stl.so (unknown line)
define_cxxwrap_stl_module at /home/pkgeval/.julia/packages/CxxWrap/lDNAy/deps/usr/lib/libcxxwrap_julia_stl.so (unknown line)
register_julia_module at /home/pkgeval/.julia/packages/CxxWrap/lDNAy/deps/usr/lib/libcxxwrap_julia.so (unknown line)
register_julia_module at /home/pkgeval/.julia/packages/CxxWrap/lDNAy/src/CxxWrap.jl:360 [inlined]
readmodule at /home/pkgeval/.julia/packages/CxxWrap/lDNAy/src/CxxWrap.jl:664
wrapmodule at /home/pkgeval/.julia/packages/CxxWrap/lDNAy/src/CxxWrap.jl:670
unknown function (ip: 0x7ff98ef35bd0)
_jl_invoke at /buildworker/worker/package_linux64/build/src/gf.c:2158 [inlined]
jl_apply_generic at /buildworker/worker/package_linux64/build/src/gf.c:2322
jl_apply at /buildworker/worker/package_linux64/build/src/julia.h:1692 [inlined]
do_call at /buildworker/worker/package_linux64/build/src/interpreter.c:369
eval_value at /buildworker/worker/package_linux64/build/src/interpreter.c:458
eval_stmt_value at /buildworker/worker/package_linux64/build/src/interpreter.c:409 [inlined]
eval_body at /buildworker/worker/package_linux64/build/src/interpreter.c:817
jl_interpret_toplevel_thunk at /buildworker/worker/package_linux64/build/src/interpreter.c:911
jl_toplevel_eval_flex at /buildworker/worker/package_linux64/build/src/toplevel.c:814
jl_eval_module_expr at /buildworker/worker/package_linux64/build/src/toplevel.c:181
jl_toplevel_eval_flex at /buildworker/worker/package_linux64/build/src/toplevel.c:640
jl_parse_eval_all at /buildworker/worker/package_linux64/build/src/ast.c:872
jl_load at /buildworker/worker/package_linux64/build/src/toplevel.c:872
include at ./Base.jl:377
include at /home/pkgeval/.julia/packages/CxxWrap/lDNAy/src/CxxWrap.jl:1
_jl_invoke at /buildworker/worker/package_linux64/build/src/gf.c:2158 [inlined]
jl_apply_generic at /buildworker/worker/package_linux64/build/src/gf.c:2322
jl_apply at /buildworker/worker/package_linux64/build/src/julia.h:1692 [inlined]
do_call at /buildworker/worker/package_linux64/build/src/interpreter.c:369
eval_value at /buildworker/worker/package_linux64/build/src/interpreter.c:458
eval_stmt_value at /buildworker/worker/package_linux64/build/src/interpreter.c:409 [inlined]
eval_body at /buildworker/worker/package_linux64/build/src/interpreter.c:817
jl_interpret_toplevel_thunk at /buildworker/worker/package_linux64/build/src/interpreter.c:911
jl_toplevel_eval_flex at /buildworker/worker/package_linux64/build/src/toplevel.c:814
jl_eval_module_expr at /buildworker/worker/package_linux64/build/src/toplevel.c:181
jl_toplevel_eval_flex at /buildworker/worker/package_linux64/build/src/toplevel.c:640
jl_parse_eval_all at /buildworker/worker/package_linux64/build/src/ast.c:872
jl_load at /buildworker/worker/package_linux64/build/src/toplevel.c:872
include at ./Base.jl:377
_jl_invoke at /buildworker/worker/package_linux64/build/src/gf.c:2144 [inlined]
jl_apply_generic at /buildworker/worker/package_linux64/build/src/gf.c:2322
jl_apply at /buildworker/worker/package_linux64/build/src/julia.h:1692 [inlined]
do_call at /buildworker/worker/package_linux64/build/src/interpreter.c:369
eval_value at /buildworker/worker/package_linux64/build/src/interpreter.c:458
eval_stmt_value at /buildworker/worker/package_linux64/build/src/interpreter.c:409 [inlined]
eval_body at /buildworker/worker/package_linux64/build/src/interpreter.c:817
eval_body at /buildworker/worker/package_linux64/build/src/interpreter.c:744
jl_interpret_toplevel_thunk at /buildworker/worker/package_linux64/build/src/interpreter.c:911
jl_toplevel_eval_flex at /buildworker/worker/package_linux64/build/src/toplevel.c:814
jl_toplevel_eval_in at /buildworker/worker/package_linux64/build/src/toplevel.c:843
eval at ./boot.jl:331 [inlined]
eval at ./client.jl:449
_jl_invoke at /buildworker/worker/package_linux64/build/src/gf.c:2144 [inlined]
jl_apply_generic at /buildworker/worker/package_linux64/build/src/gf.c:2322
top-level scope at ./none:3
jl_toplevel_eval_flex at /buildworker/worker/package_linux64/build/src/toplevel.c:808
jl_toplevel_eval_flex at /buildworker/worker/package_linux64/build/src/toplevel.c:764
jl_toplevel_eval_in at /buildworker/worker/package_linux64/build/src/toplevel.c:843
eval at ./boot.jl:331
_jl_invoke at /buildworker/worker/package_linux64/build/src/gf.c:2144 [inlined]
jl_apply_generic at /buildworker/worker/package_linux64/build/src/gf.c:2322
exec_options at ./client.jl:264
_start at ./client.jl:484
jfptr__start_2076.clone_1 at /opt/julia/lib/julia/sys.so (unknown line)
_jl_invoke at /buildworker/worker/package_linux64/build/src/gf.c:2144 [inlined]
jl_apply_generic at /buildworker/worker/package_linux64/build/src/gf.c:2322
jl_apply at /buildworker/worker/package_linux64/build/ui/../src/julia.h:1692 [inlined]
true_main at /buildworker/worker/package_linux64/build/ui/repl.c:96
main at /buildworker/worker/package_linux64/build/ui/repl.c:217
__libc_start_main at /lib/x86_64-linux-gnu/libc.so.6 (unknown line)
_start at /opt/julia/bin/julia (unknown line)
Allocations: 6851292 (Pool: 6849601; Big: 1691); GC: 8
ERROR: LoadError: LoadError: Failed to precompile CxxWrap [1f15a43c-97ca-5a2a-ae31-89f07a497df4] to /home/pkgeval/.julia/compiled/v1.4/CxxWrap/WGIJU_w3hUm.ji.
Stacktrace:
 [1] error(::String) at ./error.jl:33
 [2] compilecache(::Base.PkgId, ::String) at ./loading.jl:1272
 [3] _require(::Base.PkgId) at ./loading.jl:1029
 [4] require(::Base.PkgId) at ./loading.jl:927
 [5] require(::Module, ::Symbol) at ./loading.jl:922
 [6] include(::Module, ::String) at ./Base.jl:377
 [7] _require(::Base.PkgId) at ./loading.jl:1058
 [8] require(::Base.PkgId) at ./loading.jl:927
 [9] require(::Module, ::Symbol) at ./loading.jl:922
 [10] include(::String) at ./client.jl:439
 [11] top-level scope at none:6
in expression starting at /home/pkgeval/.julia/packages/OpenSpiel/yhfCA/src/OpenSpiel.jl:4
in expression starting at /home/pkgeval/.julia/packages/OpenSpiel/yhfCA/test/runtests.jl:1
ERROR: Package OpenSpiel errored during testing
Stacktrace:
 [1] pkgerror(::String, ::Vararg{String,N} where N) at /buildworker/worker/package_linux64/build/usr/share/julia/stdlib/v1.4/Pkg/src/Types.jl:53
 [2] test(::Pkg.Types.Context, ::Array{Pkg.Types.PackageSpec,1}; coverage::Bool, julia_args::Cmd, test_args::Cmd, test_fn::Nothing) at /buildworker/worker/package_linux64/build/usr/share/julia/stdlib/v1.4/Pkg/src/Operations.jl:1503
 [3] test(::Pkg.Types.Context, ::Array{Pkg.Types.PackageSpec,1}; coverage::Bool, test_fn::Nothing, julia_args::Cmd, test_args::Cmd, kwargs::Base.Iterators.Pairs{Union{},Union{},Tuple{},NamedTuple{(),Tuple{}}}) at /buildworker/worker/package_linux64/build/usr/share/julia/stdlib/v1.4/Pkg/src/API.jl:316
 [4] test(::Pkg.Types.Context, ::Array{Pkg.Types.PackageSpec,1}) at /buildworker/worker/package_linux64/build/usr/share/julia/stdlib/v1.4/Pkg/src/API.jl:303
 [5] #test#68 at /buildworker/worker/package_linux64/build/usr/share/julia/stdlib/v1.4/Pkg/src/API.jl:297 [inlined]
 [6] test at /buildworker/worker/package_linux64/build/usr/share/julia/stdlib/v1.4/Pkg/src/API.jl:297 [inlined]
 [7] #test#67 at /buildworker/worker/package_linux64/build/usr/share/julia/stdlib/v1.4/Pkg/src/API.jl:296 [inlined]
 [8] test at /buildworker/worker/package_linux64/build/usr/share/julia/stdlib/v1.4/Pkg/src/API.jl:296 [inlined]
 [9] test(::String; kwargs::Base.Iterators.Pairs{Union{},Union{},Tuple{},NamedTuple{(),Tuple{}}}) at /buildworker/worker/package_linux64/build/usr/share/julia/stdlib/v1.4/Pkg/src/API.jl:295
 [10] test(::String) at /buildworker/worker/package_linux64/build/usr/share/julia/stdlib/v1.4/Pkg/src/API.jl:295
 [11] top-level scope at none:16
