Julia Version 1.3.1
Commit 2d5741174c (2019-12-30 21:36 UTC)
Platform Info:
  OS: Linux (x86_64-pc-linux-gnu)
  CPU: AMD Ryzen Threadripper 2990WX 32-Core Processor
  WORD_SIZE: 64
  LIBM: libopenlibm
  LLVM: libLLVM-6.0.1 (ORCJIT, znver1)
Environment:
  JULIA_DEPOT_PATH = ::/usr/local/share/julia
  JULIA_NUM_THREADS = 2

 Resolving package versions...
 Installed NaNMath ────────────────────── v0.3.3
 Installed CompilerSupportLibraries_jll ─ v0.2.0+1
 Installed DiffResults ────────────────── v1.0.2
 Installed ArrayInterface ─────────────── v2.5.1
 Installed NLSolversBase ──────────────── v7.6.1
 Installed DiffRules ──────────────────── v1.0.1
 Installed StatsBase ──────────────────── v0.32.2
 Installed Optim ──────────────────────── v0.20.4
 Installed DataAPI ────────────────────── v1.1.0
 Installed FillArrays ─────────────────── v0.8.5
 Installed FiniteDiff ─────────────────── v2.2.1
 Installed Requires ───────────────────── v1.0.1
 Installed ForwardDiff ────────────────── v0.10.9
 Installed StaticArrays ───────────────── v0.12.1
 Installed DataStructures ─────────────── v0.17.10
 Installed SpecialFunctions ───────────── v0.10.0
 Installed SortingAlgorithms ──────────── v0.3.1
 Installed Compat ─────────────────────── v3.8.0
 Installed PositiveFactorizations ─────── v0.2.3
 Installed LineSearches ───────────────── v7.0.1
 Installed OrderedCollections ─────────── v1.1.0
 Installed OpenSpecFun_jll ────────────── v0.5.3+3
 Installed Parameters ─────────────────── v0.12.0
 Installed CommonSubexpressions ───────── v0.2.0
 Installed Missings ───────────────────── v0.4.3
  Updating `~/.julia/environments/v1.3/Project.toml`
  [429524aa] + Optim v0.20.4
  Updating `~/.julia/environments/v1.3/Manifest.toml`
  [4fba245c] + ArrayInterface v2.5.1
  [bbf7d656] + CommonSubexpressions v0.2.0
  [34da2185] + Compat v3.8.0
  [e66e0078] + CompilerSupportLibraries_jll v0.2.0+1
  [9a962f9c] + DataAPI v1.1.0
  [864edb3b] + DataStructures v0.17.10
  [163ba53b] + DiffResults v1.0.2
  [b552c78f] + DiffRules v1.0.1
  [1a297f60] + FillArrays v0.8.5
  [6a86dc24] + FiniteDiff v2.2.1
  [f6369f11] + ForwardDiff v0.10.9
  [d3d80556] + LineSearches v7.0.1
  [e1d29d7a] + Missings v0.4.3
  [d41bc354] + NLSolversBase v7.6.1
  [77ba4419] + NaNMath v0.3.3
  [efe28fd5] + OpenSpecFun_jll v0.5.3+3
  [429524aa] + Optim v0.20.4
  [bac558e1] + OrderedCollections v1.1.0
  [d96e819e] + Parameters v0.12.0
  [85a6dd25] + PositiveFactorizations v0.2.3
  [ae029012] + Requires v1.0.1
  [a2af1166] + SortingAlgorithms v0.3.1
  [276daf66] + SpecialFunctions v0.10.0
  [90137ffa] + StaticArrays v0.12.1
  [2913bbd2] + StatsBase v0.32.2
  [2a0f44e3] + Base64 
  [ade2ca70] + Dates 
  [8bb1440f] + DelimitedFiles 
  [8ba89e20] + Distributed 
  [b77e0a4c] + InteractiveUtils 
  [76f85450] + LibGit2 
  [8f399da3] + Libdl 
  [37e2e46d] + LinearAlgebra 
  [56ddb016] + Logging 
  [d6f4376e] + Markdown 
  [a63ad114] + Mmap 
  [44cfe95a] + Pkg 
  [de0858da] + Printf 
  [3fa0cd96] + REPL 
  [9a3f8284] + Random 
  [ea8e919c] + SHA 
  [9e88b42a] + Serialization 
  [1a1011a3] + SharedArrays 
  [6462fe0b] + Sockets 
  [2f01184e] + SparseArrays 
  [10745b16] + Statistics 
  [8dfed614] + Test 
  [cf7118a7] + UUIDs 
  [4ec0a83e] + Unicode 
   Testing Optim
 Resolving package versions...
 Installed ZygoteRules ───────── v0.2.0
 Installed RecipesBase ───────── v0.8.0
 Installed RecursiveArrayTools ─ v2.1.0
 Installed MacroTools ────────── v0.5.4
 Installed OptimTestProblems ─── v2.0.2
    Status `/tmp/jl_y2kwUG/Manifest.toml`
  [4fba245c] ArrayInterface v2.5.1
  [bbf7d656] CommonSubexpressions v0.2.0
  [34da2185] Compat v3.8.0
  [e66e0078] CompilerSupportLibraries_jll v0.2.0+1
  [9a962f9c] DataAPI v1.1.0
  [864edb3b] DataStructures v0.17.10
  [163ba53b] DiffResults v1.0.2
  [b552c78f] DiffRules v1.0.1
  [1a297f60] FillArrays v0.8.5
  [6a86dc24] FiniteDiff v2.2.1
  [f6369f11] ForwardDiff v0.10.9
  [d3d80556] LineSearches v7.0.1
  [1914dd2f] MacroTools v0.5.4
  [e1d29d7a] Missings v0.4.3
  [d41bc354] NLSolversBase v7.6.1
  [77ba4419] NaNMath v0.3.3
  [efe28fd5] OpenSpecFun_jll v0.5.3+3
  [429524aa] Optim v0.20.4
  [cec144fc] OptimTestProblems v2.0.2
  [bac558e1] OrderedCollections v1.1.0
  [d96e819e] Parameters v0.12.0
  [85a6dd25] PositiveFactorizations v0.2.3
  [3cdcf5f2] RecipesBase v0.8.0
  [731186ca] RecursiveArrayTools v2.1.0
  [ae029012] Requires v1.0.1
  [a2af1166] SortingAlgorithms v0.3.1
  [276daf66] SpecialFunctions v0.10.0
  [90137ffa] StaticArrays v0.12.1
  [2913bbd2] StatsBase v0.32.2
  [700de1a5] ZygoteRules v0.2.0
  [2a0f44e3] Base64  [`@stdlib/Base64`]
  [ade2ca70] Dates  [`@stdlib/Dates`]
  [8bb1440f] DelimitedFiles  [`@stdlib/DelimitedFiles`]
  [8ba89e20] Distributed  [`@stdlib/Distributed`]
  [b77e0a4c] InteractiveUtils  [`@stdlib/InteractiveUtils`]
  [76f85450] LibGit2  [`@stdlib/LibGit2`]
  [8f399da3] Libdl  [`@stdlib/Libdl`]
  [37e2e46d] LinearAlgebra  [`@stdlib/LinearAlgebra`]
  [56ddb016] Logging  [`@stdlib/Logging`]
  [d6f4376e] Markdown  [`@stdlib/Markdown`]
  [a63ad114] Mmap  [`@stdlib/Mmap`]
  [44cfe95a] Pkg  [`@stdlib/Pkg`]
  [de0858da] Printf  [`@stdlib/Printf`]
  [3fa0cd96] REPL  [`@stdlib/REPL`]
  [9a3f8284] Random  [`@stdlib/Random`]
  [ea8e919c] SHA  [`@stdlib/SHA`]
  [9e88b42a] Serialization  [`@stdlib/Serialization`]
  [1a1011a3] SharedArrays  [`@stdlib/SharedArrays`]
  [6462fe0b] Sockets  [`@stdlib/Sockets`]
  [2f01184e] SparseArrays  [`@stdlib/SparseArrays`]
  [10745b16] Statistics  [`@stdlib/Statistics`]
  [8dfed614] Test  [`@stdlib/Test`]
  [cf7118a7] UUIDs  [`@stdlib/UUIDs`]
  [4ec0a83e] Unicode  [`@stdlib/Unicode`]
./special/bigfloat/initial_convergence.jl
 17.506511 seconds (21.32 M allocations: 1.046 GiB, 6.28% gc time)
Test Summary: |
special       | No tests
./general/api.jl
 17.302397 seconds (18.40 M allocations: 926.078 MiB, 3.66% gc time)
./general/callables.jl
  0.208975 seconds (159.40 k allocations: 8.528 MiB)
./general/callbacks.jl
  5.129592 seconds (4.17 M allocations: 218.609 MiB, 1.75% gc time)
./general/convergence.jl
  0.411909 seconds (285.56 k allocations: 14.985 MiB, 3.96% gc time)
./general/default_solvers.jl
  0.441529 seconds (248.05 k allocations: 13.022 MiB)
./general/deprecate.jl
  0.000232 seconds (104 allocations: 5.125 KiB)
./general/initial_convergence.jl
  3.072413 seconds (3.09 M allocations: 155.788 MiB, 1.68% gc time)
./general/objective_types.jl
  5.011637 seconds (4.49 M allocations: 235.292 MiB, 2.43% gc time)
./general/Optim.jl
  0.633195 seconds (550.80 k allocations: 27.329 MiB)
./general/optimize.jl
  1.500418 seconds (1.64 M allocations: 83.983 MiB, 2.54% gc time)
./general/type_stability.jl
 16.716754 seconds (16.46 M allocations: 819.402 MiB, 4.85% gc time)
./general/counter.jl
 12.938593 seconds (13.28 M allocations: 669.837 MiB, 3.58% gc time)
./general/maximize.jl
  1.120753 seconds (1.15 M allocations: 60.832 MiB, 3.77% gc time)
Test Summary: | Pass  Total
general       | 2279   2279
./univariate/optimize/interface.jl
  0.000170 seconds (111 allocations: 5.453 KiB)
./univariate/optimize/optimize.jl
  0.015338 seconds (2.23 k allocations: 157.719 KiB)
./univariate/solvers/golden_section.jl
  1.394455 seconds (1.31 M allocations: 69.418 MiB, 1.53% gc time)
./univariate/solvers/brent.jl
  1.453420 seconds (1.35 M allocations: 70.721 MiB, 3.50% gc time)
./univariate/dual.jl
  1.900898 seconds (1.16 M allocations: 61.186 MiB, 1.23% gc time)
Test Summary: | Pass  Total
univariate    |   48     48
./multivariate/optimize/interface.jl
  3.096167 seconds (3.67 M allocations: 186.499 MiB, 2.44% gc time)
./multivariate/optimize/optimize.jl
  1.330892 seconds (834.72 k allocations: 42.982 MiB, 2.31% gc time)
./multivariate/optimize/inplace.jl
  0.509020 seconds (372.19 k allocations: 18.932 MiB)
./multivariate/solvers/constrained/fminbox.jl
 17.053283 seconds (16.41 M allocations: 822.200 MiB, 4.86% gc time)
./multivariate/solvers/constrained/ipnewton/constraints.jl
Iter     Lagrangian value Function value   Gradient norm    |==constr.|      μ
     0   1.325355e+05     -1.131426e-16    8.836323e+04     1.325355e+05     2.72e-04
 * c: [6.0]
 * time: 1.584540813892602e9
 * g(x): [88357.23479296362, -66267.7444111528]
 * x: [12.0, 14.0]
 * gtilde(x): [88357.23474122555, -66267.74465259715]
 * h(x): [3.572390764231408e-5 0.019671531709867046; 0.019671531709867046 0.0002749782775992128]
 * α: 1.0
 * bstate: BarrierStateVars{Float64}:
  slack_x: [7.0, 3.0, 9.0, 1.0]
  slack_c: Float64[]
  λx: [3.880355485284997e-5, 9.054162798998327e-5, 3.0180542663327756e-5, 0.0002716248839699498]
  λc: Float64[]
  λxE: Float64[]
  λcE: [-22089.248217532382]
 * bgrad: BarrierStateVars{Float64}:
  slack_x: [0.0, 0.0, 0.0, 0.0]
  slack_c: Float64[]
  λx: [0.0, 0.0, 0.0, 0.0]
  λc: Float64[]
  λxE: Float64[]
  λcE: [-6.0]
|gx| = 110446.43458463406, |Hstepx + gx| = 0.0
|gE| = 6.0, |HstepλE + gE| = 4.822439976237547e-7
L0 = 132535.48788140537, L1 = -265071.0104107117, L2 = 265070.98919730965
α = 0.5345893752019844, value: (132535.48788140537, 28708.106124992642, -9168.657958215685), slope: (-265071.0104107117, -123366.36791592586, -123366.87591154999)
     1   2.870811e+04     -1.351385e-02    4.112536e+04     2.870812e+04     2.72e-05
 * c: [2.792463601897886]
 * time: 1.584540814854643e9
 * g(x): [41122.539199239945, -30841.711823299735]
 * x: [11.947365900474471, 14.999]
 * gtilde(x): [41122.53914938217, -30841.712339447375]
 * h(x): [0.0009609917249249723 0.01003740594764946; 0.01003740594764946 0.5435018277008664]
 * α: 0.5345893752019844
 * bstate: BarrierStateVars{Float64}:
  slack_x: [6.9473659004744714, 3.0526340995255286, 9.999, 0.0010000000000000009]
  slack_c: Float64[]
  λx: [3.909532487685986e-5, 8.895310230370721e-5, 2.6830502427698376e-5, 0.0005429781430559297]
  λc: Float64[]
  λxE: Float64[]
  λcE: [-10280.570603701372]
 * bgrad: BarrierStateVars{Float64}:
  slack_x: [3.5185571340610974e-5, 8.005505310704233e-5, 2.4113981935949704e-5, -0.026619510253939025]
  slack_c: Float64[]
  λx: [0.0, 0.0, 0.0, 5.551115123125783e-16]
  λc: Float64[]
  λxE: Float64[]
  λcE: [-2.792463601897886]
|gx| = 51403.05872340371, |Hstepx + gx| = 0.0
|gE| = 2.792463601897886, |HstepλE + gE| = 8.828777797731391e-8
L0 = 28708.105745855242, L1 = -57416.67519353334, L2 = 57416.673811543704
α = 0.0030311605533831793, value: (28708.105745855242, 28534.330365267975, 28534.06658490219), slope: (-57416.67519353334, -57242.63077740227, -57242.63603676932)
     2   2.853433e+04     -1.427745e-02    4.100078e+04     2.853434e+04     2.30e-04
 * c: [2.783999196788521]
 * time: 1.584540814867348e9
 * g(x): [40997.890180479895, -30748.22564305577]
 * x: [11.944389097184102, 14.997852397315963]
 * gtilde(x): [40997.890130861626, -30748.225616838263]
 * h(x): [0.001013181536545749 0.010048653607865754; 0.010048653607865754 0.0008059471382789342]
 * α: 0.0030311605533831793
 * bstate: BarrierStateVars{Float64}:
  slack_x: [6.944389097184102, 3.0556109028158978, 9.997852397315963, 0.0021476026840380733]
  slack_c: Float64[]
  λx: [3.9005423302972634e-5, 8.862369917582548e-5, 2.6760488460467503e-5, 5.42978143055887e-7]
  λc: Float64[]
  λxE: Float64[]
  λcE: [-10249.40835266136]
 * bgrad: BarrierStateVars{Float64}:
  slack_x: [5.8321850641475e-6, 1.3231942413964042e-5, 3.718752616694407e-6, -0.10726691187101653]
  slack_c: Float64[]
  λx: [0.0, -4.440892098500626e-16, 0.0, 1.2754554357119474e-15]
  λc: Float64[]
  λxE: Float64[]
  λcE: [-2.783999196788521]
 35.383422 seconds (31.89 M allocations: 1.535 GiB, 2.78% gc time)
./multivariate/solvers/constrained/ipnewton/counter.jl
  0.410442 seconds (412.69 k allocations: 22.248 MiB)
./multivariate/solvers/constrained/ipnewton/ipnewton_unconstrained.jl
  8.926288 seconds (8.81 M allocations: 583.620 MiB, 12.31% gc time)
./multivariate/solvers/constrained/samin.jl
================================================================================
SAMIN results
==> Normal convergence <==
total number of objective function evaluations: 21501

     Obj. value:      0.0000000000

       parameter      search width
        -2.80512           0.00000 
         3.13131           0.00000 
================================================================================

  2.482441 seconds (2.84 M allocations: 143.011 MiB, 3.46% gc time)
./multivariate/solvers/first_order/accelerated_gradient_descent.jl
  3.978726 seconds (6.05 M allocations: 1.233 GiB, 5.19% gc time)
./multivariate/solvers/first_order/bfgs.jl
 59.729494 seconds (17.37 M allocations: 1.926 GiB, 5.19% gc time)
./multivariate/solvers/first_order/cg.jl
 11.855123 seconds (5.44 M allocations: 643.485 MiB, 3.60% gc time)
./multivariate/solvers/first_order/gradient_descent.jl
331.328745 seconds (64.44 M allocations: 12.742 GiB, 1.74% gc time)
./multivariate/solvers/first_order/l_bfgs.jl
 16.218053 seconds (6.42 M allocations: 1.356 GiB, 5.21% gc time)
./multivariate/solvers/first_order/momentum_gradient_descent.jl
249.100209 seconds (10.72 M allocations: 3.418 GiB, 2.32% gc time)
./multivariate/solvers/first_order/ngmres.jl
┌ Warning: Use caution. N-GMRES/O-ACCEL has only been tested with Gradient Descent and L-BFGS preconditioning.
└ @ Optim ~/.julia/packages/Optim/U5QAY/src/multivariate/solvers/first_order/ngmres.jl:210
 57.256952 seconds (32.54 M allocations: 4.127 GiB, 5.46% gc time)
./multivariate/solvers/second_order/newton.jl
395.086543 seconds (45.38 M allocations: 10.222 GiB, 2.71% gc time)
./multivariate/solvers/second_order/newton_trust_region.jl
533.917651 seconds (36.02 M allocations: 8.004 GiB, 2.11% gc time)
./multivariate/solvers/second_order/krylov_trust_region.jl
  4.481910 seconds (179.57 k allocations: 46.705 MiB, 24.42% gc time)
./multivariate/solvers/zeroth_order/grid_search.jl
  0.468710 seconds (324.47 k allocations: 16.459 MiB)
./multivariate/solvers/zeroth_order/nelder_mead.jl
  8.420959 seconds (4.49 M allocations: 232.899 MiB, 4.31% gc time)
./multivariate/solvers/zeroth_order/particle_swarm.jl
Iter     Function value   Gradient norm 
     0     1.000000e+00              NaN
 * time: 0.00034689903259277344
 * x: [0.0, 0.0]
     1     1.000000e+00              NaN
 * time: 0.14008092880249023
 * x: [0.0, 0.0]
     2     1.000000e+00              NaN
 * time: 0.14098095893859863
 * x: [0.0, 0.0]
     3     1.000000e+00              NaN
 * time: 0.14159798622131348
 * x: [0.0, 0.0]
     4     1.000000e+00              NaN
 * time: 0.14298200607299805
 * x: [0.0, 0.0]
     5     1.000000e+00              NaN
 * time: 0.14381790161132812
 * x: [0.0, 0.0]
     6     1.000000e+00              NaN
 * time: 0.1450049877166748
 * x: [0.0, 0.0]
     7     1.000000e+00              NaN
 * time: 0.1466078758239746
 * x: [0.0, 0.0]
     8     1.000000e+00              NaN
 * time: 0.14850306510925293
 * x: [0.0, 0.0]
     9     1.000000e+00              NaN
 * time: 0.15052199363708496
 * x: [0.0, 0.0]
    10     1.000000e+00              NaN
 * time: 0.1523289680480957
 * x: [0.0, 0.0]
    11     1.000000e+00              NaN
 * time: 0.15416288375854492
 * x: [0.0, 0.0]
    12     1.000000e+00              NaN
 * time: 0.15598607063293457
 * x: [0.0, 0.0]
    13     1.000000e+00              NaN
 * time: 0.1577610969543457
 * x: [0.0, 0.0]
    14     8.341073e-01              NaN
 * time: 0.15964102745056152
 * x: [0.11538370266107331, 0.036020514502325254]
    15     8.341073e-01              NaN
 * time: 0.16152596473693848
 * x: [0.11538370266107331, 0.036020514502325254]
    16     8.339676e-01              NaN
 * time: 0.16339993476867676
 * x: [0.15702996056622703, -0.010465533327950471]
    17     8.339676e-01              NaN
 * time: 0.1653439998626709
 * x: [0.15702996056622703, -0.010465533327950471]
    18     6.750704e-01              NaN
 * time: 0.16727590560913086
 * x: [0.19275490716057905, 0.021848969000848928]
    19     6.750704e-01              NaN
 * time: 0.16907501220703125
 * x: [0.19275490716057905, 0.021848969000848928]
    20     6.750704e-01              NaN
 * time: 0.17099308967590332
 * x: [0.19275490716057905, 0.021848969000848928]
    21     6.750704e-01              NaN
 * time: 0.17204499244689941
 * x: [0.19275490716057905, 0.021848969000848928]
    22     6.632424e-01              NaN
 * time: 0.1729888916015625
 * x: [0.1969829270535347, 0.05236915578551115]
    23     6.632424e-01              NaN
 * time: 0.17489194869995117
 * x: [0.1969829270535347, 0.05236915578551115]
    24     6.632424e-01              NaN
 * time: 0.17647695541381836
 * x: [0.1969829270535347, 0.05236915578551115]
    25     5.842753e-01              NaN
 * time: 0.17818999290466309
 * x: [0.2606536184152626, 0.048538709120751825]
    26     5.477922e-01              NaN
 * time: 0.1799449920654297
 * x: [0.27367697869640767, 0.060669852398669157]
    27     4.882742e-01              NaN
 * time: 0.18175196647644043
 * x: [0.3098877015239294, 0.08506716911206239]
    28     4.671278e-01              NaN
 * time: 0.18364906311035156
 * x: [0.3244738625039677, 0.09489473291844022]
    29     4.581716e-01              NaN
 * time: 0.18544888496398926
 * x: [0.3309523530666372, 0.09925967715981959]
    30     4.546615e-01              NaN
 * time: 0.18715405464172363
 * x: [0.33354374929170494, 0.10100565485637135]
    31     4.531926e-01              NaN
 * time: 0.18854188919067383
 * x: [0.3346373428639098, 0.10174247386061762]
    32     4.525262e-01              NaN
 * time: 0.1901559829711914
 * x: [0.3351352392082991, 0.10207793622800439]
    33     4.397339e-01              NaN
 * time: 0.19182896614074707
 * x: [0.3833095760423565, 0.12254860737225162]
    34     4.397339e-01              NaN
 * time: 0.19340896606445312
 * x: [0.3833095760423565, 0.12254860737225162]
    35     4.316764e-01              NaN
 * time: 0.19512104988098145
 * x: [0.3448365595197876, 0.11397538756020159]
    36     4.316764e-01              NaN
 * time: 0.1968080997467041
 * x: [0.3448365595197876, 0.11397538756020159]
    37     4.316764e-01              NaN
 * time: 0.19851088523864746
 * x: [0.3448365595197876, 0.11397538756020159]
    38     4.316764e-01              NaN
 * time: 0.2001030445098877
 * x: [0.3448365595197876, 0.11397538756020159]
    39     4.316764e-01              NaN
 * time: 0.20185589790344238
 * x: [0.3448365595197876, 0.11397538756020159]
    40     4.253519e-01              NaN
 * time: 0.20462608337402344
 * x: [0.34879840467635886, 0.11807097118760101]
    41     4.173131e-01              NaN
 * time: 0.20510506629943848
 * x: [0.3699652778075746, 0.12260217374978627]
    42     4.143288e-01              NaN
 * time: 0.20555400848388672
 * x: [0.35631643026740556, 0.1269063844610519]
    43     4.061662e-01              NaN
 * time: 0.2060070037841797
 * x: [0.3710108757655203, 0.12738315702748543]
    44     4.006484e-01              NaN
 * time: 0.2067868709564209
 * x: [0.36823326016268504, 0.13169811444382834]
    45     3.985645e-01              NaN
 * time: 0.20734095573425293
 * x: [0.38081991135783383, 0.13270289996869208]
    46     3.912090e-01              NaN
 * time: 0.2078540325164795
 * x: [0.3838469307497379, 0.13658469444497887]
    47     3.798507e-01              NaN
 * time: 0.2083759307861328
 * x: [0.3858834718308719, 0.14369874557257187]
    48     3.720291e-01              NaN
 * time: 0.20886802673339844
 * x: [0.3950029599991429, 0.14827641536749836]
    49     3.670915e-01              NaN
 * time: 0.20937895774841309
 * x: [0.39566971534095113, 0.15222274698710114]
    50     3.591566e-01              NaN
 * time: 0.20989203453063965
 * x: [0.401356820293726, 0.15828914027070431]
    51     3.536428e-01              NaN
 * time: 0.21049904823303223
 * x: [0.4072426441735278, 0.1610699997888668]
    52     3.486781e-01              NaN
 * time: 0.2110118865966797
 * x: [0.4119169251049704, 0.16434975955386452]
    53     3.472088e-01              NaN
 * time: 0.2115170955657959
 * x: [0.4157556361516107, 0.16519290145866455]
    54     3.469432e-01              NaN
 * time: 0.21204209327697754
 * x: [0.4173420682785835, 0.16554134847359225]
    55     3.463536e-01              NaN
 * time: 0.212615966796875
 * x: [0.4193748964210468, 0.1662690267173944]
    56     3.451379e-01              NaN
 * time: 0.2131490707397461
 * x: [0.4198235131668805, 0.16701429935460418]
    57     3.434897e-01              NaN
 * time: 0.21367692947387695
 * x: [0.4174820876049065, 0.16783944859505634]
    58     3.064518e-01              NaN
 * time: 0.21416687965393066
 * x: [0.446542522006564, 0.2005690554666757]
    59     2.869194e-01              NaN
 * time: 0.21475696563720703
 * x: [0.4944336399941984, 0.26216264919851084]
    60     2.283560e-01              NaN
 * time: 0.21530604362487793
 * x: [0.545295751413726, 0.3120444134528328]
    61     1.700515e-01              NaN
 * time: 0.21582388877868652
 * x: [0.6036703936015688, 0.3758084441287487]
    62     1.273151e-01              NaN
 * time: 0.21633410453796387
 * x: [0.646265999179896, 0.4223366522506192]
    63     8.747869e-02              NaN
 * time: 0.2168278694152832
 * x: [0.7227106043048919, 0.5120201954187495]
    64     7.940488e-02              NaN
 * time: 0.2173480987548828
 * x: [0.7240058030539449, 0.529869548273619]
    65     7.315137e-02              NaN
 * time: 0.21788787841796875
 * x: [0.7418467437421771, 0.5584039711466857]
    66     6.795735e-02              NaN
 * time: 0.21839404106140137
 * x: [0.7578992669260564, 0.5840780369211797]
    67     6.431109e-02              NaN
 * time: 0.21888089179992676
 * x: [0.7690442253443062, 0.6019030474946886]
    68     6.280893e-02              NaN
 * time: 0.21936297416687012
 * x: [0.7735022087116061, 0.6090330517240922]
    69     6.219869e-02              NaN
 * time: 0.21986603736877441
 * x: [0.7752854020585261, 0.6118850534158536]
    70     6.178139e-02              NaN
 * time: 0.22040390968322754
 * x: [0.7764951099631213, 0.6138198346309146]
    71     6.159080e-02              NaN
 * time: 0.22091388702392578
 * x: [0.7770449290310241, 0.614699203609343]
    72     6.151440e-02              NaN
 * time: 0.22137689590454102
 * x: [0.7772648566581851, 0.6150509512007144]
    73     6.147352e-02              NaN
 * time: 0.22181987762451172
 * x: [0.7773824132981544, 0.6152389688021984]
    74     6.145260e-02              NaN
 * time: 0.22225499153137207
 * x: [0.7774425304255534, 0.6153351188631786]
    75     6.144301e-02              NaN
 * time: 0.2227160930633545
 * x: [0.7774701040607535, 0.6153792195516284]
    76     6.143891e-02              NaN
 * time: 0.22315692901611328
 * x: [0.7774818751283618, 0.6153980459479867]
    77     6.143707e-02              NaN
 * time: 0.22358489036560059
 * x: [0.7774871711939618, 0.6154065163631984]
    78     3.920913e-02              NaN
 * time: 0.22400808334350586
 * x: [0.8370899141634998, 0.6894636675711636]
    79     3.920913e-02              NaN
 * time: 0.22444391250610352
 * x: [0.8370899141634998, 0.6894636675711636]
    80     3.920913e-02              NaN
 * time: 0.22488188743591309
 * x: [0.8370899141634998, 0.6894636675711636]
    81     3.920913e-02              NaN
 * time: 0.22533607482910156
 * x: [0.8370899141634998, 0.6894636675711636]
    82     3.920913e-02              NaN
 * time: 0.22577500343322754
 * x: [0.8370899141634998, 0.6894636675711636]
    83     1.905880e-02              NaN
 * time: 0.2263948917388916
 * x: [0.8654849053658829, 0.7521697483517842]
    84     1.905880e-02              NaN
 * time: 0.22690105438232422
 * x: [0.8654849053658829, 0.7521697483517842]
    85     1.905880e-02              NaN
 * time: 0.22740507125854492
 * x: [0.8654849053658829, 0.7521697483517842]
    86     1.905880e-02              NaN
 * time: 0.22790098190307617
 * x: [0.8654849053658829, 0.7521697483517842]
    87     1.905880e-02              NaN
 * time: 0.22839689254760742
 * x: [0.8654849053658829, 0.7521697483517842]
    88     1.905880e-02              NaN
 * time: 0.22894287109375
 * x: [0.8654849053658829, 0.7521697483517842]
    89     1.905880e-02              NaN
 * time: 0.2295079231262207
 * x: [0.8654849053658829, 0.7521697483517842]
    90     1.905880e-02              NaN
 * time: 0.23009490966796875
 * x: [0.8654849053658829, 0.7521697483517842]
    91     1.854623e-02              NaN
 * time: 0.23064088821411133
 * x: [0.870381398609355, 0.7533861666955676]
    92     1.854623e-02              NaN
 * time: 0.23116087913513184
 * x: [0.870381398609355, 0.7533861666955676]
    93     1.854623e-02              NaN
 * time: 0.23172807693481445
 * x: [0.870381398609355, 0.7533861666955676]
    94     1.772674e-02              NaN
 * time: 0.23227906227111816
 * x: [0.8690193099152319, 0.7575837046836392]
    95     1.649264e-02              NaN
 * time: 0.23284387588500977
 * x: [0.8716023672434794, 0.7594320772001775]
    96     1.640724e-02              NaN
 * time: 0.233367919921875
 * x: [0.872883638164526, 0.7603489232689052]
    97     1.640724e-02              NaN
 * time: 0.23391294479370117
 * x: [0.872883638164526, 0.7603489232689052]
    98     1.636297e-02              NaN
 * time: 0.23449206352233887
 * x: [0.8726710333481064, 0.7603287519905614]
    99     1.636297e-02              NaN
 * time: 0.2350609302520752
 * x: [0.8726710333481064, 0.7603287519905614]
   100     1.635777e-02              NaN
 * time: 0.23566198348999023
 * x: [0.8728209885932219, 0.7604627084367774]
   101     1.635777e-02              NaN
 * time: 0.236159086227417
 * x: [0.8728209885932219, 0.7604627084367774]
   102     1.631812e-02              NaN
 * time: 0.23667097091674805
 * x: [0.8725839902949836, 0.7604902288388976]
   103     1.631812e-02              NaN
 * time: 0.23720693588256836
 * x: [0.8725839902949836, 0.7604902288388976]
   104     1.631492e-02              NaN
 * time: 0.23769903182983398
 * x: [0.8727225898500088, 0.7605705459265378]
   105     1.631492e-02              NaN
 * time: 0.23820710182189941
 * x: [0.8727225898500088, 0.7605705459265378]
   106     1.630391e-02              NaN
 * time: 0.23872900009155273
 * x: [0.8726106881624734, 0.7605783669765834]
   107     1.630391e-02              NaN
 * time: 0.23916292190551758
 * x: [0.8726106881624734, 0.7605783669765834]
   108     1.630391e-02              NaN
 * time: 0.23962187767028809
 * x: [0.8726106881624734, 0.7605783669765834]
   109     1.630391e-02              NaN
 * time: 0.24007010459899902
 * x: [0.8726106881624734, 0.7605783669765834]
   110     1.630058e-02              NaN
 * time: 0.24051308631896973
 * x: [0.8725500395367918, 0.7605879951746879]
   111     1.630058e-02              NaN
 * time: 0.2409529685974121
 * x: [0.8725500395367918, 0.7605879951746879]
   112     1.615334e-02              NaN
 * time: 0.24139404296875
 * x: [0.8731530361980018, 0.7616013411170838]
   113     1.615334e-02              NaN
 * time: 0.24181795120239258
 * x: [0.8731530361980018, 0.7616013411170838]
   114     1.615334e-02              NaN
 * time: 0.24223804473876953
 * x: [0.8731530361980018, 0.7616013411170838]
   115     1.615334e-02              NaN
 * time: 0.2427959442138672
 * x: [0.8731530361980018, 0.7616013411170838]
   116     1.604092e-02              NaN
 * time: 0.24332904815673828
 * x: [0.8734593782687279, 0.7623984735233766]
   117     1.594147e-02              NaN
 * time: 0.24386096000671387
 * x: [0.8738692567120643, 0.7630773546618207]
   118     1.589492e-02              NaN
 * time: 0.24451494216918945
 * x: [0.8742369457207895, 0.7634038228870617]
   119     1.449695e-02              NaN
 * time: 0.24501490592956543
 * x: [0.8796937139658162, 0.7733778732073108]
   120     1.409448e-02              NaN
 * time: 0.24551606178283691
 * x: [0.8816110387602346, 0.7781242409607744]
   121     1.355002e-02              NaN
 * time: 0.24603796005249023
 * x: [0.8844275838899285, 0.7836015359584262]
   122     1.306892e-02              NaN
 * time: 0.24655699729919434
 * x: [0.885859086878481, 0.7853848372241161]
   123     1.290912e-02              NaN
 * time: 0.24705290794372559
 * x: [0.886431688073902, 0.786098157730392]
   124     1.282152e-02              NaN
 * time: 0.24755096435546875
 * x: [0.8867696982402556, 0.7862957798543686]
   125     1.279480e-02              NaN
 * time: 0.24803495407104492
 * x: [0.8869174801473593, 0.7863553832937505]
   126     1.278246e-02              NaN
 * time: 0.24854707717895508
 * x: [0.8870161343059835, 0.7863840173712312]
   127     1.277947e-02              NaN
 * time: 0.24904298782348633
 * x: [0.887108789736969, 0.7863700028502613]
   128     1.277614e-02              NaN
 * time: 0.24955105781555176
 * x: [0.8870997937059836, 0.7864012593539261]
   129     1.277509e-02              NaN
 * time: 0.25006103515625
 * x: [0.8871358034607011, 0.7864035962173753]
   130     1.277485e-02              NaN
 * time: 0.25057005882263184
 * x: [0.8871921972441479, 0.7864082097248476]
   131     1.267698e-02              NaN
 * time: 0.2510519027709961
 * x: [0.8875112294259805, 0.7881584575962157]
   132     1.259936e-02              NaN
 * time: 0.25154805183410645
 * x: [0.8877542270498692, 0.7880580973078818]
   133     1.258380e-02              NaN
 * time: 0.2520580291748047
 * x: [0.8878548994879684, 0.7880165186506373]
   134     1.258030e-02              NaN
 * time: 0.252561092376709
 * x: [0.8878952688887822, 0.7879998457110393]
   135     1.257933e-02              NaN
 * time: 0.2530519962310791
 * x: [0.8879114330323683, 0.7879931697687605]
   136     1.257902e-02              NaN
 * time: 0.2535429000854492
 * x: [0.8879179055030447, 0.7879904965779164]
   137     1.255808e-02              NaN
 * time: 0.2540440559387207
 * x: [0.8879645146725965, 0.7882334636390258]
   138     1.254506e-02              NaN
 * time: 0.2545459270477295
 * x: [0.888074314161862, 0.7882553089394371]
   139     1.254153e-02              NaN
 * time: 0.2550239562988281
 * x: [0.8881182339575682, 0.7882640470596016]
   140     1.254040e-02              NaN
 * time: 0.2555079460144043
 * x: [0.8881358090615014, 0.7882675437372979]
   141     1.253998e-02              NaN
 * time: 0.25599193572998047
 * x: [0.8881428403601007, 0.7882689426584697]
   142     9.504049e-03              NaN
 * time: 0.25646495819091797
 * x: [0.9054974118185417, 0.8175311745320748]
   143     9.504049e-03              NaN
 * time: 0.25695300102233887
 * x: [0.9054974118185417, 0.8175311745320748]
   144     9.504049e-03              NaN
 * time: 0.2574338912963867
 * x: [0.9054974118185417, 0.8175311745320748]
   145     9.504049e-03              NaN
 * time: 0.25790905952453613
 * x: [0.9054974118185417, 0.8175311745320748]
   146     9.504049e-03              NaN
 * time: 0.25844693183898926
 * x: [0.9054974118185417, 0.8175311745320748]
   147     9.504049e-03              NaN
 * time: 0.25893402099609375
 * x: [0.9054974118185417, 0.8175311745320748]
   148     9.504049e-03              NaN
 * time: 0.25940489768981934
 * x: [0.9054974118185417, 0.8175311745320748]
   149     9.372569e-03              NaN
 * time: 0.2599029541015625
 * x: [0.9056971172176871, 0.8224770974953902]
   150     8.984610e-03              NaN
 * time: 0.26039910316467285
 * x: [0.9067800058779142, 0.8205334643586775]
   151     8.984610e-03              NaN
 * time: 0.26090002059936523
 * x: [0.9067800058779142, 0.8205334643586775]
   152     8.718654e-03              NaN
 * time: 0.2613980770111084
 * x: [0.906806333659192, 0.8217181196099561]
   153     8.718654e-03              NaN
 * time: 0.26189398765563965
 * x: [0.906806333659192, 0.8217181196099561]
   154     8.716193e-03              NaN
 * time: 0.26246094703674316
 * x: [0.9068017536243376, 0.8217391485520783]
   155     8.716193e-03              NaN
 * time: 0.2629539966583252
 * x: [0.9068017536243376, 0.8217391485520783]
   156     8.716193e-03              NaN
 * time: 0.26346802711486816
 * x: [0.9068017536243376, 0.8217391485520783]
   157     8.701106e-03              NaN
 * time: 0.26398301124572754
 * x: [0.9067586836616512, 0.8219436776430278]
   158     8.697052e-03              NaN
 * time: 0.2645258903503418
 * x: [0.9067450856179947, 0.8221109282982515]
   159     8.697052e-03              NaN
 * time: 0.2650179862976074
 * x: [0.9067450856179947, 0.8221109282982515]
   160     8.696681e-03              NaN
 * time: 0.2655038833618164
 * x: [0.9067444032717479, 0.8221581020616834]
   161     8.696386e-03              NaN
 * time: 0.266010046005249
 * x: [0.9067464770945943, 0.822148321456146]
   162     8.251902e-03              NaN
 * time: 0.26650190353393555
 * x: [0.9096968155005712, 0.8285343816568655]
   163     7.973651e-03              NaN
 * time: 0.2669849395751953
 * x: [0.9107524075112493, 0.8297618160477247]
   164     7.889298e-03              NaN
 * time: 0.26754188537597656
 * x: [0.9111783464862397, 0.830257094660126]
   165     7.860026e-03              NaN
 * time: 0.26807498931884766
 * x: [0.9113490212645814, 0.8304555539990274]
   166     7.377794e-03              NaN
 * time: 0.26857495307922363
 * x: [0.9155327768758823, 0.8397593760933334]
   167     7.377794e-03              NaN
 * time: 0.2690749168395996
 * x: [0.9155327768758823, 0.8397593760933334]
   168     7.377794e-03              NaN
 * time: 0.26958703994750977
 * x: [0.9155327768758823, 0.8397593760933334]
   169     7.364675e-03              NaN
 * time: 0.27010607719421387
 * x: [0.9148588591797617, 0.8380421903624125]
   170     7.364675e-03              NaN
 * time: 0.2707040309906006
 * x: [0.9148588591797617, 0.8380421903624125]
   171     7.364675e-03              NaN
 * time: 0.27124500274658203
 * x: [0.9148588591797617, 0.8380421903624125]
   172     7.364675e-03              NaN
 * time: 0.2717890739440918
 * x: [0.9148588591797617, 0.8380421903624125]
   173     7.256027e-03              NaN
 * time: 0.27229905128479004
 * x: [0.9148186563554388, 0.8368525016606657]
   174     7.116335e-03              NaN
 * time: 0.27280092239379883
 * x: [0.915736014078247, 0.838173497376183]
   175     6.914757e-03              NaN
 * time: 0.2733650207519531
 * x: [0.9168477630722868, 0.8405417917777178]
   176     6.829347e-03              NaN
 * time: 0.2739100456237793
 * x: [0.9173645007797676, 0.8416425681456297]
   177     6.794916e-03              NaN
 * time: 0.27449798583984375
 * x: [0.9175822295129967, 0.8421063830379518]
   178     6.781287e-03              NaN
 * time: 0.27500009536743164
 * x: [0.9176700573885798, 0.8422934776673665]
   179     6.775875e-03              NaN
 * time: 0.27548694610595703
 * x: [0.9177052046708777, 0.8423683498843342]
   180     6.773693e-03              NaN
 * time: 0.2759358882904053
 * x: [0.9177194139261444, 0.8423986190367045]
   181     6.772812e-03              NaN
 * time: 0.2763829231262207
 * x: [0.9177251616373198, 0.842410863052459]
   182     6.772460e-03              NaN
 * time: 0.2768399715423584
 * x: [0.9177274607217899, 0.8424157606587609]
   183     6.772318e-03              NaN
 * time: 0.27730607986450195
 * x: [0.9177283873411456, 0.8424177345822313]
   184     6.772260e-03              NaN
 * time: 0.2777400016784668
 * x: [0.9177287636119967, 0.8424185361302022]
   185     6.772237e-03              NaN
 * time: 0.27831387519836426
 * x: [0.9177289145605687, 0.8424188576871902]
   186     6.718099e-03              NaN
 * time: 0.27942609786987305
 * x: [0.9182912186543849, 0.8426124350085722]
   187     6.686080e-03              NaN
 * time: 0.2798609733581543
 * x: [0.9183433313897755, 0.8429270539750773]
   188     6.666363e-03              NaN
 * time: 0.2803199291229248
 * x: [0.9183959270721102, 0.8431838947668794]
   189     6.660858e-03              NaN
 * time: 0.2807478904724121
 * x: [0.9183864114984451, 0.843461967179655]
   190     6.638247e-03              NaN
 * time: 0.2811710834503174
 * x: [0.9185970007377926, 0.8434769636817767]
   191     6.627483e-03              NaN
 * time: 0.2815818786621094
 * x: [0.9187418154127273, 0.8435906347600703]
   192     6.599295e-03              NaN
 * time: 0.2819969654083252
 * x: [0.9188480526918783, 0.843912193024431]
   193     6.585954e-03              NaN
 * time: 0.2825939655303955
 * x: [0.9188469419768075, 0.8442428797992373]
   194     6.584624e-03              NaN
 * time: 0.2839999198913574
 * x: [0.9189300329165877, 0.8440819171741542]
   195     6.577068e-03              NaN
 * time: 0.2853989601135254
 * x: [0.9190262315967708, 0.8441584683022125]
   196     6.550947e-03              NaN
 * time: 0.28681087493896484
 * x: [0.9191053074957057, 0.8444900804949358]
   197     6.542762e-03              NaN
 * time: 0.2881789207458496
 * x: [0.9191357546417017, 0.8446172562517987]
   198     6.531623e-03              NaN
 * time: 0.2895629405975342
 * x: [0.9192039882943516, 0.8447455023688613]
   199     6.510884e-03              NaN
 * time: 0.2910139560699463
 * x: [0.9193436277482144, 0.8449596062690349]
   200     6.492423e-03              NaN
 * time: 0.2924659252166748
 * x: [0.9194696805902351, 0.8451544759506583]
   201     6.480920e-03              NaN
 * time: 0.2934880256652832
 * x: [0.9195073377507921, 0.8453576637009661]
   202     6.470704e-03              NaN
 * time: 0.2939338684082031
 * x: [0.919562459776108, 0.8455239437130008]
   203     6.466135e-03              NaN
 * time: 0.29443788528442383
 * x: [0.919592834103043, 0.8455602682109751]
   204     6.460117e-03              NaN
 * time: 0.29503798484802246
 * x: [0.9196251486025316, 0.8457119330206508]
   205     6.454905e-03              NaN
 * time: 0.29561495780944824
 * x: [0.9196575950354838, 0.8457642486371204]
   206     6.450820e-03              NaN
 * time: 0.29613590240478516
 * x: [0.9196831047526917, 0.845829771449874]
   207     6.448810e-03              NaN
 * time: 0.2966759204864502
 * x: [0.9196968083820738, 0.8457966869360112]
   208     6.447202e-03              NaN
 * time: 0.2971839904785156
 * x: [0.9197072275037572, 0.8458091786092744]
   209     6.446247e-03              NaN
 * time: 0.29769396781921387
 * x: [0.9197131168667586, 0.8458208635057894]
   210     6.445406e-03              NaN
 * time: 0.29822707176208496
 * x: [0.9197173649099727, 0.8458477038784832]
   211     6.444913e-03              NaN
 * time: 0.29876089096069336
 * x: [0.9197198274880612, 0.8458761826694696]
   212     6.443051e-03              NaN
 * time: 0.2992870807647705
 * x: [0.9197334756149345, 0.8458517333523086]
   213     6.441649e-03              NaN
 * time: 0.2997910976409912
 * x: [0.9197428694099882, 0.845860455957883]
   214     6.440477e-03              NaN
 * time: 0.30027198791503906
 * x: [0.919748632181565, 0.8458934398060177]
   215     6.439753e-03              NaN
 * time: 0.3007500171661377
 * x: [0.9197537932448963, 0.8458923339157337]
   216     6.439174e-03              NaN
 * time: 0.30122995376586914
 * x: [0.9197562721161194, 0.845917179516135]
   217     6.438809e-03              NaN
 * time: 0.30170607566833496
 * x: [0.9197590058294214, 0.8459128767544739]
   218     6.438542e-03              NaN
 * time: 0.30218005180358887
 * x: [0.9197595078358326, 0.8459504940373115]
   219     6.438407e-03              NaN
 * time: 0.3026890754699707
 * x: [0.919760321398832, 0.8459559511269219]
   220     6.438354e-03              NaN
 * time: 0.3031620979309082
 * x: [0.9197606468240318, 0.8459581339627661]
   221     6.438333e-03              NaN
 * time: 0.30362987518310547
 * x: [0.9197607769941117, 0.8459590070971037]
   222     6.438170e-03              NaN
 * time: 0.30409693717956543
 * x: [0.919761893940572, 0.845974675748012]
   223     6.438065e-03              NaN
 * time: 0.3045840263366699
 * x: [0.9197627941181967, 0.8459872088859585]
   224     6.437850e-03              NaN
 * time: 0.30507993698120117
 * x: [0.919764183273397, 0.8459914124787736]
   225     6.437687e-03              NaN
 * time: 0.3055589199066162
 * x: [0.9197652777460549, 0.8459958729280408]
   226     6.437623e-03              NaN
 * time: 0.30608487129211426
 * x: [0.9197657156145368, 0.8459976574314134]
   227     6.437487e-03              NaN
 * time: 0.30657291412353516
 * x: [0.9197664487805759, 0.8459956153143765]
   228     6.437406e-03              NaN
 * time: 0.3070540428161621
 * x: [0.9197669280717995, 0.8459958191110989]
   229     6.437355e-03              NaN
 * time: 0.30750298500061035
 * x: [0.9197671592726298, 0.8459931186751405]
   230     6.437310e-03              NaN
 * time: 0.3079659938812256
 * x: [0.9197674267197408, 0.8459931615136637]
   231     6.437224e-03              NaN
 * time: 0.30841588973999023
 * x: [0.9197679149374075, 0.8459921947645271]
   232     6.437154e-03              NaN
 * time: 0.3088719844818115
 * x: [0.9197683494758476, 0.8459928197833115]
   233     6.437104e-03              NaN
 * time: 0.3093729019165039
 * x: [0.9197686529276584, 0.8459930253057417]
   234     6.437031e-03              NaN
 * time: 0.3098418712615967
 * x: [0.9197690861998453, 0.8459930445368865]
   235     6.436985e-03              NaN
 * time: 0.31036996841430664
 * x: [0.9197693683979443, 0.8459931413601433]
   236     6.436964e-03              NaN
 * time: 0.3108389377593994
 * x: [0.9197694975692042, 0.8459934814724187]
   237     6.436938e-03              NaN
 * time: 0.31133008003234863
 * x: [0.9197696589500969, 0.8459937426348202]
   238     6.436922e-03              NaN
 * time: 0.311816930770874
 * x: [0.9197697601836364, 0.8459939970578595]
   239     6.436912e-03              NaN
 * time: 0.31229400634765625
 * x: [0.9197698270871547, 0.8459942220424769]
   240     6.436902e-03              NaN
 * time: 0.3127710819244385
 * x: [0.9197698881034816, 0.845994197673352]
   241     6.436896e-03              NaN
 * time: 0.3132638931274414
 * x: [0.919769925996021, 0.8459943141892701]
   242     6.436892e-03              NaN
 * time: 0.3137660026550293
 * x: [0.9197699452210347, 0.8459942668619439]
   243     6.436891e-03              NaN
 * time: 0.31426191329956055
 * x: [0.9197699554478102, 0.8459942273077952]
   244     6.436888e-03              NaN
 * time: 0.3147768974304199
 * x: [0.9197699730592617, 0.8459943484189832]
   245     6.436884e-03              NaN
 * time: 0.31526994705200195
 * x: [0.9197699987225175, 0.845994367118267]
   246     6.436880e-03              NaN
 * time: 0.3157670497894287
 * x: [0.9197700215835192, 0.8459944324897826]
   247     6.436875e-03              NaN
 * time: 0.31627798080444336
 * x: [0.9197700548316772, 0.8459944581349336]
   248     6.436871e-03              NaN
 * time: 0.31678009033203125
 * x: [0.9197700801864397, 0.8459944700084346]
   249     6.436866e-03              NaN
 * time: 0.31729793548583984
 * x: [0.919770110166839, 0.8459944984122826]
   250     6.436862e-03              NaN
 * time: 0.3177759647369385
 * x: [0.9197701338517571, 0.845994516904591]
   251     6.436857e-03              NaN
 * time: 0.3182649612426758
 * x: [0.9197701630618568, 0.8459945235673136]
   252     6.436854e-03              NaN
 * time: 0.31877803802490234
 * x: [0.9197701836218781, 0.8459945461528631]
   253     6.436849e-03              NaN
 * time: 0.3192598819732666
 * x: [0.9197702105545723, 0.8459945625451035]
   254     6.436844e-03              NaN
 * time: 0.31975388526916504
 * x: [0.9197702438402633, 0.8459945585470011]
   255     6.436839e-03              NaN
 * time: 0.32022809982299805
 * x: [0.9197702736178947, 0.8459945676185698]
   256     6.436832e-03              NaN
 * time: 0.32071995735168457
 * x: [0.9197703153170343, 0.8459945671706564]
   257     6.436827e-03              NaN
 * time: 0.3212430477142334
 * x: [0.9197703455987419, 0.8459945657112634]
   258     6.436820e-03              NaN
 * time: 0.3217298984527588
 * x: [0.9197703878955683, 0.8459945639469375]
   259     6.436814e-03              NaN
 * time: 0.32221007347106934
 * x: [0.9197704201855093, 0.8459945614512873]
   260     6.436811e-03              NaN
 * time: 0.3227829933166504
 * x: [0.9197704395555951, 0.8459945592002822]
   261     6.436808e-03              NaN
 * time: 0.32328295707702637
 * x: [0.9197704544386133, 0.84599455779391]
   262     6.436806e-03              NaN
 * time: 0.3237919807434082
 * x: [0.9197704697130539, 0.8459945569221837]
   263     6.436805e-03              NaN
 * time: 0.32427000999450684
 * x: [0.9197704765788556, 0.8459945561062799]
   264     6.436803e-03              NaN
 * time: 0.3247559070587158
 * x: [0.919770488601737, 0.8459945563418694]
   265     6.436801e-03              NaN
 * time: 0.3252420425415039
 * x: [0.9197704977146903, 0.8459945561787778]
   266     6.436801e-03              NaN
 * time: 0.32575297355651855
 * x: [0.9197705013598716, 0.8459945561135412]
   267     6.436799e-03              NaN
 * time: 0.32625389099121094
 * x: [0.9197705104432502, 0.8459945561750063]
   268     6.436798e-03              NaN
 * time: 0.3267819881439209
 * x: [0.9197705175478494, 0.8459945561900496]
   269     6.436797e-03              NaN
 * time: 0.32728099822998047
 * x: [0.9197705243101523, 0.8459945561685808]
   270     6.436796e-03              NaN
 * time: 0.32780909538269043
 * x: [0.9197705299613909, 0.8459945560389921]
   271     6.436795e-03              NaN
 * time: 0.32829999923706055
 * x: [0.9197705369673574, 0.8459945560487951]
   272     6.436794e-03              NaN
 * time: 0.3287999629974365
 * x: [0.9197705413575936, 0.845994555988842]
   273     6.436793e-03              NaN
 * time: 0.32929301261901855
 * x: [0.9197705464852701, 0.845994555924401]
   274     6.436792e-03              NaN
 * time: 0.32978010177612305
 * x: [0.9197705515730789, 0.8459945559066893]
   275     6.436792e-03              NaN
 * time: 0.33027005195617676
 * x: [0.9197705546598368, 0.8459945558994237]
   276     6.436791e-03              NaN
 * time: 0.3307991027832031
 * x: [0.9197705588210585, 0.8459945557476649]
   277     6.436790e-03              NaN
 * time: 0.33127498626708984
 * x: [0.9197705620713941, 0.8459945557786673]
   278     6.436790e-03              NaN
 * time: 0.3317530155181885
 * x: [0.9197705659661485, 0.8459945557905663]
   279     6.436789e-03              NaN
 * time: 0.33224010467529297
 * x: [0.9197705690716315, 0.8459945557647683]
   280     6.436789e-03              NaN
 * time: 0.3327169418334961
 * x: [0.9197705712460438, 0.8459945557607875]
   281     6.436789e-03              NaN
 * time: 0.33318591117858887
 * x: [0.9197705728088693, 0.8459945557399174]
   282     6.356460e-03              NaN
 * time: 0.3336620330810547
 * x: [0.920316991581274, 0.8467173218889602]
   283     6.312829e-03              NaN
 * time: 0.33414292335510254
 * x: [0.9205644260377707, 0.8472709854791702]
   284     6.219237e-03              NaN
 * time: 0.33463501930236816
 * x: [0.9212015540384915, 0.8482954179266533]
   285     6.139578e-03              NaN
 * time: 0.33514904975891113
 * x: [0.92177481484247, 0.8492171588763548]
   286     6.108935e-03              NaN
 * time: 0.3356208801269531
 * x: [0.9220041191640614, 0.8495858552562354]
   287     6.083251e-03              NaN
 * time: 0.3361060619354248
 * x: [0.9222004826324461, 0.8499015863311309]
   288     6.060584e-03              NaN
 * time: 0.33658409118652344
 * x: [0.9223771621687887, 0.8501856677867109]
   289     6.048591e-03              NaN
 * time: 0.3370640277862549
 * x: [0.9224719950075918, 0.8503381486650382]
   290     6.042857e-03              NaN
 * time: 0.3375508785247803
 * x: [0.9225176744783165, 0.850411596279868]
   291     6.037722e-03              NaN
 * time: 0.3380279541015625
 * x: [0.9225587749323592, 0.850477681334488]
   292     6.033285e-03              NaN
 * time: 0.3385200500488281
 * x: [0.9223356597970419, 0.8508269667775952]
   293     6.020586e-03              NaN
 * time: 0.339000940322876
 * x: [0.9224482626018979, 0.8506595202248749]
   294     6.020586e-03              NaN
 * time: 0.3394808769226074
 * x: [0.9224482626018979, 0.8506595202248749]
   295     6.020586e-03              NaN
 * time: 0.33996105194091797
 * x: [0.9224482626018979, 0.8506595202248749]
   296     6.005581e-03              NaN
 * time: 0.340440034866333
 * x: [0.9225078191076613, 0.8510943334320735]
   297     5.997451e-03              NaN
 * time: 0.34093689918518066
 * x: [0.9225739686056097, 0.8513058489316545]
   298     5.997451e-03              NaN
 * time: 0.34142398834228516
 * x: [0.9225739686056097, 0.8513058489316545]
   299     5.997451e-03              NaN
 * time: 0.34192800521850586
 * x: [0.9225739686056097, 0.8513058489316545]
   300     5.997451e-03              NaN
 * time: 0.34244394302368164
 * x: [0.9225739686056097, 0.8513058489316545]
Iter     Function value   Gradient norm 
     0     1.000000e+00              NaN
 * time: 8.797645568847656e-5
 * x: [0.0, 0.0]
     1     8.157667e-02              NaN
 * time: 0.13577699661254883
 * x: [0.9882291094080964, 0.9480594086162897]
     2     8.157667e-02              NaN
 * time: 0.13706088066101074
 * x: [0.9882291094080964, 0.9480594086162897]
     3     8.157667e-02              NaN
 * time: 0.13805890083312988
 * x: [0.9882291094080964, 0.9480594086162897]
     4     8.157667e-02              NaN
 * time: 0.13988494873046875
 * x: [0.9882291094080964, 0.9480594086162897]
     5     8.157667e-02              NaN
 * time: 0.14270401000976562
 * x: [0.9882291094080964, 0.9480594086162897]
     6     2.991531e-02              NaN
 * time: 0.1447770595550537
 * x: [0.9882291094080964, 0.9593408309030518]
     7     2.991531e-02              NaN
 * time: 0.14620089530944824
 * x: [0.9882291094080964, 0.9593408309030518]
     8     2.124948e-02              NaN
 * time: 0.14765095710754395
 * x: [0.9721278583303821, 0.9593408309030518]
     9     2.124948e-02              NaN
 * time: 0.14814209938049316
 * x: [0.9721278583303821, 0.9593408309030518]
    10     2.124948e-02              NaN
 * time: 0.14865589141845703
 * x: [0.9721278583303821, 0.9593408309030518]
    11     2.124948e-02              NaN
 * time: 0.1492149829864502
 * x: [0.9721278583303821, 0.9593408309030518]
    12     2.124948e-02              NaN
 * time: 0.14968204498291016
 * x: [0.9721278583303821, 0.9593408309030518]
    13     1.216208e-02              NaN
 * time: 0.15015888214111328
 * x: [0.9291455429794321, 0.8548605687483398]
    14     1.216208e-02              NaN
 * time: 0.15066909790039062
 * x: [0.9291455429794321, 0.8548605687483398]
    15     1.216208e-02              NaN
 * time: 0.15151500701904297
 * x: [0.9291455429794321, 0.8548605687483398]
    16     1.216208e-02              NaN
 * time: 0.15293192863464355
 * x: [0.9291455429794321, 0.8548605687483398]
    17     1.216208e-02              NaN
 * time: 0.15409302711486816
 * x: [0.9291455429794321, 0.8548605687483398]
    18     1.216208e-02              NaN
 * time: 0.15459990501403809
 * x: [0.9291455429794321, 0.8548605687483398]
    19     1.216208e-02              NaN
 * time: 0.15514802932739258
 * x: [0.9291455429794321, 0.8548605687483398]
    20     1.216208e-02              NaN
 * time: 0.1556398868560791
 * x: [0.9291455429794321, 0.8548605687483398]
    21     1.216208e-02              NaN
 * time: 0.15611600875854492
 * x: [0.9291455429794321, 0.8548605687483398]
    22     1.179046e-02              NaN
 * time: 0.15659594535827637
 * x: [0.9285837251118508, 0.8540883846190556]
    23     1.179046e-02              NaN
 * time: 0.15718793869018555
 * x: [0.9285837251118508, 0.8540883846190556]
    24     1.179046e-02              NaN
 * time: 0.1576700210571289
 * x: [0.9285837251118508, 0.8540883846190556]
    25     1.179046e-02              NaN
 * time: 0.15813994407653809
 * x: [0.9285837251118508, 0.8540883846190556]
    26     1.179046e-02              NaN
 * time: 0.15859603881835938
 * x: [0.9285837251118508, 0.8540883846190556]
    27     1.179046e-02              NaN
 * time: 0.15906906127929688
 * x: [0.9285837251118508, 0.8540883846190556]
    28     1.179046e-02              NaN
 * time: 0.15958309173583984
 * x: [0.9285837251118508, 0.8540883846190556]
    29     1.179046e-02              NaN
 * time: 0.1601250171661377
 * x: [0.9285837251118508, 0.8540883846190556]
    30     7.343678e-03              NaN
 * time: 0.16078400611877441
 * x: [0.9221599308494473, 0.8467948038012235]
    31     7.134560e-03              NaN
 * time: 0.161362886428833
 * x: [0.9236396933198301, 0.8567209113895118]
    32     7.134560e-03              NaN
 * time: 0.16191387176513672
 * x: [0.9236396933198301, 0.8567209113895118]
    33     7.134560e-03              NaN
 * time: 0.16246509552001953
 * x: [0.9236396933198301, 0.8567209113895118]
    34     6.088901e-03              NaN
 * time: 0.1629500389099121
 * x: [0.9234549208040497, 0.8542847460710897]
    35     5.841501e-03              NaN
 * time: 0.16369986534118652
 * x: [0.9235891484388784, 0.8528471404586311]
    36     5.841501e-03              NaN
 * time: 0.16439199447631836
 * x: [0.9235891484388784, 0.8528471404586311]
    37     5.837704e-03              NaN
 * time: 0.16502594947814941
 * x: [0.9235981810946797, 0.8531018602513657]
    38     5.837704e-03              NaN
 * time: 0.16548895835876465
 * x: [0.9235981810946797, 0.8531018602513657]
    39     5.837704e-03              NaN
 * time: 0.16598010063171387
 * x: [0.9235981810946797, 0.8531018602513657]
    40     5.836549e-03              NaN
 * time: 0.16641998291015625
 * x: [0.9236053196607763, 0.8531101841274568]
    41     5.836549e-03              NaN
 * time: 0.1668550968170166
 * x: [0.9236053196607763, 0.8531101841274568]
    42     5.836357e-03              NaN
 * time: 0.16729307174682617
 * x: [0.9236044667917274, 0.8530169867736291]
    43     5.836357e-03              NaN
 * time: 0.16774988174438477
 * x: [0.9236044667917274, 0.8530169867736291]
    44     5.836279e-03              NaN
 * time: 0.16823506355285645
 * x: [0.9236044649288395, 0.8530486800007209]
    45     5.836279e-03              NaN
 * time: 0.16870903968811035
 * x: [0.9236044649288395, 0.8530486800007209]
    46     5.836279e-03              NaN
 * time: 0.1693110466003418
 * x: [0.9236044649288395, 0.8530486800007209]
    47     5.620167e-03              NaN
 * time: 0.16979193687438965
 * x: [0.9250329822380331, 0.8556524358250045]
    48     5.488363e-03              NaN
 * time: 0.17025399208068848
 * x: [0.926446410066286, 0.8591874410830139]
    49     5.483680e-03              NaN
 * time: 0.17073798179626465
 * x: [0.9270117811975872, 0.8606014431862177]
    50     5.483680e-03              NaN
 * time: 0.17130589485168457
 * x: [0.9270117811975872, 0.8606014431862177]
    51     5.483680e-03              NaN
 * time: 0.17179608345031738
 * x: [0.9270117811975872, 0.8606014431862177]
    52     5.483680e-03              NaN
 * time: 0.17226195335388184
 * x: [0.9270117811975872, 0.8606014431862177]
    53     5.373557e-03              NaN
 * time: 0.17277097702026367
 * x: [0.9270269651123745, 0.8600753672956298]
    54     5.341688e-03              NaN
 * time: 0.17333388328552246
 * x: [0.9270282955252191, 0.859791567039713]
    55     5.333520e-03              NaN
 * time: 0.1738879680633545
 * x: [0.9270288284814524, 0.8596778781828969]
    56     5.330974e-03              NaN
 * time: 0.17433500289916992
 * x: [0.9270290429974641, 0.8596321181774322]
    57     5.330075e-03              NaN
 * time: 0.17480897903442383
 * x: [0.9270291288038689, 0.8596138141752464]
    58     5.329735e-03              NaN
 * time: 0.17530488967895508
 * x: [0.9270291631264308, 0.859606492574372]
    59     5.329601e-03              NaN
 * time: 0.17593598365783691
 * x: [0.9270291769164792, 0.8596035509166168]
    60     5.329548e-03              NaN
 * time: 0.1764988899230957
 * x: [0.9270291824324985, 0.8596023742535147]
    61     5.329526e-03              NaN
 * time: 0.1769850254058838
 * x: [0.9270291847140949, 0.8596018875492349]
    62     5.329517e-03              NaN
 * time: 0.17745494842529297
 * x: [0.9270291856363891, 0.8596016908077976]
    63     5.329514e-03              NaN
 * time: 0.17795491218566895
 * x: [0.92702918602426, 0.8596016080681947]
    64     5.329512e-03              NaN
 * time: 0.17839288711547852
 * x: [0.9270291862236986, 0.8596015655244766]
    65     5.329511e-03              NaN
 * time: 0.17882299423217773
 * x: [0.9270291863083726, 0.8596015474620359]
    66     5.329511e-03              NaN
 * time: 0.17925786972045898
 * x: [0.9270291863426277, 0.8596015401548364]
    67     5.329511e-03              NaN
 * time: 0.17973804473876953
 * x: [0.9270291863596645, 0.8596015365205973]
    68     5.329510e-03              NaN
 * time: 0.18024992942810059
 * x: [0.9270291863670838, 0.8596015349379436]
    69     5.329510e-03              NaN
 * time: 0.18072986602783203
 * x: [0.9270291863700717, 0.8596015343005577]
    70     5.329510e-03              NaN
 * time: 0.18132305145263672
 * x: [0.9270291863713814, 0.8596015340211756]
    71     5.329510e-03              NaN
 * time: 0.18187904357910156
 * x: [0.92702918637193, 0.8596015339041517]
    72     5.329510e-03              NaN
 * time: 0.18233489990234375
 * x: [0.9270291863721495, 0.8596015338573422]
    73     5.329510e-03              NaN
 * time: 0.18282508850097656
 * x: [0.9270291863722415, 0.8596015338377145]
    74     5.329510e-03              NaN
 * time: 0.18350887298583984
 * x: [0.9270291863722843, 0.8596015338285863]
    75     5.329510e-03              NaN
 * time: 0.18406009674072266
 * x: [0.9270291863723015, 0.8596015338249151]
    76     5.329510e-03              NaN
 * time: 0.18449187278747559
 * x: [0.9270291863723088, 0.8596015338233483]
    77     5.329510e-03              NaN
 * time: 0.18494796752929688
 * x: [0.9270291863723118, 0.859601533822698]
    78     5.329510e-03              NaN
 * time: 0.185438871383667
 * x: [0.9270291863723131, 0.8596015338224094]
    79     5.329510e-03              NaN
 * time: 0.18608999252319336
 * x: [0.9270291863723137, 0.8596015338222913]
    80     5.329510e-03              NaN
 * time: 0.18662190437316895
 * x: [0.9270291863723139, 0.8596015338222369]
    81     5.329510e-03              NaN
 * time: 0.18707609176635742
 * x: [0.927029186372314, 0.8596015338222117]
    82     5.329510e-03              NaN
 * time: 0.18777894973754883
 * x: [0.927029186372314, 0.8596015338222004]
    83     5.039281e-03              NaN
 * time: 0.1882009506225586
 * x: [0.9340551803761455, 0.8750869334338958]
    84     5.039281e-03              NaN
 * time: 0.18862104415893555
 * x: [0.9340551803761455, 0.8750869334338958]
    85     4.115742e-03              NaN
 * time: 0.18908309936523438
 * x: [0.9358757400676286, 0.8760588917783548]
    86     4.115742e-03              NaN
 * time: 0.1895139217376709
 * x: [0.9358757400676286, 0.8760588917783548]
    87     4.115742e-03              NaN
 * time: 0.19002008438110352
 * x: [0.9358757400676286, 0.8760588917783548]
    88     4.115742e-03              NaN
 * time: 0.19055891036987305
 * x: [0.9358757400676286, 0.8760588917783548]
    89     4.115742e-03              NaN
 * time: 0.19109296798706055
 * x: [0.9358757400676286, 0.8760588917783548]
    90     1.878913e-03              NaN
 * time: 0.19170808792114258
 * x: [1.0338130502177698, 1.0714816005273726]
    91     1.878913e-03              NaN
 * time: 0.19222807884216309
 * x: [1.0338130502177698, 1.0714816005273726]
    92     1.878913e-03              NaN
 * time: 0.19271087646484375
 * x: [1.0338130502177698, 1.0714816005273726]
    93     1.878913e-03              NaN
 * time: 0.193403959274292
 * x: [1.0338130502177698, 1.0714816005273726]
    94     1.878913e-03              NaN
 * time: 0.19397401809692383
 * x: [1.0338130502177698, 1.0714816005273726]
    95     1.878913e-03              NaN
 * time: 0.19446706771850586
 * x: [1.0338130502177698, 1.0714816005273726]
    96     1.878913e-03              NaN
 * time: 0.1949310302734375
 * x: [1.0338130502177698, 1.0714816005273726]
    97     1.878913e-03              NaN
 * time: 0.19543910026550293
 * x: [1.0338130502177698, 1.0714816005273726]
    98     1.878913e-03              NaN
 * time: 0.1959679126739502
 * x: [1.0338130502177698, 1.0714816005273726]
    99     1.878913e-03              NaN
 * time: 0.19654297828674316
 * x: [1.0338130502177698, 1.0714816005273726]
   100     1.878913e-03              NaN
 * time: 0.19708490371704102
 * x: [1.0338130502177698, 1.0714816005273726]
   101     1.878913e-03              NaN
 * time: 0.1975240707397461
 * x: [1.0338130502177698, 1.0714816005273726]
   102     1.878913e-03              NaN
 * time: 0.1980149745941162
 * x: [1.0338130502177698, 1.0714816005273726]
   103     1.878913e-03              NaN
 * time: 0.1984539031982422
 * x: [1.0338130502177698, 1.0714816005273726]
   104     1.878913e-03              NaN
 * time: 0.1989428997039795
 * x: [1.0338130502177698, 1.0714816005273726]
   105     1.878913e-03              NaN
 * time: 0.199415922164917
 * x: [1.0338130502177698, 1.0714816005273726]
   106     1.878913e-03              NaN
 * time: 0.19992494583129883
 * x: [1.0338130502177698, 1.0714816005273726]
   107     1.878913e-03              NaN
 * time: 0.20038700103759766
 * x: [1.0338130502177698, 1.0714816005273726]
   108     1.878913e-03              NaN
 * time: 0.20089292526245117
 * x: [1.0338130502177698, 1.0714816005273726]
   109     1.878913e-03              NaN
 * time: 0.20151090621948242
 * x: [1.0338130502177698, 1.0714816005273726]
   110     1.878913e-03              NaN
 * time: 0.20205307006835938
 * x: [1.0338130502177698, 1.0714816005273726]
   111     1.106868e-03              NaN
 * time: 0.20251893997192383
 * x: [1.0291399220608894, 1.0607343844460482]
   112     1.106868e-03              NaN
 * time: 0.20302295684814453
 * x: [1.0291399220608894, 1.0607343844460482]
   113     8.424789e-04              NaN
 * time: 0.20359086990356445
 * x: [1.0287298013155668, 1.0586982518202344]
   114     8.424789e-04              NaN
 * time: 0.20412206649780273
 * x: [1.0287298013155668, 1.0586982518202344]
   115     8.424789e-04              NaN
 * time: 0.20458388328552246
 * x: [1.0287298013155668, 1.0586982518202344]
   116     8.424789e-04              NaN
 * time: 0.2050628662109375
 * x: [1.0287298013155668, 1.0586982518202344]
   117     8.424789e-04              NaN
 * time: 0.20554709434509277
 * x: [1.0287298013155668, 1.0586982518202344]
   118     8.424789e-04              NaN
 * time: 0.20605707168579102
 * x: [1.0287298013155668, 1.0586982518202344]
   119     8.424789e-04              NaN
 * time: 0.20659804344177246
 * x: [1.0287298013155668, 1.0586982518202344]
   120     8.424789e-04              NaN
 * time: 0.20713210105895996
 * x: [1.0287298013155668, 1.0586982518202344]
   121     8.424789e-04              NaN
 * time: 0.20760393142700195
 * x: [1.0287298013155668, 1.0586982518202344]
   122     8.364275e-04              NaN
 * time: 0.2080540657043457
 * x: [1.0288459376107892, 1.0583156514311567]
   123     8.364275e-04              NaN
 * time: 0.20845890045166016
 * x: [1.0288459376107892, 1.0583156514311567]
   124     8.178943e-04              NaN
 * time: 0.20885586738586426
 * x: [1.0285017930478544, 1.0580513537810756]
   125     8.178943e-04              NaN
 * time: 0.2093369960784912
 * x: [1.0285017930478544, 1.0580513537810756]
   126     8.178943e-04              NaN
 * time: 0.20977997779846191
 * x: [1.0285017930478544, 1.0580513537810756]
   127     8.178943e-04              NaN
 * time: 0.21022796630859375
 * x: [1.0285017930478544, 1.0580513537810756]
   128     8.178943e-04              NaN
 * time: 0.2106950283050537
 * x: [1.0285017930478544, 1.0580513537810756]
   129     8.089586e-04              NaN
 * time: 0.21115803718566895
 * x: [1.0284294487864913, 1.057752282640179]
   130     8.089586e-04              NaN
 * time: 0.21165895462036133
 * x: [1.0284294487864913, 1.057752282640179]
   131     8.089586e-04              NaN
 * time: 0.21221494674682617
 * x: [1.0284294487864913, 1.057752282640179]
   132     8.089586e-04              NaN
 * time: 0.21281194686889648
 * x: [1.0284294487864913, 1.057752282640179]
   133     6.968875e-05              NaN
 * time: 0.21334505081176758
 * x: [1.0064320611520903, 1.0134376341386222]
   134     6.968875e-05              NaN
 * time: 0.21378803253173828
 * x: [1.0064320611520903, 1.0134376341386222]
   135     6.968875e-05              NaN
 * time: 0.2142488956451416
 * x: [1.0064320611520903, 1.0134376341386222]
   136     6.968875e-05              NaN
 * time: 0.21478891372680664
 * x: [1.0064320611520903, 1.0134376341386222]
   137     6.968875e-05              NaN
 * time: 0.215317964553833
 * x: [1.0064320611520903, 1.0134376341386222]
   138     6.968875e-05              NaN
 * time: 0.21579504013061523
 * x: [1.0064320611520903, 1.0134376341386222]
   139     6.968875e-05              NaN
 * time: 0.21625709533691406
 * x: [1.0064320611520903, 1.0134376341386222]
   140     6.968875e-05              NaN
 * time: 0.21675992012023926
 * x: [1.0064320611520903, 1.0134376341386222]
   141     6.968875e-05              NaN
 * time: 0.21733999252319336
 * x: [1.0064320611520903, 1.0134376341386222]
   142     6.968875e-05              NaN
 * time: 0.21785998344421387
 * x: [1.0064320611520903, 1.0134376341386222]
   143     6.968875e-05              NaN
 * time: 0.21829009056091309
 * x: [1.0064320611520903, 1.0134376341386222]
   144     6.968875e-05              NaN
 * time: 0.21879005432128906
 * x: [1.0064320611520903, 1.0134376341386222]
   145     6.968875e-05              NaN
 * time: 0.2194509506225586
 * x: [1.0064320611520903, 1.0134376341386222]
   146     6.968875e-05              NaN
 * time: 0.22007298469543457
 * x: [1.0064320611520903, 1.0134376341386222]
   147     6.968875e-05              NaN
 * time: 0.22059106826782227
 * x: [1.0064320611520903, 1.0134376341386222]
   148     6.968875e-05              NaN
 * time: 0.22107601165771484
 * x: [1.0064320611520903, 1.0134376341386222]
   149     6.968875e-05              NaN
 * time: 0.22160005569458008
 * x: [1.0064320611520903, 1.0134376341386222]
   150     6.968875e-05              NaN
 * time: 0.222214937210083
 * x: [1.0064320611520903, 1.0134376341386222]
   151     6.968875e-05              NaN
 * time: 0.22281789779663086
 * x: [1.0064320611520903, 1.0134376341386222]
   152     6.968875e-05              NaN
 * time: 0.22332406044006348
 * x: [1.0064320611520903, 1.0134376341386222]
   153     6.968875e-05              NaN
 * time: 0.22381806373596191
 * x: [1.0064320611520903, 1.0134376341386222]
   154     6.968875e-05              NaN
 * time: 0.22432494163513184
 * x: [1.0064320611520903, 1.0134376341386222]
   155     6.968875e-05              NaN
 * time: 0.22478294372558594
 * x: [1.0064320611520903, 1.0134376341386222]
   156     6.968875e-05              NaN
 * time: 0.2253248691558838
 * x: [1.0064320611520903, 1.0134376341386222]
   157     6.968875e-05              NaN
 * time: 0.22578001022338867
 * x: [1.0064320611520903, 1.0134376341386222]
   158     6.968875e-05              NaN
 * time: 0.22626399993896484
 * x: [1.0064320611520903, 1.0134376341386222]
   159     6.968875e-05              NaN
 * time: 0.22672390937805176
 * x: [1.0064320611520903, 1.0134376341386222]
   160     6.968875e-05              NaN
 * time: 0.22722601890563965
 * x: [1.0064320611520903, 1.0134376341386222]
   161     6.968875e-05              NaN
 * time: 0.2277679443359375
 * x: [1.0064320611520903, 1.0134376341386222]
   162     6.968875e-05              NaN
 * time: 0.22830891609191895
 * x: [1.0064320611520903, 1.0134376341386222]
   163     4.684582e-05              NaN
 * time: 0.2287919521331787
 * x: [1.0068383032344317, 1.0137522535721109]
   164     4.684582e-05              NaN
 * time: 0.22931909561157227
 * x: [1.0068383032344317, 1.0137522535721109]
   165     4.684582e-05              NaN
 * time: 0.2298719882965088
 * x: [1.0068383032344317, 1.0137522535721109]
   166     4.684582e-05              NaN
 * time: 0.23046588897705078
 * x: [1.0068383032344317, 1.0137522535721109]
   167     4.684582e-05              NaN
 * time: 0.23095202445983887
 * x: [1.0068383032344317, 1.0137522535721109]
   168     4.684582e-05              NaN
 * time: 0.23146796226501465
 * x: [1.0068383032344317, 1.0137522535721109]
   169     4.684582e-05              NaN
 * time: 0.2320408821105957
 * x: [1.0068383032344317, 1.0137522535721109]
   170     4.684582e-05              NaN
 * time: 0.23260807991027832
 * x: [1.0068383032344317, 1.0137522535721109]
   171     4.684582e-05              NaN
 * time: 0.2331080436706543
 * x: [1.0068383032344317, 1.0137522535721109]
   172     4.684582e-05              NaN
 * time: 0.23356199264526367
 * x: [1.0068383032344317, 1.0137522535721109]
   173     4.684582e-05              NaN
 * time: 0.234083890914917
 * x: [1.0068383032344317, 1.0137522535721109]
   174     4.684582e-05              NaN
 * time: 0.23464393615722656
 * x: [1.0068383032344317, 1.0137522535721109]
   175     4.684582e-05              NaN
 * time: 0.2352149486541748
 * x: [1.0068383032344317, 1.0137522535721109]
   176     4.684582e-05              NaN
 * time: 0.2356889247894287
 * x: [1.0068383032344317, 1.0137522535721109]
   177     4.684582e-05              NaN
 * time: 0.2361619472503662
 * x: [1.0068383032344317, 1.0137522535721109]
   178     4.684582e-05              NaN
 * time: 0.2366468906402588
 * x: [1.0068383032344317, 1.0137522535721109]
   179     4.684582e-05              NaN
 * time: 0.23709607124328613
 * x: [1.0068383032344317, 1.0137522535721109]
   180     4.684582e-05              NaN
 * time: 0.23752307891845703
 * x: [1.0068383032344317, 1.0137522535721109]
   181     4.671934e-05              NaN
 * time: 0.23798203468322754
 * x: [1.0068310334728172, 1.0137324624825201]
   182     4.505384e-05              NaN
 * time: 0.23844695091247559
 * x: [1.0065264972374561, 1.0129387881629193]
   183     4.505384e-05              NaN
 * time: 0.23894190788269043
 * x: [1.0065264972374561, 1.0129387881629193]
   184     4.503314e-05              NaN
 * time: 0.23946094512939453
 * x: [1.006571018446389, 1.0133214083949902]
   185     4.503314e-05              NaN
 * time: 0.24004793167114258
 * x: [1.006571018446389, 1.0133214083949902]
   186     4.409758e-05              NaN
 * time: 0.24062490463256836
 * x: [1.0065702307282605, 1.0130872112892677]
   187     4.409758e-05              NaN
 * time: 0.24114489555358887
 * x: [1.0065702307282605, 1.0130872112892677]
   188     4.409758e-05              NaN
 * time: 0.24161195755004883
 * x: [1.0065702307282605, 1.0130872112892677]
   189     4.391985e-05              NaN
 * time: 0.2420659065246582
 * x: [1.0065735267639864, 1.0132744428073683]
   190     4.260423e-05              NaN
 * time: 0.2425239086151123
 * x: [1.006519841235368, 1.0131131584436048]
   191     3.284186e-06              NaN
 * time: 0.24297308921813965
 * x: [1.001680463384929, 1.0032959105791803]
   192     3.284186e-06              NaN
 * time: 0.2434229850769043
 * x: [1.001680463384929, 1.0032959105791803]
   193     3.284186e-06              NaN
 * time: 0.24387097358703613
 * x: [1.001680463384929, 1.0032959105791803]
   194     3.284186e-06              NaN
 * time: 0.2443220615386963
 * x: [1.001680463384929, 1.0032959105791803]
   195     3.284186e-06              NaN
 * time: 0.24477696418762207
 * x: [1.001680463384929, 1.0032959105791803]
   196     3.284186e-06              NaN
 * time: 0.2452700138092041
 * x: [1.001680463384929, 1.0032959105791803]
   197     3.284186e-06              NaN
 * time: 0.24577689170837402
 * x: [1.001680463384929, 1.0032959105791803]
   198     3.284186e-06              NaN
 * time: 0.24635887145996094
 * x: [1.001680463384929, 1.0032959105791803]
   199     3.284186e-06              NaN
 * time: 0.2469499111175537
 * x: [1.001680463384929, 1.0032959105791803]
   200     3.284186e-06              NaN
 * time: 0.24745607376098633
 * x: [1.001680463384929, 1.0032959105791803]
   201     3.284186e-06              NaN
 * time: 0.24793291091918945
 * x: [1.001680463384929, 1.0032959105791803]
   202     3.284186e-06              NaN
 * time: 0.2484300136566162
 * x: [1.001680463384929, 1.0032959105791803]
   203     3.284186e-06              NaN
 * time: 0.2490708827972412
 * x: [1.001680463384929, 1.0032959105791803]
   204     3.284186e-06              NaN
 * time: 0.24965310096740723
 * x: [1.001680463384929, 1.0032959105791803]
   205     3.284186e-06              NaN
 * time: 0.2501518726348877
 * x: [1.001680463384929, 1.0032959105791803]
   206     3.284186e-06              NaN
 * time: 0.2506370544433594
 * x: [1.001680463384929, 1.0032959105791803]
   207     3.284186e-06              NaN
 * time: 0.2511420249938965
 * x: [1.001680463384929, 1.0032959105791803]
   208     3.169841e-06              NaN
 * time: 0.25159287452697754
 * x: [1.0016085502936314, 1.0031433724446437]
   209     3.169841e-06              NaN
 * time: 0.2520439624786377
 * x: [1.0016085502936314, 1.0031433724446437]
   210     3.169841e-06              NaN
 * time: 0.25252604484558105
 * x: [1.0016085502936314, 1.0031433724446437]
   211     3.169841e-06              NaN
 * time: 0.2531130313873291
 * x: [1.0016085502936314, 1.0031433724446437]
   212     3.169841e-06              NaN
 * time: 0.25359606742858887
 * x: [1.0016085502936314, 1.0031433724446437]
   213     3.169841e-06              NaN
 * time: 0.25411105155944824
 * x: [1.0016085502936314, 1.0031433724446437]
   214     3.169841e-06              NaN
 * time: 0.2547180652618408
 * x: [1.0016085502936314, 1.0031433724446437]
   215     3.169841e-06              NaN
 * time: 0.25527095794677734
 * x: [1.0016085502936314, 1.0031433724446437]
   216     3.169841e-06              NaN
 * time: 0.25577497482299805
 * x: [1.0016085502936314, 1.0031433724446437]
   217     2.558424e-06              NaN
 * time: 0.2562880516052246
 * x: [1.0015944575311453, 1.003178757386513]
   218     2.558424e-06              NaN
 * time: 0.25690293312072754
 * x: [1.0015944575311453, 1.003178757386513]
   219     2.558424e-06              NaN
 * time: 0.2574489116668701
 * x: [1.0015944575311453, 1.003178757386513]
   220     2.558424e-06              NaN
 * time: 0.25791406631469727
 * x: [1.0015944575311453, 1.003178757386513]
   221     2.558424e-06              NaN
 * time: 0.2584090232849121
 * x: [1.0015944575311453, 1.003178757386513]
   222     2.550943e-06              NaN
 * time: 0.25893187522888184
 * x: [1.001593462653081, 1.0031785924810308]
   223     2.550943e-06              NaN
 * time: 0.25952696800231934
 * x: [1.001593462653081, 1.0031785924810308]
   224     2.545790e-06              NaN
 * time: 0.2600409984588623
 * x: [1.0015952634670044, 1.0031961120828499]
   225     2.545790e-06              NaN
 * time: 0.26052093505859375
 * x: [1.0015952634670044, 1.0031961120828499]
   226     2.545790e-06              NaN
 * time: 0.2610359191894531
 * x: [1.0015952634670044, 1.0031961120828499]
   227     2.545790e-06              NaN
 * time: 0.26152491569519043
 * x: [1.0015952634670044, 1.0031961120828499]
   228     2.494361e-06              NaN
 * time: 0.2619969844818115
 * x: [1.0015793125288888, 1.0031599684290002]
   229     2.463333e-06              NaN
 * time: 0.262470006942749
 * x: [1.0015688086782284, 1.0031447396948638]
   230     2.452253e-06              NaN
 * time: 0.2629740238189697
 * x: [1.0015643419610754, 1.0031382637414077]
   231     2.447107e-06              NaN
 * time: 0.26347804069519043
 * x: [1.0015620724292895, 1.0031349733198949]
   232     2.445139e-06              NaN
 * time: 0.2640109062194824
 * x: [1.0015611646165752, 1.0031336571512899]
   233     2.444229e-06              NaN
 * time: 0.2646188735961914
 * x: [1.001560736093503, 1.0031330358682815]
   234     2.443857e-06              NaN
 * time: 0.2651960849761963
 * x: [1.0015605593143662, 1.003132779569657]
   235     2.443687e-06              NaN
 * time: 0.26569604873657227
 * x: [1.001560478359071, 1.0031326621987322]
   236     2.430432e-06              NaN
 * time: 0.266218900680542
 * x: [1.001557813091388, 1.0031120110728107]
   237     2.415908e-06              NaN
 * time: 0.26682209968566895
 * x: [1.0015542924180356, 1.0031119102157138]
   238     2.412810e-06              NaN
 * time: 0.26735806465148926
 * x: [1.0015528838478398, 1.0031118698642565]
   239     2.411986e-06              NaN
 * time: 0.2678360939025879
 * x: [1.0015523039253897, 1.0031118532511576]
   240     2.411730e-06              NaN
 * time: 0.2683370113372803
 * x: [1.0015520718938673, 1.0031118466041264]
   241     2.411639e-06              NaN
 * time: 0.2688870429992676
 * x: [1.0015519790812584, 1.003111843945314]
   242     2.411598e-06              NaN
 * time: 0.26953697204589844
 * x: [1.001551935227077, 1.0031118426890187]
   243     2.411583e-06              NaN
 * time: 0.2700979709625244
 * x: [1.0015519176837737, 1.0031118421864538]
   244     2.411576e-06              NaN
 * time: 0.27059507369995117
 * x: [1.0015519100198766, 1.0031118419669054]
   245     2.411573e-06              NaN
 * time: 0.2711219787597656
 * x: [1.001551906953059, 1.00311184187905]
   246     2.411572e-06              NaN
 * time: 0.27158689498901367
 * x: [1.0015519056940854, 1.0031118418429839]
   247     2.411305e-06              NaN
 * time: 0.2720470428466797
 * x: [1.001552299194702, 1.0031110971266795]
   248     1.659600e-06              NaN
 * time: 0.27250003814697266
 * x: [1.0012699259792588, 1.0025631183639494]
   249     1.659600e-06              NaN
 * time: 0.27300095558166504
 * x: [1.0012699259792588, 1.0025631183639494]
   250     1.531520e-06              NaN
 * time: 0.27347588539123535
 * x: [1.0012296459913483, 1.0024747647900014]
   251     1.531520e-06              NaN
 * time: 0.27395200729370117
 * x: [1.0012296459913483, 1.0024747647900014]
   252     1.531520e-06              NaN
 * time: 0.2744560241699219
 * x: [1.0012296459913483, 1.0024747647900014]
   253     1.531520e-06              NaN
 * time: 0.27497291564941406
 * x: [1.0012296459913483, 1.0024747647900014]
   254     1.531520e-06              NaN
 * time: 0.27557992935180664
 * x: [1.0012296459913483, 1.0024747647900014]
   255     1.526292e-06              NaN
 * time: 0.27614903450012207
 * x: [1.0012303920237797, 1.0024734458649118]
   256     1.526292e-06              NaN
 * time: 0.27666187286376953
 * x: [1.0012303920237797, 1.0024734458649118]
   257     1.503802e-06              NaN
 * time: 0.27719807624816895
 * x: [1.001223091601168, 1.0024565383009918]
   258     1.503802e-06              NaN
 * time: 0.2777979373931885
 * x: [1.001223091601168, 1.0024565383009918]
   259     1.500525e-06              NaN
 * time: 0.2783529758453369
 * x: [1.0012206430873254, 1.0024530502324345]
   260     1.500525e-06              NaN
 * time: 0.2788419723510742
 * x: [1.0012206430873254, 1.0024530502324345]
   261     1.490942e-06              NaN
 * time: 0.2793550491333008
 * x: [1.0012194334381423, 1.0024466180743627]
   262     1.488584e-06              NaN
 * time: 0.2799038887023926
 * x: [1.0012200750691613, 1.0024415371072675]
   263     1.488584e-06              NaN
 * time: 0.28052186965942383
 * x: [1.0012200750691613, 1.0024415371072675]
   264     1.488286e-06              NaN
 * time: 0.28107500076293945
 * x: [1.0012199450653698, 1.0024409352811778]
   265     9.826219e-07              NaN
 * time: 0.28156089782714844
 * x: [1.0009820590749468, 1.0019515985733602]
   266     9.826219e-07              NaN
 * time: 0.2820909023284912
 * x: [1.0009820590749468, 1.0019515985733602]
   267     9.826219e-07              NaN
 * time: 0.28255295753479004
 * x: [1.0009820590749468, 1.0019515985733602]
   268     9.826219e-07              NaN
 * time: 0.283005952835083
 * x: [1.0009820590749468, 1.0019515985733602]
   269     9.505315e-07              NaN
 * time: 0.2834630012512207
 * x: [1.000973798968208, 1.001953286545666]
   270     9.505315e-07              NaN
 * time: 0.28392887115478516
 * x: [1.000973798968208, 1.001953286545666]
   271     9.505315e-07              NaN
 * time: 0.2844069004058838
 * x: [1.000973798968208, 1.001953286545666]
   272     9.505315e-07              NaN
 * time: 0.28491997718811035
 * x: [1.000973798968208, 1.001953286545666]
   273     9.505315e-07              NaN
 * time: 0.2854459285736084
 * x: [1.000973798968208, 1.001953286545666]
   274     9.505315e-07              NaN
 * time: 0.2860140800476074
 * x: [1.000973798968208, 1.001953286545666]
   275     9.505315e-07              NaN
 * time: 0.2865619659423828
 * x: [1.000973798968208, 1.001953286545666]
   276     9.505315e-07              NaN
 * time: 0.28706908226013184
 * x: [1.000973798968208, 1.001953286545666]
   277     9.505315e-07              NaN
 * time: 0.2875990867614746
 * x: [1.000973798968208, 1.001953286545666]
   278     9.505315e-07              NaN
 * time: 0.28822898864746094
 * x: [1.000973798968208, 1.001953286545666]
   279     9.504427e-07              NaN
 * time: 0.28881287574768066
 * x: [1.0009736578337554, 1.0019531963801973]
   280     9.504427e-07              NaN
 * time: 0.2893960475921631
 * x: [1.0009736578337554, 1.0019531963801973]
   281     9.504427e-07              NaN
 * time: 0.2899169921875
 * x: [1.0009736578337554, 1.0019531963801973]
   282     9.504427e-07              NaN
 * time: 0.2905740737915039
 * x: [1.0009736578337554, 1.0019531963801973]
   283     9.504427e-07              NaN
 * time: 0.2912158966064453
 * x: [1.0009736578337554, 1.0019531963801973]
   284     9.504363e-07              NaN
 * time: 0.29178309440612793
 * x: [1.0009737591669852, 1.0019531882086263]
   285     9.504363e-07              NaN
 * time: 0.2923290729522705
 * x: [1.0009737591669852, 1.0019531882086263]
   286     9.504325e-07              NaN
 * time: 0.29291200637817383
 * x: [1.0009738644187434, 1.0019531723601949]
   287     9.504325e-07              NaN
 * time: 0.2936129570007324
 * x: [1.0009738644187434, 1.0019531723601949]
   288     9.504233e-07              NaN
 * time: 0.29424095153808594
 * x: [1.0009737219665844, 1.0019531762209692]
   289     9.504233e-07              NaN
 * time: 0.29477906227111816
 * x: [1.0009737219665844, 1.0019531762209692]
   290     9.504132e-07              NaN
 * time: 0.2952849864959717
 * x: [1.0009737835627799, 1.0019531616129105]
   291     9.504131e-07              NaN
 * time: 0.29584288597106934
 * x: [1.0009738492304612, 1.0019531532324888]
   292     9.504131e-07              NaN
 * time: 0.2964210510253906
 * x: [1.0009738492304612, 1.0019531532324888]
   293     9.504118e-07              NaN
 * time: 0.29717588424682617
 * x: [1.0009738236259702, 1.001953155560154]
   294     9.504115e-07              NaN
 * time: 0.2978389263153076
 * x: [1.000973799527995, 1.0019531581988346]
   295     9.504115e-07              NaN
 * time: 0.2984158992767334
 * x: [1.000973799527995, 1.0019531581988346]
   296     9.504115e-07              NaN
 * time: 0.29892492294311523
 * x: [1.000973799527995, 1.0019531581988346]
   297     9.504114e-07              NaN
 * time: 0.29949307441711426
 * x: [1.0009738033605475, 1.0019531576922716]
   298     9.504111e-07              NaN
 * time: 0.29998302459716797
 * x: [1.0009738012268066, 1.001953157501793]
   299     9.504109e-07              NaN
 * time: 0.300462007522583
 * x: [1.0009738003126296, 1.0019531574201848]
   300     9.504108e-07              NaN
 * time: 0.3009529113769531
 * x: [1.0009737999203443, 1.0019531573851657]
  3.368927 seconds (2.49 M allocations: 124.679 MiB, 4.66% gc time)
./multivariate/solvers/zeroth_order/simulated_annealing.jl
Iter     Function value   Gradient norm 
     1     1.000000e+00              NaN
 * time: 5.5789947509765625e-5
 * x: [0.0, 0.0]
     2     1.000000e+00              NaN
 * time: 0.1557610034942627
 * x: [0.0, 0.0]
     3     1.000000e+00              NaN
 * time: 0.1565239429473877
 * x: [0.0, 0.0]
     4     1.000000e+00              NaN
 * time: 0.1569058895111084
 * x: [0.0, 0.0]
     5     1.000000e+00              NaN
 * time: 0.15728092193603516
 * x: [0.0, 0.0]
     6     1.000000e+00              NaN
 * time: 0.15766096115112305
 * x: [0.0, 0.0]
     7     1.000000e+00              NaN
 * time: 0.15802979469299316
 * x: [0.0, 0.0]
     8     1.000000e+00              NaN
 * time: 0.15840983390808105
 * x: [0.0, 0.0]
     9     1.000000e+00              NaN
 * time: 0.15880179405212402
 * x: [0.0, 0.0]
    10     1.000000e+00              NaN
 * time: 0.1591777801513672
 * x: [0.0, 0.0]
    11     1.000000e+00              NaN
 * time: 0.1595618724822998
 * x: [0.0, 0.0]
  0.343172 seconds (795.44 k allocations: 19.415 MiB, 10.59% gc time)
./multivariate/array.jl
 69.674837 seconds (53.65 M allocations: 2.507 GiB, 3.90% gc time)
./multivariate/extrapolate.jl
 16.470696 seconds (15.11 M allocations: 758.717 MiB, 3.95% gc time)
./multivariate/lsthrow.jl
  3.431898 seconds (2.89 M allocations: 150.345 MiB, 2.88% gc time)
./multivariate/precon.jl
  4.258577 seconds (3.21 M allocations: 288.410 MiB, 2.83% gc time)
./multivariate/manifolds.jl
 54.033010 seconds (44.22 M allocations: 2.100 GiB, 3.05% gc time)
./multivariate/complex.jl
 18.794789 seconds (12.63 M allocations: 632.465 MiB, 3.56% gc time)
./multivariate/fdtime.jl
 23.495928 seconds (24.67 M allocations: 7.116 GiB, 9.51% gc time)
./multivariate/arbitrary_precision.jl
 28.421447 seconds (19.55 M allocations: 972.889 MiB, 2.81% gc time)
./multivariate/successive_f_tol.jl
  0.359136 seconds (175.37 k allocations: 9.651 MiB)
./multivariate/f_increase.jl
  0.408992 seconds (61.49 k allocations: 3.171 MiB)
Test Summary: |   Pass  Broken   Total
multivariate  | 211901       1  211902
Literate examples
WARNING: using NLSolversBase.gradient in module Main conflicts with an existing identifier.
WARNING: using NLSolversBase.hessian in module Main conflicts with an existing identifier.
┌ Warning: Initial guess is not an interior point
└ @ Optim ~/.julia/packages/Optim/U5QAY/src/multivariate/solvers/constrained/ipnewton/ipnewton.jl:111

Stacktrace:
 [1] initial_state(::IPNewton{typeof(Optim.backtrack_constrained_grad),Symbol}, ::Optim.Options{Float64,Nothing}, ::TwiceDifferentiable{Float64,Array{Float64,1},Array{Float64,2},Array{Float64,1}}, ::TwiceDifferentiableConstraints{typeof(con_c!),typeof(con_jacobian!),typeof(con_h!),Float64}, ::Array{Float64,1}) at /home/pkgeval/.julia/packages/Optim/U5QAY/src/multivariate/solvers/constrained/ipnewton/ipnewton.jl:112
 [2] optimize(::TwiceDifferentiable{Float64,Array{Float64,1},Array{Float64,2},Array{Float64,1}}, ::TwiceDifferentiableConstraints{typeof(con_c!),typeof(con_jacobian!),typeof(con_h!),Float64}, ::Array{Float64,1}, ::IPNewton{typeof(Optim.backtrack_constrained_grad),Symbol}, ::Optim.Options{Float64,Nothing}) at /home/pkgeval/.julia/packages/Optim/U5QAY/src/multivariate/solvers/constrained/ipnewton/interior.jl:196 (repeats 2 times)
 [3] top-level scope at /home/pkgeval/.julia/packages/Optim/U5QAY/docs/src/examples/ipnewton_basics.jl:169
 [4] include at ./boot.jl:328 [inlined]
 [5] include_relative(::Module, ::String) at ./loading.jl:1105
 [6] include(::Module, ::String) at ./Base.jl:31
 [7] include(::String) at ./client.jl:424
 [8] #346 at /home/pkgeval/.julia/packages/Optim/U5QAY/test/examples.jl:11 [inlined]
 [9] cd(::var"#346#349"{String,String}, ::String) at ./file.jl:104
 [10] #345 at /home/pkgeval/.julia/packages/Optim/U5QAY/test/examples.jl:10 [inlined]
 [11] #mktempdir#18(::String, ::typeof(mktempdir), ::var"#345#348"{String,String}, ::String) at ./file.jl:634
 [12] mktempdir(::Function, ::String) at ./file.jl:632 (repeats 2 times)
 [13] top-level scope at /home/pkgeval/.julia/packages/Optim/U5QAY/test/examples.jl:9
 [14] top-level scope at /buildworker/worker/package_linux64/build/usr/share/julia/stdlib/v1.3/Test/src/Test.jl:1107
 [15] top-level scope at /home/pkgeval/.julia/packages/Optim/U5QAY/test/examples.jl:9
 [16] top-level scope at /buildworker/worker/package_linux64/build/usr/share/julia/stdlib/v1.3/Test/src/Test.jl:1107
 [17] top-level scope at /home/pkgeval/.julia/packages/Optim/U5QAY/test/examples.jl:2
 [18] include at ./boot.jl:328 [inlined]
 [19] include_relative(::Module, ::String) at ./loading.jl:1105
 [20] include(::Module, ::String) at ./Base.jl:31
 [21] include(::String) at ./client.jl:424
 [22] top-level scope at util.jl:155
 [23] include at ./boot.jl:328 [inlined]
 [24] include_relative(::Module, ::String) at ./loading.jl:1105
 [25] include(::Module, ::String) at ./Base.jl:31
 [26] include(::String) at ./client.jl:424
 [27] top-level scope at none:6
 [28] eval(::Module, ::Any) at ./boot.jl:330
 [29] exec_options(::Base.JLOptions) at ./client.jl:263
 [30] _start() at ./client.jl:460
Test Summary:     | Pass  Total
Literate examples |   20     20
 18.201508 seconds (13.50 M allocations: 672.101 MiB, 3.45% gc time)
Test Summary:           | Pass  Total
show method for options |    1      1
   Testing Optim tests passed 
