  Installed ParameterisedModule ─ v0.1.0
  Installed MLStyle ───────────── v0.3.1
Updating `~/.julia/environments/v1.5/Project.toml`
  [d16e510f] + ParameterisedModule v0.1.0
Updating `~/.julia/environments/v1.5/Manifest.toml`
  [d8e11817] + MLStyle v0.3.1
  [d16e510f] + ParameterisedModule v0.1.0
    Testing ParameterisedModule
Status `/tmp/jl_ikXT2u/Project.toml`
  [d8e11817] MLStyle v0.3.1
  [d16e510f] ParameterisedModule v0.1.0
  [8dfed614] Test
Status `/tmp/jl_ikXT2u/Manifest.toml`
  [d8e11817] MLStyle v0.3.1
  [d16e510f] ParameterisedModule v0.1.0
  [2a0f44e3] Base64
  [8ba89e20] Distributed
  [b77e0a4c] InteractiveUtils
  [56ddb016] Logging
  [d6f4376e] Markdown
  [9a3f8284] Random
  [9e88b42a] Serialization
  [6462fe0b] Sockets
  [8dfed614] Test
S
2
succ(succ(zero))
TF{Int64,Tuple{Int64}}((1,))
Test Summary: | Pass  Total
I'm here?     |   10     10
    Testing ParameterisedModule tests passed 
