Julia Version 1.3.1
Commit 2d5741174c (2019-12-30 21:36 UTC)
Platform Info:
  OS: Linux (x86_64-pc-linux-gnu)
  CPU: AMD Ryzen Threadripper 2990WX 32-Core Processor
  WORD_SIZE: 64
  LIBM: libopenlibm
  LLVM: libLLVM-6.0.1 (ORCJIT, znver1)
Environment:
  JULIA_DEPOT_PATH = ::/usr/local/share/julia
  JULIA_NUM_THREADS = 2

 Resolving package versions...
 Installed DataAPI ───────────────────── v1.1.0
 Installed CodecZlib ─────────────────── v0.7.0
 Installed DataValueInterfaces ───────── v1.0.0
 Installed Requires ──────────────────── v1.0.1
 Installed ParquetFiles ──────────────── v0.2.0
 Installed Parquet ───────────────────── v0.3.0
 Installed DataStructures ────────────── v0.17.10
 Installed DataValues ────────────────── v0.4.13
 Installed Zlib_jll ──────────────────── v1.2.11+8
 Installed IteratorInterfaceExtensions ─ v1.0.0
 Installed Snappy ────────────────────── v0.3.0
 Installed Parsers ───────────────────── v0.3.12
 Installed TableTraitsUtils ──────────── v1.0.1
 Installed JSON ──────────────────────── v0.21.0
 Installed TranscodingStreams ────────── v0.9.5
 Installed TableTraits ───────────────── v1.0.0
 Installed MemPool ───────────────────── v0.2.0
 Installed TableShowUtils ────────────── v0.2.5
 Installed OrderedCollections ────────── v1.1.0
 Installed BinaryProvider ────────────── v0.5.8
 Installed ProtoBuf ──────────────────── v0.8.0
 Installed IterableTables ────────────── v1.0.0
 Installed Missings ──────────────────── v0.4.3
 Installed Thrift ────────────────────── v0.6.1
 Installed FileIO ────────────────────── v1.2.3
  Updating `~/.julia/environments/v1.3/Project.toml`
  [46a55296] + ParquetFiles v0.2.0
  Updating `~/.julia/environments/v1.3/Manifest.toml`
  [b99e7846] + BinaryProvider v0.5.8
  [944b1d66] + CodecZlib v0.7.0
  [9a962f9c] + DataAPI v1.1.0
  [864edb3b] + DataStructures v0.17.10
  [e2d170a0] + DataValueInterfaces v1.0.0
  [e7dc6d0d] + DataValues v0.4.13
  [5789e2e9] + FileIO v1.2.3
  [1c8ee90f] + IterableTables v1.0.0
  [82899510] + IteratorInterfaceExtensions v1.0.0
  [682c06a0] + JSON v0.21.0
  [f9f48841] + MemPool v0.2.0
  [e1d29d7a] + Missings v0.4.3
  [bac558e1] + OrderedCollections v1.1.0
  [626c502c] + Parquet v0.3.0
  [46a55296] + ParquetFiles v0.2.0
  [69de0a69] + Parsers v0.3.12
  [3349acd9] + ProtoBuf v0.8.0
  [ae029012] + Requires v1.0.1
  [59d4ed8c] + Snappy v0.3.0
  [5e66a065] + TableShowUtils v0.2.5
  [3783bdb8] + TableTraits v1.0.0
  [382cd787] + TableTraitsUtils v1.0.1
  [8d9c9c80] + Thrift v0.6.1
  [3bb67fe8] + TranscodingStreams v0.9.5
  [83775a58] + Zlib_jll v1.2.11+8
  [2a0f44e3] + Base64 
  [ade2ca70] + Dates 
  [8ba89e20] + Distributed 
  [b77e0a4c] + InteractiveUtils 
  [76f85450] + LibGit2 
  [8f399da3] + Libdl 
  [56ddb016] + Logging 
  [d6f4376e] + Markdown 
  [a63ad114] + Mmap 
  [44cfe95a] + Pkg 
  [de0858da] + Printf 
  [3fa0cd96] + REPL 
  [9a3f8284] + Random 
  [ea8e919c] + SHA 
  [9e88b42a] + Serialization 
  [6462fe0b] + Sockets 
  [8dfed614] + Test 
  [cf7118a7] + UUIDs 
  [4ec0a83e] + Unicode 
  Building Snappy → `~/.julia/packages/Snappy/O2CHr/deps/build.log`
  Building Thrift → `~/.julia/packages/Thrift/F3oQc/deps/build.log`
   Testing ParquetFiles
    Status `/tmp/jl_pJelEZ/Manifest.toml`
  [b99e7846] BinaryProvider v0.5.8
  [944b1d66] CodecZlib v0.7.0
  [9a962f9c] DataAPI v1.1.0
  [864edb3b] DataStructures v0.17.10
  [e2d170a0] DataValueInterfaces v1.0.0
  [e7dc6d0d] DataValues v0.4.13
  [5789e2e9] FileIO v1.2.3
  [1c8ee90f] IterableTables v1.0.0
  [82899510] IteratorInterfaceExtensions v1.0.0
  [682c06a0] JSON v0.21.0
  [f9f48841] MemPool v0.2.0
  [e1d29d7a] Missings v0.4.3
  [bac558e1] OrderedCollections v1.1.0
  [626c502c] Parquet v0.3.0
  [46a55296] ParquetFiles v0.2.0
  [69de0a69] Parsers v0.3.12
  [3349acd9] ProtoBuf v0.8.0
  [ae029012] Requires v1.0.1
  [59d4ed8c] Snappy v0.3.0
  [5e66a065] TableShowUtils v0.2.5
  [3783bdb8] TableTraits v1.0.0
  [382cd787] TableTraitsUtils v1.0.1
  [8d9c9c80] Thrift v0.6.1
  [3bb67fe8] TranscodingStreams v0.9.5
  [83775a58] Zlib_jll v1.2.11+8
  [2a0f44e3] Base64  [`@stdlib/Base64`]
  [ade2ca70] Dates  [`@stdlib/Dates`]
  [8ba89e20] Distributed  [`@stdlib/Distributed`]
  [b77e0a4c] InteractiveUtils  [`@stdlib/InteractiveUtils`]
  [76f85450] LibGit2  [`@stdlib/LibGit2`]
  [8f399da3] Libdl  [`@stdlib/Libdl`]
  [56ddb016] Logging  [`@stdlib/Logging`]
  [d6f4376e] Markdown  [`@stdlib/Markdown`]
  [a63ad114] Mmap  [`@stdlib/Mmap`]
  [44cfe95a] Pkg  [`@stdlib/Pkg`]
  [de0858da] Printf  [`@stdlib/Printf`]
  [3fa0cd96] REPL  [`@stdlib/REPL`]
  [9a3f8284] Random  [`@stdlib/Random`]
  [ea8e919c] SHA  [`@stdlib/SHA`]
  [9e88b42a] Serialization  [`@stdlib/Serialization`]
  [6462fe0b] Sockets  [`@stdlib/Sockets`]
  [8dfed614] Test  [`@stdlib/Test`]
  [cf7118a7] UUIDs  [`@stdlib/UUIDs`]
  [4ec0a83e] Unicode  [`@stdlib/Unicode`]
Cloning into '/home/pkgeval/.julia/packages/Parquet/qSvbc/test/parquet-compatibility'...
error: RPC failed; curl 56 GnuTLS recv error (-54): Error in the pull function.
fatal: The remote end hung up unexpectedly
fatal: early EOF
fatal: index-pack failed
ParquetFiles: Error During Test at /home/pkgeval/.julia/packages/ParquetFiles/cLLFb/test/runtests.jl:7
  Got exception outside of a @test
  LoadError: failed process: Process(`git clone https://github.com/Parquet/parquet-compatibility.git /home/pkgeval/.julia/packages/Parquet/qSvbc/test/parquet-compatibility`, ProcessExited(128)) [128]
  
  Stacktrace:
   [1] #run#565(::Bool, ::typeof(run), ::Cmd) at ./process.jl:525
   [2] run at ./process.jl:438 [inlined]
   [3] get_parcompat(::String) at /home/pkgeval/.julia/packages/Parquet/qSvbc/test/get_parcompat.jl:8
   [4] get_parcompat() at /home/pkgeval/.julia/packages/Parquet/qSvbc/test/get_parcompat.jl:6
   [5] top-level scope at /home/pkgeval/.julia/packages/Parquet/qSvbc/test/get_parcompat.jl:12
   [6] include at ./boot.jl:328 [inlined]
   [7] include_relative(::Module, ::String) at ./loading.jl:1105
   [8] include(::Module, ::String) at ./Base.jl:31
   [9] include(::String) at ./client.jl:424
   [10] top-level scope at /home/pkgeval/.julia/packages/ParquetFiles/cLLFb/test/runtests.jl:11
   [11] top-level scope at /buildworker/worker/package_linux64/build/usr/share/julia/stdlib/v1.3/Test/src/Test.jl:1107
   [12] top-level scope at /home/pkgeval/.julia/packages/ParquetFiles/cLLFb/test/runtests.jl:9
   [13] include at ./boot.jl:328 [inlined]
   [14] include_relative(::Module, ::String) at ./loading.jl:1105
   [15] include(::Module, ::String) at ./Base.jl:31
   [16] include(::String) at ./client.jl:424
   [17] top-level scope at none:6
   [18] eval(::Module, ::Any) at ./boot.jl:330
   [19] exec_options(::Base.JLOptions) at ./client.jl:263
   [20] _start() at ./client.jl:460
  in expression starting at /home/pkgeval/.julia/packages/Parquet/qSvbc/test/get_parcompat.jl:12
  
Test Summary: | Error  Total
ParquetFiles  |     1      1
ERROR: LoadError: Some tests did not pass: 0 passed, 0 failed, 1 errored, 0 broken.
in expression starting at /home/pkgeval/.julia/packages/ParquetFiles/cLLFb/test/runtests.jl:7
ERROR: Package ParquetFiles errored during testing
Stacktrace:
 [1] pkgerror(::String, ::Vararg{String,N} where N) at /buildworker/worker/package_linux64/build/usr/share/julia/stdlib/v1.3/Pkg/src/Types.jl:113
 [2] #test#131(::Bool, ::Nothing, ::Cmd, ::Cmd, ::typeof(Pkg.Operations.test), ::Pkg.Types.Context, ::Array{Pkg.Types.PackageSpec,1}) at /buildworker/worker/package_linux64/build/usr/share/julia/stdlib/v1.3/Pkg/src/Operations.jl:1372
 [3] #test at ./none:0 [inlined]
 [4] #test#62(::Bool, ::Nothing, ::Cmd, ::Cmd, ::Base.Iterators.Pairs{Union{},Union{},Tuple{},NamedTuple{(),Tuple{}}}, ::typeof(Pkg.API.test), ::Pkg.Types.Context, ::Array{Pkg.Types.PackageSpec,1}) at /buildworker/worker/package_linux64/build/usr/share/julia/stdlib/v1.3/Pkg/src/API.jl:253
 [5] test(::Pkg.Types.Context, ::Array{Pkg.Types.PackageSpec,1}) at /buildworker/worker/package_linux64/build/usr/share/julia/stdlib/v1.3/Pkg/src/API.jl:239
 [6] #test#61 at /buildworker/worker/package_linux64/build/usr/share/julia/stdlib/v1.3/Pkg/src/API.jl:233 [inlined]
 [7] test at /buildworker/worker/package_linux64/build/usr/share/julia/stdlib/v1.3/Pkg/src/API.jl:233 [inlined]
 [8] #test#60 at /buildworker/worker/package_linux64/build/usr/share/julia/stdlib/v1.3/Pkg/src/API.jl:232 [inlined]
 [9] test at /buildworker/worker/package_linux64/build/usr/share/julia/stdlib/v1.3/Pkg/src/API.jl:232 [inlined]
 [10] #test#59(::Base.Iterators.Pairs{Union{},Union{},Tuple{},NamedTuple{(),Tuple{}}}, ::typeof(Pkg.API.test), ::String) at /buildworker/worker/package_linux64/build/usr/share/julia/stdlib/v1.3/Pkg/src/API.jl:231
 [11] test(::String) at /buildworker/worker/package_linux64/build/usr/share/julia/stdlib/v1.3/Pkg/src/API.jl:231
 [12] top-level scope at none:13
