Julia Version 1.4.0
Commit b8e9a9ecc6 (2020-03-21 16:36 UTC)
Platform Info:
  OS: Linux (x86_64-pc-linux-gnu)
  CPU: AMD Ryzen Threadripper 2990WX 32-Core Processor
  WORD_SIZE: 64
  LIBM: libopenlibm
  LLVM: libLLVM-8.0.1 (ORCJIT, znver1)
Environment:
  JULIA_DEPOT_PATH = ::/usr/local/share/julia
  JULIA_NUM_THREADS = 2

  Resolving package versions...
  Installed URIParser ────── v0.4.0
  Installed AdobeGlyphList ─ v0.1.1
  Installed RomanNumerals ── v0.3.1
  Installed Rectangle ────── v0.1.2
  Installed Compat ───────── v2.2.0
  Installed Primes ───────── v0.4.0
  Installed PDFIO ────────── v0.1.9
  Installed LabelNumerals ── v0.1.0
  Installed BinDeps ──────── v0.8.10
  Installed AbstractTrees ── v0.2.1
   Updating `~/.julia/environments/v1.4/Project.toml`
  [4d0d745f] + PDFIO v0.1.9
   Updating `~/.julia/environments/v1.4/Manifest.toml`
  [1520ce14] + AbstractTrees v0.2.1
  [715cd884] + AdobeGlyphList v0.1.1
  [9e28174c] + BinDeps v0.8.10
  [34da2185] + Compat v2.2.0
  [2e475f56] + LabelNumerals v0.1.0
  [4d0d745f] + PDFIO v0.1.9
  [27ebfcd6] + Primes v0.4.0
  [9a9db56c] + Rectangle v0.1.2
  [37834d88] + RomanNumerals v0.3.1
  [30578b45] + URIParser v0.4.0
  [2a0f44e3] + Base64 
  [ade2ca70] + Dates 
  [8bb1440f] + DelimitedFiles 
  [8ba89e20] + Distributed 
  [b77e0a4c] + InteractiveUtils 
  [76f85450] + LibGit2 
  [8f399da3] + Libdl 
  [37e2e46d] + LinearAlgebra 
  [56ddb016] + Logging 
  [d6f4376e] + Markdown 
  [a63ad114] + Mmap 
  [44cfe95a] + Pkg 
  [de0858da] + Printf 
  [3fa0cd96] + REPL 
  [9a3f8284] + Random 
  [ea8e919c] + SHA 
  [9e88b42a] + Serialization 
  [1a1011a3] + SharedArrays 
  [6462fe0b] + Sockets 
  [2f01184e] + SparseArrays 
  [10745b16] + Statistics 
  [8dfed614] + Test 
  [cf7118a7] + UUIDs 
  [4ec0a83e] + Unicode 
   Building PDFIO → `~/.julia/packages/PDFIO/0uoW0/deps/build.log`
    Testing PDFIO
Status `/tmp/jl_6C51kE/Manifest.toml`
  [1520ce14] AbstractTrees v0.2.1
  [715cd884] AdobeGlyphList v0.1.1
  [9e28174c] BinDeps v0.8.10
  [34da2185] Compat v2.2.0
  [2e475f56] LabelNumerals v0.1.0
  [4d0d745f] PDFIO v0.1.9
  [27ebfcd6] Primes v0.4.0
  [9a9db56c] Rectangle v0.1.2
  [37834d88] RomanNumerals v0.3.1
  [30578b45] URIParser v0.4.0
  [a5390f91] ZipFile v0.9.1
  [83775a58] Zlib_jll v1.2.11+9
  [2a0f44e3] Base64 
  [ade2ca70] Dates 
  [8bb1440f] DelimitedFiles 
  [8ba89e20] Distributed 
  [b77e0a4c] InteractiveUtils 
  [76f85450] LibGit2 
  [8f399da3] Libdl 
  [37e2e46d] LinearAlgebra 
  [56ddb016] Logging 
  [d6f4376e] Markdown 
  [a63ad114] Mmap 
  [44cfe95a] Pkg 
  [de0858da] Printf 
  [3fa0cd96] REPL 
  [9a3f8284] Random 
  [ea8e919c] SHA 
  [9e88b42a] Serialization 
  [1a1011a3] SharedArrays 
  [6462fe0b] Sockets 
  [2f01184e] SparseArrays 
  [10745b16] Statistics 
  [8dfed614] Test 
  [cf7118a7] UUIDs 
  [4ec0a83e] Unicode 
  Resolving package versions...
  Installed OpenSSL_jll ─ v1.1.1+2
   Updating `/tmp/jl_6C51kE/Project.toml`
  [458c3c95] + OpenSSL_jll v1.1.1+2
   Updating `/tmp/jl_6C51kE/Manifest.toml`
  [458c3c95] + OpenSSL_jll v1.1.1+2
┌ Warning: Package PDFIO does not have OpenSSL_jll in its dependencies:
│ - If you have PDFIO checked out for development and have
│   added OpenSSL_jll as a dependency but haven't updated your primary
│   environment's manifest file, try `Pkg.resolve()`.
│ - Otherwise you may need to report an issue with PDFIO
└ Loading OpenSSL_jll into PDFIO from project dependency, future warnings for PDFIO are suppressed.
  Resolving package versions...
   Updating `/tmp/jl_6C51kE/Project.toml`
  [83775a58] + Zlib_jll v1.2.11+9
   Updating `/tmp/jl_6C51kE/Manifest.toml`
 [no changes]
Filename: PDFTest-0.0.7/
Filename: PDFTest-0.0.7/DigSig/
Filename: PDFTest-0.0.7/DigSig/PAdES_SmartID.pdf
Filename: PDFTest-0.0.7/DigSig/blank_signed.pdf
Filename: PDFTest-0.0.7/DigSig/pades_example-1.pdf
Filename: PDFTest-0.0.7/DigSig/pdf-signer-tool-guide.pdf
Filename: PDFTest-0.0.7/DigSig/sample01.pdf
Filename: PDFTest-0.0.7/DigSig/sample02.pdf
Filename: PDFTest-0.0.7/DigSig/sample03.pdf
Filename: PDFTest-0.0.7/DigSig/sample04.pdf
Filename: PDFTest-0.0.7/DigSig/sample05.pdf
Filename: PDFTest-0.0.7/DigSig/sample06.pdf
Filename: PDFTest-0.0.7/DigSig/sample07.pdf
Filename: PDFTest-0.0.7/DigSig/sample08.pdf
Filename: PDFTest-0.0.7/DigSig/samplecertifiedpdf.pdf
Filename: PDFTest-0.0.7/DigSig/sbid_3rd_party_sign_pades.pdf
Filename: PDFTest-0.0.7/DigSig/sbid_authbased_signflow_pades.pdf
Filename: PDFTest-0.0.7/README.md
Filename: PDFTest-0.0.7/certs/
Filename: PDFTest-0.0.7/certs/CA.crt
Filename: PDFTest-0.0.7/certs/doc-crypt.crt
Filename: PDFTest-0.0.7/certs/doc-crypt.p12
Filename: PDFTest-0.0.7/encrypt/
Filename: PDFTest-0.0.7/encrypt/dt-256-aes.pdf
Filename: PDFTest-0.0.7/encrypt/dt-all-aes-128.pdf
Filename: PDFTest-0.0.7/encrypt/dt-att-protected.pdf
Filename: PDFTest-0.0.7/encrypt/dt-cert-all.pdf
Filename: PDFTest-0.0.7/encrypt/dt-embed-protected-cert.pdf
Filename: PDFTest-0.0.7/encrypt/dt-embed-protected.pdf
Filename: PDFTest-0.0.7/encrypt/dt-nopass.pdf
Filename: PDFTest-0.0.7/encrypt/dt-own-pass-same.pdf
Filename: PDFTest-0.0.7/encrypt/dt-protected.pdf
Filename: PDFTest-0.0.7/encrypt/dt-rc-4-all.pdf
Filename: PDFTest-0.0.7/encrypt/dt.pdf
Filename: PDFTest-0.0.7/encrypt/pdf-example-encryption.pdf
Filename: PDFTest-0.0.7/encrypt/pdf-example-password.pdf
Filename: PDFTest-0.0.7/encrypt/samplesecured_256bitaes.pdf
Filename: PDFTest-0.0.7/encrypt/upw-password-opw-sample.pdf
Filename: PDFTest-0.0.7/files/
Filename: PDFTest-0.0.7/files/1.pdf
Filename: PDFTest-0.0.7/files/16-969_o7jp.pdf
Filename: PDFTest-0.0.7/files/16.cmap
Filename: PDFTest-0.0.7/files/1_noinfo.pdf
Filename: PDFTest-0.0.7/files/8.cmap
Filename: PDFTest-0.0.7/files/A1947-14.pdf
Filename: PDFTest-0.0.7/files/A1947-15.pdf
Filename: PDFTest-0.0.7/files/Pratham-Sanskaran.pdf
Filename: PDFTest-0.0.7/files/empty_property.pdf
Filename: PDFTest-0.0.7/files/fileAttachment.pdf
Filename: PDFTest-0.0.7/files/fileAttachment_fileAttachmentAnnotation.pdf
Filename: PDFTest-0.0.7/files/outline.pdf
Filename: PDFTest-0.0.7/files/page5.txt
Filename: PDFTest-0.0.7/files/pdf-17.pdf
Filename: PDFTest-0.0.7/files/pdf-example-bookmarks.pdf
Filename: PDFTest-0.0.7/files/pdf-sample.pdf
Filename: PDFTest-0.0.7/files/sample-google-doc.pdf
Filename: PDFTest-0.0.7/files/spec-2.pdf
Filename: PDFTest-0.0.7/files/spec-2c.pdf
Filename: PDFTest-0.0.7/fonts/
Filename: PDFTest-0.0.7/fonts/Arial.afm
Filename: PDFTest-0.0.7/source/
Filename: PDFTest-0.0.7/source/dt.odt
Filename: PDFTest-0.0.7/source/outline.tex
Filename: PDFTest-0.0.7/stillhq/
Filename: PDFTest-0.0.7/stillhq/3.pdf
Filename: PDFTest-0.0.7/stillhq/325.pdf
Filename: PDFTest-0.0.7/stillhq/339.pdf
Filename: PDFTest-0.0.7/stillhq/388.pdf
Filename: PDFTest-0.0.7/stillhq/431.pdf
Filename: PDFTest-0.0.7/stillhq/504.pdf
Filename: PDFTest-0.0.7/stillhq/582.pdf
Filename: PDFTest-0.0.7/stillhq/589.pdf
Filename: PDFTest-0.0.7/templates/
Filename: PDFTest-0.0.7/templates/16-969_o7jp.txt
Filename: PDFTest-0.0.7/templates/431.toc
Filename: PDFTest-0.0.7/templates/431.txt
Filename: PDFTest-0.0.7/templates/A1947-15.txt
Filename: PDFTest-0.0.7/templates/Graphics-wpf.txt
Filename: PDFTest-0.0.7/templates/Pratham-Sanskaran.txt
Filename: PDFTest-0.0.7/templates/dt-256-aes.txt
Filename: PDFTest-0.0.7/templates/dt-all-aes-128.txt
Filename: PDFTest-0.0.7/templates/dt-cert-all.txt
Filename: PDFTest-0.0.7/templates/dt-embed-protected-cert.txt
Filename: PDFTest-0.0.7/templates/dt-embed-protected.txt
Filename: PDFTest-0.0.7/templates/dt-nopass.txt
Filename: PDFTest-0.0.7/templates/dt-own-pass-same.txt
Filename: PDFTest-0.0.7/templates/dt-protected.txt
Filename: PDFTest-0.0.7/templates/dt-rc-4-all.txt
Filename: PDFTest-0.0.7/templates/dt.txt
Filename: PDFTest-0.0.7/templates/outline.toc
Filename: PDFTest-0.0.7/templates/page5.txt
Filename: PDFTest-0.0.7/templates/pdf-example-encryption.txt
Filename: PDFTest-0.0.7/templates/pdf-example-password.txt
Filename: PDFTest-0.0.7/templates/sample-google-doc.txt
Filename: PDFTest-0.0.7/templates/samplesecured_256bitaes.txt
Filename: PDFTest-0.0.7/templates/spec-2.txt
Filename: PDFTest-0.0.7/templates/spec-2c.txt
Filename: PDFTest-0.0.7/templates/upw-password-opw-sample.txt
Copying Arial.afm to /home/pkgeval/.julia/packages/PDFIO/0uoW0/test/../data/fonts
┌ Warning: Embedded file streams without Crypt filters may not decrypt
└ @ PDFIO.Cos ~/.julia/packages/PDFIO/0uoW0/src/StdSecHandler.jl:357
┌ Warning: Embedded file streams without Crypt filters may not decrypt
└ @ PDFIO.Cos ~/.julia/packages/PDFIO/0uoW0/src/PKISecHandler.jl:62
┌ Error: Download failed: curl: (7) Failed to connect to www.pdfsharp.net port 80: Connection timed out
└ @ Base download.jl:43
Forms XObjects Test: Error During Test at /home/pkgeval/.julia/packages/PDFIO/0uoW0/test/runtests.jl:631
  Test threw exception
  Expression: begin
    filename = "Graphics-wpf.pdf"
    (result, template_file) = testfiles(filename)
    DEBUG && println(filename)
    isfile(filename) || download("http://www.pdfsharp.net/wiki/GetFile.aspx?" * "File=%2fGraphics-sample%2fGraphics-wpf.pdf", filename)
    doc = pdDocOpen(filename)
    #= /home/pkgeval/.julia/packages/PDFIO/0uoW0/test/runtests.jl:640 =# @assert (npage = pdDocGetPageCount(doc)) == 5
    try
        open(result, "w") do io
            for i = npage:npage
                page = pdDocGetPage(doc, i)
                if pdPageIsEmpty(page) == false
                    pdPageGetContentObjects(page)
                    pdPageExtractText(io, page)
                end
            end
        end
        #= /home/pkgeval/.julia/packages/PDFIO/0uoW0/test/runtests.jl:651 =# @test files_equal(result, template_file)
    finally
        pdDocClose(doc)
    end
    length(utilPrintOpenFiles()) == 0
end
  failed process: Process(`curl -s -S -g -L -f -o Graphics-wpf.pdf 'http://www.pdfsharp.net/wiki/GetFile.aspx?File=%2fGraphics-sample%2fGraphics-wpf.pdf'`, ProcessExited(7)) [7]
  
  Stacktrace:
   [1] pipeline_error at ./process.jl:525 [inlined]
   [2] download_curl(::String, ::String, ::String) at ./download.jl:44
   [3] download(::String, ::String) at ./download.jl:62
   [4] top-level scope at /home/pkgeval/.julia/packages/PDFIO/0uoW0/test/runtests.jl:631
   [5] top-level scope at /buildworker/worker/package_linux64/build/usr/share/julia/stdlib/v1.4/Test/src/Test.jl:1113
   [6] top-level scope at /home/pkgeval/.julia/packages/PDFIO/0uoW0/test/runtests.jl:631
   [7] top-level scope at /buildworker/worker/package_linux64/build/usr/share/julia/stdlib/v1.4/Test/src/Test.jl:1113
   [8] top-level scope at /home/pkgeval/.julia/packages/PDFIO/0uoW0/test/runtests.jl:61
  
Test Summary:                   | Pass  Error  Total
PDFIO tests                     |  120      1    121
  Miscellaneous                 |    8             8
  CDDate                        |   14            14
  Crypto APIs                   |   66            66
  Test FlateDecode              |    1             1
  Document without Info         |    1             1
  Document with empty property  |    1             1
  PDF File with ObjectStreams   |    1             1
  General File Opening 3        |    1             1
  Hybrid x-ref                  |    2             2
  Floating point CIDWidth       |    2             2
  Non-standard CMap             |    2             2
  Corrupt File                  |    1             1
  Test RunLengthDecode          |    1             1
  Test ASCIIHexDecode           |    1             1
  Test ASCII85Decode            |    2             2
  LZWDecode Filter              |    2             2
  Content Array                 |    1             1
  Test read_string              |    1             1
  Page label test with outlines |    3             3
  Outlines                      |    1             1
  Symbol Fonts test             |    1             1
  Font Flags test               |    1             1
  Forms XObjects Test           |           1      1
  Inline Image test             |    2             2
  MacRomanEncoding Fonts test   |    1             1
  Text before header test       |    1             1
  Attachment PDF                |    2             2
ERROR: LoadError: Some tests did not pass: 120 passed, 0 failed, 1 errored, 0 broken.
in expression starting at /home/pkgeval/.julia/packages/PDFIO/0uoW0/test/runtests.jl:60
ERROR: Package PDFIO errored during testing
Stacktrace:
 [1] pkgerror(::String, ::Vararg{String,N} where N) at /buildworker/worker/package_linux64/build/usr/share/julia/stdlib/v1.4/Pkg/src/Types.jl:53
 [2] test(::Pkg.Types.Context, ::Array{Pkg.Types.PackageSpec,1}; coverage::Bool, julia_args::Cmd, test_args::Cmd, test_fn::Nothing) at /buildworker/worker/package_linux64/build/usr/share/julia/stdlib/v1.4/Pkg/src/Operations.jl:1503
 [3] test(::Pkg.Types.Context, ::Array{Pkg.Types.PackageSpec,1}; coverage::Bool, test_fn::Nothing, julia_args::Cmd, test_args::Cmd, kwargs::Base.Iterators.Pairs{Union{},Union{},Tuple{},NamedTuple{(),Tuple{}}}) at /buildworker/worker/package_linux64/build/usr/share/julia/stdlib/v1.4/Pkg/src/API.jl:316
 [4] test(::Pkg.Types.Context, ::Array{Pkg.Types.PackageSpec,1}) at /buildworker/worker/package_linux64/build/usr/share/julia/stdlib/v1.4/Pkg/src/API.jl:303
 [5] #test#68 at /buildworker/worker/package_linux64/build/usr/share/julia/stdlib/v1.4/Pkg/src/API.jl:297 [inlined]
 [6] test at /buildworker/worker/package_linux64/build/usr/share/julia/stdlib/v1.4/Pkg/src/API.jl:297 [inlined]
 [7] #test#67 at /buildworker/worker/package_linux64/build/usr/share/julia/stdlib/v1.4/Pkg/src/API.jl:296 [inlined]
 [8] test at /buildworker/worker/package_linux64/build/usr/share/julia/stdlib/v1.4/Pkg/src/API.jl:296 [inlined]
 [9] test(::String; kwargs::Base.Iterators.Pairs{Union{},Union{},Tuple{},NamedTuple{(),Tuple{}}}) at /buildworker/worker/package_linux64/build/usr/share/julia/stdlib/v1.4/Pkg/src/API.jl:295
 [10] test(::String) at /buildworker/worker/package_linux64/build/usr/share/julia/stdlib/v1.4/Pkg/src/API.jl:295
 [11] top-level scope at none:16
