Julia Version 1.4.0
Commit b8e9a9ecc6 (2020-03-21 16:36 UTC)
Platform Info:
  OS: Linux (x86_64-pc-linux-gnu)
  CPU: AMD Ryzen Threadripper 2990WX 32-Core Processor
  WORD_SIZE: 64
  LIBM: libopenlibm
  LLVM: libLLVM-8.0.1 (ORCJIT, znver1)
Environment:
  JULIA_DEPOT_PATH = ::/usr/local/share/julia
  JULIA_NUM_THREADS = 2

  Resolving package versions...
  Installed Tables ────────────────────── v0.2.11
  Installed DataValueInterfaces ───────── v1.0.0
  Installed HTTP ──────────────────────── v0.8.13
  Installed JSON ──────────────────────── v0.21.0
  Installed Mustache ──────────────────── v1.0.0
  Installed IteratorInterfaceExtensions ─ v1.0.0
  Installed URIParser ─────────────────── v0.4.0
  Installed PkgButlerEngine ───────────── v1.5.0
    Cloning [149e707d-584d-56d3-88ec-740c18e106ff] PkgDev from https://github.com/JuliaLang/PkgDev.jl.git
[?25l    Fetching: [>                                        ]  0.0 %[2K[?25h  Installed PkgDev ────────────────────── v1.3.2
    Cloning [9a962f9c-6df0-11e9-0e5d-c546b8b5ee8a] DataAPI from https://github.com/JuliaData/DataAPI.jl.git
[?25l    Fetching: [>                                        ]  0.0 %[2K[?25h  Installed DataAPI ───────────────────── v1.1.0
    Cloning [ffa9a821-9c82-50df-894e-fbcef3ed31cd] DocumentFormat from https://github.com/julia-vscode/DocumentFormat.jl.git
[?25l    Fetching: [>                                        ]  0.0 %[2K[?25h  Installed DocumentFormat ────────────── v2.1.0
    Cloning [d1eb7eb1-105f-429d-abf5-b0f65cb9e2c4] RegistryTools from https://github.com/JuliaRegistries/RegistryTools.jl.git
[?25l    Fetching: [>                                        ]  0.0 %[2K[?25h  Installed RegistryTools ─────────────── v1.3.2
    Cloning [b99e7846-7c00-51b0-8f62-c81ae34c0232] BinaryProvider from https://github.com/JuliaPackaging/BinaryProvider.jl.git
[?25l    Fetching: [>                                        ]  0.0 %[2K[?25h  Installed BinaryProvider ────────────── v0.5.8
    Cloning [0796e94c-ce3b-5d07-9a54-7f471281c624] Tokenize from https://github.com/JuliaLang/Tokenize.jl.git
[?25l    Fetching: [>                                        ]  0.0 %[2K[?25h  Installed Tokenize ──────────────────── v0.5.7
    Cloning [48062228-2e41-5def-b9a4-89aafe57970f] FilePathsBase from https://github.com/rofinn/FilePathsBase.jl.git
[?25l    Fetching: [>                                        ]  0.0 %[2K[?25h  Installed FilePathsBase ─────────────── v0.7.0
    Cloning [15f4f7f2-30c1-5605-9d31-71845cf9641f] AutoHashEquals from https://github.com/andrewcooke/AutoHashEquals.jl.git
[?25l    Fetching: [>                                        ]  0.0 %[2K[?25h  Installed AutoHashEquals ────────────── v0.2.0
    Cloning [83e8ac13-25f8-5344-8a64-a9f2b223428f] IniFile from https://github.com/JuliaIO/IniFile.jl.git
[?25l    Fetching: [>                                        ]  0.0 %[2K[?25h  Installed IniFile ───────────────────── v0.5.0
    Cloning [739be429-bea8-5141-9913-cc70e7f3736d] MbedTLS from https://github.com/JuliaLang/MbedTLS.jl.git
[?25l    Fetching: [>                                        ]  0.0 %[2K[?25h  Installed MbedTLS ───────────────────── v0.7.0
    Cloning [69de0a69-1ddd-5017-9359-2bf0b02dc9f0] Parsers from https://github.com/JuliaData/Parsers.jl.git
[?25l    Fetching: [>                                        ]  0.0 %[2K[?25h  Installed Parsers ───────────────────── v0.3.12
    Cloning [3783bdb8-4a98-5b6b-af9a-565f29a5fe9c] TableTraits from https://github.com/queryverse/TableTraits.jl.git
[?25l    Fetching: [>                                        ]  0.0 %[2K[?25h  Installed TableTraits ───────────────── v1.0.0
    Cloning [00ebfdb7-1f24-5e51-bd34-a7502290713f] CSTParser from https://github.com/julia-vscode/CSTParser.jl.git
[?25l    Fetching: [>                                        ]  0.0 %[2K[?25h  Installed CSTParser ─────────────────── v2.2.0
    Cloning [bc5e4493-9b4d-5f90-b8aa-2b2bcaad7a26] GitHub from https://github.com/JuliaWeb/GitHub.jl.git
[?25l    Fetching: [>                                        ]  0.0 %[2K[?25h  Installed GitHub ────────────────────── v5.1.4
   Updating `~/.julia/environments/v1.4/Project.toml`
  [149e707d] + PkgDev v1.3.2
   Updating `~/.julia/environments/v1.4/Manifest.toml`
  [15f4f7f2] + AutoHashEquals v0.2.0
  [b99e7846] + BinaryProvider v0.5.8
  [00ebfdb7] + CSTParser v2.2.0
  [9a962f9c] + DataAPI v1.1.0
  [e2d170a0] + DataValueInterfaces v1.0.0
  [ffa9a821] + DocumentFormat v2.1.0
  [48062228] + FilePathsBase v0.7.0
  [bc5e4493] + GitHub v5.1.4
  [cd3eb016] + HTTP v0.8.13
  [83e8ac13] + IniFile v0.5.0
  [82899510] + IteratorInterfaceExtensions v1.0.0
  [682c06a0] + JSON v0.21.0
  [739be429] + MbedTLS v0.7.0
  [ffc61752] + Mustache v1.0.0
  [69de0a69] + Parsers v0.3.12
  [5c9c0fc8] + PkgButlerEngine v1.5.0
  [149e707d] + PkgDev v1.3.2
  [d1eb7eb1] + RegistryTools v1.3.2
  [3783bdb8] + TableTraits v1.0.0
  [bd369af6] + Tables v0.2.11
  [0796e94c] + Tokenize v0.5.7
  [30578b45] + URIParser v0.4.0
  [2a0f44e3] + Base64 
  [ade2ca70] + Dates 
  [8ba89e20] + Distributed 
  [b77e0a4c] + InteractiveUtils 
  [76f85450] + LibGit2 
  [8f399da3] + Libdl 
  [37e2e46d] + LinearAlgebra 
  [56ddb016] + Logging 
  [d6f4376e] + Markdown 
  [a63ad114] + Mmap 
  [44cfe95a] + Pkg 
  [de0858da] + Printf 
  [3fa0cd96] + REPL 
  [9a3f8284] + Random 
  [ea8e919c] + SHA 
  [9e88b42a] + Serialization 
  [6462fe0b] + Sockets 
  [8dfed614] + Test 
  [cf7118a7] + UUIDs 
  [4ec0a83e] + Unicode 
   Building MbedTLS → `~/.julia/packages/MbedTLS/a1JFn/deps/build.log`
┌ Error: Error building `MbedTLS`: 
│ ┌ Warning: platform_key() is deprecated, use platform_key_abi() from now on
│ │   caller = ip:0x0
│ └ @ Core :-1
│ [ Info: Downloading https://github.com/JuliaWeb/MbedTLSBuilder/releases/download/v0.17.0/MbedTLS.v2.16.0.x86_64-linux-gnu.tar.gz to /home/pkgeval/.julia/packages/MbedTLS/a1JFn/deps/usr/downloads/MbedTLS.v2.16.0.x86_64-linux-gnu.tar.gz...
│ ERROR: LoadError: Could not download https://github.com/JuliaWeb/MbedTLSBuilder/releases/download/v0.17.0/MbedTLS.v2.16.0.x86_64-linux-gnu.tar.gz to /home/pkgeval/.julia/packages/MbedTLS/a1JFn/deps/usr/downloads/MbedTLS.v2.16.0.x86_64-linux-gnu.tar.gz:
│ ErrorException("")
│ Stacktrace:
│  [1] error(::String) at ./error.jl:33
│  [2] download(::String, ::String; verbose::Bool) at /home/pkgeval/.julia/packages/BinaryProvider/kcGxO/src/PlatformEngines.jl:502
│  [3] download_verify(::String, ::String, ::String; verbose::Bool, force::Bool, quiet_download::Bool) at /home/pkgeval/.julia/packages/BinaryProvider/kcGxO/src/PlatformEngines.jl:571
│  [4] install(::String, ::String; prefix::Prefix, tarball_path::String, force::Bool, ignore_platform::Bool, verbose::Bool) at /home/pkgeval/.julia/packages/BinaryProvider/kcGxO/src/Prefix.jl:314
│  [5] top-level scope at /home/pkgeval/.julia/packages/MbedTLS/a1JFn/deps/build.jl:48
│  [6] include(::String) at ./client.jl:439
│  [7] top-level scope at none:5
│ in expression starting at /home/pkgeval/.julia/packages/MbedTLS/a1JFn/deps/build.jl:44
│ caused by [exception 1]
│ 
│ Stacktrace:
│  [1] error() at ./error.jl:42
│  [2] download(::String, ::String; verbose::Bool) at /home/pkgeval/.julia/packages/BinaryProvider/kcGxO/src/PlatformEngines.jl:496
│  [3] download_verify(::String, ::String, ::String; verbose::Bool, force::Bool, quiet_download::Bool) at /home/pkgeval/.julia/packages/BinaryProvider/kcGxO/src/PlatformEngines.jl:571
│  [4] install(::String, ::String; prefix::Prefix, tarball_path::String, force::Bool, ignore_platform::Bool, verbose::Bool) at /home/pkgeval/.julia/packages/BinaryProvider/kcGxO/src/Prefix.jl:314
│  [5] top-level scope at /home/pkgeval/.julia/packages/MbedTLS/a1JFn/deps/build.jl:48
│  [6] include(::String) at ./client.jl:439
│  [7] top-level scope at none:5
│ [10:40:25] #=#=#                                                                         [10:40:25] 
│ [10:40:25] curl: (22) The requested URL returned error: 401 UNAUTHORIZED
└ @ Pkg.Operations /buildworker/worker/package_linux64/build/usr/share/julia/stdlib/v1.4/Pkg/src/Operations.jl:892
    Testing PkgDev
Status `/tmp/jl_7JTnKH/Manifest.toml`
  [15f4f7f2] AutoHashEquals v0.2.0
  [b99e7846] BinaryProvider v0.5.8
  [00ebfdb7] CSTParser v2.2.0
  [9a962f9c] DataAPI v1.1.0
  [e2d170a0] DataValueInterfaces v1.0.0
  [ffa9a821] DocumentFormat v2.1.0
  [48062228] FilePathsBase v0.7.0
  [bc5e4493] GitHub v5.1.4
  [cd3eb016] HTTP v0.8.13
  [83e8ac13] IniFile v0.5.0
  [82899510] IteratorInterfaceExtensions v1.0.0
  [682c06a0] JSON v0.21.0
  [739be429] MbedTLS v0.7.0
  [ffc61752] Mustache v1.0.0
  [69de0a69] Parsers v0.3.12
  [5c9c0fc8] PkgButlerEngine v1.5.0
  [149e707d] PkgDev v1.3.2
  [d1eb7eb1] RegistryTools v1.3.2
  [3783bdb8] TableTraits v1.0.0
  [bd369af6] Tables v0.2.11
  [0796e94c] Tokenize v0.5.7
  [30578b45] URIParser v0.4.0
  [2a0f44e3] Base64 
  [ade2ca70] Dates 
  [8ba89e20] Distributed 
  [b77e0a4c] InteractiveUtils 
  [76f85450] LibGit2 
  [8f399da3] Libdl 
  [37e2e46d] LinearAlgebra 
  [56ddb016] Logging 
  [d6f4376e] Markdown 
  [a63ad114] Mmap 
  [44cfe95a] Pkg 
  [de0858da] Printf 
  [3fa0cd96] REPL 
  [9a3f8284] Random 
  [ea8e919c] SHA 
  [9e88b42a] Serialization 
  [6462fe0b] Sockets 
  [8dfed614] Test 
  [cf7118a7] UUIDs 
  [4ec0a83e] Unicode 
ERROR: LoadError: MbedTLS not installed properly, run Pkg.build("MbedTLS"), restart Julia and try again
Stacktrace:
 [1] error(::String) at ./error.jl:33
 [2] top-level scope at /home/pkgeval/.julia/packages/MbedTLS/a1JFn/src/MbedTLS.jl:43
 [3] include(::Module, ::String) at ./Base.jl:377
 [4] top-level scope at none:2
 [5] eval at ./boot.jl:331 [inlined]
 [6] eval(::Expr) at ./client.jl:449
 [7] top-level scope at ./none:3
in expression starting at /home/pkgeval/.julia/packages/MbedTLS/a1JFn/src/MbedTLS.jl:42
ERROR: LoadError: LoadError: Failed to precompile MbedTLS [739be429-bea8-5141-9913-cc70e7f3736d] to /home/pkgeval/.julia/compiled/v1.4/MbedTLS/bf9T0_zpN3Q.ji.
Stacktrace:
 [1] error(::String) at ./error.jl:33
 [2] compilecache(::Base.PkgId, ::String) at ./loading.jl:1272
 [3] _require(::Base.PkgId) at ./loading.jl:1029
 [4] require(::Base.PkgId) at ./loading.jl:927
 [5] require(::Module, ::Symbol) at ./loading.jl:922
 [6] include(::Module, ::String) at ./Base.jl:377
 [7] include(::String) at /home/pkgeval/.julia/packages/HTTP/facW7/src/HTTP.jl:1
 [8] top-level scope at /home/pkgeval/.julia/packages/HTTP/facW7/src/HTTP.jl:18
 [9] include(::Module, ::String) at ./Base.jl:377
 [10] top-level scope at none:2
 [11] eval at ./boot.jl:331 [inlined]
 [12] eval(::Expr) at ./client.jl:449
 [13] top-level scope at ./none:3
in expression starting at /home/pkgeval/.julia/packages/HTTP/facW7/src/IOExtras.jl:11
in expression starting at /home/pkgeval/.julia/packages/HTTP/facW7/src/HTTP.jl:18
ERROR: LoadError: Failed to precompile HTTP [cd3eb016-35fb-5094-929b-558a96fad6f3] to /home/pkgeval/.julia/compiled/v1.4/HTTP/zXWya_zpN3Q.ji.
Stacktrace:
 [1] error(::String) at ./error.jl:33
 [2] compilecache(::Base.PkgId, ::String) at ./loading.jl:1272
 [3] _require(::Base.PkgId) at ./loading.jl:1029
 [4] require(::Base.PkgId) at ./loading.jl:927
 [5] require(::Module, ::Symbol) at ./loading.jl:922
 [6] include(::Module, ::String) at ./Base.jl:377
 [7] top-level scope at none:2
 [8] eval at ./boot.jl:331 [inlined]
 [9] eval(::Expr) at ./client.jl:449
 [10] top-level scope at ./none:3
in expression starting at /home/pkgeval/.julia/packages/GitHub/erMbA/src/GitHub.jl:11
ERROR: LoadError: Failed to precompile GitHub [bc5e4493-9b4d-5f90-b8aa-2b2bcaad7a26] to /home/pkgeval/.julia/compiled/v1.4/GitHub/ks6Kg_zpN3Q.ji.
Stacktrace:
 [1] error(::String) at ./error.jl:33
 [2] compilecache(::Base.PkgId, ::String) at ./loading.jl:1272
 [3] _require(::Base.PkgId) at ./loading.jl:1029
 [4] require(::Base.PkgId) at ./loading.jl:927
 [5] require(::Module, ::Symbol) at ./loading.jl:922
 [6] include(::Module, ::String) at ./Base.jl:377
 [7] top-level scope at none:2
 [8] eval at ./boot.jl:331 [inlined]
 [9] eval(::Expr) at ./client.jl:449
 [10] top-level scope at ./none:3
in expression starting at /home/pkgeval/.julia/packages/PkgDev/6w4VR/src/PkgDev.jl:4
ERROR: LoadError: Failed to precompile PkgDev [149e707d-584d-56d3-88ec-740c18e106ff] to /home/pkgeval/.julia/compiled/v1.4/PkgDev/KD6BZ_zpN3Q.ji.
Stacktrace:
 [1] error(::String) at ./error.jl:33
 [2] compilecache(::Base.PkgId, ::String) at ./loading.jl:1272
 [3] _require(::Base.PkgId) at ./loading.jl:1029
 [4] require(::Base.PkgId) at ./loading.jl:927
 [5] require(::Module, ::Symbol) at ./loading.jl:922
 [6] include(::String) at ./client.jl:439
 [7] top-level scope at none:6
in expression starting at /home/pkgeval/.julia/packages/PkgDev/6w4VR/test/runtests.jl:1
ERROR: Package PkgDev errored during testing
Stacktrace:
 [1] pkgerror(::String, ::Vararg{String,N} where N) at /buildworker/worker/package_linux64/build/usr/share/julia/stdlib/v1.4/Pkg/src/Types.jl:53
 [2] test(::Pkg.Types.Context, ::Array{Pkg.Types.PackageSpec,1}; coverage::Bool, julia_args::Cmd, test_args::Cmd, test_fn::Nothing) at /buildworker/worker/package_linux64/build/usr/share/julia/stdlib/v1.4/Pkg/src/Operations.jl:1503
 [3] test(::Pkg.Types.Context, ::Array{Pkg.Types.PackageSpec,1}; coverage::Bool, test_fn::Nothing, julia_args::Cmd, test_args::Cmd, kwargs::Base.Iterators.Pairs{Union{},Union{},Tuple{},NamedTuple{(),Tuple{}}}) at /buildworker/worker/package_linux64/build/usr/share/julia/stdlib/v1.4/Pkg/src/API.jl:316
 [4] test(::Pkg.Types.Context, ::Array{Pkg.Types.PackageSpec,1}) at /buildworker/worker/package_linux64/build/usr/share/julia/stdlib/v1.4/Pkg/src/API.jl:303
 [5] #test#68 at /buildworker/worker/package_linux64/build/usr/share/julia/stdlib/v1.4/Pkg/src/API.jl:297 [inlined]
 [6] test at /buildworker/worker/package_linux64/build/usr/share/julia/stdlib/v1.4/Pkg/src/API.jl:297 [inlined]
 [7] #test#67 at /buildworker/worker/package_linux64/build/usr/share/julia/stdlib/v1.4/Pkg/src/API.jl:296 [inlined]
 [8] test at /buildworker/worker/package_linux64/build/usr/share/julia/stdlib/v1.4/Pkg/src/API.jl:296 [inlined]
 [9] test(::String; kwargs::Base.Iterators.Pairs{Union{},Union{},Tuple{},NamedTuple{(),Tuple{}}}) at /buildworker/worker/package_linux64/build/usr/share/julia/stdlib/v1.4/Pkg/src/API.jl:295
 [10] test(::String) at /buildworker/worker/package_linux64/build/usr/share/julia/stdlib/v1.4/Pkg/src/API.jl:295
 [11] top-level scope at none:16
