Julia Version 1.4.0
Commit b8e9a9ecc6 (2020-03-21 16:36 UTC)
Platform Info:
  OS: Linux (x86_64-pc-linux-gnu)
  CPU: AMD Ryzen Threadripper 2990WX 32-Core Processor
  WORD_SIZE: 64
  LIBM: libopenlibm
  LLVM: libLLVM-8.0.1 (ORCJIT, znver1)
Environment:
  JULIA_DEPOT_PATH = ::/usr/local/share/julia
  JULIA_NUM_THREADS = 2

  Resolving package versions...
  Installed DataAPI ───────────────────── v1.1.0
  Installed Tables ────────────────────── v0.2.11
  Installed PkgDev ────────────────────── v1.3.2
  Installed BinaryProvider ────────────── v0.5.8
  Installed JSON ──────────────────────── v0.21.0
  Installed Mustache ──────────────────── v1.0.0
  Installed IniFile ───────────────────── v0.5.0
  Installed Parsers ───────────────────── v0.3.12
  Installed CSTParser ─────────────────── v2.2.0
  Installed GitHub ────────────────────── v5.1.4
    Cloning [d1eb7eb1-105f-429d-abf5-b0f65cb9e2c4] RegistryTools from https://github.com/JuliaRegistries/RegistryTools.jl.git
[?25l    Fetching: [>                                        ]  0.0 %[2K[?25h  Installed RegistryTools ─────────────── v1.3.2
    Cloning [ffa9a821-9c82-50df-894e-fbcef3ed31cd] DocumentFormat from https://github.com/julia-vscode/DocumentFormat.jl.git
[?25l    Fetching: [>                                        ]  0.0 %[2K[?25h  Installed DocumentFormat ────────────── v2.1.0
    Cloning [cd3eb016-35fb-5094-929b-558a96fad6f3] HTTP from https://github.com/JuliaWeb/HTTP.jl.git
[?25l    Fetching: [>                                        ]  0.0 %[2K[?25h  Installed HTTP ──────────────────────── v0.8.13
    Cloning [0796e94c-ce3b-5d07-9a54-7f471281c624] Tokenize from https://github.com/JuliaLang/Tokenize.jl.git
[?25l    Fetching: [>                                        ]  0.0 %[2K[?25h  Installed Tokenize ──────────────────── v0.5.7
    Cloning [e2d170a0-9d28-54be-80f0-106bbe20a464] DataValueInterfaces from https://github.com/queryverse/DataValueInterfaces.jl.git
[?25l    Fetching: [>                                        ]  0.0 %[2K[?25h  Installed DataValueInterfaces ───────── v1.0.0
    Cloning [48062228-2e41-5def-b9a4-89aafe57970f] FilePathsBase from https://github.com/rofinn/FilePathsBase.jl.git
[?25l    Fetching: [>                                        ]  0.0 %[2K[?25h  Installed FilePathsBase ─────────────── v0.7.0
    Cloning [15f4f7f2-30c1-5605-9d31-71845cf9641f] AutoHashEquals from https://github.com/andrewcooke/AutoHashEquals.jl.git
[?25l    Fetching: [>                                        ]  0.0 %[2K[?25h  Installed AutoHashEquals ────────────── v0.2.0
    Cloning [30578b45-9adc-5946-b283-645ec420af67] URIParser from https://github.com/JuliaWeb/URIParser.jl.git
[?25l    Fetching: [>                                        ]  0.0 %[2K[?25h  Installed URIParser ─────────────────── v0.4.0
    Cloning [5c9c0fc8-7103-448b-bb0a-c427020e3b0b] PkgButlerEngine from https://github.com/davidanthoff/PkgButlerEngine.jl.git
[?25l    Fetching: [>                                        ]  0.0 %[2K[?25h  Installed PkgButlerEngine ───────────── v1.5.0
    Cloning [82899510-4779-5014-852e-03e436cf321d] IteratorInterfaceExtensions from https://github.com/queryverse/IteratorInterfaceExtensions.jl.git
[?25l    Fetching: [>                                        ]  0.0 %[2K[?25h  Installed IteratorInterfaceExtensions ─ v1.0.0
    Cloning [739be429-bea8-5141-9913-cc70e7f3736d] MbedTLS from https://github.com/JuliaLang/MbedTLS.jl.git
[?25l    Fetching: [>                                        ]  0.0 %[2K[?25h  Installed MbedTLS ───────────────────── v0.7.0
    Cloning [3783bdb8-4a98-5b6b-af9a-565f29a5fe9c] TableTraits from https://github.com/queryverse/TableTraits.jl.git
[?25l    Fetching: [>                                        ]  0.0 %[2K[?25h  Installed TableTraits ───────────────── v1.0.0
   Updating `~/.julia/environments/v1.4/Project.toml`
  [149e707d] + PkgDev v1.3.2
   Updating `~/.julia/environments/v1.4/Manifest.toml`
  [15f4f7f2] + AutoHashEquals v0.2.0
  [b99e7846] + BinaryProvider v0.5.8
  [00ebfdb7] + CSTParser v2.2.0
  [9a962f9c] + DataAPI v1.1.0
  [e2d170a0] + DataValueInterfaces v1.0.0
  [ffa9a821] + DocumentFormat v2.1.0
  [48062228] + FilePathsBase v0.7.0
  [bc5e4493] + GitHub v5.1.4
  [cd3eb016] + HTTP v0.8.13
  [83e8ac13] + IniFile v0.5.0
  [82899510] + IteratorInterfaceExtensions v1.0.0
  [682c06a0] + JSON v0.21.0
  [739be429] + MbedTLS v0.7.0
  [ffc61752] + Mustache v1.0.0
  [69de0a69] + Parsers v0.3.12
  [5c9c0fc8] + PkgButlerEngine v1.5.0
  [149e707d] + PkgDev v1.3.2
  [d1eb7eb1] + RegistryTools v1.3.2
  [3783bdb8] + TableTraits v1.0.0
  [bd369af6] + Tables v0.2.11
  [0796e94c] + Tokenize v0.5.7
  [30578b45] + URIParser v0.4.0
  [2a0f44e3] + Base64 
  [ade2ca70] + Dates 
  [8ba89e20] + Distributed 
  [b77e0a4c] + InteractiveUtils 
  [76f85450] + LibGit2 
  [8f399da3] + Libdl 
  [37e2e46d] + LinearAlgebra 
  [56ddb016] + Logging 
  [d6f4376e] + Markdown 
  [a63ad114] + Mmap 
  [44cfe95a] + Pkg 
  [de0858da] + Printf 
  [3fa0cd96] + REPL 
  [9a3f8284] + Random 
  [ea8e919c] + SHA 
  [9e88b42a] + Serialization 
  [6462fe0b] + Sockets 
  [8dfed614] + Test 
  [cf7118a7] + UUIDs 
  [4ec0a83e] + Unicode 
   Building MbedTLS → `~/.julia/packages/MbedTLS/a1JFn/deps/build.log`
    Testing PkgDev
Status `/tmp/jl_onb7GO/Manifest.toml`
  [15f4f7f2] AutoHashEquals v0.2.0
  [b99e7846] BinaryProvider v0.5.8
  [00ebfdb7] CSTParser v2.2.0
  [9a962f9c] DataAPI v1.1.0
  [e2d170a0] DataValueInterfaces v1.0.0
  [ffa9a821] DocumentFormat v2.1.0
  [48062228] FilePathsBase v0.7.0
  [bc5e4493] GitHub v5.1.4
  [cd3eb016] HTTP v0.8.13
  [83e8ac13] IniFile v0.5.0
  [82899510] IteratorInterfaceExtensions v1.0.0
  [682c06a0] JSON v0.21.0
  [739be429] MbedTLS v0.7.0
  [ffc61752] Mustache v1.0.0
  [69de0a69] Parsers v0.3.12
  [5c9c0fc8] PkgButlerEngine v1.5.0
  [149e707d] PkgDev v1.3.2
  [d1eb7eb1] RegistryTools v1.3.2
  [3783bdb8] TableTraits v1.0.0
  [bd369af6] Tables v0.2.11
  [0796e94c] Tokenize v0.5.7
  [30578b45] URIParser v0.4.0
  [2a0f44e3] Base64 
  [ade2ca70] Dates 
  [8ba89e20] Distributed 
  [b77e0a4c] InteractiveUtils 
  [76f85450] LibGit2 
  [8f399da3] Libdl 
  [37e2e46d] LinearAlgebra 
  [56ddb016] Logging 
  [d6f4376e] Markdown 
  [a63ad114] Mmap 
  [44cfe95a] Pkg 
  [de0858da] Printf 
  [3fa0cd96] REPL 
  [9a3f8284] Random 
  [ea8e919c] SHA 
  [9e88b42a] Serialization 
  [6462fe0b] Sockets 
  [8dfed614] Test 
  [cf7118a7] UUIDs 
  [4ec0a83e] Unicode 
Test Summary: |
PkgDev        | No tests
    Testing PkgDev tests passed 
