Julia Version 1.3.1
Commit 2d5741174c (2019-12-30 21:36 UTC)
Platform Info:
  OS: Linux (x86_64-pc-linux-gnu)
  CPU: AMD Ryzen Threadripper 2990WX 32-Core Processor
  WORD_SIZE: 64
  LIBM: libopenlibm
  LLVM: libLLVM-6.0.1 (ORCJIT, znver1)
Environment:
  JULIA_DEPOT_PATH = ::/usr/local/share/julia
  JULIA_NUM_THREADS = 2

 Resolving package versions...
 Installed NaNMath ──────────── v0.3.3
 Installed Bzip2_jll ────────── v1.0.6+1
 Installed LibVPX_jll ───────── v1.8.1+1
 Installed libvorbis_jll ────── v1.3.6+2
 Installed IterTools ────────── v1.3.0
 Installed StatsBase ────────── v0.32.2
 Installed PlotUtils ────────── v0.6.4
 Installed Plots ────────────── v0.29.7
 Installed FriBidi_jll ──────── v1.0.5+2
 Installed FFMPEG ───────────── v0.3.0
 Installed PlotThemes ───────── v1.0.1
 Installed DataAPI ──────────── v1.1.0
 Installed Showoff ──────────── v0.3.1
 Installed Measures ─────────── v0.3.1
 Installed x265_jll ─────────── v3.0.0+0
 Installed GeometryTypes ────── v0.7.6
 Installed OpenSSL_jll ──────── v1.1.1+1
 Installed Requires ─────────── v1.0.1
 Installed FreeType2_jll ────── v2.10.1+1
 Installed Zlib_jll ─────────── v1.2.11+8
 Installed RecipesBase ──────── v0.8.0
 Installed StaticArrays ─────── v0.12.1
 Installed DataStructures ───── v0.17.10
 Installed Parsers ──────────── v0.3.12
 Installed x264_jll ─────────── v2019.5.25+1
 Installed ColorTypes ───────── v0.10.0
 Installed FixedPointNumbers ── v0.8.0
 Installed SortingAlgorithms ── v0.3.1
 Installed JSON ─────────────── v0.21.0
 Installed Reexport ─────────── v0.2.0
 Installed libfdk_aac_jll ───── v0.1.6+1
 Installed FFMPEG_jll ───────── v4.1.0+2
 Installed OrderedCollections ─ v1.1.0
 Installed libass_jll ───────── v0.14.0+0
 Installed Ogg_jll ──────────── v1.3.3+0
 Installed Colors ───────────── v0.12.0
 Installed Missings ─────────── v0.4.3
 Installed LAME_jll ─────────── v3.100.0+0
 Installed Contour ──────────── v0.5.2
 Installed Opus_jll ─────────── v1.3.1+0
 Installed GR ───────────────── v0.47.0
  Updating `~/.julia/environments/v1.3/Project.toml`
  [91a5bcdd] + Plots v0.29.7
  Updating `~/.julia/environments/v1.3/Manifest.toml`
  [6e34b625] + Bzip2_jll v1.0.6+1
  [3da002f7] + ColorTypes v0.10.0
  [5ae59095] + Colors v0.12.0
  [d38c429a] + Contour v0.5.2
  [9a962f9c] + DataAPI v1.1.0
  [864edb3b] + DataStructures v0.17.10
  [c87230d0] + FFMPEG v0.3.0
  [b22a6f82] + FFMPEG_jll v4.1.0+2
  [53c48c17] + FixedPointNumbers v0.8.0
  [d7e528f0] + FreeType2_jll v2.10.1+1
  [559328eb] + FriBidi_jll v1.0.5+2
  [28b8d3ca] + GR v0.47.0
  [4d00f742] + GeometryTypes v0.7.6
  [c8e1da08] + IterTools v1.3.0
  [682c06a0] + JSON v0.21.0
  [c1c5ebd0] + LAME_jll v3.100.0+0
  [dd192d2f] + LibVPX_jll v1.8.1+1
  [442fdcdd] + Measures v0.3.1
  [e1d29d7a] + Missings v0.4.3
  [77ba4419] + NaNMath v0.3.3
  [e7412a2a] + Ogg_jll v1.3.3+0
  [458c3c95] + OpenSSL_jll v1.1.1+1
  [91d4177d] + Opus_jll v1.3.1+0
  [bac558e1] + OrderedCollections v1.1.0
  [69de0a69] + Parsers v0.3.12
  [ccf2f8ad] + PlotThemes v1.0.1
  [995b91a9] + PlotUtils v0.6.4
  [91a5bcdd] + Plots v0.29.7
  [3cdcf5f2] + RecipesBase v0.8.0
  [189a3867] + Reexport v0.2.0
  [ae029012] + Requires v1.0.1
  [992d4aef] + Showoff v0.3.1
  [a2af1166] + SortingAlgorithms v0.3.1
  [90137ffa] + StaticArrays v0.12.1
  [2913bbd2] + StatsBase v0.32.2
  [83775a58] + Zlib_jll v1.2.11+8
  [0ac62f75] + libass_jll v0.14.0+0
  [f638f0a6] + libfdk_aac_jll v0.1.6+1
  [f27f6e37] + libvorbis_jll v1.3.6+2
  [1270edf5] + x264_jll v2019.5.25+1
  [dfaa095f] + x265_jll v3.0.0+0
  [2a0f44e3] + Base64 
  [ade2ca70] + Dates 
  [8bb1440f] + DelimitedFiles 
  [8ba89e20] + Distributed 
  [b77e0a4c] + InteractiveUtils 
  [76f85450] + LibGit2 
  [8f399da3] + Libdl 
  [37e2e46d] + LinearAlgebra 
  [56ddb016] + Logging 
  [d6f4376e] + Markdown 
  [a63ad114] + Mmap 
  [44cfe95a] + Pkg 
  [de0858da] + Printf 
  [3fa0cd96] + REPL 
  [9a3f8284] + Random 
  [ea8e919c] + SHA 
  [9e88b42a] + Serialization 
  [6462fe0b] + Sockets 
  [2f01184e] + SparseArrays 
  [10745b16] + Statistics 
  [8dfed614] + Test 
  [cf7118a7] + UUIDs 
  [4ec0a83e] + Unicode 
  Building GR ───→ `~/.julia/packages/GR/tPkHV/deps/build.log`
  Building Plots → `~/.julia/packages/Plots/XpHkc/deps/build.log`
   Testing Plots
 Resolving package versions...
ERROR: Unsatisfiable requirements detected for package ColorVectorSpace [c3611d14]:
 ColorVectorSpace [c3611d14] log:
 ├─possible versions are: [0.6.0-0.6.2, 0.7.0-0.7.1, 0.8.0-0.8.3] or uninstalled
 ├─restricted by compatibility requirements with FixedPointNumbers [53c48c17] to versions: uninstalled
 │ └─FixedPointNumbers [53c48c17] log:
 │   ├─possible versions are: [0.5.0-0.5.3, 0.6.0-0.6.1, 0.7.0-0.7.1, 0.8.0] or uninstalled
 │   └─restricted to versions 0.8.0 by an explicit requirement, leaving only versions 0.8.0
 └─restricted by compatibility requirements with VisualRegressionTests [34922c18] to versions: [0.6.1-0.6.2, 0.7.0-0.7.1, 0.8.0-0.8.3] — no versions left
   └─VisualRegressionTests [34922c18] log:
     ├─possible versions are: [0.2.0-0.2.2, 0.3.0-0.3.2] or uninstalled
     ├─restricted to versions * by an explicit requirement, leaving only versions [0.2.0-0.2.2, 0.3.0-0.3.2]
     └─restricted by compatibility requirements with ColorTypes [3da002f7] to versions: [0.2.0-0.2.2, 0.3.0-0.3.1] or uninstalled, leaving only versions: [0.2.0-0.2.2, 0.3.0-0.3.1]
       └─ColorTypes [3da002f7] log:
         ├─possible versions are: [0.7.0-0.7.5, 0.8.0-0.8.1, 0.9.0-0.9.1, 0.10.0] or uninstalled
         └─restricted to versions 0.10.0 by an explicit requirement, leaving only versions 0.10.0
Stacktrace:
 [1] #propagate_constraints!#61(::Bool, ::typeof(Pkg.GraphType.propagate_constraints!), ::Pkg.GraphType.Graph, ::Set{Int64}) at /buildworker/worker/package_linux64/build/usr/share/julia/stdlib/v1.3/Pkg/src/GraphType.jl:1007
 [2] propagate_constraints! at /buildworker/worker/package_linux64/build/usr/share/julia/stdlib/v1.3/Pkg/src/GraphType.jl:948 [inlined]
 [3] #simplify_graph!#121(::Bool, ::typeof(Pkg.GraphType.simplify_graph!), ::Pkg.GraphType.Graph, ::Set{Int64}) at /buildworker/worker/package_linux64/build/usr/share/julia/stdlib/v1.3/Pkg/src/GraphType.jl:1462
 [4] simplify_graph! at /buildworker/worker/package_linux64/build/usr/share/julia/stdlib/v1.3/Pkg/src/GraphType.jl:1462 [inlined]
 [5] _resolve_versions!(::Pkg.Types.Context, ::Array{Pkg.Types.PackageSpec,1}, ::Nothing) at /buildworker/worker/package_linux64/build/usr/share/julia/stdlib/v1.3/Pkg/src/backwards_compatible_isolation.jl:148
 [6] _resolve_versions! at /buildworker/worker/package_linux64/build/usr/share/julia/stdlib/v1.3/Pkg/src/backwards_compatible_isolation.jl:93 [inlined]
 [7] #_add_or_develop#26(::Array{Base.UUID,1}, ::Symbol, ::typeof(Pkg.Operations._add_or_develop), ::Pkg.Types.Context, ::Array{Pkg.Types.PackageSpec,1}) at /buildworker/worker/package_linux64/build/usr/share/julia/stdlib/v1.3/Pkg/src/backwards_compatible_isolation.jl:348
 [8] _add_or_develop at /buildworker/worker/package_linux64/build/usr/share/julia/stdlib/v1.3/Pkg/src/backwards_compatible_isolation.jl:333 [inlined]
 [9] (::Pkg.Operations.var"#30#36"{Bool,Pkg.Operations.var"#42#44"{Pkg.Types.Context,Pkg.Types.PackageSpec,Pkg.Operations.var"#41#43"{Pkg.Types.Context,Pkg.Types.PackageSpec,Array{String,1},Cmd}},Pkg.Types.Context,Pkg.Types.PackageSpec,Pkg.Types.Context,Set{Base.UUID},Set{Base.UUID},Array{Pkg.Types.PackageSpec,1}})(::String) at /buildworker/worker/package_linux64/build/usr/share/julia/stdlib/v1.3/Pkg/src/backwards_compatible_isolation.jl:537
 [10] #mktempdir#18(::String, ::typeof(mktempdir), ::Pkg.Operations.var"#30#36"{Bool,Pkg.Operations.var"#42#44"{Pkg.Types.Context,Pkg.Types.PackageSpec,Pkg.Operations.var"#41#43"{Pkg.Types.Context,Pkg.Types.PackageSpec,Array{String,1},Cmd}},Pkg.Types.Context,Pkg.Types.PackageSpec,Pkg.Types.Context,Set{Base.UUID},Set{Base.UUID},Array{Pkg.Types.PackageSpec,1}}, ::String) at ./file.jl:634
 [11] mktempdir at ./file.jl:632 [inlined] (repeats 2 times)
 [12] #with_dependencies_loadable_at_toplevel#27(::Bool, ::typeof(Pkg.Operations.with_dependencies_loadable_at_toplevel), ::Pkg.Operations.var"#42#44"{Pkg.Types.Context,Pkg.Types.PackageSpec,Pkg.Operations.var"#41#43"{Pkg.Types.Context,Pkg.Types.PackageSpec,Array{String,1},Cmd}}, ::Pkg.Types.Context, ::Pkg.Types.PackageSpec) at /buildworker/worker/package_linux64/build/usr/share/julia/stdlib/v1.3/Pkg/src/backwards_compatible_isolation.jl:516
 [13] #with_dependencies_loadable_at_toplevel at ./none:0 [inlined]
 [14] #backwards_compatibility_for_test#40(::Cmd, ::Cmd, ::typeof(Pkg.Operations.backwards_compatibility_for_test), ::Pkg.Types.Context, ::Pkg.Types.PackageSpec, ::String, ::Array{String,1}, ::Bool) at /buildworker/worker/package_linux64/build/usr/share/julia/stdlib/v1.3/Pkg/src/backwards_compatible_isolation.jl:608
 [15] #backwards_compatibility_for_test at ./none:0 [inlined]
 [16] #test#131(::Bool, ::Nothing, ::Cmd, ::Cmd, ::typeof(Pkg.Operations.test), ::Pkg.Types.Context, ::Array{Pkg.Types.PackageSpec,1}) at /buildworker/worker/package_linux64/build/usr/share/julia/stdlib/v1.3/Pkg/src/Operations.jl:1347
 [17] #test at ./none:0 [inlined]
 [18] #test#62(::Bool, ::Nothing, ::Cmd, ::Cmd, ::Base.Iterators.Pairs{Union{},Union{},Tuple{},NamedTuple{(),Tuple{}}}, ::typeof(Pkg.API.test), ::Pkg.Types.Context, ::Array{Pkg.Types.PackageSpec,1}) at /buildworker/worker/package_linux64/build/usr/share/julia/stdlib/v1.3/Pkg/src/API.jl:253
 [19] test(::Pkg.Types.Context, ::Array{Pkg.Types.PackageSpec,1}) at /buildworker/worker/package_linux64/build/usr/share/julia/stdlib/v1.3/Pkg/src/API.jl:239
 [20] #test#61 at /buildworker/worker/package_linux64/build/usr/share/julia/stdlib/v1.3/Pkg/src/API.jl:233 [inlined]
 [21] test at /buildworker/worker/package_linux64/build/usr/share/julia/stdlib/v1.3/Pkg/src/API.jl:233 [inlined]
 [22] #test#60 at /buildworker/worker/package_linux64/build/usr/share/julia/stdlib/v1.3/Pkg/src/API.jl:232 [inlined]
 [23] test at /buildworker/worker/package_linux64/build/usr/share/julia/stdlib/v1.3/Pkg/src/API.jl:232 [inlined]
 [24] #test#59(::Base.Iterators.Pairs{Union{},Union{},Tuple{},NamedTuple{(),Tuple{}}}, ::typeof(Pkg.API.test), ::String) at /buildworker/worker/package_linux64/build/usr/share/julia/stdlib/v1.3/Pkg/src/API.jl:231
 [25] test(::String) at /buildworker/worker/package_linux64/build/usr/share/julia/stdlib/v1.3/Pkg/src/API.jl:231
 [26] top-level scope at none:13
