Julia Version 1.3.1
Commit 2d5741174c (2019-12-30 21:36 UTC)
Platform Info:
  OS: Linux (x86_64-pc-linux-gnu)
  CPU: AMD Ryzen Threadripper 2990WX 32-Core Processor
  WORD_SIZE: 64
  LIBM: libopenlibm
  LLVM: libLLVM-6.0.1 (ORCJIT, znver1)
Environment:
  JULIA_DEPOT_PATH = ::/usr/local/share/julia
  JULIA_NUM_THREADS = 2

 Resolving package versions...
 Installed IntelOpenMP_jll ────────────── v2018.0.3+0
 Installed FastTransforms_jll ─────────── v0.2.13+0
 Installed IterTools ──────────────────── v1.3.0
 Installed StatsBase ──────────────────── v0.32.2
 Installed MPFR_jll ───────────────────── v4.0.2+2
 Installed OpenBLAS_jll ───────────────── v0.3.7+7
 Installed FastGaussQuadrature ────────── v0.4.2
 Installed CompilerSupportLibraries_jll ─ v0.2.0+1
 Installed ArgCheck ───────────────────── v1.1.0
 Installed DataAPI ────────────────────── v1.1.0
 Installed RecipesBase ────────────────── v0.8.0
 Installed FFTW ───────────────────────── v1.2.0
 Installed PolynomialBases ────────────── v0.4.5
 Installed Requires ───────────────────── v1.0.1
 Installed SpecialFunctions ───────────── v0.10.0
 Installed AbstractFFTs ───────────────── v0.5.0
 Installed DataStructures ─────────────── v0.17.10
 Installed SortingAlgorithms ──────────── v0.3.1
 Installed GMP_jll ────────────────────── v6.1.2+4
 Installed Reexport ───────────────────── v0.2.0
 Installed Parameters ─────────────────── v0.12.0
 Installed DSP ────────────────────────── v0.6.3
 Installed MKL_jll ────────────────────── v2019.0.117+2
 Installed BinaryProvider ─────────────── v0.5.8
 Installed OrderedCollections ─────────── v1.1.0
 Installed FastTransforms ─────────────── v0.8.2
 Installed OpenSpecFun_jll ────────────── v0.5.3+3
 Installed FFTW_jll ───────────────────── v3.3.9+4
 Installed Missings ───────────────────── v0.4.3
 Installed Polynomials ────────────────── v0.6.1
 Installed ToeplitzMatrices ───────────── v0.6.1
  Updating `~/.julia/environments/v1.3/Project.toml`
  [c74db56a] + PolynomialBases v0.4.5
  Updating `~/.julia/environments/v1.3/Manifest.toml`
  [621f4979] + AbstractFFTs v0.5.0
  [dce04be8] + ArgCheck v1.1.0
  [b99e7846] + BinaryProvider v0.5.8
  [e66e0078] + CompilerSupportLibraries_jll v0.2.0+1
  [717857b8] + DSP v0.6.3
  [9a962f9c] + DataAPI v1.1.0
  [864edb3b] + DataStructures v0.17.10
  [7a1cc6ca] + FFTW v1.2.0
  [f5851436] + FFTW_jll v3.3.9+4
  [442a2c76] + FastGaussQuadrature v0.4.2
  [057dd010] + FastTransforms v0.8.2
  [34b6f7d7] + FastTransforms_jll v0.2.13+0
  [781609d7] + GMP_jll v6.1.2+4
  [1d5cc7b8] + IntelOpenMP_jll v2018.0.3+0
  [c8e1da08] + IterTools v1.3.0
  [856f044c] + MKL_jll v2019.0.117+2
  [3a97d323] + MPFR_jll v4.0.2+2
  [e1d29d7a] + Missings v0.4.3
  [4536629a] + OpenBLAS_jll v0.3.7+7
  [efe28fd5] + OpenSpecFun_jll v0.5.3+3
  [bac558e1] + OrderedCollections v1.1.0
  [d96e819e] + Parameters v0.12.0
  [c74db56a] + PolynomialBases v0.4.5
  [f27b6e38] + Polynomials v0.6.1
  [3cdcf5f2] + RecipesBase v0.8.0
  [189a3867] + Reexport v0.2.0
  [ae029012] + Requires v1.0.1
  [a2af1166] + SortingAlgorithms v0.3.1
  [276daf66] + SpecialFunctions v0.10.0
  [2913bbd2] + StatsBase v0.32.2
  [c751599d] + ToeplitzMatrices v0.6.1
  [2a0f44e3] + Base64 
  [ade2ca70] + Dates 
  [8ba89e20] + Distributed 
  [b77e0a4c] + InteractiveUtils 
  [76f85450] + LibGit2 
  [8f399da3] + Libdl 
  [37e2e46d] + LinearAlgebra 
  [56ddb016] + Logging 
  [d6f4376e] + Markdown 
  [44cfe95a] + Pkg 
  [de0858da] + Printf 
  [3fa0cd96] + REPL 
  [9a3f8284] + Random 
  [ea8e919c] + SHA 
  [9e88b42a] + Serialization 
  [6462fe0b] + Sockets 
  [2f01184e] + SparseArrays 
  [10745b16] + Statistics 
  [8dfed614] + Test 
  [cf7118a7] + UUIDs 
  [4ec0a83e] + Unicode 
  Building FFTW ──────────→ `~/.julia/packages/FFTW/qqcBj/deps/build.log`
  Building FastTransforms → `~/.julia/packages/FastTransforms/MjTJy/deps/build.log`
   Testing PolynomialBases
 Resolving package versions...
 Installed MacroTools ───── v0.5.4
 Installed Parsers ──────── v0.3.12
 Installed Compat ───────── v3.8.0
 Installed VersionParsing ─ v1.2.0
 Installed SymEngine ────── v0.7.1
 Installed StaticArrays ─── v0.12.1
 Installed JSON ─────────── v0.21.0
 Installed Conda ────────── v1.4.1
 Installed PyCall ───────── v1.91.4
 Installed SymPy ────────── v1.0.7
  Building SymEngine → `~/.julia/packages/SymEngine/RK5Ks/deps/build.log`
  Building Conda ────→ `~/.julia/packages/Conda/3rPhK/deps/build.log`
  Building PyCall ───→ `~/.julia/packages/PyCall/zqDXB/deps/build.log`
    Status `/tmp/jl_C4FY2Q/Manifest.toml`
  [621f4979] AbstractFFTs v0.5.0
  [dce04be8] ArgCheck v1.1.0
  [b99e7846] BinaryProvider v0.5.8
  [34da2185] Compat v3.8.0
  [e66e0078] CompilerSupportLibraries_jll v0.2.0+1
  [8f4d0f93] Conda v1.4.1
  [717857b8] DSP v0.6.3
  [9a962f9c] DataAPI v1.1.0
  [864edb3b] DataStructures v0.17.10
  [7a1cc6ca] FFTW v1.2.0
  [f5851436] FFTW_jll v3.3.9+4
  [442a2c76] FastGaussQuadrature v0.4.2
  [057dd010] FastTransforms v0.8.2
  [34b6f7d7] FastTransforms_jll v0.2.13+0
  [781609d7] GMP_jll v6.1.2+4
  [1d5cc7b8] IntelOpenMP_jll v2018.0.3+0
  [c8e1da08] IterTools v1.3.0
  [682c06a0] JSON v0.21.0
  [856f044c] MKL_jll v2019.0.117+2
  [3a97d323] MPFR_jll v4.0.2+2
  [1914dd2f] MacroTools v0.5.4
  [e1d29d7a] Missings v0.4.3
  [4536629a] OpenBLAS_jll v0.3.7+7
  [efe28fd5] OpenSpecFun_jll v0.5.3+3
  [bac558e1] OrderedCollections v1.1.0
  [d96e819e] Parameters v0.12.0
  [69de0a69] Parsers v0.3.12
  [c74db56a] PolynomialBases v0.4.5
  [f27b6e38] Polynomials v0.6.1
  [438e738f] PyCall v1.91.4
  [3cdcf5f2] RecipesBase v0.8.0
  [189a3867] Reexport v0.2.0
  [ae029012] Requires v1.0.1
  [a2af1166] SortingAlgorithms v0.3.1
  [276daf66] SpecialFunctions v0.10.0
  [90137ffa] StaticArrays v0.12.1
  [2913bbd2] StatsBase v0.32.2
  [123dc426] SymEngine v0.7.1
  [24249f21] SymPy v1.0.7
  [c751599d] ToeplitzMatrices v0.6.1
  [81def892] VersionParsing v1.2.0
  [2a0f44e3] Base64  [`@stdlib/Base64`]
  [ade2ca70] Dates  [`@stdlib/Dates`]
  [8bb1440f] DelimitedFiles  [`@stdlib/DelimitedFiles`]
  [8ba89e20] Distributed  [`@stdlib/Distributed`]
  [b77e0a4c] InteractiveUtils  [`@stdlib/InteractiveUtils`]
  [76f85450] LibGit2  [`@stdlib/LibGit2`]
  [8f399da3] Libdl  [`@stdlib/Libdl`]
  [37e2e46d] LinearAlgebra  [`@stdlib/LinearAlgebra`]
  [56ddb016] Logging  [`@stdlib/Logging`]
  [d6f4376e] Markdown  [`@stdlib/Markdown`]
  [a63ad114] Mmap  [`@stdlib/Mmap`]
  [44cfe95a] Pkg  [`@stdlib/Pkg`]
  [de0858da] Printf  [`@stdlib/Printf`]
  [3fa0cd96] REPL  [`@stdlib/REPL`]
  [9a3f8284] Random  [`@stdlib/Random`]
  [ea8e919c] SHA  [`@stdlib/SHA`]
  [9e88b42a] Serialization  [`@stdlib/Serialization`]
  [1a1011a3] SharedArrays  [`@stdlib/SharedArrays`]
  [6462fe0b] Sockets  [`@stdlib/Sockets`]
  [2f01184e] SparseArrays  [`@stdlib/SparseArrays`]
  [10745b16] Statistics  [`@stdlib/Statistics`]
  [8dfed614] Test  [`@stdlib/Test`]
  [cf7118a7] UUIDs  [`@stdlib/UUIDs`]
  [4ec0a83e] Unicode  [`@stdlib/Unicode`]
Test Summary:      | Pass  Total
Canonical Mappings |  184    184
 35.650969 seconds (51.20 M allocations: 2.407 GiB, 7.62% gc time)
Test Summary: | Pass  Total
Interpolation | 1266   1266
 30.429418 seconds (17.79 M allocations: 934.436 MiB, 1.55% gc time)
Test Summary: | Pass  Total
Integration   |  156    156
  2.384445 seconds (1.64 M allocations: 78.252 MiB, 1.04% gc time)
Test Summary: | Pass  Total
Derivatives   |  272    272
  2.313880 seconds (1.62 M allocations: 80.001 MiB, 2.68% gc time)
Test Summary: | Pass  Total
Legendre      |  100    100
  7.500460 seconds (7.30 M allocations: 353.279 MiB, 2.90% gc time)
Test Summary: |
Gegenbauer    | No tests
  0.180868 seconds (26.40 k allocations: 1.401 MiB)
Test Summary: |  Pass  Total
Jacobi        | 77500  77500
 25.396768 seconds (90.40 M allocations: 1.772 GiB, 3.12% gc time)
Test Summary: |
Hermite       | No tests
  0.103558 seconds (22.49 k allocations: 1.206 MiB)
Test Summary: |
Laguerre      | No tests
  0.126344 seconds (72.66 k allocations: 3.845 MiB)
Test Summary: |
Hahn          | No tests
  0.124933 seconds (38.81 k allocations: 2.016 MiB, 37.63% gc time)
Test Summary: | Pass  Total
Utilities     |  320    320
  6.263406 seconds (8.17 M allocations: 399.717 MiB, 4.17% gc time)
Test Summary:          |
Symbolic Bases (SymPy) | No tests
  0.020257 seconds (3.24 k allocations: 216.547 KiB)
WARNING: importing deprecated binding Compat.invokelatest into SymEngine.
WARNING: Compat.MathConstants is deprecated, use Base.MathConstants instead.
  likely near /home/pkgeval/.julia/packages/SymEngine/RK5Ks/src/SymEngine.jl:6
WARNING: Compat.MathConstants is deprecated, use Base.MathConstants instead.
  likely near /home/pkgeval/.julia/packages/SymEngine/RK5Ks/src/SymEngine.jl:6
WARNING: Compat.MathConstants is deprecated, use Base.MathConstants instead.
  likely near /home/pkgeval/.julia/packages/SymEngine/RK5Ks/src/SymEngine.jl:6
WARNING: Compat.MathConstants is deprecated, use Base.MathConstants instead.
  likely near /home/pkgeval/.julia/packages/SymEngine/RK5Ks/src/SymEngine.jl:6
WARNING: importing deprecated binding Compat.LinearAlgebra into SymEngine.
WARNING: importing deprecated binding Compat.Libdl into SymEngine.
WARNING: Compat.LinearAlgebra is deprecated, use LinearAlgebra instead.
  likely near /home/pkgeval/.julia/packages/SymEngine/RK5Ks/src/dense-matrix.jl:162
WARNING: Compat.LinearAlgebra is deprecated, use LinearAlgebra instead.
  likely near /home/pkgeval/.julia/packages/SymEngine/RK5Ks/src/dense-matrix.jl:166
WARNING: Compat.LinearAlgebra is deprecated, use LinearAlgebra instead.
  likely near /home/pkgeval/.julia/packages/SymEngine/RK5Ks/src/dense-matrix.jl:168
WARNING: Compat.LinearAlgebra is deprecated, use LinearAlgebra instead.
  likely near /home/pkgeval/.julia/packages/SymEngine/RK5Ks/src/dense-matrix.jl:168
Test Summary:              | Pass  Total
Symbolic Bases (SymEngine) |   50     50
 12.827895 seconds (6.31 M allocations: 302.202 MiB, 1.48% gc time)
   Testing PolynomialBases tests passed 
