Julia Version 1.3.1
Commit 2d5741174c (2019-12-30 21:36 UTC)
Platform Info:
  OS: Linux (x86_64-pc-linux-gnu)
  CPU: AMD Ryzen Threadripper 2990WX 32-Core Processor
  WORD_SIZE: 64
  LIBM: libopenlibm
  LLVM: libLLVM-6.0.1 (ORCJIT, znver1)
Environment:
  JULIA_DEPOT_PATH = ::/usr/local/share/julia
  JULIA_NUM_THREADS = 2

 Resolving package versions...
 Installed OpenBLAS_jll ───────────────── v0.3.7+7
 Installed MPFR_jll ───────────────────── v4.0.2+2
 Installed IntelOpenMP_jll ────────────── v2018.0.3+0
 Installed FastTransforms_jll ─────────── v0.2.13+0
 Installed FastGaussQuadrature ────────── v0.4.2
 Installed PolynomialBases ────────────── v0.4.5
 Installed IterTools ──────────────────── v1.3.0
 Installed StatsBase ──────────────────── v0.32.2
 Installed DataAPI ────────────────────── v1.1.0
 Installed RecipesBase ────────────────── v0.8.0
 Installed FFTW ───────────────────────── v1.2.0
 Installed Requires ───────────────────── v1.0.1
 Installed SpecialFunctions ───────────── v0.10.0
 Installed CompilerSupportLibraries_jll ─ v0.2.0+1
 Installed GMP_jll ────────────────────── v6.1.2+4
 Installed SortingAlgorithms ──────────── v0.3.1
 Installed ToeplitzMatrices ───────────── v0.6.1
 Installed ArgCheck ───────────────────── v1.1.0
 Installed AbstractFFTs ───────────────── v0.5.0
 Installed DataStructures ─────────────── v0.17.10
 Installed DSP ────────────────────────── v0.6.3
 Installed Reexport ───────────────────── v0.2.0
 Installed OrderedCollections ─────────── v1.1.0
 Installed OpenSpecFun_jll ────────────── v0.5.3+3
 Installed BinaryProvider ─────────────── v0.5.8
 Installed MKL_jll ────────────────────── v2019.0.117+2
 Installed FastTransforms ─────────────── v0.8.2
 Installed Parameters ─────────────────── v0.12.0
 Installed Missings ───────────────────── v0.4.3
 Installed FFTW_jll ───────────────────── v3.3.9+4
 Installed Polynomials ────────────────── v0.6.1
  Updating `~/.julia/environments/v1.3/Project.toml`
  [c74db56a] + PolynomialBases v0.4.5
  Updating `~/.julia/environments/v1.3/Manifest.toml`
  [621f4979] + AbstractFFTs v0.5.0
  [dce04be8] + ArgCheck v1.1.0
  [b99e7846] + BinaryProvider v0.5.8
  [e66e0078] + CompilerSupportLibraries_jll v0.2.0+1
  [717857b8] + DSP v0.6.3
  [9a962f9c] + DataAPI v1.1.0
  [864edb3b] + DataStructures v0.17.10
  [7a1cc6ca] + FFTW v1.2.0
  [f5851436] + FFTW_jll v3.3.9+4
  [442a2c76] + FastGaussQuadrature v0.4.2
  [057dd010] + FastTransforms v0.8.2
  [34b6f7d7] + FastTransforms_jll v0.2.13+0
  [781609d7] + GMP_jll v6.1.2+4
  [1d5cc7b8] + IntelOpenMP_jll v2018.0.3+0
  [c8e1da08] + IterTools v1.3.0
  [856f044c] + MKL_jll v2019.0.117+2
  [3a97d323] + MPFR_jll v4.0.2+2
  [e1d29d7a] + Missings v0.4.3
  [4536629a] + OpenBLAS_jll v0.3.7+7
  [efe28fd5] + OpenSpecFun_jll v0.5.3+3
  [bac558e1] + OrderedCollections v1.1.0
  [d96e819e] + Parameters v0.12.0
  [c74db56a] + PolynomialBases v0.4.5
  [f27b6e38] + Polynomials v0.6.1
  [3cdcf5f2] + RecipesBase v0.8.0
  [189a3867] + Reexport v0.2.0
  [ae029012] + Requires v1.0.1
  [a2af1166] + SortingAlgorithms v0.3.1
  [276daf66] + SpecialFunctions v0.10.0
  [2913bbd2] + StatsBase v0.32.2
  [c751599d] + ToeplitzMatrices v0.6.1
  [2a0f44e3] + Base64 
  [ade2ca70] + Dates 
  [8ba89e20] + Distributed 
  [b77e0a4c] + InteractiveUtils 
  [76f85450] + LibGit2 
  [8f399da3] + Libdl 
  [37e2e46d] + LinearAlgebra 
  [56ddb016] + Logging 
  [d6f4376e] + Markdown 
  [44cfe95a] + Pkg 
  [de0858da] + Printf 
  [3fa0cd96] + REPL 
  [9a3f8284] + Random 
  [ea8e919c] + SHA 
  [9e88b42a] + Serialization 
  [6462fe0b] + Sockets 
  [2f01184e] + SparseArrays 
  [10745b16] + Statistics 
  [8dfed614] + Test 
  [cf7118a7] + UUIDs 
  [4ec0a83e] + Unicode 
  Building FFTW ──────────→ `~/.julia/packages/FFTW/qqcBj/deps/build.log`
  Building FastTransforms → `~/.julia/packages/FastTransforms/MjTJy/deps/build.log`
   Testing PolynomialBases
 Resolving package versions...
ERROR: Unsatisfiable requirements detected for package RecipesBase [3cdcf5f2]:
 RecipesBase [3cdcf5f2] log:
 ├─possible versions are: [0.4.0, 0.5.0, 0.6.0, 0.7.0, 0.8.0] or uninstalled
 ├─restricted to versions 0.8.0 by an explicit requirement, leaving only versions 0.8.0
 └─restricted by compatibility requirements with SymPy [24249f21] to versions: 0.7.0 — no versions left
   └─SymPy [24249f21] log:
     ├─possible versions are: [0.7.0, 0.8.0-0.8.4, 0.9.0, 1.0.0-1.0.18] or uninstalled
     ├─restricted to versions * by an explicit requirement, leaving only versions [0.7.0, 0.8.0-0.8.4, 0.9.0, 1.0.0-1.0.18]
     └─restricted by compatibility requirements with SpecialFunctions [276daf66] to versions: 1.0.16-1.0.18 or uninstalled, leaving only versions: 1.0.16-1.0.18
       └─SpecialFunctions [276daf66] log:
         ├─possible versions are: [0.7.0-0.7.2, 0.8.0, 0.9.0, 0.10.0] or uninstalled
         └─restricted to versions 0.10.0 by an explicit requirement, leaving only versions 0.10.0
Stacktrace:
 [1] #propagate_constraints!#61(::Bool, ::typeof(Pkg.GraphType.propagate_constraints!), ::Pkg.GraphType.Graph, ::Set{Int64}) at /buildworker/worker/package_linux64/build/usr/share/julia/stdlib/v1.3/Pkg/src/GraphType.jl:1007
 [2] propagate_constraints! at /buildworker/worker/package_linux64/build/usr/share/julia/stdlib/v1.3/Pkg/src/GraphType.jl:948 [inlined]
 [3] #simplify_graph!#121(::Bool, ::typeof(Pkg.GraphType.simplify_graph!), ::Pkg.GraphType.Graph, ::Set{Int64}) at /buildworker/worker/package_linux64/build/usr/share/julia/stdlib/v1.3/Pkg/src/GraphType.jl:1462
 [4] simplify_graph! at /buildworker/worker/package_linux64/build/usr/share/julia/stdlib/v1.3/Pkg/src/GraphType.jl:1462 [inlined]
 [5] _resolve_versions!(::Pkg.Types.Context, ::Array{Pkg.Types.PackageSpec,1}, ::Nothing) at /buildworker/worker/package_linux64/build/usr/share/julia/stdlib/v1.3/Pkg/src/backwards_compatible_isolation.jl:148
 [6] _resolve_versions! at /buildworker/worker/package_linux64/build/usr/share/julia/stdlib/v1.3/Pkg/src/backwards_compatible_isolation.jl:93 [inlined]
 [7] #_add_or_develop#26(::Array{Base.UUID,1}, ::Symbol, ::typeof(Pkg.Operations._add_or_develop), ::Pkg.Types.Context, ::Array{Pkg.Types.PackageSpec,1}) at /buildworker/worker/package_linux64/build/usr/share/julia/stdlib/v1.3/Pkg/src/backwards_compatible_isolation.jl:348
 [8] _add_or_develop at /buildworker/worker/package_linux64/build/usr/share/julia/stdlib/v1.3/Pkg/src/backwards_compatible_isolation.jl:333 [inlined]
 [9] (::Pkg.Operations.var"#30#36"{Bool,Pkg.Operations.var"#42#44"{Pkg.Types.Context,Pkg.Types.PackageSpec,Pkg.Operations.var"#41#43"{Pkg.Types.Context,Pkg.Types.PackageSpec,Array{String,1},Cmd}},Pkg.Types.Context,Pkg.Types.PackageSpec,Pkg.Types.Context,Set{Base.UUID},Set{Base.UUID},Array{Pkg.Types.PackageSpec,1}})(::String) at /buildworker/worker/package_linux64/build/usr/share/julia/stdlib/v1.3/Pkg/src/backwards_compatible_isolation.jl:537
 [10] #mktempdir#18(::String, ::typeof(mktempdir), ::Pkg.Operations.var"#30#36"{Bool,Pkg.Operations.var"#42#44"{Pkg.Types.Context,Pkg.Types.PackageSpec,Pkg.Operations.var"#41#43"{Pkg.Types.Context,Pkg.Types.PackageSpec,Array{String,1},Cmd}},Pkg.Types.Context,Pkg.Types.PackageSpec,Pkg.Types.Context,Set{Base.UUID},Set{Base.UUID},Array{Pkg.Types.PackageSpec,1}}, ::String) at ./file.jl:634
 [11] mktempdir at ./file.jl:632 [inlined] (repeats 2 times)
 [12] #with_dependencies_loadable_at_toplevel#27(::Bool, ::typeof(Pkg.Operations.with_dependencies_loadable_at_toplevel), ::Pkg.Operations.var"#42#44"{Pkg.Types.Context,Pkg.Types.PackageSpec,Pkg.Operations.var"#41#43"{Pkg.Types.Context,Pkg.Types.PackageSpec,Array{String,1},Cmd}}, ::Pkg.Types.Context, ::Pkg.Types.PackageSpec) at /buildworker/worker/package_linux64/build/usr/share/julia/stdlib/v1.3/Pkg/src/backwards_compatible_isolation.jl:516
 [13] #with_dependencies_loadable_at_toplevel at ./none:0 [inlined]
 [14] #backwards_compatibility_for_test#40(::Cmd, ::Cmd, ::typeof(Pkg.Operations.backwards_compatibility_for_test), ::Pkg.Types.Context, ::Pkg.Types.PackageSpec, ::String, ::Array{String,1}, ::Bool) at /buildworker/worker/package_linux64/build/usr/share/julia/stdlib/v1.3/Pkg/src/backwards_compatible_isolation.jl:608
 [15] #backwards_compatibility_for_test at ./none:0 [inlined]
 [16] #test#131(::Bool, ::Nothing, ::Cmd, ::Cmd, ::typeof(Pkg.Operations.test), ::Pkg.Types.Context, ::Array{Pkg.Types.PackageSpec,1}) at /buildworker/worker/package_linux64/build/usr/share/julia/stdlib/v1.3/Pkg/src/Operations.jl:1347
 [17] #test at ./none:0 [inlined]
 [18] #test#62(::Bool, ::Nothing, ::Cmd, ::Cmd, ::Base.Iterators.Pairs{Union{},Union{},Tuple{},NamedTuple{(),Tuple{}}}, ::typeof(Pkg.API.test), ::Pkg.Types.Context, ::Array{Pkg.Types.PackageSpec,1}) at /buildworker/worker/package_linux64/build/usr/share/julia/stdlib/v1.3/Pkg/src/API.jl:253
 [19] test(::Pkg.Types.Context, ::Array{Pkg.Types.PackageSpec,1}) at /buildworker/worker/package_linux64/build/usr/share/julia/stdlib/v1.3/Pkg/src/API.jl:239
 [20] #test#61 at /buildworker/worker/package_linux64/build/usr/share/julia/stdlib/v1.3/Pkg/src/API.jl:233 [inlined]
 [21] test at /buildworker/worker/package_linux64/build/usr/share/julia/stdlib/v1.3/Pkg/src/API.jl:233 [inlined]
 [22] #test#60 at /buildworker/worker/package_linux64/build/usr/share/julia/stdlib/v1.3/Pkg/src/API.jl:232 [inlined]
 [23] test at /buildworker/worker/package_linux64/build/usr/share/julia/stdlib/v1.3/Pkg/src/API.jl:232 [inlined]
 [24] #test#59(::Base.Iterators.Pairs{Union{},Union{},Tuple{},NamedTuple{(),Tuple{}}}, ::typeof(Pkg.API.test), ::String) at /buildworker/worker/package_linux64/build/usr/share/julia/stdlib/v1.3/Pkg/src/API.jl:231
 [25] test(::String) at /buildworker/worker/package_linux64/build/usr/share/julia/stdlib/v1.3/Pkg/src/API.jl:231
 [26] top-level scope at none:13
