Julia Version 1.3.1
Commit 2d5741174c (2019-12-30 21:36 UTC)
Platform Info:
  OS: Linux (x86_64-pc-linux-gnu)
  CPU: AMD Ryzen Threadripper 2990WX 32-Core Processor
  WORD_SIZE: 64
  LIBM: libopenlibm
  LLVM: libLLVM-6.0.1 (ORCJIT, znver1)
Environment:
  JULIA_DEPOT_PATH = ::/usr/local/share/julia
  JULIA_NUM_THREADS = 2

 Resolving package versions...
 Installed NaNMath ─────────────────── v0.3.3
 Installed StatsFuns ───────────────── v0.8.0
 Installed DiffResults ─────────────── v1.0.2
 Installed DiffRules ───────────────── v0.0.10
 Installed QuadGK ──────────────────── v2.3.1
 Installed StatsBase ───────────────── v0.32.2
 Installed Combinatorics ───────────── v1.0.0
 Installed OpenBLAS_jll ────────────── v0.3.7+7
 Installed IntelOpenMP_jll ─────────── v2018.0.3+0
 Installed Arpack_jll ──────────────── v3.5.0+2
 Installed DataAPI ─────────────────── v1.1.0
 Installed Arpack ──────────────────── v0.4.0
 Installed BinDeps ─────────────────── v0.8.10
 Installed StaticArrays ────────────── v0.12.1
 Installed RecipesBase ─────────────── v0.8.0
 Installed FFTW ────────────────────── v1.2.0
 Installed GaussQuadrature ─────────── v0.5.2
 Installed DataStructures ──────────── v0.17.10
 Installed AbstractFFTs ────────────── v0.5.0
 Installed SpecialFunctions ────────── v0.7.2
 Installed ForwardDiff ─────────────── v0.10.9
 Installed Compat ──────────────────── v2.2.0
 Installed SortingAlgorithms ───────── v0.3.1
 Installed PDMats ──────────────────── v0.9.12
 Installed Reexport ────────────────── v0.2.0
 Installed Rmath ───────────────────── v0.5.1
 Installed PolyChaos ───────────────── v0.2.2
 Installed OrderedCollections ──────── v1.1.0
 Installed Distributions ───────────── v0.21.5
 Installed URIParser ───────────────── v0.4.0
 Installed Missings ────────────────── v0.4.3
 Installed MKL_jll ─────────────────── v2019.0.117+2
 Installed FFTW_jll ────────────────── v3.3.9+4
 Installed CommonSubexpressions ────── v0.2.0
 Installed BinaryProvider ──────────── v0.5.8
 Installed AdaptiveRejectionSampling ─ v0.1.0
 Installed Polynomials ─────────────── v0.6.1
  Updating `~/.julia/environments/v1.3/Project.toml`
  [8d666b04] + PolyChaos v0.2.2
  Updating `~/.julia/environments/v1.3/Manifest.toml`
  [621f4979] + AbstractFFTs v0.5.0
  [c75e803d] + AdaptiveRejectionSampling v0.1.0
  [7d9fca2a] + Arpack v0.4.0
  [68821587] + Arpack_jll v3.5.0+2
  [9e28174c] + BinDeps v0.8.10
  [b99e7846] + BinaryProvider v0.5.8
  [861a8166] + Combinatorics v1.0.0
  [bbf7d656] + CommonSubexpressions v0.2.0
  [34da2185] + Compat v2.2.0
  [9a962f9c] + DataAPI v1.1.0
  [864edb3b] + DataStructures v0.17.10
  [163ba53b] + DiffResults v1.0.2
  [b552c78f] + DiffRules v0.0.10
  [31c24e10] + Distributions v0.21.5
  [7a1cc6ca] + FFTW v1.2.0
  [f5851436] + FFTW_jll v3.3.9+4
  [f6369f11] + ForwardDiff v0.10.9
  [d54b0c1a] + GaussQuadrature v0.5.2
  [1d5cc7b8] + IntelOpenMP_jll v2018.0.3+0
  [856f044c] + MKL_jll v2019.0.117+2
  [e1d29d7a] + Missings v0.4.3
  [77ba4419] + NaNMath v0.3.3
  [4536629a] + OpenBLAS_jll v0.3.7+7
  [bac558e1] + OrderedCollections v1.1.0
  [90014a1f] + PDMats v0.9.12
  [8d666b04] + PolyChaos v0.2.2
  [f27b6e38] + Polynomials v0.6.1
  [1fd47b50] + QuadGK v2.3.1
  [3cdcf5f2] + RecipesBase v0.8.0
  [189a3867] + Reexport v0.2.0
  [79098fc4] + Rmath v0.5.1
  [a2af1166] + SortingAlgorithms v0.3.1
  [276daf66] + SpecialFunctions v0.7.2
  [90137ffa] + StaticArrays v0.12.1
  [2913bbd2] + StatsBase v0.32.2
  [4c63d2b9] + StatsFuns v0.8.0
  [30578b45] + URIParser v0.4.0
  [2a0f44e3] + Base64 
  [ade2ca70] + Dates 
  [8bb1440f] + DelimitedFiles 
  [8ba89e20] + Distributed 
  [b77e0a4c] + InteractiveUtils 
  [76f85450] + LibGit2 
  [8f399da3] + Libdl 
  [37e2e46d] + LinearAlgebra 
  [56ddb016] + Logging 
  [d6f4376e] + Markdown 
  [a63ad114] + Mmap 
  [44cfe95a] + Pkg 
  [de0858da] + Printf 
  [3fa0cd96] + REPL 
  [9a3f8284] + Random 
  [ea8e919c] + SHA 
  [9e88b42a] + Serialization 
  [1a1011a3] + SharedArrays 
  [6462fe0b] + Sockets 
  [2f01184e] + SparseArrays 
  [10745b16] + Statistics 
  [4607b0f0] + SuiteSparse 
  [8dfed614] + Test 
  [cf7118a7] + UUIDs 
  [4ec0a83e] + Unicode 
  Building FFTW ────────────→ `~/.julia/packages/FFTW/qqcBj/deps/build.log`
  Building SpecialFunctions → `~/.julia/packages/SpecialFunctions/fvheQ/deps/build.log`
  Building Rmath ───────────→ `~/.julia/packages/Rmath/4wt82/deps/build.log`
   Testing PolyChaos
 Resolving package versions...
  Updating `/tmp/jl_ZrTgnZ/Project.toml`
  [8d666b04] + PolyChaos v0.2.2
  Updating `/tmp/jl_ZrTgnZ/Manifest.toml`
 [no changes]
[ Info: Running Sandbox
    Status `/tmp/jl_ZrTgnZ/Project.toml`
  [d54b0c1a] GaussQuadrature v0.5.2
  [8d666b04] PolyChaos v0.2.2
  [1fd47b50] QuadGK v2.3.1
  [90137ffa] StaticArrays v0.12.1
  [37e2e46d] LinearAlgebra 
  [8dfed614] Test 
ERROR: LoadError: UndefVarError: loggamma not defined
Stacktrace:
 [1] include at ./boot.jl:328 [inlined]
 [2] include_relative(::Module, ::String) at ./loading.jl:1105
 [3] include(::Module, ::String) at ./Base.jl:31
 [4] top-level scope at none:2
 [5] eval at ./boot.jl:330 [inlined]
 [6] eval(::Expr) at ./client.jl:425
 [7] top-level scope at ./none:3
in expression starting at /home/pkgeval/.julia/packages/GaussQuadrature/DfiU2/src/GaussQuadrature.jl:3
ERROR: LoadError: Failed to precompile GaussQuadrature [d54b0c1a-921d-58e0-8e36-89d8069c0969] to /home/pkgeval/.julia/compiled/v1.3/GaussQuadrature/qLpu8_SohTZ.ji.
Stacktrace:
 [1] error(::String) at ./error.jl:33
 [2] compilecache(::Base.PkgId, ::String) at ./loading.jl:1283
 [3] _require(::Base.PkgId) at ./loading.jl:1024
 [4] require(::Base.PkgId) at ./loading.jl:922
 [5] require(::Module, ::Symbol) at ./loading.jl:917
 [6] include at ./boot.jl:328 [inlined]
 [7] include_relative(::Module, ::String) at ./loading.jl:1105
 [8] include(::Module, ::String) at ./Base.jl:31
 [9] top-level scope at none:2
 [10] eval at ./boot.jl:330 [inlined]
 [11] eval(::Expr) at ./client.jl:425
 [12] top-level scope at ./none:3
in expression starting at /home/pkgeval/.julia/packages/PolyChaos/Dhyx4/src/PolyChaos.jl:12
ERROR: LoadError: LoadError: Failed to precompile PolyChaos [8d666b04-775d-5f6e-b778-5ac7c70f65a3] to /home/pkgeval/.julia/compiled/v1.3/PolyChaos/bwvo3_SohTZ.ji.
Stacktrace:
 [1] error(::String) at ./error.jl:33
 [2] compilecache(::Base.PkgId, ::String) at ./loading.jl:1283
 [3] _require(::Base.PkgId) at ./loading.jl:1024
 [4] require(::Base.PkgId) at ./loading.jl:922
 [5] require(::Module, ::Symbol) at ./loading.jl:917
 [6] include at ./boot.jl:328 [inlined]
 [7] include_relative(::Module, ::String) at ./loading.jl:1105
 [8] include(::Module, ::String) at ./Base.jl:31
 [9] include(::String) at ./client.jl:424
 [10] top-level scope at /home/pkgeval/.julia/packages/PolyChaos/Dhyx4/test/runtests.jl:1
 [11] include at ./boot.jl:328 [inlined]
 [12] include_relative(::Module, ::String) at ./loading.jl:1105
 [13] include(::Module, ::String) at ./Base.jl:31
 [14] include(::String) at ./client.jl:424
 [15] top-level scope at none:6
in expression starting at /home/pkgeval/.julia/packages/PolyChaos/Dhyx4/test/quadrature.jl:1
in expression starting at /home/pkgeval/.julia/packages/PolyChaos/Dhyx4/test/runtests.jl:1
ERROR: Package PolyChaos errored during testing
Stacktrace:
 [1] pkgerror(::String, ::Vararg{String,N} where N) at /buildworker/worker/package_linux64/build/usr/share/julia/stdlib/v1.3/Pkg/src/Types.jl:113
 [2] #test#131(::Bool, ::Nothing, ::Cmd, ::Cmd, ::typeof(Pkg.Operations.test), ::Pkg.Types.Context, ::Array{Pkg.Types.PackageSpec,1}) at /buildworker/worker/package_linux64/build/usr/share/julia/stdlib/v1.3/Pkg/src/Operations.jl:1372
 [3] #test at ./none:0 [inlined]
 [4] #test#62(::Bool, ::Nothing, ::Cmd, ::Cmd, ::Base.Iterators.Pairs{Union{},Union{},Tuple{},NamedTuple{(),Tuple{}}}, ::typeof(Pkg.API.test), ::Pkg.Types.Context, ::Array{Pkg.Types.PackageSpec,1}) at /buildworker/worker/package_linux64/build/usr/share/julia/stdlib/v1.3/Pkg/src/API.jl:253
 [5] test(::Pkg.Types.Context, ::Array{Pkg.Types.PackageSpec,1}) at /buildworker/worker/package_linux64/build/usr/share/julia/stdlib/v1.3/Pkg/src/API.jl:239
 [6] #test#61 at /buildworker/worker/package_linux64/build/usr/share/julia/stdlib/v1.3/Pkg/src/API.jl:233 [inlined]
 [7] test at /buildworker/worker/package_linux64/build/usr/share/julia/stdlib/v1.3/Pkg/src/API.jl:233 [inlined]
 [8] #test#60 at /buildworker/worker/package_linux64/build/usr/share/julia/stdlib/v1.3/Pkg/src/API.jl:232 [inlined]
 [9] test at /buildworker/worker/package_linux64/build/usr/share/julia/stdlib/v1.3/Pkg/src/API.jl:232 [inlined]
 [10] #test#59(::Base.Iterators.Pairs{Union{},Union{},Tuple{},NamedTuple{(),Tuple{}}}, ::typeof(Pkg.API.test), ::String) at /buildworker/worker/package_linux64/build/usr/share/julia/stdlib/v1.3/Pkg/src/API.jl:231
 [11] test(::String) at /buildworker/worker/package_linux64/build/usr/share/julia/stdlib/v1.3/Pkg/src/API.jl:231
 [12] top-level scope at none:13
