Julia Version 1.3.1
Commit 2d5741174c (2019-12-30 21:36 UTC)
Platform Info:
  OS: Linux (x86_64-pc-linux-gnu)
  CPU: AMD Ryzen Threadripper 2990WX 32-Core Processor
  WORD_SIZE: 64
  LIBM: libopenlibm
  LLVM: libLLVM-6.0.1 (ORCJIT, znver1)
Environment:
  JULIA_DEPOT_PATH = ::/usr/local/share/julia
  JULIA_NUM_THREADS = 2

 Resolving package versions...
 Installed NaNMath ──────────────────────── v0.3.3
 Installed Libiconv_jll ─────────────────── v1.16.0+1
 Installed DiffResults ──────────────────── v1.0.2
 Installed EzXML ────────────────────────── v1.1.0
 Installed DiffRules ────────────────────── v1.0.1
 Installed MbedTLS ──────────────────────── v1.0.1
 Installed Memento ──────────────────────── v0.12.1
 Installed PowerModelsSecurityConstrained ─ v0.3.2
 Installed CompilerSupportLibraries_jll ─── v0.2.0+1
 Installed CodecBzip2 ───────────────────── v0.6.0
 Installed BenchmarkTools ───────────────── v0.5.0
 Installed HTTP ─────────────────────────── v0.8.12
 Installed InfrastructureModels ─────────── v0.4.2
 Installed StaticArrays ─────────────────── v0.12.1
 Installed DataStructures ───────────────── v0.17.10
 Installed CodecZlib ────────────────────── v0.6.0
 Installed SpecialFunctions ─────────────── v0.10.0
 Installed ExprTools ────────────────────── v0.1.0
 Installed MbedTLS_jll ──────────────────── v2.16.0+1
 Installed Syslogs ──────────────────────── v0.3.0
 Installed Mocking ──────────────────────── v0.7.1
 Installed Zlib_jll ─────────────────────── v1.2.11+8
 Installed ForwardDiff ──────────────────── v0.10.9
 Installed Parsers ──────────────────────── v0.3.12
 Installed JSON ─────────────────────────── v0.21.0
 Installed MathOptInterface ─────────────── v0.9.12
 Installed TranscodingStreams ───────────── v0.9.5
 Installed OrderedCollections ───────────── v1.1.0
 Installed XML2_jll ─────────────────────── v2.9.9+1
 Installed BinaryProvider ───────────────── v0.5.8
 Installed IniFile ──────────────────────── v0.5.0
 Installed JuMP ─────────────────────────── v0.21.1
 Installed Calculus ─────────────────────── v0.5.1
 Installed JSONSchema ───────────────────── v0.2.0
 Installed OpenSpecFun_jll ──────────────── v0.5.3+3
 Installed CommonSubexpressions ─────────── v0.2.0
 Installed PowerModels ──────────────────── v0.15.2
 Installed TimeZones ────────────────────── v1.0.1
 Installed MutableArithmetics ───────────── v0.2.7
  Updating `~/.julia/environments/v1.3/Project.toml`
  [53333297] + PowerModelsSecurityConstrained v0.3.2
  Updating `~/.julia/environments/v1.3/Manifest.toml`
  [6e4b80f9] + BenchmarkTools v0.5.0
  [b99e7846] + BinaryProvider v0.5.8
  [49dc2e85] + Calculus v0.5.1
  [523fee87] + CodecBzip2 v0.6.0
  [944b1d66] + CodecZlib v0.6.0
  [bbf7d656] + CommonSubexpressions v0.2.0
  [e66e0078] + CompilerSupportLibraries_jll v0.2.0+1
  [864edb3b] + DataStructures v0.17.10
  [163ba53b] + DiffResults v1.0.2
  [b552c78f] + DiffRules v1.0.1
  [e2ba6199] + ExprTools v0.1.0
  [8f5d6c58] + EzXML v1.1.0
  [f6369f11] + ForwardDiff v0.10.9
  [cd3eb016] + HTTP v0.8.12
  [2030c09a] + InfrastructureModels v0.4.2
  [83e8ac13] + IniFile v0.5.0
  [682c06a0] + JSON v0.21.0
  [7d188eb4] + JSONSchema v0.2.0
  [4076af6c] + JuMP v0.21.1
  [94ce4f54] + Libiconv_jll v1.16.0+1
  [b8f27783] + MathOptInterface v0.9.12
  [739be429] + MbedTLS v1.0.1
  [c8ffd9c3] + MbedTLS_jll v2.16.0+1
  [f28f55f0] + Memento v0.12.1
  [78c3b35d] + Mocking v0.7.1
  [d8a4904e] + MutableArithmetics v0.2.7
  [77ba4419] + NaNMath v0.3.3
  [efe28fd5] + OpenSpecFun_jll v0.5.3+3
  [bac558e1] + OrderedCollections v1.1.0
  [69de0a69] + Parsers v0.3.12
  [c36e90e8] + PowerModels v0.15.2
  [53333297] + PowerModelsSecurityConstrained v0.3.2
  [276daf66] + SpecialFunctions v0.10.0
  [90137ffa] + StaticArrays v0.12.1
  [cea106d9] + Syslogs v0.3.0
  [f269a46b] + TimeZones v1.0.1
  [3bb67fe8] + TranscodingStreams v0.9.5
  [02c8fc9c] + XML2_jll v2.9.9+1
  [83775a58] + Zlib_jll v1.2.11+8
  [2a0f44e3] + Base64 
  [ade2ca70] + Dates 
  [8ba89e20] + Distributed 
  [b77e0a4c] + InteractiveUtils 
  [76f85450] + LibGit2 
  [8f399da3] + Libdl 
  [37e2e46d] + LinearAlgebra 
  [56ddb016] + Logging 
  [d6f4376e] + Markdown 
  [a63ad114] + Mmap 
  [44cfe95a] + Pkg 
  [de0858da] + Printf 
  [3fa0cd96] + REPL 
  [9a3f8284] + Random 
  [ea8e919c] + SHA 
  [9e88b42a] + Serialization 
  [6462fe0b] + Sockets 
  [2f01184e] + SparseArrays 
  [10745b16] + Statistics 
  [8dfed614] + Test 
  [cf7118a7] + UUIDs 
  [4ec0a83e] + Unicode 
  Building CodecBzip2 → `~/.julia/packages/CodecBzip2/T5yr7/deps/build.log`
  Building CodecZlib ─→ `~/.julia/packages/CodecZlib/5t9zO/deps/build.log`
  Building TimeZones ─→ `~/.julia/packages/TimeZones/zymSN/deps/build.log`
   Testing PowerModelsSecurityConstrained
 Resolving package versions...
 Installed Ipopt ──────── v0.6.1
 Installed Cbc ────────── v0.6.7
 Installed MathProgBase ─ v0.7.8
  Building Cbc ──→ `~/.julia/packages/Cbc/zMLXd/deps/build.log`
  Building Ipopt → `~/.julia/packages/Ipopt/ruIXY/deps/build.log`
    Status `/tmp/jl_9iI7BR/Manifest.toml`
  [6e4b80f9] BenchmarkTools v0.5.0
  [b99e7846] BinaryProvider v0.5.8
  [49dc2e85] Calculus v0.5.1
  [9961bab8] Cbc v0.6.7
  [523fee87] CodecBzip2 v0.6.0
  [944b1d66] CodecZlib v0.6.0
  [bbf7d656] CommonSubexpressions v0.2.0
  [e66e0078] CompilerSupportLibraries_jll v0.2.0+1
  [864edb3b] DataStructures v0.17.10
  [163ba53b] DiffResults v1.0.2
  [b552c78f] DiffRules v1.0.1
  [e2ba6199] ExprTools v0.1.0
  [8f5d6c58] EzXML v1.1.0
  [f6369f11] ForwardDiff v0.10.9
  [cd3eb016] HTTP v0.8.12
  [2030c09a] InfrastructureModels v0.4.2
  [83e8ac13] IniFile v0.5.0
  [b6b21f68] Ipopt v0.6.1
  [682c06a0] JSON v0.21.0
  [7d188eb4] JSONSchema v0.2.0
  [4076af6c] JuMP v0.21.1
  [94ce4f54] Libiconv_jll v1.16.0+1
  [b8f27783] MathOptInterface v0.9.12
  [fdba3010] MathProgBase v0.7.8
  [739be429] MbedTLS v1.0.1
  [c8ffd9c3] MbedTLS_jll v2.16.0+1
  [f28f55f0] Memento v0.12.1
  [78c3b35d] Mocking v0.7.1
  [d8a4904e] MutableArithmetics v0.2.7
  [77ba4419] NaNMath v0.3.3
  [efe28fd5] OpenSpecFun_jll v0.5.3+3
  [bac558e1] OrderedCollections v1.1.0
  [69de0a69] Parsers v0.3.12
  [c36e90e8] PowerModels v0.15.2
  [53333297] PowerModelsSecurityConstrained v0.3.2
  [276daf66] SpecialFunctions v0.10.0
  [90137ffa] StaticArrays v0.12.1
  [cea106d9] Syslogs v0.3.0
  [f269a46b] TimeZones v1.0.1
  [3bb67fe8] TranscodingStreams v0.9.5
  [02c8fc9c] XML2_jll v2.9.9+1
  [83775a58] Zlib_jll v1.2.11+8
  [2a0f44e3] Base64  [`@stdlib/Base64`]
  [ade2ca70] Dates  [`@stdlib/Dates`]
  [8ba89e20] Distributed  [`@stdlib/Distributed`]
  [b77e0a4c] InteractiveUtils  [`@stdlib/InteractiveUtils`]
  [76f85450] LibGit2  [`@stdlib/LibGit2`]
  [8f399da3] Libdl  [`@stdlib/Libdl`]
  [37e2e46d] LinearAlgebra  [`@stdlib/LinearAlgebra`]
  [56ddb016] Logging  [`@stdlib/Logging`]
  [d6f4376e] Markdown  [`@stdlib/Markdown`]
  [a63ad114] Mmap  [`@stdlib/Mmap`]
  [44cfe95a] Pkg  [`@stdlib/Pkg`]
  [de0858da] Printf  [`@stdlib/Printf`]
  [3fa0cd96] REPL  [`@stdlib/REPL`]
  [9a3f8284] Random  [`@stdlib/Random`]
  [ea8e919c] SHA  [`@stdlib/SHA`]
  [9e88b42a] Serialization  [`@stdlib/Serialization`]
  [6462fe0b] Sockets  [`@stdlib/Sockets`]
  [2f01184e] SparseArrays  [`@stdlib/SparseArrays`]
  [10745b16] Statistics  [`@stdlib/Statistics`]
  [8dfed614] Test  [`@stdlib/Test`]
  [cf7118a7] UUIDs  [`@stdlib/UUIDs`]
  [4ec0a83e] Unicode  [`@stdlib/Unicode`]
┌ Warning: `with_optimizer` is deprecated. Adapt the following example to update your code:
│ `with_optimizer(Ipopt.Optimizer, max_cpu_time=60.0)` becomes `optimizer_with_attributes(Ipopt.Optimizer, "max_cpu_time" => 60.0)`.
│   caller = ip:0x0
└ @ Core :-1

******************************************************************************
This program contains Ipopt, a library for large-scale nonlinear optimization.
 Ipopt is released as open source code under the Eclipse Public License (EPL).
         For more information visit http://projects.coin-or.org/Ipopt
******************************************************************************

Test Summary:                  | Pass  Total
PowerModelsSecurityConstrained |  248    248
   Testing PowerModelsSecurityConstrained tests passed 
