Julia Version 1.3.1
Commit 2d5741174c (2019-12-30 21:36 UTC)
Platform Info:
  OS: Linux (x86_64-pc-linux-gnu)
  CPU: AMD Ryzen Threadripper 2990WX 32-Core Processor
  WORD_SIZE: 64
  LIBM: libopenlibm
  LLVM: libLLVM-6.0.1 (ORCJIT, znver1)
Environment:
  JULIA_DEPOT_PATH = ::/usr/local/share/julia
  JULIA_NUM_THREADS = 2

 Resolving package versions...
 Installed NaNMath ──────────────────────── v0.3.3
 Installed Libiconv_jll ─────────────────── v1.16.0+1
 Installed DiffResults ──────────────────── v1.0.2
 Installed MbedTLS ──────────────────────── v1.0.1
 Installed EzXML ────────────────────────── v1.1.0
 Installed DiffRules ────────────────────── v1.0.1
 Installed Memento ──────────────────────── v0.12.1
 Installed PowerModelsSecurityConstrained ─ v0.3.2
 Installed CodecBzip2 ───────────────────── v0.6.0
 Installed CompilerSupportLibraries_jll ─── v0.2.0+1
 Installed CodecZlib ────────────────────── v0.6.0
 Installed BenchmarkTools ───────────────── v0.5.0
 Installed InfrastructureModels ─────────── v0.4.2
 Installed HTTP ─────────────────────────── v0.8.12
 Installed StaticArrays ─────────────────── v0.12.1
 Installed DataStructures ───────────────── v0.17.10
 Installed Zlib_jll ─────────────────────── v1.2.11+8
 Installed MutableArithmetics ───────────── v0.2.7
 Installed SpecialFunctions ─────────────── v0.10.0
 Installed MbedTLS_jll ──────────────────── v2.16.0+1
 Installed ExprTools ────────────────────── v0.1.0
 Installed ForwardDiff ──────────────────── v0.10.9
 Installed Syslogs ──────────────────────── v0.3.0
 Installed Mocking ──────────────────────── v0.7.1
 Installed Parsers ──────────────────────── v0.3.12
 Installed JSON ─────────────────────────── v0.21.0
 Installed JSONSchema ───────────────────── v0.2.0
 Installed OrderedCollections ───────────── v1.1.0
 Installed TranscodingStreams ───────────── v0.9.5
 Installed XML2_jll ─────────────────────── v2.9.9+1
 Installed MathOptInterface ─────────────── v0.9.12
 Installed IniFile ──────────────────────── v0.5.0
 Installed BinaryProvider ───────────────── v0.5.8
 Installed JuMP ─────────────────────────── v0.21.1
 Installed Calculus ─────────────────────── v0.5.1
 Installed OpenSpecFun_jll ──────────────── v0.5.3+3
 Installed CommonSubexpressions ─────────── v0.2.0
 Installed PowerModels ──────────────────── v0.15.3
 Installed TimeZones ────────────────────── v1.0.1
ERROR: Unable to automatically install 'OpenSpecFun' from '/home/pkgeval/.julia/packages/OpenSpecFun_jll/HMSwk/Artifacts.toml'
Stacktrace:
 [1] error(::String) at ./error.jl:33
 [2] #ensure_artifact_installed#42(::Pkg.BinaryPlatforms.Platform, ::Bool, ::typeof(Pkg.Artifacts.ensure_artifact_installed), ::String, ::Dict{String,Any}, ::String) at /buildworker/worker/package_linux64/build/usr/share/julia/stdlib/v1.3/Pkg/src/Artifacts.jl:873
 [3] (::Pkg.Artifacts.var"#kw##ensure_artifact_installed")(::NamedTuple{(:platform, :verbose),Tuple{Pkg.BinaryPlatforms.Linux,Bool}}, ::typeof(Pkg.Artifacts.ensure_artifact_installed), ::String, ::Dict{String,Any}, ::String) at ./none:0
 [4] #ensure_all_artifacts_installed#43(::Pkg.BinaryPlatforms.Platform, ::Nothing, ::Bool, ::Bool, ::typeof(Pkg.Artifacts.ensure_all_artifacts_installed), ::String) at /buildworker/worker/package_linux64/build/usr/share/julia/stdlib/v1.3/Pkg/src/Artifacts.jl:919
 [5] #ensure_all_artifacts_installed at /buildworker/worker/package_linux64/build/usr/share/julia/stdlib/v1.3/Pkg/src/Operations.jl:0 [inlined]
 [6] #download_artifacts#78(::Pkg.BinaryPlatforms.Linux, ::Bool, ::typeof(Pkg.Operations.download_artifacts), ::Array{String,1}) at /buildworker/worker/package_linux64/build/usr/share/julia/stdlib/v1.3/Pkg/src/Operations.jl:580
 [7] #download_artifacts at ./none:0 [inlined]
 [8] #download_artifacts#73(::Pkg.BinaryPlatforms.Linux, ::Bool, ::typeof(Pkg.Operations.download_artifacts), ::Array{Pkg.Types.PackageSpec,1}) at /buildworker/worker/package_linux64/build/usr/share/julia/stdlib/v1.3/Pkg/src/Operations.jl:570
 [9] (::Pkg.Operations.var"#kw##download_artifacts")(::NamedTuple{(:platform,),Tuple{Pkg.BinaryPlatforms.Linux}}, ::typeof(Pkg.Operations.download_artifacts), ::Array{Pkg.Types.PackageSpec,1}) at ./none:0
 [10] #add#112(::Bool, ::Pkg.BinaryPlatforms.Linux, ::typeof(Pkg.Operations.add), ::Pkg.Types.Context, ::Array{Pkg.Types.PackageSpec,1}, ::Array{Base.UUID,1}) at /buildworker/worker/package_linux64/build/usr/share/julia/stdlib/v1.3/Pkg/src/Operations.jl:1017
 [11] #add at ./none:0 [inlined]
 [12] #add#25(::Bool, ::Pkg.BinaryPlatforms.Linux, ::Base.Iterators.Pairs{Union{},Union{},Tuple{},NamedTuple{(),Tuple{}}}, ::typeof(Pkg.API.add), ::Pkg.Types.Context, ::Array{Pkg.Types.PackageSpec,1}) at /buildworker/worker/package_linux64/build/usr/share/julia/stdlib/v1.3/Pkg/src/API.jl:102
 [13] add(::Pkg.Types.Context, ::Array{Pkg.Types.PackageSpec,1}) at /buildworker/worker/package_linux64/build/usr/share/julia/stdlib/v1.3/Pkg/src/API.jl:72
 [14] #add#24 at /buildworker/worker/package_linux64/build/usr/share/julia/stdlib/v1.3/Pkg/src/API.jl:69 [inlined]
 [15] add at /buildworker/worker/package_linux64/build/usr/share/julia/stdlib/v1.3/Pkg/src/API.jl:69 [inlined]
 [16] #add#21 at /buildworker/worker/package_linux64/build/usr/share/julia/stdlib/v1.3/Pkg/src/API.jl:67 [inlined]
 [17] add at /buildworker/worker/package_linux64/build/usr/share/julia/stdlib/v1.3/Pkg/src/API.jl:67 [inlined]
 [18] #add#20(::Base.Iterators.Pairs{Union{},Union{},Tuple{},NamedTuple{(),Tuple{}}}, ::typeof(Pkg.API.add), ::String) at /buildworker/worker/package_linux64/build/usr/share/julia/stdlib/v1.3/Pkg/src/API.jl:66
 [19] add(::String) at /buildworker/worker/package_linux64/build/usr/share/julia/stdlib/v1.3/Pkg/src/API.jl:66
 [20] top-level scope at none:12
