Julia Version 1.3.1
Commit 2d5741174c (2019-12-30 21:36 UTC)
Platform Info:
  OS: Linux (x86_64-pc-linux-gnu)
  CPU: AMD Ryzen Threadripper 2990WX 32-Core Processor
  WORD_SIZE: 64
  LIBM: libopenlibm
  LLVM: libLLVM-6.0.1 (ORCJIT, znver1)
Environment:
  JULIA_DEPOT_PATH = ::/usr/local/share/julia
  JULIA_NUM_THREADS = 2

 Resolving package versions...
 Installed CMakeWrapper ──────────────── v0.2.3
 Installed Codecs ────────────────────── v0.5.0
 Installed CMake ─────────────────────── v1.2.0
 Installed HDF5 ──────────────────────── v0.12.5
 Installed CategoricalArrays ─────────── v0.7.7
 Installed PowerSystems ──────────────── v0.12.0
 Installed DataFrames ────────────────── v0.20.0
 Installed Blosc ─────────────────────── v0.5.1
 Installed DataAPI ───────────────────── v1.1.0
 Installed DataValueInterfaces ───────── v1.0.0
 Installed RecipesBase ───────────────── v0.7.0
 Installed FilePathsBase ─────────────── v0.7.0
 Installed BinDeps ───────────────────── v1.0.0
 Installed DataStructures ────────────── v0.17.10
 Installed IteratorInterfaceExtensions ─ v1.0.0
 Installed WeakRefStrings ────────────── v0.6.2
 Installed Parsers ───────────────────── v0.3.12
 Installed InfrastructureSystems ─────── v0.5.12
 Installed Compat ────────────────────── v2.2.0
 Installed InvertedIndices ───────────── v1.0.0
 Installed JSON2 ─────────────────────── v0.3.1
 Installed JSON ──────────────────────── v0.21.0
 Installed SortingAlgorithms ─────────── v0.3.1
 Installed Reexport ──────────────────── v0.2.0
 Installed PooledArrays ──────────────── v0.5.3
 Installed Mustache ──────────────────── v1.0.0
 Installed Tables ────────────────────── v0.2.11
 Installed TableTraits ───────────────── v1.0.0
 Installed OrderedCollections ────────── v1.1.0
 Installed Parameters ────────────────── v0.12.0
 Installed URIParser ─────────────────── v0.4.0
 Installed BinaryProvider ────────────── v0.5.8
 Installed DocStringExtensions ───────── v0.8.1
 Installed TimeSeries ────────────────── v0.16.1
 Installed YAML ──────────────────────── v0.3.2
 Installed Missings ──────────────────── v0.4.3
 Installed CSV ───────────────────────── v0.5.23
  Updating `~/.julia/environments/v1.3/Project.toml`
  [bcd98974] + PowerSystems v0.12.0
  Updating `~/.julia/environments/v1.3/Manifest.toml`
  [9e28174c] + BinDeps v1.0.0
  [b99e7846] + BinaryProvider v0.5.8
  [a74b3585] + Blosc v0.5.1
  [631607c0] + CMake v1.2.0
  [d5fb7624] + CMakeWrapper v0.2.3
  [336ed68f] + CSV v0.5.23
  [324d7699] + CategoricalArrays v0.7.7
  [19ecbf4d] + Codecs v0.5.0
  [34da2185] + Compat v2.2.0
  [9a962f9c] + DataAPI v1.1.0
  [a93c6f00] + DataFrames v0.20.0
  [864edb3b] + DataStructures v0.17.10
  [e2d170a0] + DataValueInterfaces v1.0.0
  [ffbed154] + DocStringExtensions v0.8.1
  [48062228] + FilePathsBase v0.7.0
  [f67ccb44] + HDF5 v0.12.5
  [2cd47ed4] + InfrastructureSystems v0.5.12
  [41ab1584] + InvertedIndices v1.0.0
  [82899510] + IteratorInterfaceExtensions v1.0.0
  [682c06a0] + JSON v0.21.0
  [2535ab7d] + JSON2 v0.3.1
  [e1d29d7a] + Missings v0.4.3
  [ffc61752] + Mustache v1.0.0
  [bac558e1] + OrderedCollections v1.1.0
  [d96e819e] + Parameters v0.12.0
  [69de0a69] + Parsers v0.3.12
  [2dfb63ee] + PooledArrays v0.5.3
  [bcd98974] + PowerSystems v0.12.0
  [3cdcf5f2] + RecipesBase v0.7.0
  [189a3867] + Reexport v0.2.0
  [a2af1166] + SortingAlgorithms v0.3.1
  [3783bdb8] + TableTraits v1.0.0
  [bd369af6] + Tables v0.2.11
  [9e3dc215] + TimeSeries v0.16.1
  [30578b45] + URIParser v0.4.0
  [ea10d353] + WeakRefStrings v0.6.2
  [ddb6d928] + YAML v0.3.2
  [2a0f44e3] + Base64 
  [ade2ca70] + Dates 
  [8bb1440f] + DelimitedFiles 
  [8ba89e20] + Distributed 
  [9fa8497b] + Future 
  [b77e0a4c] + InteractiveUtils 
  [76f85450] + LibGit2 
  [8f399da3] + Libdl 
  [37e2e46d] + LinearAlgebra 
  [56ddb016] + Logging 
  [d6f4376e] + Markdown 
  [a63ad114] + Mmap 
  [44cfe95a] + Pkg 
  [de0858da] + Printf 
  [3fa0cd96] + REPL 
  [9a3f8284] + Random 
  [ea8e919c] + SHA 
  [9e88b42a] + Serialization 
  [1a1011a3] + SharedArrays 
  [6462fe0b] + Sockets 
  [2f01184e] + SparseArrays 
  [10745b16] + Statistics 
  [8dfed614] + Test 
  [cf7118a7] + UUIDs 
  [4ec0a83e] + Unicode 
  Building CMake → `~/.julia/packages/CMake/ULbyn/deps/build.log`
  Building Blosc → `~/.julia/packages/Blosc/lzFr0/deps/build.log`
  Building HDF5 ─→ `~/.julia/packages/HDF5/Zh9on/deps/build.log`
   Testing PowerSystems
 Resolving package versions...
 Installed NaNMath ────────────────────── v0.3.3
 Installed ArrayInterface ─────────────── v2.5.1
 Installed DiffResults ────────────────── v1.0.2
 Installed DiffRules ──────────────────── v1.0.1
 Installed CompilerSupportLibraries_jll ─ v0.2.0+1
 Installed NLSolversBase ──────────────── v7.6.1
 Installed StaticArrays ───────────────── v0.12.1
 Installed FiniteDiff ─────────────────── v2.2.1
 Installed Distances ──────────────────── v0.8.2
 Installed Requires ───────────────────── v1.0.1
 Installed LineSearches ───────────────── v7.0.1
 Installed SpecialFunctions ───────────── v0.10.0
 Installed ForwardDiff ────────────────── v0.10.9
 Installed CommonSubexpressions ───────── v0.2.0
 Installed OpenSpecFun_jll ────────────── v0.5.3+3
 Installed NLsolve ────────────────────── v4.3.0
  Updating `/tmp/jl_9IRAAJ/Project.toml`
  [2774e3e8] + NLsolve v4.3.0
  Updating `/tmp/jl_9IRAAJ/Manifest.toml`
  [4fba245c] + ArrayInterface v2.5.1
  [bbf7d656] + CommonSubexpressions v0.2.0
  [e66e0078] + CompilerSupportLibraries_jll v0.2.0+1
  [163ba53b] + DiffResults v1.0.2
  [b552c78f] + DiffRules v1.0.1
  [b4f34e82] + Distances v0.8.2
  [6a86dc24] + FiniteDiff v2.2.1
  [f6369f11] + ForwardDiff v0.10.9
  [d3d80556] + LineSearches v7.0.1
  [d41bc354] + NLSolversBase v7.6.1
  [2774e3e8] + NLsolve v4.3.0
  [77ba4419] + NaNMath v0.3.3
  [efe28fd5] + OpenSpecFun_jll v0.5.3+3
  [ae029012] + Requires v1.0.1
  [276daf66] + SpecialFunctions v0.10.0
  [90137ffa] + StaticArrays v0.12.1
[ Info: Running Sandbox
    Status `/tmp/jl_9IRAAJ/Project.toml`
  [336ed68f] CSV v0.5.23
  [a93c6f00] DataFrames v0.20.0
  [ffbed154] DocStringExtensions v0.8.1
  [2cd47ed4] InfrastructureSystems v0.5.12
  [682c06a0] JSON v0.21.0
  [2535ab7d] JSON2 v0.3.1
  [2774e3e8] NLsolve v4.3.0
  [bcd98974] PowerSystems v0.12.0
  [9e3dc215] TimeSeries v0.16.1
  [ddb6d928] YAML v0.3.2
  [ade2ca70] Dates 
  [b77e0a4c] InteractiveUtils 
  [37e2e46d] LinearAlgebra 
  [56ddb016] Logging 
  [9a3f8284] Random 
  [2f01184e] SparseArrays 
  [8dfed614] Test 
  [cf7118a7] UUIDs 
┌ Error: Download failed: curl: (7) Failed to connect to github.com port 443: Connection timed out
└ @ Base download.jl:43
ERROR: LoadError: failed process: Process(`curl -s -S -g -L -f -o /tmp/jl_LTBkJO https://github.com/NREL/PowerSystemsTestData/archive/master.tar.gz`, ProcessExited(7)) [7]

Stacktrace:
 [1] download_curl(::String, ::String, ::String) at ./process.jl:525
 [2] download(::String, ::String) at ./download.jl:62
 [3] download at ./download.jl:82 [inlined]
 [4] #download#1(::String, ::String, ::Bool, ::typeof(download), ::Type{TestData}) at /home/pkgeval/.julia/packages/PowerSystems/Zvssm/src/utils/data.jl:49
 [5] (::Base.var"#kw##download")(::NamedTuple{(:branch,),Tuple{String}}, ::typeof(download), ::Type{TestData}) at ./none:0
 [6] top-level scope at /home/pkgeval/.julia/packages/PowerSystems/Zvssm/test/runtests.jl:15
 [7] include at ./boot.jl:328 [inlined]
 [8] include_relative(::Module, ::String) at ./loading.jl:1105
 [9] include(::Module, ::String) at ./Base.jl:31
 [10] include(::String) at ./client.jl:424
 [11] top-level scope at none:6
in expression starting at /home/pkgeval/.julia/packages/PowerSystems/Zvssm/test/runtests.jl:15
ERROR: Package PowerSystems errored during testing
Stacktrace:
 [1] pkgerror(::String, ::Vararg{String,N} where N) at /buildworker/worker/package_linux64/build/usr/share/julia/stdlib/v1.3/Pkg/src/Types.jl:113
 [2] #test#131(::Bool, ::Nothing, ::Cmd, ::Cmd, ::typeof(Pkg.Operations.test), ::Pkg.Types.Context, ::Array{Pkg.Types.PackageSpec,1}) at /buildworker/worker/package_linux64/build/usr/share/julia/stdlib/v1.3/Pkg/src/Operations.jl:1372
 [3] #test at ./none:0 [inlined]
 [4] #test#62(::Bool, ::Nothing, ::Cmd, ::Cmd, ::Base.Iterators.Pairs{Union{},Union{},Tuple{},NamedTuple{(),Tuple{}}}, ::typeof(Pkg.API.test), ::Pkg.Types.Context, ::Array{Pkg.Types.PackageSpec,1}) at /buildworker/worker/package_linux64/build/usr/share/julia/stdlib/v1.3/Pkg/src/API.jl:253
 [5] test(::Pkg.Types.Context, ::Array{Pkg.Types.PackageSpec,1}) at /buildworker/worker/package_linux64/build/usr/share/julia/stdlib/v1.3/Pkg/src/API.jl:239
 [6] #test#61 at /buildworker/worker/package_linux64/build/usr/share/julia/stdlib/v1.3/Pkg/src/API.jl:233 [inlined]
 [7] test at /buildworker/worker/package_linux64/build/usr/share/julia/stdlib/v1.3/Pkg/src/API.jl:233 [inlined]
 [8] #test#60 at /buildworker/worker/package_linux64/build/usr/share/julia/stdlib/v1.3/Pkg/src/API.jl:232 [inlined]
 [9] test at /buildworker/worker/package_linux64/build/usr/share/julia/stdlib/v1.3/Pkg/src/API.jl:232 [inlined]
 [10] #test#59(::Base.Iterators.Pairs{Union{},Union{},Tuple{},NamedTuple{(),Tuple{}}}, ::typeof(Pkg.API.test), ::String) at /buildworker/worker/package_linux64/build/usr/share/julia/stdlib/v1.3/Pkg/src/API.jl:231
 [11] test(::String) at /buildworker/worker/package_linux64/build/usr/share/julia/stdlib/v1.3/Pkg/src/API.jl:231
 [12] top-level scope at none:13
