Julia Version 1.3.1
Commit 2d5741174c (2019-12-30 21:36 UTC)
Platform Info:
  OS: Linux (x86_64-pc-linux-gnu)
  CPU: AMD Ryzen Threadripper 2990WX 32-Core Processor
  WORD_SIZE: 64
  LIBM: libopenlibm
  LLVM: libLLVM-6.0.1 (ORCJIT, znver1)
Environment:
  JULIA_DEPOT_PATH = ::/usr/local/share/julia
  JULIA_NUM_THREADS = 2

 Resolving package versions...
 Installed PushVectors ─ v0.2.0
  Updating `~/.julia/environments/v1.3/Project.toml`
  [36b54c61] + PushVectors v0.2.0
  Updating `~/.julia/environments/v1.3/Manifest.toml`
  [36b54c61] + PushVectors v0.2.0
   Testing PushVectors
 Resolving package versions...
 Installed Parsers ──────── v0.3.12
 Installed JSON ─────────── v0.21.0
 Installed BenchmarkTools ─ v0.5.0
[ Info: No changes
    Status `/tmp/jl_3SHapK/Manifest.toml`
  [6e4b80f9] BenchmarkTools v0.5.0
  [682c06a0] JSON v0.21.0
  [69de0a69] Parsers v0.3.12
  [36b54c61] PushVectors v0.2.0
  [2a0f44e3] Base64  [`@stdlib/Base64`]
  [ade2ca70] Dates  [`@stdlib/Dates`]
  [8ba89e20] Distributed  [`@stdlib/Distributed`]
  [b77e0a4c] InteractiveUtils  [`@stdlib/InteractiveUtils`]
  [8f399da3] Libdl  [`@stdlib/Libdl`]
  [37e2e46d] LinearAlgebra  [`@stdlib/LinearAlgebra`]
  [56ddb016] Logging  [`@stdlib/Logging`]
  [d6f4376e] Markdown  [`@stdlib/Markdown`]
  [a63ad114] Mmap  [`@stdlib/Mmap`]
  [de0858da] Printf  [`@stdlib/Printf`]
  [9a3f8284] Random  [`@stdlib/Random`]
  [ea8e919c] SHA  [`@stdlib/SHA`]
  [9e88b42a] Serialization  [`@stdlib/Serialization`]
  [6462fe0b] Sockets  [`@stdlib/Sockets`]
  [2f01184e] SparseArrays  [`@stdlib/SparseArrays`]
  [10745b16] Statistics  [`@stdlib/Statistics`]
  [8dfed614] Test  [`@stdlib/Test`]
  [cf7118a7] UUIDs  [`@stdlib/UUIDs`]
  [4ec0a83e] Unicode  [`@stdlib/Unicode`]
Test Summary:                | Pass  Total
implementation sanity checks |   20     20
Test Summary: | Pass  Total
append!       | 2000   2000
┌ Info: benchmarks
│   T_PushVector = 5.1628e-5
└   T_Vector = 8.8709e-5
┌ Info: benchmarks
│   A_PushVector = 0.000117894
└   A_Vector = 0.000124627
Test Summary:         | Pass  Total
relative benchmarking |    2      2
   Testing PushVectors tests passed 
