Julia Version 1.3.1
Commit 2d5741174c (2019-12-30 21:36 UTC)
Platform Info:
  OS: Linux (x86_64-pc-linux-gnu)
  CPU: AMD Ryzen Threadripper 2990WX 32-Core Processor
  WORD_SIZE: 64
  LIBM: libopenlibm
  LLVM: libLLVM-6.0.1 (ORCJIT, znver1)
Environment:
  JULIA_DEPOT_PATH = ::/usr/local/share/julia
  JULIA_NUM_THREADS = 2

 Resolving package versions...
 Installed NaNMath ────────────────────── v0.3.3
 Installed QuantumOptics ──────────────── v0.7.0
 Installed VertexSafeGraphs ───────────── v0.1.1
 Installed DiffResults ────────────────── v1.0.2
 Installed IntelOpenMP_jll ────────────── v2018.0.3+0
 Installed DiffRules ──────────────────── v1.0.1
 Installed WignerSymbols ──────────────── v1.1.0
 Installed LightGraphs ────────────────── v1.3.1
 Installed OpenBLAS_jll ───────────────── v0.3.7+7
 Installed FunctionWrappers ───────────── v1.1.1
 Installed NLSolversBase ──────────────── v7.6.1
 Installed ExponentialUtilities ───────── v1.6.0
 Installed MacroTools ─────────────────── v0.5.4
 Installed ArrayInterface ─────────────── v1.2.1
 Installed CompilerSupportLibraries_jll ─ v0.2.0+1
 Installed Roots ──────────────────────── v0.8.4
 Installed FillArrays ─────────────────── v0.8.5
 Installed Arpack ─────────────────────── v0.4.0
 Installed Arpack_jll ─────────────────── v3.5.0+2
 Installed SimpleTraits ───────────────── v0.9.1
 Installed StaticArrays ───────────────── v0.12.1
 Installed FiniteDiff ─────────────────── v2.2.1
 Installed QuantumOpticsBase ──────────── v0.1.3
 Installed FFTW ───────────────────────── v1.2.0
 Installed RecipesBase ────────────────── v0.6.0
 Installed DataStructures ─────────────── v0.17.10
 Installed Distances ──────────────────── v0.8.2
 Installed Requires ───────────────────── v0.5.2
 Installed DiffEqDiffTools ────────────── v1.7.0
 Installed RecursiveFactorization ─────── v0.1.0
 Installed RandomNumbers ──────────────── v1.4.0
 Installed OrdinaryDiffEq ─────────────── v5.23.0
 Installed SpecialFunctions ───────────── v0.10.0
 Installed IteratorInterfaceExtensions ── v1.0.0
 Installed DiffEqNoiseProcess ─────────── v3.3.1
 Installed GenericSVD ─────────────────── v0.2.2
 Installed Compat ─────────────────────── v3.8.0
 Installed RecursiveArrayTools ────────── v1.0.2
 Installed ResettableStacks ───────────── v1.0.0
 Installed AbstractFFTs ───────────────── v0.5.0
 Installed Inflate ────────────────────── v0.1.1
 Installed DiffEqBase ─────────────────── v6.4.2
 Installed HalfIntegers ───────────────── v1.0.0
 Installed TableTraits ────────────────── v1.0.0
 Installed Primes ─────────────────────── v0.4.0
 Installed Adapt ──────────────────────── v1.0.1
 Installed Reexport ───────────────────── v0.2.0
 Installed DiffEqCallbacks ────────────── v2.9.0
 Installed SparseDiffTools ────────────── v0.10.3
 Installed LineSearches ───────────────── v7.0.1
 Installed OrderedCollections ─────────── v1.1.0
 Installed NLsolve ────────────────────── v4.3.0
 Installed Parameters ─────────────────── v0.12.0
 Installed MKL_jll ────────────────────── v2019.0.117+2
 Installed MuladdMacro ────────────────── v0.2.2
 Installed CommonSubexpressions ───────── v0.2.0
 Installed IterativeSolvers ───────────── v0.8.2
 Installed DocStringExtensions ────────── v0.8.1
 Installed OpenSpecFun_jll ────────────── v0.5.3+3
 Installed FFTW_jll ───────────────────── v3.3.9+4
 Installed TreeViews ──────────────────── v0.3.0
 Installed StochasticDiffEq ───────────── v6.16.1
 Installed ArnoldiMethod ──────────────── v0.0.4
   Cloning [308eb6b3-cc68-5ff3-9e97-c3c4da4fa681] RationalRoots from https://github.com/Jutho/RationalRoots.jl.git
[?25l    Fetching: [>                                        ]  0.0 %[2K[?25h Installed RationalRoots ──────────────── v0.1.0
   Cloning [f6369f11-7733-5829-9624-2563aa707210] ForwardDiff from https://github.com/JuliaDiff/ForwardDiff.jl.git
[?25l    Fetching: [>                                        ]  0.0 %[2K[?25h Installed ForwardDiff ────────────────── v0.10.9
  Updating `~/.julia/environments/v1.3/Project.toml`
  [6e0679c1] + QuantumOptics v0.7.0
  Updating `~/.julia/environments/v1.3/Manifest.toml`
  [621f4979] + AbstractFFTs v0.5.0
  [79e6a3ab] + Adapt v1.0.1
  [ec485272] + ArnoldiMethod v0.0.4
  [7d9fca2a] + Arpack v0.4.0
  [68821587] + Arpack_jll v3.5.0+2
  [4fba245c] + ArrayInterface v1.2.1
  [bbf7d656] + CommonSubexpressions v0.2.0
  [34da2185] + Compat v3.8.0
  [e66e0078] + CompilerSupportLibraries_jll v0.2.0+1
  [864edb3b] + DataStructures v0.17.10
  [2b5f629d] + DiffEqBase v6.4.2
  [459566f4] + DiffEqCallbacks v2.9.0
  [01453d9d] + DiffEqDiffTools v1.7.0
  [77a26b50] + DiffEqNoiseProcess v3.3.1
  [163ba53b] + DiffResults v1.0.2
  [b552c78f] + DiffRules v1.0.1
  [b4f34e82] + Distances v0.8.2
  [ffbed154] + DocStringExtensions v0.8.1
  [d4d017d3] + ExponentialUtilities v1.6.0
  [7a1cc6ca] + FFTW v1.2.0
  [f5851436] + FFTW_jll v3.3.9+4
  [1a297f60] + FillArrays v0.8.5
  [6a86dc24] + FiniteDiff v2.2.1
  [f6369f11] + ForwardDiff v0.10.9
  [069b7b12] + FunctionWrappers v1.1.1
  [01680d73] + GenericSVD v0.2.2
  [f0d1745a] + HalfIntegers v1.0.0
  [d25df0c9] + Inflate v0.1.1
  [1d5cc7b8] + IntelOpenMP_jll v2018.0.3+0
  [42fd0dbc] + IterativeSolvers v0.8.2
  [82899510] + IteratorInterfaceExtensions v1.0.0
  [093fc24a] + LightGraphs v1.3.1
  [d3d80556] + LineSearches v7.0.1
  [856f044c] + MKL_jll v2019.0.117+2
  [1914dd2f] + MacroTools v0.5.4
  [46d2c3a1] + MuladdMacro v0.2.2
  [d41bc354] + NLSolversBase v7.6.1
  [2774e3e8] + NLsolve v4.3.0
  [77ba4419] + NaNMath v0.3.3
  [4536629a] + OpenBLAS_jll v0.3.7+7
  [efe28fd5] + OpenSpecFun_jll v0.5.3+3
  [bac558e1] + OrderedCollections v1.1.0
  [1dea7af3] + OrdinaryDiffEq v5.23.0
  [d96e819e] + Parameters v0.12.0
  [27ebfcd6] + Primes v0.4.0
  [6e0679c1] + QuantumOptics v0.7.0
  [4f57444f] + QuantumOpticsBase v0.1.3
  [e6cf234a] + RandomNumbers v1.4.0
  [308eb6b3] + RationalRoots v0.1.0
  [3cdcf5f2] + RecipesBase v0.6.0
  [731186ca] + RecursiveArrayTools v1.0.2
  [f2c3362d] + RecursiveFactorization v0.1.0
  [189a3867] + Reexport v0.2.0
  [ae029012] + Requires v0.5.2
  [ae5879a3] + ResettableStacks v1.0.0
  [f2b01f46] + Roots v0.8.4
  [699a6c99] + SimpleTraits v0.9.1
  [47a9eef4] + SparseDiffTools v0.10.3
  [276daf66] + SpecialFunctions v0.10.0
  [90137ffa] + StaticArrays v0.12.1
  [789caeaf] + StochasticDiffEq v6.16.1
  [3783bdb8] + TableTraits v1.0.0
  [a2a6695c] + TreeViews v0.3.0
  [19fa3120] + VertexSafeGraphs v0.1.1
  [9f57e263] + WignerSymbols v1.1.0
  [2a0f44e3] + Base64 
  [ade2ca70] + Dates 
  [8bb1440f] + DelimitedFiles 
  [8ba89e20] + Distributed 
  [b77e0a4c] + InteractiveUtils 
  [76f85450] + LibGit2 
  [8f399da3] + Libdl 
  [37e2e46d] + LinearAlgebra 
  [56ddb016] + Logging 
  [d6f4376e] + Markdown 
  [a63ad114] + Mmap 
  [44cfe95a] + Pkg 
  [de0858da] + Printf 
  [3fa0cd96] + REPL 
  [9a3f8284] + Random 
  [ea8e919c] + SHA 
  [9e88b42a] + Serialization 
  [1a1011a3] + SharedArrays 
  [6462fe0b] + Sockets 
  [2f01184e] + SparseArrays 
  [10745b16] + Statistics 
  [4607b0f0] + SuiteSparse 
  [8dfed614] + Test 
  [cf7118a7] + UUIDs 
  [4ec0a83e] + Unicode 
  Building FFTW → `~/.julia/packages/FFTW/qqcBj/deps/build.log`
   Testing QuantumOptics
 Resolving package versions...
    Status `/tmp/jl_kkQE7t/Manifest.toml`
  [621f4979] AbstractFFTs v0.5.0
  [79e6a3ab] Adapt v1.0.1
  [ec485272] ArnoldiMethod v0.0.4
  [7d9fca2a] Arpack v0.4.0
  [68821587] Arpack_jll v3.5.0+2
  [4fba245c] ArrayInterface v1.2.1
  [bbf7d656] CommonSubexpressions v0.2.0
  [34da2185] Compat v3.8.0
  [e66e0078] CompilerSupportLibraries_jll v0.2.0+1
  [864edb3b] DataStructures v0.17.10
  [2b5f629d] DiffEqBase v6.4.2
  [459566f4] DiffEqCallbacks v2.9.0
  [01453d9d] DiffEqDiffTools v1.7.0
  [77a26b50] DiffEqNoiseProcess v3.3.1
  [163ba53b] DiffResults v1.0.2
  [b552c78f] DiffRules v1.0.1
  [b4f34e82] Distances v0.8.2
  [ffbed154] DocStringExtensions v0.8.1
  [d4d017d3] ExponentialUtilities v1.6.0
  [7a1cc6ca] FFTW v1.2.0
  [f5851436] FFTW_jll v3.3.9+4
  [1a297f60] FillArrays v0.8.5
  [6a86dc24] FiniteDiff v2.2.1
  [f6369f11] ForwardDiff v0.10.9
  [069b7b12] FunctionWrappers v1.1.1
  [01680d73] GenericSVD v0.2.2
  [f0d1745a] HalfIntegers v1.0.0
  [d25df0c9] Inflate v0.1.1
  [1d5cc7b8] IntelOpenMP_jll v2018.0.3+0
  [42fd0dbc] IterativeSolvers v0.8.2
  [82899510] IteratorInterfaceExtensions v1.0.0
  [093fc24a] LightGraphs v1.3.1
  [d3d80556] LineSearches v7.0.1
  [856f044c] MKL_jll v2019.0.117+2
  [1914dd2f] MacroTools v0.5.4
  [46d2c3a1] MuladdMacro v0.2.2
  [d41bc354] NLSolversBase v7.6.1
  [2774e3e8] NLsolve v4.3.0
  [77ba4419] NaNMath v0.3.3
  [4536629a] OpenBLAS_jll v0.3.7+7
  [efe28fd5] OpenSpecFun_jll v0.5.3+3
  [bac558e1] OrderedCollections v1.1.0
  [1dea7af3] OrdinaryDiffEq v5.23.0
  [d96e819e] Parameters v0.12.0
  [27ebfcd6] Primes v0.4.0
  [6e0679c1] QuantumOptics v0.7.0
  [4f57444f] QuantumOpticsBase v0.1.3
  [e6cf234a] RandomNumbers v1.4.0
  [308eb6b3] RationalRoots v0.1.0
  [3cdcf5f2] RecipesBase v0.6.0
  [731186ca] RecursiveArrayTools v1.0.2
  [f2c3362d] RecursiveFactorization v0.1.0
  [189a3867] Reexport v0.2.0
  [ae029012] Requires v0.5.2
  [ae5879a3] ResettableStacks v1.0.0
  [f2b01f46] Roots v0.8.4
  [699a6c99] SimpleTraits v0.9.1
  [47a9eef4] SparseDiffTools v0.10.3
  [276daf66] SpecialFunctions v0.10.0
  [90137ffa] StaticArrays v0.12.1
  [789caeaf] StochasticDiffEq v6.16.1
  [3783bdb8] TableTraits v1.0.0
  [a2a6695c] TreeViews v0.3.0
  [19fa3120] VertexSafeGraphs v0.1.1
  [9f57e263] WignerSymbols v1.1.0
  [2a0f44e3] Base64  [`@stdlib/Base64`]
  [ade2ca70] Dates  [`@stdlib/Dates`]
  [8bb1440f] DelimitedFiles  [`@stdlib/DelimitedFiles`]
  [8ba89e20] Distributed  [`@stdlib/Distributed`]
  [b77e0a4c] InteractiveUtils  [`@stdlib/InteractiveUtils`]
  [76f85450] LibGit2  [`@stdlib/LibGit2`]
  [8f399da3] Libdl  [`@stdlib/Libdl`]
  [37e2e46d] LinearAlgebra  [`@stdlib/LinearAlgebra`]
  [56ddb016] Logging  [`@stdlib/Logging`]
  [d6f4376e] Markdown  [`@stdlib/Markdown`]
  [a63ad114] Mmap  [`@stdlib/Mmap`]
  [44cfe95a] Pkg  [`@stdlib/Pkg`]
  [de0858da] Printf  [`@stdlib/Printf`]
  [3fa0cd96] REPL  [`@stdlib/REPL`]
  [9a3f8284] Random  [`@stdlib/Random`]
  [ea8e919c] SHA  [`@stdlib/SHA`]
  [9e88b42a] Serialization  [`@stdlib/Serialization`]
  [1a1011a3] SharedArrays  [`@stdlib/SharedArrays`]
  [6462fe0b] Sockets  [`@stdlib/Sockets`]
  [2f01184e] SparseArrays  [`@stdlib/SparseArrays`]
  [10745b16] Statistics  [`@stdlib/Statistics`]
  [4607b0f0] SuiteSparse  [`@stdlib/SuiteSparse`]
  [8dfed614] Test  [`@stdlib/Test`]
  [cf7118a7] UUIDs  [`@stdlib/UUIDs`]
  [4ec0a83e] Unicode  [`@stdlib/Unicode`]
WARNING: Compat.TypeUtils is deprecated, call the respective Base functions directly
  likely near /home/pkgeval/.julia/packages/DiffEqBase/4V8I6/src/utils.jl:71
WARNING: TypeUtils.typename is deprecated, use Base.typename instead.
  likely near /home/pkgeval/.julia/packages/DiffEqBase/4V8I6/src/utils.jl:71
WARNING: importing deprecated binding TypeUtils.typename into DiffEqBase.
WARNING: Compat.TypeUtils is deprecated, call the respective Base functions directly
  likely near /home/pkgeval/.julia/packages/OrdinaryDiffEq/ROQW3/src/OrdinaryDiffEq.jl:4
WARNING: Compat.TypeUtils is deprecated, call the respective Base functions directly
  likely near /home/pkgeval/.julia/packages/QuantumOptics/sv0OS/src/timeevolution_base.jl:4
WARNING: Compat.TypeUtils is deprecated, call the respective Base functions directly
  likely near /home/pkgeval/.julia/packages/DiffEqCallbacks/Nmwpx/src/DiffEqCallbacks.jl:5
WARNING: Method definition vec(Number) in module DiffEqDiffTools at /home/pkgeval/.julia/packages/DiffEqDiffTools/3mm8U/src/jacobians.jl:114 overwritten in module FiniteDiff at /home/pkgeval/.julia/packages/FiniteDiff/IZ61j/src/jacobians.jl:128.
  ** incremental compilation may be fatally broken for this module **

WARNING: Method definition vec(Number) in module DiffEqDiffTools at /home/pkgeval/.julia/packages/DiffEqDiffTools/3mm8U/src/jacobians.jl:114 overwritten in module FiniteDiff at /home/pkgeval/.julia/packages/FiniteDiff/IZ61j/src/jacobians.jl:128.
  ** incremental compilation may be fatally broken for this module **

WARNING: Compat.TypeUtils is deprecated, call the respective Base functions directly
  likely near /home/pkgeval/.julia/packages/StochasticDiffEq/FUNVd/src/StochasticDiffEq.jl:6
WARNING: Compat.TypeUtils is deprecated, call the respective Base functions directly
  likely near /home/pkgeval/.julia/packages/DiffEqNoiseProcess/SCC7m/src/DiffEqNoiseProcess.jl:5
WARNING: Method definition vec(Number) in module DiffEqDiffTools at /home/pkgeval/.julia/packages/DiffEqDiffTools/3mm8U/src/jacobians.jl:114 overwritten in module FiniteDiff at /home/pkgeval/.julia/packages/FiniteDiff/IZ61j/src/jacobians.jl:128.
  ** incremental compilation may be fatally broken for this module **

WARNING: Compat.TypeUtils is deprecated, call the respective Base functions directly
  likely near /home/pkgeval/.julia/packages/QuantumOptics/sv0OS/test/test_phasespace.jl:2
Test Summary: | Pass  Total
phasespace    |  260    260
Test Summary:    | Pass  Total
spectralanalysis |   42     42
WARNING: TypeUtils.typename is deprecated, use Base.typename instead.
  likely near /home/pkgeval/.julia/packages/QuantumOptics/sv0OS/test/test_timeevolution_schroedinger.jl:4
WARNING: TypeUtils.typename is deprecated, use Base.typename instead.
  likely near /home/pkgeval/.julia/packages/QuantumOptics/sv0OS/test/test_timeevolution_schroedinger.jl:4
WARNING: TypeUtils.typename is deprecated, use Base.typename instead.
  likely near /home/pkgeval/.julia/packages/QuantumOptics/sv0OS/test/test_timeevolution_schroedinger.jl:4
WARNING: TypeUtils.typename is deprecated, use Base.typename instead.
  likely near /home/pkgeval/.julia/packages/QuantumOptics/sv0OS/test/test_timeevolution_schroedinger.jl:4
WARNING: TypeUtils.typename is deprecated, use Base.typename instead.
  likely near /home/pkgeval/.julia/packages/QuantumOptics/sv0OS/test/test_timeevolution_schroedinger.jl:4
WARNING: TypeUtils.typename is deprecated, use Base.typename instead.
  likely near /home/pkgeval/.julia/packages/QuantumOptics/sv0OS/test/test_timeevolution_schroedinger.jl:4
WARNING: TypeUtils.typename is deprecated, use Base.typename instead.
  likely near /home/pkgeval/.julia/packages/QuantumOptics/sv0OS/test/test_timeevolution_schroedinger.jl:4
WARNING: TypeUtils.typename is deprecated, use Base.typename instead.
  likely near /home/pkgeval/.julia/packages/QuantumOptics/sv0OS/test/test_timeevolution_schroedinger.jl:4
WARNING: TypeUtils.typename is deprecated, use Base.typename instead.
  likely near /home/pkgeval/.julia/packages/QuantumOptics/sv0OS/test/test_timeevolution_schroedinger.jl:4
in parameterless_type at /home/pkgeval/.julia/packages/DiffEqBase/4V8I6/src/utils.jl
WARNING: TypeUtils.typename is deprecated, use Base.typename instead.
  likely near /home/pkgeval/.julia/packages/QuantumOptics/sv0OS/test/test_timeevolution_schroedinger.jl:4
WARNING: TypeUtils.typename is deprecated, use Base.typename instead.
  likely near /home/pkgeval/.julia/packages/QuantumOptics/sv0OS/test/test_timeevolution_schroedinger.jl:4
WARNING: TypeUtils.typename is deprecated, use Base.typename instead.
  likely near /home/pkgeval/.julia/packages/QuantumOptics/sv0OS/test/test_timeevolution_schroedinger.jl:4
WARNING: TypeUtils.typename is deprecated, use Base.typename instead.
  likely near /home/pkgeval/.julia/packages/QuantumOptics/sv0OS/test/test_timeevolution_schroedinger.jl:4
WARNING: TypeUtils.typename is deprecated, use Base.typename instead.
  likely near /home/pkgeval/.julia/packages/QuantumOptics/sv0OS/test/test_timeevolution_schroedinger.jl:4
WARNING: TypeUtils.typename is deprecated, use Base.typename instead.
  likely near /home/pkgeval/.julia/packages/QuantumOptics/sv0OS/test/test_timeevolution_schroedinger.jl:4
WARNING: TypeUtils.typename is deprecated, use Base.typename instead.
  likely near /home/pkgeval/.julia/packages/QuantumOptics/sv0OS/test/test_timeevolution_schroedinger.jl:4
WARNING: TypeUtils.typename is deprecated, use Base.typename instead.
  likely near /home/pkgeval/.julia/packages/QuantumOptics/sv0OS/test/test_timeevolution_schroedinger.jl:4
Test Summary: | Pass  Total
schroedinger  |   12     12
WARNING: TypeUtils.typename is deprecated, use Base.typename instead.
  likely near /home/pkgeval/.julia/packages/QuantumOptics/sv0OS/test/test_timeevolution_master.jl:5
WARNING: TypeUtils.typename is deprecated, use Base.typename instead.
  likely near /home/pkgeval/.julia/packages/QuantumOptics/sv0OS/test/test_timeevolution_master.jl:5
WARNING: TypeUtils.typename is deprecated, use Base.typename instead.
  likely near /home/pkgeval/.julia/packages/QuantumOptics/sv0OS/test/test_timeevolution_master.jl:5
WARNING: TypeUtils.typename is deprecated, use Base.typename instead.
  likely near /home/pkgeval/.julia/packages/QuantumOptics/sv0OS/test/test_timeevolution_master.jl:5
WARNING: TypeUtils.typename is deprecated, use Base.typename instead.
  likely near /home/pkgeval/.julia/packages/QuantumOptics/sv0OS/test/test_timeevolution_master.jl:5
WARNING: TypeUtils.typename is deprecated, use Base.typename instead.
  likely near /home/pkgeval/.julia/packages/QuantumOptics/sv0OS/test/test_timeevolution_master.jl:5
WARNING: TypeUtils.typename is deprecated, use Base.typename instead.
  likely near /home/pkgeval/.julia/packages/QuantumOptics/sv0OS/test/test_timeevolution_master.jl:5
WARNING: TypeUtils.typename is deprecated, use Base.typename instead.
  likely near /home/pkgeval/.julia/packages/QuantumOptics/sv0OS/test/test_timeevolution_master.jl:5
Test Summary: | Pass  Total
master        |   32     32
Test Summary: | Pass  Total
mcwf          | 1341   1341
Test Summary:  | Pass  Total
bloch-redfield |    7      7
Test Summary:          | Pass  Total
timeevolution_twolevel |    9      9
Test Summary:              | Pass  Total
timeevolution_pumpedcavity |   60     60
Test Summary: | Pass  Total
steadystate   |   15     15
timecorrelations: Test Failed at /home/pkgeval/.julia/packages/QuantumOptics/sv0OS/test/test_timecorrelations.jl:56
  Expression: length(omega2) == length(S2)
   Evaluated: 338 == 337
Stacktrace:
 [1] top-level scope at /home/pkgeval/.julia/packages/QuantumOptics/sv0OS/test/test_timecorrelations.jl:56
 [2] top-level scope at /buildworker/worker/package_linux64/build/usr/share/julia/stdlib/v1.3/Test/src/Test.jl:1107
 [3] top-level scope at /home/pkgeval/.julia/packages/QuantumOptics/sv0OS/test/test_timecorrelations.jl:7
Test Summary:    | Pass  Fail  Total
timecorrelations |    7     1      8
ERROR: LoadError: LoadError: Some tests did not pass: 7 passed, 1 failed, 0 errored, 0 broken.
in expression starting at /home/pkgeval/.julia/packages/QuantumOptics/sv0OS/test/test_timecorrelations.jl:5
in expression starting at /home/pkgeval/.julia/packages/QuantumOptics/sv0OS/test/runtests.jl:38
ERROR: Package QuantumOptics errored during testing
Stacktrace:
 [1] pkgerror(::String, ::Vararg{String,N} where N) at /buildworker/worker/package_linux64/build/usr/share/julia/stdlib/v1.3/Pkg/src/Types.jl:113
 [2] #test#131(::Bool, ::Nothing, ::Cmd, ::Cmd, ::typeof(Pkg.Operations.test), ::Pkg.Types.Context, ::Array{Pkg.Types.PackageSpec,1}) at /buildworker/worker/package_linux64/build/usr/share/julia/stdlib/v1.3/Pkg/src/Operations.jl:1372
 [3] #test at ./none:0 [inlined]
 [4] #test#62(::Bool, ::Nothing, ::Cmd, ::Cmd, ::Base.Iterators.Pairs{Union{},Union{},Tuple{},NamedTuple{(),Tuple{}}}, ::typeof(Pkg.API.test), ::Pkg.Types.Context, ::Array{Pkg.Types.PackageSpec,1}) at /buildworker/worker/package_linux64/build/usr/share/julia/stdlib/v1.3/Pkg/src/API.jl:253
 [5] test(::Pkg.Types.Context, ::Array{Pkg.Types.PackageSpec,1}) at /buildworker/worker/package_linux64/build/usr/share/julia/stdlib/v1.3/Pkg/src/API.jl:239
 [6] #test#61 at /buildworker/worker/package_linux64/build/usr/share/julia/stdlib/v1.3/Pkg/src/API.jl:233 [inlined]
 [7] test at /buildworker/worker/package_linux64/build/usr/share/julia/stdlib/v1.3/Pkg/src/API.jl:233 [inlined]
 [8] #test#60 at /buildworker/worker/package_linux64/build/usr/share/julia/stdlib/v1.3/Pkg/src/API.jl:232 [inlined]
 [9] test at /buildworker/worker/package_linux64/build/usr/share/julia/stdlib/v1.3/Pkg/src/API.jl:232 [inlined]
 [10] #test#59(::Base.Iterators.Pairs{Union{},Union{},Tuple{},NamedTuple{(),Tuple{}}}, ::typeof(Pkg.API.test), ::String) at /buildworker/worker/package_linux64/build/usr/share/julia/stdlib/v1.3/Pkg/src/API.jl:231
 [11] test(::String) at /buildworker/worker/package_linux64/build/usr/share/julia/stdlib/v1.3/Pkg/src/API.jl:231
