Julia Version 1.4.0
Commit b8e9a9ecc6 (2020-03-21 16:36 UTC)
Platform Info:
  OS: Linux (x86_64-pc-linux-gnu)
  CPU: AMD Ryzen Threadripper 2990WX 32-Core Processor
  WORD_SIZE: 64
  LIBM: libopenlibm
  LLVM: libLLVM-8.0.1 (ORCJIT, znver1)
Environment:
  JULIA_DEPOT_PATH = ::/usr/local/share/julia
  JULIA_NUM_THREADS = 2

  Resolving package versions...
  Installed SortingAlgorithms ── v0.3.1
  Installed NearestNeighbors ─── v0.4.4
  Installed StaticArrays ─────── v0.12.1
    Cloning [a7db621c-8ce0-11e9-16a1-0f86dc86bd10] QuantizedArrays from https://github.com/zgornel/QuantizedArrays.jl.git
[?25l    Fetching: [>                                        ]  0.0 %[2K[?25h  Installed QuantizedArrays ──── v0.1.3
    Cloning [9a962f9c-6df0-11e9-0e5d-c546b8b5ee8a] DataAPI from https://github.com/JuliaData/DataAPI.jl.git
[?25l    Fetching: [>                                        ]  0.0 %[2K[?25h  Installed DataAPI ──────────── v1.1.0
    Cloning [e1d29d7a-bbdc-5cf2-9ac0-f12de2c33e28] Missings from https://github.com/JuliaData/Missings.jl.git
[?25l    Fetching: [>                                        ]  0.0 %[2K[?25h  Installed Missings ─────────── v0.4.3
    Cloning [864edb3b-99cc-5e75-8d2d-829cb0a9cfe8] DataStructures from https://github.com/JuliaCollections/DataStructures.jl.git
[?25l    Fetching: [>                                        ]  0.0 %[2K[?25h  Installed DataStructures ───── v0.17.10
    Cloning [aaaa29a8-35af-508c-8bc3-b662a17a0fe5] Clustering from https://github.com/JuliaStats/Clustering.jl.git
[?25l    Fetching: [>                                        ]  0.0 %[2K[?25h  Installed Clustering ───────── v0.13.5
    Cloning [b4f34e82-e78d-54a5-968a-f98e89d6e8f7] Distances from https://github.com/JuliaStats/Distances.jl.git
[?25l    Fetching: [>                                        ]  0.0 %[2K[?25h  Installed Distances ────────── v0.8.2
    Cloning [2913bbd2-ae8a-5f71-8c99-4fb6c76f3a91] StatsBase from https://github.com/JuliaStats/StatsBase.jl.git
[?25l    Fetching: [>                                        ]  0.0 %[2K[?25h  Installed StatsBase ────────── v0.32.2
    Cloning [bac558e1-5e72-5ebc-8fee-abe8a469f55d] OrderedCollections from https://github.com/JuliaCollections/OrderedCollections.jl.git
[?25l    Fetching: [>                                        ]  0.0 %[2K[?25h  Installed OrderedCollections ─ v1.1.0
   Updating `~/.julia/environments/v1.4/Project.toml`
  [a7db621c] + QuantizedArrays v0.1.3
   Updating `~/.julia/environments/v1.4/Manifest.toml`
  [aaaa29a8] + Clustering v0.13.5
  [9a962f9c] + DataAPI v1.1.0
  [864edb3b] + DataStructures v0.17.10
  [b4f34e82] + Distances v0.8.2
  [e1d29d7a] + Missings v0.4.3
  [b8a86587] + NearestNeighbors v0.4.4
  [bac558e1] + OrderedCollections v1.1.0
  [a7db621c] + QuantizedArrays v0.1.3
  [a2af1166] + SortingAlgorithms v0.3.1
  [90137ffa] + StaticArrays v0.12.1
  [2913bbd2] + StatsBase v0.32.2
  [2a0f44e3] + Base64 
  [8ba89e20] + Distributed 
  [b77e0a4c] + InteractiveUtils 
  [8f399da3] + Libdl 
  [37e2e46d] + LinearAlgebra 
  [56ddb016] + Logging 
  [d6f4376e] + Markdown 
  [de0858da] + Printf 
  [9a3f8284] + Random 
  [9e88b42a] + Serialization 
  [6462fe0b] + Sockets 
  [2f01184e] + SparseArrays 
  [10745b16] + Statistics 
  [8dfed614] + Test 
  [4ec0a83e] + Unicode 
    Testing QuantizedArrays
Status `/tmp/jl_JsWHUs/Manifest.toml`
  [aaaa29a8] Clustering v0.13.5
  [9a962f9c] DataAPI v1.1.0
  [864edb3b] DataStructures v0.17.10
  [b4f34e82] Distances v0.8.2
  [e1d29d7a] Missings v0.4.3
  [b8a86587] NearestNeighbors v0.4.4
  [bac558e1] OrderedCollections v1.1.0
  [a7db621c] QuantizedArrays v0.1.3
  [a2af1166] SortingAlgorithms v0.3.1
  [90137ffa] StaticArrays v0.12.1
  [2913bbd2] StatsBase v0.32.2
  [2a0f44e3] Base64 
  [8ba89e20] Distributed 
  [b77e0a4c] InteractiveUtils 
  [8f399da3] Libdl 
  [37e2e46d] LinearAlgebra 
  [56ddb016] Logging 
  [d6f4376e] Markdown 
  [de0858da] Printf 
  [9a3f8284] Random 
  [9e88b42a] Serialization 
  [6462fe0b] Sockets 
  [2f01184e] SparseArrays 
  [10745b16] Statistics 
  [8dfed614] Test 
  [4ec0a83e] Unicode 
Test Summary:       | Pass  Total
Codebook generation |  154    154
Test Summary:   | Pass  Total
Array quantizer |  183    183
Test Summary:   | Pass  Total
Array interface |   29     29
Test Summary: | Pass  Total
Utils         |   54     54
    Testing QuantizedArrays tests passed 
