Julia Version 1.3.1
Commit 2d5741174c (2019-12-30 21:36 UTC)
Platform Info:
  OS: Linux (x86_64-pc-linux-gnu)
  CPU: AMD Ryzen Threadripper 2990WX 32-Core Processor
  WORD_SIZE: 64
  LIBM: libopenlibm
  LLVM: libLLVM-6.0.1 (ORCJIT, znver1)
Environment:
  JULIA_DEPOT_PATH = ::/usr/local/share/julia
  JULIA_NUM_THREADS = 2

 Resolving package versions...
 Installed RandomCorrelationMatrices ──── v1.0.0
 Installed CompilerSupportLibraries_jll ─ v0.2.0+1
 Installed StatsFuns ──────────────────── v0.9.4
 Installed FillArrays ─────────────────── v0.8.5
 Installed OrderedCollections ─────────── v1.1.0
 Installed QuadGK ─────────────────────── v2.3.1
 Installed StatsBase ──────────────────── v0.32.2
 Installed OpenBLAS_jll ───────────────── v0.3.7+7
 Installed Rmath ──────────────────────── v0.6.1
 Installed SortingAlgorithms ──────────── v0.3.1
 Installed Arpack ─────────────────────── v0.4.0
 Installed DataAPI ────────────────────── v1.1.0
 Installed Arpack_jll ─────────────────── v3.5.0+2
 Installed OpenSpecFun_jll ────────────── v0.5.3+3
 Installed PDMats ─────────────────────── v0.9.12
 Installed Missings ───────────────────── v0.4.3
 Installed DataStructures ─────────────── v0.17.10
 Installed SpecialFunctions ───────────── v0.10.0
 Installed Distributions ──────────────── v0.22.5
 Installed Rmath_jll ──────────────────── v0.2.2+0
  Updating `~/.julia/environments/v1.3/Project.toml`
  [2547b907] + RandomCorrelationMatrices v1.0.0
  Updating `~/.julia/environments/v1.3/Manifest.toml`
  [7d9fca2a] + Arpack v0.4.0
  [68821587] + Arpack_jll v3.5.0+2
  [e66e0078] + CompilerSupportLibraries_jll v0.2.0+1
  [9a962f9c] + DataAPI v1.1.0
  [864edb3b] + DataStructures v0.17.10
  [31c24e10] + Distributions v0.22.5
  [1a297f60] + FillArrays v0.8.5
  [e1d29d7a] + Missings v0.4.3
  [4536629a] + OpenBLAS_jll v0.3.7+7
  [efe28fd5] + OpenSpecFun_jll v0.5.3+3
  [bac558e1] + OrderedCollections v1.1.0
  [90014a1f] + PDMats v0.9.12
  [1fd47b50] + QuadGK v2.3.1
  [2547b907] + RandomCorrelationMatrices v1.0.0
  [79098fc4] + Rmath v0.6.1
  [f50d1b31] + Rmath_jll v0.2.2+0
  [a2af1166] + SortingAlgorithms v0.3.1
  [276daf66] + SpecialFunctions v0.10.0
  [2913bbd2] + StatsBase v0.32.2
  [4c63d2b9] + StatsFuns v0.9.4
  [2a0f44e3] + Base64 
  [ade2ca70] + Dates 
  [8ba89e20] + Distributed 
  [b77e0a4c] + InteractiveUtils 
  [76f85450] + LibGit2 
  [8f399da3] + Libdl 
  [37e2e46d] + LinearAlgebra 
  [56ddb016] + Logging 
  [d6f4376e] + Markdown 
  [44cfe95a] + Pkg 
  [de0858da] + Printf 
  [3fa0cd96] + REPL 
  [9a3f8284] + Random 
  [ea8e919c] + SHA 
  [9e88b42a] + Serialization 
  [6462fe0b] + Sockets 
  [2f01184e] + SparseArrays 
  [10745b16] + Statistics 
  [4607b0f0] + SuiteSparse 
  [8dfed614] + Test 
  [cf7118a7] + UUIDs 
  [4ec0a83e] + Unicode 
   Testing RandomCorrelationMatrices
    Status `/tmp/jl_eiUfY5/Manifest.toml`
  [7d9fca2a] Arpack v0.4.0
  [68821587] Arpack_jll v3.5.0+2
  [e66e0078] CompilerSupportLibraries_jll v0.2.0+1
  [9a962f9c] DataAPI v1.1.0
  [864edb3b] DataStructures v0.17.10
  [31c24e10] Distributions v0.22.5
  [1a297f60] FillArrays v0.8.5
  [e1d29d7a] Missings v0.4.3
  [4536629a] OpenBLAS_jll v0.3.7+7
  [efe28fd5] OpenSpecFun_jll v0.5.3+3
  [bac558e1] OrderedCollections v1.1.0
  [90014a1f] PDMats v0.9.12
  [1fd47b50] QuadGK v2.3.1
  [2547b907] RandomCorrelationMatrices v1.0.0
  [79098fc4] Rmath v0.6.1
  [f50d1b31] Rmath_jll v0.2.2+0
  [a2af1166] SortingAlgorithms v0.3.1
  [276daf66] SpecialFunctions v0.10.0
  [2913bbd2] StatsBase v0.32.2
  [4c63d2b9] StatsFuns v0.9.4
  [2a0f44e3] Base64  [`@stdlib/Base64`]
  [ade2ca70] Dates  [`@stdlib/Dates`]
  [8ba89e20] Distributed  [`@stdlib/Distributed`]
  [b77e0a4c] InteractiveUtils  [`@stdlib/InteractiveUtils`]
  [76f85450] LibGit2  [`@stdlib/LibGit2`]
  [8f399da3] Libdl  [`@stdlib/Libdl`]
  [37e2e46d] LinearAlgebra  [`@stdlib/LinearAlgebra`]
  [56ddb016] Logging  [`@stdlib/Logging`]
  [d6f4376e] Markdown  [`@stdlib/Markdown`]
  [44cfe95a] Pkg  [`@stdlib/Pkg`]
  [de0858da] Printf  [`@stdlib/Printf`]
  [3fa0cd96] REPL  [`@stdlib/REPL`]
  [9a3f8284] Random  [`@stdlib/Random`]
  [ea8e919c] SHA  [`@stdlib/SHA`]
  [9e88b42a] Serialization  [`@stdlib/Serialization`]
  [6462fe0b] Sockets  [`@stdlib/Sockets`]
  [2f01184e] SparseArrays  [`@stdlib/SparseArrays`]
  [10745b16] Statistics  [`@stdlib/Statistics`]
  [4607b0f0] SuiteSparse  [`@stdlib/SuiteSparse`]
  [8dfed614] Test  [`@stdlib/Test`]
  [cf7118a7] UUIDs  [`@stdlib/UUIDs`]
  [4ec0a83e] Unicode  [`@stdlib/Unicode`]
Random correlation matrix
η = 2
 1.00  0.08  0.40 -0.18 
 0.08  1.00  0.20 -0.51 
 0.40  0.20  1.00 -0.61 
-0.18 -0.51 -0.61  1.00 
mean(ranges) = 0.9608708667542948
median(ranges) = 0.9633774273337099
η = 8
 1.00 -0.11  0.11  0.15 
-0.11  1.00 -0.04  0.00 
 0.11 -0.04  1.00 -0.00 
 0.15  0.00 -0.00  1.00 
mean(ranges) = 0.5850483911490421
median(ranges) = 0.5714837520395571
η = 32
 1.00  0.02 -0.11 -0.16 
 0.02  1.00  0.21  0.16 
-0.11  0.21  1.00  0.00 
-0.16  0.16  0.00  1.00 
mean(ranges) = 0.30706584802675774
median(ranges) = 0.30496066214037537
η = 128
 1.00  0.02  0.03 -0.08 
 0.02  1.00  0.08 -0.09 
 0.03  0.08  1.00 -0.01 
-0.08 -0.09 -0.01  1.00 
mean(ranges) = 0.15730721638998282
median(ranges) = 0.15089780087106036
σ = [100, 200, 300, 400, 500]
round.(stddevs, digits=1) = [100.1; 200.8; 300.1; 399.5; 500.4]
Test Summary:            | Pass  Total
Random covariance matrix |    2      2
   Testing RandomCorrelationMatrices tests passed 
