Julia Version 1.3.1
Commit 2d5741174c (2019-12-30 21:36 UTC)
Platform Info:
  OS: Linux (x86_64-pc-linux-gnu)
  CPU: AMD Ryzen Threadripper 2990WX 32-Core Processor
  WORD_SIZE: 64
  LIBM: libopenlibm
  LLVM: libLLVM-6.0.1 (ORCJIT, znver1)
Environment:
  JULIA_DEPOT_PATH = ::/usr/local/share/julia
  JULIA_NUM_THREADS = 2

 Resolving package versions...
 Installed OrderedCollections ─ v1.1.0
 Installed Reactive ─────────── v0.8.3
 Installed DataStructures ───── v0.17.10
  Updating `~/.julia/environments/v1.3/Project.toml`
  [a223df75] + Reactive v0.8.3
  Updating `~/.julia/environments/v1.3/Manifest.toml`
  [864edb3b] + DataStructures v0.17.10
  [bac558e1] + OrderedCollections v1.1.0
  [a223df75] + Reactive v0.8.3
  [2a0f44e3] + Base64 
  [8ba89e20] + Distributed 
  [b77e0a4c] + InteractiveUtils 
  [56ddb016] + Logging 
  [d6f4376e] + Markdown 
  [9a3f8284] + Random 
  [9e88b42a] + Serialization 
  [6462fe0b] + Sockets 
  [8dfed614] + Test 
   Testing Reactive
    Status `/tmp/jl_3ttn2c/Manifest.toml`
  [864edb3b] DataStructures v0.17.10
  [bac558e1] OrderedCollections v1.1.0
  [a223df75] Reactive v0.8.3
  [2a0f44e3] Base64  [`@stdlib/Base64`]
  [8ba89e20] Distributed  [`@stdlib/Distributed`]
  [b77e0a4c] InteractiveUtils  [`@stdlib/InteractiveUtils`]
  [56ddb016] Logging  [`@stdlib/Logging`]
  [d6f4376e] Markdown  [`@stdlib/Markdown`]
  [9a3f8284] Random  [`@stdlib/Random`]
  [9e88b42a] Serialization  [`@stdlib/Serialization`]
  [6462fe0b] Sockets  [`@stdlib/Sockets`]
  [8dfed614] Test  [`@stdlib/Test`]
Test Summary: | Pass  Total
Queue runner  |    2      2
step 1
step 2
step 3
queue_size() = 0
Test Summary: | Pass  Total
Basic checks  |   91     91
Test Summary:           | Pass  Total
Push to non-input nodes |   32     32
av = 1
bv = 2
av = 1
bv = 3
av = 7
bv = 7
Test Summary:       | Pass  Total
multi-path graphs 1 |   17     17
Test Summary:       | Pass  Total
multi-path graphs 2 |   16     16
Test Summary:                        | Pass  Total
multi-path graphs: dfs good, bfs bad |    2      2
Test Summary:                        | Pass  Total
multi-path graphs: bfs good, dfs bad |    2      2
Test Summary:                       | Pass  Total
multi-path graphs: dfs bad, bfs bad |    2      2
Test Summary: | Pass  Total
Call counting |  600    600
Test Summary: | Pass  Total
Flatten       |   30     30
dt = 1.442810303
fpswhen: Test Failed at /home/pkgeval/.julia/packages/Reactive/g1LZ6/test/time.jl:22
  Expression: isapprox(dt, 1, atol=0.3)
   Evaluated: isapprox(1.442810303, 1; atol=0.3)
Stacktrace:
 [1] top-level scope at /home/pkgeval/.julia/packages/Reactive/g1LZ6/test/time.jl:22
 [2] top-level scope at /buildworker/worker/package_linux64/build/usr/share/julia/stdlib/v1.3/Test/src/Test.jl:1107
 [3] top-level scope at /home/pkgeval/.julia/packages/Reactive/g1LZ6/test/time.jl:4
 [4] top-level scope at /buildworker/worker/package_linux64/build/usr/share/julia/stdlib/v1.3/Test/src/Test.jl:1107
 [5] top-level scope at /home/pkgeval/.julia/packages/Reactive/g1LZ6/test/time.jl:3
end_t = 1.58456168097323e9
end_t .- accval = [1.506593942642212, 1.0063328742980957, 0.5060257911682129, 0.005403995513916016]
z got 2
z got 5
z′ got [1, 2, 3, 4, 5, 6, 7]
z got 7
z got 9
z got 12
z′ got [8, 9, 10, 11, 12]
i = 12
dt = 2.3459839820861816
ydt = 0.5
y′dt = 1.1
zcount = 5.0
z′count = 3.0
value(y) = 12
value(y′) = [8, 9, 10, 11, 12]
value(z) = 5
value(z′) = 2
Test Summary:    | Pass  Fail  Total
Timing functions |   27     1     28
  fpswhen        |    3     1      4
  every          |    3            3
  throttle       |    6            6
  debounce       |   15           15
ERROR: LoadError: LoadError: Some tests did not pass: 27 passed, 1 failed, 0 errored, 0 broken.
in expression starting at /home/pkgeval/.julia/packages/Reactive/g1LZ6/test/time.jl:1
in expression starting at /home/pkgeval/.julia/packages/Reactive/g1LZ6/test/runtests.jl:22
ERROR: Package Reactive errored during testing
Stacktrace:
 [1] pkgerror(::String, ::Vararg{String,N} where N) at /buildworker/worker/package_linux64/build/usr/share/julia/stdlib/v1.3/Pkg/src/Types.jl:113
 [2] #test#131(::Bool, ::Nothing, ::Cmd, ::Cmd, ::typeof(Pkg.Operations.test), ::Pkg.Types.Context, ::Array{Pkg.Types.PackageSpec,1}) at /buildworker/worker/package_linux64/build/usr/share/julia/stdlib/v1.3/Pkg/src/Operations.jl:1372
 [3] #test at ./none:0 [inlined]
 [4] #test#62(::Bool, ::Nothing, ::Cmd, ::Cmd, ::Base.Iterators.Pairs{Union{},Union{},Tuple{},NamedTuple{(),Tuple{}}}, ::typeof(Pkg.API.test), ::Pkg.Types.Context, ::Array{Pkg.Types.PackageSpec,1}) at /buildworker/worker/package_linux64/build/usr/share/julia/stdlib/v1.3/Pkg/src/API.jl:253
 [5] test(::Pkg.Types.Context, ::Array{Pkg.Types.PackageSpec,1}) at /buildworker/worker/package_linux64/build/usr/share/julia/stdlib/v1.3/Pkg/src/API.jl:239
 [6] #test#61 at /buildworker/worker/package_linux64/build/usr/share/julia/stdlib/v1.3/Pkg/src/API.jl:233 [inlined]
 [7] test at /buildworker/worker/package_linux64/build/usr/share/julia/stdlib/v1.3/Pkg/src/API.jl:233 [inlined]
 [8] #test#60 at /buildworker/worker/package_linux64/build/usr/share/julia/stdlib/v1.3/Pkg/src/API.jl:232 [inlined]
 [9] test at /buildworker/worker/package_linux64/build/usr/share/julia/stdlib/v1.3/Pkg/src/API.jl:232 [inlined]
 [10] #test#59(::Base.Iterators.Pairs{Union{},Union{},Tuple{},NamedTuple{(),Tuple{}}}, ::typeof(Pkg.API.test), ::String) at /buildworker/worker/package_linux64/build/usr/share/julia/stdlib/v1.3/Pkg/src/API.jl:231
 [11] test(::String) at /buildworker/worker/package_linux64/build/usr/share/julia/stdlib/v1.3/Pkg/src/API.jl:231
 [12] top-level scope at none:13
