Julia Version 1.3.1
Commit 2d5741174c (2019-12-30 21:36 UTC)
Platform Info:
  OS: Linux (x86_64-pc-linux-gnu)
  CPU: AMD Ryzen Threadripper 2990WX 32-Core Processor
  WORD_SIZE: 64
  LIBM: libopenlibm
  LLVM: libLLVM-6.0.1 (ORCJIT, znver1)
Environment:
  JULIA_DEPOT_PATH = ::/usr/local/share/julia
  JULIA_NUM_THREADS = 2

 Resolving package versions...
 Installed DataAPI ──────────── v1.1.0
 Installed Crayons ──────────── v4.0.1
 Installed OrderedCollections ─ v1.1.0
 Installed DelayEmbeddings ──── v1.3.1
 Installed RecurrenceAnalysis ─ v1.2.0
 Installed StatsBase ────────── v0.32.2
 Installed StaticArrays ─────── v0.12.1
 Installed UnicodePlots ─────── v1.2.0
 Installed SortingAlgorithms ── v0.3.1
 Installed Missings ─────────── v0.4.3
 Installed Distances ────────── v0.8.2
 Installed DataStructures ───── v0.17.10
 Installed NearestNeighbors ─── v0.4.4
 Installed RecipesBase ──────── v0.8.0
  Updating `~/.julia/environments/v1.3/Project.toml`
  [639c3291] + RecurrenceAnalysis v1.2.0
  Updating `~/.julia/environments/v1.3/Manifest.toml`
  [a8cc5b0e] + Crayons v4.0.1
  [9a962f9c] + DataAPI v1.1.0
  [864edb3b] + DataStructures v0.17.10
  [5732040d] + DelayEmbeddings v1.3.1
  [b4f34e82] + Distances v0.8.2
  [e1d29d7a] + Missings v0.4.3
  [b8a86587] + NearestNeighbors v0.4.4
  [bac558e1] + OrderedCollections v1.1.0
  [3cdcf5f2] + RecipesBase v0.8.0
  [639c3291] + RecurrenceAnalysis v1.2.0
  [a2af1166] + SortingAlgorithms v0.3.1
  [90137ffa] + StaticArrays v0.12.1
  [2913bbd2] + StatsBase v0.32.2
  [b8865327] + UnicodePlots v1.2.0
  [2a0f44e3] + Base64 
  [ade2ca70] + Dates 
  [8bb1440f] + DelimitedFiles 
  [8ba89e20] + Distributed 
  [b77e0a4c] + InteractiveUtils 
  [8f399da3] + Libdl 
  [37e2e46d] + LinearAlgebra 
  [56ddb016] + Logging 
  [d6f4376e] + Markdown 
  [a63ad114] + Mmap 
  [de0858da] + Printf 
  [9a3f8284] + Random 
  [9e88b42a] + Serialization 
  [6462fe0b] + Sockets 
  [2f01184e] + SparseArrays 
  [10745b16] + Statistics 
  [8dfed614] + Test 
  [4ec0a83e] + Unicode 
   Testing RecurrenceAnalysis
 Resolving package versions...
 Installed LeftChildRightSiblingTrees ─── v0.1.2
 Installed DiffRules ──────────────────── v1.0.1
 Installed DiffResults ────────────────── v1.0.2
 Installed LoggingExtras ──────────────── v0.4.0
 Installed FunctionWrappers ───────────── v1.1.1
 Installed NaNMath ────────────────────── v0.3.3
 Installed DynamicalSystemsBase ───────── v1.5.3
 Installed MacroTools ─────────────────── v0.5.4
 Installed ArrayInterface ─────────────── v2.5.1
 Installed ProgressMeter ──────────────── v1.2.0
 Installed CompilerSupportLibraries_jll ─ v0.2.0+1
 Installed ProgressLogging ────────────── v0.1.2
 Installed Requires ───────────────────── v1.0.1
 Installed ChainRulesCore ─────────────── v0.7.1
 Installed SimpleDiffEq ───────────────── v1.1.0
 Installed Roots ──────────────────────── v1.0.0
 Installed RecursiveFactorization ─────── v0.1.0
 Installed SpecialFunctions ───────────── v0.10.0
 Installed TerminalLoggers ────────────── v0.1.1
 Installed IteratorInterfaceExtensions ── v1.0.0
 Installed ZygoteRules ────────────────── v0.2.0
 Installed ForwardDiff ────────────────── v0.10.9
 Installed AbstractTrees ──────────────── v0.3.2
 Installed Reexport ───────────────────── v0.2.0
 Installed RecursiveArrayTools ────────── v2.1.0
 Installed TableTraits ────────────────── v1.0.0
 Installed Parameters ─────────────────── v0.12.0
 Installed DiffEqBase ─────────────────── v6.24.0
 Installed ConsoleProgressMonitor ─────── v0.1.2
 Installed MuladdMacro ────────────────── v0.2.2
 Installed CommonSubexpressions ───────── v0.2.0
 Installed OpenSpecFun_jll ────────────── v0.5.3+3
 Installed TreeViews ──────────────────── v0.3.0
 Installed IterativeSolvers ───────────── v0.8.1
 Installed DocStringExtensions ────────── v0.8.1
    Status `/tmp/jl_dXDFhH/Manifest.toml`
  [1520ce14] AbstractTrees v0.3.2
  [4fba245c] ArrayInterface v2.5.1
  [d360d2e6] ChainRulesCore v0.7.1
  [bbf7d656] CommonSubexpressions v0.2.0
  [e66e0078] CompilerSupportLibraries_jll v0.2.0+1
  [88cd18e8] ConsoleProgressMonitor v0.1.2
  [a8cc5b0e] Crayons v4.0.1
  [9a962f9c] DataAPI v1.1.0
  [864edb3b] DataStructures v0.17.10
  [5732040d] DelayEmbeddings v1.3.1
  [2b5f629d] DiffEqBase v6.24.0
  [163ba53b] DiffResults v1.0.2
  [b552c78f] DiffRules v1.0.1
  [b4f34e82] Distances v0.8.2
  [ffbed154] DocStringExtensions v0.8.1
  [6e36e845] DynamicalSystemsBase v1.5.3
  [f6369f11] ForwardDiff v0.10.9
  [069b7b12] FunctionWrappers v1.1.1
  [42fd0dbc] IterativeSolvers v0.8.1
  [82899510] IteratorInterfaceExtensions v1.0.0
  [1d6d02ad] LeftChildRightSiblingTrees v0.1.2
  [e6f89c97] LoggingExtras v0.4.0
  [1914dd2f] MacroTools v0.5.4
  [e1d29d7a] Missings v0.4.3
  [46d2c3a1] MuladdMacro v0.2.2
  [77ba4419] NaNMath v0.3.3
  [b8a86587] NearestNeighbors v0.4.4
  [efe28fd5] OpenSpecFun_jll v0.5.3+3
  [bac558e1] OrderedCollections v1.1.0
  [d96e819e] Parameters v0.12.0
  [33c8b6b6] ProgressLogging v0.1.2
  [92933f4c] ProgressMeter v1.2.0
  [3cdcf5f2] RecipesBase v0.8.0
  [639c3291] RecurrenceAnalysis v1.2.0
  [731186ca] RecursiveArrayTools v2.1.0
  [f2c3362d] RecursiveFactorization v0.1.0
  [189a3867] Reexport v0.2.0
  [ae029012] Requires v1.0.1
  [f2b01f46] Roots v1.0.0
  [05bca326] SimpleDiffEq v1.1.0
  [a2af1166] SortingAlgorithms v0.3.1
  [276daf66] SpecialFunctions v0.10.0
  [90137ffa] StaticArrays v0.12.1
  [2913bbd2] StatsBase v0.32.2
  [3783bdb8] TableTraits v1.0.0
  [5d786b92] TerminalLoggers v0.1.1
  [a2a6695c] TreeViews v0.3.0
  [b8865327] UnicodePlots v1.2.0
  [700de1a5] ZygoteRules v0.2.0
  [2a0f44e3] Base64  [`@stdlib/Base64`]
  [ade2ca70] Dates  [`@stdlib/Dates`]
  [8bb1440f] DelimitedFiles  [`@stdlib/DelimitedFiles`]
  [8ba89e20] Distributed  [`@stdlib/Distributed`]
  [b77e0a4c] InteractiveUtils  [`@stdlib/InteractiveUtils`]
  [76f85450] LibGit2  [`@stdlib/LibGit2`]
  [8f399da3] Libdl  [`@stdlib/Libdl`]
  [37e2e46d] LinearAlgebra  [`@stdlib/LinearAlgebra`]
  [56ddb016] Logging  [`@stdlib/Logging`]
  [d6f4376e] Markdown  [`@stdlib/Markdown`]
  [a63ad114] Mmap  [`@stdlib/Mmap`]
  [44cfe95a] Pkg  [`@stdlib/Pkg`]
  [de0858da] Printf  [`@stdlib/Printf`]
  [3fa0cd96] REPL  [`@stdlib/REPL`]
  [9a3f8284] Random  [`@stdlib/Random`]
  [ea8e919c] SHA  [`@stdlib/SHA`]
  [9e88b42a] Serialization  [`@stdlib/Serialization`]
  [6462fe0b] Sockets  [`@stdlib/Sockets`]
  [2f01184e] SparseArrays  [`@stdlib/SparseArrays`]
  [10745b16] Statistics  [`@stdlib/Statistics`]
  [4607b0f0] SuiteSparse  [`@stdlib/SuiteSparse`]
  [8dfed614] Test  [`@stdlib/Test`]
  [cf7118a7] UUIDs  [`@stdlib/UUIDs`]
  [4ec0a83e] Unicode  [`@stdlib/Unicode`]
Test Summary: | Pass  Total
Sine wave     |   21     21
Test Summary: | Pass  Total
White noise   |   21     21
Test Summary:   | Pass  Total
Hénon (chaotic) |   21     21
Test Summary:    | Pass  Total
Hénon (periodic) |   21     21
Test Summary:         | Pass  Total
Recurrence structures |   64     64
   Testing RecurrenceAnalysis tests passed 
