Julia Version 1.3.1
Commit 2d5741174c (2019-12-30 21:36 UTC)
Platform Info:
  OS: Linux (x86_64-pc-linux-gnu)
  CPU: AMD Ryzen Threadripper 2990WX 32-Core Processor
  WORD_SIZE: 64
  LIBM: libopenlibm
  LLVM: libLLVM-6.0.1 (ORCJIT, znver1)
Environment:
  JULIA_DEPOT_PATH = ::/usr/local/share/julia
  JULIA_NUM_THREADS = 2

 Resolving package versions...
 Installed Suppressor ────────── v0.1.1
 Installed Parsers ───────────── v0.3.12
 Installed OrderedCollections ── v1.1.0
 Installed JSON ──────────────── v0.21.0
 Installed DocStringExtensions ─ v0.8.1
 Installed Rocket ────────────── v1.1.2
 Installed Compat ────────────── v2.2.0
 Installed Documenter ────────── v0.24.6
 Installed DataStructures ────── v0.17.10
  Updating `~/.julia/environments/v1.3/Project.toml`
  [df971d30] + Rocket v1.1.2
  Updating `~/.julia/environments/v1.3/Manifest.toml`
  [34da2185] + Compat v2.2.0
  [864edb3b] + DataStructures v0.17.10
  [ffbed154] + DocStringExtensions v0.8.1
  [e30172f5] + Documenter v0.24.6
  [682c06a0] + JSON v0.21.0
  [bac558e1] + OrderedCollections v1.1.0
  [69de0a69] + Parsers v0.3.12
  [df971d30] + Rocket v1.1.2
  [fd094767] + Suppressor v0.1.1
  [2a0f44e3] + Base64 
  [ade2ca70] + Dates 
  [8bb1440f] + DelimitedFiles 
  [8ba89e20] + Distributed 
  [b77e0a4c] + InteractiveUtils 
  [76f85450] + LibGit2 
  [8f399da3] + Libdl 
  [37e2e46d] + LinearAlgebra 
  [56ddb016] + Logging 
  [d6f4376e] + Markdown 
  [a63ad114] + Mmap 
  [44cfe95a] + Pkg 
  [de0858da] + Printf 
  [3fa0cd96] + REPL 
  [9a3f8284] + Random 
  [ea8e919c] + SHA 
  [9e88b42a] + Serialization 
  [1a1011a3] + SharedArrays 
  [6462fe0b] + Sockets 
  [2f01184e] + SparseArrays 
  [10745b16] + Statistics 
  [8dfed614] + Test 
  [cf7118a7] + UUIDs 
  [4ec0a83e] + Unicode 
   Testing Rocket
    Status `/tmp/jl_zk1pis/Manifest.toml`
  [34da2185] Compat v2.2.0
  [864edb3b] DataStructures v0.17.10
  [ffbed154] DocStringExtensions v0.8.1
  [e30172f5] Documenter v0.24.6
  [682c06a0] JSON v0.21.0
  [bac558e1] OrderedCollections v1.1.0
  [69de0a69] Parsers v0.3.12
  [df971d30] Rocket v1.1.2
  [fd094767] Suppressor v0.1.1
  [2a0f44e3] Base64  [`@stdlib/Base64`]
  [ade2ca70] Dates  [`@stdlib/Dates`]
  [8bb1440f] DelimitedFiles  [`@stdlib/DelimitedFiles`]
  [8ba89e20] Distributed  [`@stdlib/Distributed`]
  [b77e0a4c] InteractiveUtils  [`@stdlib/InteractiveUtils`]
  [76f85450] LibGit2  [`@stdlib/LibGit2`]
  [8f399da3] Libdl  [`@stdlib/Libdl`]
  [37e2e46d] LinearAlgebra  [`@stdlib/LinearAlgebra`]
  [56ddb016] Logging  [`@stdlib/Logging`]
  [d6f4376e] Markdown  [`@stdlib/Markdown`]
  [a63ad114] Mmap  [`@stdlib/Mmap`]
  [44cfe95a] Pkg  [`@stdlib/Pkg`]
  [de0858da] Printf  [`@stdlib/Printf`]
  [3fa0cd96] REPL  [`@stdlib/REPL`]
  [9a3f8284] Random  [`@stdlib/Random`]
  [ea8e919c] SHA  [`@stdlib/SHA`]
  [9e88b42a] Serialization  [`@stdlib/Serialization`]
  [1a1011a3] SharedArrays  [`@stdlib/SharedArrays`]
  [6462fe0b] Sockets  [`@stdlib/Sockets`]
  [2f01184e] SparseArrays  [`@stdlib/SparseArrays`]
  [10745b16] Statistics  [`@stdlib/Statistics`]
  [8dfed614] Test  [`@stdlib/Test`]
  [cf7118a7] UUIDs  [`@stdlib/UUIDs`]
  [4ec0a83e] Unicode  [`@stdlib/Unicode`]
[ Info: SetupBuildDirectory: setting up build directory.
[ Info: Doctest: running doctests.
[ Info: Skipped ExpandTemplates step (doctest only).
[ Info: Skipped CrossReferences step (doctest only).
[ Info: Skipped CheckDocument step (doctest only).
[ Info: Skipped Populate step (doctest only).
[ Info: Skipped RenderDocument step (doctest only).
Test Summary:    | Pass  Total
Doctests: Rocket |    1      1
Skipping Rocket.on_unsubscribe
Test Summary: | Pass  Total
Rocket        |  363    363
   Testing Rocket tests passed 
