Julia Version 1.4.0
Commit b8e9a9ecc6 (2020-03-21 16:36 UTC)
Platform Info:
  OS: Linux (x86_64-pc-linux-gnu)
  CPU: AMD Ryzen Threadripper 2990WX 32-Core Processor
  WORD_SIZE: 64
  LIBM: libopenlibm
  LLVM: libLLVM-8.0.1 (ORCJIT, znver1)
Environment:
  JULIA_DEPOT_PATH = ::/usr/local/share/julia
  JULIA_NUM_THREADS = 2

  Resolving package versions...
  Installed Xorg_util_macros_jll ────────── v1.19.2+0
  Installed Tables ──────────────────────── v1.0.3
  Installed IteratorInterfaceExtensions ─── v1.0.0
  Installed DiffRules ───────────────────── v1.0.1
  Installed QuadGK ──────────────────────── v2.3.1
  Installed X11_jll ─────────────────────── v1.6.8+5
  Installed libpng_jll ──────────────────── v1.6.37+2
  Installed Glib_jll ────────────────────── v2.59.0+1
  Installed Juno ────────────────────────── v0.8.1
  Installed Zlib_jll ────────────────────── v1.2.11+8
  Installed SplitApplyCombine ───────────── v1.0.0
  Installed MbedTLS ─────────────────────── v1.0.1
  Installed CommonSubexpressions ────────── v0.2.0
  Installed JSON2 ───────────────────────── v0.3.1
  Installed StaticArrays ────────────────── v0.12.1
  Installed Distributions ───────────────── v0.23.1
  Installed AbstractFFTs ────────────────── v0.5.0
  Installed Dictionaries ────────────────── v0.2.1
  Installed AxisAlgorithms ──────────────── v1.0.0
  Installed Arpack_jll ──────────────────── v3.5.0+2
  Installed MetaGraphs ──────────────────── v0.6.5
  Installed PDMats ──────────────────────── v0.9.12
  Installed TypedTables ─────────────────── v1.2.0
  Installed Xorg_libXext_jll ────────────── v1.3.4+1
  Installed Nullables ───────────────────── v1.0.0
  Installed ApproxManifoldProducts ──────── v0.1.2
  Installed ElasticArrays ───────────────── v1.0.0
  Installed Distances ───────────────────── v0.8.2
  Installed Pango_jll ───────────────────── v1.42.4+7
  Installed Fontconfig ──────────────────── v0.3.0
  Installed Loess ───────────────────────── v0.5.1
  Installed HarfBuzz_jll ────────────────── v2.6.1+4
  Installed Compat ──────────────────────── v2.2.0
  Installed DocStringExtensions ─────────── v0.8.1
  Installed Unmarshal ───────────────────── v0.3.1
  Installed MbedTLS_jll ─────────────────── v2.16.0+1
  Installed HTTP ────────────────────────── v0.8.13
  Installed ProgressMeter ───────────────── v1.2.0
  Installed RoME ────────────────────────── v0.6.1
  Installed Xorg_xextproto_jll ──────────── v7.3.0+0
  Installed Cairo_jll ───────────────────── v1.16.0+2
  Installed Hexagons ────────────────────── v0.2.0
  Installed DataValueInterfaces ─────────── v1.0.0
  Installed Fontconfig_jll ──────────────── v2.13.1+10
  Installed CategoricalArrays ───────────── v0.7.7
    Cloning [77ba4419-2d1f-58cd-9bb1-8ffee604a2e3] NaNMath from https://github.com/mlubin/NaNMath.jl.git
[?25l    Fetching: [>                                        ]  0.0 %[2K[?25h  Installed NaNMath ─────────────────────── v0.3.3
    Cloning [904591bb-b899-562f-9e6f-b8df64c7d480] IncrementalInference from https://github.com/JuliaRobotics/IncrementalInference.jl.git
[?25l    Fetching: [>                                        ]  0.0 %[2K[?25h  Installed IncrementalInference ────────── v0.10.3
    Cloning [238d586b-a4bf-555c-9891-eda6fc5e55a2] RoMEPlotting from https://github.com/JuliaRobotics/RoMEPlotting.jl.git
[?25l    Fetching: [>                                        ]  0.0 %[2K[?25h  Installed RoMEPlotting ────────────────── v0.2.1
    Cloning [2774e3e8-f4cf-5e23-947b-6d7e65073b56] NLsolve from https://github.com/JuliaNLSolvers/NLsolve.jl.git
[?25l    Fetching: [>                                        ]  0.0 %[2K[?25h  Installed NLsolve ─────────────────────── v4.3.0
    Cloning [c2e9c405-c068-5e7b-9b35-084fd074cae4] Xorg_xcb_proto_jll from https://github.com/JuliaBinaryWrappers/Xorg_xcb_proto_jll.jl.git
[?25l    Fetching: [>                                        ]  0.0 %[2K[?25h  Installed Xorg_xcb_proto_jll ──────────── v1.13.0+0
    Cloning [9b8138ad-1b09-5408-aa39-e87ed6d21b63] TransformUtils from https://github.com/dehann/TransformUtils.jl.git
[?25l    Fetching: [>                                        ]  0.0 %[2K[?25h  Installed TransformUtils ──────────────── v0.2.4
    Cloning [699a6c99-e7fa-54fc-8d76-47d257e15c1d] SimpleTraits from https://github.com/mauro3/SimpleTraits.jl.git
[?25l[2K[?25hERROR: failed to clone from https://github.com/mauro3/SimpleTraits.jl.git, error: GitError(Code:ERROR, Class:OS, failed to connect to github.com: Connection timed out)
Stacktrace:
 [1] pkgerror(::String) at /buildworker/worker/package_linux64/build/usr/share/julia/stdlib/v1.4/Pkg/src/Types.jl:53
 [2] clone(::Pkg.Types.Context, ::String, ::String; header::String, credentials::Nothing, kwargs::Base.Iterators.Pairs{Symbol,Bool,Tuple{Symbol},NamedTuple{(:isbare,),Tuple{Bool}}}) at /buildworker/worker/package_linux64/build/usr/share/julia/stdlib/v1.4/Pkg/src/GitTools.jl:149
 [3] #ensure_clone#3 at /buildworker/worker/package_linux64/build/usr/share/julia/stdlib/v1.4/Pkg/src/GitTools.jl:110 [inlined]
 [4] install_git(::Pkg.Types.Context, ::Base.UUID, ::String, ::Base.SHA1, ::Array{String,1}, ::VersionNumber, ::String) at /buildworker/worker/package_linux64/build/usr/share/julia/stdlib/v1.4/Pkg/src/Operations.jl:555
 [5] download_source(::Pkg.Types.Context, ::Array{Pkg.Types.PackageSpec,1}, ::Dict{Base.UUID,Array{String,1}}; readonly::Bool) at /buildworker/worker/package_linux64/build/usr/share/julia/stdlib/v1.4/Pkg/src/Operations.jl:714
 [6] #download_source#39 at /buildworker/worker/package_linux64/build/usr/share/julia/stdlib/v1.4/Pkg/src/Operations.jl:633 [inlined]
 [7] download_source at /buildworker/worker/package_linux64/build/usr/share/julia/stdlib/v1.4/Pkg/src/Operations.jl:631 [inlined]
 [8] add(::Pkg.Types.Context, ::Array{Pkg.Types.PackageSpec,1}, ::Array{Base.UUID,1}; preserve::Pkg.Types.PreserveLevel, platform::Pkg.BinaryPlatforms.Linux) at /buildworker/worker/package_linux64/build/usr/share/julia/stdlib/v1.4/Pkg/src/Operations.jl:1080
 [9] add(::Pkg.Types.Context, ::Array{Pkg.Types.PackageSpec,1}; preserve::Pkg.Types.PreserveLevel, platform::Pkg.BinaryPlatforms.Linux, kwargs::Base.Iterators.Pairs{Union{},Union{},Tuple{},NamedTuple{(),Tuple{}}}) at /buildworker/worker/package_linux64/build/usr/share/julia/stdlib/v1.4/Pkg/src/API.jl:159
 [10] add(::Pkg.Types.Context, ::Array{Pkg.Types.PackageSpec,1}) at /buildworker/worker/package_linux64/build/usr/share/julia/stdlib/v1.4/Pkg/src/API.jl:112
 [11] #add#27 at /buildworker/worker/package_linux64/build/usr/share/julia/stdlib/v1.4/Pkg/src/API.jl:109 [inlined]
 [12] add at /buildworker/worker/package_linux64/build/usr/share/julia/stdlib/v1.4/Pkg/src/API.jl:109 [inlined]
 [13] #add#24 at /buildworker/worker/package_linux64/build/usr/share/julia/stdlib/v1.4/Pkg/src/API.jl:107 [inlined]
 [14] add at /buildworker/worker/package_linux64/build/usr/share/julia/stdlib/v1.4/Pkg/src/API.jl:107 [inlined]
 [15] add(::String; kwargs::Base.Iterators.Pairs{Union{},Union{},Tuple{},NamedTuple{(),Tuple{}}}) at /buildworker/worker/package_linux64/build/usr/share/julia/stdlib/v1.4/Pkg/src/API.jl:106
 [16] add(::String) at /buildworker/worker/package_linux64/build/usr/share/julia/stdlib/v1.4/Pkg/src/API.jl:106
 [17] top-level scope at none:15
caused by [exception 1]
GitError(Code:ERROR, Class:OS, failed to connect to github.com: Connection timed out)
Stacktrace:
 [1] macro expansion at /buildworker/worker/package_linux64/build/usr/share/julia/stdlib/v1.4/LibGit2/src/error.jl:101 [inlined]
 [2] clone(::String, ::String, ::LibGit2.CloneOptions) at /buildworker/worker/package_linux64/build/usr/share/julia/stdlib/v1.4/LibGit2/src/repository.jl:459
 [3] clone(::String, ::String; branch::String, isbare::Bool, remote_cb::Ptr{Nothing}, credentials::LibGit2.CachedCredentials, callbacks::Dict{Symbol,Tuple{Ptr{Nothing},Any}}) at /buildworker/worker/package_linux64/build/usr/share/julia/stdlib/v1.4/LibGit2/src/LibGit2.jl:580
 [4] clone(::Pkg.Types.Context, ::String, ::String; header::String, credentials::Nothing, kwargs::Base.Iterators.Pairs{Symbol,Bool,Tuple{Symbol},NamedTuple{(:isbare,),Tuple{Bool}}}) at /buildworker/worker/package_linux64/build/usr/share/julia/stdlib/v1.4/Pkg/src/GitTools.jl:141
 [5] #ensure_clone#3 at /buildworker/worker/package_linux64/build/usr/share/julia/stdlib/v1.4/Pkg/src/GitTools.jl:110 [inlined]
 [6] install_git(::Pkg.Types.Context, ::Base.UUID, ::String, ::Base.SHA1, ::Array{String,1}, ::VersionNumber, ::String) at /buildworker/worker/package_linux64/build/usr/share/julia/stdlib/v1.4/Pkg/src/Operations.jl:555
 [7] download_source(::Pkg.Types.Context, ::Array{Pkg.Types.PackageSpec,1}, ::Dict{Base.UUID,Array{String,1}}; readonly::Bool) at /buildworker/worker/package_linux64/build/usr/share/julia/stdlib/v1.4/Pkg/src/Operations.jl:714
 [8] #download_source#39 at /buildworker/worker/package_linux64/build/usr/share/julia/stdlib/v1.4/Pkg/src/Operations.jl:633 [inlined]
 [9] download_source at /buildworker/worker/package_linux64/build/usr/share/julia/stdlib/v1.4/Pkg/src/Operations.jl:631 [inlined]
 [10] add(::Pkg.Types.Context, ::Array{Pkg.Types.PackageSpec,1}, ::Array{Base.UUID,1}; preserve::Pkg.Types.PreserveLevel, platform::Pkg.BinaryPlatforms.Linux) at /buildworker/worker/package_linux64/build/usr/share/julia/stdlib/v1.4/Pkg/src/Operations.jl:1080
 [11] add(::Pkg.Types.Context, ::Array{Pkg.Types.PackageSpec,1}; preserve::Pkg.Types.PreserveLevel, platform::Pkg.BinaryPlatforms.Linux, kwargs::Base.Iterators.Pairs{Union{},Union{},Tuple{},NamedTuple{(),Tuple{}}}) at /buildworker/worker/package_linux64/build/usr/share/julia/stdlib/v1.4/Pkg/src/API.jl:159
 [12] add(::Pkg.Types.Context, ::Array{Pkg.Types.PackageSpec,1}) at /buildworker/worker/package_linux64/build/usr/share/julia/stdlib/v1.4/Pkg/src/API.jl:112
 [13] #add#27 at /buildworker/worker/package_linux64/build/usr/share/julia/stdlib/v1.4/Pkg/src/API.jl:109 [inlined]
 [14] add at /buildworker/worker/package_linux64/build/usr/share/julia/stdlib/v1.4/Pkg/src/API.jl:109 [inlined]
 [15] #add#24 at /buildworker/worker/package_linux64/build/usr/share/julia/stdlib/v1.4/Pkg/src/API.jl:107 [inlined]
 [16] add at /buildworker/worker/package_linux64/build/usr/share/julia/stdlib/v1.4/Pkg/src/API.jl:107 [inlined]
 [17] add(::String; kwargs::Base.Iterators.Pairs{Union{},Union{},Tuple{},NamedTuple{(),Tuple{}}}) at /buildworker/worker/package_linux64/build/usr/share/julia/stdlib/v1.4/Pkg/src/API.jl:106
 [18] add(::String) at /buildworker/worker/package_linux64/build/usr/share/julia/stdlib/v1.4/Pkg/src/API.jl:106
 [19] top-level scope at none:15
