Julia Version 1.3.1
Commit 2d5741174c (2019-12-30 21:36 UTC)
Platform Info:
  OS: Linux (x86_64-pc-linux-gnu)
  CPU: AMD Ryzen Threadripper 2990WX 32-Core Processor
  WORD_SIZE: 64
  LIBM: libopenlibm
  LLVM: libLLVM-6.0.1 (ORCJIT, znver1)
Environment:
  JULIA_DEPOT_PATH = ::/usr/local/share/julia
  JULIA_NUM_THREADS = 2

 Resolving package versions...
 Installed Sched ────────────── v0.1.1
 Installed OrderedCollections ─ v1.1.0
 Installed DataStructures ───── v0.17.10
  Updating `~/.julia/environments/v1.3/Project.toml`
  [1fb05d12] + Sched v0.1.1
  Updating `~/.julia/environments/v1.3/Manifest.toml`
  [864edb3b] + DataStructures v0.17.10
  [bac558e1] + OrderedCollections v1.1.0
  [1fb05d12] + Sched v0.1.1
  [2a0f44e3] + Base64 
  [ade2ca70] + Dates 
  [8ba89e20] + Distributed 
  [b77e0a4c] + InteractiveUtils 
  [56ddb016] + Logging 
  [d6f4376e] + Markdown 
  [de0858da] + Printf 
  [9a3f8284] + Random 
  [9e88b42a] + Serialization 
  [6462fe0b] + Sockets 
  [8dfed614] + Test 
  [4ec0a83e] + Unicode 
   Testing Sched
    Status `/tmp/jl_k9CgRR/Manifest.toml`
  [864edb3b] DataStructures v0.17.10
  [bac558e1] OrderedCollections v1.1.0
  [1fb05d12] Sched v0.1.1
  [2a0f44e3] Base64  [`@stdlib/Base64`]
  [ade2ca70] Dates  [`@stdlib/Dates`]
  [8ba89e20] Distributed  [`@stdlib/Distributed`]
  [b77e0a4c] InteractiveUtils  [`@stdlib/InteractiveUtils`]
  [56ddb016] Logging  [`@stdlib/Logging`]
  [d6f4376e] Markdown  [`@stdlib/Markdown`]
  [de0858da] Printf  [`@stdlib/Printf`]
  [9a3f8284] Random  [`@stdlib/Random`]
  [9e88b42a] Serialization  [`@stdlib/Serialization`]
  [6462fe0b] Sockets  [`@stdlib/Sockets`]
  [8dfed614] Test  [`@stdlib/Test`]
  [4ec0a83e] Unicode  [`@stdlib/Unicode`]
2020-03-18T15:26:28.318
From print_time_args 1.584545193814215e9 positional, argument
From print_time_kwargs 1.584545193902709e9 keyword
From print_time_noparam 1.58454519854668e9
2020-03-18T15:26:38.548
Test Summary:  | Pass  Total
Priority Tests |   19     19
   Testing Sched tests passed 
