Julia Version 1.3.1
Commit 2d5741174c (2019-12-30 21:36 UTC)
Platform Info:
  OS: Linux (x86_64-pc-linux-gnu)
  CPU: AMD Ryzen Threadripper 2990WX 32-Core Processor
  WORD_SIZE: 64
  LIBM: libopenlibm
  LLVM: libLLVM-6.0.1 (ORCJIT, znver1)
Environment:
  JULIA_DEPOT_PATH = ::/usr/local/share/julia
  JULIA_NUM_THREADS = 2

 Resolving package versions...
 Installed LeftChildRightSiblingTrees ── v0.1.2
 Installed LoggingExtras ─────────────── v0.4.0
 Installed ProgressMeter ─────────────── v1.2.0
 Installed FunctionWrappers ──────────── v1.1.1
 Installed ArrayInterface ────────────── v2.5.1
 Installed SimpleDiffEq ──────────────── v1.1.0
 Installed Roots ─────────────────────── v1.0.0
 Installed MacroTools ────────────────── v0.5.4
 Installed ProgressLogging ───────────── v0.1.2
 Installed RecipesBase ───────────────── v0.8.0
 Installed RecursiveFactorization ────── v0.1.0
 Installed TerminalLoggers ───────────── v0.1.1
 Installed ChainRulesCore ────────────── v0.7.1
 Installed IteratorInterfaceExtensions ─ v1.0.0
 Installed Requires ──────────────────── v1.0.1
 Installed StaticArrays ──────────────── v0.12.1
 Installed ZygoteRules ───────────────── v0.2.0
 Installed AbstractTrees ─────────────── v0.3.2
 Installed DiffEqBase ────────────────── v6.24.0
 Installed DataStructures ────────────── v0.17.10
 Installed TableTraits ───────────────── v1.0.0
 Installed Reexport ──────────────────── v0.2.0
 Installed RecursiveArrayTools ───────── v2.1.0
 Installed OrderedCollections ────────── v1.1.0
 Installed ConsoleProgressMonitor ────── v0.1.2
 Installed Parameters ────────────────── v0.12.0
 Installed TreeViews ─────────────────── v0.3.0
 Installed DocStringExtensions ───────── v0.8.1
 Installed MuladdMacro ───────────────── v0.2.2
 Installed IterativeSolvers ──────────── v0.8.1
  Updating `~/.julia/environments/v1.3/Project.toml`
  [05bca326] + SimpleDiffEq v1.1.0
  Updating `~/.julia/environments/v1.3/Manifest.toml`
  [1520ce14] + AbstractTrees v0.3.2
  [4fba245c] + ArrayInterface v2.5.1
  [d360d2e6] + ChainRulesCore v0.7.1
  [88cd18e8] + ConsoleProgressMonitor v0.1.2
  [864edb3b] + DataStructures v0.17.10
  [2b5f629d] + DiffEqBase v6.24.0
  [ffbed154] + DocStringExtensions v0.8.1
  [069b7b12] + FunctionWrappers v1.1.1
  [42fd0dbc] + IterativeSolvers v0.8.1
  [82899510] + IteratorInterfaceExtensions v1.0.0
  [1d6d02ad] + LeftChildRightSiblingTrees v0.1.2
  [e6f89c97] + LoggingExtras v0.4.0
  [1914dd2f] + MacroTools v0.5.4
  [46d2c3a1] + MuladdMacro v0.2.2
  [bac558e1] + OrderedCollections v1.1.0
  [d96e819e] + Parameters v0.12.0
  [33c8b6b6] + ProgressLogging v0.1.2
  [92933f4c] + ProgressMeter v1.2.0
  [3cdcf5f2] + RecipesBase v0.8.0
  [731186ca] + RecursiveArrayTools v2.1.0
  [f2c3362d] + RecursiveFactorization v0.1.0
  [189a3867] + Reexport v0.2.0
  [ae029012] + Requires v1.0.1
  [f2b01f46] + Roots v1.0.0
  [05bca326] + SimpleDiffEq v1.1.0
  [90137ffa] + StaticArrays v0.12.1
  [3783bdb8] + TableTraits v1.0.0
  [5d786b92] + TerminalLoggers v0.1.1
  [a2a6695c] + TreeViews v0.3.0
  [700de1a5] + ZygoteRules v0.2.0
  [2a0f44e3] + Base64 
  [ade2ca70] + Dates 
  [8ba89e20] + Distributed 
  [b77e0a4c] + InteractiveUtils 
  [76f85450] + LibGit2 
  [8f399da3] + Libdl 
  [37e2e46d] + LinearAlgebra 
  [56ddb016] + Logging 
  [d6f4376e] + Markdown 
  [44cfe95a] + Pkg 
  [de0858da] + Printf 
  [3fa0cd96] + REPL 
  [9a3f8284] + Random 
  [ea8e919c] + SHA 
  [9e88b42a] + Serialization 
  [6462fe0b] + Sockets 
  [2f01184e] + SparseArrays 
  [10745b16] + Statistics 
  [4607b0f0] + SuiteSparse 
  [8dfed614] + Test 
  [cf7118a7] + UUIDs 
  [4ec0a83e] + Unicode 
   Testing SimpleDiffEq
 Resolving package versions...
 Installed UnPack ─────────────────────── v0.1.0
 Installed DiffResults ────────────────── v1.0.2
 Installed NaNMath ────────────────────── v0.3.3
 Installed VertexSafeGraphs ───────────── v0.1.1
 Installed DiffRules ──────────────────── v1.0.1
 Installed NLSolversBase ──────────────── v7.6.1
 Installed LightGraphs ────────────────── v1.3.1
 Installed CompilerSupportLibraries_jll ─ v0.2.0+1
 Installed ExponentialUtilities ───────── v1.6.0
 Installed SimpleTraits ───────────────── v0.9.1
 Installed Distances ──────────────────── v0.8.2
 Installed FiniteDiff ─────────────────── v2.2.1
 Installed SpecialFunctions ───────────── v0.10.0
 Installed OrdinaryDiffEq ─────────────── v5.31.0
 Installed GenericSVD ─────────────────── v0.2.2
 Installed Adapt ──────────────────────── v1.0.1
 Installed Inflate ────────────────────── v0.1.1
 Installed ForwardDiff ────────────────── v0.10.9
 Installed ArnoldiMethod ──────────────── v0.0.4
 Installed Compat ─────────────────────── v3.8.0
 Installed SparseDiffTools ────────────── v1.4.0
 Installed LineSearches ───────────────── v7.0.1
 Installed NLsolve ────────────────────── v4.3.0
 Installed OpenSpecFun_jll ────────────── v0.5.3+3
 Installed CommonSubexpressions ───────── v0.2.0
    Status `/tmp/jl_j1j2MP/Manifest.toml`
  [1520ce14] AbstractTrees v0.3.2
  [79e6a3ab] Adapt v1.0.1
  [ec485272] ArnoldiMethod v0.0.4
  [4fba245c] ArrayInterface v2.5.1
  [d360d2e6] ChainRulesCore v0.7.1
  [bbf7d656] CommonSubexpressions v0.2.0
  [34da2185] Compat v3.8.0
  [e66e0078] CompilerSupportLibraries_jll v0.2.0+1
  [88cd18e8] ConsoleProgressMonitor v0.1.2
  [864edb3b] DataStructures v0.17.10
  [2b5f629d] DiffEqBase v6.24.0
  [163ba53b] DiffResults v1.0.2
  [b552c78f] DiffRules v1.0.1
  [b4f34e82] Distances v0.8.2
  [ffbed154] DocStringExtensions v0.8.1
  [d4d017d3] ExponentialUtilities v1.6.0
  [6a86dc24] FiniteDiff v2.2.1
  [f6369f11] ForwardDiff v0.10.9
  [069b7b12] FunctionWrappers v1.1.1
  [01680d73] GenericSVD v0.2.2
  [d25df0c9] Inflate v0.1.1
  [42fd0dbc] IterativeSolvers v0.8.1
  [82899510] IteratorInterfaceExtensions v1.0.0
  [1d6d02ad] LeftChildRightSiblingTrees v0.1.2
  [093fc24a] LightGraphs v1.3.1
  [d3d80556] LineSearches v7.0.1
  [e6f89c97] LoggingExtras v0.4.0
  [1914dd2f] MacroTools v0.5.4
  [46d2c3a1] MuladdMacro v0.2.2
  [d41bc354] NLSolversBase v7.6.1
  [2774e3e8] NLsolve v4.3.0
  [77ba4419] NaNMath v0.3.3
  [efe28fd5] OpenSpecFun_jll v0.5.3+3
  [bac558e1] OrderedCollections v1.1.0
  [1dea7af3] OrdinaryDiffEq v5.31.0
  [d96e819e] Parameters v0.12.0
  [33c8b6b6] ProgressLogging v0.1.2
  [92933f4c] ProgressMeter v1.2.0
  [3cdcf5f2] RecipesBase v0.8.0
  [731186ca] RecursiveArrayTools v2.1.0
  [f2c3362d] RecursiveFactorization v0.1.0
  [189a3867] Reexport v0.2.0
  [ae029012] Requires v1.0.1
  [f2b01f46] Roots v1.0.0
  [05bca326] SimpleDiffEq v1.1.0
  [699a6c99] SimpleTraits v0.9.1
  [47a9eef4] SparseDiffTools v1.4.0
  [276daf66] SpecialFunctions v0.10.0
  [90137ffa] StaticArrays v0.12.1
  [3783bdb8] TableTraits v1.0.0
  [5d786b92] TerminalLoggers v0.1.1
  [a2a6695c] TreeViews v0.3.0
  [3a884ed6] UnPack v0.1.0
  [19fa3120] VertexSafeGraphs v0.1.1
  [700de1a5] ZygoteRules v0.2.0
  [2a0f44e3] Base64  [`@stdlib/Base64`]
  [ade2ca70] Dates  [`@stdlib/Dates`]
  [8bb1440f] DelimitedFiles  [`@stdlib/DelimitedFiles`]
  [8ba89e20] Distributed  [`@stdlib/Distributed`]
  [b77e0a4c] InteractiveUtils  [`@stdlib/InteractiveUtils`]
  [76f85450] LibGit2  [`@stdlib/LibGit2`]
  [8f399da3] Libdl  [`@stdlib/Libdl`]
  [37e2e46d] LinearAlgebra  [`@stdlib/LinearAlgebra`]
  [56ddb016] Logging  [`@stdlib/Logging`]
  [d6f4376e] Markdown  [`@stdlib/Markdown`]
  [a63ad114] Mmap  [`@stdlib/Mmap`]
  [44cfe95a] Pkg  [`@stdlib/Pkg`]
  [de0858da] Printf  [`@stdlib/Printf`]
  [3fa0cd96] REPL  [`@stdlib/REPL`]
  [9a3f8284] Random  [`@stdlib/Random`]
  [ea8e919c] SHA  [`@stdlib/SHA`]
  [9e88b42a] Serialization  [`@stdlib/Serialization`]
  [1a1011a3] SharedArrays  [`@stdlib/SharedArrays`]
  [6462fe0b] Sockets  [`@stdlib/Sockets`]
  [2f01184e] SparseArrays  [`@stdlib/SparseArrays`]
  [10745b16] Statistics  [`@stdlib/Statistics`]
  [4607b0f0] SuiteSparse  [`@stdlib/SuiteSparse`]
  [8dfed614] Test  [`@stdlib/Test`]
  [cf7118a7] UUIDs  [`@stdlib/UUIDs`]
  [4ec0a83e] Unicode  [`@stdlib/Unicode`]
Test Summary:  | Pass  Broken  Total
Discrete Tests |   14       1     15
  8.095972 seconds (11.14 M allocations: 561.923 MiB, 3.47% gc time)
Test Summary:  | Pass  Total
SimpleEM Tests |    4      4
  2.278208 seconds (2.65 M allocations: 144.536 MiB, 2.00% gc time)
Test Summary:     | Pass  Total
SimpleTsit5 Tests |    2      2
295.340931 seconds (26.98 M allocations: 1.314 GiB, 2.55% gc time)
Test Summary:      | Pass  Total
SimpleATsit5 Tests |   37     37
 20.522548 seconds (18.03 M allocations: 895.869 MiB, 2.74% gc time)
Test Summary:         | Pass  Total
GPUSimpleATsit5 Tests |    7      7
 78.542102 seconds (12.82 M allocations: 661.143 MiB, 0.99% gc time)
406.081374 seconds (72.03 M allocations: 3.545 GiB, 2.26% gc time)
   Testing SimpleDiffEq tests passed 
