Julia Version 1.3.1
Commit 2d5741174c (2019-12-30 21:36 UTC)
Platform Info:
  OS: Linux (x86_64-pc-linux-gnu)
  CPU: AMD Ryzen Threadripper 2990WX 32-Core Processor
  WORD_SIZE: 64
  LIBM: libopenlibm
  LLVM: libLLVM-6.0.1 (ORCJIT, znver1)
Environment:
  JULIA_DEPOT_PATH = ::/usr/local/share/julia
  JULIA_NUM_THREADS = 2

 Resolving package versions...
 Installed MPFR_jll ─────────────────────── v4.0.2+2
 Installed HypergeometricFunctions ──────── v0.2.1
 Installed InfiniteArrays ───────────────── v0.6.1
 Installed NaNMath ──────────────────────── v0.3.3
 Installed BlockArrays ──────────────────── v0.11.1
 Installed IterTools ────────────────────── v1.3.0
 Installed OpenBLAS_jll ─────────────────── v0.3.7+7
 Installed MacroTools ───────────────────── v0.5.4
 Installed FastGaussQuadrature ──────────── v0.4.2
 Installed FastTransforms_jll ───────────── v0.2.13+0
 Installed ApproxFunFourier ─────────────── v0.2.2
 Installed CompilerSupportLibraries_jll ─── v0.2.0+1
 Installed Nullables ────────────────────── v1.0.0
 Installed DataAPI ──────────────────────── v1.1.0
 Installed FillArrays ───────────────────── v0.8.5
 Installed MatrixFactorizations ─────────── v0.2.1
 Installed RecipesBase ──────────────────── v0.7.0
 Installed FFTW ─────────────────────────── v1.2.0
 Installed StaticArrays ─────────────────── v0.12.1
 Installed ArrayLayouts ─────────────────── v0.1.5
 Installed DataStructures ───────────────── v0.17.10
 Installed SpecialFunctions ─────────────── v0.9.0
 Installed GMP_jll ──────────────────────── v6.1.2+4
 Installed AbstractFFTs ─────────────────── v0.5.0
 Installed ApproxFunSingularities ───────── v0.1.7
 Installed IntervalSets ─────────────────── v0.3.2
 Installed DualNumbers ──────────────────── v0.6.2
 Installed LowRankApprox ────────────────── v0.4.0
 Installed ToeplitzMatrices ─────────────── v0.6.1
 Installed DSP ──────────────────────────── v0.6.3
 Installed SortingAlgorithms ────────────── v0.3.1
 Installed BlockBandedMatrices ──────────── v0.7.1
 Installed BandedMatrices ───────────────── v0.14.3
 Installed Reexport ─────────────────────── v0.2.0
 Installed StatsBase ────────────────────── v0.32.2
 Installed OrderedCollections ───────────── v1.1.0
 Installed BinaryProvider ───────────────── v0.5.8
 Installed ApproxFunOrthogonalPolynomials ─ v0.3.2
 Installed FastTransforms ───────────────── v0.8.2
 Installed DomainSets ───────────────────── v0.1.0
 Installed IntelOpenMP_jll ──────────────── v2018.0.3+0
 Installed ApproxFunBase ────────────────── v0.3.2
 Installed Calculus ─────────────────────── v0.5.1
 Installed OpenSpecFun_jll ──────────────── v0.5.3+3
 Installed MKL_jll ──────────────────────── v2019.0.117+2
 Installed Missings ─────────────────────── v0.4.3
 Installed LazyArrays ───────────────────── v0.15.0
 Installed FFTW_jll ─────────────────────── v3.3.9+4
 Installed Polynomials ──────────────────── v0.6.1
 Installed ApproxFun ────────────────────── v0.11.9
 Installed SingularIntegralEquations ────── v0.6.2
  Updating `~/.julia/environments/v1.3/Project.toml`
  [e094c991] + SingularIntegralEquations v0.6.2
  Updating `~/.julia/environments/v1.3/Manifest.toml`
  [621f4979] + AbstractFFTs v0.5.0
  [28f2ccd6] + ApproxFun v0.11.9
  [fbd15aa5] + ApproxFunBase v0.3.2
  [59844689] + ApproxFunFourier v0.2.2
  [b70543e2] + ApproxFunOrthogonalPolynomials v0.3.2
  [f8fcb915] + ApproxFunSingularities v0.1.7
  [4c555306] + ArrayLayouts v0.1.5
  [aae01518] + BandedMatrices v0.14.3
  [b99e7846] + BinaryProvider v0.5.8
  [8e7c35d0] + BlockArrays v0.11.1
  [ffab5731] + BlockBandedMatrices v0.7.1
  [49dc2e85] + Calculus v0.5.1
  [e66e0078] + CompilerSupportLibraries_jll v0.2.0+1
  [717857b8] + DSP v0.6.3
  [9a962f9c] + DataAPI v1.1.0
  [864edb3b] + DataStructures v0.17.10
  [5b8099bc] + DomainSets v0.1.0
  [fa6b7ba4] + DualNumbers v0.6.2
  [7a1cc6ca] + FFTW v1.2.0
  [f5851436] + FFTW_jll v3.3.9+4
  [442a2c76] + FastGaussQuadrature v0.4.2
  [057dd010] + FastTransforms v0.8.2
  [34b6f7d7] + FastTransforms_jll v0.2.13+0
  [1a297f60] + FillArrays v0.8.5
  [781609d7] + GMP_jll v6.1.2+4
  [34004b35] + HypergeometricFunctions v0.2.1
  [4858937d] + InfiniteArrays v0.6.1
  [1d5cc7b8] + IntelOpenMP_jll v2018.0.3+0
  [8197267c] + IntervalSets v0.3.2
  [c8e1da08] + IterTools v1.3.0
  [5078a376] + LazyArrays v0.15.0
  [898213cb] + LowRankApprox v0.4.0
  [856f044c] + MKL_jll v2019.0.117+2
  [3a97d323] + MPFR_jll v4.0.2+2
  [1914dd2f] + MacroTools v0.5.4
  [a3b82374] + MatrixFactorizations v0.2.1
  [e1d29d7a] + Missings v0.4.3
  [77ba4419] + NaNMath v0.3.3
  [4d1e1d77] + Nullables v1.0.0
  [4536629a] + OpenBLAS_jll v0.3.7+7
  [efe28fd5] + OpenSpecFun_jll v0.5.3+3
  [bac558e1] + OrderedCollections v1.1.0
  [f27b6e38] + Polynomials v0.6.1
  [3cdcf5f2] + RecipesBase v0.7.0
  [189a3867] + Reexport v0.2.0
  [e094c991] + SingularIntegralEquations v0.6.2
  [a2af1166] + SortingAlgorithms v0.3.1
  [276daf66] + SpecialFunctions v0.9.0
  [90137ffa] + StaticArrays v0.12.1
  [2913bbd2] + StatsBase v0.32.2
  [c751599d] + ToeplitzMatrices v0.6.1
  [2a0f44e3] + Base64 
  [ade2ca70] + Dates 
  [8ba89e20] + Distributed 
  [b77e0a4c] + InteractiveUtils 
  [76f85450] + LibGit2 
  [8f399da3] + Libdl 
  [37e2e46d] + LinearAlgebra 
  [56ddb016] + Logging 
  [d6f4376e] + Markdown 
  [a63ad114] + Mmap 
  [44cfe95a] + Pkg 
  [de0858da] + Printf 
  [3fa0cd96] + REPL 
  [9a3f8284] + Random 
  [ea8e919c] + SHA 
  [9e88b42a] + Serialization 
  [1a1011a3] + SharedArrays 
  [6462fe0b] + Sockets 
  [2f01184e] + SparseArrays 
  [10745b16] + Statistics 
  [8dfed614] + Test 
  [cf7118a7] + UUIDs 
  [4ec0a83e] + Unicode 
  Building FFTW ──────────→ `~/.julia/packages/FFTW/qqcBj/deps/build.log`
  Building FastTransforms → `~/.julia/packages/FastTransforms/MjTJy/deps/build.log`
   Testing SingularIntegralEquations
    Status `/tmp/jl_rgMekN/Manifest.toml`
  [621f4979] AbstractFFTs v0.5.0
  [28f2ccd6] ApproxFun v0.11.9
  [fbd15aa5] ApproxFunBase v0.3.2
  [59844689] ApproxFunFourier v0.2.2
  [b70543e2] ApproxFunOrthogonalPolynomials v0.3.2
  [f8fcb915] ApproxFunSingularities v0.1.7
  [4c555306] ArrayLayouts v0.1.5
  [aae01518] BandedMatrices v0.14.3
  [b99e7846] BinaryProvider v0.5.8
  [8e7c35d0] BlockArrays v0.11.1
  [ffab5731] BlockBandedMatrices v0.7.1
  [49dc2e85] Calculus v0.5.1
  [e66e0078] CompilerSupportLibraries_jll v0.2.0+1
  [717857b8] DSP v0.6.3
  [9a962f9c] DataAPI v1.1.0
  [864edb3b] DataStructures v0.17.10
  [5b8099bc] DomainSets v0.1.0
  [fa6b7ba4] DualNumbers v0.6.2
  [7a1cc6ca] FFTW v1.2.0
  [f5851436] FFTW_jll v3.3.9+4
  [442a2c76] FastGaussQuadrature v0.4.2
  [057dd010] FastTransforms v0.8.2
  [34b6f7d7] FastTransforms_jll v0.2.13+0
  [1a297f60] FillArrays v0.8.5
  [781609d7] GMP_jll v6.1.2+4
  [34004b35] HypergeometricFunctions v0.2.1
  [4858937d] InfiniteArrays v0.6.1
  [1d5cc7b8] IntelOpenMP_jll v2018.0.3+0
  [8197267c] IntervalSets v0.3.2
  [c8e1da08] IterTools v1.3.0
  [5078a376] LazyArrays v0.15.0
  [898213cb] LowRankApprox v0.4.0
  [856f044c] MKL_jll v2019.0.117+2
  [3a97d323] MPFR_jll v4.0.2+2
  [1914dd2f] MacroTools v0.5.4
  [a3b82374] MatrixFactorizations v0.2.1
  [e1d29d7a] Missings v0.4.3
  [77ba4419] NaNMath v0.3.3
  [4d1e1d77] Nullables v1.0.0
  [4536629a] OpenBLAS_jll v0.3.7+7
  [efe28fd5] OpenSpecFun_jll v0.5.3+3
  [bac558e1] OrderedCollections v1.1.0
  [f27b6e38] Polynomials v0.6.1
  [3cdcf5f2] RecipesBase v0.7.0
  [189a3867] Reexport v0.2.0
  [e094c991] SingularIntegralEquations v0.6.2
  [a2af1166] SortingAlgorithms v0.3.1
  [276daf66] SpecialFunctions v0.9.0
  [90137ffa] StaticArrays v0.12.1
  [2913bbd2] StatsBase v0.32.2
  [c751599d] ToeplitzMatrices v0.6.1
  [2a0f44e3] Base64  [`@stdlib/Base64`]
  [ade2ca70] Dates  [`@stdlib/Dates`]
  [8ba89e20] Distributed  [`@stdlib/Distributed`]
  [b77e0a4c] InteractiveUtils  [`@stdlib/InteractiveUtils`]
  [76f85450] LibGit2  [`@stdlib/LibGit2`]
  [8f399da3] Libdl  [`@stdlib/Libdl`]
  [37e2e46d] LinearAlgebra  [`@stdlib/LinearAlgebra`]
  [56ddb016] Logging  [`@stdlib/Logging`]
  [d6f4376e] Markdown  [`@stdlib/Markdown`]
  [a63ad114] Mmap  [`@stdlib/Mmap`]
  [44cfe95a] Pkg  [`@stdlib/Pkg`]
  [de0858da] Printf  [`@stdlib/Printf`]
  [3fa0cd96] REPL  [`@stdlib/REPL`]
  [9a3f8284] Random  [`@stdlib/Random`]
  [ea8e919c] SHA  [`@stdlib/SHA`]
  [9e88b42a] Serialization  [`@stdlib/Serialization`]
  [1a1011a3] SharedArrays  [`@stdlib/SharedArrays`]
  [6462fe0b] Sockets  [`@stdlib/Sockets`]
  [2f01184e] SparseArrays  [`@stdlib/SparseArrays`]
  [10745b16] Statistics  [`@stdlib/Statistics`]
  [8dfed614] Test  [`@stdlib/Test`]
  [cf7118a7] UUIDs  [`@stdlib/UUIDs`]
  [4ec0a83e] Unicode  [`@stdlib/Unicode`]
Test Summary:          | Pass  Total
Special function tests |   41     41
639.913132 seconds (479.26 M allocations: 23.147 GiB, 3.13% gc time)
  4.354092 seconds (2.56 M allocations: 132.735 MiB)
  9.466683 seconds (8.44 M allocations: 397.721 MiB, 1.69% gc time)
  5.152465 seconds (6.54 M allocations: 309.749 MiB, 2.51% gc time)
  6.877996 seconds (5.27 M allocations: 258.530 MiB, 4.60% gc time)
  0.001730 seconds (4.30 k allocations: 290.516 KiB)
 60.720489 seconds (42.54 M allocations: 1.980 GiB, 3.32% gc time)
  7.029652 seconds (4.78 M allocations: 231.851 MiB, 5.61% gc time)
  5.491946 seconds (4.61 M allocations: 222.855 MiB, 2.04% gc time)
  8.711021 seconds (7.85 M allocations: 413.336 MiB, 7.26% gc time)
Test Summary: |  Pass  Total
Hilbert       | 15834  15834
Test Summary:    | Pass  Total
Stieljes moments |   39     39
Test Summary:      | Pass  Total
Stieltjes Integral |    3      3
Test Summary: | Pass  Broken  Total
Log Kernel    | 2382       2   2384
Test Summary: | Pass  Total
Curve         | 4452   4452
Test Summary:        | Pass  Total
FundamentalSolutions |   12     12
  0.194710 seconds (524.19 k allocations: 38.311 MiB)
  0.262179 seconds (524.88 k allocations: 38.702 MiB)
Chebyshev addition: Time should be ~0.01 seconds.
  0.011563 seconds (2.22 k allocations: 18.666 MiB)
CosSpace addition: Time should be ~0.05 seconds.
  0.166075 seconds (3.32 k allocations: 36.919 MiB, 74.46% gc time)
Laurent addition: Time should be ~0.14 seconds.
Test Summary:          | Pass  Total
Convolution ProductFun |   13     13
Test Summary: | Pass  Total
GreensFun     |    3      3
Test Summary:      | Pass  Total
Nonlocal operators |   20     20
   Testing SingularIntegralEquations tests passed 
