Julia Version 1.3.1
Commit 2d5741174c (2019-12-30 21:36 UTC)
Platform Info:
  OS: Linux (x86_64-pc-linux-gnu)
  CPU: AMD Ryzen Threadripper 2990WX 32-Core Processor
  WORD_SIZE: 64
  LIBM: libopenlibm
  LLVM: libLLVM-6.0.1 (ORCJIT, znver1)
Environment:
  JULIA_DEPOT_PATH = ::/usr/local/share/julia
  JULIA_NUM_THREADS = 2

 Resolving package versions...
 Installed RecipesBase ────────────── v0.7.0
 Installed Requires ───────────────── v0.5.2
 Installed SingularSpectrumAnalysis ─ v0.3.0
 Installed FillArrays ─────────────── v0.8.5
 Installed TotalLeastSquares ──────── v1.4.0
  Updating `~/.julia/environments/v1.3/Project.toml`
  [77f5812f] + SingularSpectrumAnalysis v0.3.0
  Updating `~/.julia/environments/v1.3/Manifest.toml`
  [1a297f60] + FillArrays v0.8.5
  [3cdcf5f2] + RecipesBase v0.7.0
  [ae029012] + Requires v0.5.2
  [77f5812f] + SingularSpectrumAnalysis v0.3.0
  [028f657a] + TotalLeastSquares v1.4.0
  [2a0f44e3] + Base64 
  [8ba89e20] + Distributed 
  [b77e0a4c] + InteractiveUtils 
  [8f399da3] + Libdl 
  [37e2e46d] + LinearAlgebra 
  [56ddb016] + Logging 
  [d6f4376e] + Markdown 
  [de0858da] + Printf 
  [9a3f8284] + Random 
  [9e88b42a] + Serialization 
  [6462fe0b] + Sockets 
  [2f01184e] + SparseArrays 
  [10745b16] + Statistics 
  [8dfed614] + Test 
  [4ec0a83e] + Unicode 
   Testing SingularSpectrumAnalysis
 Resolving package versions...
 Installed NaNMath ────────────────────── v0.3.3
 Installed DiffResults ────────────────── v1.0.2
 Installed Rmath_jll ──────────────────── v0.2.2+0
 Installed DiffRules ──────────────────── v1.0.1
 Installed StatsBase ──────────────────── v0.32.2
 Installed PlotUtils ──────────────────── v0.6.4
 Installed Plots ──────────────────────── v0.27.1
 Installed StatsFuns ──────────────────── v0.9.4
 Installed QuadGK ─────────────────────── v2.3.1
 Installed IterTools ──────────────────── v1.3.0
 Installed Measures ───────────────────── v0.3.1
 Installed IntelOpenMP_jll ────────────── v2018.0.3+0
 Installed OpenBLAS_jll ───────────────── v0.3.7+7
 Installed DiffEqOperators ────────────── v3.5.0
 Installed GeometryTypes ──────────────── v0.7.10
 Installed NLSolversBase ──────────────── v7.6.1
 Installed FFMPEG ─────────────────────── v0.2.4
 Installed MacroTools ─────────────────── v0.5.4
 Installed ArrayInterface ─────────────── v2.5.1
 Installed CompilerSupportLibraries_jll ─ v0.2.0+1
 Installed PlotThemes ─────────────────── v0.4.0
 Installed GenericLinearAlgebra ───────── v0.2.1
 Installed Roots ──────────────────────── v0.8.4
 Installed DataAPI ────────────────────── v1.1.0
 Installed Showoff ────────────────────── v0.3.1
 Installed Arpack_jll ─────────────────── v3.5.0+2
 Installed Arpack ─────────────────────── v0.4.0
 Installed FiniteDiff ─────────────────── v2.2.1
 Installed ExponentialUtilities ───────── v1.6.0
 Installed FFTW ───────────────────────── v1.2.0
 Installed StaticArrays ───────────────── v0.10.3
 Installed DataStructures ─────────────── v0.17.10
 Installed DiffEqDiffTools ────────────── v1.7.0
 Installed SpecialFunctions ───────────── v0.10.0
 Installed IteratorInterfaceExtensions ── v1.0.0
 Installed Distributions ──────────────── v0.22.5
 Installed Optim ──────────────────────── v0.19.7
 Installed Compat ─────────────────────── v2.2.0
 Installed ForwardDiff ────────────────── v0.10.9
 Installed Distances ──────────────────── v0.8.2
 Installed ColorTypes ─────────────────── v0.8.1
 Installed DSP ────────────────────────── v0.6.3
 Installed RecursiveArrayTools ────────── v0.18.6
 Installed GenericSVD ─────────────────── v0.2.2
 Installed FixedPointNumbers ──────────── v0.6.1
 Installed OrdinaryDiffEq ─────────────── v5.6.1
 Installed Parsers ────────────────────── v0.3.12
 Installed AbstractFFTs ───────────────── v0.5.0
 Installed Rmath ──────────────────────── v0.6.1
 Installed JSON ───────────────────────── v0.21.0
 Installed SortingAlgorithms ──────────── v0.3.1
 Installed ControlSystemIdentification ── v0.1.8
 Installed Colors ─────────────────────── v0.9.6
 Installed PDMats ─────────────────────── v0.9.12
 Installed DiffEqBase ─────────────────── v5.6.4
 Installed TableTraits ────────────────── v1.0.0
 Installed Reexport ───────────────────── v0.2.0
 Installed LineSearches ───────────────── v7.0.1
 Installed OrderedCollections ─────────── v1.1.0
 Installed PositiveFactorizations ─────── v0.2.3
 Installed ControlSystems ─────────────── v0.5.3
 Installed NLsolve ────────────────────── v4.3.0
 Installed BinaryProvider ─────────────── v0.5.8
 Installed LaTeXStrings ───────────────── v1.1.0
 Installed Parameters ─────────────────── v0.11.0
 Installed MuladdMacro ────────────────── v0.2.2
 Installed MKL_jll ────────────────────── v2019.0.117+2
 Installed Calculus ───────────────────── v0.5.1
 Installed CommonSubexpressions ───────── v0.2.0
 Installed OpenSpecFun_jll ────────────── v0.5.3+3
 Installed DocStringExtensions ────────── v0.8.1
 Installed Missings ───────────────────── v0.4.3
 Installed FFTW_jll ───────────────────── v3.3.9+4
 Installed Contour ────────────────────── v0.5.2
 Installed TreeViews ──────────────────── v0.3.0
 Installed Polynomials ────────────────── v0.6.1
 Installed MonteCarloMeasurements ─────── v0.8.3
 Installed GR ─────────────────────────── v0.44.0
  Building GR ────→ `~/.julia/packages/GR/oiZD3/deps/build.log`
  Building FFMPEG → `~/.julia/packages/FFMPEG/guN1x/deps/build.log`
  Building Plots ─→ `~/.julia/packages/Plots/WwFyB/deps/build.log`
  Building FFTW ──→ `~/.julia/packages/FFTW/qqcBj/deps/build.log`
    Status `/tmp/jl_FQKAZh/Manifest.toml`
  [621f4979] AbstractFFTs v0.5.0
  [7d9fca2a] Arpack v0.4.0
  [68821587] Arpack_jll v3.5.0+2
  [4fba245c] ArrayInterface v2.5.1
  [b99e7846] BinaryProvider v0.5.8
  [49dc2e85] Calculus v0.5.1
  [3da002f7] ColorTypes v0.8.1
  [5ae59095] Colors v0.9.6
  [bbf7d656] CommonSubexpressions v0.2.0
  [34da2185] Compat v2.2.0
  [e66e0078] CompilerSupportLibraries_jll v0.2.0+1
  [d38c429a] Contour v0.5.2
  [3abffc1c] ControlSystemIdentification v0.1.8
  [a6e380b2] ControlSystems v0.5.3
  [717857b8] DSP v0.6.3
  [9a962f9c] DataAPI v1.1.0
  [864edb3b] DataStructures v0.17.10
  [2b5f629d] DiffEqBase v5.6.4
  [01453d9d] DiffEqDiffTools v1.7.0
  [9fdde737] DiffEqOperators v3.5.0
  [163ba53b] DiffResults v1.0.2
  [b552c78f] DiffRules v1.0.1
  [b4f34e82] Distances v0.8.2
  [31c24e10] Distributions v0.22.5
  [ffbed154] DocStringExtensions v0.8.1
  [d4d017d3] ExponentialUtilities v1.6.0
  [c87230d0] FFMPEG v0.2.4
  [7a1cc6ca] FFTW v1.2.0
  [f5851436] FFTW_jll v3.3.9+4
  [1a297f60] FillArrays v0.8.5
  [6a86dc24] FiniteDiff v2.2.1
  [53c48c17] FixedPointNumbers v0.6.1
  [f6369f11] ForwardDiff v0.10.9
  [28b8d3ca] GR v0.44.0
  [14197337] GenericLinearAlgebra v0.2.1
  [01680d73] GenericSVD v0.2.2
  [4d00f742] GeometryTypes v0.7.10
  [1d5cc7b8] IntelOpenMP_jll v2018.0.3+0
  [c8e1da08] IterTools v1.3.0
  [82899510] IteratorInterfaceExtensions v1.0.0
  [682c06a0] JSON v0.21.0
  [b964fa9f] LaTeXStrings v1.1.0
  [d3d80556] LineSearches v7.0.1
  [856f044c] MKL_jll v2019.0.117+2
  [1914dd2f] MacroTools v0.5.4
  [442fdcdd] Measures v0.3.1
  [e1d29d7a] Missings v0.4.3
  [0987c9cc] MonteCarloMeasurements v0.8.3
  [46d2c3a1] MuladdMacro v0.2.2
  [d41bc354] NLSolversBase v7.6.1
  [2774e3e8] NLsolve v4.3.0
  [77ba4419] NaNMath v0.3.3
  [4536629a] OpenBLAS_jll v0.3.7+7
  [efe28fd5] OpenSpecFun_jll v0.5.3+3
  [429524aa] Optim v0.19.7
  [bac558e1] OrderedCollections v1.1.0
  [1dea7af3] OrdinaryDiffEq v5.6.1
  [90014a1f] PDMats v0.9.12
  [d96e819e] Parameters v0.11.0
  [69de0a69] Parsers v0.3.12
  [ccf2f8ad] PlotThemes v0.4.0
  [995b91a9] PlotUtils v0.6.4
  [91a5bcdd] Plots v0.27.1
  [f27b6e38] Polynomials v0.6.1
  [85a6dd25] PositiveFactorizations v0.2.3
  [1fd47b50] QuadGK v2.3.1
  [3cdcf5f2] RecipesBase v0.7.0
  [731186ca] RecursiveArrayTools v0.18.6
  [189a3867] Reexport v0.2.0
  [ae029012] Requires v0.5.2
  [79098fc4] Rmath v0.6.1
  [f50d1b31] Rmath_jll v0.2.2+0
  [f2b01f46] Roots v0.8.4
  [992d4aef] Showoff v0.3.1
  [77f5812f] SingularSpectrumAnalysis v0.3.0
  [a2af1166] SortingAlgorithms v0.3.1
  [276daf66] SpecialFunctions v0.10.0
  [90137ffa] StaticArrays v0.10.3
  [2913bbd2] StatsBase v0.32.2
  [4c63d2b9] StatsFuns v0.9.4
  [3783bdb8] TableTraits v1.0.0
  [028f657a] TotalLeastSquares v1.4.0
  [a2a6695c] TreeViews v0.3.0
  [2a0f44e3] Base64  [`@stdlib/Base64`]
  [ade2ca70] Dates  [`@stdlib/Dates`]
  [8bb1440f] DelimitedFiles  [`@stdlib/DelimitedFiles`]
  [8ba89e20] Distributed  [`@stdlib/Distributed`]
  [b77e0a4c] InteractiveUtils  [`@stdlib/InteractiveUtils`]
  [76f85450] LibGit2  [`@stdlib/LibGit2`]
  [8f399da3] Libdl  [`@stdlib/Libdl`]
  [37e2e46d] LinearAlgebra  [`@stdlib/LinearAlgebra`]
  [56ddb016] Logging  [`@stdlib/Logging`]
  [d6f4376e] Markdown  [`@stdlib/Markdown`]
  [a63ad114] Mmap  [`@stdlib/Mmap`]
  [44cfe95a] Pkg  [`@stdlib/Pkg`]
  [de0858da] Printf  [`@stdlib/Printf`]
  [3fa0cd96] REPL  [`@stdlib/REPL`]
  [9a3f8284] Random  [`@stdlib/Random`]
  [ea8e919c] SHA  [`@stdlib/SHA`]
  [9e88b42a] Serialization  [`@stdlib/Serialization`]
  [1a1011a3] SharedArrays  [`@stdlib/SharedArrays`]
  [6462fe0b] Sockets  [`@stdlib/Sockets`]
  [2f01184e] SparseArrays  [`@stdlib/SparseArrays`]
  [10745b16] Statistics  [`@stdlib/Statistics`]
  [4607b0f0] SuiteSparse  [`@stdlib/SuiteSparse`]
  [8dfed614] Test  [`@stdlib/Test`]
  [cf7118a7] UUIDs  [`@stdlib/UUIDs`]
  [4ec0a83e] Unicode  [`@stdlib/Unicode`]
WARNING: Method definition isnan(StaticArrays.StaticArray{S, T, N} where N where T where S<:Tuple) in module FixedSizeArraysWillBeRemoved at /home/pkgeval/.julia/packages/StaticArrays/VyRz3/src/FixedSizeArrays.jl:63 overwritten in module FixedSizeArrays at /home/pkgeval/.julia/packages/GeometryTypes/8vIFC/src/FixedSizeArrays.jl:154.
  ** incremental compilation may be fatally broken for this module **

WARNING: Method definition extrema(AbstractArray{T<:(StaticArrays.StaticArray{Tuple{N}, T, 1} where T where N), 1}) where {T<:(StaticArrays.StaticArray{Tuple{N}, T, 1} where T where N)} in module FixedSizeArraysWillBeRemoved at /home/pkgeval/.julia/packages/StaticArrays/VyRz3/src/FixedSizeArrays.jl:80 overwritten in module FixedSizeArrays at /home/pkgeval/.julia/packages/GeometryTypes/8vIFC/src/FixedSizeArrays.jl:169.
  ** incremental compilation may be fatally broken for this module **

WARNING: Method definition minimum(AbstractArray{T<:(StaticArrays.StaticArray{Tuple{N}, T, 1} where T where N), 1}) where {T<:(StaticArrays.StaticArray{Tuple{N}, T, 1} where T where N)} in module FixedSizeArraysWillBeRemoved at /home/pkgeval/.julia/packages/StaticArrays/VyRz3/src/FixedSizeArrays.jl:84 overwritten in module FixedSizeArrays at /home/pkgeval/.julia/packages/GeometryTypes/8vIFC/src/FixedSizeArrays.jl:173.
  ** incremental compilation may be fatally broken for this module **

WARNING: Method definition maximum(AbstractArray{T<:(StaticArrays.StaticArray{Tuple{N}, T, 1} where T where N), 1}) where {T<:(StaticArrays.StaticArray{Tuple{N}, T, 1} where T where N)} in module FixedSizeArraysWillBeRemoved at /home/pkgeval/.julia/packages/StaticArrays/VyRz3/src/FixedSizeArrays.jl:87 overwritten in module FixedSizeArrays at /home/pkgeval/.julia/packages/GeometryTypes/8vIFC/src/FixedSizeArrays.jl:176.
  ** incremental compilation may be fatally broken for this module **

WARNING: Method definition extrema(AbstractArray{T<:(StaticArrays.StaticArray{Tuple{N}, T, 1} where T where N), 1}) where {T<:(StaticArrays.StaticArray{Tuple{N}, T, 1} where T where N)} in module FixedSizeArraysWillBeRemoved at /home/pkgeval/.julia/packages/StaticArrays/VyRz3/src/FixedSizeArrays.jl:80 overwritten in module FixedSizeArrays at /home/pkgeval/.julia/packages/GeometryTypes/8vIFC/src/FixedSizeArrays.jl:169.
  ** incremental compilation may be fatally broken for this module **

WARNING: Method definition maximum(AbstractArray{T<:(StaticArrays.StaticArray{Tuple{N}, T, 1} where T where N), 1}) where {T<:(StaticArrays.StaticArray{Tuple{N}, T, 1} where T where N)} in module FixedSizeArraysWillBeRemoved at /home/pkgeval/.julia/packages/StaticArrays/VyRz3/src/FixedSizeArrays.jl:87 overwritten in module FixedSizeArrays at /home/pkgeval/.julia/packages/GeometryTypes/8vIFC/src/FixedSizeArrays.jl:176.
  ** incremental compilation may be fatally broken for this module **

WARNING: Method definition isnan(StaticArrays.StaticArray{S, T, N} where N where T where S<:Tuple) in module FixedSizeArraysWillBeRemoved at /home/pkgeval/.julia/packages/StaticArrays/VyRz3/src/FixedSizeArrays.jl:63 overwritten in module FixedSizeArrays at /home/pkgeval/.julia/packages/GeometryTypes/8vIFC/src/FixedSizeArrays.jl:154.
  ** incremental compilation may be fatally broken for this module **

WARNING: Method definition minimum(AbstractArray{T<:(StaticArrays.StaticArray{Tuple{N}, T, 1} where T where N), 1}) where {T<:(StaticArrays.StaticArray{Tuple{N}, T, 1} where T where N)} in module FixedSizeArraysWillBeRemoved at /home/pkgeval/.julia/packages/StaticArrays/VyRz3/src/FixedSizeArrays.jl:84 overwritten in module FixedSizeArrays at /home/pkgeval/.julia/packages/GeometryTypes/8vIFC/src/FixedSizeArrays.jl:173.
  ** incremental compilation may be fatally broken for this module **

[ Info: Testing With trend
WARNING: Method definition vec(Number) in module FiniteDiff at /home/pkgeval/.julia/packages/FiniteDiff/IZ61j/src/jacobians.jl:128 overwritten in module DiffEqDiffTools at /home/pkgeval/.julia/packages/DiffEqDiffTools/3mm8U/src/jacobians.jl:114.
  ** incremental compilation may be fatally broken for this module **

WARNING: Method definition vec(Number) in module FiniteDiff at /home/pkgeval/.julia/packages/FiniteDiff/IZ61j/src/jacobians.jl:128 overwritten in module DiffEqDiffTools at /home/pkgeval/.julia/packages/DiffEqDiffTools/3mm8U/src/jacobians.jl:114.
  ** incremental compilation may be fatally broken for this module **

WARNING: Method definition vec(Number) in module FiniteDiff at /home/pkgeval/.julia/packages/FiniteDiff/IZ61j/src/jacobians.jl:128 overwritten in module DiffEqDiffTools at /home/pkgeval/.julia/packages/DiffEqDiffTools/3mm8U/src/jacobians.jl:114.
  ** incremental compilation may be fatally broken for this module **

ERROR: LoadError: UndefVarError: _vec not defined
Stacktrace:
 [1] include at ./boot.jl:328 [inlined]
 [2] include_relative(::Module, ::String) at ./loading.jl:1105
 [3] include(::Module, ::String) at ./Base.jl:31
 [4] top-level scope at none:2
 [5] eval at ./boot.jl:330 [inlined]
 [6] eval(::Expr) at ./client.jl:425
 [7] top-level scope at ./none:3
in expression starting at /home/pkgeval/.julia/packages/OrdinaryDiffEq/TUKTm/src/OrdinaryDiffEq.jl:41
ERROR: LoadError: Failed to precompile OrdinaryDiffEq [1dea7af3-3e70-54e6-95c3-0bf5283fa5ed] to /home/pkgeval/.julia/compiled/v1.3/OrdinaryDiffEq/DlSvy_9mVrB.ji.
Stacktrace:
 [1] error(::String) at ./error.jl:33
 [2] compilecache(::Base.PkgId, ::String) at ./loading.jl:1283
 [3] _require(::Base.PkgId) at ./loading.jl:1024
 [4] require(::Base.PkgId) at ./loading.jl:922
 [5] require(::Module, ::Symbol) at ./loading.jl:917
 [6] include at ./boot.jl:328 [inlined]
 [7] include_relative(::Module, ::String) at ./loading.jl:1105
 [8] include(::Module, ::String) at ./Base.jl:31
 [9] top-level scope at none:2
 [10] eval at ./boot.jl:330 [inlined]
 [11] eval(::Expr) at ./client.jl:425
 [12] top-level scope at ./none:3
in expression starting at /home/pkgeval/.julia/packages/ControlSystems/pipUm/src/ControlSystems.jl:81
ERROR: LoadError: Failed to precompile ControlSystems [a6e380b2-a6ca-5380-bf3e-84a91bcd477e] to /home/pkgeval/.julia/compiled/v1.3/ControlSystems/WTvAN_9mVrB.ji.
Stacktrace:
 [1] error(::String) at ./error.jl:33
 [2] compilecache(::Base.PkgId, ::String) at ./loading.jl:1283
 [3] _require(::Base.PkgId) at ./loading.jl:1024
 [4] require(::Base.PkgId) at ./loading.jl:922
 [5] require(::Module, ::Symbol) at ./loading.jl:917
 [6] include at ./boot.jl:328 [inlined]
 [7] include_relative(::Module, ::String) at ./loading.jl:1105
 [8] include(::Module, ::String) at ./Base.jl:31
 [9] top-level scope at none:2
 [10] eval at ./boot.jl:330 [inlined]
 [11] eval(::Expr) at ./client.jl:425
 [12] top-level scope at ./none:3
in expression starting at /home/pkgeval/.julia/packages/ControlSystemIdentification/pDyUH/src/ControlSystemIdentification.jl:3
forecasting: Error During Test at /home/pkgeval/.julia/packages/SingularSpectrumAnalysis/eW376/test/runtests.jl:101
  Got exception outside of a @test
  LoadError: Failed to precompile ControlSystemIdentification [3abffc1c-5106-53b7-b354-a47bfc086282] to /home/pkgeval/.julia/compiled/v1.3/ControlSystemIdentification/FH1SZ_9mVrB.ji.
  Stacktrace:
   [1] error(::String) at ./error.jl:33
   [2] compilecache(::Base.PkgId, ::String) at ./loading.jl:1283
   [3] _require(::Base.PkgId) at ./loading.jl:1024
   [4] require(::Base.PkgId) at ./loading.jl:922
   [5] require(::Module, ::Symbol) at ./loading.jl:917
   [6] include at ./boot.jl:328 [inlined]
   [7] include_relative(::Module, ::String) at ./loading.jl:1105
   [8] include(::Module, ::String) at ./Base.jl:31
   [9] include(::String) at ./client.jl:424
   [10] top-level scope at /home/pkgeval/.julia/packages/SingularSpectrumAnalysis/eW376/test/runtests.jl:102
   [11] top-level scope at /buildworker/worker/package_linux64/build/usr/share/julia/stdlib/v1.3/Test/src/Test.jl:1107
   [12] top-level scope at /home/pkgeval/.julia/packages/SingularSpectrumAnalysis/eW376/test/runtests.jl:102
   [13] top-level scope at /buildworker/worker/package_linux64/build/usr/share/julia/stdlib/v1.3/Test/src/Test.jl:1107
   [14] top-level scope at /home/pkgeval/.julia/packages/SingularSpectrumAnalysis/eW376/test/runtests.jl:6
   [15] include at ./boot.jl:328 [inlined]
   [16] include_relative(::Module, ::String) at ./loading.jl:1105
   [17] include(::Module, ::String) at ./Base.jl:31
   [18] include(::String) at ./client.jl:424
   [19] top-level scope at none:6
   [20] eval(::Module, ::Any) at ./boot.jl:330
   [21] exec_options(::Base.JLOptions) at ./client.jl:263
   [22] _start() at ./client.jl:460
  in expression starting at /home/pkgeval/.julia/packages/SingularSpectrumAnalysis/eW376/test/forecast.jl:14
  
Test Summary:            | Pass  Error  Total
SingularSpectrumAnalysis |   16      1     17
  With trend             |    8             8
  forecasting            |           1      1
ERROR: LoadError: Some tests did not pass: 16 passed, 0 failed, 1 errored, 0 broken.
in expression starting at /home/pkgeval/.julia/packages/SingularSpectrumAnalysis/eW376/test/runtests.jl:5
ERROR: Package SingularSpectrumAnalysis errored during testing
Stacktrace:
 [1] pkgerror(::String, ::Vararg{String,N} where N) at /buildworker/worker/package_linux64/build/usr/share/julia/stdlib/v1.3/Pkg/src/Types.jl:113
 [2] #test#131(::Bool, ::Nothing, ::Cmd, ::Cmd, ::typeof(Pkg.Operations.test), ::Pkg.Types.Context, ::Array{Pkg.Types.PackageSpec,1}) at /buildworker/worker/package_linux64/build/usr/share/julia/stdlib/v1.3/Pkg/src/Operations.jl:1372
 [3] #test at ./none:0 [inlined]
 [4] #test#62(::Bool, ::Nothing, ::Cmd, ::Cmd, ::Base.Iterators.Pairs{Union{},Union{},Tuple{},NamedTuple{(),Tuple{}}}, ::typeof(Pkg.API.test), ::Pkg.Types.Context, ::Array{Pkg.Types.PackageSpec,1}) at /buildworker/worker/package_linux64/build/usr/share/julia/stdlib/v1.3/Pkg/src/API.jl:253
 [5] test(::Pkg.Types.Context, ::Array{Pkg.Types.PackageSpec,1}) at /buildworker/worker/package_linux64/build/usr/share/julia/stdlib/v1.3/Pkg/src/API.jl:239
 [6] #test#61 at /buildworker/worker/package_linux64/build/usr/share/julia/stdlib/v1.3/Pkg/src/API.jl:233 [inlined]
 [7] test at /buildworker/worker/package_linux64/build/usr/share/julia/stdlib/v1.3/Pkg/src/API.jl:233 [inlined]
 [8] #test#60 at /buildworker/worker/package_linux64/build/usr/share/julia/stdlib/v1.3/Pkg/src/API.jl:232 [inlined]
 [9] test at /buildworker/worker/package_linux64/build/usr/share/julia/stdlib/v1.3/Pkg/src/API.jl:232 [inlined]
 [10] #test#59(::Base.Iterators.Pairs{Union{},Union{},Tuple{},NamedTuple{(),Tuple{}}}, ::typeof(Pkg.API.test), ::String) at /buildworker/worker/package_linux64/build/usr/share/julia/stdlib/v1.3/Pkg/src/API.jl:231
 [11] test(::String) at /buildworker/worker/package_linux64/build/usr/share/julia/stdlib/v1.3/Pkg/src/API.jl:231
 [12] top-level scope at none:13
