Julia Version 1.3.1
Commit 2d5741174c (2019-12-30 21:36 UTC)
Platform Info:
  OS: Linux (x86_64-pc-linux-gnu)
  CPU: AMD Ryzen Threadripper 2990WX 32-Core Processor
  WORD_SIZE: 64
  LIBM: libopenlibm
  LLVM: libLLVM-6.0.1 (ORCJIT, znver1)
Environment:
  JULIA_DEPOT_PATH = ::/usr/local/share/julia
  JULIA_NUM_THREADS = 2

 Resolving package versions...
 Installed Requires ───────────────── v0.5.2
 Installed RecipesBase ────────────── v0.7.0
 Installed FillArrays ─────────────── v0.8.5
 Installed TotalLeastSquares ──────── v1.4.0
 Installed SingularSpectrumAnalysis ─ v0.3.0
  Updating `~/.julia/environments/v1.3/Project.toml`
  [77f5812f] + SingularSpectrumAnalysis v0.3.0
  Updating `~/.julia/environments/v1.3/Manifest.toml`
  [1a297f60] + FillArrays v0.8.5
  [3cdcf5f2] + RecipesBase v0.7.0
  [ae029012] + Requires v0.5.2
  [77f5812f] + SingularSpectrumAnalysis v0.3.0
  [028f657a] + TotalLeastSquares v1.4.0
  [2a0f44e3] + Base64 
  [8ba89e20] + Distributed 
  [b77e0a4c] + InteractiveUtils 
  [8f399da3] + Libdl 
  [37e2e46d] + LinearAlgebra 
  [56ddb016] + Logging 
  [d6f4376e] + Markdown 
  [de0858da] + Printf 
  [9a3f8284] + Random 
  [9e88b42a] + Serialization 
  [6462fe0b] + Sockets 
  [2f01184e] + SparseArrays 
  [10745b16] + Statistics 
  [8dfed614] + Test 
  [4ec0a83e] + Unicode 
   Testing SingularSpectrumAnalysis
 Resolving package versions...
 Installed NaNMath ────────────────────── v0.3.3
 Installed Rmath_jll ──────────────────── v0.2.2+0
 Installed DiffResults ────────────────── v1.0.2
 Installed DiffRules ──────────────────── v1.0.1
 Installed UnPack ─────────────────────── v0.1.0
 Installed PlotUtils ──────────────────── v0.6.4
 Installed Plots ──────────────────────── v0.28.4
 Installed ControlSystemIdentification ── v0.1.12
 Installed VertexSafeGraphs ───────────── v0.1.1
 Installed QuadGK ─────────────────────── v2.3.1
 Installed StatsFuns ──────────────────── v0.9.4
 Installed IterTools ──────────────────── v1.3.0
 Installed StatsBase ──────────────────── v0.32.2
 Installed IntelOpenMP_jll ────────────── v2018.0.3+0
 Installed OpenBLAS_jll ───────────────── v0.3.7+7
 Installed Measures ───────────────────── v0.3.1
 Installed NLSolversBase ──────────────── v7.6.1
 Installed LightGraphs ────────────────── v1.3.1
 Installed GeometryTypes ──────────────── v0.7.6
 Installed ExponentialUtilities ───────── v1.6.0
 Installed MacroTools ─────────────────── v0.5.4
 Installed FunctionWrappers ───────────── v1.1.1
 Installed LeftChildRightSiblingTrees ─── v0.1.2
 Installed LoggingExtras ──────────────── v0.4.0
 Installed CompilerSupportLibraries_jll ─ v0.2.0+1
 Installed ArrayInterface ─────────────── v2.5.1
 Installed GenericLinearAlgebra ───────── v0.2.1
 Installed ProgressMeter ──────────────── v1.2.0
 Installed Roots ──────────────────────── v0.8.4
 Installed PlotThemes ─────────────────── v1.0.1
 Installed DataAPI ────────────────────── v1.1.0
 Installed DelayDiffEq ────────────────── v5.23.0
 Installed Arpack_jll ─────────────────── v3.5.0+2
 Installed ProgressLogging ────────────── v0.1.2
 Installed Showoff ────────────────────── v0.3.1
 Installed OrdinaryDiffEq ─────────────── v5.31.0
 Installed Arpack ─────────────────────── v0.4.0
 Installed SimpleTraits ───────────────── v0.9.1
 Installed StaticArrays ───────────────── v0.12.1
 Installed RecursiveFactorization ─────── v0.1.0
 Installed FFTW ───────────────────────── v1.2.0
 Installed FiniteDiff ─────────────────── v2.2.1
 Installed FFMPEG ─────────────────────── v0.2.4
 Installed Distances ──────────────────── v0.8.2
 Installed ChainRulesCore ─────────────── v0.7.1
 Installed DataStructures ─────────────── v0.17.10
 Installed SpecialFunctions ───────────── v0.10.0
 Installed Distributions ──────────────── v0.22.5
 Installed TerminalLoggers ────────────── v0.1.1
 Installed ArnoldiMethod ──────────────── v0.0.4
 Installed IteratorInterfaceExtensions ── v1.0.0
 Installed Optim ──────────────────────── v0.20.4
 Installed Compat ─────────────────────── v3.8.0
 Installed RecursiveArrayTools ────────── v2.1.0
 Installed ForwardDiff ────────────────── v0.10.9
 Installed DSP ────────────────────────── v0.6.3
 Installed GenericSVD ─────────────────── v0.2.2
 Installed ColorTypes ─────────────────── v0.10.0
 Installed AbstractTrees ──────────────── v0.3.2
 Installed FixedPointNumbers ──────────── v0.6.1
 Installed Parsers ────────────────────── v0.3.12
 Installed ZygoteRules ────────────────── v0.2.0
 Installed AbstractFFTs ───────────────── v0.5.0
 Installed Inflate ────────────────────── v0.1.1
 Installed Rmath ──────────────────────── v0.6.1
 Installed Colors ─────────────────────── v0.12.0
 Installed SortingAlgorithms ──────────── v0.3.1
 Installed JSON ───────────────────────── v0.21.0
 Installed DiffEqBase ─────────────────── v6.24.0
 Installed TableTraits ────────────────── v1.0.0
 Installed PDMats ─────────────────────── v0.9.12
 Installed Reexport ───────────────────── v0.2.0
 Installed SparseDiffTools ────────────── v1.4.0
 Installed Adapt ──────────────────────── v1.0.1
 Installed LineSearches ───────────────── v7.0.1
 Installed OrderedCollections ─────────── v1.1.0
 Installed ControlSystems ─────────────── v0.5.7
 Installed PositiveFactorizations ─────── v0.2.3
 Installed BinaryProvider ─────────────── v0.5.8
 Installed NLsolve ────────────────────── v4.3.0
 Installed Parameters ─────────────────── v0.12.0
 Installed LaTeXStrings ───────────────── v1.1.0
 Installed MuladdMacro ────────────────── v0.2.2
 Installed ConsoleProgressMonitor ─────── v0.1.2
 Installed MKL_jll ────────────────────── v2019.0.117+2
 Installed CommonSubexpressions ───────── v0.2.0
 Installed IterativeSolvers ───────────── v0.8.1
 Installed OpenSpecFun_jll ────────────── v0.5.3+3
 Installed DocStringExtensions ────────── v0.8.1
 Installed Missings ───────────────────── v0.4.3
 Installed FFTW_jll ───────────────────── v3.3.9+4
 Installed TreeViews ──────────────────── v0.3.0
 Installed Polynomials ────────────────── v0.6.1
 Installed GR ─────────────────────────── v0.44.0
 Installed Contour ────────────────────── v0.5.2
 Installed MonteCarloMeasurements ─────── v0.8.3
  Building GR ────→ `~/.julia/packages/GR/oiZD3/deps/build.log`
  Building FFMPEG → `~/.julia/packages/FFMPEG/guN1x/deps/build.log`
  Building Plots ─→ `~/.julia/packages/Plots/qZHsp/deps/build.log`
  Building FFTW ──→ `~/.julia/packages/FFTW/qqcBj/deps/build.log`
    Status `/tmp/jl_RZxUy5/Manifest.toml`
  [621f4979] AbstractFFTs v0.5.0
  [1520ce14] AbstractTrees v0.3.2
  [79e6a3ab] Adapt v1.0.1
  [ec485272] ArnoldiMethod v0.0.4
  [7d9fca2a] Arpack v0.4.0
  [68821587] Arpack_jll v3.5.0+2
  [4fba245c] ArrayInterface v2.5.1
  [b99e7846] BinaryProvider v0.5.8
  [d360d2e6] ChainRulesCore v0.7.1
  [3da002f7] ColorTypes v0.10.0
  [5ae59095] Colors v0.12.0
  [bbf7d656] CommonSubexpressions v0.2.0
  [34da2185] Compat v3.8.0
  [e66e0078] CompilerSupportLibraries_jll v0.2.0+1
  [88cd18e8] ConsoleProgressMonitor v0.1.2
  [d38c429a] Contour v0.5.2
  [3abffc1c] ControlSystemIdentification v0.1.12
  [a6e380b2] ControlSystems v0.5.7
  [717857b8] DSP v0.6.3
  [9a962f9c] DataAPI v1.1.0
  [864edb3b] DataStructures v0.17.10
  [bcd4f6db] DelayDiffEq v5.23.0
  [2b5f629d] DiffEqBase v6.24.0
  [163ba53b] DiffResults v1.0.2
  [b552c78f] DiffRules v1.0.1
  [b4f34e82] Distances v0.8.2
  [31c24e10] Distributions v0.22.5
  [ffbed154] DocStringExtensions v0.8.1
  [d4d017d3] ExponentialUtilities v1.6.0
  [c87230d0] FFMPEG v0.2.4
  [7a1cc6ca] FFTW v1.2.0
  [f5851436] FFTW_jll v3.3.9+4
  [1a297f60] FillArrays v0.8.5
  [6a86dc24] FiniteDiff v2.2.1
  [53c48c17] FixedPointNumbers v0.6.1
  [f6369f11] ForwardDiff v0.10.9
  [069b7b12] FunctionWrappers v1.1.1
  [28b8d3ca] GR v0.44.0
  [14197337] GenericLinearAlgebra v0.2.1
  [01680d73] GenericSVD v0.2.2
  [4d00f742] GeometryTypes v0.7.6
  [d25df0c9] Inflate v0.1.1
  [1d5cc7b8] IntelOpenMP_jll v2018.0.3+0
  [c8e1da08] IterTools v1.3.0
  [42fd0dbc] IterativeSolvers v0.8.1
  [82899510] IteratorInterfaceExtensions v1.0.0
  [682c06a0] JSON v0.21.0
  [b964fa9f] LaTeXStrings v1.1.0
  [1d6d02ad] LeftChildRightSiblingTrees v0.1.2
  [093fc24a] LightGraphs v1.3.1
  [d3d80556] LineSearches v7.0.1
  [e6f89c97] LoggingExtras v0.4.0
  [856f044c] MKL_jll v2019.0.117+2
  [1914dd2f] MacroTools v0.5.4
  [442fdcdd] Measures v0.3.1
  [e1d29d7a] Missings v0.4.3
  [0987c9cc] MonteCarloMeasurements v0.8.3
  [46d2c3a1] MuladdMacro v0.2.2
  [d41bc354] NLSolversBase v7.6.1
  [2774e3e8] NLsolve v4.3.0
  [77ba4419] NaNMath v0.3.3
  [4536629a] OpenBLAS_jll v0.3.7+7
  [efe28fd5] OpenSpecFun_jll v0.5.3+3
  [429524aa] Optim v0.20.4
  [bac558e1] OrderedCollections v1.1.0
  [1dea7af3] OrdinaryDiffEq v5.31.0
  [90014a1f] PDMats v0.9.12
  [d96e819e] Parameters v0.12.0
  [69de0a69] Parsers v0.3.12
  [ccf2f8ad] PlotThemes v1.0.1
  [995b91a9] PlotUtils v0.6.4
  [91a5bcdd] Plots v0.28.4
  [f27b6e38] Polynomials v0.6.1
  [85a6dd25] PositiveFactorizations v0.2.3
  [33c8b6b6] ProgressLogging v0.1.2
  [92933f4c] ProgressMeter v1.2.0
  [1fd47b50] QuadGK v2.3.1
  [3cdcf5f2] RecipesBase v0.7.0
  [731186ca] RecursiveArrayTools v2.1.0
  [f2c3362d] RecursiveFactorization v0.1.0
  [189a3867] Reexport v0.2.0
  [ae029012] Requires v0.5.2
  [79098fc4] Rmath v0.6.1
  [f50d1b31] Rmath_jll v0.2.2+0
  [f2b01f46] Roots v0.8.4
  [992d4aef] Showoff v0.3.1
  [699a6c99] SimpleTraits v0.9.1
  [77f5812f] SingularSpectrumAnalysis v0.3.0
  [a2af1166] SortingAlgorithms v0.3.1
  [47a9eef4] SparseDiffTools v1.4.0
  [276daf66] SpecialFunctions v0.10.0
  [90137ffa] StaticArrays v0.12.1
  [2913bbd2] StatsBase v0.32.2
  [4c63d2b9] StatsFuns v0.9.4
  [3783bdb8] TableTraits v1.0.0
  [5d786b92] TerminalLoggers v0.1.1
  [028f657a] TotalLeastSquares v1.4.0
  [a2a6695c] TreeViews v0.3.0
  [3a884ed6] UnPack v0.1.0
  [19fa3120] VertexSafeGraphs v0.1.1
  [700de1a5] ZygoteRules v0.2.0
  [2a0f44e3] Base64  [`@stdlib/Base64`]
  [ade2ca70] Dates  [`@stdlib/Dates`]
  [8bb1440f] DelimitedFiles  [`@stdlib/DelimitedFiles`]
  [8ba89e20] Distributed  [`@stdlib/Distributed`]
  [b77e0a4c] InteractiveUtils  [`@stdlib/InteractiveUtils`]
  [76f85450] LibGit2  [`@stdlib/LibGit2`]
  [8f399da3] Libdl  [`@stdlib/Libdl`]
  [37e2e46d] LinearAlgebra  [`@stdlib/LinearAlgebra`]
  [56ddb016] Logging  [`@stdlib/Logging`]
  [d6f4376e] Markdown  [`@stdlib/Markdown`]
  [a63ad114] Mmap  [`@stdlib/Mmap`]
  [44cfe95a] Pkg  [`@stdlib/Pkg`]
  [de0858da] Printf  [`@stdlib/Printf`]
  [3fa0cd96] REPL  [`@stdlib/REPL`]
  [9a3f8284] Random  [`@stdlib/Random`]
  [ea8e919c] SHA  [`@stdlib/SHA`]
  [9e88b42a] Serialization  [`@stdlib/Serialization`]
  [1a1011a3] SharedArrays  [`@stdlib/SharedArrays`]
  [6462fe0b] Sockets  [`@stdlib/Sockets`]
  [2f01184e] SparseArrays  [`@stdlib/SparseArrays`]
  [10745b16] Statistics  [`@stdlib/Statistics`]
  [4607b0f0] SuiteSparse  [`@stdlib/SuiteSparse`]
  [8dfed614] Test  [`@stdlib/Test`]
  [cf7118a7] UUIDs  [`@stdlib/UUIDs`]
  [4ec0a83e] Unicode  [`@stdlib/Unicode`]
[ Info: Testing With trend
WARNING: Method definition reflectorApply!(Union{DenseArray{T, 2}, Base.ReinterpretArray{T, 2, S, A} where S where A<:Union{Base.SubArray{T, N, A, I, true} where I<:Union{Tuple{Vararg{Real, N} where N}, Tuple{Base.AbstractUnitRange{T} where T, Vararg{Any, N} where N}} where A<:(DenseArray{T, N} where N where T) where N where T, DenseArray{T, N} where N where T}, Base.ReshapedArray{T, 2, A, MI} where MI<:Tuple{Vararg{Base.MultiplicativeInverses.SignedMultiplicativeInverse{Int64}, N} where N} where A<:Union{Base.ReinterpretArray{T, N, S, A} where S where A<:Union{Base.SubArray{T, N, A, I, true} where I<:Union{Tuple{Vararg{Real, N} where N}, Tuple{Base.AbstractUnitRange{T} where T, Vararg{Any, N} where N}} where A<:(DenseArray{T, N} where N where T) where N where T, DenseArray{T, N} where N where T} where N where T, Base.SubArray{T, N, A, I, true} where I<:Union{Tuple{Vararg{Real, N} where N}, Tuple{Base.AbstractUnitRange{T} where T, Vararg{Any, N} where N}} where A<:(DenseArray{T, N} where N where T) where N where T, DenseArray{T, N} where N where T}, Base.SubArray{T, 2, A, I, L} where L where I<:Tuple{Vararg{Union{Int64, Base.AbstractRange{Int64}, Base.AbstractCartesianIndex{N} where N}, N} where N} where A<:Union{Base.ReinterpretArray{T, N, S, A} where S where A<:Union{Base.SubArray{T, N, A, I, true} where I<:Union{Tuple{Vararg{Real, N} where N}, Tuple{Base.AbstractUnitRange{T} where T, Vararg{Any, N} where N}} where A<:(DenseArray{T, N} where N where T) where N where T, DenseArray{T, N} where N where T} where N where T, Base.ReshapedArray{T, N, A, MI} where MI<:Tuple{Vararg{Base.MultiplicativeInverses.SignedMultiplicativeInverse{Int64}, N} where N} where A<:Union{Base.ReinterpretArray{T, N, S, A} where S where A<:Union{Base.SubArray{T, N, A, I, true} where I<:Union{Tuple{Vararg{Real, N} where N}, Tuple{Base.AbstractUnitRange{T} where T, Vararg{Any, N} where N}} where A<:(DenseArray{T, N} where N where T) where N where T, DenseArray{T, N} where N where T} where N where T, Base.SubArray{T, N, A, I, true} where I<:Union{Tuple{Vararg{Real, N} where N}, Tuple{Base.AbstractUnitRange{T} where T, Vararg{Any, N} where N}} where A<:(DenseArray{T, N} where N where T) where N where T, DenseArray{T, N} where N where T} where N where T, DenseArray{T, N} where N where T}} where T, AbstractArray{T, 1} where T, Number) in module GenericSVD at /home/pkgeval/.julia/packages/GenericSVD/w8oZE/src/utils.jl:5 overwritten in module GenericLinearAlgebra at /home/pkgeval/.julia/packages/GenericLinearAlgebra/l4g5a/src/qr.jl:18.
  ** incremental compilation may be fatally broken for this module **

WARNING: Method definition lmul!(LinearAlgebra.Givens{T} where T, Nothing) in module GenericSVD at /home/pkgeval/.julia/packages/GenericSVD/w8oZE/src/utils.jl:28 overwritten in module GenericLinearAlgebra at /home/pkgeval/.julia/packages/GenericLinearAlgebra/l4g5a/src/svd.jl:5.
  ** incremental compilation may be fatally broken for this module **

WARNING: Method definition rmul!(Nothing, LinearAlgebra.Givens{T} where T) in module GenericSVD at /home/pkgeval/.julia/packages/GenericSVD/w8oZE/src/utils.jl:34 overwritten in module GenericLinearAlgebra at /home/pkgeval/.julia/packages/GenericLinearAlgebra/l4g5a/src/svd.jl:6.
  ** incremental compilation may be fatally broken for this module **

Test Summary:            | Pass  Total
SingularSpectrumAnalysis |   27     27
   Testing SingularSpectrumAnalysis tests passed 
