Julia Version 1.4.0
Commit b8e9a9ecc6 (2020-03-21 16:36 UTC)
Platform Info:
  OS: Linux (x86_64-pc-linux-gnu)
  CPU: AMD Ryzen Threadripper 2990WX 32-Core Processor
  WORD_SIZE: 64
  LIBM: libopenlibm
  LLVM: libLLVM-8.0.1 (ORCJIT, znver1)
Environment:
  JULIA_DEPOT_PATH = ::/usr/local/share/julia
  JULIA_NUM_THREADS = 2

  Resolving package versions...
  Installed OrderedCollections ─ v1.1.0
  Installed SnoopCompile ─────── v1.2.3
   Updating `~/.julia/environments/v1.4/Project.toml`
  [aa65fe97] + SnoopCompile v1.2.3
   Updating `~/.julia/environments/v1.4/Manifest.toml`
  [bac558e1] + OrderedCollections v1.1.0
  [aa65fe97] + SnoopCompile v1.2.3
  [2a0f44e3] + Base64 
  [ade2ca70] + Dates 
  [8ba89e20] + Distributed 
  [b77e0a4c] + InteractiveUtils 
  [76f85450] + LibGit2 
  [8f399da3] + Libdl 
  [56ddb016] + Logging 
  [d6f4376e] + Markdown 
  [44cfe95a] + Pkg 
  [de0858da] + Printf 
  [3fa0cd96] + REPL 
  [9a3f8284] + Random 
  [ea8e919c] + SHA 
  [9e88b42a] + Serialization 
  [6462fe0b] + Sockets 
  [8dfed614] + Test 
  [cf7118a7] + UUIDs 
  [4ec0a83e] + Unicode 
    Testing SnoopCompile
[?25l    Fetching: [>                                        ]  0.0 %[2K[?25h[?25l    Fetching: [>                                        ]  0.0 %[2K[?25h[?25l    Fetching: [>                                        ]  0.0 %[2K[?25h[?25l    Fetching: [>                                        ]  0.0 %[2K[?25h[?25l    Fetching: [>                                        ]  0.0 %[2K[?25h[?25l    Fetching: [>                                        ]  0.0 %[2K[?25h[?25l    Fetching: [>                                        ]  0.0 %[2K[?25h[?25l    Fetching: [>                                        ]  0.0 %[2K[?25h[?25l    Fetching: [>                                        ]  0.0 %[2K[?25h[?25l    Fetching: [>                                        ]  0.0 %[2K[?25h[?25l    Fetching: [>                                        ]  0.0 %[2K[?25h[?25l    Fetching: [>                                        ]  0.0 %[2K[?25h[?25l    Fetching: [>                                        ]  0.0 %[2K[?25h[?25l    Fetching: [>                                        ]  0.0 %[2K[?25h┌ Error: Error building `CMake`: 
│   % Total    % Received % Xferd  Average Speed   Time    Time     Time  Current
│                                  Dload  Upload   Total   Spent    Left  Speed
│   0     0    0     0    0     0      0      0 --:--:-- --:--:-- --:--:--     0  0     0    0     0    0     0      0      0 --:--:-- --:--:-- --:--:--     0  0     0    0     0    0     0      0      0 --:--:-- --:--:-- --:--:--     0
│ curl: (22) The requested URL returned error: 401 UNAUTHORIZED
│ [ Info: Attempting to create directory /home/pkgeval/.julia/packages/CMake/ULbyn/deps/downloads
│ [ Info: Downloading file https://github.com/Kitware/CMake/releases/download/v3.15.3/cmake-3.15.3-Linux-x86_64.tar.gz
│ ERROR: LoadError: failed process: Process(`curl -f -o /home/pkgeval/.julia/packages/CMake/ULbyn/deps/downloads/cmake-3.15.3-Linux-x86_64.tar.gz -L https://github.com/Kitware/CMake/releases/download/v3.15.3/cmake-3.15.3-Linux-x86_64.tar.gz`, ProcessExited(22)) [22]
│ 
│ Stacktrace:
│  [1] pipeline_error at ./process.jl:525 [inlined]
│  [2] run(::Cmd; wait::Bool) at ./process.jl:440
│  [3] run(::Cmd) at ./process.jl:438
│  [4] run(::BinDeps.SynchronousStepCollection) at /home/pkgeval/.julia/packages/BinDeps/eiJeV/src/BinDeps.jl:524
│  [5] run(::FileRule) at /home/pkgeval/.julia/packages/BinDeps/eiJeV/src/BinDeps.jl:486
│  [6] run(::BinDeps.SynchronousStepCollection) at /home/pkgeval/.julia/packages/BinDeps/eiJeV/src/BinDeps.jl:524
│  [7] run(::FileRule) at /home/pkgeval/.julia/packages/BinDeps/eiJeV/src/BinDeps.jl:486
│  [8] run(::BinDeps.SynchronousStepCollection) at /home/pkgeval/.julia/packages/BinDeps/eiJeV/src/BinDeps.jl:524
│  [9] top-level scope at /home/pkgeval/.julia/packages/CMake/ULbyn/deps/build.jl:158
│  [10] include(::String) at ./client.jl:439
│  [11] top-level scope at none:5
│ in expression starting at /home/pkgeval/.julia/packages/CMake/ULbyn/deps/build.jl:158
└ @ Pkg.Operations /buildworker/worker/package_linux64/build/usr/share/julia/stdlib/v1.4/Pkg/src/Operations.jl:892
┌ Error: Error building `Blosc`: 
│ ERROR: LoadError: CMake not properly installed. Please run
│ Pkg.build("CMake")
│ Stacktrace:
│  [1] error(::String) at ./error.jl:33
│  [2] top-level scope at /home/pkgeval/.julia/packages/CMake/ULbyn/src/CMake.jl:13
│  [3] include(::Module, ::String) at ./Base.jl:377
│  [4] top-level scope at none:2
│  [5] eval at ./boot.jl:331 [inlined]
│  [6] eval(::Expr) at ./client.jl:449
│  [7] top-level scope at ./none:3
│ in expression starting at /home/pkgeval/.julia/packages/CMake/ULbyn/src/CMake.jl:12
│ ERROR: LoadError: Failed to precompile CMake [631607c0-34d2-5d66-819e-eb0f9aa2061a] to /home/pkgeval/.julia/compiled/v1.4/CMake/TDh52_Z2PwW.ji.
│ Stacktrace:
│  [1] error(::String) at ./error.jl:33
│  [2] compilecache(::Base.PkgId, ::String) at ./loading.jl:1272
│  [3] _require(::Base.PkgId) at ./loading.jl:1029
│  [4] require(::Base.PkgId) at ./loading.jl:927
│  [5] require(::Module, ::Symbol) at ./loading.jl:922
│  [6] include(::Module, ::String) at ./Base.jl:377
│  [7] top-level scope at none:2
│  [8] eval at ./boot.jl:331 [inlined]
│  [9] eval(::Expr) at ./client.jl:449
│  [10] top-level scope at ./none:3
│ in expression starting at /home/pkgeval/.julia/packages/CMakeWrapper/Aj38O/src/CMakeWrapper.jl:21
│ ERROR: LoadError: LoadError: Failed to precompile CMakeWrapper [d5fb7624-851a-54ee-a528-d3f3bac0b4a0] to /home/pkgeval/.julia/compiled/v1.4/CMakeWrapper/geahK_Z2PwW.ji.
│ Stacktrace:
│  [1] error(::String) at ./error.jl:33
│  [2] compilecache(::Base.PkgId, ::String) at ./loading.jl:1272
│  [3] _require(::Base.PkgId) at ./loading.jl:1029
│  [4] require(::Base.PkgId) at ./loading.jl:927
│  [5] require(::Module, ::Symbol) at ./loading.jl:922
│  [6] include(::String) at ./client.jl:439
│  [7] top-level scope at /home/pkgeval/.julia/packages/Blosc/lzFr0/deps/build.jl:2
│  [8] include(::String) at ./client.jl:439
│  [9] top-level scope at none:5
│ in expression starting at /home/pkgeval/.julia/packages/Blosc/lzFr0/deps/compile.jl:2
│ in expression starting at /home/pkgeval/.julia/packages/Blosc/lzFr0/deps/build.jl:2
└ @ Pkg.Operations /buildworker/worker/package_linux64/build/usr/share/julia/stdlib/v1.4/Pkg/src/Operations.jl:892
Status `/tmp/jl_f6n1T2/Manifest.toml`
  [9e28174c] BinDeps v1.0.0
  [b99e7846] BinaryProvider v0.5.8
  [0a1fb500] BlockDiagonals v0.1.6
  [a74b3585] Blosc v0.5.1
  [631607c0] CMake v1.2.0
  [d5fb7624] CMakeWrapper v0.2.3
  [3da002f7] ColorTypes v0.10.0
  [34da2185] Compat v2.2.0
  [5789e2e9] FileIO v1.2.4
  [1a297f60] FillArrays v0.8.5
  [53c48c17] FixedPointNumbers v0.8.0
  [f67ccb44] HDF5 v0.13.0
  [0234f1f7] HDF5_jll v1.10.5+5
  [4138dd39] JLD v0.9.2
  [1b4a561d] LegacyStrings v0.4.1
  [05b439c0] MatLang v0.1.1
  [bac558e1] OrderedCollections v1.1.0
  [d96e819e] Parameters v0.12.0
  [ae029012] Requires v1.0.1
  [aa65fe97] SnoopCompile v1.2.3
  [30578b45] URIParser v0.4.0
  [83775a58] Zlib_jll v1.2.11+8
  [2a0f44e3] Base64 
  [ade2ca70] Dates 
  [8bb1440f] DelimitedFiles 
  [8ba89e20] Distributed 
  [b77e0a4c] InteractiveUtils 
  [76f85450] LibGit2 
  [8f399da3] Libdl 
  [37e2e46d] LinearAlgebra 
  [56ddb016] Logging 
  [d6f4376e] Markdown 
  [a63ad114] Mmap 
  [44cfe95a] Pkg 
  [de0858da] Printf 
  [3fa0cd96] REPL 
  [9a3f8284] Random 
  [ea8e919c] SHA 
  [9e88b42a] Serialization 
  [1a1011a3] SharedArrays 
  [6462fe0b] Sockets 
  [2f01184e] SparseArrays 
  [10745b16] Statistics 
  [8dfed614] Test 
  [cf7118a7] UUIDs 
  [4ec0a83e] Unicode 
Test Summary: | Pass  Total
topmodule     |    7      7
Test Summary:       | Pass  Total
lookup bodyfunction |    4      4
Test Summary: | Pass  Total
snoopi        |   25     25
Test Summary:   | Pass  Total
Lots of methods |   20     20
Test Summary: | Pass  Total
Reachable     |    4      4
Test Summary: | Pass  Total
@snoopi docs  |    1      1
Test Summary:    | Pass  Total
Duplicates (#70) |    1      1
ERROR: LoadError: Blosc not installed properly, run Pkg.build("Blosc"), restart Julia and try again
Stacktrace:
 [1] error(::String) at ./error.jl:33
 [2] top-level scope at /home/pkgeval/.julia/packages/Blosc/lzFr0/src/Blosc.jl:11
 [3] include(::Module, ::String) at ./Base.jl:377
 [4] top-level scope at none:2
 [5] eval at ./boot.jl:331 [inlined]
 [6] eval(::Expr) at ./client.jl:449
 [7] top-level scope at ./none:3
in expression starting at /home/pkgeval/.julia/packages/Blosc/lzFr0/src/Blosc.jl:10
ERROR: LoadError: LoadError: Failed to precompile Blosc [a74b3585-a348-5f62-a45c-50e91977d574] to /home/pkgeval/.julia/compiled/v1.4/Blosc/UZMg8_Z5LlN.ji.
Stacktrace:
 [1] error(::String) at ./error.jl:33
 [2] compilecache(::Base.PkgId, ::String) at ./loading.jl:1272
 [3] _require(::Base.PkgId) at ./loading.jl:1029
 [4] require(::Base.PkgId) at ./loading.jl:927
 [5] require(::Module, ::Symbol) at ./loading.jl:922
 [6] include(::Module, ::String) at ./Base.jl:377
 [7] include(::String) at /home/pkgeval/.julia/packages/HDF5/XQlr9/src/HDF5.jl:1
 [8] top-level scope at /home/pkgeval/.julia/packages/HDF5/XQlr9/src/HDF5.jl:568
 [9] include(::Module, ::String) at ./Base.jl:377
 [10] top-level scope at none:2
 [11] eval at ./boot.jl:331 [inlined]
 [12] eval(::Expr) at ./client.jl:449
 [13] top-level scope at ./none:3
in expression starting at /home/pkgeval/.julia/packages/HDF5/XQlr9/src/blosc_filter.jl:1
in expression starting at /home/pkgeval/.julia/packages/HDF5/XQlr9/src/HDF5.jl:568
ERROR: LoadError: Failed to precompile HDF5 [f67ccb44-e63f-5c2f-98bd-6dc0ccc4ba2f] to /home/pkgeval/.julia/compiled/v1.4/HDF5/L7Dga_Z5LlN.ji.
Stacktrace:
 [1] error(::String) at ./error.jl:33
 [2] compilecache(::Base.PkgId, ::String) at ./loading.jl:1272
 [3] _require(::Base.PkgId) at ./loading.jl:1029
 [4] require(::Base.PkgId) at ./loading.jl:927
 [5] require(::Module, ::Symbol) at ./loading.jl:922
 [6] include(::Module, ::String) at ./Base.jl:377
 [7] top-level scope at none:2
 [8] eval at ./boot.jl:331 [inlined]
 [9] eval(::Expr) at ./client.jl:449
 [10] top-level scope at ./none:3
in expression starting at /home/pkgeval/.julia/packages/JLD/uVJmd/src/JLD.jl:4
ERROR: LoadError: Failed to precompile JLD [4138dd39-2aa7-5051-a626-17a0bb65d9c8] to /home/pkgeval/.julia/compiled/v1.4/JLD/l8ijy_Z5LlN.ji.
Stacktrace:
 [1] error(::String) at ./error.jl:33
 [2] compilecache(::Base.PkgId, ::String) at ./loading.jl:1272
 [3] _require(::Base.PkgId) at ./loading.jl:1029
 [4] require(::Base.PkgId) at ./loading.jl:927
 [5] require(::Module, ::Symbol) at ./loading.jl:922
 [6] include(::String) at ./client.jl:439
 [7] top-level scope at none:6
in expression starting at /home/pkgeval/.julia/packages/SnoopCompile/2omWY/test/runtests.jl:6
ERROR: Package SnoopCompile errored during testing
Stacktrace:
 [1] pkgerror(::String, ::Vararg{String,N} where N) at /buildworker/worker/package_linux64/build/usr/share/julia/stdlib/v1.4/Pkg/src/Types.jl:53
 [2] test(::Pkg.Types.Context, ::Array{Pkg.Types.PackageSpec,1}; coverage::Bool, julia_args::Cmd, test_args::Cmd, test_fn::Nothing) at /buildworker/worker/package_linux64/build/usr/share/julia/stdlib/v1.4/Pkg/src/Operations.jl:1503
 [3] test(::Pkg.Types.Context, ::Array{Pkg.Types.PackageSpec,1}; coverage::Bool, test_fn::Nothing, julia_args::Cmd, test_args::Cmd, kwargs::Base.Iterators.Pairs{Union{},Union{},Tuple{},NamedTuple{(),Tuple{}}}) at /buildworker/worker/package_linux64/build/usr/share/julia/stdlib/v1.4/Pkg/src/API.jl:316
 [4] test(::Pkg.Types.Context, ::Array{Pkg.Types.PackageSpec,1}) at /buildworker/worker/package_linux64/build/usr/share/julia/stdlib/v1.4/Pkg/src/API.jl:303
 [5] #test#68 at /buildworker/worker/package_linux64/build/usr/share/julia/stdlib/v1.4/Pkg/src/API.jl:297 [inlined]
 [6] test at /buildworker/worker/package_linux64/build/usr/share/julia/stdlib/v1.4/Pkg/src/API.jl:297 [inlined]
 [7] #test#67 at /buildworker/worker/package_linux64/build/usr/share/julia/stdlib/v1.4/Pkg/src/API.jl:296 [inlined]
 [8] test at /buildworker/worker/package_linux64/build/usr/share/julia/stdlib/v1.4/Pkg/src/API.jl:296 [inlined]
 [9] test(::String; kwargs::Base.Iterators.Pairs{Union{},Union{},Tuple{},NamedTuple{(),Tuple{}}}) at /buildworker/worker/package_linux64/build/usr/share/julia/stdlib/v1.4/Pkg/src/API.jl:295
 [10] test(::String) at /buildworker/worker/package_linux64/build/usr/share/julia/stdlib/v1.4/Pkg/src/API.jl:295
 [11] top-level scope at none:16
