Julia Version 1.4.0
Commit b8e9a9ecc6 (2020-03-21 16:36 UTC)
Platform Info:
  OS: Linux (x86_64-pc-linux-gnu)
  CPU: AMD Ryzen Threadripper 2990WX 32-Core Processor
  WORD_SIZE: 64
  LIBM: libopenlibm
  LLVM: libLLVM-8.0.1 (ORCJIT, znver1)
Environment:
  JULIA_DEPOT_PATH = ::/usr/local/share/julia
  JULIA_NUM_THREADS = 2

  Resolving package versions...
    Cloning [aa65fe97-06da-5843-b5b1-d5d13cad87d2] SnoopCompile from https://github.com/timholy/SnoopCompile.jl.git
[?25l    Fetching: [>                                        ]  0.0 %[2K[?25h  Installed SnoopCompile ─────── v1.2.3
    Cloning [bac558e1-5e72-5ebc-8fee-abe8a469f55d] OrderedCollections from https://github.com/JuliaCollections/OrderedCollections.jl.git
[?25l    Fetching: [>                                        ]  0.0 %[2K[?25h  Installed OrderedCollections ─ v1.1.0
   Updating `~/.julia/environments/v1.4/Project.toml`
  [aa65fe97] + SnoopCompile v1.2.3
   Updating `~/.julia/environments/v1.4/Manifest.toml`
  [bac558e1] + OrderedCollections v1.1.0
  [aa65fe97] + SnoopCompile v1.2.3
  [2a0f44e3] + Base64 
  [ade2ca70] + Dates 
  [8ba89e20] + Distributed 
  [b77e0a4c] + InteractiveUtils 
  [76f85450] + LibGit2 
  [8f399da3] + Libdl 
  [56ddb016] + Logging 
  [d6f4376e] + Markdown 
  [44cfe95a] + Pkg 
  [de0858da] + Printf 
  [3fa0cd96] + REPL 
  [9a3f8284] + Random 
  [ea8e919c] + SHA 
  [9e88b42a] + Serialization 
  [6462fe0b] + Sockets 
  [8dfed614] + Test 
  [cf7118a7] + UUIDs 
  [4ec0a83e] + Unicode 
    Testing SnoopCompile
[?25l    Fetching: [>                                        ]  0.0 %[2K[?25h[?25l    Fetching: [>                                        ]  0.0 %[2K[?25h[?25l    Fetching: [>                                        ]  0.0 %[2K[?25h[?25l    Fetching: [>                                        ]  0.0 %[2K[?25h[?25l    Fetching: [>                                        ]  0.0 %[2K[?25h[?25l    Fetching: [>                                        ]  0.0 %[2K[?25h[?25l    Fetching: [>                                        ]  0.0 %[2K[?25h[?25l    Fetching: [>                                        ]  0.0 %[2K[?25h[?25l    Fetching: [>                                        ]  0.0 %[2K[?25h[?25l    Fetching: [>                                        ]  0.0 %[2K[?25h[?25l    Fetching: [>                                        ]  0.0 %[2K[?25hStatus `/tmp/jl_bAore2/Manifest.toml`
  [9e28174c] BinDeps v1.0.0
  [b99e7846] BinaryProvider v0.5.8
  [0a1fb500] BlockDiagonals v0.1.6
  [a74b3585] Blosc v0.6.0
  [631607c0] CMake v1.2.0
  [d5fb7624] CMakeWrapper v0.2.3
  [3da002f7] ColorTypes v0.10.0
  [34da2185] Compat v2.2.0
  [5789e2e9] FileIO v1.2.4
  [1a297f60] FillArrays v0.8.5
  [53c48c17] FixedPointNumbers v0.8.0
  [f67ccb44] HDF5 v0.12.5
  [4138dd39] JLD v0.9.2
  [1b4a561d] LegacyStrings v0.4.1
  [05b439c0] MatLang v0.1.1
  [bac558e1] OrderedCollections v1.1.0
  [d96e819e] Parameters v0.12.0
  [ae029012] Requires v1.0.1
  [aa65fe97] SnoopCompile v1.2.3
  [30578b45] URIParser v0.4.0
  [2a0f44e3] Base64 
  [ade2ca70] Dates 
  [8bb1440f] DelimitedFiles 
  [8ba89e20] Distributed 
  [b77e0a4c] InteractiveUtils 
  [76f85450] LibGit2 
  [8f399da3] Libdl 
  [37e2e46d] LinearAlgebra 
  [56ddb016] Logging 
  [d6f4376e] Markdown 
  [a63ad114] Mmap 
  [44cfe95a] Pkg 
  [de0858da] Printf 
  [3fa0cd96] REPL 
  [9a3f8284] Random 
  [ea8e919c] SHA 
  [9e88b42a] Serialization 
  [1a1011a3] SharedArrays 
  [6462fe0b] Sockets 
  [2f01184e] SparseArrays 
  [10745b16] Statistics 
  [8dfed614] Test 
  [cf7118a7] UUIDs 
  [4ec0a83e] Unicode 
Test Summary: | Pass  Total
topmodule     |    7      7
Test Summary:       | Pass  Total
lookup bodyfunction |    4      4
Test Summary: | Pass  Total
snoopi        |   25     25
Test Summary:   | Pass  Total
Lots of methods |   20     20
Test Summary: | Pass  Total
Reachable     |    4      4
Test Summary: | Pass  Total
@snoopi docs  |    1      1
Test Summary:    | Pass  Total
Duplicates (#70) |    1      1
Launching new julia process to run commands...
done.
Launching new julia process to run commands...
done.
Test Summary: | Pass  Total
timesum       |    1      1
Launching new julia process to run commands...
Skipping Base.active_repl
Skipping Base.active_repl_backend
Test Summary: | Pass  Broken  Total
conversions   | 1249      11   1260
Test Summary: | Pass  Broken  Total
operations    |  969       2    971
Test Summary: | Pass  Total
show          |   45     45
┌ Warning: one(Gray{Float32}) will soon switch to returning 1; you might need to switch to `oneunit`
│   caller = top-level scope at traits.jl:672
└ @ Core ~/.julia/packages/ColorTypes/iYeBD/test/traits.jl:672
Test Summary: | Pass  Broken  Total
traits        |  630       3    633
Test Summary: | Pass  Broken  Total
types         | 1974      30   2004
Test Summary: | Pass  Total
misc.         |    3      3
Test Summary: | Pass  Total
type-centric  |  814    814
done.
Test Summary: | Pass  Total
ColorTypes    |    8      8
Test Summary: | Pass  Total
bot           |    4      4
    Testing SnoopCompile tests passed 
