Julia Version 1.3.1
Commit 2d5741174c (2019-12-30 21:36 UTC)
Platform Info:
  OS: Linux (x86_64-pc-linux-gnu)
  CPU: AMD Ryzen Threadripper 2990WX 32-Core Processor
  WORD_SIZE: 64
  LIBM: libopenlibm
  LLVM: libLLVM-6.0.1 (ORCJIT, znver1)
Environment:
  JULIA_DEPOT_PATH = ::/usr/local/share/julia
  JULIA_NUM_THREADS = 2

 Resolving package versions...
 Installed NaNMath ────────────────────── v0.3.3
 Installed VertexSafeGraphs ───────────── v0.1.1
 Installed DiffResults ────────────────── v1.0.2
 Installed ArrayInterface ─────────────── v2.5.1
 Installed SparseDiffTools ────────────── v1.4.0
 Installed DiffRules ──────────────────── v1.0.1
 Installed MacroTools ─────────────────── v0.5.4
 Installed LightGraphs ────────────────── v1.3.1
 Installed FiniteDiff ─────────────────── v2.2.1
 Installed SpecialFunctions ───────────── v0.10.0
 Installed CompilerSupportLibraries_jll ─ v0.2.0+1
 Installed Requires ───────────────────── v1.0.1
 Installed SimpleTraits ───────────────── v0.9.1
 Installed StaticArrays ───────────────── v0.12.1
 Installed ArnoldiMethod ──────────────── v0.0.4
 Installed DataStructures ─────────────── v0.17.10
 Installed Adapt ──────────────────────── v1.0.1
 Installed Inflate ────────────────────── v0.1.1
 Installed OpenSpecFun_jll ────────────── v0.5.3+3
 Installed Compat ─────────────────────── v3.8.0
 Installed ForwardDiff ────────────────── v0.10.9
 Installed OrderedCollections ─────────── v1.1.0
 Installed CommonSubexpressions ───────── v0.2.0
  Updating `~/.julia/environments/v1.3/Project.toml`
  [47a9eef4] + SparseDiffTools v1.4.0
  Updating `~/.julia/environments/v1.3/Manifest.toml`
  [79e6a3ab] + Adapt v1.0.1
  [ec485272] + ArnoldiMethod v0.0.4
  [4fba245c] + ArrayInterface v2.5.1
  [bbf7d656] + CommonSubexpressions v0.2.0
  [34da2185] + Compat v3.8.0
  [e66e0078] + CompilerSupportLibraries_jll v0.2.0+1
  [864edb3b] + DataStructures v0.17.10
  [163ba53b] + DiffResults v1.0.2
  [b552c78f] + DiffRules v1.0.1
  [6a86dc24] + FiniteDiff v2.2.1
  [f6369f11] + ForwardDiff v0.10.9
  [d25df0c9] + Inflate v0.1.1
  [093fc24a] + LightGraphs v1.3.1
  [1914dd2f] + MacroTools v0.5.4
  [77ba4419] + NaNMath v0.3.3
  [efe28fd5] + OpenSpecFun_jll v0.5.3+3
  [bac558e1] + OrderedCollections v1.1.0
  [ae029012] + Requires v1.0.1
  [699a6c99] + SimpleTraits v0.9.1
  [47a9eef4] + SparseDiffTools v1.4.0
  [276daf66] + SpecialFunctions v0.10.0
  [90137ffa] + StaticArrays v0.12.1
  [19fa3120] + VertexSafeGraphs v0.1.1
  [2a0f44e3] + Base64 
  [ade2ca70] + Dates 
  [8bb1440f] + DelimitedFiles 
  [8ba89e20] + Distributed 
  [b77e0a4c] + InteractiveUtils 
  [76f85450] + LibGit2 
  [8f399da3] + Libdl 
  [37e2e46d] + LinearAlgebra 
  [56ddb016] + Logging 
  [d6f4376e] + Markdown 
  [a63ad114] + Mmap 
  [44cfe95a] + Pkg 
  [de0858da] + Printf 
  [3fa0cd96] + REPL 
  [9a3f8284] + Random 
  [ea8e919c] + SHA 
  [9e88b42a] + Serialization 
  [1a1011a3] + SharedArrays 
  [6462fe0b] + Sockets 
  [2f01184e] + SparseArrays 
  [10745b16] + Statistics 
  [8dfed614] + Test 
  [cf7118a7] + UUIDs 
  [4ec0a83e] + Unicode 
   Testing SparseDiffTools
 Resolving package versions...
 Installed SafeTestsets ───────── v0.0.1
 Installed IntelOpenMP_jll ────── v2018.0.3+0
 Installed SparsityDetection ──── v0.1.1
 Installed BlockBandedMatrices ── v0.7.1
 Installed BlockArrays ────────── v0.11.1
 Installed BandedMatrices ─────── v0.14.3
 Installed Zygote ─────────────── v0.4.10
 Installed IterativeSolvers ───── v0.8.2
 Installed FillArrays ─────────── v0.8.5
 Installed MatrixFactorizations ─ v0.2.1
 Installed NNlib ──────────────── v0.6.6
 Installed FFTW ───────────────── v1.2.0
 Installed RecipesBase ────────── v0.6.0
 Installed ZygoteRules ────────── v0.2.0
 Installed AbstractFFTs ───────── v0.5.0
 Installed Reexport ───────────── v0.2.0
 Installed ArrayLayouts ───────── v0.1.5
 Installed IRTools ────────────── v0.3.1
 Installed MKL_jll ────────────── v2019.0.117+2
 Installed BinaryProvider ─────── v0.5.8
 Installed FFTW_jll ───────────── v3.3.9+4
 Installed Cassette ───────────── v0.3.1
  Building NNlib → `~/.julia/packages/NNlib/FAI3o/deps/build.log`
  Building FFTW ─→ `~/.julia/packages/FFTW/qqcBj/deps/build.log`
    Status `/tmp/jl_83qgfP/Manifest.toml`
  [621f4979] AbstractFFTs v0.5.0
  [79e6a3ab] Adapt v1.0.1
  [ec485272] ArnoldiMethod v0.0.4
  [4fba245c] ArrayInterface v2.5.1
  [4c555306] ArrayLayouts v0.1.5
  [aae01518] BandedMatrices v0.14.3
  [b99e7846] BinaryProvider v0.5.8
  [8e7c35d0] BlockArrays v0.11.1
  [ffab5731] BlockBandedMatrices v0.7.1
  [7057c7e9] Cassette v0.3.1
  [bbf7d656] CommonSubexpressions v0.2.0
  [34da2185] Compat v3.8.0
  [e66e0078] CompilerSupportLibraries_jll v0.2.0+1
  [864edb3b] DataStructures v0.17.10
  [163ba53b] DiffResults v1.0.2
  [b552c78f] DiffRules v1.0.1
  [7a1cc6ca] FFTW v1.2.0
  [f5851436] FFTW_jll v3.3.9+4
  [1a297f60] FillArrays v0.8.5
  [6a86dc24] FiniteDiff v2.2.1
  [f6369f11] ForwardDiff v0.10.9
  [7869d1d1] IRTools v0.3.1
  [d25df0c9] Inflate v0.1.1
  [1d5cc7b8] IntelOpenMP_jll v2018.0.3+0
  [42fd0dbc] IterativeSolvers v0.8.2
  [093fc24a] LightGraphs v1.3.1
  [856f044c] MKL_jll v2019.0.117+2
  [1914dd2f] MacroTools v0.5.4
  [a3b82374] MatrixFactorizations v0.2.1
  [872c559c] NNlib v0.6.6
  [77ba4419] NaNMath v0.3.3
  [efe28fd5] OpenSpecFun_jll v0.5.3+3
  [bac558e1] OrderedCollections v1.1.0
  [3cdcf5f2] RecipesBase v0.6.0
  [189a3867] Reexport v0.2.0
  [ae029012] Requires v1.0.1
  [1bc83da4] SafeTestsets v0.0.1
  [699a6c99] SimpleTraits v0.9.1
  [47a9eef4] SparseDiffTools v1.4.0
  [684fba80] SparsityDetection v0.1.1
  [276daf66] SpecialFunctions v0.10.0
  [90137ffa] StaticArrays v0.12.1
  [19fa3120] VertexSafeGraphs v0.1.1
  [e88e6eb3] Zygote v0.4.10
  [700de1a5] ZygoteRules v0.2.0
  [2a0f44e3] Base64  [`@stdlib/Base64`]
  [ade2ca70] Dates  [`@stdlib/Dates`]
  [8bb1440f] DelimitedFiles  [`@stdlib/DelimitedFiles`]
  [8ba89e20] Distributed  [`@stdlib/Distributed`]
  [b77e0a4c] InteractiveUtils  [`@stdlib/InteractiveUtils`]
  [76f85450] LibGit2  [`@stdlib/LibGit2`]
  [8f399da3] Libdl  [`@stdlib/Libdl`]
  [37e2e46d] LinearAlgebra  [`@stdlib/LinearAlgebra`]
  [56ddb016] Logging  [`@stdlib/Logging`]
  [d6f4376e] Markdown  [`@stdlib/Markdown`]
  [a63ad114] Mmap  [`@stdlib/Mmap`]
  [44cfe95a] Pkg  [`@stdlib/Pkg`]
  [de0858da] Printf  [`@stdlib/Printf`]
  [3fa0cd96] REPL  [`@stdlib/REPL`]
  [9a3f8284] Random  [`@stdlib/Random`]
  [ea8e919c] SHA  [`@stdlib/SHA`]
  [9e88b42a] Serialization  [`@stdlib/Serialization`]
  [1a1011a3] SharedArrays  [`@stdlib/SharedArrays`]
  [6462fe0b] Sockets  [`@stdlib/Sockets`]
  [2f01184e] SparseArrays  [`@stdlib/SparseArrays`]
  [10745b16] Statistics  [`@stdlib/Statistics`]
  [8dfed614] Test  [`@stdlib/Test`]
  [cf7118a7] UUIDs  [`@stdlib/UUIDs`]
  [4ec0a83e] Unicode  [`@stdlib/Unicode`]
Test Summary:                  | Pass  Total
Exact coloring via contraction |   20     20
 88.548976 seconds (9.59 M allocations: 501.306 MiB, 0.48% gc time)
Test Summary:              | Pass  Total
Greedy distance-1 coloring |   20     20
  0.484319 seconds (628.95 k allocations: 33.512 MiB, 3.15% gc time)
Test Summary:        | Pass  Total
Greedy star coloring |  816    816
  1.339209 seconds (1.12 M allocations: 56.412 MiB, 1.55% gc time)
Test Summary:    |    Pass    Total
Acyclic coloring | 2872590  2872590
 24.262555 seconds (105.89 M allocations: 6.011 GiB, 12.23% gc time)
Test Summary:              |  Pass  Total
Matrix to graph conversion | 79483  79483
  2.685333 seconds (4.16 M allocations: 455.876 MiB, 4.66% gc time)
[ Info: ended definitions
[ Info: second passed
[ Info: third passed
[ Info: 4th passed
[ Info: which (::SparseDiffTools.var"#kw##forwarddiff_color_jacobian")(::Any, ::typeof(SparseDiffTools.forwarddiff_color_jacobian), f, x::AbstractArray{#s20,N} where N where #s20<:Number) in SparseDiffTools
[ Info: 5
Test Summary:            | Pass  Total
AD using colorvec vector |   43     43
995.031580 seconds (2.18 G allocations: 90.978 GiB, 2.28% gc time)
Explored path: SparsityDetection.Path(Bool[], 1)
Test Summary:    | Pass  Total
Integration test |    7      7
 16.844511 seconds (23.52 M allocations: 1.194 GiB, 1.97% gc time)
Test Summary:    | Pass  Total
Special matrices |   87     87
  4.669386 seconds (7.59 M allocations: 375.555 MiB, 2.03% gc time)
Test Summary:         | Pass  Total
Jac Vecs and Hes Vecs |   51     51
 79.551435 seconds (57.11 M allocations: 2.806 GiB, 0.88% gc time)
   Testing SparseDiffTools tests passed 
