Julia Version 1.4.0
Commit b8e9a9ecc6 (2020-03-21 16:36 UTC)
Platform Info:
  OS: Linux (x86_64-pc-linux-gnu)
  CPU: AMD Ryzen Threadripper 2990WX 32-Core Processor
  WORD_SIZE: 64
  LIBM: libopenlibm
  LLVM: libLLVM-8.0.1 (ORCJIT, znver1)
Environment:
  JULIA_DEPOT_PATH = ::/usr/local/share/julia
  JULIA_NUM_THREADS = 2

  Resolving package versions...
  Installed LearnBase ────────── v0.2.2
  Installed SparseRegression ─── v0.2.0
  Installed OrderedCollections ─ v1.1.0
  Installed LossFunctions ────── v0.5.1
    Cloning [9a962f9c-6df0-11e9-0e5d-c546b8b5ee8a] DataAPI from https://github.com/JuliaData/DataAPI.jl.git
[?25l    Fetching: [>                                        ]  0.0 %[2K[?25h  Installed DataAPI ──────────── v1.1.0
    Cloning [4e8a8231-0ba9-591b-8620-81c6740d7791] LearningStrategies from https://github.com/JuliaML/LearningStrategies.jl.git
[?25l    Fetching: [>                                        ]  0.0 %[2K[?25h  Installed LearningStrategies ─ v0.4.0
    Cloning [e1d29d7a-bbdc-5cf2-9ac0-f12de2c33e28] Missings from https://github.com/JuliaData/Missings.jl.git
[?25l    Fetching: [>                                        ]  0.0 %[2K[?25h  Installed Missings ─────────── v0.4.3
    Cloning [3cdcf5f2-1ef4-517c-9805-6587b60abb01] RecipesBase from https://github.com/JuliaPlots/RecipesBase.jl.git
[?25l    Fetching: [>                                        ]  0.0 %[2K[?25h  Installed RecipesBase ──────── v0.8.0
    Cloning [a2af1166-a08f-5f64-846c-94a0d3cef48c] SortingAlgorithms from https://github.com/JuliaCollections/SortingAlgorithms.jl.git
[?25l    Fetching: [>                                        ]  0.0 %[2K[?25h  Installed SortingAlgorithms ── v0.3.1
    Cloning [189a3867-3050-52da-a836-e630ba90ab69] Reexport from https://github.com/simonster/Reexport.jl.git
[?25l    Fetching: [>                                        ]  0.0 %[2K[?25h  Installed Reexport ─────────── v0.2.0
    Cloning [864edb3b-99cc-5e75-8d2d-829cb0a9cfe8] DataStructures from https://github.com/JuliaCollections/DataStructures.jl.git
[?25l    Fetching: [>                                        ]  0.0 %[2K[?25h  Installed DataStructures ───── v0.17.10
    Cloning [06bb1623-fdd5-5ca2-a01c-88eae3ea319e] PenaltyFunctions from https://github.com/JuliaML/PenaltyFunctions.jl.git
[?25l    Fetching: [>                                        ]  0.0 %[2K[?25h  Installed PenaltyFunctions ─── v0.1.2
    Cloning [2913bbd2-ae8a-5f71-8c99-4fb6c76f3a91] StatsBase from https://github.com/JuliaStats/StatsBase.jl.git
[?25l    Fetching: [>                                        ]  0.0 %[2K[?25h  Installed StatsBase ────────── v0.32.2
    Cloning [7522ee7d-7047-56d0-94d9-4bc626e7058d] SweepOperator from https://github.com/joshday/SweepOperator.jl.git
[?25l    Fetching: [>                                        ]  0.0 %[2K[?25h  Installed SweepOperator ────── v0.3.0
   Updating `~/.julia/environments/v1.4/Project.toml`
  [ca6142a6] + SparseRegression v0.2.0
   Updating `~/.julia/environments/v1.4/Manifest.toml`
  [9a962f9c] + DataAPI v1.1.0
  [864edb3b] + DataStructures v0.17.10
  [7f8f8fb0] + LearnBase v0.2.2
  [4e8a8231] + LearningStrategies v0.4.0
  [30fc2ffe] + LossFunctions v0.5.1
  [e1d29d7a] + Missings v0.4.3
  [bac558e1] + OrderedCollections v1.1.0
  [06bb1623] + PenaltyFunctions v0.1.2
  [3cdcf5f2] + RecipesBase v0.8.0
  [189a3867] + Reexport v0.2.0
  [a2af1166] + SortingAlgorithms v0.3.1
  [ca6142a6] + SparseRegression v0.2.0
  [2913bbd2] + StatsBase v0.32.2
  [7522ee7d] + SweepOperator v0.3.0
  [2a0f44e3] + Base64 
  [ade2ca70] + Dates 
  [8ba89e20] + Distributed 
  [b77e0a4c] + InteractiveUtils 
  [76f85450] + LibGit2 
  [8f399da3] + Libdl 
  [37e2e46d] + LinearAlgebra 
  [56ddb016] + Logging 
  [d6f4376e] + Markdown 
  [44cfe95a] + Pkg 
  [de0858da] + Printf 
  [3fa0cd96] + REPL 
  [9a3f8284] + Random 
  [ea8e919c] + SHA 
  [9e88b42a] + Serialization 
  [6462fe0b] + Sockets 
  [2f01184e] + SparseArrays 
  [10745b16] + Statistics 
  [8dfed614] + Test 
  [cf7118a7] + UUIDs 
  [4ec0a83e] + Unicode 
    Testing SparseRegression
Status `/tmp/jl_udGfe8/Manifest.toml`
  [9a962f9c] DataAPI v1.1.0
  [864edb3b] DataStructures v0.17.10
  [7f8f8fb0] LearnBase v0.2.2
  [4e8a8231] LearningStrategies v0.4.0
  [30fc2ffe] LossFunctions v0.5.1
  [e1d29d7a] Missings v0.4.3
  [bac558e1] OrderedCollections v1.1.0
  [06bb1623] PenaltyFunctions v0.1.2
  [3cdcf5f2] RecipesBase v0.8.0
  [189a3867] Reexport v0.2.0
  [a2af1166] SortingAlgorithms v0.3.1
  [ca6142a6] SparseRegression v0.2.0
  [2913bbd2] StatsBase v0.32.2
  [7522ee7d] SweepOperator v0.3.0
  [2a0f44e3] Base64 
  [ade2ca70] Dates 
  [8ba89e20] Distributed 
  [b77e0a4c] InteractiveUtils 
  [76f85450] LibGit2 
  [8f399da3] Libdl 
  [37e2e46d] LinearAlgebra 
  [56ddb016] Logging 
  [d6f4376e] Markdown 
  [44cfe95a] Pkg 
  [de0858da] Printf 
  [3fa0cd96] REPL 
  [9a3f8284] Random 
  [ea8e919c] SHA 
  [9e88b42a] Serialization 
  [6462fe0b] Sockets 
  [2f01184e] SparseArrays 
  [10745b16] Statistics 
  [8dfed614] Test 
  [cf7118a7] UUIDs 
  [4ec0a83e] Unicode 
SModel
  > abs.(β)  :      
  > λ factor : [0.1 0.1 0.1 0.1 0.1]
  > Loss     : 0.5 * (L2DistLoss)
  > Penalty  : L2Penalty
  > Data
    - x : 1000×5 Array{Float64,2}
    - y : 1000-element Array{Float64,1}
    - w : Nothing

Test Summary: |
Sanity Check  | No tests
[ Info: SparseRegression.ProxGrad
  > L2DistLoss
  > 0.5 * (L2DistLoss)
  > HuberLoss with $\alpha$ = 2.0
  > QuantileLoss with $\tau$ = 0.7
  > LogitMarginLoss
  > DWDMarginLoss with q = 2.0
  > L2HingeLoss
  > ExpLoss

[ Info: SparseRegression.Fista
  > L2DistLoss
  > 0.5 * (L2DistLoss)
  > HuberLoss with $\alpha$ = 2.0
  > QuantileLoss with $\tau$ = 0.7
  > LogitMarginLoss
  > DWDMarginLoss with q = 2.0
  > L2HingeLoss
  > ExpLoss

[ Info: SparseRegression.AdaptiveProxGrad
  > L2DistLoss
  > 0.5 * (L2DistLoss)
  > HuberLoss with $\alpha$ = 2.0
  > QuantileLoss with $\tau$ = 0.7
  > LogitMarginLoss
  > DWDMarginLoss with q = 2.0
  > L2HingeLoss
  > ExpLoss

[ Info: SparseRegression.GradientDescent
  > L2DistLoss
  > 0.5 * (L2DistLoss)
  > HuberLoss with $\alpha$ = 2.0
  > QuantileLoss with $\tau$ = 0.7
  > LogitMarginLoss
  > DWDMarginLoss with q = 2.0
  > L2HingeLoss
  > ExpLoss

Test Summary: | Pass  Total
Sanity Check  |  272    272
Test Summary:     | Pass  Total
Linear Regression |    5      5
LineSearch: Test Failed at /home/pkgeval/.julia/packages/SparseRegression/MRclj/test/runtests.jl:72
  Expression: issorted(coef(s))
Stacktrace:
 [1] top-level scope at /home/pkgeval/.julia/packages/SparseRegression/MRclj/test/runtests.jl:72
 [2] top-level scope at /buildworker/worker/package_linux64/build/usr/share/julia/stdlib/v1.4/Test/src/Test.jl:1113
 [3] top-level scope at /home/pkgeval/.julia/packages/SparseRegression/MRclj/test/runtests.jl:67
Test Summary: | Pass  Fail  Total
LineSearch    |    2     1      3
ERROR: LoadError: Some tests did not pass: 2 passed, 1 failed, 0 errored, 0 broken.
in expression starting at /home/pkgeval/.julia/packages/SparseRegression/MRclj/test/runtests.jl:66
ERROR: Package SparseRegression errored during testing
Stacktrace:
 [1] pkgerror(::String, ::Vararg{String,N} where N) at /buildworker/worker/package_linux64/build/usr/share/julia/stdlib/v1.4/Pkg/src/Types.jl:53
 [2] test(::Pkg.Types.Context, ::Array{Pkg.Types.PackageSpec,1}; coverage::Bool, julia_args::Cmd, test_args::Cmd, test_fn::Nothing) at /buildworker/worker/package_linux64/build/usr/share/julia/stdlib/v1.4/Pkg/src/Operations.jl:1503
 [3] test(::Pkg.Types.Context, ::Array{Pkg.Types.PackageSpec,1}; coverage::Bool, test_fn::Nothing, julia_args::Cmd, test_args::Cmd, kwargs::Base.Iterators.Pairs{Union{},Union{},Tuple{},NamedTuple{(),Tuple{}}}) at /buildworker/worker/package_linux64/build/usr/share/julia/stdlib/v1.4/Pkg/src/API.jl:316
 [4] test(::Pkg.Types.Context, ::Array{Pkg.Types.PackageSpec,1}) at /buildworker/worker/package_linux64/build/usr/share/julia/stdlib/v1.4/Pkg/src/API.jl:303
 [5] #test#68 at /buildworker/worker/package_linux64/build/usr/share/julia/stdlib/v1.4/Pkg/src/API.jl:297 [inlined]
 [6] test at /buildworker/worker/package_linux64/build/usr/share/julia/stdlib/v1.4/Pkg/src/API.jl:297 [inlined]
 [7] #test#67 at /buildworker/worker/package_linux64/build/usr/share/julia/stdlib/v1.4/Pkg/src/API.jl:296 [inlined]
 [8] test at /buildworker/worker/package_linux64/build/usr/share/julia/stdlib/v1.4/Pkg/src/API.jl:296 [inlined]
 [9] test(::String; kwargs::Base.Iterators.Pairs{Union{},Union{},Tuple{},NamedTuple{(),Tuple{}}}) at /buildworker/worker/package_linux64/build/usr/share/julia/stdlib/v1.4/Pkg/src/API.jl:295
 [10] test(::String) at /buildworker/worker/package_linux64/build/usr/share/julia/stdlib/v1.4/Pkg/src/API.jl:295
 [11] top-level scope at none:16
