Julia Version 1.4.0
Commit b8e9a9ecc6 (2020-03-21 16:36 UTC)
Platform Info:
  OS: Linux (x86_64-pc-linux-gnu)
  CPU: AMD Ryzen Threadripper 2990WX 32-Core Processor
  WORD_SIZE: 64
  LIBM: libopenlibm
  LLVM: libLLVM-8.0.1 (ORCJIT, znver1)
Environment:
  JULIA_DEPOT_PATH = ::/usr/local/share/julia
  JULIA_NUM_THREADS = 2

  Resolving package versions...
  Installed SpatialJackknife ─ v1.0.1
   Updating `~/.julia/environments/v1.4/Project.toml`
  [e2fa44a5] + SpatialJackknife v1.0.1
   Updating `~/.julia/environments/v1.4/Manifest.toml`
  [e2fa44a5] + SpatialJackknife v1.0.1
  [2a0f44e3] + Base64 
  [8ba89e20] + Distributed 
  [b77e0a4c] + InteractiveUtils 
  [8f399da3] + Libdl 
  [37e2e46d] + LinearAlgebra 
  [56ddb016] + Logging 
  [d6f4376e] + Markdown 
  [9a3f8284] + Random 
  [9e88b42a] + Serialization 
  [6462fe0b] + Sockets 
  [2f01184e] + SparseArrays 
  [10745b16] + Statistics 
  [8dfed614] + Test 
    Testing SpatialJackknife
[?25l    Fetching: [>                                        ]  0.0 %[2K[?25h[?25l    Fetching: [>                                        ]  0.0 %[2K[?25h[?25l    Fetching: [>                                        ]  0.0 %[2K[?25hStatus `/tmp/jl_veQrpO/Manifest.toml`
  [b4f34e82] Distances v0.8.2
  [b8a86587] NearestNeighbors v0.4.4
  [e2fa44a5] SpatialJackknife v1.0.1
  [90137ffa] StaticArrays v0.12.1
  [2a0f44e3] Base64 
  [8ba89e20] Distributed 
  [b77e0a4c] InteractiveUtils 
  [8f399da3] Libdl 
  [37e2e46d] LinearAlgebra 
  [56ddb016] Logging 
  [d6f4376e] Markdown 
  [9a3f8284] Random 
  [9e88b42a] Serialization 
  [6462fe0b] Sockets 
  [2f01184e] SparseArrays 
  [10745b16] Statistics 
  [8dfed614] Test 
┌ Warning: Package SpatialJackknife does not have NearestNeighbors in its dependencies:
│ - If you have SpatialJackknife checked out for development and have
│   added NearestNeighbors as a dependency but haven't updated your primary
│   environment's manifest file, try `Pkg.resolve()`.
│ - Otherwise you may need to report an issue with SpatialJackknife
└ Loading NearestNeighbors into SpatialJackknife from project dependency, future warnings for SpatialJackknife are suppressed.
Test Summary: | Pass  Total
Running tests |    4      4
    Testing SpatialJackknife tests passed 
