Julia Version 1.5.1
Commit 697e782ab8 (2020-08-25 20:08 UTC)
Platform Info:
  OS: Linux (x86_64-pc-linux-gnu)
  CPU: Intel(R) Xeon(R) Silver 4114 CPU @ 2.20GHz
  WORD_SIZE: 64
  LIBM: libopenlibm
  LLVM: libLLVM-9.0.1 (ORCJIT, skylake-avx512)
Environment:
  JULIA_DEPOT_PATH = ::/usr/local/share/julia
  JULIA_NUM_THREADS = 2

  Resolving package versions...
  Installed ZygoteRules â”€â”€â”€â”€â”€â”€â”€â”€â”€â”€â”€â”€â”€â”€â”€â”€â”€â”€ v0.2.0
  Installed FastClosures â”€â”€â”€â”€â”€â”€â”€â”€â”€â”€â”€â”€â”€â”€â”€â”€â”€ v0.3.2
  Installed CpuId â”€â”€â”€â”€â”€â”€â”€â”€â”€â”€â”€â”€â”€â”€â”€â”€â”€â”€â”€â”€â”€â”€â”€â”€ v0.2.2
  Installed ArrayInterface â”€â”€â”€â”€â”€â”€â”€â”€â”€â”€â”€â”€â”€â”€â”€ v2.12.0
  Installed UnPack â”€â”€â”€â”€â”€â”€â”€â”€â”€â”€â”€â”€â”€â”€â”€â”€â”€â”€â”€â”€â”€â”€â”€ v1.0.2
  Installed StatsFuns â”€â”€â”€â”€â”€â”€â”€â”€â”€â”€â”€â”€â”€â”€â”€â”€â”€â”€â”€â”€ v0.9.5
  Installed StochasticDiffEq â”€â”€â”€â”€â”€â”€â”€â”€â”€â”€â”€â”€â”€ v6.25.0
  Installed LightGraphs â”€â”€â”€â”€â”€â”€â”€â”€â”€â”€â”€â”€â”€â”€â”€â”€â”€â”€ v1.3.3
  Installed ExponentialUtilities â”€â”€â”€â”€â”€â”€â”€â”€â”€ v1.8.0
  Installed NaNMath â”€â”€â”€â”€â”€â”€â”€â”€â”€â”€â”€â”€â”€â”€â”€â”€â”€â”€â”€â”€â”€â”€ v0.3.4
  Installed LeftChildRightSiblingTrees â”€â”€â”€ v0.1.2
  Installed TreeViews â”€â”€â”€â”€â”€â”€â”€â”€â”€â”€â”€â”€â”€â”€â”€â”€â”€â”€â”€â”€ v0.3.0
  Installed SIMDPirates â”€â”€â”€â”€â”€â”€â”€â”€â”€â”€â”€â”€â”€â”€â”€â”€â”€â”€ v0.8.24
  Installed CompilerSupportLibraries_jll â”€ v0.3.3+0
  Installed SLEEFPirates â”€â”€â”€â”€â”€â”€â”€â”€â”€â”€â”€â”€â”€â”€â”€â”€â”€ v0.5.5
  Installed Distributions â”€â”€â”€â”€â”€â”€â”€â”€â”€â”€â”€â”€â”€â”€â”€â”€ v0.23.8
  Installed AbstractTrees â”€â”€â”€â”€â”€â”€â”€â”€â”€â”€â”€â”€â”€â”€â”€â”€ v0.3.3
  Installed SparseDiffTools â”€â”€â”€â”€â”€â”€â”€â”€â”€â”€â”€â”€â”€â”€ v1.10.0
  Installed DataAPI â”€â”€â”€â”€â”€â”€â”€â”€â”€â”€â”€â”€â”€â”€â”€â”€â”€â”€â”€â”€â”€â”€ v1.3.0
  Installed DiffResults â”€â”€â”€â”€â”€â”€â”€â”€â”€â”€â”€â”€â”€â”€â”€â”€â”€â”€ v1.0.2
  Installed RecursiveFactorization â”€â”€â”€â”€â”€â”€â”€ v0.1.4
  Installed DiffEqBase â”€â”€â”€â”€â”€â”€â”€â”€â”€â”€â”€â”€â”€â”€â”€â”€â”€â”€â”€ v6.44.3
  Installed IteratorInterfaceExtensions â”€â”€ v1.0.0
  Installed Rmath_jll â”€â”€â”€â”€â”€â”€â”€â”€â”€â”€â”€â”€â”€â”€â”€â”€â”€â”€â”€â”€ v0.2.2+1
  Installed CommonSubexpressions â”€â”€â”€â”€â”€â”€â”€â”€â”€ v0.3.0
  Installed PoissonRandom â”€â”€â”€â”€â”€â”€â”€â”€â”€â”€â”€â”€â”€â”€â”€â”€ v0.4.0
  Installed DocStringExtensions â”€â”€â”€â”€â”€â”€â”€â”€â”€â”€ v0.8.3
  Installed ResettableStacks â”€â”€â”€â”€â”€â”€â”€â”€â”€â”€â”€â”€â”€ v1.0.0
  Installed Requires â”€â”€â”€â”€â”€â”€â”€â”€â”€â”€â”€â”€â”€â”€â”€â”€â”€â”€â”€â”€â”€ v1.0.2
  Installed MacroTools â”€â”€â”€â”€â”€â”€â”€â”€â”€â”€â”€â”€â”€â”€â”€â”€â”€â”€â”€ v0.5.5
  Installed TerminalLoggers â”€â”€â”€â”€â”€â”€â”€â”€â”€â”€â”€â”€â”€â”€ v0.1.2
  Installed StaticArrays â”€â”€â”€â”€â”€â”€â”€â”€â”€â”€â”€â”€â”€â”€â”€â”€â”€ v0.12.4
  Installed ForwardDiff â”€â”€â”€â”€â”€â”€â”€â”€â”€â”€â”€â”€â”€â”€â”€â”€â”€â”€ v0.10.12
  Installed FillArrays â”€â”€â”€â”€â”€â”€â”€â”€â”€â”€â”€â”€â”€â”€â”€â”€â”€â”€â”€ v0.8.14
  Installed IterativeSolvers â”€â”€â”€â”€â”€â”€â”€â”€â”€â”€â”€â”€â”€ v0.8.4
  Installed Rmath â”€â”€â”€â”€â”€â”€â”€â”€â”€â”€â”€â”€â”€â”€â”€â”€â”€â”€â”€â”€â”€â”€â”€â”€ v0.6.1
  Installed ProgressLogging â”€â”€â”€â”€â”€â”€â”€â”€â”€â”€â”€â”€â”€â”€ v0.1.3
  Installed PDMats â”€â”€â”€â”€â”€â”€â”€â”€â”€â”€â”€â”€â”€â”€â”€â”€â”€â”€â”€â”€â”€â”€â”€ v0.10.0
  Installed NLsolve â”€â”€â”€â”€â”€â”€â”€â”€â”€â”€â”€â”€â”€â”€â”€â”€â”€â”€â”€â”€â”€â”€ v4.4.1
  Installed ProgressMeter â”€â”€â”€â”€â”€â”€â”€â”€â”€â”€â”€â”€â”€â”€â”€â”€ v1.3.2
  Installed Distances â”€â”€â”€â”€â”€â”€â”€â”€â”€â”€â”€â”€â”€â”€â”€â”€â”€â”€â”€â”€ v0.9.0
  Installed LineSearches â”€â”€â”€â”€â”€â”€â”€â”€â”€â”€â”€â”€â”€â”€â”€â”€â”€ v7.1.0
  Installed SimpleTraits â”€â”€â”€â”€â”€â”€â”€â”€â”€â”€â”€â”€â”€â”€â”€â”€â”€ v0.9.3
  Installed VertexSafeGraphs â”€â”€â”€â”€â”€â”€â”€â”€â”€â”€â”€â”€â”€ v0.1.2
  Installed DataStructures â”€â”€â”€â”€â”€â”€â”€â”€â”€â”€â”€â”€â”€â”€â”€ v0.17.20
  Installed DiffEqNoiseProcess â”€â”€â”€â”€â”€â”€â”€â”€â”€â”€â”€ v5.3.0
  Installed NLSolversBase â”€â”€â”€â”€â”€â”€â”€â”€â”€â”€â”€â”€â”€â”€â”€â”€ v7.7.0
  Installed LabelledArrays â”€â”€â”€â”€â”€â”€â”€â”€â”€â”€â”€â”€â”€â”€â”€ v1.3.0
  Installed VectorizationBase â”€â”€â”€â”€â”€â”€â”€â”€â”€â”€â”€â”€ v0.12.32
  Installed OpenSpecFun_jll â”€â”€â”€â”€â”€â”€â”€â”€â”€â”€â”€â”€â”€â”€ v0.5.3+3
  Installed RecursiveArrayTools â”€â”€â”€â”€â”€â”€â”€â”€â”€â”€ v2.6.0
  Installed Reexport â”€â”€â”€â”€â”€â”€â”€â”€â”€â”€â”€â”€â”€â”€â”€â”€â”€â”€â”€â”€â”€ v0.2.0
  Installed Missings â”€â”€â”€â”€â”€â”€â”€â”€â”€â”€â”€â”€â”€â”€â”€â”€â”€â”€â”€â”€â”€ v0.4.4
  Installed FunctionWrappers â”€â”€â”€â”€â”€â”€â”€â”€â”€â”€â”€â”€â”€ v1.1.1
  Installed GenericSVD â”€â”€â”€â”€â”€â”€â”€â”€â”€â”€â”€â”€â”€â”€â”€â”€â”€â”€â”€ v0.3.0
  Installed RecipesBase â”€â”€â”€â”€â”€â”€â”€â”€â”€â”€â”€â”€â”€â”€â”€â”€â”€â”€ v1.0.2
  Installed StatsBase â”€â”€â”€â”€â”€â”€â”€â”€â”€â”€â”€â”€â”€â”€â”€â”€â”€â”€â”€â”€ v0.33.1
  Installed Parameters â”€â”€â”€â”€â”€â”€â”€â”€â”€â”€â”€â”€â”€â”€â”€â”€â”€â”€â”€ v0.12.1
  Installed Inflate â”€â”€â”€â”€â”€â”€â”€â”€â”€â”€â”€â”€â”€â”€â”€â”€â”€â”€â”€â”€â”€â”€ v0.1.2
  Installed ArnoldiMethod â”€â”€â”€â”€â”€â”€â”€â”€â”€â”€â”€â”€â”€â”€â”€â”€ v0.0.4
  Installed Roots â”€â”€â”€â”€â”€â”€â”€â”€â”€â”€â”€â”€â”€â”€â”€â”€â”€â”€â”€â”€â”€â”€â”€â”€ v1.0.5
  Installed SortingAlgorithms â”€â”€â”€â”€â”€â”€â”€â”€â”€â”€â”€â”€ v0.3.1
  Installed LoggingExtras â”€â”€â”€â”€â”€â”€â”€â”€â”€â”€â”€â”€â”€â”€â”€â”€ v0.4.2
  Installed Compat â”€â”€â”€â”€â”€â”€â”€â”€â”€â”€â”€â”€â”€â”€â”€â”€â”€â”€â”€â”€â”€â”€â”€ v3.15.0
  Installed SpecialFunctions â”€â”€â”€â”€â”€â”€â”€â”€â”€â”€â”€â”€â”€ v0.10.3
  Installed LoopVectorization â”€â”€â”€â”€â”€â”€â”€â”€â”€â”€â”€â”€ v0.8.25
  Installed ChainRulesCore â”€â”€â”€â”€â”€â”€â”€â”€â”€â”€â”€â”€â”€â”€â”€ v0.9.6
  Installed OrdinaryDiffEq â”€â”€â”€â”€â”€â”€â”€â”€â”€â”€â”€â”€â”€â”€â”€ v5.42.3
  Installed TableTraits â”€â”€â”€â”€â”€â”€â”€â”€â”€â”€â”€â”€â”€â”€â”€â”€â”€â”€ v1.0.0
  Installed MuladdMacro â”€â”€â”€â”€â”€â”€â”€â”€â”€â”€â”€â”€â”€â”€â”€â”€â”€â”€ v0.2.2
  Installed DiffRules â”€â”€â”€â”€â”€â”€â”€â”€â”€â”€â”€â”€â”€â”€â”€â”€â”€â”€â”€â”€ v1.0.1
  Installed ConsoleProgressMonitor â”€â”€â”€â”€â”€â”€â”€ v0.1.2
  Installed Adapt â”€â”€â”€â”€â”€â”€â”€â”€â”€â”€â”€â”€â”€â”€â”€â”€â”€â”€â”€â”€â”€â”€â”€â”€ v2.0.2
  Installed FiniteDiff â”€â”€â”€â”€â”€â”€â”€â”€â”€â”€â”€â”€â”€â”€â”€â”€â”€â”€â”€ v2.6.0
  Installed QuadGK â”€â”€â”€â”€â”€â”€â”€â”€â”€â”€â”€â”€â”€â”€â”€â”€â”€â”€â”€â”€â”€â”€â”€ v2.4.1
  Installed OffsetArrays â”€â”€â”€â”€â”€â”€â”€â”€â”€â”€â”€â”€â”€â”€â”€â”€â”€ v1.1.3
  Installed RandomNumbers â”€â”€â”€â”€â”€â”€â”€â”€â”€â”€â”€â”€â”€â”€â”€â”€ v1.4.0
  Installed DiffEqJump â”€â”€â”€â”€â”€â”€â”€â”€â”€â”€â”€â”€â”€â”€â”€â”€â”€â”€â”€ v6.10.0
  Installed OrderedCollections â”€â”€â”€â”€â”€â”€â”€â”€â”€â”€â”€ v1.3.0
Updating `~/.julia/environments/v1.5/Project.toml`
  [789caeaf] + StochasticDiffEq v6.25.0
Updating `~/.julia/environments/v1.5/Manifest.toml`
  [1520ce14] + AbstractTrees v0.3.3
  [79e6a3ab] + Adapt v2.0.2
  [ec485272] + ArnoldiMethod v0.0.4
  [4fba245c] + ArrayInterface v2.12.0
  [d360d2e6] + ChainRulesCore v0.9.6
  [bbf7d656] + CommonSubexpressions v0.3.0
  [34da2185] + Compat v3.15.0
  [e66e0078] + CompilerSupportLibraries_jll v0.3.3+0
  [88cd18e8] + ConsoleProgressMonitor v0.1.2
  [adafc99b] + CpuId v0.2.2
  [9a962f9c] + DataAPI v1.3.0
  [864edb3b] + DataStructures v0.17.20
  [2b5f629d] + DiffEqBase v6.44.3
  [c894b116] + DiffEqJump v6.10.0
  [77a26b50] + DiffEqNoiseProcess v5.3.0
  [163ba53b] + DiffResults v1.0.2
  [b552c78f] + DiffRules v1.0.1
  [b4f34e82] + Distances v0.9.0
  [31c24e10] + Distributions v0.23.8
  [ffbed154] + DocStringExtensions v0.8.3
  [d4d017d3] + ExponentialUtilities v1.8.0
  [9aa1b823] + FastClosures v0.3.2
  [1a297f60] + FillArrays v0.8.14
  [6a86dc24] + FiniteDiff v2.6.0
  [f6369f11] + ForwardDiff v0.10.12
  [069b7b12] + FunctionWrappers v1.1.1
  [01680d73] + GenericSVD v0.3.0
  [d25df0c9] + Inflate v0.1.2
  [42fd0dbc] + IterativeSolvers v0.8.4
  [82899510] + IteratorInterfaceExtensions v1.0.0
  [2ee39098] + LabelledArrays v1.3.0
  [1d6d02ad] + LeftChildRightSiblingTrees v0.1.2
  [093fc24a] + LightGraphs v1.3.3
  [d3d80556] + LineSearches v7.1.0
  [e6f89c97] + LoggingExtras v0.4.2
  [bdcacae8] + LoopVectorization v0.8.25
  [1914dd2f] + MacroTools v0.5.5
  [e1d29d7a] + Missings v0.4.4
  [46d2c3a1] + MuladdMacro v0.2.2
  [d41bc354] + NLSolversBase v7.7.0
  [2774e3e8] + NLsolve v4.4.1
  [77ba4419] + NaNMath v0.3.4
  [6fe1bfb0] + OffsetArrays v1.1.3
  [efe28fd5] + OpenSpecFun_jll v0.5.3+3
  [bac558e1] + OrderedCollections v1.3.0
  [1dea7af3] + OrdinaryDiffEq v5.42.3
  [90014a1f] + PDMats v0.10.0
  [d96e819e] + Parameters v0.12.1
  [e409e4f3] + PoissonRandom v0.4.0
  [33c8b6b6] + ProgressLogging v0.1.3
  [92933f4c] + ProgressMeter v1.3.2
  [1fd47b50] + QuadGK v2.4.1
  [e6cf234a] + RandomNumbers v1.4.0
  [3cdcf5f2] + RecipesBase v1.0.2
  [731186ca] + RecursiveArrayTools v2.6.0
  [f2c3362d] + RecursiveFactorization v0.1.4
  [189a3867] + Reexport v0.2.0
  [ae029012] + Requires v1.0.2
  [ae5879a3] + ResettableStacks v1.0.0
  [79098fc4] + Rmath v0.6.1
  [f50d1b31] + Rmath_jll v0.2.2+1
  [f2b01f46] + Roots v1.0.5
  [21efa798] + SIMDPirates v0.8.24
  [476501e8] + SLEEFPirates v0.5.5
  [699a6c99] + SimpleTraits v0.9.3
  [a2af1166] + SortingAlgorithms v0.3.1
  [47a9eef4] + SparseDiffTools v1.10.0
  [276daf66] + SpecialFunctions v0.10.3
  [90137ffa] + StaticArrays v0.12.4
  [2913bbd2] + StatsBase v0.33.1
  [4c63d2b9] + StatsFuns v0.9.5
  [789caeaf] + StochasticDiffEq v6.25.0
  [3783bdb8] + TableTraits v1.0.0
  [5d786b92] + TerminalLoggers v0.1.2
  [a2a6695c] + TreeViews v0.3.0
  [3a884ed6] + UnPack v1.0.2
  [3d5dd08c] + VectorizationBase v0.12.32
  [19fa3120] + VertexSafeGraphs v0.1.2
  [700de1a5] + ZygoteRules v0.2.0
  [2a0f44e3] + Base64
  [ade2ca70] + Dates
  [8bb1440f] + DelimitedFiles
  [8ba89e20] + Distributed
  [b77e0a4c] + InteractiveUtils
  [76f85450] + LibGit2
  [8f399da3] + Libdl
  [37e2e46d] + LinearAlgebra
  [56ddb016] + Logging
  [d6f4376e] + Markdown
  [a63ad114] + Mmap
  [44cfe95a] + Pkg
  [de0858da] + Printf
  [3fa0cd96] + REPL
  [9a3f8284] + Random
  [ea8e919c] + SHA
  [9e88b42a] + Serialization
  [1a1011a3] + SharedArrays
  [6462fe0b] + Sockets
  [2f01184e] + SparseArrays
  [10745b16] + Statistics
  [4607b0f0] + SuiteSparse
  [8dfed614] + Test
  [cf7118a7] + UUIDs
  [4ec0a83e] + Unicode
   Building SLEEFPirates â†’ `~/.julia/packages/SLEEFPirates/jGsib/deps/build.log`
    Testing StochasticDiffEq
Status `/tmp/jl_9mtOQI/Project.toml`
  [4fba245c] ArrayInterface v2.12.0
  [864edb3b] DataStructures v0.17.20
  [2b5f629d] DiffEqBase v6.44.3
  [459566f4] DiffEqCallbacks v2.13.5
  [f3b72e0c] DiffEqDevTools v2.27.0
  [c894b116] DiffEqJump v6.10.0
  [77a26b50] DiffEqNoiseProcess v5.3.0
  [9fdde737] DiffEqOperators v4.12.0
  [a077e3f3] DiffEqProblemLibrary v4.9.0
  [1a297f60] FillArrays v0.8.14
  [6a86dc24] FiniteDiff v2.6.0
  [f6369f11] ForwardDiff v0.10.12
  [46d2c3a1] MuladdMacro v0.2.2
  [2774e3e8] NLsolve v4.4.1
  [1dea7af3] OrdinaryDiffEq v5.42.3
  [e6cf234a] RandomNumbers v1.4.0
  [731186ca] RecursiveArrayTools v2.6.0
  [189a3867] Reexport v0.2.0
  [1bc83da4] SafeTestsets v0.0.1
  [47a9eef4] SparseDiffTools v1.10.0
  [90137ffa] StaticArrays v0.12.4
  [789caeaf] StochasticDiffEq v6.25.0
  [3a884ed6] UnPack v1.0.2
  [37e2e46d] LinearAlgebra
  [56ddb016] Logging
  [44cfe95a] Pkg
  [9a3f8284] Random
  [2f01184e] SparseArrays
  [10745b16] Statistics
  [8dfed614] Test
Status `/tmp/jl_9mtOQI/Manifest.toml`
  [c3fe647b] AbstractAlgebra v0.10.0
  [1520ce14] AbstractTrees v0.3.3
  [79e6a3ab] Adapt v2.0.2
  [ec485272] ArnoldiMethod v0.0.4
  [4fba245c] ArrayInterface v2.12.0
  [4c555306] ArrayLayouts v0.3.8
  [15f4f7f2] AutoHashEquals v0.2.0
  [aae01518] BandedMatrices v0.15.15
  [8e7c35d0] BlockArrays v0.12.11
  [ffab5731] BlockBandedMatrices v0.8.11
  [a603d957] CanonicalTraits v0.2.2
  [479239e8] Catalyst v5.0.5
  [134e5e36] Catlab v0.7.3
  [d360d2e6] ChainRulesCore v0.9.6
  [944b1d66] CodecZlib v0.7.0
  [3da002f7] ColorTypes v0.10.8
  [5ae59095] Colors v0.12.4
  [861a8166] Combinatorics v1.0.2
  [bbf7d656] CommonSubexpressions v0.3.0
  [34da2185] Compat v3.15.0
  [e66e0078] CompilerSupportLibraries_jll v0.3.3+0
  [a81c6b42] Compose v0.9.0
  [88cd18e8] ConsoleProgressMonitor v0.1.2
  [187b0558] ConstructionBase v1.0.0
  [adafc99b] CpuId v0.2.2
  [9a962f9c] DataAPI v1.3.0
  [864edb3b] DataStructures v0.17.20
  [2b5f629d] DiffEqBase v6.44.3
  [459566f4] DiffEqCallbacks v2.13.5
  [f3b72e0c] DiffEqDevTools v2.27.0
  [c894b116] DiffEqJump v6.10.0
  [77a26b50] DiffEqNoiseProcess v5.3.0
  [9fdde737] DiffEqOperators v4.12.0
  [a077e3f3] DiffEqProblemLibrary v4.9.0
  [163ba53b] DiffResults v1.0.2
  [b552c78f] DiffRules v1.0.1
  [b4f34e82] Distances v0.9.0
  [31c24e10] Distributions v0.23.8
  [ffbed154] DocStringExtensions v0.8.3
  [d4d017d3] ExponentialUtilities v1.8.0
  [9aa1b823] FastClosures v0.3.2
  [5789e2e9] FileIO v1.4.2
  [1a297f60] FillArrays v0.8.14
  [6a86dc24] FiniteDiff v2.6.0
  [53c48c17] FixedPointNumbers v0.8.4
  [59287772] Formatting v0.4.1
  [f6369f11] ForwardDiff v0.10.12
  [069b7b12] FunctionWrappers v1.1.1
  [6b9d7cbe] GeneralizedGenerated v0.2.7
  [01680d73] GenericSVD v0.3.0
  [d25df0c9] Inflate v0.1.2
  [c8e1da08] IterTools v1.3.0
  [42fd0dbc] IterativeSolvers v0.8.4
  [82899510] IteratorInterfaceExtensions v1.0.0
  [033835bb] JLD2 v0.1.14
  [682c06a0] JSON v0.21.0
  [b14d175d] JuliaVariables v0.2.3
  [b964fa9f] LaTeXStrings v1.1.0
  [2ee39098] LabelledArrays v1.3.0
  [23fbe1c1] Latexify v0.13.5
  [5078a376] LazyArrays v0.16.16
  [d7e5e226] LazyBandedMatrices v0.2.12
  [1d6d02ad] LeftChildRightSiblingTrees v0.1.2
  [94ce4f54] Libiconv_jll v1.16.0+6
  [093fc24a] LightGraphs v1.3.3
  [9c8b4983] LightXML v0.9.0
  [d3d80556] LineSearches v7.1.0
  [e6f89c97] LoggingExtras v0.4.2
  [bdcacae8] LoopVectorization v0.8.25
  [d8e11817] MLStyle v0.4.6
  [1914dd2f] MacroTools v0.5.5
  [a3b82374] MatrixFactorizations v0.5.2
  [442fdcdd] Measures v0.3.1
  [626554b9] MetaGraphs v0.6.5
  [e1d29d7a] Missings v0.4.4
  [961ee093] ModelingToolkit v3.18.0
  [46d2c3a1] MuladdMacro v0.2.2
  [d41bc354] NLSolversBase v7.7.0
  [2774e3e8] NLsolve v4.4.1
  [872c559c] NNlib v0.7.4
  [77ba4419] NaNMath v0.3.4
  [71a1bf82] NameResolution v0.1.5
  [6fe1bfb0] OffsetArrays v1.1.3
  [efe28fd5] OpenSpecFun_jll v0.5.3+3
  [bac558e1] OrderedCollections v1.3.0
  [1dea7af3] OrdinaryDiffEq v5.42.3
  [90014a1f] PDMats v0.10.0
  [d96e819e] Parameters v0.12.1
  [69de0a69] Parsers v1.0.10
  [e409e4f3] PoissonRandom v0.4.0
  [8162dcfd] PrettyPrint v0.2.0
  [33c8b6b6] ProgressLogging v0.1.3
  [92933f4c] ProgressMeter v1.3.2
  [1fd47b50] QuadGK v2.4.1
  [e6cf234a] RandomNumbers v1.4.0
  [3cdcf5f2] RecipesBase v1.0.2
  [731186ca] RecursiveArrayTools v2.6.0
  [f2c3362d] RecursiveFactorization v0.1.4
  [189a3867] Reexport v0.2.0
  [ae029012] Requires v1.0.2
  [ae5879a3] ResettableStacks v1.0.0
  [79098fc4] Rmath v0.6.1
  [f50d1b31] Rmath_jll v0.2.2+1
  [47965b36] RootedTrees v1.0.0
  [f2b01f46] Roots v1.0.5
  [21efa798] SIMDPirates v0.8.24
  [476501e8] SLEEFPirates v0.5.5
  [1bc83da4] SafeTestsets v0.0.1
  [699a6c99] SimpleTraits v0.9.3
  [a2af1166] SortingAlgorithms v0.3.1
  [47a9eef4] SparseDiffTools v1.10.0
  [276daf66] SpecialFunctions v0.10.3
  [90137ffa] StaticArrays v0.12.4
  [2913bbd2] StatsBase v0.33.1
  [4c63d2b9] StatsFuns v0.9.5
  [789caeaf] StochasticDiffEq v6.25.0
  [d1185830] SymbolicUtils v0.5.1
  [3783bdb8] TableTraits v1.0.0
  [5d786b92] TerminalLoggers v0.1.2
  [a759f4b9] TimerOutputs v0.5.6
  [3bb67fe8] TranscodingStreams v0.9.5
  [a2a6695c] TreeViews v0.3.0
  [3a884ed6] UnPack v1.0.2
  [1986cc42] Unitful v1.4.0
  [3d5dd08c] VectorizationBase v0.12.32
  [19fa3120] VertexSafeGraphs v0.1.2
  [02c8fc9c] XML2_jll v2.9.10+2
  [83775a58] Zlib_jll v1.2.11+16
  [700de1a5] ZygoteRules v0.2.0
  [2a0f44e3] Base64
  [ade2ca70] Dates
  [8bb1440f] DelimitedFiles
  [8ba89e20] Distributed
  [b77e0a4c] InteractiveUtils
  [76f85450] LibGit2
  [8f399da3] Libdl
  [37e2e46d] LinearAlgebra
  [56ddb016] Logging
  [d6f4376e] Markdown
  [a63ad114] Mmap
  [44cfe95a] Pkg
  [de0858da] Printf
  [3fa0cd96] REPL
  [9a3f8284] Random
  [ea8e919c] SHA
  [9e88b42a] Serialization
  [1a1011a3] SharedArrays
  [6462fe0b] Sockets
  [2f01184e] SparseArrays
  [10745b16] Statistics
  [4607b0f0] SuiteSparse
  [8dfed614] Test
  [cf7118a7] UUIDs
  [4ec0a83e] Unicode
Test Summary:    | Pass  Total
First Rand Tests |    4      4
545.769786 seconds (88.39 M allocations: 13.210 GiB, 0.70% gc time)
Test Summary:   | Broken  Total
Inference Tests |      1      1
 13.719036 seconds (16.29 M allocations: 3.744 GiB, 4.78% gc time)
Test Summary:     |
Linear RODE Tests | No tests
 36.204666 seconds (42.41 M allocations: 10.811 GiB, 5.36% gc time)
Test Summary:        | Pass  Total
Complex Number Tests |   24     24
380.626115 seconds (492.23 M allocations: 93.201 GiB, 6.44% gc time)
â”Œ Warning: `a::StaticArray + b::Number` is deprecated, use `a .+ b` instead.
â”‚   caller = _broadcast_getindex_evalf at broadcast.jl:648 [inlined]
â”” @ Core ./broadcast.jl:648
â”Œ Warning: `a::StaticArray + b::Number` is deprecated, use `a .+ b` instead.
â”‚   caller = _broadcast_getindex_evalf at broadcast.jl:648 [inlined]
â”” @ Core ./broadcast.jl:648
â”Œ Warning: `a::StaticArray - b::Number` is deprecated, use `a .- b` instead.
â”‚   caller = _broadcast_getindex_evalf at broadcast.jl:648 [inlined]
â”” @ Core ./broadcast.jl:648
â”Œ Warning: `a::StaticArray + b::Number` is deprecated, use `a .+ b` instead.
â”‚   caller = _broadcast_getindex_evalf at broadcast.jl:648 [inlined]
â”” @ Core ./broadcast.jl:648
Test Summary:      | Broken  Total
Static Array Tests |      4      4
104.249034 seconds (131.96 M allocations: 23.867 GiB, 7.43% gc time)
Test Summary:    | Pass  Total
Noise Type Tests | 1002   1002
139.767026 seconds (167.94 M allocations: 34.245 GiB, 7.40% gc time)
Test Summary:     | Pass  Total
Mass matrix tests |    5      5
129.259454 seconds (146.73 M allocations: 24.737 GiB, 7.56% gc time)
Scalar g
Vector g
Implicit EM
SKenCarp
Test Summary:           | Broken  Total
Outofplace Arrays Tests |      3      3
212.630056 seconds (224.90 M allocations: 57.950 GiB, 8.84% gc time)
Test Summary: | Pass  Total
tdir Tests    |    5      5
557.805264 seconds (201.14 M allocations: 27.118 GiB, 2.08% gc time)
(u, t) = (0.2749517490668277, 0.0625)
(u, t) = (0.23321023769848176, 0.125)
(u, t) = (0.20048722560154814, 0.1875)
(u, t) = (0.17647020956335646, 0.25)
(u, t) = (0.10843819945962573, 0.3125)
(u, t) = (0.10425094327823406, 0.33)
(u, t) = (0.10486848043823753, 0.3925)
(u, t) = (0.14314696623138543, 0.455)
(u, t) = (0.13158466406781097, 0.5175000000000001)
(u, t) = (0.14164055421843405, 0.5800000000000001)
(u, t) = (0.18247661162988177, 0.6425000000000001)
(u, t) = (0.1960497112876568, 0.7050000000000001)
(u, t) = (0.16252678271792578, 0.7675000000000001)
(u, t) = (0.09465095778954494, 0.8300000000000001)
(u, t) = (0.09590208178122334, 0.8925000000000001)
(u, t) = (0.07962744621244189, 0.9550000000000001)
(u, t) = (0.09555766871124226, 1.0)
â”Œ Warning: Assignment to `integrator` in soft scope is ambiguous because a global variable by the same name exists: `integrator` will be treated as a new local. Disambiguate by using `local integrator` to suppress this warning or `global integrator` to assign to the existing global variable.
â”” @ ~/.julia/packages/StochasticDiffEq/mrB1i/test/tstops_tests.jl:30
[ Info: 1
[ Info: 2
Test Summary: | Pass  Total
tstops Tests  |   11     11
 25.667997 seconds (24.19 M allocations: 7.000 GiB, 8.10% gc time)
Test Summary: | Pass  Total
saveat Tests  |    5      5
 37.559029 seconds (42.43 M allocations: 7.870 GiB, 6.46% gc time)
Test Summary: |
Oval2         | No tests
  1.506992 seconds (2.13 M allocations: 153.308 MiB, 7.05% gc time)
 25.542351 seconds (26.67 M allocations: 7.150 GiB, 8.33% gc time)
  0.340090 seconds (336.70 k allocations: 17.386 MiB)
  0.126668 seconds (173.52 k allocations: 10.258 MiB)
 23.400177 seconds (23.62 M allocations: 7.004 GiB, 9.27% gc time)
  0.049008 seconds (36.58 k allocations: 2.023 MiB)
 27.527596 seconds (26.18 M allocations: 7.103 GiB, 11.59% gc time)
 31.781257 seconds (32.31 M allocations: 7.410 GiB, 7.46% gc time)
 27.489267 seconds (23.09 M allocations: 6.996 GiB, 13.95% gc time)
 27.422179 seconds (25.43 M allocations: 7.111 GiB, 10.69% gc time)
Test Summary:           | Pass  Total
Basic Tau Leaping Tests |    6      6
249.954570 seconds (318.56 M allocations: 66.416 GiB, 11.83% gc time)
Solve and Plot
Convergence Test on Linear
[ Info: dt: 1//512 (1/6)
[ Info: dt: 1//256 (2/6)
[ Info: dt: 1//128 (3/6)
[ Info: dt: 1//64 (4/6)
[ Info: dt: 1//32 (5/6)
[ Info: dt: 1//16 (6/6)
[ Info: dt: 1//512 (1/6)
[ Info: dt: 1//256 (2/6)
[ Info: dt: 1//128 (3/6)
[ Info: dt: 1//64 (4/6)
[ Info: dt: 1//32 (5/6)
[ Info: dt: 1//16 (6/6)
[ Info: dt: 1//512 (1/6)
[ Info: dt: 1//256 (2/6)
[ Info: dt: 1//128 (3/6)
[ Info: dt: 1//64 (4/6)
[ Info: dt: 1//32 (5/6)
[ Info: dt: 1//16 (6/6)
[ Info: dt: 1//512 (1/6)
[ Info: dt: 1//256 (2/6)
[ Info: dt: 1//128 (3/6)
[ Info: dt: 1//64 (4/6)
[ Info: dt: 1//32 (5/6)
[ Info: dt: 1//16 (6/6)
Test Summary:    | Pass  Total
Linear SDE Tests |    2      2
103.017633 seconds (75.65 M allocations: 15.477 GiB, 7.11% gc time)
Solve and Plot
Convergence Test on 2D Linear
[ Info: dt: 0.0078125 (1/4)
[ Info: dt: 0.015625 (2/4)
[ Info: dt: 0.03125 (3/4)
[ Info: dt: 0.0625 (4/4)
[ Info: dt: 0.0078125 (1/4)
[ Info: dt: 0.015625 (2/4)
[ Info: dt: 0.03125 (3/4)
[ Info: dt: 0.0625 (4/4)
[ Info: dt: 0.0078125 (1/4)
[ Info: dt: 0.015625 (2/4)
[ Info: dt: 0.03125 (3/4)
[ Info: dt: 0.0625 (4/4)
[ Info: dt: 0.0078125 (1/4)
[ Info: dt: 0.015625 (2/4)
[ Info: dt: 0.03125 (3/4)
[ Info: dt: 0.0625 (4/4)
[ Info: dt: 0.0078125 (1/4)
[ Info: dt: 0.015625 (2/4)
[ Info: dt: 0.03125 (3/4)
[ Info: dt: 0.0625 (4/4)
[ Info: dt: 0.0078125 (1/4)
[ Info: dt: 0.015625 (2/4)
[ Info: dt: 0.03125 (3/4)
[ Info: dt: 0.0625 (4/4)
Two-dimensional Linear SDE Tests: Test Failed at /home/pkgeval/.julia/packages/StochasticDiffEq/mrB1i/test/sde/sde_twodimlinear_tests.jl:55
  Expression: abs(sim.ğ’ªest[:l2] - 0.5) < 0.1
   Evaluated: 0.11146894049944395 < 0.1
Stacktrace:
 [1] top-level scope at /home/pkgeval/.julia/packages/StochasticDiffEq/mrB1i/test/sde/sde_twodimlinear_tests.jl:55
 [2] include(::Function, ::Module, ::String) at ./Base.jl:380
 [3] include at ./Base.jl:368 [inlined]
 [4] include(::String) at /home/pkgeval/.julia/packages/SafeTestsets/A83XK/src/SafeTestsets.jl:23
 [5] top-level scope at /home/pkgeval/.julia/packages/StochasticDiffEq/mrB1i/test/runtests.jl:36
 [6] top-level scope at /buildworker/worker/package_linux64/build/usr/share/julia/stdlib/v1.5/Test/src/Test.jl:1115
 [7] top-level scope at /home/pkgeval/.julia/packages/StochasticDiffEq/mrB1i/test/runtests.jl:36
[ Info: dt: 0.0078125 (1/4)
[ Info: dt: 0.015625 (2/4)
[ Info: dt: 0.03125 (3/4)
[ Info: dt: 0.0625 (4/4)
[ Info: dt: 0.0078125 (1/4)
[ Info: dt: 0.015625 (2/4)
[ Info: dt: 0.03125 (3/4)
[ Info: dt: 0.0625 (4/4)
[ Info: dt: 0.0078125 (1/4)
[ Info: dt: 0.015625 (2/4)
[ Info: dt: 0.03125 (3/4)
[ Info: dt: 0.0625 (4/4)
[ Info: dt: 0.0078125 (1/4)
[ Info: dt: 0.015625 (2/4)
[ Info: dt: 0.03125 (3/4)
[ Info: dt: 0.0625 (4/4)
[ Info: dt: 0.0078125 (1/4)
[ Info: dt: 0.015625 (2/4)
[ Info: dt: 0.03125 (3/4)
[ Info: dt: 0.0625 (4/4)
[ Info: dt: 0.0078125 (1/4)
[ Info: dt: 0.015625 (2/4)
[ Info: dt: 0.03125 (3/4)
[ Info: dt: 0.0625 (4/4)
[ Info: dt: 0.0078125 (1/4)
[ Info: dt: 0.015625 (2/4)
[ Info: dt: 0.03125 (3/4)
[ Info: dt: 0.0625 (4/4)
[ Info: dt: 0.0078125 (1/4)
[ Info: dt: 0.015625 (2/4)
[ Info: dt: 0.03125 (3/4)
[ Info: dt: 0.0625 (4/4)
[ Info: dt: 0.0078125 (1/4)
[ Info: dt: 0.015625 (2/4)
[ Info: dt: 0.03125 (3/4)
[ Info: dt: 0.0625 (4/4)
.[ Info: dt: 0.0078125 (1/4)
[ Info: dt: 0.015625 (2/4)
[ Info: dt: 0.03125 (3/4)
[ Info: dt: 0.0625 (4/4)
[ Info: dt: 0.0078125 (1/4)
[ Info: dt: 0.015625 (2/4)
[ Info: dt: 0.03125 (3/4)
[ Info: dt: 0.0625 (4/4)
[ Info: dt: 0.0078125 (1/4)
[ Info: dt: 0.015625 (2/4)
[ Info: dt: 0.03125 (3/4)
[ Info: dt: 0.0625 (4/4)
[ Info: dt: 0.0078125 (1/4)
[ Info: dt: 0.015625 (2/4)
[ Info: dt: 0.03125 (3/4)
[ Info: dt: 0.0625 (4/4)
[ Info: dt: 0.0078125 (1/4)
[ Info: dt: 0.015625 (2/4)
[ Info: dt: 0.03125 (3/4)
[ Info: dt: 0.0625 (4/4)
[ Info: dt: 0.0078125 (1/4)
[ Info: dt: 0.015625 (2/4)
[ Info: dt: 0.03125 (3/4)
[ Info: dt: 0.0625 (4/4)
.â”Œ Warning: Assignment to `sim2` in soft scope is ambiguous because a global variable by the same name exists: `sim2` will be treated as a new local. Disambiguate by using `local sim2` to suppress this warning or `global sim2` to assign to the existing global variable.
â”” @ ~/.julia/packages/StochasticDiffEq/mrB1i/test/sde/sde_twodimlinear_tests.jl:108
[ Info: dt: 0.0078125 (1/4)
[ Info: dt: 0.015625 (2/4)
[ Info: dt: 0.03125 (3/4)
[ Info: dt: 0.0625 (4/4)
[ Info: dt: 0.0078125 (1/4)
[ Info: dt: 0.015625 (2/4)
[ Info: dt: 0.03125 (3/4)
[ Info: dt: 0.0625 (4/4)
[ Info: dt: 0.0078125 (1/4)
[ Info: dt: 0.015625 (2/4)
[ Info: dt: 0.03125 (3/4)
[ Info: dt: 0.0625 (4/4)
[ Info: dt: 0.0078125 (1/4)
[ Info: dt: 0.015625 (2/4)
[ Info: dt: 0.03125 (3/4)
[ Info: dt: 0.0625 (4/4)
[ Info: dt: 0.0078125 (1/4)
[ Info: dt: 0.015625 (2/4)
[ Info: dt: 0.03125 (3/4)
[ Info: dt: 0.0625 (4/4)
[ Info: dt: 0.0078125 (1/4)
[ Info: dt: 0.015625 (2/4)
[ Info: dt: 0.03125 (3/4)
[ Info: dt: 0.0625 (4/4)
[ Info: dt: 0.0078125 (1/4)
[ Info: dt: 0.015625 (2/4)
[ Info: dt: 0.03125 (3/4)
[ Info: dt: 0.0625 (4/4)
[ Info: dt: 0.0078125 (1/4)
[ Info: dt: 0.015625 (2/4)
[ Info: dt: 0.03125 (3/4)
[ Info: dt: 0.0625 (4/4)
[ Info: dt: 0.0078125 (1/4)
[ Info: dt: 0.015625 (2/4)
[ Info: dt: 0.03125 (3/4)
[ Info: dt: 0.0625 (4/4)
[ Info: dt: 0.0078125 (1/4)
[ Info: dt: 0.015625 (2/4)
[ Info: dt: 0.03125 (3/4)
[ Info: dt: 0.0625 (4/4)
[ Info: dt: 0.0078125 (1/4)
[ Info: dt: 0.015625 (2/4)
[ Info: dt: 0.03125 (3/4)
[ Info: dt: 0.0625 (4/4)
.[ Info: dt: 0.0078125 (1/4)
[ Info: dt: 0.015625 (2/4)
[ Info: dt: 0.03125 (3/4)
[ Info: dt: 0.0625 (4/4)
[ Info: dt: 0.0078125 (1/4)
[ Info: dt: 0.015625 (2/4)
[ Info: dt: 0.03125 (3/4)
[ Info: dt: 0.0625 (4/4)
[ Info: dt: 0.0078125 (1/4)
[ Info: dt: 0.015625 (2/4)
[ Info: dt: 0.03125 (3/4)
[ Info: dt: 0.0625 (4/4)
[ Info: dt: 0.0078125 (1/4)
[ Info: dt: 0.015625 (2/4)
[ Info: dt: 0.03125 (3/4)
[ Info: dt: 0.0625 (4/4)
[ Info: dt: 0.0078125 (1/4)
[ Info: dt: 0.015625 (2/4)
[ Info: dt: 0.03125 (3/4)
[ Info: dt: 0.0625 (4/4)
Test Summary:                    | Pass  Fail  Total
Two-dimensional Linear SDE Tests |   37     1     38
ERROR: LoadError: Some tests did not pass: 37 passed, 1 failed, 0 errored, 0 broken.
in expression starting at /home/pkgeval/.julia/packages/StochasticDiffEq/mrB1i/test/runtests.jl:16
ERROR: Package StochasticDiffEq errored during testing
Stacktrace:
 [1] pkgerror(::String) at /buildworker/worker/package_linux64/build/usr/share/julia/stdlib/v1.5/Pkg/src/Types.jl:52
 [2] test(::Pkg.Types.Context, ::Array{Pkg.Types.PackageSpec,1}; coverage::Bool, julia_args::Cmd, test_args::Cmd, test_fn::Nothing) at /buildworker/worker/package_linux64/build/usr/share/julia/stdlib/v1.5/Pkg/src/Operations.jl:1578
 [3] test(::Pkg.Types.Context, ::Array{Pkg.Types.PackageSpec,1}; coverage::Bool, test_fn::Nothing, julia_args::Cmd, test_args::Cmd, kwargs::Base.Iterators.Pairs{Union{},Union{},Tuple{},NamedTuple{(),Tuple{}}}) at /buildworker/worker/package_linux64/build/usr/share/julia/stdlib/v1.5/Pkg/src/API.jl:328
 [4] test(::Pkg.Types.Context, ::Array{Pkg.Types.PackageSpec,1}) at /buildworker/worker/package_linux64/build/usr/share/julia/stdlib/v1.5/Pkg/src/API.jl:315
 [5] #test#61 at /buildworker/worker/package_linux64/build/usr/share/julia/stdlib/v1.5/Pkg/src/API.jl:67 [inlined]
 [6] test at /buildworker/worker/package_linux64/build/usr/share/julia/stdlib/v1.5/Pkg/src/API.jl:67 [inlined]
 [7] #test#60 at /buildworker/worker/package_linux64/build/usr/share/julia/stdlib/v1.5/Pkg/src/API.jl:66 [inlined]
 [8] test at /buildworker/worker/package_linux64/build/usr/share/julia/stdlib/v1.5/Pkg/src/API.jl:66 [inlined]
 [9] test(::String; kwargs::Base.Iterators.Pairs{Union{},Union{},Tuple{},NamedTuple{(),Tuple{}}}) at /buildworker/worker/package_linux64/build/usr/share/julia/stdlib/v1.5/Pkg/src/API.jl:65
 [10] test(::String) at /buildworker/worker/package_linux64/build/usr/share/julia/stdlib/v1.5/Pkg/src/API.jl:65
 [11] top-level scope at none:19
