Julia Version 1.5.1
Commit 697e782ab8 (2020-08-25 20:08 UTC)
Platform Info:
  OS: Linux (x86_64-pc-linux-gnu)
  CPU: Intel(R) Xeon(R) Silver 4114 CPU @ 2.20GHz
  WORD_SIZE: 64
  LIBM: libopenlibm
  LLVM: libLLVM-9.0.1 (ORCJIT, skylake-avx512)
Environment:
  JULIA_DEPOT_PATH = ::/usr/local/share/julia
  JULIA_NUM_THREADS = 2

  Resolving package versions...
  Installed ZygoteRules ────────────────── v0.2.0
  Installed FastClosures ───────────────── v0.3.2
  Installed CpuId ──────────────────────── v0.2.2
  Installed UnPack ─────────────────────── v1.0.2
  Installed ArrayInterface ─────────────── v2.12.0
  Installed StatsFuns ──────────────────── v0.9.5
  Installed StochasticDiffEq ───────────── v6.25.1
  Installed LightGraphs ────────────────── v1.3.0
  Installed NaNMath ────────────────────── v0.3.4
  Installed ExponentialUtilities ───────── v1.8.0
  Installed SIMDPirates ────────────────── v0.8.24
  Installed CompilerSupportLibraries_jll ─ v0.3.3+0
  Installed TreeViews ──────────────────── v0.3.0
  Installed SLEEFPirates ───────────────── v0.5.5
  Installed DiffEqBase ─────────────────── v6.46.1
  Installed Distributions ──────────────── v0.23.10
  Installed RecursiveFactorization ─────── v0.1.4
  Installed SparseDiffTools ────────────── v1.10.0
  Installed DiffResults ────────────────── v1.0.2
  Installed DataAPI ────────────────────── v1.3.0
  Installed IteratorInterfaceExtensions ── v1.0.0
  Installed Rmath_jll ──────────────────── v0.2.2+1
  Installed PoissonRandom ──────────────── v0.4.0
  Installed CommonSubexpressions ───────── v0.3.0
  Installed ResettableStacks ───────────── v1.0.0
  Installed Requires ───────────────────── v1.0.2
  Installed DocStringExtensions ────────── v0.8.3
  Installed MacroTools ─────────────────── v0.5.5
  Installed StaticArrays ───────────────── v0.12.4
  Installed FillArrays ─────────────────── v0.9.5
  Installed ForwardDiff ────────────────── v0.10.12
  Installed IterativeSolvers ───────────── v0.8.4
  Installed Rmath ──────────────────────── v0.6.1
  Installed PDMats ─────────────────────── v0.10.0
  Installed NLsolve ────────────────────── v4.4.1
  Installed LineSearches ───────────────── v7.1.0
  Installed SimpleTraits ───────────────── v0.9.3
  Installed VertexSafeGraphs ───────────── v0.1.2
  Installed Distances ──────────────────── v0.9.0
  Installed DiffEqNoiseProcess ─────────── v5.3.0
  Installed NLSolversBase ──────────────── v7.7.0
  Installed DataStructures ─────────────── v0.18.2
  Installed LabelledArrays ─────────────── v1.3.0
  Installed VectorizationBase ──────────── v0.12.32
  Installed OpenSpecFun_jll ────────────── v0.5.3+3
  Installed RecursiveArrayTools ────────── v2.6.0
  Installed FunctionWrappers ───────────── v1.1.1
  Installed Missings ───────────────────── v0.4.4
  Installed Reexport ───────────────────── v0.2.0
  Installed GenericSVD ─────────────────── v0.3.0
  Installed RecipesBase ────────────────── v1.0.2
  Installed Parameters ─────────────────── v0.12.1
  Installed StatsBase ──────────────────── v0.33.1
  Installed SortingAlgorithms ──────────── v0.3.1
  Installed Inflate ────────────────────── v0.1.2
  Installed Roots ──────────────────────── v1.0.5
  Installed ArnoldiMethod ──────────────── v0.0.4
  Installed ChainRulesCore ─────────────── v0.9.6
  Installed OrdinaryDiffEq ─────────────── v5.42.5
  Installed SpecialFunctions ───────────── v0.10.3
  Installed Compat ─────────────────────── v3.15.0
  Installed TableTraits ────────────────── v1.0.0
  Installed MuladdMacro ────────────────── v0.2.2
  Installed FiniteDiff ─────────────────── v2.6.0
  Installed DiffRules ──────────────────── v1.0.1
  Installed LoopVectorization ──────────── v0.8.25
  Installed OffsetArrays ───────────────── v1.1.3
  Installed RandomNumbers ──────────────── v1.4.0
  Installed Adapt ──────────────────────── v2.0.2
  Installed QuadGK ─────────────────────── v2.4.1
  Installed DiffEqJump ─────────────────── v6.10.1
  Installed OrderedCollections ─────────── v1.3.0
Updating `~/.julia/environments/v1.5/Project.toml`
  [789caeaf] + StochasticDiffEq v6.25.1
Updating `~/.julia/environments/v1.5/Manifest.toml`
  [79e6a3ab] + Adapt v2.0.2
  [ec485272] + ArnoldiMethod v0.0.4
  [4fba245c] + ArrayInterface v2.12.0
  [d360d2e6] + ChainRulesCore v0.9.6
  [bbf7d656] + CommonSubexpressions v0.3.0
  [34da2185] + Compat v3.15.0
  [e66e0078] + CompilerSupportLibraries_jll v0.3.3+0
  [adafc99b] + CpuId v0.2.2
  [9a962f9c] + DataAPI v1.3.0
  [864edb3b] + DataStructures v0.18.2
  [2b5f629d] + DiffEqBase v6.46.1
  [c894b116] + DiffEqJump v6.10.1
  [77a26b50] + DiffEqNoiseProcess v5.3.0
  [163ba53b] + DiffResults v1.0.2
  [b552c78f] + DiffRules v1.0.1
  [b4f34e82] + Distances v0.9.0
  [31c24e10] + Distributions v0.23.10
  [ffbed154] + DocStringExtensions v0.8.3
  [d4d017d3] + ExponentialUtilities v1.8.0
  [9aa1b823] + FastClosures v0.3.2
  [1a297f60] + FillArrays v0.9.5
  [6a86dc24] + FiniteDiff v2.6.0
  [f6369f11] + ForwardDiff v0.10.12
  [069b7b12] + FunctionWrappers v1.1.1
  [01680d73] + GenericSVD v0.3.0
  [d25df0c9] + Inflate v0.1.2
  [42fd0dbc] + IterativeSolvers v0.8.4
  [82899510] + IteratorInterfaceExtensions v1.0.0
  [2ee39098] + LabelledArrays v1.3.0
  [093fc24a] + LightGraphs v1.3.0
  [d3d80556] + LineSearches v7.1.0
  [bdcacae8] + LoopVectorization v0.8.25
  [1914dd2f] + MacroTools v0.5.5
  [e1d29d7a] + Missings v0.4.4
  [46d2c3a1] + MuladdMacro v0.2.2
  [d41bc354] + NLSolversBase v7.7.0
  [2774e3e8] + NLsolve v4.4.1
  [77ba4419] + NaNMath v0.3.4
  [6fe1bfb0] + OffsetArrays v1.1.3
  [efe28fd5] + OpenSpecFun_jll v0.5.3+3
  [bac558e1] + OrderedCollections v1.3.0
  [1dea7af3] + OrdinaryDiffEq v5.42.5
  [90014a1f] + PDMats v0.10.0
  [d96e819e] + Parameters v0.12.1
  [e409e4f3] + PoissonRandom v0.4.0
  [1fd47b50] + QuadGK v2.4.1
  [e6cf234a] + RandomNumbers v1.4.0
  [3cdcf5f2] + RecipesBase v1.0.2
  [731186ca] + RecursiveArrayTools v2.6.0
  [f2c3362d] + RecursiveFactorization v0.1.4
  [189a3867] + Reexport v0.2.0
  [ae029012] + Requires v1.0.2
  [ae5879a3] + ResettableStacks v1.0.0
  [79098fc4] + Rmath v0.6.1
  [f50d1b31] + Rmath_jll v0.2.2+1
  [f2b01f46] + Roots v1.0.5
  [21efa798] + SIMDPirates v0.8.24
  [476501e8] + SLEEFPirates v0.5.5
  [699a6c99] + SimpleTraits v0.9.3
  [a2af1166] + SortingAlgorithms v0.3.1
  [47a9eef4] + SparseDiffTools v1.10.0
  [276daf66] + SpecialFunctions v0.10.3
  [90137ffa] + StaticArrays v0.12.4
  [2913bbd2] + StatsBase v0.33.1
  [4c63d2b9] + StatsFuns v0.9.5
  [789caeaf] + StochasticDiffEq v6.25.1
  [3783bdb8] + TableTraits v1.0.0
  [a2a6695c] + TreeViews v0.3.0
  [3a884ed6] + UnPack v1.0.2
  [3d5dd08c] + VectorizationBase v0.12.32
  [19fa3120] + VertexSafeGraphs v0.1.2
  [700de1a5] + ZygoteRules v0.2.0
  [2a0f44e3] + Base64
  [ade2ca70] + Dates
  [8bb1440f] + DelimitedFiles
  [8ba89e20] + Distributed
  [b77e0a4c] + InteractiveUtils
  [76f85450] + LibGit2
  [8f399da3] + Libdl
  [37e2e46d] + LinearAlgebra
  [56ddb016] + Logging
  [d6f4376e] + Markdown
  [a63ad114] + Mmap
  [44cfe95a] + Pkg
  [de0858da] + Printf
  [3fa0cd96] + REPL
  [9a3f8284] + Random
  [ea8e919c] + SHA
  [9e88b42a] + Serialization
  [1a1011a3] + SharedArrays
  [6462fe0b] + Sockets
  [2f01184e] + SparseArrays
  [10745b16] + Statistics
  [4607b0f0] + SuiteSparse
  [8dfed614] + Test
  [cf7118a7] + UUIDs
  [4ec0a83e] + Unicode
   Building SLEEFPirates → `~/.julia/packages/SLEEFPirates/jGsib/deps/build.log`
    Testing StochasticDiffEq
Status `/tmp/jl_mCjaia/Project.toml`
  [4fba245c] ArrayInterface v2.12.0
  [864edb3b] DataStructures v0.18.2
  [2b5f629d] DiffEqBase v6.46.1
  [459566f4] DiffEqCallbacks v2.14.1
  [f3b72e0c] DiffEqDevTools v2.27.0
  [c894b116] DiffEqJump v6.10.1
  [77a26b50] DiffEqNoiseProcess v5.3.0
  [9fdde737] DiffEqOperators v4.1.0
  [a077e3f3] DiffEqProblemLibrary v4.8.1
  [1a297f60] FillArrays v0.9.5
  [6a86dc24] FiniteDiff v2.6.0
  [f6369f11] ForwardDiff v0.10.12
  [46d2c3a1] MuladdMacro v0.2.2
  [2774e3e8] NLsolve v4.4.1
  [1dea7af3] OrdinaryDiffEq v5.42.5
  [e6cf234a] RandomNumbers v1.4.0
  [731186ca] RecursiveArrayTools v2.6.0
  [189a3867] Reexport v0.2.0
  [1bc83da4] SafeTestsets v0.0.1
  [47a9eef4] SparseDiffTools v1.10.0
  [90137ffa] StaticArrays v0.12.4
  [789caeaf] StochasticDiffEq v6.25.1
  [3a884ed6] UnPack v1.0.2
  [37e2e46d] LinearAlgebra
  [56ddb016] Logging
  [44cfe95a] Pkg
  [9a3f8284] Random
  [2f01184e] SparseArrays
  [10745b16] Statistics
  [8dfed614] Test
Status `/tmp/jl_mCjaia/Manifest.toml`
  [c3fe647b] AbstractAlgebra v0.10.0
  [79e6a3ab] Adapt v2.0.2
  [ec485272] ArnoldiMethod v0.0.4
  [4fba245c] ArrayInterface v2.12.0
  [aae01518] BandedMatrices v0.9.1
  [b99e7846] BinaryProvider v0.5.10
  [a603d957] CanonicalTraits v0.2.2
  [d360d2e6] ChainRulesCore v0.9.6
  [861a8166] Combinatorics v1.0.2
  [bbf7d656] CommonSubexpressions v0.3.0
  [34da2185] Compat v3.15.0
  [e66e0078] CompilerSupportLibraries_jll v0.3.3+0
  [187b0558] ConstructionBase v1.0.0
  [adafc99b] CpuId v0.2.2
  [a8cc5b0e] Crayons v4.0.4
  [9a962f9c] DataAPI v1.3.0
  [864edb3b] DataStructures v0.18.2
  [e2d170a0] DataValueInterfaces v1.0.0
  [2b5f629d] DiffEqBase v6.46.1
  [eb300fae] DiffEqBiological v4.0.2
  [459566f4] DiffEqCallbacks v2.14.1
  [f3b72e0c] DiffEqDevTools v2.27.0
  [c894b116] DiffEqJump v6.10.1
  [77a26b50] DiffEqNoiseProcess v5.3.0
  [9fdde737] DiffEqOperators v4.1.0
  [a077e3f3] DiffEqProblemLibrary v4.8.1
  [163ba53b] DiffResults v1.0.2
  [b552c78f] DiffRules v1.0.1
  [b4f34e82] Distances v0.9.0
  [31c24e10] Distributions v0.23.10
  [ffbed154] DocStringExtensions v0.8.3
  [7c1d4256] DynamicPolynomials v0.3.3
  [fdbdab4c] ElasticArrays v1.2.4
  [d4d017d3] ExponentialUtilities v1.8.0
  [9aa1b823] FastClosures v0.3.2
  [1a297f60] FillArrays v0.9.5
  [6a86dc24] FiniteDiff v2.6.0
  [59287772] Formatting v0.4.1
  [f6369f11] ForwardDiff v0.10.12
  [069b7b12] FunctionWrappers v1.1.1
  [781609d7] GMP_jll v6.1.2+5
  [6b9d7cbe] GeneralizedGenerated v0.2.7
  [01680d73] GenericSVD v0.3.0
  [f213a82b] HomotopyContinuation v2.0.5
  [d25df0c9] Inflate v0.1.2
  [42fd0dbc] IterativeSolvers v0.8.4
  [82899510] IteratorInterfaceExtensions v1.0.0
  [b14d175d] JuliaVariables v0.2.3
  [8ac3fa9e] LRUCache v1.1.0
  [b964fa9f] LaTeXStrings v1.1.0
  [2ee39098] LabelledArrays v1.3.0
  [23fbe1c1] Latexify v0.14.0
  [5078a376] LazyArrays v0.8.1
  [093fc24a] LightGraphs v1.3.0
  [d3d80556] LineSearches v7.1.0
  [bdcacae8] LoopVectorization v0.8.25
  [d8e11817] MLStyle v0.4.6
  [2ce0c516] MPC_jll v1.1.0+0
  [3a97d323] MPFR_jll v4.0.2+2
  [1914dd2f] MacroTools v0.5.5
  [a3b82374] MatrixFactorizations v0.0.4
  [e1d29d7a] Missings v0.4.4
  [291d046c] MixedSubdivisions v1.0.0
  [961ee093] ModelingToolkit v3.18.0
  [46d2c3a1] MuladdMacro v0.2.2
  [102ac46a] MultivariatePolynomials v0.3.2
  [d41bc354] NLSolversBase v7.7.0
  [2774e3e8] NLsolve v4.4.1
  [872c559c] NNlib v0.6.6
  [77ba4419] NaNMath v0.3.4
  [71a1bf82] NameResolution v0.1.5
  [6fe1bfb0] OffsetArrays v1.1.3
  [efe28fd5] OpenSpecFun_jll v0.5.3+3
  [bac558e1] OrderedCollections v1.3.0
  [1dea7af3] OrdinaryDiffEq v5.42.5
  [90014a1f] PDMats v0.10.0
  [d96e819e] Parameters v0.12.1
  [e409e4f3] PoissonRandom v0.4.0
  [8162dcfd] PrettyPrint v0.2.0
  [08abe8d2] PrettyTables v0.9.1
  [92933f4c] ProgressMeter v1.3.2
  [01f381cc] ProjectiveVectors v1.1.2
  [1fd47b50] QuadGK v2.4.1
  [e6cf234a] RandomNumbers v1.4.0
  [3cdcf5f2] RecipesBase v1.0.2
  [731186ca] RecursiveArrayTools v2.6.0
  [f2c3362d] RecursiveFactorization v0.1.4
  [189a3867] Reexport v0.2.0
  [ae029012] Requires v1.0.2
  [ae5879a3] ResettableStacks v1.0.0
  [79098fc4] Rmath v0.6.1
  [f50d1b31] Rmath_jll v0.2.2+1
  [47965b36] RootedTrees v1.0.0
  [f2b01f46] Roots v1.0.5
  [21efa798] SIMDPirates v0.8.24
  [476501e8] SLEEFPirates v0.5.5
  [1bc83da4] SafeTestsets v0.0.1
  [699a6c99] SimpleTraits v0.9.3
  [a2af1166] SortingAlgorithms v0.3.1
  [47a9eef4] SparseDiffTools v1.10.0
  [276daf66] SpecialFunctions v0.10.3
  [90137ffa] StaticArrays v0.12.4
  [2913bbd2] StatsBase v0.33.1
  [4c63d2b9] StatsFuns v0.9.5
  [789caeaf] StochasticDiffEq v6.25.1
  [09ab397b] StructArrays v0.4.4
  [123dc426] SymEngine v0.8.2
  [3428059b] SymEngine_jll v0.6.0+1
  [d1185830] SymbolicUtils v0.5.1
  [3783bdb8] TableTraits v1.0.0
  [bd369af6] Tables v1.0.5
  [a759f4b9] TimerOutputs v0.5.6
  [a2a6695c] TreeViews v0.3.0
  [3a884ed6] UnPack v1.0.2
  [1986cc42] Unitful v1.4.0
  [3d5dd08c] VectorizationBase v0.12.32
  [19fa3120] VertexSafeGraphs v0.1.2
  [700de1a5] ZygoteRules v0.2.0
  [2a0f44e3] Base64
  [ade2ca70] Dates
  [8bb1440f] DelimitedFiles
  [8ba89e20] Distributed
  [b77e0a4c] InteractiveUtils
  [76f85450] LibGit2
  [8f399da3] Libdl
  [37e2e46d] LinearAlgebra
  [56ddb016] Logging
  [d6f4376e] Markdown
  [a63ad114] Mmap
  [44cfe95a] Pkg
  [de0858da] Printf
  [3fa0cd96] REPL
  [9a3f8284] Random
  [ea8e919c] SHA
  [9e88b42a] Serialization
  [1a1011a3] SharedArrays
  [6462fe0b] Sockets
  [2f01184e] SparseArrays
  [10745b16] Statistics
  [4607b0f0] SuiteSparse
  [8dfed614] Test
  [cf7118a7] UUIDs
  [4ec0a83e] Unicode
Test Summary:    | Pass  Total
First Rand Tests |    4      4
557.257504 seconds (51.81 M allocations: 2.613 GiB, 0.44% gc time)
Test Summary:   | Broken  Total
Inference Tests |      1      1
  5.839756 seconds (6.03 M allocations: 301.447 MiB, 3.94% gc time)
Test Summary:     |
Linear RODE Tests | No tests
 13.417089 seconds (13.64 M allocations: 613.981 MiB, 2.28% gc time)
Test Summary:        | Pass  Total
Complex Number Tests |   24     24
217.155101 seconds (248.98 M allocations: 10.540 GiB, 4.52% gc time)
┌ Warning: `a::StaticArray + b::Number` is deprecated, use `a .+ b` instead.
│   caller = _broadcast_getindex_evalf at broadcast.jl:648 [inlined]
└ @ Core ./broadcast.jl:648
┌ Warning: `a::StaticArray + b::Number` is deprecated, use `a .+ b` instead.
│   caller = _broadcast_getindex_evalf at broadcast.jl:648 [inlined]
└ @ Core ./broadcast.jl:648
┌ Warning: `a::StaticArray - b::Number` is deprecated, use `a .- b` instead.
│   caller = _broadcast_getindex_evalf at broadcast.jl:648 [inlined]
└ @ Core ./broadcast.jl:648
┌ Warning: `a::StaticArray + b::Number` is deprecated, use `a .+ b` instead.
│   caller = _broadcast_getindex_evalf at broadcast.jl:648 [inlined]
└ @ Core ./broadcast.jl:648
Test Summary:      | Broken  Total
Static Array Tests |      4      4
 49.584053 seconds (62.68 M allocations: 2.792 GiB, 5.49% gc time)
Test Summary:    | Pass  Total
Noise Type Tests | 1002   1002
 69.150942 seconds (76.24 M allocations: 3.241 GiB, 4.62% gc time)
Test Summary:     | Pass  Total
Mass matrix tests |    5      5
 77.601123 seconds (86.91 M allocations: 4.005 GiB, 3.53% gc time)
Scalar g
Vector g
Implicit EM
SKenCarp
Test Summary:           | Broken  Total
Outofplace Arrays Tests |      3      3
 73.402232 seconds (66.10 M allocations: 3.090 GiB, 3.10% gc time)
┌ Warning: The RegularJump interface has changed to be matrix-free. See the documentation for more details.
└ @ DiffEqJump ~/.julia/packages/DiffEqJump/M4Bjj/src/jumps.jl:48
Test Summary: | Pass  Total
tdir Tests    |    5      5
231.683362 seconds (85.80 M allocations: 3.889 GiB, 1.46% gc time)
(u, t) = (0.2749517490668277, 0.0625)
(u, t) = (0.23321023769848176, 0.125)
(u, t) = (0.20048722560154814, 0.1875)
(u, t) = (0.17647020956335646, 0.25)
(u, t) = (0.10843819945962573, 0.3125)
(u, t) = (0.10425094327823406, 0.33)
(u, t) = (0.10486848043823753, 0.3925)
(u, t) = (0.14314696623138543, 0.455)
(u, t) = (0.13158466406781097, 0.5175000000000001)
(u, t) = (0.14164055421843405, 0.5800000000000001)
(u, t) = (0.18247661162988177, 0.6425000000000001)
(u, t) = (0.1960497112876568, 0.7050000000000001)
(u, t) = (0.16252678271792578, 0.7675000000000001)
(u, t) = (0.09465095778954494, 0.8300000000000001)
(u, t) = (0.09590208178122334, 0.8925000000000001)
(u, t) = (0.07962744621244189, 0.9550000000000001)
(u, t) = (0.09555766871124226, 1.0)
┌ Warning: Assignment to `integrator` in soft scope is ambiguous because a global variable by the same name exists: `integrator` will be treated as a new local. Disambiguate by using `local integrator` to suppress this warning or `global integrator` to assign to the existing global variable.
└ @ ~/.julia/packages/StochasticDiffEq/QywSJ/test/tstops_tests.jl:30
[ Info: 1
[ Info: 2
Test Summary: | Pass  Total
tstops Tests  |   11     11
  9.091408 seconds (8.72 M allocations: 404.950 MiB, 5.45% gc time)
Test Summary: | Pass  Total
saveat Tests  |    5      5
 19.856984 seconds (19.57 M allocations: 871.515 MiB, 2.06% gc time)
Test Summary: |
Oval2         | No tests
  0.578883 seconds (536.13 k allocations: 32.473 MiB)
  5.253685 seconds (6.20 M allocations: 277.594 MiB, 1.87% gc time)
  0.287302 seconds (354.88 k allocations: 18.310 MiB)
  0.110374 seconds (173.05 k allocations: 10.146 MiB)
  3.337493 seconds (3.58 M allocations: 151.092 MiB, 2.72% gc time)
  0.140829 seconds (116.87 k allocations: 6.648 MiB, 33.48% gc time)
  6.403794 seconds (6.07 M allocations: 241.190 MiB, 6.91% gc time)
 10.338230 seconds (11.58 M allocations: 516.807 MiB, 16.22% gc time)
  4.805391 seconds (3.08 M allocations: 135.208 MiB, 20.81% gc time)
  5.664377 seconds (4.81 M allocations: 219.526 MiB)
Test Summary:           | Pass  Total
Basic Tau Leaping Tests |    6      6
 79.624268 seconds (155.69 M allocations: 11.387 GiB, 13.61% gc time)
Solve and Plot
Convergence Test on Linear
[ Info: dt: 1//512 (1/6)
[ Info: dt: 1//256 (2/6)
[ Info: dt: 1//128 (3/6)
[ Info: dt: 1//64 (4/6)
[ Info: dt: 1//32 (5/6)
[ Info: dt: 1//16 (6/6)
[ Info: dt: 1//512 (1/6)
[ Info: dt: 1//256 (2/6)
[ Info: dt: 1//128 (3/6)
[ Info: dt: 1//64 (4/6)
[ Info: dt: 1//32 (5/6)
[ Info: dt: 1//16 (6/6)
[ Info: dt: 1//512 (1/6)
[ Info: dt: 1//256 (2/6)
[ Info: dt: 1//128 (3/6)
[ Info: dt: 1//64 (4/6)
[ Info: dt: 1//32 (5/6)
[ Info: dt: 1//16 (6/6)
[ Info: dt: 1//512 (1/6)
[ Info: dt: 1//256 (2/6)
[ Info: dt: 1//128 (3/6)
[ Info: dt: 1//64 (4/6)
[ Info: dt: 1//32 (5/6)
[ Info: dt: 1//16 (6/6)
Test Summary:    | Pass  Total
Linear SDE Tests |    2      2
 64.682945 seconds (36.33 M allocations: 1.762 GiB, 3.70% gc time)
Solve and Plot
Convergence Test on 2D Linear
[ Info: dt: 0.0078125 (1/4)
[ Info: dt: 0.015625 (2/4)
[ Info: dt: 0.03125 (3/4)
[ Info: dt: 0.0625 (4/4)
[ Info: dt: 0.0078125 (1/4)
[ Info: dt: 0.015625 (2/4)
[ Info: dt: 0.03125 (3/4)
[ Info: dt: 0.0625 (4/4)
[ Info: dt: 0.0078125 (1/4)
[ Info: dt: 0.015625 (2/4)
[ Info: dt: 0.03125 (3/4)
[ Info: dt: 0.0625 (4/4)
[ Info: dt: 0.0078125 (1/4)
[ Info: dt: 0.015625 (2/4)
[ Info: dt: 0.03125 (3/4)
[ Info: dt: 0.0625 (4/4)
[ Info: dt: 0.0078125 (1/4)
[ Info: dt: 0.015625 (2/4)
[ Info: dt: 0.03125 (3/4)
[ Info: dt: 0.0625 (4/4)
[ Info: dt: 0.0078125 (1/4)
[ Info: dt: 0.015625 (2/4)
[ Info: dt: 0.03125 (3/4)
[ Info: dt: 0.0625 (4/4)
[ Info: dt: 0.0078125 (1/4)
[ Info: dt: 0.015625 (2/4)
[ Info: dt: 0.03125 (3/4)
[ Info: dt: 0.0625 (4/4)
[ Info: dt: 0.0078125 (1/4)
[ Info: dt: 0.015625 (2/4)
[ Info: dt: 0.03125 (3/4)
[ Info: dt: 0.0625 (4/4)
[ Info: dt: 0.0078125 (1/4)
[ Info: dt: 0.015625 (2/4)
[ Info: dt: 0.03125 (3/4)
[ Info: dt: 0.0625 (4/4)
[ Info: dt: 0.0078125 (1/4)
[ Info: dt: 0.015625 (2/4)
[ Info: dt: 0.03125 (3/4)
[ Info: dt: 0.0625 (4/4)
[ Info: dt: 0.0078125 (1/4)
[ Info: dt: 0.015625 (2/4)
[ Info: dt: 0.03125 (3/4)
[ Info: dt: 0.0625 (4/4)
[ Info: dt: 0.0078125 (1/4)
[ Info: dt: 0.015625 (2/4)
[ Info: dt: 0.03125 (3/4)
[ Info: dt: 0.0625 (4/4)
[ Info: dt: 0.0078125 (1/4)
[ Info: dt: 0.015625 (2/4)
[ Info: dt: 0.03125 (3/4)
[ Info: dt: 0.0625 (4/4)
[ Info: dt: 0.0078125 (1/4)
[ Info: dt: 0.015625 (2/4)
[ Info: dt: 0.03125 (3/4)
[ Info: dt: 0.0625 (4/4)
[ Info: dt: 0.0078125 (1/4)
[ Info: dt: 0.015625 (2/4)
[ Info: dt: 0.03125 (3/4)
[ Info: dt: 0.0625 (4/4)
.[ Info: dt: 0.0078125 (1/4)
[ Info: dt: 0.015625 (2/4)
[ Info: dt: 0.03125 (3/4)
[ Info: dt: 0.0625 (4/4)
[ Info: dt: 0.0078125 (1/4)
[ Info: dt: 0.015625 (2/4)
[ Info: dt: 0.03125 (3/4)
[ Info: dt: 0.0625 (4/4)
[ Info: dt: 0.0078125 (1/4)
[ Info: dt: 0.015625 (2/4)
[ Info: dt: 0.03125 (3/4)
[ Info: dt: 0.0625 (4/4)
[ Info: dt: 0.0078125 (1/4)
[ Info: dt: 0.015625 (2/4)
[ Info: dt: 0.03125 (3/4)
[ Info: dt: 0.0625 (4/4)
[ Info: dt: 0.0078125 (1/4)
[ Info: dt: 0.015625 (2/4)
[ Info: dt: 0.03125 (3/4)
[ Info: dt: 0.0625 (4/4)
[ Info: dt: 0.0078125 (1/4)
[ Info: dt: 0.015625 (2/4)
[ Info: dt: 0.03125 (3/4)
[ Info: dt: 0.0625 (4/4)
.┌ Warning: Assignment to `sim2` in soft scope is ambiguous because a global variable by the same name exists: `sim2` will be treated as a new local. Disambiguate by using `local sim2` to suppress this warning or `global sim2` to assign to the existing global variable.
└ @ ~/.julia/packages/StochasticDiffEq/QywSJ/test/sde/sde_twodimlinear_tests.jl:108
[ Info: dt: 0.0078125 (1/4)
[ Info: dt: 0.015625 (2/4)
[ Info: dt: 0.03125 (3/4)
[ Info: dt: 0.0625 (4/4)
[ Info: dt: 0.0078125 (1/4)
[ Info: dt: 0.015625 (2/4)
[ Info: dt: 0.03125 (3/4)
[ Info: dt: 0.0625 (4/4)
[ Info: dt: 0.0078125 (1/4)
[ Info: dt: 0.015625 (2/4)
[ Info: dt: 0.03125 (3/4)
[ Info: dt: 0.0625 (4/4)
[ Info: dt: 0.0078125 (1/4)
[ Info: dt: 0.015625 (2/4)
[ Info: dt: 0.03125 (3/4)
[ Info: dt: 0.0625 (4/4)
[ Info: dt: 0.0078125 (1/4)
[ Info: dt: 0.015625 (2/4)
[ Info: dt: 0.03125 (3/4)
[ Info: dt: 0.0625 (4/4)
[ Info: dt: 0.0078125 (1/4)
[ Info: dt: 0.015625 (2/4)
[ Info: dt: 0.03125 (3/4)
[ Info: dt: 0.0625 (4/4)
[ Info: dt: 0.0078125 (1/4)
[ Info: dt: 0.015625 (2/4)
[ Info: dt: 0.03125 (3/4)
[ Info: dt: 0.0625 (4/4)
[ Info: dt: 0.0078125 (1/4)
[ Info: dt: 0.015625 (2/4)
[ Info: dt: 0.03125 (3/4)
[ Info: dt: 0.0625 (4/4)
[ Info: dt: 0.0078125 (1/4)
[ Info: dt: 0.015625 (2/4)
[ Info: dt: 0.03125 (3/4)
[ Info: dt: 0.0625 (4/4)
[ Info: dt: 0.0078125 (1/4)
[ Info: dt: 0.015625 (2/4)
[ Info: dt: 0.03125 (3/4)
[ Info: dt: 0.0625 (4/4)
[ Info: dt: 0.0078125 (1/4)
[ Info: dt: 0.015625 (2/4)
[ Info: dt: 0.03125 (3/4)
[ Info: dt: 0.0625 (4/4)
.[ Info: dt: 0.0078125 (1/4)
[ Info: dt: 0.015625 (2/4)
[ Info: dt: 0.03125 (3/4)
[ Info: dt: 0.0625 (4/4)
[ Info: dt: 0.0078125 (1/4)
[ Info: dt: 0.015625 (2/4)
[ Info: dt: 0.03125 (3/4)
[ Info: dt: 0.0625 (4/4)
[ Info: dt: 0.0078125 (1/4)
[ Info: dt: 0.015625 (2/4)
[ Info: dt: 0.03125 (3/4)
[ Info: dt: 0.0625 (4/4)
[ Info: dt: 0.0078125 (1/4)
[ Info: dt: 0.015625 (2/4)
[ Info: dt: 0.03125 (3/4)
[ Info: dt: 0.0625 (4/4)
[ Info: dt: 0.0078125 (1/4)
[ Info: dt: 0.015625 (2/4)
[ Info: dt: 0.03125 (3/4)
[ Info: dt: 0.0625 (4/4)
Test Summary:                    | Pass  Total
Two-dimensional Linear SDE Tests |   38     38
501.880900 seconds (534.51 M allocations: 25.455 GiB, 3.99% gc time)
Test Summary:                 | Pass  Total
Element-wise Tolerances Tests |   12     12
303.191836 seconds (269.82 M allocations: 46.448 GiB, 7.07% gc time)
Test Summary:      | Pass  Total
Zero'd Noise Tests |    5      5
 13.632154 seconds (20.31 M allocations: 893.604 MiB, 1.90% gc time)
┌ Warning: Assignment to `sol` in soft scope is ambiguous because a global variable by the same name exists: `sol` will be treated as a new local. Disambiguate by using `local sol` to suppress this warning or `global sol` to assign to the existing global variable.
└ @ ~/.julia/packages/StochasticDiffEq/QywSJ/test/scalar_noise.jl:20
Test Summary: | Pass  Total
Scalar Tests  |    1      1
 50.881162 seconds (52.94 M allocations: 2.227 GiB, 1.74% gc time)
  5.923488 seconds (8.66 M allocations: 429.003 MiB, 2.72% gc time)
  4.327192 seconds (6.21 M allocations: 297.786 MiB, 2.82% gc time)
Test Summary:            | Pass  Total
Stiffness Detection Test |    5      5
 10.695345 seconds (15.42 M allocations: 756.622 MiB, 2.64% gc time)
Test Summary:             | Pass  Total
Adaptive SDE Linear Tests |   16     16
122.118248 seconds (131.46 M allocations: 5.454 GiB, 3.17% gc time)
  4.141011 seconds (6.04 M allocations: 294.259 MiB)
  0.723002 seconds (1.11 M allocations: 58.818 MiB)
Test Summary:   | Pass  Total
Composite Tests |    3      3
 30.823345 seconds (30.10 M allocations: 1.287 GiB, 2.07% gc time)
Test Summary: | Pass  Total
Events Tests  |    7      7
 47.406092 seconds (58.01 M allocations: 2.460 GiB, 2.15% gc time)
Test Summary: |
Cache Tests   | No tests
 32.189343 seconds (35.04 M allocations: 1.468 GiB, 1.56% gc time)
Test Summary:              | Pass  Total
Adaptive Complex Mean Test |    4      4
388.432593 seconds (647.40 M allocations: 44.162 GiB, 4.91% gc time)
WARNING: could not import LinearAlgebra._apply_ipiv! into BandedMatrices
StochasticDiffEq.ImplicitEM
StochasticDiffEq.ISSEM
StochasticDiffEq.SKenCarp
Test Summary: | Pass  Total
Utility Tests |   34     34
164.582575 seconds (111.76 M allocations: 5.600 GiB, 1.22% gc time)
[ Info: dt: 0.0009765625 (1/6)
[ Info: dt: 0.001953125 (2/6)
[ Info: dt: 0.00390625 (3/6)
[ Info: dt: 0.0078125 (4/6)
[ Info: dt: 0.015625 (5/6)
[ Info: dt: 0.03125 (6/6)
[ Info: dt: 0.0009765625 (1/6)
[ Info: dt: 0.001953125 (2/6)
[ Info: dt: 0.00390625 (3/6)
[ Info: dt: 0.0078125 (4/6)
[ Info: dt: 0.015625 (5/6)
[ Info: dt: 0.03125 (6/6)
Test Summary:          | Pass  Total
Non-diagonal SDE Tests |    2      2
100.675279 seconds (125.31 M allocations: 5.925 GiB, 3.40% gc time)
Test Summary:  | Pass  Total
No Index Tests |    6      6
 32.114326 seconds (35.42 M allocations: 1.469 GiB, 2.23% gc time)
1e-1
1e-2
1e-3
Final error for the solutions were:
          0.1068786143208365
          0.0547383514528787
          0.01964404592604225
          0.0013345997867560654
          3.912394553078069e-5
          1.477797159053773e-6
          
Test Summary:                           | Pass  Total
Multiple Dimension Linear Adaptive Test |    4      4
 19.435526 seconds (20.35 M allocations: 886.614 MiB, 5.46% gc time)
Test Summary:     |
Autostepsize Test | No tests
 13.114548 seconds (16.34 M allocations: 684.996 MiB, 1.86% gc time)
Plot 1
Plot 2
Plot 3
Plot 4
Test Summary:                  |
Additive Lorenz Attractor Test | No tests
 19.356474 seconds (19.58 M allocations: 934.684 MiB, 3.09% gc time)
prob_sde_wave[ Info: dt: 0.0009765625 (1/9)
[ Info: dt: 0.001953125 (2/9)
[ Info: dt: 0.00390625 (3/9)
[ Info: dt: 0.0078125 (4/9)
[ Info: dt: 0.015625 (5/9)
[ Info: dt: 0.03125 (6/9)
[ Info: dt: 0.0625 (7/9)
[ Info: dt: 0.125 (8/9)
[ Info: dt: 0.25 (9/9)
[ Info: dt: 0.0009765625 (1/9)
[ Info: dt: 0.001953125 (2/9)
[ Info: dt: 0.00390625 (3/9)
[ Info: dt: 0.0078125 (4/9)
[ Info: dt: 0.015625 (5/9)
[ Info: dt: 0.03125 (6/9)
[ Info: dt: 0.0625 (7/9)
[ Info: dt: 0.125 (8/9)
[ Info: dt: 0.25 (9/9)
[ Info: dt: 0.0009765625 (1/9)
[ Info: dt: 0.001953125 (2/9)
[ Info: dt: 0.00390625 (3/9)
[ Info: dt: 0.0078125 (4/9)
[ Info: dt: 0.015625 (5/9)
[ Info: dt: 0.03125 (6/9)
[ Info: dt: 0.0625 (7/9)
[ Info: dt: 0.125 (8/9)
[ Info: dt: 0.25 (9/9)
[ Info: dt: 0.0009765625 (1/9)
[ Info: dt: 0.001953125 (2/9)
[ Info: dt: 0.00390625 (3/9)
[ Info: dt: 0.0078125 (4/9)
[ Info: dt: 0.015625 (5/9)
[ Info: dt: 0.03125 (6/9)
[ Info: dt: 0.0625 (7/9)
[ Info: dt: 0.125 (8/9)
[ Info: dt: 0.25 (9/9)
[ Info: dt: 0.0009765625 (1/9)
[ Info: dt: 0.001953125 (2/9)
[ Info: dt: 0.00390625 (3/9)
[ Info: dt: 0.0078125 (4/9)
[ Info: dt: 0.015625 (5/9)
[ Info: dt: 0.03125 (6/9)
[ Info: dt: 0.0625 (7/9)
[ Info: dt: 0.125 (8/9)
[ Info: dt: 0.25 (9/9)
[ Info: dt: 0.0009765625 (1/9)
[ Info: dt: 0.001953125 (2/9)
[ Info: dt: 0.00390625 (3/9)
[ Info: dt: 0.0078125 (4/9)
[ Info: dt: 0.015625 (5/9)
[ Info: dt: 0.03125 (6/9)
[ Info: dt: 0.0625 (7/9)
[ Info: dt: 0.125 (8/9)
[ Info: dt: 0.25 (9/9)
[ Info: dt: 0.0009765625 (1/9)
[ Info: dt: 0.001953125 (2/9)
[ Info: dt: 0.00390625 (3/9)
[ Info: dt: 0.0078125 (4/9)
[ Info: dt: 0.015625 (5/9)
[ Info: dt: 0.03125 (6/9)
[ Info: dt: 0.0625 (7/9)
[ Info: dt: 0.125 (8/9)
[ Info: dt: 0.25 (9/9)
[ Info: dt: 0.0009765625 (1/9)
[ Info: dt: 0.001953125 (2/9)
[ Info: dt: 0.00390625 (3/9)
[ Info: dt: 0.0078125 (4/9)
[ Info: dt: 0.015625 (5/9)
[ Info: dt: 0.03125 (6/9)
[ Info: dt: 0.0625 (7/9)
[ Info: dt: 0.125 (8/9)
[ Info: dt: 0.25 (9/9)
[ Info: dt: 0.0009765625 (1/9)
[ Info: dt: 0.001953125 (2/9)
[ Info: dt: 0.00390625 (3/9)
[ Info: dt: 0.0078125 (4/9)
[ Info: dt: 0.015625 (5/9)
[ Info: dt: 0.03125 (6/9)
[ Info: dt: 0.0625 (7/9)
[ Info: dt: 0.125 (8/9)
[ Info: dt: 0.25 (9/9)
.[ Info: dt: 0.0009765625 (1/9)
[ Info: dt: 0.001953125 (2/9)
[ Info: dt: 0.00390625 (3/9)
[ Info: dt: 0.0078125 (4/9)
[ Info: dt: 0.015625 (5/9)
[ Info: dt: 0.03125 (6/9)
[ Info: dt: 0.0625 (7/9)
[ Info: dt: 0.125 (8/9)
[ Info: dt: 0.25 (9/9)
[ Info: dt: 0.0009765625 (1/9)
[ Info: dt: 0.001953125 (2/9)
[ Info: dt: 0.00390625 (3/9)
[ Info: dt: 0.0078125 (4/9)
[ Info: dt: 0.015625 (5/9)
[ Info: dt: 0.03125 (6/9)
[ Info: dt: 0.0625 (7/9)
[ Info: dt: 0.125 (8/9)
[ Info: dt: 0.25 (9/9)
[ Info: dt: 0.0009765625 (1/9)
[ Info: dt: 0.001953125 (2/9)
[ Info: dt: 0.00390625 (3/9)
[ Info: dt: 0.0078125 (4/9)
[ Info: dt: 0.015625 (5/9)
[ Info: dt: 0.03125 (6/9)
[ Info: dt: 0.0625 (7/9)
[ Info: dt: 0.125 (8/9)
[ Info: dt: 0.25 (9/9)
[ Info: dt: 0.0009765625 (1/9)
[ Info: dt: 0.001953125 (2/9)
[ Info: dt: 0.00390625 (3/9)
[ Info: dt: 0.0078125 (4/9)
[ Info: dt: 0.015625 (5/9)
[ Info: dt: 0.03125 (6/9)
[ Info: dt: 0.0625 (7/9)
[ Info: dt: 0.125 (8/9)
[ Info: dt: 0.25 (9/9)
[ Info: dt: 0.0009765625 (1/9)
[ Info: dt: 0.001953125 (2/9)
[ Info: dt: 0.00390625 (3/9)
[ Info: dt: 0.0078125 (4/9)
[ Info: dt: 0.015625 (5/9)
[ Info: dt: 0.03125 (6/9)
[ Info: dt: 0.0625 (7/9)
[ Info: dt: 0.125 (8/9)
[ Info: dt: 0.25 (9/9)
[ Info: dt: 0.0009765625 (1/9)
[ Info: dt: 0.001953125 (2/9)
[ Info: dt: 0.00390625 (3/9)
[ Info: dt: 0.0078125 (4/9)
[ Info: dt: 0.015625 (5/9)
[ Info: dt: 0.03125 (6/9)
[ Info: dt: 0.0625 (7/9)
[ Info: dt: 0.125 (8/9)
[ Info: dt: 0.25 (9/9)
.[ Info: dt: 0.0009765625 (1/9)
[ Info: dt: 0.001953125 (2/9)
[ Info: dt: 0.00390625 (3/9)
[ Info: dt: 0.0078125 (4/9)
[ Info: dt: 0.015625 (5/9)
[ Info: dt: 0.03125 (6/9)
[ Info: dt: 0.0625 (7/9)
[ Info: dt: 0.125 (8/9)
[ Info: dt: 0.25 (9/9)
[ Info: dt: 0.0009765625 (1/9)
[ Info: dt: 0.001953125 (2/9)
[ Info: dt: 0.00390625 (3/9)
[ Info: dt: 0.0078125 (4/9)
[ Info: dt: 0.015625 (5/9)
[ Info: dt: 0.03125 (6/9)
[ Info: dt: 0.0625 (7/9)
[ Info: dt: 0.125 (8/9)
[ Info: dt: 0.25 (9/9)
[ Info: dt: 0.0009765625 (1/9)
[ Info: dt: 0.001953125 (2/9)
[ Info: dt: 0.00390625 (3/9)
[ Info: dt: 0.0078125 (4/9)
[ Info: dt: 0.015625 (5/9)
[ Info: dt: 0.03125 (6/9)
[ Info: dt: 0.0625 (7/9)
[ Info: dt: 0.125 (8/9)
[ Info: dt: 0.25 (9/9)
[ Info: dt: 0.0009765625 (1/9)
[ Info: dt: 0.001953125 (2/9)
[ Info: dt: 0.00390625 (3/9)
[ Info: dt: 0.0078125 (4/9)
[ Info: dt: 0.015625 (5/9)
[ Info: dt: 0.03125 (6/9)
[ Info: dt: 0.0625 (7/9)
[ Info: dt: 0.125 (8/9)
[ Info: dt: 0.25 (9/9)
[ Info: dt: 0.0009765625 (1/9)
[ Info: dt: 0.001953125 (2/9)
[ Info: dt: 0.00390625 (3/9)
[ Info: dt: 0.0078125 (4/9)
[ Info: dt: 0.015625 (5/9)
[ Info: dt: 0.03125 (6/9)
[ Info: dt: 0.0625 (7/9)
[ Info: dt: 0.125 (8/9)
[ Info: dt: 0.25 (9/9)
[ Info: dt: 0.0009765625 (1/9)
[ Info: dt: 0.001953125 (2/9)
[ Info: dt: 0.00390625 (3/9)
[ Info: dt: 0.0078125 (4/9)
[ Info: dt: 0.015625 (5/9)
[ Info: dt: 0.03125 (6/9)
[ Info: dt: 0.0625 (7/9)
[ Info: dt: 0.125 (8/9)
[ Info: dt: 0.25 (9/9)
[ Info: dt: 0.0009765625 (1/9)
[ Info: dt: 0.001953125 (2/9)
[ Info: dt: 0.00390625 (3/9)
[ Info: dt: 0.0078125 (4/9)
[ Info: dt: 0.015625 (5/9)
[ Info: dt: 0.03125 (6/9)
[ Info: dt: 0.0625 (7/9)
[ Info: dt: 0.125 (8/9)
[ Info: dt: 0.25 (9/9)
[ Info: dt: 0.0009765625 (1/9)
[ Info: dt: 0.001953125 (2/9)
[ Info: dt: 0.00390625 (3/9)
[ Info: dt: 0.0078125 (4/9)
[ Info: dt: 0.015625 (5/9)
[ Info: dt: 0.03125 (6/9)
[ Info: dt: 0.0625 (7/9)
[ Info: dt: 0.125 (8/9)
[ Info: dt: 0.25 (9/9)
[ Info: dt: 0.0009765625 (1/9)
[ Info: dt: 0.001953125 (2/9)
[ Info: dt: 0.00390625 (3/9)
[ Info: dt: 0.0078125 (4/9)
[ Info: dt: 0.015625 (5/9)
[ Info: dt: 0.03125 (6/9)
[ Info: dt: 0.0625 (7/9)
[ Info: dt: 0.125 (8/9)
[ Info: dt: 0.25 (9/9)
[ Info: dt: 0.0009765625 (1/9)
[ Info: dt: 0.001953125 (2/9)
[ Info: dt: 0.00390625 (3/9)
[ Info: dt: 0.0078125 (4/9)
[ Info: dt: 0.015625 (5/9)
[ Info: dt: 0.03125 (6/9)
[ Info: dt: 0.0625 (7/9)
[ Info: dt: 0.125 (8/9)
[ Info: dt: 0.25 (9/9)
[ Info: dt: 0.0009765625 (1/9)
[ Info: dt: 0.001953125 (2/9)
[ Info: dt: 0.00390625 (3/9)
[ Info: dt: 0.0078125 (4/9)
[ Info: dt: 0.015625 (5/9)
[ Info: dt: 0.03125 (6/9)
[ Info: dt: 0.0625 (7/9)
[ Info: dt: 0.125 (8/9)
[ Info: dt: 0.25 (9/9)
[ Info: dt: 0.0009765625 (1/9)
[ Info: dt: 0.001953125 (2/9)
[ Info: dt: 0.00390625 (3/9)
[ Info: dt: 0.0078125 (4/9)
[ Info: dt: 0.015625 (5/9)
[ Info: dt: 0.03125 (6/9)
[ Info: dt: 0.0625 (7/9)
[ Info: dt: 0.125 (8/9)
[ Info: dt: 0.25 (9/9)
[ Info: dt: 0.0009765625 (1/9)
[ Info: dt: 0.001953125 (2/9)
[ Info: dt: 0.00390625 (3/9)
[ Info: dt: 0.0078125 (4/9)
[ Info: dt: 0.015625 (5/9)
[ Info: dt: 0.03125 (6/9)
[ Info: dt: 0.0625 (7/9)
[ Info: dt: 0.125 (8/9)
[ Info: dt: 0.25 (9/9)
[ Info: dt: 0.0009765625 (1/9)
[ Info: dt: 0.001953125 (2/9)
[ Info: dt: 0.00390625 (3/9)
[ Info: dt: 0.0078125 (4/9)
[ Info: dt: 0.015625 (5/9)
[ Info: dt: 0.03125 (6/9)
[ Info: dt: 0.0625 (7/9)
[ Info: dt: 0.125 (8/9)
[ Info: dt: 0.25 (9/9)
[ Info: dt: 0.0009765625 (1/9)
[ Info: dt: 0.001953125 (2/9)
[ Info: dt: 0.00390625 (3/9)
[ Info: dt: 0.0078125 (4/9)
[ Info: dt: 0.015625 (5/9)
[ Info: dt: 0.03125 (6/9)
[ Info: dt: 0.0625 (7/9)
[ Info: dt: 0.125 (8/9)
[ Info: dt: 0.25 (9/9)
[ Info: dt: 0.0009765625 (1/9)
[ Info: dt: 0.001953125 (2/9)
[ Info: dt: 0.00390625 (3/9)
[ Info: dt: 0.0078125 (4/9)
[ Info: dt: 0.015625 (5/9)
[ Info: dt: 0.03125 (6/9)
[ Info: dt: 0.0625 (7/9)
[ Info: dt: 0.125 (8/9)
[ Info: dt: 0.25 (9/9)

prob_sde_cubic[ Info: dt: 0.0009765625 (1/9)
[ Info: dt: 0.001953125 (2/9)
[ Info: dt: 0.00390625 (3/9)
[ Info: dt: 0.0078125 (4/9)
[ Info: dt: 0.015625 (5/9)
[ Info: dt: 0.03125 (6/9)
[ Info: dt: 0.0625 (7/9)
[ Info: dt: 0.125 (8/9)
[ Info: dt: 0.25 (9/9)
[ Info: dt: 0.0009765625 (1/9)
[ Info: dt: 0.001953125 (2/9)
[ Info: dt: 0.00390625 (3/9)
[ Info: dt: 0.0078125 (4/9)
[ Info: dt: 0.015625 (5/9)
[ Info: dt: 0.03125 (6/9)
[ Info: dt: 0.0625 (7/9)
[ Info: dt: 0.125 (8/9)
[ Info: dt: 0.25 (9/9)
[ Info: dt: 0.0009765625 (1/9)
[ Info: dt: 0.001953125 (2/9)
[ Info: dt: 0.00390625 (3/9)
[ Info: dt: 0.0078125 (4/9)
[ Info: dt: 0.015625 (5/9)
[ Info: dt: 0.03125 (6/9)
[ Info: dt: 0.0625 (7/9)
[ Info: dt: 0.125 (8/9)
[ Info: dt: 0.25 (9/9)
[ Info: dt: 0.0009765625 (1/9)
[ Info: dt: 0.001953125 (2/9)
[ Info: dt: 0.00390625 (3/9)
[ Info: dt: 0.0078125 (4/9)
[ Info: dt: 0.015625 (5/9)
[ Info: dt: 0.03125 (6/9)
[ Info: dt: 0.0625 (7/9)
[ Info: dt: 0.125 (8/9)
[ Info: dt: 0.25 (9/9)
[ Info: dt: 0.0009765625 (1/9)
[ Info: dt: 0.001953125 (2/9)
[ Info: dt: 0.00390625 (3/9)
[ Info: dt: 0.0078125 (4/9)
[ Info: dt: 0.015625 (5/9)
[ Info: dt: 0.03125 (6/9)
[ Info: dt: 0.0625 (7/9)
[ Info: dt: 0.125 (8/9)
[ Info: dt: 0.25 (9/9)
[ Info: dt: 0.0009765625 (1/9)
[ Info: dt: 0.001953125 (2/9)
[ Info: dt: 0.00390625 (3/9)
[ Info: dt: 0.0078125 (4/9)
[ Info: dt: 0.015625 (5/9)
[ Info: dt: 0.03125 (6/9)
[ Info: dt: 0.0625 (7/9)
[ Info: dt: 0.125 (8/9)
[ Info: dt: 0.25 (9/9)
[ Info: dt: 0.0009765625 (1/9)
[ Info: dt: 0.001953125 (2/9)
[ Info: dt: 0.00390625 (3/9)
[ Info: dt: 0.0078125 (4/9)
[ Info: dt: 0.015625 (5/9)
[ Info: dt: 0.03125 (6/9)
[ Info: dt: 0.0625 (7/9)
[ Info: dt: 0.125 (8/9)
[ Info: dt: 0.25 (9/9)
.[ Info: dt: 0.0009765625 (1/9)
[ Info: dt: 0.001953125 (2/9)
[ Info: dt: 0.00390625 (3/9)
[ Info: dt: 0.0078125 (4/9)
[ Info: dt: 0.015625 (5/9)
[ Info: dt: 0.03125 (6/9)
[ Info: dt: 0.0625 (7/9)
[ Info: dt: 0.125 (8/9)
[ Info: dt: 0.25 (9/9)
[ Info: dt: 0.0009765625 (1/9)
[ Info: dt: 0.001953125 (2/9)
[ Info: dt: 0.00390625 (3/9)
[ Info: dt: 0.0078125 (4/9)
[ Info: dt: 0.015625 (5/9)
[ Info: dt: 0.03125 (6/9)
[ Info: dt: 0.0625 (7/9)
[ Info: dt: 0.125 (8/9)
[ Info: dt: 0.25 (9/9)
[ Info: dt: 0.0009765625 (1/9)
[ Info: dt: 0.001953125 (2/9)
[ Info: dt: 0.00390625 (3/9)
[ Info: dt: 0.0078125 (4/9)
[ Info: dt: 0.015625 (5/9)
[ Info: dt: 0.03125 (6/9)
[ Info: dt: 0.0625 (7/9)
[ Info: dt: 0.125 (8/9)
[ Info: dt: 0.25 (9/9)
[ Info: dt: 0.0009765625 (1/9)
[ Info: dt: 0.001953125 (2/9)
[ Info: dt: 0.00390625 (3/9)
[ Info: dt: 0.0078125 (4/9)
[ Info: dt: 0.015625 (5/9)
[ Info: dt: 0.03125 (6/9)
[ Info: dt: 0.0625 (7/9)
[ Info: dt: 0.125 (8/9)
[ Info: dt: 0.25 (9/9)
[ Info: dt: 0.0009765625 (1/9)
[ Info: dt: 0.001953125 (2/9)
[ Info: dt: 0.00390625 (3/9)
[ Info: dt: 0.0078125 (4/9)
[ Info: dt: 0.015625 (5/9)
[ Info: dt: 0.03125 (6/9)
[ Info: dt: 0.0625 (7/9)
[ Info: dt: 0.125 (8/9)
[ Info: dt: 0.25 (9/9)
[ Info: dt: 0.0009765625 (1/9)
[ Info: dt: 0.001953125 (2/9)
[ Info: dt: 0.00390625 (3/9)
[ Info: dt: 0.0078125 (4/9)
[ Info: dt: 0.015625 (5/9)
[ Info: dt: 0.03125 (6/9)
[ Info: dt: 0.0625 (7/9)
[ Info: dt: 0.125 (8/9)
[ Info: dt: 0.25 (9/9)
.