Julia Version 1.3.1
Commit 2d5741174c (2019-12-30 21:36 UTC)
Platform Info:
  OS: Linux (x86_64-pc-linux-gnu)
  CPU: AMD Ryzen Threadripper 2990WX 32-Core Processor
  WORD_SIZE: 64
  LIBM: libopenlibm
  LLVM: libLLVM-6.0.1 (ORCJIT, znver1)
Environment:
  JULIA_DEPOT_PATH = ::/usr/local/share/julia
  JULIA_NUM_THREADS = 2

 Resolving package versions...
 Installed NaNMath ────────────────────── v0.3.3
 Installed Rmath_jll ──────────────────── v0.2.2+0
 Installed StatsFuns ──────────────────── v0.9.4
 Installed QuadGK ─────────────────────── v2.3.1
 Installed IterTools ──────────────────── v1.3.0
 Installed StatsBase ──────────────────── v0.32.2
 Installed MLJBase ────────────────────── v0.7.5
 Installed PaddedViews ────────────────── v0.5.3
 Installed IntelOpenMP_jll ────────────── v2018.0.3+0
 Installed RangeArrays ────────────────── v0.3.2
 Installed OpenBLAS_jll ───────────────── v0.3.7+7
 Installed MacroTools ─────────────────── v0.5.4
 Installed StratiGraphics ─────────────── v0.2.1
 Installed CategoricalArrays ──────────── v0.7.7
 Installed DataFrames ─────────────────── v0.18.4
 Installed EllipsisNotation ───────────── v0.4.0
 Installed CompilerSupportLibraries_jll ─ v0.2.0+1
 Installed ImageCore ──────────────────── v0.8.12
 Installed FillArrays ─────────────────── v0.8.5
 Installed DataAPI ────────────────────── v1.1.0
 Installed ComputationalResources ─────── v0.3.1
 Installed FFTViews ───────────────────── v0.3.1
 Installed Arpack_jll ─────────────────── v3.5.0+2
 Installed FilePathsBase ──────────────── v0.7.0
 Installed LearnBase ──────────────────── v0.2.2
 Installed SimpleTraits ───────────────── v0.9.1
 Installed AverageShiftedHistograms ───── v0.8.2
 Installed DataValueInterfaces ────────── v1.0.0
 Installed Arpack ─────────────────────── v0.4.0
 Installed StaticArrays ───────────────── v0.11.1
 Installed MappedArrays ───────────────── v0.2.2
 Installed ImageMetadata ──────────────── v0.9.0
 Installed Requires ───────────────────── v1.0.1
 Installed AxisArrays ─────────────────── v0.4.2
 Installed FFTW ───────────────────────── v1.2.0
 Installed CSV ────────────────────────── v0.5.23
 Installed UnicodePlots ───────────────── v1.2.0
 Installed GeoStatsBase ───────────────── v0.6.1
 Installed RecipesBase ────────────────── v0.7.0
 Installed DataStructures ─────────────── v0.17.10
 Installed CatIndices ─────────────────── v0.2.1
 Installed IteratorInterfaceExtensions ── v1.0.0
 Installed SpecialFunctions ───────────── v0.9.0
 Installed Distances ──────────────────── v0.8.2
 Installed NearestNeighbors ───────────── v0.4.4
 Installed ColorVectorSpace ───────────── v0.8.3
 Installed Distributions ──────────────── v0.21.12
 Installed ColorTypes ─────────────────── v0.8.1
 Installed WeakRefStrings ─────────────── v0.6.2
 Installed Compat ─────────────────────── v2.2.0
 Installed OffsetArrays ───────────────── v1.0.3
 Installed FixedPointNumbers ──────────── v0.7.1
 Installed Parsers ────────────────────── v0.3.12
 Installed AbstractFFTs ───────────────── v0.5.0
 Installed IntervalSets ───────────────── v0.4.0
 Installed CustomUnitRanges ───────────── v1.0.0
 Installed Crayons ────────────────────── v4.0.1
 Installed Rmath ──────────────────────── v0.6.1
 Installed JSON ───────────────────────── v0.21.0
 Installed Colors ─────────────────────── v0.10.2
 Installed SortingAlgorithms ──────────── v0.3.1
 Installed ImageAxes ──────────────────── v0.6.4
 Installed TableTraits ────────────────── v1.0.0
 Installed PDMats ─────────────────────── v0.9.12
 Installed Tables ─────────────────────── v0.2.11
 Installed LossFunctions ──────────────── v0.5.1
 Installed PooledArrays ───────────────── v0.5.3
 Installed Reexport ───────────────────── v0.2.0
 Installed OrderedCollections ─────────── v1.1.0
 Installed TiledIteration ─────────────── v0.2.4
 Installed Parameters ─────────────────── v0.12.0
 Installed ScientificTypes ────────────── v0.2.7
 Installed MKL_jll ────────────────────── v2019.0.117+2
 Installed IndirectArrays ─────────────── v0.5.1
 Installed Missings ───────────────────── v0.4.3
 Installed OpenSpecFun_jll ────────────── v0.5.3+3
 Installed FFTW_jll ───────────────────── v3.3.9+4
 Installed ImageFiltering ─────────────── v0.6.11
 Installed Graphics ───────────────────── v1.0.2
  Updating `~/.julia/environments/v1.3/Project.toml`
  [135379e1] + StratiGraphics v0.2.1
  Updating `~/.julia/environments/v1.3/Manifest.toml`
  [621f4979] + AbstractFFTs v0.5.0
  [7d9fca2a] + Arpack v0.4.0
  [68821587] + Arpack_jll v3.5.0+2
  [77b51b56] + AverageShiftedHistograms v0.8.2
  [39de3d68] + AxisArrays v0.4.2
  [336ed68f] + CSV v0.5.23
  [aafaddc9] + CatIndices v0.2.1
  [324d7699] + CategoricalArrays v0.7.7
  [3da002f7] + ColorTypes v0.8.1
  [c3611d14] + ColorVectorSpace v0.8.3
  [5ae59095] + Colors v0.10.2
  [34da2185] + Compat v2.2.0
  [e66e0078] + CompilerSupportLibraries_jll v0.2.0+1
  [ed09eef8] + ComputationalResources v0.3.1
  [a8cc5b0e] + Crayons v4.0.1
  [dc8bdbbb] + CustomUnitRanges v1.0.0
  [9a962f9c] + DataAPI v1.1.0
  [a93c6f00] + DataFrames v0.18.4
  [864edb3b] + DataStructures v0.17.10
  [e2d170a0] + DataValueInterfaces v1.0.0
  [b4f34e82] + Distances v0.8.2
  [31c24e10] + Distributions v0.21.12
  [da5c29d0] + EllipsisNotation v0.4.0
  [4f61f5a4] + FFTViews v0.3.1
  [7a1cc6ca] + FFTW v1.2.0
  [f5851436] + FFTW_jll v3.3.9+4
  [48062228] + FilePathsBase v0.7.0
  [1a297f60] + FillArrays v0.8.5
  [53c48c17] + FixedPointNumbers v0.7.1
  [323cb8eb] + GeoStatsBase v0.6.1
  [a2bd30eb] + Graphics v1.0.2
  [2803e5a7] + ImageAxes v0.6.4
  [a09fc81d] + ImageCore v0.8.12
  [6a3955dd] + ImageFiltering v0.6.11
  [bc367c6b] + ImageMetadata v0.9.0
  [9b13fd28] + IndirectArrays v0.5.1
  [1d5cc7b8] + IntelOpenMP_jll v2018.0.3+0
  [8197267c] + IntervalSets v0.4.0
  [c8e1da08] + IterTools v1.3.0
  [82899510] + IteratorInterfaceExtensions v1.0.0
  [682c06a0] + JSON v0.21.0
  [7f8f8fb0] + LearnBase v0.2.2
  [30fc2ffe] + LossFunctions v0.5.1
  [856f044c] + MKL_jll v2019.0.117+2
  [a7f614a8] + MLJBase v0.7.5
  [1914dd2f] + MacroTools v0.5.4
  [dbb5928d] + MappedArrays v0.2.2
  [e1d29d7a] + Missings v0.4.3
  [77ba4419] + NaNMath v0.3.3
  [b8a86587] + NearestNeighbors v0.4.4
  [6fe1bfb0] + OffsetArrays v1.0.3
  [4536629a] + OpenBLAS_jll v0.3.7+7
  [efe28fd5] + OpenSpecFun_jll v0.5.3+3
  [bac558e1] + OrderedCollections v1.1.0
  [90014a1f] + PDMats v0.9.12
  [5432bcbf] + PaddedViews v0.5.3
  [d96e819e] + Parameters v0.12.0
  [69de0a69] + Parsers v0.3.12
  [2dfb63ee] + PooledArrays v0.5.3
  [1fd47b50] + QuadGK v2.3.1
  [b3c3ace0] + RangeArrays v0.3.2
  [3cdcf5f2] + RecipesBase v0.7.0
  [189a3867] + Reexport v0.2.0
  [ae029012] + Requires v1.0.1
  [79098fc4] + Rmath v0.6.1
  [f50d1b31] + Rmath_jll v0.2.2+0
  [321657f4] + ScientificTypes v0.2.7
  [699a6c99] + SimpleTraits v0.9.1
  [a2af1166] + SortingAlgorithms v0.3.1
  [276daf66] + SpecialFunctions v0.9.0
  [90137ffa] + StaticArrays v0.11.1
  [2913bbd2] + StatsBase v0.32.2
  [4c63d2b9] + StatsFuns v0.9.4
  [135379e1] + StratiGraphics v0.2.1
  [3783bdb8] + TableTraits v1.0.0
  [bd369af6] + Tables v0.2.11
  [06e1c1a7] + TiledIteration v0.2.4
  [b8865327] + UnicodePlots v1.2.0
  [ea10d353] + WeakRefStrings v0.6.2
  [2a0f44e3] + Base64 
  [ade2ca70] + Dates 
  [8bb1440f] + DelimitedFiles 
  [8ba89e20] + Distributed 
  [9fa8497b] + Future 
  [b77e0a4c] + InteractiveUtils 
  [76f85450] + LibGit2 
  [8f399da3] + Libdl 
  [37e2e46d] + LinearAlgebra 
  [56ddb016] + Logging 
  [d6f4376e] + Markdown 
  [a63ad114] + Mmap 
  [44cfe95a] + Pkg 
  [de0858da] + Printf 
  [3fa0cd96] + REPL 
  [9a3f8284] + Random 
  [ea8e919c] + SHA 
  [9e88b42a] + Serialization 
  [1a1011a3] + SharedArrays 
  [6462fe0b] + Sockets 
  [2f01184e] + SparseArrays 
  [10745b16] + Statistics 
  [4607b0f0] + SuiteSparse 
  [8dfed614] + Test 
  [cf7118a7] + UUIDs 
  [4ec0a83e] + Unicode 
  Building FFTW → `~/.julia/packages/FFTW/qqcBj/deps/build.log`
   Testing StratiGraphics
 Resolving package versions...
ERROR: Unsatisfiable requirements detected for package Plots [91a5bcdd]:
 Plots [91a5bcdd] log:
 ├─possible versions are: [0.12.1-0.12.4, 0.13.0-0.13.1, 0.14.0-0.14.2, 0.15.0-0.15.1, 0.16.0, 0.17.0-0.17.4, 0.18.0, 0.19.0-0.19.3, 0.20.0-0.20.6, 0.21.0, 0.22.0-0.22.5, 0.23.0-0.23.2, 0.24.0, 0.25.0-0.25.3, 0.26.0-0.26.3, 0.27.0-0.27.1, 0.28.0-0.28.4, 0.29.0-0.29.7] or uninstalled
 ├─restricted to versions * by an explicit requirement, leaving only versions [0.12.1-0.12.4, 0.13.0-0.13.1, 0.14.0-0.14.2, 0.15.0-0.15.1, 0.16.0, 0.17.0-0.17.4, 0.18.0, 0.19.0-0.19.3, 0.20.0-0.20.6, 0.21.0, 0.22.0-0.22.5, 0.23.0-0.23.2, 0.24.0, 0.25.0-0.25.3, 0.26.0-0.26.3, 0.27.0-0.27.1, 0.28.0-0.28.4, 0.29.0-0.29.7]
 ├─restricted by compatibility requirements with Requires [ae029012] to versions: [0.28.4, 0.29.0-0.29.7] or uninstalled, leaving only versions: [0.28.4, 0.29.0-0.29.7]
 │ └─Requires [ae029012] log:
 │   ├─possible versions are: [0.5.0-0.5.2, 1.0.0-1.0.1] or uninstalled
 │   └─restricted to versions 1.0.1 by an explicit requirement, leaving only versions 1.0.1
 ├─restricted by compatibility requirements with RecipesBase [3cdcf5f2] to versions: [0.12.1-0.12.4, 0.13.0-0.13.1, 0.14.0-0.14.2, 0.15.0-0.15.1, 0.16.0, 0.17.0-0.17.4, 0.18.0, 0.19.0-0.19.3, 0.20.0-0.20.6, 0.21.0, 0.22.0-0.22.5, 0.23.0-0.23.2, 0.24.0, 0.25.0-0.25.3, 0.26.0-0.26.3, 0.27.0-0.27.1, 0.28.0-0.28.4] or uninstalled, leaving only versions: 0.28.4
 │ └─RecipesBase [3cdcf5f2] log:
 │   ├─possible versions are: [0.4.0, 0.5.0, 0.6.0, 0.7.0, 0.8.0] or uninstalled
 │   └─restricted to versions 0.7.0 by an explicit requirement, leaving only versions 0.7.0
 └─restricted by compatibility requirements with FixedPointNumbers [53c48c17] to versions: 0.29.0-0.29.7 or uninstalled — no versions left
   └─FixedPointNumbers [53c48c17] log:
     ├─possible versions are: [0.5.0-0.5.3, 0.6.0-0.6.1, 0.7.0-0.7.1, 0.8.0] or uninstalled
     └─restricted to versions 0.7.1 by an explicit requirement, leaving only versions 0.7.1
Stacktrace:
 [1] #propagate_constraints!#61(::Bool, ::typeof(Pkg.GraphType.propagate_constraints!), ::Pkg.GraphType.Graph, ::Set{Int64}) at /buildworker/worker/package_linux64/build/usr/share/julia/stdlib/v1.3/Pkg/src/GraphType.jl:1007
 [2] propagate_constraints! at /buildworker/worker/package_linux64/build/usr/share/julia/stdlib/v1.3/Pkg/src/GraphType.jl:948 [inlined]
 [3] #simplify_graph!#121(::Bool, ::typeof(Pkg.GraphType.simplify_graph!), ::Pkg.GraphType.Graph, ::Set{Int64}) at /buildworker/worker/package_linux64/build/usr/share/julia/stdlib/v1.3/Pkg/src/GraphType.jl:1462
 [4] simplify_graph! at /buildworker/worker/package_linux64/build/usr/share/julia/stdlib/v1.3/Pkg/src/GraphType.jl:1462 [inlined]
 [5] _resolve_versions!(::Pkg.Types.Context, ::Array{Pkg.Types.PackageSpec,1}, ::Nothing) at /buildworker/worker/package_linux64/build/usr/share/julia/stdlib/v1.3/Pkg/src/backwards_compatible_isolation.jl:148
 [6] _resolve_versions! at /buildworker/worker/package_linux64/build/usr/share/julia/stdlib/v1.3/Pkg/src/backwards_compatible_isolation.jl:93 [inlined]
 [7] #_add_or_develop#26(::Array{Base.UUID,1}, ::Symbol, ::typeof(Pkg.Operations._add_or_develop), ::Pkg.Types.Context, ::Array{Pkg.Types.PackageSpec,1}) at /buildworker/worker/package_linux64/build/usr/share/julia/stdlib/v1.3/Pkg/src/backwards_compatible_isolation.jl:348
 [8] _add_or_develop at /buildworker/worker/package_linux64/build/usr/share/julia/stdlib/v1.3/Pkg/src/backwards_compatible_isolation.jl:333 [inlined]
 [9] (::Pkg.Operations.var"#30#36"{Bool,Pkg.Operations.var"#42#44"{Pkg.Types.Context,Pkg.Types.PackageSpec,Pkg.Operations.var"#41#43"{Pkg.Types.Context,Pkg.Types.PackageSpec,Array{String,1},Cmd}},Pkg.Types.Context,Pkg.Types.PackageSpec,Pkg.Types.Context,Set{Base.UUID},Set{Base.UUID},Array{Pkg.Types.PackageSpec,1}})(::String) at /buildworker/worker/package_linux64/build/usr/share/julia/stdlib/v1.3/Pkg/src/backwards_compatible_isolation.jl:537
 [10] #mktempdir#18(::String, ::typeof(mktempdir), ::Pkg.Operations.var"#30#36"{Bool,Pkg.Operations.var"#42#44"{Pkg.Types.Context,Pkg.Types.PackageSpec,Pkg.Operations.var"#41#43"{Pkg.Types.Context,Pkg.Types.PackageSpec,Array{String,1},Cmd}},Pkg.Types.Context,Pkg.Types.PackageSpec,Pkg.Types.Context,Set{Base.UUID},Set{Base.UUID},Array{Pkg.Types.PackageSpec,1}}, ::String) at ./file.jl:634
 [11] mktempdir at ./file.jl:632 [inlined] (repeats 2 times)
 [12] #with_dependencies_loadable_at_toplevel#27(::Bool, ::typeof(Pkg.Operations.with_dependencies_loadable_at_toplevel), ::Pkg.Operations.var"#42#44"{Pkg.Types.Context,Pkg.Types.PackageSpec,Pkg.Operations.var"#41#43"{Pkg.Types.Context,Pkg.Types.PackageSpec,Array{String,1},Cmd}}, ::Pkg.Types.Context, ::Pkg.Types.PackageSpec) at /buildworker/worker/package_linux64/build/usr/share/julia/stdlib/v1.3/Pkg/src/backwards_compatible_isolation.jl:516
 [13] #with_dependencies_loadable_at_toplevel at ./none:0 [inlined]
 [14] #backwards_compatibility_for_test#40(::Cmd, ::Cmd, ::typeof(Pkg.Operations.backwards_compatibility_for_test), ::Pkg.Types.Context, ::Pkg.Types.PackageSpec, ::String, ::Array{String,1}, ::Bool) at /buildworker/worker/package_linux64/build/usr/share/julia/stdlib/v1.3/Pkg/src/backwards_compatible_isolation.jl:608
 [15] #backwards_compatibility_for_test at ./none:0 [inlined]
 [16] #test#131(::Bool, ::Nothing, ::Cmd, ::Cmd, ::typeof(Pkg.Operations.test), ::Pkg.Types.Context, ::Array{Pkg.Types.PackageSpec,1}) at /buildworker/worker/package_linux64/build/usr/share/julia/stdlib/v1.3/Pkg/src/Operations.jl:1347
 [17] #test at ./none:0 [inlined]
 [18] #test#62(::Bool, ::Nothing, ::Cmd, ::Cmd, ::Base.Iterators.Pairs{Union{},Union{},Tuple{},NamedTuple{(),Tuple{}}}, ::typeof(Pkg.API.test), ::Pkg.Types.Context, ::Array{Pkg.Types.PackageSpec,1}) at /buildworker/worker/package_linux64/build/usr/share/julia/stdlib/v1.3/Pkg/src/API.jl:253
 [19] test(::Pkg.Types.Context, ::Array{Pkg.Types.PackageSpec,1}) at /buildworker/worker/package_linux64/build/usr/share/julia/stdlib/v1.3/Pkg/src/API.jl:239
 [20] #test#61 at /buildworker/worker/package_linux64/build/usr/share/julia/stdlib/v1.3/Pkg/src/API.jl:233 [inlined]
 [21] test at /buildworker/worker/package_linux64/build/usr/share/julia/stdlib/v1.3/Pkg/src/API.jl:233 [inlined]
 [22] #test#60 at /buildworker/worker/package_linux64/build/usr/share/julia/stdlib/v1.3/Pkg/src/API.jl:232 [inlined]
 [23] test at /buildworker/worker/package_linux64/build/usr/share/julia/stdlib/v1.3/Pkg/src/API.jl:232 [inlined]
 [24] #test#59(::Base.Iterators.Pairs{Union{},Union{},Tuple{},NamedTuple{(),Tuple{}}}, ::typeof(Pkg.API.test), ::String) at /buildworker/worker/package_linux64/build/usr/share/julia/stdlib/v1.3/Pkg/src/API.jl:231
 [25] test(::String) at /buildworker/worker/package_linux64/build/usr/share/julia/stdlib/v1.3/Pkg/src/API.jl:231
 [26] top-level scope at none:13
