Julia Version 1.4.0
Commit b8e9a9ecc6 (2020-03-21 16:36 UTC)
Platform Info:
  OS: Linux (x86_64-pc-linux-gnu)
  CPU: AMD Ryzen Threadripper 2990WX 32-Core Processor
  WORD_SIZE: 64
  LIBM: libopenlibm
  LLVM: libLLVM-8.0.1 (ORCJIT, znver1)
Environment:
  JULIA_DEPOT_PATH = ::/usr/local/share/julia
  JULIA_NUM_THREADS = 2

  Resolving package versions...
  Installed TimerOutputs ─────── v0.5.3
  Installed Primes ───────────── v0.4.0
  Installed BinaryProvider ───── v0.5.8
  Installed TensorOperations ─── v2.1.4
  Installed CUDAdrv ──────────── v6.0.0
  Installed TensorKit ────────── v0.2.2
  Installed LLVM ─────────────── v1.3.4
  Installed CuArrays ─────────── v1.7.3
  Installed CEnum ────────────── v0.2.0
  Installed Strided ──────────── v0.3.3
  Installed LRUCache ─────────── v1.1.0
  Installed AbstractFFTs ─────── v0.5.0
  Installed WignerSymbols ────── v1.1.0
  Installed HalfIntegers ─────── v1.1.0
  Installed DataStructures ───── v0.17.11
  Installed Requires ─────────── v1.0.1
  Installed TupleTools ───────── v1.2.0
  Installed RationalRoots ────── v0.1.0
  Installed GPUArrays ────────── v2.0.1
  Installed Adapt ────────────── v1.0.1
  Installed CUDAapi ──────────── v3.1.0
  Installed NNlib ────────────── v0.6.6
  Installed MacroTools ───────── v0.5.5
  Installed CUDAnative ───────── v2.10.2
  Installed OrderedCollections ─ v1.1.0
   Updating `~/.julia/environments/v1.4/Project.toml`
  [07d1fe3e] + TensorKit v0.2.2
   Updating `~/.julia/environments/v1.4/Manifest.toml`
  [621f4979] + AbstractFFTs v0.5.0
  [79e6a3ab] + Adapt v1.0.1
  [b99e7846] + BinaryProvider v0.5.8
  [fa961155] + CEnum v0.2.0
  [3895d2a7] + CUDAapi v3.1.0
  [c5f51814] + CUDAdrv v6.0.0
  [be33ccc6] + CUDAnative v2.10.2
  [3a865a2d] + CuArrays v1.7.3
  [864edb3b] + DataStructures v0.17.11
  [0c68f7d7] + GPUArrays v2.0.1
  [f0d1745a] + HalfIntegers v1.1.0
  [929cbde3] + LLVM v1.3.4
  [8ac3fa9e] + LRUCache v1.1.0
  [1914dd2f] + MacroTools v0.5.5
  [872c559c] + NNlib v0.6.6
  [bac558e1] + OrderedCollections v1.1.0
  [27ebfcd6] + Primes v0.4.0
  [308eb6b3] + RationalRoots v0.1.0
  [ae029012] + Requires v1.0.1
  [5e0ebb24] + Strided v0.3.3
  [07d1fe3e] + TensorKit v0.2.2
  [6aa20fa7] + TensorOperations v2.1.4
  [a759f4b9] + TimerOutputs v0.5.3
  [9d95972d] + TupleTools v1.2.0
  [9f57e263] + WignerSymbols v1.1.0
  [2a0f44e3] + Base64 
  [8ba89e20] + Distributed 
  [b77e0a4c] + InteractiveUtils 
  [8f399da3] + Libdl 
  [37e2e46d] + LinearAlgebra 
  [56ddb016] + Logging 
  [d6f4376e] + Markdown 
  [de0858da] + Printf 
  [9a3f8284] + Random 
  [ea8e919c] + SHA 
  [9e88b42a] + Serialization 
  [6462fe0b] + Sockets 
  [2f01184e] + SparseArrays 
  [10745b16] + Statistics 
  [8dfed614] + Test 
  [cf7118a7] + UUIDs 
  [4ec0a83e] + Unicode 
   Building NNlib → `~/.julia/packages/NNlib/FAI3o/deps/build.log`
    Testing TensorKit
Status `/tmp/jl_a1k0E4/Manifest.toml`
  [621f4979] AbstractFFTs v0.5.0
  [79e6a3ab] Adapt v1.0.1
  [b99e7846] BinaryProvider v0.5.8
  [fa961155] CEnum v0.2.0
  [3895d2a7] CUDAapi v3.1.0
  [c5f51814] CUDAdrv v6.0.0
  [be33ccc6] CUDAnative v2.10.2
  [861a8166] Combinatorics v1.0.0
  [3a865a2d] CuArrays v1.7.3
  [864edb3b] DataStructures v0.17.11
  [0c68f7d7] GPUArrays v2.0.1
  [f0d1745a] HalfIntegers v1.1.0
  [929cbde3] LLVM v1.3.4
  [8ac3fa9e] LRUCache v1.1.0
  [1914dd2f] MacroTools v0.5.5
  [872c559c] NNlib v0.6.6
  [bac558e1] OrderedCollections v1.1.0
  [f27b6e38] Polynomials v0.6.1
  [27ebfcd6] Primes v0.4.0
  [308eb6b3] RationalRoots v0.1.0
  [3cdcf5f2] RecipesBase v0.8.0
  [ae029012] Requires v1.0.1
  [5e0ebb24] Strided v0.3.3
  [07d1fe3e] TensorKit v0.2.2
  [6aa20fa7] TensorOperations v2.1.4
  [a759f4b9] TimerOutputs v0.5.3
  [9d95972d] TupleTools v1.2.0
  [9f57e263] WignerSymbols v1.1.0
  [2a0f44e3] Base64 
  [8ba89e20] Distributed 
  [b77e0a4c] InteractiveUtils 
  [8f399da3] Libdl 
  [37e2e46d] LinearAlgebra 
  [56ddb016] Logging 
  [d6f4376e] Markdown 
  [de0858da] Printf 
  [9a3f8284] Random 
  [ea8e919c] SHA 
  [9e88b42a] Serialization 
  [6462fe0b] Sockets 
  [2f01184e] SparseArrays 
  [10745b16] Statistics 
  [8dfed614] Test 
  [cf7118a7] UUIDs 
  [4ec0a83e] Unicode 
------------------------------------
Sectors
------------------------------------
Test Summary:           | Pass  Total  Time: 42.6
Properties of sector ℤ₂ |   67     67
Test Summary:           | Pass  Total  Time: 2.66
Properties of sector ℤ₃ |  217    217
Test Summary:           | Pass  Total  Time: 2.14
Properties of sector ℤ₄ |  551    551
Test Summary:           | Pass  Total  Time: 3.0
Properties of sector U₁ | 1192   1192
Test Summary:            | Pass  Total  Time: 21.8
Properties of sector CU₁ | 4844   4844
Test Summary:            |  Pass  Total  Time: 68.1
Properties of sector SU₂ | 50888  50888
Test Summary:                       | Pass  Total  Time: 5.15
Properties of sector FibonacciAnyon |  104    104
Test Summary:                  | Pass  Total  Time: 12.1
Properties of sector (ℤ₃ × ℤ₄) | 2239   2239
Test Summary:                   |   Pass   Total  Time: 32.6
Properties of sector (U₁ × SU₂) | 156866  156866
Test Summary:                    |  Pass  Total  Time: 80.4
Properties of sector (SU₂ × SU₂) | 72597  72597
Test Summary:                                               |  Pass  Total  Time: 10.4
Properties of sector (ℤ₂ × FibonacciAnyon × FibonacciAnyon) | 18333  18333
Finished sector tests in 314.0 seconds.
------------------------------------
Fusion Trees
------------------------------------
Test Summary:              | Pass  Total  Time: 164.0
Fusion trees for sector ℤ₂ |   86     86
Test Summary:              | Pass  Total  Time: 17.4
Fusion trees for sector ℤ₃ |   86     86
Test Summary:              | Pass  Total  Time: 14.8
Fusion trees for sector ℤ₄ |   86     86
Test Summary:              | Pass  Total  Time: 12.6
Fusion trees for sector U₁ |   86     86
Test Summary:               | Pass  Total  Time: 40.8
Fusion trees for sector CU₁ |  159    159
Test Summary:               | Pass  Total  Time: 89.7
Fusion trees for sector SU₂ | 1140   1140
Test Summary:                          | Pass  Total  Time: 31.7
Fusion trees for sector FibonacciAnyon |   83     83
Test Summary:                     | Pass  Total  Time: 73.5
Fusion trees for sector (ℤ₃ × ℤ₄) |   74     74
Test Summary:                      | Pass  Total  Time: 66.2
Fusion trees for sector (U₁ × SU₂) |  205    205
Test Summary:                       | Pass  Total  Time: 97.1
Fusion trees for sector (SU₂ × SU₂) |  157    157
Test Summary:                                                  | Pass  Total  Time: 107.0
Fusion trees for sector (ℤ₂ × FibonacciAnyon × FibonacciAnyon) |   65     65
Finished fusion tree tests in 717.0 seconds.
------------------------------------
Fields and vector spaces
------------------------------------
Test Summary: | Pass  Total  Time: 0.68
Fields        |  106    106
Test Summary:                   | Pass  Total  Time: 0.885
ElementarySpace: CartesianSpace |   19     19
Test Summary:                 | Pass  Total  Time: 4.12
ElementarySpace: ComplexSpace |   21     21
Test Summary:                 | Pass  Total  Time: 0.663
ElementarySpace: GeneralSpace |   13     13
Test Summary:                            | Pass  Total  Time: 13.9
ElementarySpace: RepresentationSpace{ℤ₂} |   34     34
Test Summary:                            | Pass  Total  Time: 3.17
ElementarySpace: RepresentationSpace{ℤ₃} |   34     34
Test Summary:                            | Pass  Total  Time: 4.57
ElementarySpace: RepresentationSpace{ℤ₄} |   34     34
Test Summary:                            | Pass  Total  Time: 5.43
ElementarySpace: RepresentationSpace{U₁} |   34     34
Test Summary:                             | Pass  Total  Time: 4.97
ElementarySpace: RepresentationSpace{CU₁} |   34     34
Test Summary:                             | Pass  Total  Time: 4.79
ElementarySpace: RepresentationSpace{SU₂} |   34     34
Test Summary:                                        | Pass  Total  Time: 3.22
ElementarySpace: RepresentationSpace{FibonacciAnyon} |   33     33
Test Summary:                                   | Pass  Total  Time: 5.06
ElementarySpace: RepresentationSpace{(ℤ₃ × ℤ₄)} |   34     34
Test Summary:                                    | Pass  Total  Time: 10.0
ElementarySpace: RepresentationSpace{(U₁ × SU₂)} |   34     34
Test Summary:                                     | Pass  Total  Time: 4.94
ElementarySpace: RepresentationSpace{(SU₂ × SU₂)} |   34     34
Test Summary:                                                                | Pass  Total  Time: 6.72
ElementarySpace: RepresentationSpace{(ℤ₂ × FibonacciAnyon × FibonacciAnyon)} |   33     33
Finished vector space tests in 78.2 seconds.
------------------------------------
Tensors with symmetry: Trivial
------------------------------------
Test Summary:           | Pass  Total  Time: 8.4
Basic tensor properties |   36     36
Test Summary:          | Pass  Total  Time: 3.92
Tensor Dict conversion |    3      3
Test Summary:        | Pass  Total  Time: 9.49
Basic linear algebra |   30     30
Test Summary:                             | Pass  Total  Time: 11.9
Basic linear algebra: test via conversion |    8      8
Test Summary:                                   | Pass  Total  Time: 31.2
Permutations: test via inner product invariance | 1440   1440
Test Summary:                     | Pass  Total  Time: 13.1
Permutations: test via conversion | 1440   1440
Test Summary:                     | Pass  Total  Time: 15.5
Full trace: test self-consistency |    3      3
Test Summary:                        | Pass  Total  Time: 12.4
Partial trace: test self-consistency |    1      1
Test Summary:              | Pass  Total  Time: 8.12
Trace: test via conversion |    1      1
Test Summary:         | Pass  Total  Time: 18.5
Trace and contraction |    1      1
Test Summary:                           | Pass  Total  Time: 65.1
Tensor contraction: test via conversion |    1      1
Test Summary:                                  | Pass  Total  Time: 43.3
Multiplication and inverse: test compatibility |   16     16
Test Summary:                                   | Pass  Total  Time: 32.4
Multiplication and inverse: test via conversion |   40     40
runtime: nelems=32 nalloc=14 previous allocCount=13 nfreed=65535
fatal error: sweep increased allocation count

goroutine 3 [running]:
runtime.throw(0x56063f3d1a4e, 0x20)
	/usr/local/go/src/runtime/panic.go:617 +0x74 fp=0xc000101660 sp=0xc000101630 pc=0x56063dddf194
runtime.(*mspan).sweep(0x7f8f4943a6b0, 0xc00012a000, 0x56063de06a00)
	/usr/local/go/src/runtime/mgcsweep.go:329 +0x8d8 fp=0xc000101740 sp=0xc000101660 pc=0x56063ddd4b58
runtime.sweepone(0x56063febb5a0)
	/usr/local/go/src/runtime/mgcsweep.go:136 +0x286 fp=0xc0001017a8 sp=0xc000101740 pc=0x56063ddd4016
runtime.bgsweep(0xc00012a000)
	/usr/local/go/src/runtime/mgcsweep.go:73 +0xbf fp=0xc0001017d8 sp=0xc0001017a8 pc=0x56063ddd3cdf
runtime.goexit()
	/usr/local/go/src/runtime/asm_amd64.s:1337 +0x1 fp=0xc0001017e0 sp=0xc0001017d8 pc=0x56063de0c2c1
created by runtime.gcenable
	/usr/local/go/src/runtime/mgc.go:208 +0x5a

goroutine 1 [select, 24 minutes]:
github.com/docker/cli/cli/command/container.(*hijackedIOStreamer).stream(0xc00056a230, 0x56063ff40480, 0xc000162020, 0x0, 0x0)
	/go/src/github.com/docker/cli/cli/command/container/hijack.go:58 +0x3a6
github.com/docker/cli/cli/command/container.runAttach(0x56063ff82980, 0xc00068c000, 0xc000514c30, 0x0, 0x0)
	/go/src/github.com/docker/cli/cli/command/container/attach.go:137 +0x5b8
github.com/docker/cli/cli/command/container.NewAttachCommand.func1(0xc000186c80, 0xc00021e060, 0x1, 0x1, 0x0, 0x0)
	/go/src/github.com/docker/cli/cli/command/container/attach.go:55 +0x69
github.com/docker/cli/vendor/github.com/spf13/cobra.(*Command).execute(0xc000186c80, 0xc0005633d0, 0x1, 0x1, 0xc000186c80, 0xc0005633d0)
	/go/src/github.com/docker/cli/vendor/github.com/spf13/cobra/command.go:762 +0x467
github.com/docker/cli/vendor/github.com/spf13/cobra.(*Command).ExecuteC(0xc000684280, 0xc0005633c0, 0x2, 0x2)
	/go/src/github.com/docker/cli/vendor/github.com/spf13/cobra/command.go:852 +0x2ee
github.com/docker/cli/vendor/github.com/spf13/cobra.(*Command).Execute(...)
	/go/src/github.com/docker/cli/vendor/github.com/spf13/cobra/command.go:800
main.runDocker(0xc00068c000, 0x56063feead80, 0xc000164010)
	/go/src/github.com/docker/cli/cmd/docker/docker.go:281 +0x1d5
main.main()
	/go/src/github.com/docker/cli/cmd/docker/docker.go:292 +0xf3

goroutine 4 [syscall, 24 minutes]:
os/signal.signal_recv(0x56063de0c2c6)
	/usr/local/go/src/runtime/sigqueue.go:139 +0x9e
os/signal.loop()
	/usr/local/go/src/os/signal/signal_unix.go:23 +0x24
created by os/signal.init.0
	/usr/local/go/src/os/signal/signal_unix.go:29 +0x43

goroutine 100 [chan receive, 2 minutes]:
github.com/docker/cli/vendor/k8s.io/klog.(*loggingT).flushDaemon(0x560641145da0)
	/go/src/github.com/docker/cli/vendor/k8s.io/klog/klog.go:943 +0x8d
created by github.com/docker/cli/vendor/k8s.io/klog.init.0
	/go/src/github.com/docker/cli/vendor/k8s.io/klog/klog.go:403 +0x6e

goroutine 104 [IO wait, 24 minutes]:
internal/poll.runtime_pollWait(0x7f8f4943bfe0, 0x72, 0xffffffffffffffff)
	/usr/local/go/src/runtime/netpoll.go:182 +0x58
internal/poll.(*pollDesc).wait(0xc000177398, 0x72, 0x1000, 0x1000, 0xffffffffffffffff)
	/usr/local/go/src/internal/poll/fd_poll_runtime.go:87 +0x9d
internal/poll.(*pollDesc).waitRead(...)
	/usr/local/go/src/internal/poll/fd_poll_runtime.go:92
internal/poll.(*FD).Read(0xc000177380, 0xc000519000, 0x1000, 0x1000, 0x0, 0x0, 0x0)
	/usr/local/go/src/internal/poll/fd_unix.go:169 +0x19d
net.(*netFD).Read(0xc000177380, 0xc000519000, 0x1000, 0x1000, 0x0, 0x0, 0x0)
	/usr/local/go/src/net/fd_unix.go:202 +0x51
net.(*conn).Read(0xc000578700, 0xc000519000, 0x1000, 0x1000, 0x0, 0x0, 0x0)
	/usr/local/go/src/net/net.go:177 +0x6b
net/http.(*persistConn).Read(0xc0001d5200, 0xc000519000, 0x1000, 0x1000, 0x0, 0x56063de85312, 0x56063de889ce)
	/usr/local/go/src/net/http/transport.go:1527 +0x7d
bufio.(*Reader).fill(0xc00012c720)
	/usr/local/go/src/bufio/bufio.go:100 +0x111
bufio.(*Reader).ReadSlice(0xc00012c720, 0x40a, 0x7f8f4bcabe00, 0x20300000000000, 0x7f8f4be8ffff, 0x400, 0x20300000000000)
	/usr/local/go/src/bufio/bufio.go:356 +0x3f
net/http/internal.readChunkLine(0xc00012c720, 0x56063ddc9fc0, 0x7f8f4bcabd00, 0x20300000000000, 0x7f8f4be8ffff, 0x7f8f481d6528)
	/usr/local/go/src/net/http/internal/chunked.go:122 +0x36
net/http/internal.(*chunkedReader).beginChunk(0xc00023a360)
	/usr/local/go/src/net/http/internal/chunked.go:48 +0x34
net/http/internal.(*chunkedReader).Read(0xc00023a360, 0xc00037a000, 0x200, 0x200, 0xc0000ff548, 0x56063dddded1, 0x7f8f00000008)
	/usr/local/go/src/net/http/internal/chunked.go:93 +0x13c
net/http.(*body).readLocked(0xc000375f40, 0xc00037a000, 0x200, 0x200, 0x200, 0xc00037a000, 0xc0004066c0)
	/usr/local/go/src/net/http/transfer.go:816 +0x61
net/http.(*body).Read(0xc000375f40, 0xc00037a000, 0x200, 0x200, 0x0, 0x0, 0x0)
	/usr/local/go/src/net/http/transfer.go:808 +0xdd
net/http.(*bodyEOFSignal).Read(0xc000375f80, 0xc00037a000, 0x200, 0x200, 0x0, 0x0, 0x0)
	/usr/local/go/src/net/http/transport.go:2351 +0xd5
encoding/json.(*Decoder).refill(0xc0005542c0, 0x56063fb883e0, 0x138)
	/usr/local/go/src/encoding/json/stream.go:159 +0xfa
encoding/json.(*Decoder).readValue(0xc0005542c0, 0x0, 0x0, 0x56063fe23ca0)
	/usr/local/go/src/encoding/json/stream.go:134 +0x212
encoding/json.(*Decoder).Decode(0xc0005542c0, 0x56063fb15fa0, 0xc00021e160, 0x56063feeaac0, 0xc000375f80)
	/usr/local/go/src/encoding/json/stream.go:63 +0x7b
github.com/docker/cli/vendor/github.com/docker/docker/client.(*Client).ContainerWait.func1(0x56063ff10ec0, 0xc000375f80, 0xc00023a330, 0xc8, 0xc000582080, 0xc000166240, 0xc000144180)
	/go/src/github.com/docker/cli/vendor/github.com/docker/docker/client/container_wait.go:48 +0x115
created by github.com/docker/cli/vendor/github.com/docker/docker/client.(*Client).ContainerWait
	/go/src/github.com/docker/cli/vendor/github.com/docker/docker/client/container_wait.go:45 +0x468

goroutine 102 [select, 24 minutes]:
net/http.(*persistConn).readLoop(0xc0001d5200)
	/usr/local/go/src/net/http/transport.go:1801 +0x95c
created by net/http.(*Transport).dialConn
	/usr/local/go/src/net/http/transport.go:1360 +0xafa

goroutine 103 [select, 24 minutes]:
net/http.(*persistConn).writeLoop(0xc0001d5200)
	/usr/local/go/src/net/http/transport.go:1979 +0x115
created by net/http.(*Transport).dialConn
	/usr/local/go/src/net/http/transport.go:1361 +0xb1f

goroutine 108 [IO wait, 2 minutes]:
internal/poll.runtime_pollWait(0x7f8f4943be40, 0x72, 0xffffffffffffffff)
	/usr/local/go/src/runtime/netpoll.go:182 +0x58
internal/poll.(*pollDesc).wait(0xc000690998, 0x72, 0x8000, 0x8009, 0xffffffffffffffff)
	/usr/local/go/src/internal/poll/fd_poll_runtime.go:87 +0x9d
internal/poll.(*pollDesc).waitRead(...)
	/usr/local/go/src/internal/poll/fd_poll_runtime.go:92
internal/poll.(*FD).Read(0xc000690980, 0xc00071e000, 0x8009, 0x8009, 0x0, 0x0, 0x0)
	/usr/local/go/src/internal/poll/fd_unix.go:169 +0x19d
net.(*netFD).Read(0xc000690980, 0xc00071e000, 0x8009, 0x8009, 0x0, 0x0, 0x0)
	/usr/local/go/src/net/fd_unix.go:202 +0x51
net.(*conn).Read(0xc000164018, 0xc00071e000, 0x8009, 0x8009, 0x0, 0x0, 0x0)
	/usr/local/go/src/net/net.go:177 +0x6b
bufio.(*Reader).Read(0xc00012d0e0, 0xc00071e000, 0x8009, 0x8009, 0xc, 0x0, 0x0)
	/usr/local/go/src/bufio/bufio.go:209 +0x128
github.com/docker/cli/vendor/github.com/docker/docker/pkg/stdcopy.StdCopy(0x56063fee89c0, 0xc000680270, 0x56063feead80, 0xc000164010, 0x56063fee7f40, 0xc00012d0e0, 0x0, 0x0, 0x0)
	/go/src/github.com/docker/cli/vendor/github.com/docker/docker/pkg/stdcopy/stdcopy.go:108 +0xf1
github.com/docker/cli/cli/command/container.(*hijackedIOStreamer).beginOutputStream.func1(0xc00056a230, 0x56063feb7f18, 0xc00005ad20)
	/go/src/github.com/docker/cli/cli/command/container/hijack.go:129 +0x98
created by github.com/docker/cli/cli/command/container.(*hijackedIOStreamer).beginOutputStream
	/go/src/github.com/docker/cli/cli/command/container/hijack.go:118 +0x83

goroutine 106 [IO wait, 24 minutes]:
internal/poll.runtime_pollWait(0x7f8f4943bf10, 0x72, 0xffffffffffffffff)
	/usr/local/go/src/runtime/netpoll.go:182 +0x58
internal/poll.(*pollDesc).wait(0xc000177718, 0x72, 0x1000, 0x1000, 0xffffffffffffffff)
	/usr/local/go/src/internal/poll/fd_poll_runtime.go:87 +0x9d
internal/poll.(*pollDesc).waitRead(...)
	/usr/local/go/src/internal/poll/fd_poll_runtime.go:92
internal/poll.(*FD).Read(0xc000177700, 0xc00052f000, 0x1000, 0x1000, 0x0, 0x0, 0x0)
	/usr/local/go/src/internal/poll/fd_unix.go:169 +0x19d
net.(*netFD).Read(0xc000177700, 0xc00052f000, 0x1000, 0x1000, 0x1, 0x56063dde0fee, 0xc00037fb88)
	/usr/local/go/src/net/fd_unix.go:202 +0x51
net.(*conn).Read(0xc000578728, 0xc00052f000, 0x1000, 0x1000, 0x0, 0x0, 0x0)
	/usr/local/go/src/net/net.go:177 +0x6b
net/http.(*persistConn).Read(0xc0001d5560, 0xc00052f000, 0x1000, 0x1000, 0xc00037fc88, 0x56063ddb7455, 0xc0002c8000)
	/usr/local/go/src/net/http/transport.go:1527 +0x7d
bufio.(*Reader).fill(0xc00012cf00)
	/usr/local/go/src/bufio/bufio.go:100 +0x111
bufio.(*Reader).Peek(0xc00012cf00, 0x1, 0x0, 0x0, 0x1, 0xc00005ab00, 0x0)
	/usr/local/go/src/bufio/bufio.go:138 +0x51
net/http.(*persistConn).readLoop(0xc0001d5560)
	/usr/local/go/src/net/http/transport.go:1680 +0x1a5
created by net/http.(*Transport).dialConn
	/usr/local/go/src/net/http/transport.go:1360 +0xafa

goroutine 107 [select, 24 minutes]:
net/http.(*persistConn).writeLoop(0xc0001d5560)
	/usr/local/go/src/net/http/transport.go:1979 +0x115
created by net/http.(*Transport).dialConn
	/usr/local/go/src/net/http/transport.go:1361 +0xb1f

goroutine 114 [chan receive, 24 minutes]:
github.com/docker/cli/cli/command/container.ForwardAllSignals.func1(0xc00071a180, 0x56063ff82980, 0xc00068c000, 0x56063ff40480, 0xc000162020, 0x7ffc1c641737, 0x1f)
	/go/src/github.com/docker/cli/cli/command/container/tty.go:104 +0x5d
created by github.com/docker/cli/cli/command/container.ForwardAllSignals
	/go/src/github.com/docker/cli/cli/command/container/tty.go:103 +0xb3
