Julia Version 1.3.1
Commit 2d5741174c (2019-12-30 21:36 UTC)
Platform Info:
  OS: Linux (x86_64-pc-linux-gnu)
  CPU: AMD Ryzen Threadripper 2990WX 32-Core Processor
  WORD_SIZE: 64
  LIBM: libopenlibm
  LLVM: libLLVM-6.0.1 (ORCJIT, znver1)
Environment:
  JULIA_DEPOT_PATH = ::/usr/local/share/julia
  JULIA_NUM_THREADS = 2

 Resolving package versions...
 Installed TextClassification ────────── v0.2.2
 Installed FilePathsBase ─────────────── v0.7.0
 Installed IterTools ─────────────────── v1.3.0
 Installed CategoricalArrays ─────────── v0.7.7
 Installed StatsBase ─────────────────── v0.32.2
 Installed DataFrames ────────────────── v0.20.2
 Installed SimilaritySearch ──────────── v0.3.19
 Installed DataAPI ───────────────────── v1.1.0
 Installed MappedArrays ──────────────── v0.2.2
 Installed DataValueInterfaces ───────── v1.0.0
 Installed IteratorInterfaceExtensions ─ v1.0.0
 Installed DataStructures ────────────── v0.17.10
 Installed Compat ────────────────────── v3.8.0
 Installed WeakRefStrings ────────────── v0.6.2
 Installed InvertedIndices ───────────── v1.0.0
 Installed Parsers ───────────────────── v0.3.12
 Installed LearnBase ─────────────────── v0.2.2
 Installed TextSearch ────────────────── v0.3.6
 Installed JSON ──────────────────────── v0.21.0
 Installed SortingAlgorithms ─────────── v0.3.1
 Installed TableTraits ───────────────── v1.0.0
 Installed Tables ────────────────────── v1.0.3
 Installed Reexport ──────────────────── v0.2.0
 Installed PooledArrays ──────────────── v0.5.3
 Installed MLDataUtils ───────────────── v0.5.0
 Installed OrderedCollections ────────── v1.1.0
 Installed Missings ──────────────────── v0.4.3
 Installed GZip ──────────────────────── v0.5.1
 Installed MLLabelUtils ──────────────── v0.5.1
 Installed MLDataPattern ─────────────── v0.5.0
 Installed KCenters ──────────────────── v0.2.2
 Installed CSV ───────────────────────── v0.5.26
  Updating `~/.julia/environments/v1.3/Project.toml`
  [8e067cb0] + TextClassification v0.2.2
  Updating `~/.julia/environments/v1.3/Manifest.toml`
  [336ed68f] + CSV v0.5.26
  [324d7699] + CategoricalArrays v0.7.7
  [34da2185] + Compat v3.8.0
  [9a962f9c] + DataAPI v1.1.0
  [a93c6f00] + DataFrames v0.20.2
  [864edb3b] + DataStructures v0.17.10
  [e2d170a0] + DataValueInterfaces v1.0.0
  [48062228] + FilePathsBase v0.7.0
  [92fee26a] + GZip v0.5.1
  [41ab1584] + InvertedIndices v1.0.0
  [c8e1da08] + IterTools v1.3.0
  [82899510] + IteratorInterfaceExtensions v1.0.0
  [682c06a0] + JSON v0.21.0
  [5d8de97f] + KCenters v0.2.2
  [7f8f8fb0] + LearnBase v0.2.2
  [9920b226] + MLDataPattern v0.5.0
  [cc2ba9b6] + MLDataUtils v0.5.0
  [66a33bbf] + MLLabelUtils v0.5.1
  [dbb5928d] + MappedArrays v0.2.2
  [e1d29d7a] + Missings v0.4.3
  [bac558e1] + OrderedCollections v1.1.0
  [69de0a69] + Parsers v0.3.12
  [2dfb63ee] + PooledArrays v0.5.3
  [189a3867] + Reexport v0.2.0
  [053f045d] + SimilaritySearch v0.3.19
  [a2af1166] + SortingAlgorithms v0.3.1
  [2913bbd2] + StatsBase v0.32.2
  [3783bdb8] + TableTraits v1.0.0
  [bd369af6] + Tables v1.0.3
  [8e067cb0] + TextClassification v0.2.2
  [7f6f6c8a] + TextSearch v0.3.6
  [ea10d353] + WeakRefStrings v0.6.2
  [2a0f44e3] + Base64 
  [ade2ca70] + Dates 
  [8bb1440f] + DelimitedFiles 
  [8ba89e20] + Distributed 
  [9fa8497b] + Future 
  [b77e0a4c] + InteractiveUtils 
  [76f85450] + LibGit2 
  [8f399da3] + Libdl 
  [37e2e46d] + LinearAlgebra 
  [56ddb016] + Logging 
  [d6f4376e] + Markdown 
  [a63ad114] + Mmap 
  [44cfe95a] + Pkg 
  [de0858da] + Printf 
  [3fa0cd96] + REPL 
  [9a3f8284] + Random 
  [ea8e919c] + SHA 
  [9e88b42a] + Serialization 
  [1a1011a3] + SharedArrays 
  [6462fe0b] + Sockets 
  [2f01184e] + SparseArrays 
  [10745b16] + Statistics 
  [8dfed614] + Test 
  [cf7118a7] + UUIDs 
  [4ec0a83e] + Unicode 
   Testing TextClassification
 Resolving package versions...
    Status `/tmp/jl_HcqorV/Manifest.toml`
  [336ed68f] CSV v0.5.26
  [324d7699] CategoricalArrays v0.7.7
  [34da2185] Compat v3.8.0
  [9a962f9c] DataAPI v1.1.0
  [a93c6f00] DataFrames v0.20.2
  [864edb3b] DataStructures v0.17.10
  [e2d170a0] DataValueInterfaces v1.0.0
  [48062228] FilePathsBase v0.7.0
  [92fee26a] GZip v0.5.1
  [41ab1584] InvertedIndices v1.0.0
  [c8e1da08] IterTools v1.3.0
  [82899510] IteratorInterfaceExtensions v1.0.0
  [682c06a0] JSON v0.21.0
  [5d8de97f] KCenters v0.2.2
  [7f8f8fb0] LearnBase v0.2.2
  [9920b226] MLDataPattern v0.5.0
  [cc2ba9b6] MLDataUtils v0.5.0
  [66a33bbf] MLLabelUtils v0.5.1
  [dbb5928d] MappedArrays v0.2.2
  [e1d29d7a] Missings v0.4.3
  [bac558e1] OrderedCollections v1.1.0
  [69de0a69] Parsers v0.3.12
  [2dfb63ee] PooledArrays v0.5.3
  [189a3867] Reexport v0.2.0
  [053f045d] SimilaritySearch v0.3.19
  [a2af1166] SortingAlgorithms v0.3.1
  [2913bbd2] StatsBase v0.32.2
  [3783bdb8] TableTraits v1.0.0
  [bd369af6] Tables v1.0.3
  [8e067cb0] TextClassification v0.2.2
  [7f6f6c8a] TextSearch v0.3.6
  [ea10d353] WeakRefStrings v0.6.2
  [2a0f44e3] Base64  [`@stdlib/Base64`]
  [ade2ca70] Dates  [`@stdlib/Dates`]
  [8bb1440f] DelimitedFiles  [`@stdlib/DelimitedFiles`]
  [8ba89e20] Distributed  [`@stdlib/Distributed`]
  [9fa8497b] Future  [`@stdlib/Future`]
  [b77e0a4c] InteractiveUtils  [`@stdlib/InteractiveUtils`]
  [76f85450] LibGit2  [`@stdlib/LibGit2`]
  [8f399da3] Libdl  [`@stdlib/Libdl`]
  [37e2e46d] LinearAlgebra  [`@stdlib/LinearAlgebra`]
  [56ddb016] Logging  [`@stdlib/Logging`]
  [d6f4376e] Markdown  [`@stdlib/Markdown`]
  [a63ad114] Mmap  [`@stdlib/Mmap`]
  [44cfe95a] Pkg  [`@stdlib/Pkg`]
  [de0858da] Printf  [`@stdlib/Printf`]
  [3fa0cd96] REPL  [`@stdlib/REPL`]
  [9a3f8284] Random  [`@stdlib/Random`]
  [ea8e919c] SHA  [`@stdlib/SHA`]
  [9e88b42a] Serialization  [`@stdlib/Serialization`]
  [1a1011a3] SharedArrays  [`@stdlib/SharedArrays`]
  [6462fe0b] Sockets  [`@stdlib/Sockets`]
  [2f01184e] SparseArrays  [`@stdlib/SparseArrays`]
  [10745b16] Statistics  [`@stdlib/Statistics`]
  [8dfed614] Test  [`@stdlib/Test`]
  [cf7118a7] UUIDs  [`@stdlib/UUIDs`]
  [4ec0a83e] Unicode  [`@stdlib/Unicode`]
*** iteration 1 finished; starting combinations.
*** generating 8 configurations using top 4 configurations, starting with 8)
*** scores: [0.7685295209047522, 0.7673212510271658, 0.7663539985394747, 0.7614349466236825, 0.7536175949379308, 0.7505492864032505, 0.7475338186438912, 0.7363429803618815]
*** best config with score 0.7685295209047522: Pair{Symbol,B} where B[:p => 1.0, :del_diac => true, :del_dup => false, :del_punc => false, :group_num => true, :group_url => true, :group_usr => false, :group_emo => false, :qlist => [5], :nlist => [1], :slist => Tuple{Int64,Int64}[], :kind => EntModel, :vkind => EntTpModel, :kernel => KCenters.relu_kernel, :dist => SimilaritySearch.cosine_distance, :summary => KCenters.mean_label, :k => 1, :smooth => 1.0, :minocc => 3, :ncenters => 0, :maxiters => 0, :recall => 1.0, :weights => :balance, :initial_clusters => :rand, :split_entropy => 0.0, :minimum_elements_per_centroid => 1]
*** finished with 15 configurations
*** iteration 2 finished; starting combinations.
*** stopping on iteration 2 due to a possible convergence (0.7685295209047522 ≃ 0.7685295209047522, tol: 0.01)
[ Info: (1, μTC_Configuration{EntModel,EntTpModel}(1.0, true, false, false, true, true, false, false, [5], [1], Tuple{Int64,Int64}[], EntModel, EntTpModel, KCenters.relu_kernel, SimilaritySearch.cosine_distance, KCenters.mean_label, 1, 1.0, 3, 0, 0, 1.0, :balance, :rand, 0.0, 1), 0.7685295209047522)
[ Info: (2, μTC_Configuration{EntModel,EntTpModel}(1.0, true, false, false, true, true, false, false, [3, 5], Int64[], Tuple{Int64,Int64}[], EntModel, EntTpModel, KCenters.relu_kernel, SimilaritySearch.cosine_distance, KCenters.mean_label, 1, 0.0, 3, 0, 0, 1.0, nothing, :rand, 0.0, 1), 0.7673212510271658)
[ Info: (3, μTC_Configuration{EntModel,EntTpModel}(1.0, true, false, false, true, true, false, false, [3, 5], Int64[], Tuple{Int64,Int64}[], EntModel, EntTpModel, KCenters.relu_kernel, SimilaritySearch.cosine_distance, KCenters.mean_label, 1, 0.0, 3, 0, 0, 1.0, :balance, :rand, 0.0, 1), 0.7663539985394747)
[ Info: (4, μTC_Configuration{EntModel,EntTpModel}(1.0, true, false, false, true, true, false, false, [3, 5], Int64[], Tuple{Int64,Int64}[], EntModel, EntTpModel, KCenters.relu_kernel, SimilaritySearch.cosine_distance, KCenters.mean_label, 1, 1.0, 3, 0, 0, 1.0, :balance, :rand, 0.0, 1), 0.7656178680517846)
[ Info: (5, μTC_Configuration{EntModel,EntTpModel}(1.0, true, false, false, true, true, false, false, [3, 5], [1], Tuple{Int64,Int64}[], EntModel, EntTpModel, KCenters.relu_kernel, SimilaritySearch.cosine_distance, KCenters.most_frequent_label, 1, 1.0, 7, 0, 0, 1.0, nothing, :rand, 0.0, 1), 0.7650293619786172)
[ Info: (6, μTC_Configuration{EntModel,EntTpModel}(1.0, true, false, false, true, true, false, false, [5], Int64[], Tuple{Int64,Int64}[], EntModel, EntTpModel, KCenters.relu_kernel, SimilaritySearch.cosine_distance, KCenters.mean_label, 1, 0.0, 3, 0, 0, 1.0, :balance, :rand, 0.0, 1), 0.7638294018918321)
[ Info: (7, μTC_Configuration{EntModel,EntTpModel}(1.0, true, false, false, true, true, false, false, [3, 5], Int64[], Tuple{Int64,Int64}[], EntModel, EntTpModel, KCenters.relu_kernel, SimilaritySearch.cosine_distance, KCenters.most_frequent_label, 1, 0.0, 7, 0, 0, 1.0, nothing, :rand, 0.0, 1), 0.7636647198812193)
[ Info: (8, μTC_Configuration{EntModel,EntTpModel}(1.0, true, false, false, true, true, false, false, [3, 5], Int64[], Tuple{Int64,Int64}[], EntModel, EntTpModel, KCenters.relu_kernel, SimilaritySearch.cosine_distance, KCenters.mean_label, 1, 0.0, 7, 0, 0, 1.0, :balance, :rand, 0.0, 1), 0.7633606587775034)
[ Info: (9, μTC_Configuration{EntModel,EntTpModel}(1.0, true, false, false, true, true, false, false, [3], [2], Tuple{Int64,Int64}[], EntModel, EntTpModel, KCenters.relu_kernel, SimilaritySearch.cosine_distance, KCenters.mean_label, 1, 0.0, 7, 0, 0, 1.0, nothing, :rand, 0.0, 1), 0.7614349466236825)
[ Info: (10, μTC_Configuration{EntModel,EntTpModel}(1.0, true, false, false, true, true, false, false, [5], [1], Tuple{Int64,Int64}[], EntModel, EntTpModel, KCenters.relu_kernel, SimilaritySearch.cosine_distance, KCenters.mean_label, 1, 0.0, 3, 0, 0, 1.0, :balance, :rand, 0.0, 1), 0.758719640546739)
[ Info: (11, μTC_Configuration{EntModel,EntTpModel}(1.0, true, false, false, true, true, false, false, [5], [1], Tuple{Int64,Int64}[], EntModel, EntTpModel, KCenters.relu_kernel, SimilaritySearch.cosine_distance, KCenters.most_frequent_label, 1, 3.0, 3, 0, 0, 1.0, :balance, :rand, 0.0, 1), 0.7536175949379308)
[ Info: (12, μTC_Configuration{EntModel,EntTpModel}(1.0, true, false, false, true, true, false, false, [3], [1], Tuple{Int64,Int64}[], EntModel, EntTpModel, KCenters.relu_kernel, SimilaritySearch.cosine_distance, KCenters.mean_label, 1, 0.0, 3, 0, 0, 1.0, nothing, :rand, 0.0, 1), 0.7518209939044619)
[ Info: (13, μTC_Configuration{EntModel,EntModel}(1.0, true, false, false, true, true, false, false, [3, 5], [1], Tuple{Int64,Int64}[], EntModel, EntModel, KCenters.relu_kernel, SimilaritySearch.cosine_distance, KCenters.mean_label, 1, 0.0, 1, 0, 0, 1.0, :balance, :rand, 0.0, 1), 0.7505492864032505)
[ Info: (14, μTC_Configuration{EntModel,EntModel}(1.0, true, false, false, true, true, false, false, [3, 5], Int64[], Tuple{Int64,Int64}[], EntModel, EntModel, KCenters.relu_kernel, SimilaritySearch.cosine_distance, KCenters.most_frequent_label, 1, 0.0, 1, 0, 0, 1.0, :balance, :rand, 0.0, 1), 0.7475338186438912)
[ Info: (15, μTC_Configuration{EntModel,EntTpModel}(1.0, true, false, false, true, true, false, false, [3], Int64[], Tuple{Int64,Int64}[], EntModel, EntTpModel, KCenters.relu_kernel, SimilaritySearch.cosine_distance, KCenters.most_frequent_label, 1, 1.0, 3, 0, 0, 1.0, :balance, :rand, 0.0, 1), 0.7363429803618815)
┌ Info: *** Performance on test: 
└   sc = (micro_f1 = 0.7953091684434968, precision = 0.7953091684434968, recall = 0.7953091684434968, macro_recall = 0.799750270229975, macro_f1 = 0.7934072388224065, accuracy = 0.7953091684434968, class_f1 = Dict{Any,Any}(2 => 0.8132295719844357,1 => 0.7735849056603774), class_precision = Dict{Any,Any}(2 => 0.8600823045267489,1 => 0.7256637168141593), class_recall = Dict{Any,Any}(2 => 0.7712177121771218,1 => 0.8282828282828283))
┌ Info: *** Bagging performance on test: 
└   sc = (micro_f1 = 0.7974413646055436, precision = 0.7974413646055437, recall = 0.7974413646055437, macro_recall = 0.799433934432275, macro_f1 = 0.7962408250062882, accuracy = 0.7974413646055437, class_f1 = Dict{Any,Any}(2 => 0.811881188118812,1 => 0.7806004618937644), class_precision = Dict{Any,Any}(2 => 0.8436213991769548,1 => 0.7477876106194691), class_recall = Dict{Any,Any}(2 => 0.7824427480916031,1 => 0.8164251207729468))
┌ Info: *** Bagging performance on test (k=3): 
└   sc = (micro_f1 = 0.8017057569296374, precision = 0.8017057569296375, recall = 0.8017057569296375, macro_recall = 0.8037577903160379, macro_f1 = 0.800530491848261, accuracy = 0.8017057569296375, class_f1 = Dict{Any,Any}(2 => 0.8158415841584158,1 => 0.7852193995381062), class_precision = Dict{Any,Any}(2 => 0.8477366255144033,1 => 0.7522123893805309), class_recall = Dict{Any,Any}(2 => 0.7862595419847328,1 => 0.821256038647343))
┌ Info: best config for optimize!
└   B[1] = (score = 0.8040897337849157, k = 3, kernel = KCenters.laplacian_kernel, kernel_fun = KCenters.var"#fun#67"{typeof(SimilaritySearch.cosine_distance)}(SimilaritySearch.cosine_distance))
┌ Info: *** Bagging performance on test (after calling optimize!): 
└   sc = (micro_f1 = 0.8059701492537313, precision = 0.8059701492537313, recall = 0.8059701492537313, macro_recall = 0.8085735402808574, macro_f1 = 0.8046879647807722, accuracy = 0.8059701492537313, class_f1 = Dict{Any,Any}(2 => 0.8205128205128206,1 => 0.7888631090487238), class_precision = Dict{Any,Any}(2 => 0.8559670781893004,1 => 0.7522123893805309), class_recall = Dict{Any,Any}(2 => 0.7878787878787878,1 => 0.8292682926829268))
Test Summary: | Pass  Total
microtc       |    4      4
   Testing TextClassification tests passed 
