Julia Version 1.4.0
Commit b8e9a9ecc6 (2020-03-21 16:36 UTC)
Platform Info:
  OS: Linux (x86_64-pc-linux-gnu)
  CPU: AMD Ryzen Threadripper 2990WX 32-Core Processor
  WORD_SIZE: 64
  LIBM: libopenlibm
  LLVM: libLLVM-8.0.1 (ORCJIT, znver1)
Environment:
  JULIA_DEPOT_PATH = ::/usr/local/share/julia
  JULIA_NUM_THREADS = 2

  Resolving package versions...
  Installed NaNMath ────────────────────── v0.3.3
  Installed Calculus ───────────────────── v0.5.1
  Installed XML2_jll ───────────────────── v2.9.9+2
  Installed SpecialFunctions ───────────── v0.10.0
  Installed Parsers ────────────────────── v1.0.1
  Installed Syslogs ────────────────────── v0.3.0
  Installed EzXML ──────────────────────── v1.1.0
  Installed ThreePhasePowerModels ──────── v0.3.2
  Installed DiffRules ──────────────────── v1.0.1
  Installed OrderedCollections ─────────── v1.1.0
  Installed Libiconv_jll ───────────────── v1.16.0+2
  Installed ExprTools ──────────────────── v0.1.0
  Installed ForwardDiff ────────────────── v0.10.10
  Installed DiffResults ────────────────── v1.0.2
  Installed TimeZones ──────────────────── v1.0.1
  Installed PowerModels ────────────────── v0.10.1
  Installed Compat ─────────────────────── v2.2.0
  Installed Zlib_jll ───────────────────── v1.2.11+9
  Installed CommonSubexpressions ───────── v0.2.0
  Installed MathOptInterface ───────────── v0.8.4
  Installed CompilerSupportLibraries_jll ─ v0.3.3+0
  Installed StaticArrays ───────────────── v0.12.1
  Installed DataStructures ─────────────── v0.17.11
  Installed JSON ───────────────────────── v0.21.0
  Installed Memento ────────────────────── v0.12.1
  Installed JuMP ───────────────────────── v0.19.2
  Installed OpenSpecFun_jll ────────────── v0.5.3+3
  Installed Mocking ────────────────────── v0.7.1
  Installed InfrastructureModels ───────── v0.2.2
   Updating `~/.julia/environments/v1.4/Project.toml`
  [8503087a] + ThreePhasePowerModels v0.3.2
   Updating `~/.julia/environments/v1.4/Manifest.toml`
  [49dc2e85] + Calculus v0.5.1
  [bbf7d656] + CommonSubexpressions v0.2.0
  [34da2185] + Compat v2.2.0
  [e66e0078] + CompilerSupportLibraries_jll v0.3.3+0
  [864edb3b] + DataStructures v0.17.11
  [163ba53b] + DiffResults v1.0.2
  [b552c78f] + DiffRules v1.0.1
  [e2ba6199] + ExprTools v0.1.0
  [8f5d6c58] + EzXML v1.1.0
  [f6369f11] + ForwardDiff v0.10.10
  [2030c09a] + InfrastructureModels v0.2.2
  [682c06a0] + JSON v0.21.0
  [4076af6c] + JuMP v0.19.2
  [94ce4f54] + Libiconv_jll v1.16.0+2
  [b8f27783] + MathOptInterface v0.8.4
  [f28f55f0] + Memento v0.12.1
  [78c3b35d] + Mocking v0.7.1
  [77ba4419] + NaNMath v0.3.3
  [efe28fd5] + OpenSpecFun_jll v0.5.3+3
  [bac558e1] + OrderedCollections v1.1.0
  [69de0a69] + Parsers v1.0.1
  [c36e90e8] + PowerModels v0.10.1
  [276daf66] + SpecialFunctions v0.10.0
  [90137ffa] + StaticArrays v0.12.1
  [cea106d9] + Syslogs v0.3.0
  [8503087a] + ThreePhasePowerModels v0.3.2
  [f269a46b] + TimeZones v1.0.1
  [02c8fc9c] + XML2_jll v2.9.9+2
  [83775a58] + Zlib_jll v1.2.11+9
  [2a0f44e3] + Base64 
  [ade2ca70] + Dates 
  [8bb1440f] + DelimitedFiles 
  [8ba89e20] + Distributed 
  [b77e0a4c] + InteractiveUtils 
  [76f85450] + LibGit2 
  [8f399da3] + Libdl 
  [37e2e46d] + LinearAlgebra 
  [56ddb016] + Logging 
  [d6f4376e] + Markdown 
  [a63ad114] + Mmap 
  [44cfe95a] + Pkg 
  [de0858da] + Printf 
  [3fa0cd96] + REPL 
  [9a3f8284] + Random 
  [ea8e919c] + SHA 
  [9e88b42a] + Serialization 
  [1a1011a3] + SharedArrays 
  [6462fe0b] + Sockets 
  [2f01184e] + SparseArrays 
  [10745b16] + Statistics 
  [8dfed614] + Test 
  [cf7118a7] + UUIDs 
  [4ec0a83e] + Unicode 
   Building TimeZones → `~/.julia/packages/TimeZones/zymSN/deps/build.log`
    Testing ThreePhasePowerModels
Status `/tmp/jl_QAqNqs/Manifest.toml`
  [b99e7846] BinaryProvider v0.5.8
  [49dc2e85] Calculus v0.5.1
  [9961bab8] Cbc v0.6.3
  [bbf7d656] CommonSubexpressions v0.2.0
  [34da2185] Compat v2.2.0
  [e66e0078] CompilerSupportLibraries_jll v0.3.3+0
  [864edb3b] DataStructures v0.17.11
  [163ba53b] DiffResults v1.0.2
  [b552c78f] DiffRules v1.0.1
  [e2ba6199] ExprTools v0.1.0
  [8f5d6c58] EzXML v1.1.0
  [f6369f11] ForwardDiff v0.10.10
  [2030c09a] InfrastructureModels v0.2.2
  [b6b21f68] Ipopt v0.5.4
  [682c06a0] JSON v0.21.0
  [4076af6c] JuMP v0.19.2
  [2ddba703] Juniper v0.4.3
  [94ce4f54] Libiconv_jll v1.16.0+2
  [b8f27783] MathOptInterface v0.8.4
  [fdba3010] MathProgBase v0.7.8
  [f28f55f0] Memento v0.12.1
  [78c3b35d] Mocking v0.7.1
  [77ba4419] NaNMath v0.3.3
  [efe28fd5] OpenSpecFun_jll v0.5.3+3
  [bac558e1] OrderedCollections v1.1.0
  [69de0a69] Parsers v1.0.1
  [c36e90e8] PowerModels v0.10.1
  [c946c3f1] SCS v0.5.1
  [276daf66] SpecialFunctions v0.10.0
  [90137ffa] StaticArrays v0.12.1
  [cea106d9] Syslogs v0.3.0
  [8503087a] ThreePhasePowerModels v0.3.2
  [f269a46b] TimeZones v1.0.1
  [02c8fc9c] XML2_jll v2.9.9+2
  [83775a58] Zlib_jll v1.2.11+9
  [2a0f44e3] Base64 
  [ade2ca70] Dates 
  [8bb1440f] DelimitedFiles 
  [8ba89e20] Distributed 
  [b77e0a4c] InteractiveUtils 
  [76f85450] LibGit2 
  [8f399da3] Libdl 
  [37e2e46d] LinearAlgebra 
  [56ddb016] Logging 
  [d6f4376e] Markdown 
  [a63ad114] Mmap 
  [44cfe95a] Pkg 
  [de0858da] Printf 
  [3fa0cd96] REPL 
  [9a3f8284] Random 
  [ea8e919c] SHA 
  [9e88b42a] Serialization 
  [1a1011a3] SharedArrays 
  [6462fe0b] Sockets 
  [2f01184e] SparseArrays 
  [10745b16] Statistics 
  [8dfed614] Test 
  [cf7118a7] UUIDs 
  [4ec0a83e] Unicode 
[warn | PowerModels]: DEPRECIATED :: ThreePhasePowerModels.jl is depreciated, v0.3.2 is the final version with this package name. PowerModelsDistribution.jl (https://github.com/lanl-ansi/PowerModelsDistribution.jl) is the new name of this package going forward.

******************************************************************************
This program contains Ipopt, a library for large-scale nonlinear optimization.
 Ipopt is released as open source code under the Eclipse Public License (EPL).
         For more information visit http://projects.coin-or.org/Ipopt
******************************************************************************

┌ Warning: `find_root` is deprecated, use `find_root!` instead.
│   caller = prevent_cycle at coloring.jl:136 [inlined]
└ @ Core ~/.julia/packages/JuMP/ibcEh/src/_Derivatives/coloring.jl:136
┌ Warning: `find_root` is deprecated, use `find_root!` instead.
│   caller = merge_trees at coloring.jl:161 [inlined]
└ @ Core ~/.julia/packages/JuMP/ibcEh/src/_Derivatives/coloring.jl:161
┌ Warning: `find_root` is deprecated, use `find_root!` instead.
│   caller = merge_trees at coloring.jl:162 [inlined]
└ @ Core ~/.julia/packages/JuMP/ibcEh/src/_Derivatives/coloring.jl:162
┌ Warning: MathOptInterface.VariablePrimalStart() is not supported by MathOptInterface.Bridges.LazyBridgeOptimizer{MathOptInterface.Utilities.CachingOptimizer{SCS.Optimizer,MathOptInterface.Utilities.UniversalFallback{JuMP._MOIModel{Float64}}},MathOptInterface.Utilities.UniversalFallback{MathOptInterface.Bridges.AllBridgedConstraints{Float64}}}. This 
│   information will be discarded. = "information will be discarded."
└ @ MathOptInterface.Utilities ~/.julia/packages/MathOptInterface/C3lip/src/Utilities/copy.jl:133
┌ Warning: MathOptInterface.VariablePrimalStart() is not supported by MathOptInterface.Bridges.LazyBridgeOptimizer{MathOptInterface.Utilities.CachingOptimizer{SCS.Optimizer,MathOptInterface.Utilities.UniversalFallback{JuMP._MOIModel{Float64}}},MathOptInterface.Utilities.UniversalFallback{MathOptInterface.Bridges.AllBridgedConstraints{Float64}}}. This 
│   information will be discarded. = "information will be discarded."
└ @ MathOptInterface.Utilities ~/.julia/packages/MathOptInterface/C3lip/src/Utilities/copy.jl:133
┌ Warning: MathOptInterface.VariablePrimalStart() is not supported by MathOptInterface.Bridges.LazyBridgeOptimizer{MathOptInterface.Utilities.CachingOptimizer{SCS.Optimizer,MathOptInterface.Utilities.UniversalFallback{JuMP._MOIModel{Float64}}},MathOptInterface.Utilities.UniversalFallback{MathOptInterface.Bridges.AllBridgedConstraints{Float64}}}. This 
│   information will be discarded. = "information will be discarded."
└ @ MathOptInterface.Utilities ~/.julia/packages/MathOptInterface/C3lip/src/Utilities/copy.jl:133
┌ Warning: MathOptInterface.VariablePrimalStart() is not supported by MathOptInterface.Bridges.LazyBridgeOptimizer{MathOptInterface.Utilities.CachingOptimizer{SCS.Optimizer,MathOptInterface.Utilities.UniversalFallback{JuMP._MOIModel{Float64}}},MathOptInterface.Utilities.UniversalFallback{MathOptInterface.Bridges.AllBridgedConstraints{Float64}}}. This 
│   information will be discarded. = "information will be discarded."
└ @ MathOptInterface.Utilities ~/.julia/packages/MathOptInterface/C3lip/src/Utilities/copy.jl:133
┌ Warning: MathOptInterface.VariablePrimalStart() is not supported by MathOptInterface.Bridges.LazyBridgeOptimizer{MathOptInterface.Utilities.CachingOptimizer{SCS.Optimizer,MathOptInterface.Utilities.UniversalFallback{JuMP._MOIModel{Float64}}},MathOptInterface.Utilities.UniversalFallback{MathOptInterface.Bridges.AllBridgedConstraints{Float64}}}. This 
│   information will be discarded. = "information will be discarded."
└ @ MathOptInterface.Utilities ~/.julia/packages/MathOptInterface/C3lip/src/Utilities/copy.jl:133
┌ Warning: MathOptInterface.VariablePrimalStart() is not supported by MathOptInterface.Bridges.LazyBridgeOptimizer{MathOptInterface.Utilities.CachingOptimizer{SCS.Optimizer,MathOptInterface.Utilities.UniversalFallback{JuMP._MOIModel{Float64}}},MathOptInterface.Utilities.UniversalFallback{MathOptInterface.Bridges.AllBridgedConstraints{Float64}}}. This 
│   information will be discarded. = "information will be discarded."
└ @ MathOptInterface.Utilities ~/.julia/packages/MathOptInterface/C3lip/src/Utilities/copy.jl:133
fatal error: integer divide by zero

runtime stack:
runtime.throw(0x55a64ba68bf2, 0x16)
	/usr/local/go/src/runtime/panic.go:617 +0x74
runtime.panicCheckMalloc(0x55a64c59a440, 0x55a64d75b9c0)
	/usr/local/go/src/runtime/panic.go:20 +0x7a
runtime.panicdivide()
	/usr/local/go/src/runtime/panic.go:60 +0x3b
runtime.(*mcentral).grow(0x55a64d7fad00, 0x0)
	/usr/local/go/src/runtime/mcentral.go:254 +0x16d
runtime.(*mcentral).cacheSpan(0x55a64d7fad00, 0x0)
	/usr/local/go/src/runtime/mcentral.go:106 +0x301
runtime.(*mcache).refill(0x7f5ec8ef16d8, 0x3c)
	/usr/local/go/src/runtime/mcache.go:135 +0x88
runtime.(*mcache).nextFree(0x7f5ec8ef16d8, 0x3c, 0x0, 0xc0004d3000, 0x7f5ec54a6cc0)
	/usr/local/go/src/runtime/malloc.go:786 +0x8a
runtime.mallocgc(0x380, 0x55a64c561140, 0x55a64a499d01, 0xc000079900)
	/usr/local/go/src/runtime/malloc.go:939 +0x780
runtime.newobject(0x55a64c561140, 0x138180)
	/usr/local/go/src/runtime/malloc.go:1068 +0x3a
runtime.allocm(0xc000080a00, 0x55a64c568648, 0x55a64a482a7f)
	/usr/local/go/src/runtime/proc.go:1492 +0x125
runtime.newm(0x55a64c568648, 0xc000080a00)
	/usr/local/go/src/runtime/proc.go:1812 +0x3b
runtime.startm(0x0, 0xc000428d01)
	/usr/local/go/src/runtime/proc.go:1977 +0x12e
runtime.wakep(...)
	/usr/local/go/src/runtime/proc.go:2058
runtime.resetspinning()
	/usr/local/go/src/runtime/proc.go:2438 +0x98
runtime.schedule()
	/usr/local/go/src/runtime/proc.go:2532 +0x207
runtime.park_m(0xc000428900)
	/usr/local/go/src/runtime/proc.go:2605 +0xa7
runtime.mcall(0x800000)
	/usr/local/go/src/runtime/asm_amd64.s:299 +0x53

goroutine 1 [select, 20 minutes]:
github.com/docker/cli/cli/command/container.(*hijackedIOStreamer).stream(0xc0002a00e0, 0x55a64c5ed480, 0xc000162020, 0x0, 0x0)
	/go/src/github.com/docker/cli/cli/command/container/hijack.go:58 +0x3a6
github.com/docker/cli/cli/command/container.runAttach(0x55a64c62f980, 0xc00012a0f0, 0xc000664510, 0x0, 0x0)
	/go/src/github.com/docker/cli/cli/command/container/attach.go:137 +0x5b8
github.com/docker/cli/cli/command/container.NewAttachCommand.func1(0xc000660f00, 0xc0006b00d0, 0x1, 0x1, 0x0, 0x0)
	/go/src/github.com/docker/cli/cli/command/container/attach.go:55 +0x69
github.com/docker/cli/vendor/github.com/spf13/cobra.(*Command).execute(0xc000660f00, 0xc0003f5bb0, 0x1, 0x1, 0xc000660f00, 0xc0003f5bb0)
	/go/src/github.com/docker/cli/vendor/github.com/spf13/cobra/command.go:762 +0x467
github.com/docker/cli/vendor/github.com/spf13/cobra.(*Command).ExecuteC(0xc000558c80, 0xc0003f5ba0, 0x2, 0x2)
	/go/src/github.com/docker/cli/vendor/github.com/spf13/cobra/command.go:852 +0x2ee
github.com/docker/cli/vendor/github.com/spf13/cobra.(*Command).Execute(...)
	/go/src/github.com/docker/cli/vendor/github.com/spf13/cobra/command.go:800
main.runDocker(0xc00012a0f0, 0x55a64c597d80, 0xc000164010)
	/go/src/github.com/docker/cli/cmd/docker/docker.go:281 +0x1d5
main.main()
	/go/src/github.com/docker/cli/cmd/docker/docker.go:292 +0xf3

goroutine 34 [syscall, 20 minutes]:
os/signal.signal_recv(0x55a64a4b92c6)
	/usr/local/go/src/runtime/sigqueue.go:139 +0x9e
os/signal.loop()
	/usr/local/go/src/os/signal/signal_unix.go:23 +0x24
created by os/signal.init.0
	/usr/local/go/src/os/signal/signal_unix.go:29 +0x43

goroutine 30 [chan receive, 2 minutes]:
github.com/docker/cli/vendor/k8s.io/klog.(*loggingT).flushDaemon(0x55a64d7f2da0)
	/go/src/github.com/docker/cli/vendor/k8s.io/klog/klog.go:943 +0x8d
created by github.com/docker/cli/vendor/k8s.io/klog.init.0
	/go/src/github.com/docker/cli/vendor/k8s.io/klog/klog.go:403 +0x6e

goroutine 99 [select, 20 minutes]:
net/http.(*persistConn).readLoop(0xc0006b2000)
	/usr/local/go/src/net/http/transport.go:1801 +0x95c
created by net/http.(*Transport).dialConn
	/usr/local/go/src/net/http/transport.go:1360 +0xafa

goroutine 100 [select, 20 minutes]:
net/http.(*persistConn).writeLoop(0xc0006b2000)
	/usr/local/go/src/net/http/transport.go:1979 +0x115
created by net/http.(*Transport).dialConn
	/usr/local/go/src/net/http/transport.go:1361 +0xb1f

goroutine 114 [IO wait (scan), 20 minutes]:
internal/poll.runtime_pollWait(0x7f5ec44771f8, 0x72, 0xffffffffffffffff)
	/usr/local/go/src/runtime/netpoll.go:182 +0x58
internal/poll.(*pollDesc).wait(0xc0006b6098, 0x72, 0x1000, 0x1000, 0xffffffffffffffff)
	/usr/local/go/src/internal/poll/fd_poll_runtime.go:87 +0x9d
internal/poll.(*pollDesc).waitRead(...)
	/usr/local/go/src/internal/poll/fd_poll_runtime.go:92
internal/poll.(*FD).Read(0xc0006b6080, 0xc0006c2000, 0x1000, 0x1000, 0x0, 0x0, 0x0)
	/usr/local/go/src/internal/poll/fd_unix.go:169 +0x19d
net.(*netFD).Read(0xc0006b6080, 0xc0006c2000, 0x1000, 0x1000, 0x0, 0x0, 0x0)
	/usr/local/go/src/net/fd_unix.go:202 +0x51
net.(*conn).Read(0xc000164028, 0xc0006c2000, 0x1000, 0x1000, 0x0, 0x0, 0x0)
	/usr/local/go/src/net/net.go:177 +0x6b
net/http.(*persistConn).Read(0xc0006b2000, 0xc0006c2000, 0x1000, 0x1000, 0x0, 0x0, 0x0)
	/usr/local/go/src/net/http/transport.go:1527 +0x7d
bufio.(*Reader).fill(0xc00012c1e0)
	/usr/local/go/src/bufio/bufio.go:100 +0x111
bufio.(*Reader).ReadSlice(0xc00012c1e0, 0xa, 0x0, 0x0, 0x0, 0x0, 0x0)
	/usr/local/go/src/bufio/bufio.go:356 +0x3f
net/http/internal.readChunkLine(0xc00012c1e0, 0x0, 0x0, 0x0, 0x0, 0x0)
	/usr/local/go/src/net/http/internal/chunked.go:122 +0x36
net/http/internal.(*chunkedReader).beginChunk(0xc00029e060)
	/usr/local/go/src/net/http/internal/chunked.go:48 +0x34
net/http/internal.(*chunkedReader).Read(0xc00029e060, 0xc000684200, 0x200, 0x200, 0xc0004d2548, 0x55a64a48aed1, 0x7f5e00000008)
	/usr/local/go/src/net/http/internal/chunked.go:93 +0x13c
net/http.(*body).readLocked(0xc00054e000, 0xc000684200, 0x200, 0x200, 0x200, 0xc000684200, 0x0)
	/usr/local/go/src/net/http/transfer.go:816 +0x61
net/http.(*body).Read(0xc00054e000, 0xc000684200, 0x200, 0x200, 0x0, 0x0, 0x0)
	/usr/local/go/src/net/http/transfer.go:808 +0xdd
net/http.(*bodyEOFSignal).Read(0xc00054e080, 0xc000684200, 0x200, 0x200, 0x0, 0x0, 0x0)
	/usr/local/go/src/net/http/transport.go:2351 +0xd5
encoding/json.(*Decoder).refill(0xc0001f66e0, 0x0, 0x138)
	/usr/local/go/src/encoding/json/stream.go:159 +0xfa
encoding/json.(*Decoder).readValue(0xc0001f66e0, 0x0, 0x0, 0x55a64c4d0ca0)
	/usr/local/go/src/encoding/json/stream.go:134 +0x212
encoding/json.(*Decoder).Decode(0xc0001f66e0, 0x55a64c1c2fa0, 0xc0006b01d0, 0x55a64c597ac0, 0xc00054e080)
	/usr/local/go/src/encoding/json/stream.go:63 +0x7b
github.com/docker/cli/vendor/github.com/docker/docker/client.(*Client).ContainerWait.func1(0x55a64c5bdec0, 0xc00054e080, 0xc00029e000, 0xc8, 0xc00041c080, 0xc00012c420, 0xc00005a0c0)
	/go/src/github.com/docker/cli/vendor/github.com/docker/docker/client/container_wait.go:48 +0x115
created by github.com/docker/cli/vendor/github.com/docker/docker/client.(*Client).ContainerWait
	/go/src/github.com/docker/cli/vendor/github.com/docker/docker/client/container_wait.go:45 +0x468

goroutine 117 [IO wait, 20 minutes]:
internal/poll.runtime_pollWait(0x7f5ec4477128, 0x72, 0xffffffffffffffff)
	/usr/local/go/src/runtime/netpoll.go:182 +0x58
internal/poll.(*pollDesc).wait(0xc0006b6418, 0x72, 0x1000, 0x1000, 0xffffffffffffffff)
	/usr/local/go/src/internal/poll/fd_poll_runtime.go:87 +0x9d
internal/poll.(*pollDesc).waitRead(...)
	/usr/local/go/src/internal/poll/fd_poll_runtime.go:92
internal/poll.(*FD).Read(0xc0006b6400, 0xc0003cd000, 0x1000, 0x1000, 0x0, 0x0, 0x0)
	/usr/local/go/src/internal/poll/fd_unix.go:169 +0x19d
net.(*netFD).Read(0xc0006b6400, 0xc0003cd000, 0x1000, 0x1000, 0x1, 0x55a64a48dfee, 0xc00010eb88)
	/usr/local/go/src/net/fd_unix.go:202 +0x51
net.(*conn).Read(0xc00054a030, 0xc0003cd000, 0x1000, 0x1000, 0x0, 0x0, 0x0)
	/usr/local/go/src/net/net.go:177 +0x6b
net/http.(*persistConn).Read(0xc000336000, 0xc0003cd000, 0x1000, 0x1000, 0xc00010ec88, 0x55a64a464455, 0xc00005a1e0)
	/usr/local/go/src/net/http/transport.go:1527 +0x7d
bufio.(*Reader).fill(0xc0002ed860)
	/usr/local/go/src/bufio/bufio.go:100 +0x111
bufio.(*Reader).Peek(0xc0002ed860, 0x1, 0x0, 0x0, 0x1, 0xc00005a400, 0x0)
	/usr/local/go/src/bufio/bufio.go:138 +0x51
net/http.(*persistConn).readLoop(0xc000336000)
	/usr/local/go/src/net/http/transport.go:1680 +0x1a5
created by net/http.(*Transport).dialConn
	/usr/local/go/src/net/http/transport.go:1360 +0xafa

goroutine 118 [select, 20 minutes]:
net/http.(*persistConn).writeLoop(0xc000336000)
	/usr/local/go/src/net/http/transport.go:1979 +0x115
created by net/http.(*Transport).dialConn
	/usr/local/go/src/net/http/transport.go:1361 +0xb1f

goroutine 78 [chan receive, 20 minutes]:
github.com/docker/cli/cli/command/container.ForwardAllSignals.func1(0xc00012c8a0, 0x55a64c62f980, 0xc00012a0f0, 0x55a64c5ed480, 0xc000162020, 0x7fff49d9d72b, 0x2b)
	/go/src/github.com/docker/cli/cli/command/container/tty.go:104 +0x5d
created by github.com/docker/cli/cli/command/container.ForwardAllSignals
	/go/src/github.com/docker/cli/cli/command/container/tty.go:103 +0xb3

goroutine 31 [IO wait, 8 minutes]:
internal/poll.runtime_pollWait(0x7f5ec4477058, 0x72, 0xffffffffffffffff)
	/usr/local/go/src/runtime/netpoll.go:182 +0x58
internal/poll.(*pollDesc).wait(0xc00041c318, 0x72, 0x8000, 0x8009, 0xffffffffffffffff)
	/usr/local/go/src/internal/poll/fd_poll_runtime.go:87 +0x9d
internal/poll.(*pollDesc).waitRead(...)
	/usr/local/go/src/internal/poll/fd_poll_runtime.go:92
internal/poll.(*FD).Read(0xc00041c300, 0xc000378000, 0x8009, 0x8009, 0x0, 0x0, 0x0)
	/usr/local/go/src/internal/poll/fd_unix.go:169 +0x19d
net.(*netFD).Read(0xc00041c300, 0xc000378000, 0x8009, 0x8009, 0x0, 0x0, 0x0)
	/usr/local/go/src/net/fd_unix.go:202 +0x51
net.(*conn).Read(0xc000164788, 0xc000378000, 0x8009, 0x8009, 0x0, 0x0, 0x0)
	/usr/local/go/src/net/net.go:177 +0x6b
bufio.(*Reader).Read(0xc00012c960, 0xc000378000, 0x8009, 0x8009, 0x210, 0x0, 0x0)
	/usr/local/go/src/bufio/bufio.go:209 +0x128
github.com/docker/cli/vendor/github.com/docker/docker/pkg/stdcopy.StdCopy(0x55a64c5959c0, 0xc000271ec0, 0x55a64c597d80, 0xc000164010, 0x55a64c594f40, 0xc00012c960, 0x0, 0x0, 0x0)
	/go/src/github.com/docker/cli/vendor/github.com/docker/docker/pkg/stdcopy/stdcopy.go:108 +0xf1
github.com/docker/cli/cli/command/container.(*hijackedIOStreamer).beginOutputStream.func1(0xc0002a00e0, 0x55a64c564f18, 0xc000450120)
	/go/src/github.com/docker/cli/cli/command/container/hijack.go:129 +0x98
created by github.com/docker/cli/cli/command/container.(*hijackedIOStreamer).beginOutputStream
	/go/src/github.com/docker/cli/cli/command/container/hijack.go:118 +0x83
