Julia Version 1.4.0
Commit b8e9a9ecc6 (2020-03-21 16:36 UTC)
Platform Info:
  OS: Linux (x86_64-pc-linux-gnu)
  CPU: AMD Ryzen Threadripper 2990WX 32-Core Processor
  WORD_SIZE: 64
  LIBM: libopenlibm
  LLVM: libLLVM-8.0.1 (ORCJIT, znver1)
Environment:
  JULIA_DEPOT_PATH = ::/usr/local/share/julia
  JULIA_NUM_THREADS = 2

  Resolving package versions...
  Installed SortingAlgorithms ── v0.3.1
  Installed ToeplitzMatrices ─── v0.6.1
  Installed AbstractFFTs ─────── v0.5.0
    Cloning [864edb3b-99cc-5e75-8d2d-829cb0a9cfe8] DataStructures from https://github.com/JuliaCollections/DataStructures.jl.git
[?25l    Fetching: [>                                        ]  0.0 %[2K[?25h  Installed DataStructures ───── v0.17.10
    Cloning [9a962f9c-6df0-11e9-0e5d-c546b8b5ee8a] DataAPI from https://github.com/JuliaData/DataAPI.jl.git
[?25l    Fetching: [>                                        ]  0.0 %[2K[?25h  Installed DataAPI ──────────── v1.1.0
    Cloning [e1d29d7a-bbdc-5cf2-9ac0-f12de2c33e28] Missings from https://github.com/JuliaData/Missings.jl.git
[?25l    Fetching: [>                                        ]  0.0 %[2K[?25h  Installed Missings ─────────── v0.4.3
    Cloning [f5851436-0d7a-5f13-b9de-f02708fd171a] FFTW_jll from https://github.com/JuliaBinaryWrappers/FFTW_jll.jl.git
[?25l    Fetching: [>                                        ]  0.0 %[2K[?25h  Installed FFTW_jll ─────────── v3.3.9+4
    Cloning [189a3867-3050-52da-a836-e630ba90ab69] Reexport from https://github.com/simonster/Reexport.jl.git
[?25l    Fetching: [>                                        ]  0.0 %[2K[?25h  Installed Reexport ─────────── v0.2.0
    Cloning [1d5cc7b8-4909-519e-a0f8-d0f5ad9712d0] IntelOpenMP_jll from https://github.com/JuliaBinaryWrappers/IntelOpenMP_jll.jl.git
[?25l    Fetching: [>                                        ]  0.0 %[2K[?25h  Installed IntelOpenMP_jll ──── v2018.0.3+0
    Cloning [2913bbd2-ae8a-5f71-8c99-4fb6c76f3a91] StatsBase from https://github.com/JuliaStats/StatsBase.jl.git
[?25l    Fetching: [>                                        ]  0.0 %[2K[?25h  Installed StatsBase ────────── v0.32.2
    Cloning [bac558e1-5e72-5ebc-8fee-abe8a469f55d] OrderedCollections from https://github.com/JuliaCollections/OrderedCollections.jl.git
[?25l    Fetching: [>                                        ]  0.0 %[2K[?25h  Installed OrderedCollections ─ v1.1.0
    Cloning [7a1cc6ca-52ef-59f5-83cd-3a7055c09341] FFTW from https://github.com/JuliaMath/FFTW.jl.git
[?25l    Fetching: [>                                        ]  0.0 %[2K[?25h  Installed FFTW ─────────────── v1.2.0
    Cloning [856f044c-d86e-5d09-b602-aeab76dc8ba7] MKL_jll from https://github.com/JuliaBinaryWrappers/MKL_jll.jl.git
[?25l    Fetching: [>                                        ]  0.0 %[2K[?25h  Installed MKL_jll ──────────── v2019.0.117+2
   Updating `~/.julia/environments/v1.4/Project.toml`
  [c751599d] + ToeplitzMatrices v0.6.1
   Updating `~/.julia/environments/v1.4/Manifest.toml`
  [621f4979] + AbstractFFTs v0.5.0
  [9a962f9c] + DataAPI v1.1.0
  [864edb3b] + DataStructures v0.17.10
  [7a1cc6ca] + FFTW v1.2.0
  [f5851436] + FFTW_jll v3.3.9+4
  [1d5cc7b8] + IntelOpenMP_jll v2018.0.3+0
  [856f044c] + MKL_jll v2019.0.117+2
  [e1d29d7a] + Missings v0.4.3
  [bac558e1] + OrderedCollections v1.1.0
  [189a3867] + Reexport v0.2.0
  [a2af1166] + SortingAlgorithms v0.3.1
  [2913bbd2] + StatsBase v0.32.2
  [c751599d] + ToeplitzMatrices v0.6.1
  [2a0f44e3] + Base64 
  [ade2ca70] + Dates 
  [8ba89e20] + Distributed 
  [b77e0a4c] + InteractiveUtils 
  [76f85450] + LibGit2 
  [8f399da3] + Libdl 
  [37e2e46d] + LinearAlgebra 
  [56ddb016] + Logging 
  [d6f4376e] + Markdown 
  [44cfe95a] + Pkg 
  [de0858da] + Printf 
  [3fa0cd96] + REPL 
  [9a3f8284] + Random 
  [ea8e919c] + SHA 
  [9e88b42a] + Serialization 
  [6462fe0b] + Sockets 
  [2f01184e] + SparseArrays 
  [10745b16] + Statistics 
  [8dfed614] + Test 
  [cf7118a7] + UUIDs 
  [4ec0a83e] + Unicode 
   Building FFTW → `~/.julia/packages/FFTW/qqcBj/deps/build.log`
    Testing ToeplitzMatrices
Status `/tmp/jl_pt13Re/Manifest.toml`
  [621f4979] AbstractFFTs v0.5.0
  [9a962f9c] DataAPI v1.1.0
  [864edb3b] DataStructures v0.17.10
  [7a1cc6ca] FFTW v1.2.0
  [f5851436] FFTW_jll v3.3.9+4
  [1d5cc7b8] IntelOpenMP_jll v2018.0.3+0
  [856f044c] MKL_jll v2019.0.117+2
  [e1d29d7a] Missings v0.4.3
  [bac558e1] OrderedCollections v1.1.0
  [189a3867] Reexport v0.2.0
  [a2af1166] SortingAlgorithms v0.3.1
  [2913bbd2] StatsBase v0.32.2
  [c751599d] ToeplitzMatrices v0.6.1
  [2a0f44e3] Base64 
  [ade2ca70] Dates 
  [8ba89e20] Distributed 
  [b77e0a4c] InteractiveUtils 
  [76f85450] LibGit2 
  [8f399da3] Libdl 
  [37e2e46d] LinearAlgebra 
  [56ddb016] Logging 
  [d6f4376e] Markdown 
  [44cfe95a] Pkg 
  [de0858da] Printf 
  [3fa0cd96] REPL 
  [9a3f8284] Random 
  [ea8e919c] SHA 
  [9e88b42a] Serialization 
  [6462fe0b] Sockets 
  [2f01184e] SparseArrays 
  [10745b16] Statistics 
  [8dfed614] Test 
  [cf7118a7] UUIDs 
  [4ec0a83e] Unicode 
Test Summary:                 | Pass  Total
Toeplitz: Real general square |    6      6
Test Summary:                    | Pass  Total
Toeplitz: Complex general square |    6      6
Test Summary:            | Pass  Total
Toeplitz: Real circulant |    6      6
Test Summary:               | Pass  Total
Toeplitz: Complex circulant |    6      6
Test Summary:                   | Pass  Total
Toeplitz: Real upper triangular |    6      6
Test Summary:                      | Pass  Total
Toeplitz: Complex upper triangular |    6      6
Test Summary:                   | Pass  Total
Toeplitz: Real lower triangular |    6      6
Test Summary:                      | Pass  Total
Toeplitz: Complex lower triangular |    6      6
Test Summary:            | Pass  Total
Real general rectangular |    2      2
Test Summary:               | Pass  Total
Complex general rectangular |    2      2
Test Summary:      | Pass  Total
Symmetric Toeplitz |    8      8
Test Summary: | Pass  Total
Hankel        |   26     26
Test Summary: | Pass  Total
Convert       |   25     25
Test Summary: | Pass  Total
Constructors  |   17     17
Test Summary:         | Pass  Total
Circulant mathematics |   42     42
Test Summary: | Pass  Total
Cholesky      |    2      2
    Testing ToeplitzMatrices tests passed 
