Julia Version 1.4.0
Commit b8e9a9ecc6 (2020-03-21 16:36 UTC)
Platform Info:
  OS: Linux (x86_64-pc-linux-gnu)
  CPU: AMD Ryzen Threadripper 2990WX 32-Core Processor
  WORD_SIZE: 64
  LIBM: libopenlibm
  LLVM: libLLVM-8.0.1 (ORCJIT, znver1)
Environment:
  JULIA_DEPOT_PATH = ::/usr/local/share/julia
  JULIA_NUM_THREADS = 2

  Resolving package versions...
  Installed DataAPI ──────────── v1.1.0
  Installed Missings ─────────── v0.4.3
  Installed Reexport ─────────── v0.2.0
  Installed DataStructures ───── v0.17.10
  Installed StatsBase ────────── v0.32.2
  Installed MKL_jll ──────────── v2019.0.117+2
    Cloning [c751599d-da0a-543b-9d20-d0a503d91d24] ToeplitzMatrices from https://github.com/JuliaMatrices/ToeplitzMatrices.jl.git
[?25l    Fetching: [>                                        ]  0.0 %[2K[?25h  Installed ToeplitzMatrices ─── v0.6.1
    Cloning [f5851436-0d7a-5f13-b9de-f02708fd171a] FFTW_jll from https://github.com/JuliaBinaryWrappers/FFTW_jll.jl.git
[?25l    Fetching: [>                                        ]  0.0 %[2K[?25h  Installed FFTW_jll ─────────── v3.3.9+4
    Cloning [a2af1166-a08f-5f64-846c-94a0d3cef48c] SortingAlgorithms from https://github.com/JuliaCollections/SortingAlgorithms.jl.git
[?25l    Fetching: [>                                        ]  0.0 %[2K[?25h  Installed SortingAlgorithms ── v0.3.1
    Cloning [621f4979-c628-5d54-868e-fcf4e3e8185c] AbstractFFTs from https://github.com/JuliaMath/AbstractFFTs.jl.git
[?25l    Fetching: [>                                        ]  0.0 %[2K[?25h  Installed AbstractFFTs ─────── v0.5.0
    Cloning [1d5cc7b8-4909-519e-a0f8-d0f5ad9712d0] IntelOpenMP_jll from https://github.com/JuliaBinaryWrappers/IntelOpenMP_jll.jl.git
[?25l    Fetching: [>                                        ]  0.0 %[2K[?25h  Installed IntelOpenMP_jll ──── v2018.0.3+0
    Cloning [bac558e1-5e72-5ebc-8fee-abe8a469f55d] OrderedCollections from https://github.com/JuliaCollections/OrderedCollections.jl.git
[?25l    Fetching: [>                                        ]  0.0 %[2K[?25h  Installed OrderedCollections ─ v1.1.0
    Cloning [7a1cc6ca-52ef-59f5-83cd-3a7055c09341] FFTW from https://github.com/JuliaMath/FFTW.jl.git
[?25l    Fetching: [>                                        ]  0.0 %[2K[?25h  Installed FFTW ─────────────── v1.2.0
   Updating `~/.julia/environments/v1.4/Project.toml`
  [c751599d] + ToeplitzMatrices v0.6.1
   Updating `~/.julia/environments/v1.4/Manifest.toml`
  [621f4979] + AbstractFFTs v0.5.0
  [9a962f9c] + DataAPI v1.1.0
  [864edb3b] + DataStructures v0.17.10
  [7a1cc6ca] + FFTW v1.2.0
  [f5851436] + FFTW_jll v3.3.9+4
  [1d5cc7b8] + IntelOpenMP_jll v2018.0.3+0
  [856f044c] + MKL_jll v2019.0.117+2
  [e1d29d7a] + Missings v0.4.3
  [bac558e1] + OrderedCollections v1.1.0
  [189a3867] + Reexport v0.2.0
  [a2af1166] + SortingAlgorithms v0.3.1
  [2913bbd2] + StatsBase v0.32.2
  [c751599d] + ToeplitzMatrices v0.6.1
  [2a0f44e3] + Base64 
  [ade2ca70] + Dates 
  [8ba89e20] + Distributed 
  [b77e0a4c] + InteractiveUtils 
  [76f85450] + LibGit2 
  [8f399da3] + Libdl 
  [37e2e46d] + LinearAlgebra 
  [56ddb016] + Logging 
  [d6f4376e] + Markdown 
  [44cfe95a] + Pkg 
  [de0858da] + Printf 
  [3fa0cd96] + REPL 
  [9a3f8284] + Random 
  [ea8e919c] + SHA 
  [9e88b42a] + Serialization 
  [6462fe0b] + Sockets 
  [2f01184e] + SparseArrays 
  [10745b16] + Statistics 
  [8dfed614] + Test 
  [cf7118a7] + UUIDs 
  [4ec0a83e] + Unicode 
   Building FFTW → `~/.julia/packages/FFTW/qqcBj/deps/build.log`
    Testing ToeplitzMatrices
Status `/tmp/jl_YvJTUU/Manifest.toml`
  [621f4979] AbstractFFTs v0.5.0
  [9a962f9c] DataAPI v1.1.0
  [864edb3b] DataStructures v0.17.10
  [7a1cc6ca] FFTW v1.2.0
  [f5851436] FFTW_jll v3.3.9+4
  [1d5cc7b8] IntelOpenMP_jll v2018.0.3+0
  [856f044c] MKL_jll v2019.0.117+2
  [e1d29d7a] Missings v0.4.3
  [bac558e1] OrderedCollections v1.1.0
  [189a3867] Reexport v0.2.0
  [a2af1166] SortingAlgorithms v0.3.1
  [2913bbd2] StatsBase v0.32.2
  [c751599d] ToeplitzMatrices v0.6.1
  [2a0f44e3] Base64 
  [ade2ca70] Dates 
  [8ba89e20] Distributed 
  [b77e0a4c] InteractiveUtils 
  [76f85450] LibGit2 
  [8f399da3] Libdl 
  [37e2e46d] LinearAlgebra 
  [56ddb016] Logging 
  [d6f4376e] Markdown 
  [44cfe95a] Pkg 
  [de0858da] Printf 
  [3fa0cd96] REPL 
  [9a3f8284] Random 
  [ea8e919c] SHA 
  [9e88b42a] Serialization 
  [6462fe0b] Sockets 
  [2f01184e] SparseArrays 
  [10745b16] Statistics 
  [8dfed614] Test 
  [cf7118a7] UUIDs 
  [4ec0a83e] Unicode 
Test Summary:                 | Pass  Total
Toeplitz: Real general square |    6      6
Test Summary:                    | Pass  Total
Toeplitz: Complex general square |    6      6
Test Summary:            | Pass  Total
Toeplitz: Real circulant |    6      6
Test Summary:               | Pass  Total
Toeplitz: Complex circulant |    6      6
Test Summary:                   | Pass  Total
Toeplitz: Real upper triangular |    6      6
Test Summary:                      | Pass  Total
Toeplitz: Complex upper triangular |    6      6
Test Summary:                   | Pass  Total
Toeplitz: Real lower triangular |    6      6
Test Summary:                      | Pass  Total
Toeplitz: Complex lower triangular |    6      6
Test Summary:            | Pass  Total
Real general rectangular |    2      2
Test Summary:               | Pass  Total
Complex general rectangular |    2      2
Symmetric Toeplitz: Test Failed at /home/pkgeval/.julia/packages/ToeplitzMatrices/0LQYA/test/runtests.jl:72
  Expression: StatsBase.levinson(Ab, xs) ≈ Matrix(Ab) \ xs
   Evaluated: [-206.409875968298 -1237.581954966513 … -927.6397921533959 3676.512410645203; 335.16043328975286 2180.844980321735 … 1630.3124465997528 -6476.606608387881; … ; 343.78971845705775 2181.9061284324234 … 1632.301429081878 -6481.639887455095; -182.48819495991484 -1232.274225993831 … -920.5777575286419 3663.5326727585507] ≈ [-206.40988516567202 -1237.5820135664508 … -927.6398360442328 3676.5125847961076; 335.16044953827367 2180.845083850962 … 1630.312524141894 -6476.606916061585; … ; 343.78973470595236 2181.906231961698 … 1632.3015066241724 -6481.640195129158; -182.4882041568412 -1232.2742845938171 … -920.5778014191969 3663.5328469088063]
Stacktrace:
 [1] top-level scope at /home/pkgeval/.julia/packages/ToeplitzMatrices/0LQYA/test/runtests.jl:72
 [2] top-level scope at /buildworker/worker/package_linux64/build/usr/share/julia/stdlib/v1.4/Test/src/Test.jl:1113
 [3] top-level scope at /home/pkgeval/.julia/packages/ToeplitzMatrices/0LQYA/test/runtests.jl:62
Test Summary:      | Pass  Fail  Total
Symmetric Toeplitz |    7     1      8
ERROR: LoadError: Some tests did not pass: 7 passed, 1 failed, 0 errored, 0 broken.
in expression starting at /home/pkgeval/.julia/packages/ToeplitzMatrices/0LQYA/test/runtests.jl:61
ERROR: Package ToeplitzMatrices errored during testing
Stacktrace:
 [1] pkgerror(::String, ::Vararg{String,N} where N) at /buildworker/worker/package_linux64/build/usr/share/julia/stdlib/v1.4/Pkg/src/Types.jl:53
 [2] test(::Pkg.Types.Context, ::Array{Pkg.Types.PackageSpec,1}; coverage::Bool, julia_args::Cmd, test_args::Cmd, test_fn::Nothing) at /buildworker/worker/package_linux64/build/usr/share/julia/stdlib/v1.4/Pkg/src/Operations.jl:1503
 [3] test(::Pkg.Types.Context, ::Array{Pkg.Types.PackageSpec,1}; coverage::Bool, test_fn::Nothing, julia_args::Cmd, test_args::Cmd, kwargs::Base.Iterators.Pairs{Union{},Union{},Tuple{},NamedTuple{(),Tuple{}}}) at /buildworker/worker/package_linux64/build/usr/share/julia/stdlib/v1.4/Pkg/src/API.jl:316
 [4] test(::Pkg.Types.Context, ::Array{Pkg.Types.PackageSpec,1}) at /buildworker/worker/package_linux64/build/usr/share/julia/stdlib/v1.4/Pkg/src/API.jl:303
 [5] #test#68 at /buildworker/worker/package_linux64/build/usr/share/julia/stdlib/v1.4/Pkg/src/API.jl:297 [inlined]
 [6] test at /buildworker/worker/package_linux64/build/usr/share/julia/stdlib/v1.4/Pkg/src/API.jl:297 [inlined]
 [7] #test#67 at /buildworker/worker/package_linux64/build/usr/share/julia/stdlib/v1.4/Pkg/src/API.jl:296 [inlined]
 [8] test at /buildworker/worker/package_linux64/build/usr/share/julia/stdlib/v1.4/Pkg/src/API.jl:296 [inlined]
 [9] test(::String; kwargs::Base.Iterators.Pairs{Union{},Union{},Tuple{},NamedTuple{(),Tuple{}}}) at /buildworker/worker/package_linux64/build/usr/share/julia/stdlib/v1.4/Pkg/src/API.jl:295
 [10] test(::String) at /buildworker/worker/package_linux64/build/usr/share/julia/stdlib/v1.4/Pkg/src/API.jl:295
 [11] top-level scope at none:16
