Julia Version 1.5.1
Commit 697e782ab8 (2020-08-25 20:08 UTC)
Platform Info:
  OS: Linux (x86_64-pc-linux-gnu)
  CPU: Intel(R) Xeon(R) Silver 4114 CPU @ 2.20GHz
  WORD_SIZE: 64
  LIBM: libopenlibm
  LLVM: libLLVM-9.0.1 (ORCJIT, skylake-avx512)
Environment:
  JULIA_DEPOT_PATH = ::/usr/local/share/julia
  JULIA_NUM_THREADS = 2

  Resolving package versions...
ERROR: Unsatisfiable requirements detected for package Requires [ae029012]:
 Requires [ae029012] log:
 ├─possible versions are: [0.5.0-0.5.2, 1.0.0-1.0.2] or uninstalled
 ├─restricted by compatibility requirements with LogarithmicNumbers [aa2f6b4e] to versions: 0.5.0-0.5.2
 │ └─LogarithmicNumbers [aa2f6b4e] log:
 │   ├─possible versions are: [0.1.0, 0.2.0, 0.3.0, 0.4.0-0.4.1] or uninstalled
 │   └─restricted by compatibility requirements with TropicalYao [8a7e9035] to versions: 0.4.0-0.4.1
 │     └─TropicalYao [8a7e9035] log:
 │       ├─possible versions are: 0.1.0 or uninstalled
 │       └─restricted to versions * by an explicit requirement, leaving only versions 0.1.0
 └─restricted by compatibility requirements with YaoSym [3b27209a] to versions: 1.0.0-1.0.2 — no versions left
   └─YaoSym [3b27209a] log:
     ├─possible versions are: [0.1.0, 0.2.0-0.2.1, 0.3.0-0.3.3, 0.4.0-0.4.5] or uninstalled
     ├─restricted by compatibility requirements with YaoArrayRegister [e600142f] to versions: [0.3.0-0.3.3, 0.4.0-0.4.5] or uninstalled
     │ └─YaoArrayRegister [e600142f] log:
     │   ├─possible versions are: [0.1.0, 0.2.0, 0.3.0-0.3.10, 0.4.0-0.4.2, 0.5.0-0.5.2, 0.6.0-0.6.2, 0.7.0-0.7.1] or uninstalled
     │   ├─restricted by compatibility requirements with TropicalYao [8a7e9035] to versions: [0.6.0-0.6.2, 0.7.0-0.7.1]
     │   │ └─TropicalYao [8a7e9035] log: see above
     │   └─restricted by compatibility requirements with LuxurySparse [d05aeea4] to versions: [0.6.2, 0.7.0-0.7.1] or uninstalled, leaving only versions: [0.6.2, 0.7.0-0.7.1]
     │     └─LuxurySparse [d05aeea4] log:
     │       ├─possible versions are: [0.1.0, 0.1.2, 0.2.0-0.2.1, 0.3.0-0.3.3, 0.4.0-0.4.3, 0.5.0-0.5.6, 0.6.0-0.6.4] or uninstalled
     │       └─restricted by compatibility requirements with TropicalYao [8a7e9035] to versions: 0.6.0-0.6.4
     │         └─TropicalYao [8a7e9035] log: see above
     ├─restricted by compatibility requirements with LuxurySparse [d05aeea4] to versions: 0.4.2-0.4.5 or uninstalled
     │ └─LuxurySparse [d05aeea4] log: see above
     └─restricted by compatibility requirements with Yao [5872b779] to versions: [0.3.0-0.3.3, 0.4.0-0.4.5], leaving only versions: 0.4.2-0.4.5
       └─Yao [5872b779] log:
         ├─possible versions are: [0.1.4, 0.2.0-0.2.2, 0.3.0-0.3.2, 0.4.0-0.4.2, 0.5.0-0.5.1, 0.6.0-0.6.3] or uninstalled
         └─restricted by compatibility requirements with TropicalYao [8a7e9035] to versions: 0.6.0-0.6.3
           └─TropicalYao [8a7e9035] log: see above
Stacktrace:
 [1] propagate_constraints!(::Pkg.Resolve.Graph, ::Set{Int64}; log_events::Bool) at /buildworker/worker/package_linux64/build/usr/share/julia/stdlib/v1.5/Pkg/src/Resolve/graphtype.jl:1005
 [2] propagate_constraints! at /buildworker/worker/package_linux64/build/usr/share/julia/stdlib/v1.5/Pkg/src/Resolve/graphtype.jl:946 [inlined] (repeats 2 times)
 [3] simplify_graph!(::Pkg.Resolve.Graph, ::Set{Int64}; clean_graph::Bool) at /buildworker/worker/package_linux64/build/usr/share/julia/stdlib/v1.5/Pkg/src/Resolve/graphtype.jl:1460
 [4] simplify_graph! at /buildworker/worker/package_linux64/build/usr/share/julia/stdlib/v1.5/Pkg/src/Resolve/graphtype.jl:1460 [inlined] (repeats 2 times)
 [5] resolve_versions!(::Pkg.Types.Context, ::Array{Pkg.Types.PackageSpec,1}) at /buildworker/worker/package_linux64/build/usr/share/julia/stdlib/v1.5/Pkg/src/Operations.jl:375
 [6] targeted_resolve at /buildworker/worker/package_linux64/build/usr/share/julia/stdlib/v1.5/Pkg/src/Operations.jl:1114 [inlined]
 [7] tiered_resolve(::Pkg.Types.Context, ::Array{Pkg.Types.PackageSpec,1}) at /buildworker/worker/package_linux64/build/usr/share/julia/stdlib/v1.5/Pkg/src/Operations.jl:1100
 [8] _resolve at /buildworker/worker/package_linux64/build/usr/share/julia/stdlib/v1.5/Pkg/src/Operations.jl:1120 [inlined]
 [9] add(::Pkg.Types.Context, ::Array{Pkg.Types.PackageSpec,1}, ::Array{Base.UUID,1}; preserve::Pkg.Types.PreserveLevel, platform::Pkg.BinaryPlatforms.Linux) at /buildworker/worker/package_linux64/build/usr/share/julia/stdlib/v1.5/Pkg/src/Operations.jl:1135
 [10] add(::Pkg.Types.Context, ::Array{Pkg.Types.PackageSpec,1}; preserve::Pkg.Types.PreserveLevel, platform::Pkg.BinaryPlatforms.Linux, kwargs::Base.Iterators.Pairs{Union{},Union{},Tuple{},NamedTuple{(),Tuple{}}}) at /buildworker/worker/package_linux64/build/usr/share/julia/stdlib/v1.5/Pkg/src/API.jl:189
 [11] add(::Pkg.Types.Context, ::Array{Pkg.Types.PackageSpec,1}) at /buildworker/worker/package_linux64/build/usr/share/julia/stdlib/v1.5/Pkg/src/API.jl:140
 [12] #add#21 at /buildworker/worker/package_linux64/build/usr/share/julia/stdlib/v1.5/Pkg/src/API.jl:67 [inlined]
 [13] add at /buildworker/worker/package_linux64/build/usr/share/julia/stdlib/v1.5/Pkg/src/API.jl:67 [inlined]
 [14] #add#20 at /buildworker/worker/package_linux64/build/usr/share/julia/stdlib/v1.5/Pkg/src/API.jl:66 [inlined]
 [15] add at /buildworker/worker/package_linux64/build/usr/share/julia/stdlib/v1.5/Pkg/src/API.jl:66 [inlined]
 [16] add(::String; kwargs::Base.Iterators.Pairs{Union{},Union{},Tuple{},NamedTuple{(),Tuple{}}}) at /buildworker/worker/package_linux64/build/usr/share/julia/stdlib/v1.5/Pkg/src/API.jl:65
 [17] add(::String) at /buildworker/worker/package_linux64/build/usr/share/julia/stdlib/v1.5/Pkg/src/API.jl:65
 [18] top-level scope at none:18
