Julia Version 1.3.1
Commit 2d5741174c (2019-12-30 21:36 UTC)
Platform Info:
  OS: Linux (x86_64-pc-linux-gnu)
  CPU: AMD Ryzen Threadripper 2990WX 32-Core Processor
  WORD_SIZE: 64
  LIBM: libopenlibm
  LLVM: libLLVM-6.0.1 (ORCJIT, znver1)
Environment:
  JULIA_DEPOT_PATH = ::/usr/local/share/julia
  JULIA_NUM_THREADS = 2

 Resolving package versions...
 Installed Reexport ────────────── v0.2.0
 Installed GeometricalPredicates ─ v0.4.0
 Installed FixedPointNumbers ───── v0.8.0
 Installed VoronoiCells ────────── v0.1.5
 Installed VoronoiDelaunay ─────── v0.4.0
 Installed ColorTypes ──────────── v0.10.0
 Installed Colors ──────────────── v0.12.0
  Updating `~/.julia/environments/v1.3/Project.toml`
  [e3e34ffb] + VoronoiCells v0.1.5
  Updating `~/.julia/environments/v1.3/Manifest.toml`
  [3da002f7] + ColorTypes v0.10.0
  [5ae59095] + Colors v0.12.0
  [53c48c17] + FixedPointNumbers v0.8.0
  [fd0ad045] + GeometricalPredicates v0.4.0
  [189a3867] + Reexport v0.2.0
  [e3e34ffb] + VoronoiCells v0.1.5
  [72f80fcb] + VoronoiDelaunay v0.4.0
  [2a0f44e3] + Base64 
  [ade2ca70] + Dates 
  [8ba89e20] + Distributed 
  [b77e0a4c] + InteractiveUtils 
  [76f85450] + LibGit2 
  [8f399da3] + Libdl 
  [56ddb016] + Logging 
  [d6f4376e] + Markdown 
  [44cfe95a] + Pkg 
  [de0858da] + Printf 
  [3fa0cd96] + REPL 
  [9a3f8284] + Random 
  [ea8e919c] + SHA 
  [9e88b42a] + Serialization 
  [6462fe0b] + Sockets 
  [8dfed614] + Test 
  [cf7118a7] + UUIDs 
  [4ec0a83e] + Unicode 
   Testing VoronoiCells
 Resolving package versions...
 Installed IteratorInterfaceExtensions ─ v1.0.0
 Installed DataAPI ───────────────────── v1.1.0
 Installed Compat ────────────────────── v3.8.0
 Installed OrderedCollections ────────── v1.1.0
 Installed Parsers ───────────────────── v0.3.12
 Installed BinaryProvider ────────────── v0.5.8
 Installed PooledArrays ──────────────── v0.5.3
 Installed Deldir ────────────────────── v1.1.1
 Installed InvertedIndices ───────────── v1.0.0
 Installed DataValueInterfaces ───────── v1.0.0
 Installed Missings ──────────────────── v0.4.3
 Installed CategoricalArrays ─────────── v0.7.7
 Installed JSON ──────────────────────── v0.21.0
 Installed SortingAlgorithms ─────────── v0.3.1
 Installed Tables ────────────────────── v1.0.3
 Installed DataFrames ────────────────── v0.20.2
 Installed TableTraits ───────────────── v1.0.0
 Installed DataStructures ────────────── v0.17.10
  Building Deldir → `~/.julia/packages/Deldir/3YuFN/deps/build.log`
    Status `/tmp/jl_X40Xua/Manifest.toml`
  [b99e7846] BinaryProvider v0.5.8
  [324d7699] CategoricalArrays v0.7.7
  [3da002f7] ColorTypes v0.10.0
  [5ae59095] Colors v0.12.0
  [34da2185] Compat v3.8.0
  [9a962f9c] DataAPI v1.1.0
  [a93c6f00] DataFrames v0.20.2
  [864edb3b] DataStructures v0.17.10
  [e2d170a0] DataValueInterfaces v1.0.0
  [64db5801] Deldir v1.1.1
  [53c48c17] FixedPointNumbers v0.8.0
  [fd0ad045] GeometricalPredicates v0.4.0
  [41ab1584] InvertedIndices v1.0.0
  [82899510] IteratorInterfaceExtensions v1.0.0
  [682c06a0] JSON v0.21.0
  [e1d29d7a] Missings v0.4.3
  [bac558e1] OrderedCollections v1.1.0
  [69de0a69] Parsers v0.3.12
  [2dfb63ee] PooledArrays v0.5.3
  [189a3867] Reexport v0.2.0
  [a2af1166] SortingAlgorithms v0.3.1
  [3783bdb8] TableTraits v1.0.0
  [bd369af6] Tables v1.0.3
  [e3e34ffb] VoronoiCells v0.1.5
  [72f80fcb] VoronoiDelaunay v0.4.0
  [2a0f44e3] Base64  [`@stdlib/Base64`]
  [ade2ca70] Dates  [`@stdlib/Dates`]
  [8bb1440f] DelimitedFiles  [`@stdlib/DelimitedFiles`]
  [8ba89e20] Distributed  [`@stdlib/Distributed`]
  [9fa8497b] Future  [`@stdlib/Future`]
  [b77e0a4c] InteractiveUtils  [`@stdlib/InteractiveUtils`]
  [76f85450] LibGit2  [`@stdlib/LibGit2`]
  [8f399da3] Libdl  [`@stdlib/Libdl`]
  [37e2e46d] LinearAlgebra  [`@stdlib/LinearAlgebra`]
  [56ddb016] Logging  [`@stdlib/Logging`]
  [d6f4376e] Markdown  [`@stdlib/Markdown`]
  [a63ad114] Mmap  [`@stdlib/Mmap`]
  [44cfe95a] Pkg  [`@stdlib/Pkg`]
  [de0858da] Printf  [`@stdlib/Printf`]
  [3fa0cd96] REPL  [`@stdlib/REPL`]
  [9a3f8284] Random  [`@stdlib/Random`]
  [ea8e919c] SHA  [`@stdlib/SHA`]
  [9e88b42a] Serialization  [`@stdlib/Serialization`]
  [1a1011a3] SharedArrays  [`@stdlib/SharedArrays`]
  [6462fe0b] Sockets  [`@stdlib/Sockets`]
  [2f01184e] SparseArrays  [`@stdlib/SparseArrays`]
  [10745b16] Statistics  [`@stdlib/Statistics`]
  [8dfed614] Test  [`@stdlib/Test`]
  [cf7118a7] UUIDs  [`@stdlib/UUIDs`]
  [4ec0a83e] Unicode  [`@stdlib/Unicode`]
Area of Voronoi cells: Test Failed at /home/pkgeval/.julia/packages/VoronoiCells/vx2P9/test/Voronoiarea.jl:18
  Expression: A ≈ A2
   Evaluated: [0.010982616673564184, 0.024219889396453472, 0.016621933797538076, 0.0010977461283287247, 0.01044312311705193, 0.010217379505333052, 0.011821458128328311, 0.005655184316539371, 0.01201518671734461, 0.019749454712607542  …  0.0015674233529507828, 0.006947363975192152, 0.011908229651937842, 0.003633794638360515, 0.006888686646081906, 0.010130396127757527, 0.013736835777636356, 0.0022429743424343053, 0.009895152112186736, 0.009447020469510516] ≈ [0.010982616673564233, 0.024219889396453448, 0.016621933797538114, 0.0010977461283287453, 0.010443123117051978, 0.010217379505333128, 0.011821458128328438, 0.005655184316539361, 0.012015186717344594, 0.019749454712607577  …  0.0015674233529507906, 0.006947363975192143, 0.011908229651937795, 0.0036337946383605373, 0.006888686646081919, 0.010130396127757561, 0.013736835777636345, 0.0022429743424343326, 0.009895152112186844, 0.009447020469510558]
Stacktrace:
 [1] top-level scope at /home/pkgeval/.julia/packages/VoronoiCells/vx2P9/test/Voronoiarea.jl:18
 [2] top-level scope at /buildworker/worker/package_linux64/build/usr/share/julia/stdlib/v1.3/Test/src/Test.jl:1107
 [3] top-level scope at /home/pkgeval/.julia/packages/VoronoiCells/vx2P9/test/Voronoiarea.jl:5
Test Summary:         | Pass  Fail  Total
Area of Voronoi cells |    1     1      2
ERROR: LoadError: LoadError: Some tests did not pass: 1 passed, 1 failed, 0 errored, 0 broken.
in expression starting at /home/pkgeval/.julia/packages/VoronoiCells/vx2P9/test/Voronoiarea.jl:4
in expression starting at /home/pkgeval/.julia/packages/VoronoiCells/vx2P9/test/runtests.jl:4
ERROR: Package VoronoiCells errored during testing
Stacktrace:
 [1] pkgerror(::String, ::Vararg{String,N} where N) at /buildworker/worker/package_linux64/build/usr/share/julia/stdlib/v1.3/Pkg/src/Types.jl:113
 [2] #test#131(::Bool, ::Nothing, ::Cmd, ::Cmd, ::typeof(Pkg.Operations.test), ::Pkg.Types.Context, ::Array{Pkg.Types.PackageSpec,1}) at /buildworker/worker/package_linux64/build/usr/share/julia/stdlib/v1.3/Pkg/src/Operations.jl:1372
 [3] #test at ./none:0 [inlined]
 [4] #test#62(::Bool, ::Nothing, ::Cmd, ::Cmd, ::Base.Iterators.Pairs{Union{},Union{},Tuple{},NamedTuple{(),Tuple{}}}, ::typeof(Pkg.API.test), ::Pkg.Types.Context, ::Array{Pkg.Types.PackageSpec,1}) at /buildworker/worker/package_linux64/build/usr/share/julia/stdlib/v1.3/Pkg/src/API.jl:253
 [5] test(::Pkg.Types.Context, ::Array{Pkg.Types.PackageSpec,1}) at /buildworker/worker/package_linux64/build/usr/share/julia/stdlib/v1.3/Pkg/src/API.jl:239
 [6] #test#61 at /buildworker/worker/package_linux64/build/usr/share/julia/stdlib/v1.3/Pkg/src/API.jl:233 [inlined]
 [7] test at /buildworker/worker/package_linux64/build/usr/share/julia/stdlib/v1.3/Pkg/src/API.jl:233 [inlined]
 [8] #test#60 at /buildworker/worker/package_linux64/build/usr/share/julia/stdlib/v1.3/Pkg/src/API.jl:232 [inlined]
 [9] test at /buildworker/worker/package_linux64/build/usr/share/julia/stdlib/v1.3/Pkg/src/API.jl:232 [inlined]
 [10] #test#59(::Base.Iterators.Pairs{Union{},Union{},Tuple{},NamedTuple{(),Tuple{}}}, ::typeof(Pkg.API.test), ::String) at /buildworker/worker/package_linux64/build/usr/share/julia/stdlib/v1.3/Pkg/src/API.jl:231
 [11] test(::String) at /buildworker/worker/package_linux64/build/usr/share/julia/stdlib/v1.3/Pkg/src/API.jl:231
