Julia Version 1.4.0
Commit b8e9a9ecc6 (2020-03-21 16:36 UTC)
Platform Info:
  OS: Linux (x86_64-pc-linux-gnu)
  CPU: AMD Ryzen Threadripper 2990WX 32-Core Processor
  WORD_SIZE: 64
  LIBM: libopenlibm
  LLVM: libLLVM-8.0.1 (ORCJIT, znver1)
Environment:
  JULIA_DEPOT_PATH = ::/usr/local/share/julia
  JULIA_NUM_THREADS = 2

  Resolving package versions...
  Installed NaNMath ────────────────────── v0.3.3
  Installed URIParser ──────────────────── v0.4.0
  Installed SimpleTraits ───────────────── v0.9.1
  Installed Requires ───────────────────── v1.0.1
  Installed OrderedCollections ─────────── v1.1.0
  Installed SpecialFunctions ───────────── v0.10.0
  Installed LightGraphs ────────────────── v1.3.1
  Installed VoronoiFVM ─────────────────── v0.7.1
  Installed RecipesBase ────────────────── v0.8.0
  Installed FiniteDiff ─────────────────── v2.3.0
  Installed ArrayInterface ─────────────── v2.6.2
  Installed ElasticArrays ──────────────── v1.0.0
  Installed DiffRules ──────────────────── v1.0.1
  Installed BinDeps ────────────────────── v0.8.10
  Installed ExtendableSparse ───────────── v0.2.7
  Installed Adapt ──────────────────────── v1.0.1
  Installed IterativeSolvers ───────────── v0.8.3
  Installed SparseDiffTools ────────────── v1.4.0
  Installed MacroTools ─────────────────── v0.5.5
  Installed DiffResults ────────────────── v1.0.2
  Installed ArnoldiMethod ──────────────── v0.0.4
  Installed ForwardDiff ────────────────── v0.10.10
  Installed Inflate ────────────────────── v0.1.2
  Installed DocStringExtensions ────────── v0.8.1
  Installed Compat ─────────────────────── v2.2.0
  Installed CommonSubexpressions ───────── v0.2.0
  Installed CompilerSupportLibraries_jll ─ v0.3.3+0
  Installed StaticArrays ───────────────── v0.12.1
  Installed BinaryProvider ─────────────── v0.5.8
  Installed Triangulate ────────────────── v0.4.3
  Installed DataStructures ─────────────── v0.17.11
  Installed OpenSpecFun_jll ────────────── v0.5.3+3
  Installed VertexSafeGraphs ───────────── v0.1.1
   Updating `~/.julia/environments/v1.4/Project.toml`
  [82b139dc] + VoronoiFVM v0.7.1
   Updating `~/.julia/environments/v1.4/Manifest.toml`
  [79e6a3ab] + Adapt v1.0.1
  [ec485272] + ArnoldiMethod v0.0.4
  [4fba245c] + ArrayInterface v2.6.2
  [9e28174c] + BinDeps v0.8.10
  [b99e7846] + BinaryProvider v0.5.8
  [bbf7d656] + CommonSubexpressions v0.2.0
  [34da2185] + Compat v2.2.0
  [e66e0078] + CompilerSupportLibraries_jll v0.3.3+0
  [864edb3b] + DataStructures v0.17.11
  [163ba53b] + DiffResults v1.0.2
  [b552c78f] + DiffRules v1.0.1
  [ffbed154] + DocStringExtensions v0.8.1
  [fdbdab4c] + ElasticArrays v1.0.0
  [95c220a8] + ExtendableSparse v0.2.7
  [6a86dc24] + FiniteDiff v2.3.0
  [f6369f11] + ForwardDiff v0.10.10
  [d25df0c9] + Inflate v0.1.2
  [42fd0dbc] + IterativeSolvers v0.8.3
  [093fc24a] + LightGraphs v1.3.1
  [1914dd2f] + MacroTools v0.5.5
  [77ba4419] + NaNMath v0.3.3
  [efe28fd5] + OpenSpecFun_jll v0.5.3+3
  [bac558e1] + OrderedCollections v1.1.0
  [3cdcf5f2] + RecipesBase v0.8.0
  [ae029012] + Requires v1.0.1
  [699a6c99] + SimpleTraits v0.9.1
  [47a9eef4] + SparseDiffTools v1.4.0
  [276daf66] + SpecialFunctions v0.10.0
  [90137ffa] + StaticArrays v0.12.1
  [f7e6ffb2] + Triangulate v0.4.3
  [30578b45] + URIParser v0.4.0
  [19fa3120] + VertexSafeGraphs v0.1.1
  [82b139dc] + VoronoiFVM v0.7.1
  [2a0f44e3] + Base64 
  [ade2ca70] + Dates 
  [8bb1440f] + DelimitedFiles 
  [8ba89e20] + Distributed 
  [b77e0a4c] + InteractiveUtils 
  [76f85450] + LibGit2 
  [8f399da3] + Libdl 
  [37e2e46d] + LinearAlgebra 
  [56ddb016] + Logging 
  [d6f4376e] + Markdown 
  [a63ad114] + Mmap 
  [44cfe95a] + Pkg 
  [de0858da] + Printf 
  [3fa0cd96] + REPL 
  [9a3f8284] + Random 
  [ea8e919c] + SHA 
  [9e88b42a] + Serialization 
  [1a1011a3] + SharedArrays 
  [6462fe0b] + Sockets 
  [2f01184e] + SparseArrays 
  [10745b16] + Statistics 
  [8dfed614] + Test 
  [cf7118a7] + UUIDs 
  [4ec0a83e] + Unicode 
   Building Triangulate → `~/.julia/packages/Triangulate/SUpBB/deps/build.log`
    Testing VoronoiFVM
Status `/tmp/jl_02XKQI/Manifest.toml`
  [79e6a3ab] Adapt v1.0.1
  [ec485272] ArnoldiMethod v0.0.4
  [4fba245c] ArrayInterface v2.6.2
  [9e28174c] BinDeps v0.8.10
  [b99e7846] BinaryProvider v0.5.8
  [bbf7d656] CommonSubexpressions v0.2.0
  [34da2185] Compat v2.2.0
  [e66e0078] CompilerSupportLibraries_jll v0.3.3+0
  [864edb3b] DataStructures v0.17.11
  [163ba53b] DiffResults v1.0.2
  [b552c78f] DiffRules v1.0.1
  [ffbed154] DocStringExtensions v0.8.1
  [fdbdab4c] ElasticArrays v1.0.0
  [95c220a8] ExtendableSparse v0.2.7
  [6a86dc24] FiniteDiff v2.3.0
  [f6369f11] ForwardDiff v0.10.10
  [d25df0c9] Inflate v0.1.2
  [42fd0dbc] IterativeSolvers v0.8.3
  [093fc24a] LightGraphs v1.3.1
  [1914dd2f] MacroTools v0.5.5
  [77ba4419] NaNMath v0.3.3
  [efe28fd5] OpenSpecFun_jll v0.5.3+3
  [bac558e1] OrderedCollections v1.1.0
  [3cdcf5f2] RecipesBase v0.8.0
  [ae029012] Requires v1.0.1
  [699a6c99] SimpleTraits v0.9.1
  [47a9eef4] SparseDiffTools v1.4.0
  [276daf66] SpecialFunctions v0.10.0
  [90137ffa] StaticArrays v0.12.1
  [f7e6ffb2] Triangulate v0.4.3
  [30578b45] URIParser v0.4.0
  [19fa3120] VertexSafeGraphs v0.1.1
  [82b139dc] VoronoiFVM v0.7.1
  [2a0f44e3] Base64 
  [ade2ca70] Dates 
  [8bb1440f] DelimitedFiles 
  [8ba89e20] Distributed 
  [b77e0a4c] InteractiveUtils 
  [76f85450] LibGit2 
  [8f399da3] Libdl 
  [37e2e46d] LinearAlgebra 
  [56ddb016] Logging 
  [d6f4376e] Markdown 
  [a63ad114] Mmap 
  [44cfe95a] Pkg 
  [de0858da] Printf 
  [3fa0cd96] REPL 
  [9a3f8284] Random 
  [ea8e919c] SHA 
  [9e88b42a] Serialization 
  [1a1011a3] SharedArrays 
  [6462fe0b] Sockets 
  [2f01184e] SparseArrays 
  [10745b16] Statistics 
  [8dfed614] Test 
  [cf7118a7] UUIDs 
  [4ec0a83e] Unicode 
Directory /home/pkgeval/.julia/packages/VoronoiFVM/sd93r/test:
  TriangleExamples:
  api-0:
  runtests:
  test_ctriangulate:
   compile:  1.039424 seconds (2.38 M allocations: 120.485 MiB, 5.73% gc time)
       run:  0.000616 seconds (90 allocations: 18.230 KiB)
  test_geomspace:
   compile:  1.207570 seconds (2.27 M allocations: 116.122 MiB, 4.22% gc time)
       run:  0.001127 seconds (477 allocations: 12.438 KiB)
  test_gridconstruct:
   compile:  0.523152 seconds (868.63 k allocations: 44.281 MiB, 3.60% gc time)
       run:  0.000725 seconds (139 allocations: 25.824 KiB)
  test_prepare_edges:
   compile:  1.223565 seconds (1.47 M allocations: 74.575 MiB, 2.15% gc time)
       run:  0.000525 seconds (147 allocations: 11.609 KiB)
  test_read_sg:
   compile:  1.572860 seconds (672.43 k allocations: 32.702 MiB, 1.06% gc time)
       run:  1.002957 seconds (502 allocations: 23.953 KiB)
  test_triangulate:
   compile:  0.071208 seconds (122.88 k allocations: 6.830 MiB)
       run:  0.000774 seconds (142 allocations: 25.496 KiB)
 84.867656 seconds (18.70 M allocations: 961.474 MiB, 0.70% gc time)
Directory /home/pkgeval/.julia/packages/VoronoiFVM/sd93r/test/../examples:
  Example101_Laplace1D:
   compile:  4.921747 seconds (9.11 M allocations: 456.778 MiB, 4.27% gc time)
       run:  0.000548 seconds (379 allocations: 51.617 KiB)
  Example102_StationaryConvectionDiffusion1D:
   compile:  4.875689 seconds (11.25 M allocations: 592.842 MiB, 8.83% gc time)
       run:  0.001044 seconds (1.64 k allocations: 183.297 KiB)
  Example105_NonlinearPoisson1D:
   compile:  2.285305 seconds (2.78 M allocations: 142.356 MiB, 2.21% gc time)
       run:  0.001090 seconds (1.55 k allocations: 263.875 KiB)
  Example106_NonlinearDiffusion1D:
   compile:  1.557535 seconds (2.11 M allocations: 118.283 MiB, 3.48% gc time)
       run:  0.055277 seconds (83.67 k allocations: 17.961 MiB, 13.52% gc time)
  Example107_NonlinearStorage1D:
   compile:  1.416391 seconds (1.61 M allocations: 96.515 MiB, 2.25% gc time)
       run:  0.071752 seconds (107.22 k allocations: 23.585 MiB)
  Example110_ReactionDiffusion1D_TwoSpecies:
   compile:  1.515146 seconds (2.25 M allocations: 149.430 MiB, 3.00% gc time)
       run:  0.170009 seconds (258.44 k allocations: 47.896 MiB, 2.86% gc time)
  Example115_HeterogeneousCatalysis1D:
   compile:  1.558341 seconds (2.43 M allocations: 139.367 MiB, 2.15% gc time)
       run:  0.067787 seconds (98.42 k allocations: 21.960 MiB, 13.89% gc time)
  Example120_ThreeRegions1D:
   compile:  2.840516 seconds (3.07 M allocations: 360.174 MiB, 1.73% gc time)
       run:  1.001952 seconds (641.32 k allocations: 238.727 MiB, 1.01% gc time)
  Example121_PoissonPointCharge1D:
   compile:  4.030116 seconds (10.00 M allocations: 536.594 MiB, 9.26% gc time)
       run:  0.001721 seconds (1.85 k allocations: 331.234 KiB)
  Example125_TestFunctions1D:
   compile:  4.017830 seconds (6.10 M allocations: 322.409 MiB, 3.21% gc time)
       run:  0.079592 seconds (83.06 k allocations: 16.851 MiB)
  Example150_Impedance1D:
   compile: 11.376009 seconds (21.20 M allocations: 1.059 GiB, 5.48% gc time)
       run:  0.006316 seconds (26.17 k allocations: 6.862 MiB)
  Example160_UnipolarDriftDiffusion1D:
   compile:  2.738971 seconds (3.04 M allocations: 228.076 MiB, 2.26% gc time)
       run:  0.436492 seconds (299.81 k allocations: 95.359 MiB, 1.55% gc time)
  Example202_Laplace2D_Unstructured:
   compile:  1.754025 seconds (2.84 M allocations: 142.411 MiB, 1.55% gc time)
       run:  0.001542 seconds (1.10 k allocations: 150.039 KiB)
  Example203_CoordinateSystems:
   compile:  1.146587 seconds (2.37 M allocations: 102.918 MiB, 2.96% gc time)
       run:  0.140412 seconds (758.77 k allocations: 18.369 MiB)
  Example205_NonlinearPoisson2D:
   compile:  6.335922 seconds (7.97 M allocations: 421.571 MiB, 2.65% gc time)
       run:  2.085968 seconds (329.54 k allocations: 53.609 MiB, 1.34% gc time)
  Example210_NonlinearPoisson2D_Reaction:
   compile: 11.858946 seconds (2.00 M allocations: 227.438 MiB, 2.67% gc time)
       run: 10.401776 seconds (395.30 k allocations: 143.906 MiB, 1.27% gc time)
  Example215_NonlinearPoisson2D_BoundaryReaction:
   compile:  2.413050 seconds (2.00 M allocations: 193.848 MiB, 2.18% gc time)
       run:  1.478256 seconds (395.91 k allocations: 110.862 MiB, 0.67% gc time)
  Example220_NonlinearPoisson2D_BoundarySpecies:
   compile:  3.232689 seconds (4.19 M allocations: 318.794 MiB, 2.38% gc time)
       run:  1.654331 seconds (1.52 M allocations: 180.940 MiB, 0.98% gc time)
 89.870489 seconds (102.52 M allocations: 6.515 GiB, 3.36% gc time)
Directory /home/pkgeval/.julia/packages/VoronoiFVM/sd93r/test/../test/api-0.6:
  Example101_Laplace1D:
WARNING: replacing module Example101_Laplace1D.
   compile:  0.776639 seconds (1.51 M allocations: 78.426 MiB, 3.43% gc time)
       run:  0.000527 seconds (457 allocations: 54.117 KiB)
  Example102_StationaryConvectionDiffusion1D:
WARNING: replacing module Example102_StationaryConvectionDiffusion1D.
   compile:  2.271891 seconds (4.32 M allocations: 223.493 MiB, 3.20% gc time)
       run:  0.001132 seconds (1.99 k allocations: 195.109 KiB)
  Example105_NonlinearPoisson1D:
WARNING: replacing module Example105_NonlinearPoisson1D.
   compile:  0.894724 seconds (1.74 M allocations: 89.553 MiB, 2.96% gc time)
       run:  0.002405 seconds (1.95 k allocations: 279.500 KiB)
  Example106_NonlinearDiffusion1D:
WARNING: replacing module Example106_NonlinearDiffusion1D.
   compile:  1.218813 seconds (1.68 M allocations: 96.716 MiB, 3.07% gc time)
       run:  0.113851 seconds (128.41 k allocations: 19.553 MiB)
  Example107_NonlinearStorage1D:
WARNING: replacing module Example107_NonlinearStorage1D.
   compile:  1.738069 seconds (1.85 M allocations: 107.781 MiB, 2.22% gc time)
       run:  0.221277 seconds (170.88 k allocations: 26.098 MiB, 11.03% gc time)
  Example110_NonlinearPoisson1D_TwoSpecies:
   compile:  1.819604 seconds (2.33 M allocations: 151.503 MiB, 4.68% gc time)
       run:  0.430551 seconds (348.81 k allocations: 51.342 MiB, 2.02% gc time)
  Example115_HeterogeneousCatalysis1D:
WARNING: replacing module Example115_HeterogeneousCatalysis1D.
   compile:  1.532456 seconds (2.45 M allocations: 139.134 MiB, 2.92% gc time)
       run:  0.084660 seconds (120.45 k allocations: 22.695 MiB)
  Example120_ThreeRegions1D:
WARNING: replacing module Example120_ThreeRegions1D.
   compile:  3.972798 seconds (3.38 M allocations: 370.847 MiB, 2.30% gc time)
       run:  2.429701 seconds (1.11 M allocations: 256.517 MiB, 1.24% gc time)
  Example121_PoissonPointCharge1D:
WARNING: replacing module Example121_PoissonPointCharge1D.
   compile:  0.952326 seconds (1.43 M allocations: 75.042 MiB, 3.77% gc time)
       run:  0.003472 seconds (1.85 k allocations: 331.219 KiB)
  Example125_TestFunctions1D:
WARNING: replacing module Example125_TestFunctions1D.
   compile:  1.837263 seconds (2.24 M allocations: 123.287 MiB, 1.92% gc time)
       run:  0.179289 seconds (121.68 k allocations: 18.336 MiB, 10.21% gc time)
  Example150_Impedance1D:
WARNING: replacing module Example150_Impedance1D.
   compile:  5.203056 seconds (8.36 M allocations: 455.592 MiB, 4.67% gc time)
       run:  0.010334 seconds (26.18 k allocations: 6.862 MiB)
  Example160_UnipolarDriftDiffusion1D:
WARNING: replacing module Example160_UnipolarDriftDiffusion1D.
   compile:  3.089643 seconds (3.13 M allocations: 230.142 MiB, 3.11% gc time)
       run:  0.853808 seconds (444.75 k allocations: 100.879 MiB, 5.59% gc time)
  Example202_Laplace2D_Unstructured:
WARNING: replacing module Example202_Laplace2D_Unstructured.
   compile:  1.139644 seconds (1.81 M allocations: 93.887 MiB, 20.55% gc time)
       run:  0.002967 seconds (2.30 k allocations: 196.914 KiB)
  Example203_CoordinateSystems:
WARNING: replacing module Example203_CoordinateSystems.
   compile:  1.226297 seconds (2.39 M allocations: 102.100 MiB, 3.78% gc time)
       run:  0.200448 seconds (806.77 k allocations: 20.200 MiB)
  Example205_NonlinearPoisson2D:
WARNING: replacing module Example205_NonlinearPoisson2D.
   compile:  5.403342 seconds (1.86 M allocations: 133.280 MiB, 0.71% gc time)
       run:  4.301217 seconds (329.56 k allocations: 53.626 MiB, 0.12% gc time)
  Example210_NonlinearPoisson2D_Reaction:
WARNING: replacing module Example210_NonlinearPoisson2D_Reaction.
   compile: 19.288702 seconds (3.24 M allocations: 278.063 MiB, 1.41% gc time)
       run: 17.181276 seconds (1.36 M allocations: 180.531 MiB, 0.84% gc time)
  Example215_NonlinearPoisson2D_BoundaryReaction:
WARNING: replacing module Example215_NonlinearPoisson2D_BoundaryReaction.
   compile:  3.769172 seconds (4.35 M allocations: 305.388 MiB, 2.72% gc time)
       run:  2.652313 seconds (1.36 M allocations: 147.462 MiB, 0.86% gc time)
  Example220_NonlinearPoisson2D_BoundarySpecies:
WARNING: replacing module Example220_NonlinearPoisson2D_BoundarySpecies.
   compile:  4.110322 seconds (5.05 M allocations: 350.266 MiB, 2.52% gc time)
       run:  2.637007 seconds (2.48 M allocations: 217.564 MiB, 1.47% gc time)
 93.029941 seconds (62.31 M allocations: 4.441 GiB, 2.12% gc time)
267.768834 seconds (183.53 M allocations: 11.895 GiB, 2.09% gc time)
    Testing VoronoiFVM tests passed 
