Julia Version 1.4.0
Commit b8e9a9ecc6 (2020-03-21 16:36 UTC)
Platform Info:
  OS: Linux (x86_64-pc-linux-gnu)
  CPU: AMD Ryzen Threadripper 2990WX 32-Core Processor
  WORD_SIZE: 64
  LIBM: libopenlibm
  LLVM: libLLVM-8.0.1 (ORCJIT, znver1)
Environment:
  JULIA_DEPOT_PATH = ::/usr/local/share/julia
  JULIA_NUM_THREADS = 2

  Resolving package versions...
  Installed URIParser ──────────────────── v0.4.0
  Installed NaNMath ────────────────────── v0.3.3
  Installed SimpleTraits ───────────────── v0.9.1
  Installed Requires ───────────────────── v1.0.1
  Installed OrderedCollections ─────────── v1.1.0
  Installed SpecialFunctions ───────────── v0.10.0
  Installed LightGraphs ────────────────── v1.3.1
  Installed VoronoiFVM ─────────────────── v0.7.1
  Installed RecipesBase ────────────────── v0.8.0
  Installed ArrayInterface ─────────────── v2.6.2
  Installed DiffRules ──────────────────── v1.0.1
  Installed FiniteDiff ─────────────────── v2.3.0
  Installed BinDeps ────────────────────── v0.8.10
  Installed ExtendableSparse ───────────── v0.2.7
  Installed Adapt ──────────────────────── v1.0.1
  Installed IterativeSolvers ───────────── v0.8.3
  Installed MacroTools ─────────────────── v0.5.5
  Installed ElasticArrays ──────────────── v1.0.0
  Installed SparseDiffTools ────────────── v1.4.0
  Installed DiffResults ────────────────── v1.0.2
  Installed ForwardDiff ────────────────── v0.10.10
  Installed ArnoldiMethod ──────────────── v0.0.4
  Installed Inflate ────────────────────── v0.1.2
  Installed Compat ─────────────────────── v2.2.0
  Installed CommonSubexpressions ───────── v0.2.0
  Installed DocStringExtensions ────────── v0.8.1
  Installed CompilerSupportLibraries_jll ─ v0.3.3+0
  Installed BinaryProvider ─────────────── v0.5.8
  Installed StaticArrays ───────────────── v0.12.1
  Installed VertexSafeGraphs ───────────── v0.1.1
  Installed DataStructures ─────────────── v0.17.11
  Installed Triangulate ────────────────── v0.4.3
  Installed OpenSpecFun_jll ────────────── v0.5.3+3
   Updating `~/.julia/environments/v1.4/Project.toml`
  [82b139dc] + VoronoiFVM v0.7.1
   Updating `~/.julia/environments/v1.4/Manifest.toml`
  [79e6a3ab] + Adapt v1.0.1
  [ec485272] + ArnoldiMethod v0.0.4
  [4fba245c] + ArrayInterface v2.6.2
  [9e28174c] + BinDeps v0.8.10
  [b99e7846] + BinaryProvider v0.5.8
  [bbf7d656] + CommonSubexpressions v0.2.0
  [34da2185] + Compat v2.2.0
  [e66e0078] + CompilerSupportLibraries_jll v0.3.3+0
  [864edb3b] + DataStructures v0.17.11
  [163ba53b] + DiffResults v1.0.2
  [b552c78f] + DiffRules v1.0.1
  [ffbed154] + DocStringExtensions v0.8.1
  [fdbdab4c] + ElasticArrays v1.0.0
  [95c220a8] + ExtendableSparse v0.2.7
  [6a86dc24] + FiniteDiff v2.3.0
  [f6369f11] + ForwardDiff v0.10.10
  [d25df0c9] + Inflate v0.1.2
  [42fd0dbc] + IterativeSolvers v0.8.3
  [093fc24a] + LightGraphs v1.3.1
  [1914dd2f] + MacroTools v0.5.5
  [77ba4419] + NaNMath v0.3.3
  [efe28fd5] + OpenSpecFun_jll v0.5.3+3
  [bac558e1] + OrderedCollections v1.1.0
  [3cdcf5f2] + RecipesBase v0.8.0
  [ae029012] + Requires v1.0.1
  [699a6c99] + SimpleTraits v0.9.1
  [47a9eef4] + SparseDiffTools v1.4.0
  [276daf66] + SpecialFunctions v0.10.0
  [90137ffa] + StaticArrays v0.12.1
  [f7e6ffb2] + Triangulate v0.4.3
  [30578b45] + URIParser v0.4.0
  [19fa3120] + VertexSafeGraphs v0.1.1
  [82b139dc] + VoronoiFVM v0.7.1
  [2a0f44e3] + Base64 
  [ade2ca70] + Dates 
  [8bb1440f] + DelimitedFiles 
  [8ba89e20] + Distributed 
  [b77e0a4c] + InteractiveUtils 
  [76f85450] + LibGit2 
  [8f399da3] + Libdl 
  [37e2e46d] + LinearAlgebra 
  [56ddb016] + Logging 
  [d6f4376e] + Markdown 
  [a63ad114] + Mmap 
  [44cfe95a] + Pkg 
  [de0858da] + Printf 
  [3fa0cd96] + REPL 
  [9a3f8284] + Random 
  [ea8e919c] + SHA 
  [9e88b42a] + Serialization 
  [1a1011a3] + SharedArrays 
  [6462fe0b] + Sockets 
  [2f01184e] + SparseArrays 
  [10745b16] + Statistics 
  [8dfed614] + Test 
  [cf7118a7] + UUIDs 
  [4ec0a83e] + Unicode 
   Building Triangulate → `~/.julia/packages/Triangulate/SUpBB/deps/build.log`
    Testing VoronoiFVM
Status `/tmp/jl_DQqnp3/Manifest.toml`
  [79e6a3ab] Adapt v1.0.1
  [ec485272] ArnoldiMethod v0.0.4
  [4fba245c] ArrayInterface v2.6.2
  [9e28174c] BinDeps v0.8.10
  [b99e7846] BinaryProvider v0.5.8
  [bbf7d656] CommonSubexpressions v0.2.0
  [34da2185] Compat v2.2.0
  [e66e0078] CompilerSupportLibraries_jll v0.3.3+0
  [864edb3b] DataStructures v0.17.11
  [163ba53b] DiffResults v1.0.2
  [b552c78f] DiffRules v1.0.1
  [ffbed154] DocStringExtensions v0.8.1
  [fdbdab4c] ElasticArrays v1.0.0
  [95c220a8] ExtendableSparse v0.2.7
  [6a86dc24] FiniteDiff v2.3.0
  [f6369f11] ForwardDiff v0.10.10
  [d25df0c9] Inflate v0.1.2
  [42fd0dbc] IterativeSolvers v0.8.3
  [093fc24a] LightGraphs v1.3.1
  [1914dd2f] MacroTools v0.5.5
  [77ba4419] NaNMath v0.3.3
  [efe28fd5] OpenSpecFun_jll v0.5.3+3
  [bac558e1] OrderedCollections v1.1.0
  [3cdcf5f2] RecipesBase v0.8.0
  [ae029012] Requires v1.0.1
  [699a6c99] SimpleTraits v0.9.1
  [47a9eef4] SparseDiffTools v1.4.0
  [276daf66] SpecialFunctions v0.10.0
  [90137ffa] StaticArrays v0.12.1
  [f7e6ffb2] Triangulate v0.4.3
  [30578b45] URIParser v0.4.0
  [19fa3120] VertexSafeGraphs v0.1.1
  [82b139dc] VoronoiFVM v0.7.1
  [2a0f44e3] Base64 
  [ade2ca70] Dates 
  [8bb1440f] DelimitedFiles 
  [8ba89e20] Distributed 
  [b77e0a4c] InteractiveUtils 
  [76f85450] LibGit2 
  [8f399da3] Libdl 
  [37e2e46d] LinearAlgebra 
  [56ddb016] Logging 
  [d6f4376e] Markdown 
  [a63ad114] Mmap 
  [44cfe95a] Pkg 
  [de0858da] Printf 
  [3fa0cd96] REPL 
  [9a3f8284] Random 
  [ea8e919c] SHA 
  [9e88b42a] Serialization 
  [1a1011a3] SharedArrays 
  [6462fe0b] Sockets 
  [2f01184e] SparseArrays 
  [10745b16] Statistics 
  [8dfed614] Test 
  [cf7118a7] UUIDs 
  [4ec0a83e] Unicode 
Directory /home/pkgeval/.julia/packages/VoronoiFVM/sd93r/test:
  TriangleExamples:
  api-0:
  runtests:
  test_ctriangulate:
   compile:  1.473059 seconds (2.38 M allocations: 120.483 MiB, 8.13% gc time)
       run:  0.000862 seconds (90 allocations: 18.230 KiB)
  test_geomspace:
   compile:  1.334843 seconds (2.27 M allocations: 116.121 MiB, 2.80% gc time)
       run:  0.001106 seconds (477 allocations: 12.438 KiB)
  test_gridconstruct:
   compile:  0.753921 seconds (868.63 k allocations: 44.281 MiB)
       run:  0.000646 seconds (139 allocations: 25.824 KiB)
  test_prepare_edges:
   compile:  1.456386 seconds (1.47 M allocations: 74.574 MiB, 2.31% gc time)
       run:  0.000310 seconds (147 allocations: 11.609 KiB)
  test_read_sg:
   compile:  1.595666 seconds (672.43 k allocations: 32.702 MiB, 0.58% gc time)
       run:ERROR: LoadError: BoundsError: attempt to access 0-element Array{SubString{String},1} at index [0]
Stacktrace:
 [1] getindex at ./array.jl:787 [inlined]
 [2] gettoken at /home/pkgeval/.julia/packages/VoronoiFVM/sd93r/src/grid/tokenstream.jl:130 [inlined]
 [3] expecttoken(::VoronoiFVM.TokenStream, ::String) at /home/pkgeval/.julia/packages/VoronoiFVM/sd93r/src/grid/tokenstream.jl:147
 [4] VoronoiFVM.Grid(::Type{IOStream}; file::String, format::String) at /home/pkgeval/.julia/packages/VoronoiFVM/sd93r/src/grid/file.jl:19
 [5] test() at /home/pkgeval/.julia/packages/VoronoiFVM/sd93r/test/test_read_sg.jl:59
 [6] top-level scope at /home/pkgeval/.julia/packages/VoronoiFVM/sd93r/test/runtests.jl:42
 [7] eval at ./boot.jl:331 [inlined]
 [8] eval(::Expr) at ./client.jl:449
 [9] macro expansion at ./util.jl:175 [inlined]
 [10] top-level scope at /home/pkgeval/.julia/packages/VoronoiFVM/sd93r/test/runtests.jl:26
 [11] eval at ./boot.jl:331 [inlined]
 [12] macro expansion at /home/pkgeval/.julia/packages/VoronoiFVM/sd93r/test/runtests.jl:19 [inlined]
 [13] macro expansion at ./util.jl:175 [inlined]
 [14] run_tests_from_directory(::String, ::String) at /home/pkgeval/.julia/packages/VoronoiFVM/sd93r/test/runtests.jl:13
 [15] macro expansion at /home/pkgeval/.julia/packages/VoronoiFVM/sd93r/test/runtests.jl:36 [inlined]
 [16] macro expansion at ./util.jl:175 [inlined]
 [17] run_all_tests() at /home/pkgeval/.julia/packages/VoronoiFVM/sd93r/test/runtests.jl:35
 [18] top-level scope at /home/pkgeval/.julia/packages/VoronoiFVM/sd93r/test/runtests.jl:42
 [19] include(::String) at ./client.jl:439
 [20] top-level scope at none:6
in expression starting at /home/pkgeval/.julia/packages/VoronoiFVM/sd93r/test/runtests.jl:42
ERROR: Package VoronoiFVM errored during testing
Stacktrace:
 [1] pkgerror(::String, ::Vararg{String,N} where N) at /buildworker/worker/package_linux64/build/usr/share/julia/stdlib/v1.4/Pkg/src/Types.jl:53
 [2] test(::Pkg.Types.Context, ::Array{Pkg.Types.PackageSpec,1}; coverage::Bool, julia_args::Cmd, test_args::Cmd, test_fn::Nothing) at /buildworker/worker/package_linux64/build/usr/share/julia/stdlib/v1.4/Pkg/src/Operations.jl:1503
 [3] test(::Pkg.Types.Context, ::Array{Pkg.Types.PackageSpec,1}; coverage::Bool, test_fn::Nothing, julia_args::Cmd, test_args::Cmd, kwargs::Base.Iterators.Pairs{Union{},Union{},Tuple{},NamedTuple{(),Tuple{}}}) at /buildworker/worker/package_linux64/build/usr/share/julia/stdlib/v1.4/Pkg/src/API.jl:316
 [4] test(::Pkg.Types.Context, ::Array{Pkg.Types.PackageSpec,1}) at /buildworker/worker/package_linux64/build/usr/share/julia/stdlib/v1.4/Pkg/src/API.jl:303
 [5] #test#68 at /buildworker/worker/package_linux64/build/usr/share/julia/stdlib/v1.4/Pkg/src/API.jl:297 [inlined]
 [6] test at /buildworker/worker/package_linux64/build/usr/share/julia/stdlib/v1.4/Pkg/src/API.jl:297 [inlined]
 [7] #test#67 at /buildworker/worker/package_linux64/build/usr/share/julia/stdlib/v1.4/Pkg/src/API.jl:296 [inlined]
 [8] test at /buildworker/worker/package_linux64/build/usr/share/julia/stdlib/v1.4/Pkg/src/API.jl:296 [inlined]
 [9] test(::String; kwargs::Base.Iterators.Pairs{Union{},Union{},Tuple{},NamedTuple{(),Tuple{}}}) at /buildworker/worker/package_linux64/build/usr/share/julia/stdlib/v1.4/Pkg/src/API.jl:295
 [10] test(::String) at /buildworker/worker/package_linux64/build/usr/share/julia/stdlib/v1.4/Pkg/src/API.jl:295
 [11] top-level scope at none:16
