Julia Version 1.4.0
Commit b8e9a9ecc6 (2020-03-21 16:36 UTC)
Platform Info:
  OS: Linux (x86_64-pc-linux-gnu)
  CPU: AMD Ryzen Threadripper 2990WX 32-Core Processor
  WORD_SIZE: 64
  LIBM: libopenlibm
  LLVM: libLLVM-8.0.1 (ORCJIT, znver1)
Environment:
  JULIA_DEPOT_PATH = ::/usr/local/share/julia
  JULIA_NUM_THREADS = 2

  Resolving package versions...
  Installed Reexport ───────────────────── v0.2.0
  Installed AbstractFFTs ───────────────── v0.5.0
  Installed DSP ────────────────────────── v0.6.3
  Installed IntelOpenMP_jll ────────────── v2018.0.3+0
  Installed IterTools ──────────────────── v1.3.0
  Installed MKL_jll ────────────────────── v2019.0.117+2
    Cloning [29a6e085-ba6d-5f35-a997-948ac2efa89a] Wavelets from https://github.com/JuliaDSP/Wavelets.jl.git
[?25l    Fetching: [>                                        ]  0.0 %[2K[?25h  Installed Wavelets ───────────────────── v0.9.0
    Cloning [3cdcf5f2-1ef4-517c-9805-6587b60abb01] RecipesBase from https://github.com/JuliaPlots/RecipesBase.jl.git
[?25l    Fetching: [>                                        ]  0.0 %[2K[?25h  Installed RecipesBase ────────────────── v0.8.0
    Cloning [f5851436-0d7a-5f13-b9de-f02708fd171a] FFTW_jll from https://github.com/JuliaBinaryWrappers/FFTW_jll.jl.git
[?25l    Fetching: [>                                        ]  0.0 %[2K[?25h  Installed FFTW_jll ───────────────────── v3.3.9+4
    Cloning [e66e0078-7015-5450-92f7-15fbd957f2ae] CompilerSupportLibraries_jll from https://github.com/JuliaBinaryWrappers/CompilerSupportLibraries_jll.jl.git
[?25l    Fetching: [>                                        ]  0.0 %[2K[?25h  Installed CompilerSupportLibraries_jll ─ v0.3.1+0
    Cloning [f27b6e38-b328-58d1-80ce-0feddd5e7a45] Polynomials from https://github.com/JuliaMath/Polynomials.jl.git
[?25l    Fetching: [>                                        ]  0.0 %[2K[?25h  Installed Polynomials ────────────────── v0.6.1
    Cloning [276daf66-3868-5448-9aa4-cd146d93841b] SpecialFunctions from https://github.com/JuliaMath/SpecialFunctions.jl.git
[?25l    Fetching: [>                                        ]  0.0 %[2K[?25h  Installed SpecialFunctions ───────────── v0.10.0
    Cloning [7a1cc6ca-52ef-59f5-83cd-3a7055c09341] FFTW from https://github.com/JuliaMath/FFTW.jl.git
[?25l    Fetching: [>                                        ]  0.0 %[2K[?25h  Installed FFTW ───────────────────────── v1.2.0
    Cloning [efe28fd5-8261-553b-a9e1-b2916fc3738e] OpenSpecFun_jll from https://github.com/JuliaBinaryWrappers/OpenSpecFun_jll.jl.git
[?25l    Fetching: [>                                        ]  0.0 %[2K[?25h  Installed OpenSpecFun_jll ────────────── v0.5.3+3
   Updating `~/.julia/environments/v1.4/Project.toml`
  [29a6e085] + Wavelets v0.9.0
   Updating `~/.julia/environments/v1.4/Manifest.toml`
  [621f4979] + AbstractFFTs v0.5.0
  [e66e0078] + CompilerSupportLibraries_jll v0.3.1+0
  [717857b8] + DSP v0.6.3
  [7a1cc6ca] + FFTW v1.2.0
  [f5851436] + FFTW_jll v3.3.9+4
  [1d5cc7b8] + IntelOpenMP_jll v2018.0.3+0
  [c8e1da08] + IterTools v1.3.0
  [856f044c] + MKL_jll v2019.0.117+2
  [efe28fd5] + OpenSpecFun_jll v0.5.3+3
  [f27b6e38] + Polynomials v0.6.1
  [3cdcf5f2] + RecipesBase v0.8.0
  [189a3867] + Reexport v0.2.0
  [276daf66] + SpecialFunctions v0.10.0
  [29a6e085] + Wavelets v0.9.0
  [2a0f44e3] + Base64 
  [ade2ca70] + Dates 
  [b77e0a4c] + InteractiveUtils 
  [76f85450] + LibGit2 
  [8f399da3] + Libdl 
  [37e2e46d] + LinearAlgebra 
  [56ddb016] + Logging 
  [d6f4376e] + Markdown 
  [44cfe95a] + Pkg 
  [de0858da] + Printf 
  [3fa0cd96] + REPL 
  [9a3f8284] + Random 
  [ea8e919c] + SHA 
  [9e88b42a] + Serialization 
  [6462fe0b] + Sockets 
  [2f01184e] + SparseArrays 
  [10745b16] + Statistics 
  [cf7118a7] + UUIDs 
  [4ec0a83e] + Unicode 
   Building FFTW → `~/.julia/packages/FFTW/qqcBj/deps/build.log`
    Testing Wavelets
Status `/tmp/jl_rpI15N/Manifest.toml`
  [621f4979] AbstractFFTs v0.5.0
  [e66e0078] CompilerSupportLibraries_jll v0.3.1+0
  [717857b8] DSP v0.6.3
  [7a1cc6ca] FFTW v1.2.0
  [f5851436] FFTW_jll v3.3.9+4
  [1d5cc7b8] IntelOpenMP_jll v2018.0.3+0
  [c8e1da08] IterTools v1.3.0
  [856f044c] MKL_jll v2019.0.117+2
  [efe28fd5] OpenSpecFun_jll v0.5.3+3
  [f27b6e38] Polynomials v0.6.1
  [3cdcf5f2] RecipesBase v0.8.0
  [189a3867] Reexport v0.2.0
  [276daf66] SpecialFunctions v0.10.0
  [29a6e085] Wavelets v0.9.0
  [2a0f44e3] Base64 
  [ade2ca70] Dates 
  [8bb1440f] DelimitedFiles 
  [8ba89e20] Distributed 
  [b77e0a4c] InteractiveUtils 
  [76f85450] LibGit2 
  [8f399da3] Libdl 
  [37e2e46d] LinearAlgebra 
  [56ddb016] Logging 
  [d6f4376e] Markdown 
  [a63ad114] Mmap 
  [44cfe95a] Pkg 
  [de0858da] Printf 
  [3fa0cd96] REPL 
  [9a3f8284] Random 
  [ea8e919c] SHA 
  [9e88b42a] Serialization 
  [6462fe0b] Sockets 
  [2f01184e] SparseArrays 
  [10745b16] Statistics 
  [8dfed614] Test 
  [cf7118a7] UUIDs 
  [4ec0a83e] Unicode 
Test Summary: | Pass  Total
Util          |  118    118
Test Summary: | Pass  Total
Transforms    |  382    382
Test Summary: | Pass  Total
Threshold     |    2      2
Test Summary: |
Plot          | No tests
    Testing Wavelets tests passed 
