Julia Version 1.4.0
Commit b8e9a9ecc6 (2020-03-21 16:36 UTC)
Platform Info:
  OS: Linux (x86_64-pc-linux-gnu)
  CPU: AMD Ryzen Threadripper 2990WX 32-Core Processor
  WORD_SIZE: 64
  LIBM: libopenlibm
  LLVM: libLLVM-8.0.1 (ORCJIT, znver1)
Environment:
  JULIA_DEPOT_PATH = ::/usr/local/share/julia
  JULIA_NUM_THREADS = 2

  Resolving package versions...
  Installed WeightsAndBiasLogger ─ v0.2.0
    Cloning [8f4d0f93-b110-5947-807f-2305c1781a2d] Conda from https://github.com/JuliaPy/Conda.jl.git
[?25l    Fetching: [>                                        ]  0.0 %[2K[?25h  Installed Conda ──────────────── v1.4.1
    Cloning [682c06a0-de6a-54ab-a142-c8b1cf79cde6] JSON from https://github.com/JuliaIO/JSON.jl.git
[?25l    Fetching: [>                                        ]  0.0 %[2K[?25h  Installed JSON ───────────────── v0.21.0
    Cloning [438e738f-606a-5dbb-bf0a-cddfbfd45ab0] PyCall from https://github.com/JuliaPy/PyCall.jl.git
[?25l    Fetching: [>                                        ]  0.0 %[2K[?25h  Installed PyCall ─────────────── v1.91.4
    Cloning [81def892-9a0e-5fdd-b105-ffc91e053289] VersionParsing from https://github.com/stevengj/VersionParsing.jl.git
[?25l    Fetching: [>                                        ]  0.0 %[2K[?25h  Installed VersionParsing ─────── v1.2.0
    Cloning [69de0a69-1ddd-5017-9359-2bf0b02dc9f0] Parsers from https://github.com/JuliaData/Parsers.jl.git
[?25l    Fetching: [>                                        ]  0.0 %[2K[?25h  Installed Parsers ────────────── v0.3.12
    Cloning [1914dd2f-81c6-5fcd-8719-6d5c9610ff09] MacroTools from https://github.com/MikeInnes/MacroTools.jl.git
[?25l    Fetching: [>                                        ]  0.0 %[2K[?25h  Installed MacroTools ─────────── v0.5.5
   Updating `~/.julia/environments/v1.4/Project.toml`
  [71805093] + WeightsAndBiasLogger v0.2.0
   Updating `~/.julia/environments/v1.4/Manifest.toml`
  [8f4d0f93] + Conda v1.4.1
  [682c06a0] + JSON v0.21.0
  [1914dd2f] + MacroTools v0.5.5
  [69de0a69] + Parsers v0.3.12
  [438e738f] + PyCall v1.91.4
  [81def892] + VersionParsing v1.2.0
  [71805093] + WeightsAndBiasLogger v0.2.0
  [2a0f44e3] + Base64 
  [ade2ca70] + Dates 
  [8ba89e20] + Distributed 
  [b77e0a4c] + InteractiveUtils 
  [8f399da3] + Libdl 
  [37e2e46d] + LinearAlgebra 
  [56ddb016] + Logging 
  [d6f4376e] + Markdown 
  [a63ad114] + Mmap 
  [de0858da] + Printf 
  [9a3f8284] + Random 
  [9e88b42a] + Serialization 
  [6462fe0b] + Sockets 
  [8dfed614] + Test 
  [4ec0a83e] + Unicode 
   Building Conda ─→ `~/.julia/packages/Conda/3rPhK/deps/build.log`
   Building PyCall → `~/.julia/packages/PyCall/zqDXB/deps/build.log`
    Testing WeightsAndBiasLogger
Status `/tmp/jl_yE6Eq7/Manifest.toml`
  [8f4d0f93] Conda v1.4.1
  [682c06a0] JSON v0.21.0
  [1914dd2f] MacroTools v0.5.5
  [69de0a69] Parsers v0.3.12
  [438e738f] PyCall v1.91.4
  [81def892] VersionParsing v1.2.0
  [71805093] WeightsAndBiasLogger v0.2.0
  [2a0f44e3] Base64 
  [ade2ca70] Dates 
  [8ba89e20] Distributed 
  [b77e0a4c] InteractiveUtils 
  [8f399da3] Libdl 
  [37e2e46d] LinearAlgebra 
  [56ddb016] Logging 
  [d6f4376e] Markdown 
  [a63ad114] Mmap 
  [de0858da] Printf 
  [9a3f8284] Random 
  [9e88b42a] Serialization 
  [6462fe0b] Sockets 
  [8dfed614] Test 
  [4ec0a83e] Unicode 
Utilities: Error During Test at /home/pkgeval/.julia/packages/WeightsAndBiasLogger/XrvfJ/test/runtests.jl:3
  Got exception outside of a @test
  InitError: PyError (PyImport_ImportModule
  
  The Python package wandb could not be found by pyimport. Usually this means
  that you did not install wandb in the Python version being used by PyCall.
  
  PyCall is currently configured to use the Python version at:
  
  /usr/bin/python3
  
  and you should use whatever mechanism you usually use (apt-get, pip, conda,
  etcetera) to install the Python package containing the wandb module.
  
  One alternative is to re-configure PyCall to use a different Python
  version on your system: set ENV["PYTHON"] to the path/name of the python
  executable you want to use, run Pkg.build("PyCall"), and re-launch Julia.
  
  Another alternative is to configure PyCall to use a Julia-specific Python
  distribution via the Conda.jl package (which installs a private Anaconda
  Python distribution), which has the advantage that packages can be installed
  and kept up-to-date via Julia.  As explained in the PyCall documentation,
  set ENV["PYTHON"]="", run Pkg.build("PyCall"), and re-launch Julia. Then,
  To install the wandb module, you can use `pyimport_conda("wandb", PKG)`,
  where PKG is the Anaconda package the contains the module wandb,
  or alternatively you can use the Conda package directly (via
  `using Conda` followed by `Conda.add` etcetera).
  
  ) <class 'ModuleNotFoundError'>
  ModuleNotFoundError("No module named 'wandb'",)
  
  Stacktrace:
   [1] pyimport(::String) at /home/pkgeval/.julia/packages/PyCall/zqDXB/src/PyCall.jl:536
   [2] __init__() at /home/pkgeval/.julia/packages/WeightsAndBiasLogger/XrvfJ/src/WeightsAndBiasLogger.jl:6
   [3] _include_from_serialized(::String, ::Array{Any,1}) at ./loading.jl:697
   [4] _require_from_serialized(::String) at ./loading.jl:748
   [5] _require(::Base.PkgId) at ./loading.jl:1039
   [6] require(::Base.PkgId) at ./loading.jl:927
   [7] require(::Module, ::Symbol) at ./loading.jl:922
   [8] top-level scope at /home/pkgeval/.julia/packages/WeightsAndBiasLogger/XrvfJ/test/runtests.jl:4
   [9] top-level scope at /buildworker/worker/package_linux64/build/usr/share/julia/stdlib/v1.4/Test/src/Test.jl:1113
   [10] top-level scope at /home/pkgeval/.julia/packages/WeightsAndBiasLogger/XrvfJ/test/runtests.jl:4
   [11] include(::String) at ./client.jl:439
   [12] top-level scope at none:6
   [13] eval(::Module, ::Any) at ./boot.jl:331
   [14] exec_options(::Base.JLOptions) at ./client.jl:264
   [15] _start() at ./client.jl:484
  during initialization of module WeightsAndBiasLogger
  
Test Summary: | Error  Total
Utilities     |     1      1
ERROR: LoadError: Some tests did not pass: 0 passed, 0 failed, 1 errored, 0 broken.
in expression starting at /home/pkgeval/.julia/packages/WeightsAndBiasLogger/XrvfJ/test/runtests.jl:3
ERROR: Package WeightsAndBiasLogger errored during testing
Stacktrace:
 [1] pkgerror(::String, ::Vararg{String,N} where N) at /buildworker/worker/package_linux64/build/usr/share/julia/stdlib/v1.4/Pkg/src/Types.jl:53
 [2] test(::Pkg.Types.Context, ::Array{Pkg.Types.PackageSpec,1}; coverage::Bool, julia_args::Cmd, test_args::Cmd, test_fn::Nothing) at /buildworker/worker/package_linux64/build/usr/share/julia/stdlib/v1.4/Pkg/src/Operations.jl:1503
 [3] test(::Pkg.Types.Context, ::Array{Pkg.Types.PackageSpec,1}; coverage::Bool, test_fn::Nothing, julia_args::Cmd, test_args::Cmd, kwargs::Base.Iterators.Pairs{Union{},Union{},Tuple{},NamedTuple{(),Tuple{}}}) at /buildworker/worker/package_linux64/build/usr/share/julia/stdlib/v1.4/Pkg/src/API.jl:316
 [4] test(::Pkg.Types.Context, ::Array{Pkg.Types.PackageSpec,1}) at /buildworker/worker/package_linux64/build/usr/share/julia/stdlib/v1.4/Pkg/src/API.jl:303
 [5] #test#68 at /buildworker/worker/package_linux64/build/usr/share/julia/stdlib/v1.4/Pkg/src/API.jl:297 [inlined]
 [6] test at /buildworker/worker/package_linux64/build/usr/share/julia/stdlib/v1.4/Pkg/src/API.jl:297 [inlined]
 [7] #test#67 at /buildworker/worker/package_linux64/build/usr/share/julia/stdlib/v1.4/Pkg/src/API.jl:296 [inlined]
 [8] test at /buildworker/worker/package_linux64/build/usr/share/julia/stdlib/v1.4/Pkg/src/API.jl:296 [inlined]
 [9] test(::String; kwargs::Base.Iterators.Pairs{Union{},Union{},Tuple{},NamedTuple{(),Tuple{}}}) at /buildworker/worker/package_linux64/build/usr/share/julia/stdlib/v1.4/Pkg/src/API.jl:295
 [10] test(::String) at /buildworker/worker/package_linux64/build/usr/share/julia/stdlib/v1.4/Pkg/src/API.jl:295
 [11] top-level scope at none:16
