Julia Version 1.3.1
Commit 2d5741174c (2019-12-30 21:36 UTC)
Platform Info:
  OS: Linux (x86_64-pc-linux-gnu)
  CPU: AMD Ryzen Threadripper 2990WX 32-Core Processor
  WORD_SIZE: 64
  LIBM: libopenlibm
  LLVM: libLLVM-6.0.1 (ORCJIT, znver1)
Environment:
  JULIA_DEPOT_PATH = ::/usr/local/share/julia
  JULIA_NUM_THREADS = 2

 Resolving package versions...
 Installed Bzip2_jll ──────────────────── v1.0.6+1
 Installed Zstd_jll ───────────────────── v1.4.4+0
 Installed NaNMath ────────────────────── v0.3.3
 Installed libvorbis_jll ──────────────── v1.3.6+2
 Installed ImageTransformations ───────── v0.8.4
 Installed WGLMakie ───────────────────── v0.1.9
 Installed PlotUtils ──────────────────── v0.6.4
 Installed AssetRegistry ──────────────── v0.1.0
 Installed LibVPX_jll ─────────────────── v1.8.1+1
 Installed PaddedViews ────────────────── v0.5.3
 Installed SignedDistanceFields ───────── v0.4.0
 Installed MbedTLS ────────────────────── v1.0.1
 Installed JSServe ────────────────────── v0.4.6
 Installed x265_jll ───────────────────── v3.0.0+0
 Installed Packing ────────────────────── v0.3.1
 Installed UnicodeFun ─────────────────── v0.4.1
 Installed StatsBase ──────────────────── v0.32.2
 Installed libpng_jll ─────────────────── v1.6.37+2
 Installed Hyperscript ────────────────── v0.0.3
 Installed ImageMagick_jll ────────────── v6.9.10-12+0
 Installed GeometryTypes ──────────────── v0.8.1
 Installed FFMPEG ─────────────────────── v0.3.0
 Installed EllipsisNotation ───────────── v0.4.0
 Installed FreeType ───────────────────── v3.0.0
 Installed Ratios ─────────────────────── v0.3.1
 Installed HTTP ───────────────────────── v0.8.12
 Installed FriBidi_jll ────────────────── v1.0.5+2
 Installed StructTypes ────────────────── v1.1.0
 Installed CompilerSupportLibraries_jll ─ v0.2.0+1
 Installed Interpolations ─────────────── v0.12.8
 Installed Pidfile ────────────────────── v1.1.0
 Installed DataAPI ────────────────────── v1.1.0
 Installed Showoff ────────────────────── v0.3.1
 Installed DataValueInterfaces ────────── v1.0.0
 Installed ColorBrewer ────────────────── v0.4.0
 Installed CoordinateTransformations ──── v0.5.1
 Installed OpenSSL_jll ────────────────── v1.1.1+1
 Installed StaticArrays ───────────────── v0.12.1
 Installed MappedArrays ───────────────── v0.2.2
 Installed ImageCore ──────────────────── v0.8.12
 Installed Requires ───────────────────── v1.0.1
 Installed FreeType2_jll ──────────────── v2.10.1+1
 Installed IdentityRanges ─────────────── v0.3.1
 Installed ImageMagick ────────────────── v1.1.3
 Installed SpecialFunctions ───────────── v0.10.0
 Installed Graphics ───────────────────── v1.0.2
 Installed DataStructures ─────────────── v0.17.10
 Installed Zlib_jll ───────────────────── v1.2.11+8
 Installed IteratorInterfaceExtensions ── v1.0.0
 Installed MbedTLS_jll ────────────────── v2.16.0+1
 Installed ColorTypes ─────────────────── v0.9.1
 Installed CEnum ──────────────────────── v0.2.0
 Installed WoodburyMatrices ───────────── v0.5.1
 Installed ColorVectorSpace ───────────── v0.8.3
 Installed Compat ─────────────────────── v2.2.0
 Installed JSON3 ──────────────────────── v1.0.1
 Installed OffsetArrays ───────────────── v1.0.3
 Installed GeometryBasics ─────────────── v0.1.3
 Installed ShaderAbstractions ─────────── v0.1.4
 Installed WidgetsBase ────────────────── v0.1.2
 Installed x264_jll ───────────────────── v2019.5.25+1
 Installed FixedPointNumbers ──────────── v0.7.1
 Installed Parsers ────────────────────── v0.3.12
 Installed WebSockets ─────────────────── v1.5.2
 Installed Colors ─────────────────────── v0.11.2
 Installed IntervalSets ───────────────── v0.4.0
 Installed MsgPack ────────────────────── v1.1.0
 Installed JSON ───────────────────────── v0.21.0
 Installed SortingAlgorithms ──────────── v0.3.1
 Installed AxisAlgorithms ─────────────── v1.0.0
 Installed Rotations ──────────────────── v0.13.0
 Installed TableTraits ────────────────── v1.0.0
 Installed Reexport ───────────────────── v0.2.0
 Installed Tables ─────────────────────── v1.0.3
 Installed IniFile ────────────────────── v0.5.0
 Installed OrderedCollections ─────────── v1.1.0
 Installed StructArrays ───────────────── v0.4.2
 Installed FFMPEG_jll ─────────────────── v4.1.0+2
 Installed libass_jll ─────────────────── v0.14.0+0
 Installed OpenSpecFun_jll ────────────── v0.5.3+3
 Installed DocStringExtensions ────────── v0.8.1
 Installed Ogg_jll ────────────────────── v1.3.3+0
 Installed libfdk_aac_jll ─────────────── v0.1.6+1
 Installed Missings ───────────────────── v0.4.3
 Installed JpegTurbo_jll ──────────────── v2.0.1+0
 Installed AbstractNumbers ────────────── v0.2.1
 Installed Libtiff_jll ────────────────── v4.0.10+0
 Installed LAME_jll ───────────────────── v3.100.0+0
 Installed Contour ────────────────────── v0.5.2
 Installed Opus_jll ───────────────────── v1.3.1+0
 Installed Observables ────────────────── v0.3.1
 Installed FreeTypeAbstraction ────────── v0.6.4
 Installed FileIO ─────────────────────── v1.2.3
 Installed ColorSchemes ───────────────── v3.6.0
 Installed AbstractPlotting ───────────── v0.9.26
  Updating `~/.julia/environments/v1.3/Project.toml`
  [276b4fcb] + WGLMakie v0.1.9
  Updating `~/.julia/environments/v1.3/Manifest.toml`
  [85c772de] + AbstractNumbers v0.2.1
  [537997a7] + AbstractPlotting v0.9.26
  [bf4720bc] + AssetRegistry v0.1.0
  [13072b0f] + AxisAlgorithms v1.0.0
  [6e34b625] + Bzip2_jll v1.0.6+1
  [fa961155] + CEnum v0.2.0
  [a2cac450] + ColorBrewer v0.4.0
  [35d6a980] + ColorSchemes v3.6.0
  [3da002f7] + ColorTypes v0.9.1
  [c3611d14] + ColorVectorSpace v0.8.3
  [5ae59095] + Colors v0.11.2
  [34da2185] + Compat v2.2.0
  [e66e0078] + CompilerSupportLibraries_jll v0.2.0+1
  [d38c429a] + Contour v0.5.2
  [150eb455] + CoordinateTransformations v0.5.1
  [9a962f9c] + DataAPI v1.1.0
  [864edb3b] + DataStructures v0.17.10
  [e2d170a0] + DataValueInterfaces v1.0.0
  [ffbed154] + DocStringExtensions v0.8.1
  [da5c29d0] + EllipsisNotation v0.4.0
  [c87230d0] + FFMPEG v0.3.0
  [b22a6f82] + FFMPEG_jll v4.1.0+2
  [5789e2e9] + FileIO v1.2.3
  [53c48c17] + FixedPointNumbers v0.7.1
  [b38be410] + FreeType v3.0.0
  [d7e528f0] + FreeType2_jll v2.10.1+1
  [663a7486] + FreeTypeAbstraction v0.6.4
  [559328eb] + FriBidi_jll v1.0.5+2
  [5c1252a2] + GeometryBasics v0.1.3
  [4d00f742] + GeometryTypes v0.8.1
  [a2bd30eb] + Graphics v1.0.2
  [cd3eb016] + HTTP v0.8.12
  [47d2ed2b] + Hyperscript v0.0.3
  [bbac6d45] + IdentityRanges v0.3.1
  [a09fc81d] + ImageCore v0.8.12
  [6218d12a] + ImageMagick v1.1.3
  [c73af94c] + ImageMagick_jll v6.9.10-12+0
  [02fcd773] + ImageTransformations v0.8.4
  [83e8ac13] + IniFile v0.5.0
  [a98d9a8b] + Interpolations v0.12.8
  [8197267c] + IntervalSets v0.4.0
  [82899510] + IteratorInterfaceExtensions v1.0.0
  [682c06a0] + JSON v0.21.0
  [0f8b85d8] + JSON3 v1.0.1
  [824d6782] + JSServe v0.4.6
  [aacddb02] + JpegTurbo_jll v2.0.1+0
  [c1c5ebd0] + LAME_jll v3.100.0+0
  [dd192d2f] + LibVPX_jll v1.8.1+1
  [89763e89] + Libtiff_jll v4.0.10+0
  [dbb5928d] + MappedArrays v0.2.2
  [739be429] + MbedTLS v1.0.1
  [c8ffd9c3] + MbedTLS_jll v2.16.0+1
  [e1d29d7a] + Missings v0.4.3
  [99f44e22] + MsgPack v1.1.0
  [77ba4419] + NaNMath v0.3.3
  [510215fc] + Observables v0.3.1
  [6fe1bfb0] + OffsetArrays v1.0.3
  [e7412a2a] + Ogg_jll v1.3.3+0
  [458c3c95] + OpenSSL_jll v1.1.1+1
  [efe28fd5] + OpenSpecFun_jll v0.5.3+3
  [91d4177d] + Opus_jll v1.3.1+0
  [bac558e1] + OrderedCollections v1.1.0
  [19eb6ba3] + Packing v0.3.1
  [5432bcbf] + PaddedViews v0.5.3
  [69de0a69] + Parsers v0.3.12
  [fa939f87] + Pidfile v1.1.0
  [995b91a9] + PlotUtils v0.6.4
  [c84ed2f1] + Ratios v0.3.1
  [189a3867] + Reexport v0.2.0
  [ae029012] + Requires v1.0.1
  [6038ab10] + Rotations v0.13.0
  [65257c39] + ShaderAbstractions v0.1.4
  [992d4aef] + Showoff v0.3.1
  [73760f76] + SignedDistanceFields v0.4.0
  [a2af1166] + SortingAlgorithms v0.3.1
  [276daf66] + SpecialFunctions v0.10.0
  [90137ffa] + StaticArrays v0.12.1
  [2913bbd2] + StatsBase v0.32.2
  [09ab397b] + StructArrays v0.4.2
  [856f2bd8] + StructTypes v1.1.0
  [3783bdb8] + TableTraits v1.0.0
  [bd369af6] + Tables v1.0.3
  [1cfade01] + UnicodeFun v0.4.1
  [276b4fcb] + WGLMakie v0.1.9
  [104b5d7c] + WebSockets v1.5.2
  [eead4739] + WidgetsBase v0.1.2
  [efce3f68] + WoodburyMatrices v0.5.1
  [83775a58] + Zlib_jll v1.2.11+8
  [3161d3a3] + Zstd_jll v1.4.4+0
  [0ac62f75] + libass_jll v0.14.0+0
  [f638f0a6] + libfdk_aac_jll v0.1.6+1
  [b53b4c65] + libpng_jll v1.6.37+2
  [f27f6e37] + libvorbis_jll v1.3.6+2
  [1270edf5] + x264_jll v2019.5.25+1
  [dfaa095f] + x265_jll v3.0.0+0
  [2a0f44e3] + Base64 
  [ade2ca70] + Dates 
  [8bb1440f] + DelimitedFiles 
  [8ba89e20] + Distributed 
  [7b1f6079] + FileWatching 
  [b77e0a4c] + InteractiveUtils 
  [76f85450] + LibGit2 
  [8f399da3] + Libdl 
  [37e2e46d] + LinearAlgebra 
  [56ddb016] + Logging 
  [d6f4376e] + Markdown 
  [a63ad114] + Mmap 
  [44cfe95a] + Pkg 
  [de0858da] + Printf 
  [3fa0cd96] + REPL 
  [9a3f8284] + Random 
  [ea8e919c] + SHA 
  [9e88b42a] + Serialization 
  [1a1011a3] + SharedArrays 
  [6462fe0b] + Sockets 
  [2f01184e] + SparseArrays 
  [10745b16] + Statistics 
  [8dfed614] + Test 
  [cf7118a7] + UUIDs 
  [4ec0a83e] + Unicode 
   Testing WGLMakie
 Resolving package versions...
ERROR: Unsatisfiable requirements detected for package RecipesBase [3cdcf5f2]:
 RecipesBase [3cdcf5f2] log:
 ├─possible versions are: [0.4.0, 0.5.0, 0.6.0, 0.7.0, 0.8.0] or uninstalled
 ├─restricted by compatibility requirements with DiffEqBase [2b5f629d] to versions: [0.7.0, 0.8.0]
 │ └─DiffEqBase [2b5f629d] log:
 │   ├─possible versions are: [3.13.2-3.13.3, 4.0.0-4.0.1, 4.1.0, 4.2.0, 4.3.0-4.3.1, 4.4.0, 4.5.0, 4.6.0, 4.7.0, 4.8.0, 4.9.0, 4.10.0-4.10.1, 4.11.0-4.11.1, 4.12.0, 4.13.0, 4.14.0-4.14.1, 4.15.0, 4.16.0, 4.17.0, 4.18.0, 4.19.0, 4.20.0-4.20.3, 4.21.0, 4.21.2-4.21.3, 4.22.0-4.22.2, 4.23.0, 4.23.2-4.23.4, 4.24.0-4.24.3, 4.25.0-4.25.1, 4.26.0-4.26.3, 4.27.0-4.27.1, 4.28.0-4.28.1, 4.29.0-4.29.2, 4.30.0-4.30.2, 4.31.0-4.31.2, 4.32.0, 5.0.0-5.0.1, 5.1.0, 5.2.0-5.2.3, 5.3.0-5.3.2, 5.4.0-5.4.1, 5.5.0-5.5.2, 5.6.0-5.6.4, 5.7.0, 5.8.0-5.8.1, 5.9.0, 5.10.0-5.10.3, 5.11.0-5.11.1, 5.12.0, 5.13.0, 5.14.0-5.14.2, 5.15.0, 5.16.0-5.16.5, 5.17.0-5.17.1, 5.18.0, 5.19.0, 5.20.0-5.20.1, 6.0.0, 6.1.0, 6.2.0-6.2.4, 6.3.0-6.3.6, 6.4.0-6.4.2, 6.5.0-6.5.1, 6.6.0, 6.7.0, 6.8.0, 6.9.0-6.9.4, 6.10.0-6.10.2, 6.11.0, 6.12.0-6.12.5, 6.13.0-6.13.3, 6.14.0-6.14.2, 6.15.0-6.15.2, 6.16.0, 6.17.0-6.17.3, 6.18.0-6.18.1, 6.19.0, 6.20.0, 6.21.0-6.21.1, 6.22.0-6.22.2, 6.23.0, 6.24.0] or uninstalled
 │   ├─restricted by compatibility requirements with Compat [34da2185] to versions: [3.13.2-3.13.3, 4.0.0-4.0.1, 4.1.0, 4.2.0, 4.3.0-4.3.1, 4.4.0, 4.5.0, 4.6.0, 4.7.0, 4.8.0, 4.9.0, 4.10.0-4.10.1, 4.11.0-4.11.1, 4.12.0, 4.13.0, 4.14.0-4.14.1, 4.15.0, 4.16.0, 4.17.0, 4.18.0, 4.19.0, 4.20.0-4.20.3, 4.21.0, 4.21.2-4.21.3, 4.22.0-4.22.2, 4.23.0, 4.23.2-4.23.4, 4.24.0-4.24.3, 4.25.0-4.25.1, 4.26.0-4.26.3, 4.27.0-4.27.1, 4.28.0-4.28.1, 4.29.0-4.29.2, 4.30.0-4.30.2, 4.31.0-4.31.2, 4.32.0, 5.0.0-5.0.1, 5.1.0, 5.2.0-5.2.3, 5.3.0-5.3.2, 5.4.0-5.4.1, 5.5.0-5.5.2, 5.6.0-5.6.4, 5.7.0, 5.8.0-5.8.1, 5.9.0, 5.10.0-5.10.3, 5.11.0-5.11.1, 5.12.0, 5.13.0, 5.14.0-5.14.2, 5.15.0, 5.16.0-5.16.5, 5.17.0-5.17.1, 5.18.0, 5.19.0, 5.20.0-5.20.1, 6.0.0, 6.1.0, 6.2.0-6.2.4, 6.3.0-6.3.6, 6.4.0-6.4.2, 6.5.0-6.5.1, 6.6.0, 6.7.0, 6.8.0, 6.9.0-6.9.4, 6.10.0-6.10.2, 6.11.0, 6.12.0-6.12.5, 6.13.0-6.13.3, 6.14.0-6.14.2, 6.15.0-6.15.2, 6.16.0, 6.17.0-6.17.3, 6.18.0-6.18.1, 6.19.0, 6.20.0, 6.21.0-6.21.1, 6.22.0-6.22.2, 6.24.0] or uninstalled
 │   │ └─Compat [34da2185] log:
 │   │   ├─possible versions are: [1.0.0-1.0.1, 1.1.0, 1.2.0, 1.3.0, 1.4.0, 1.5.0-1.5.1, 2.0.0, 2.1.0, 2.2.0, 3.0.0, 3.1.0, 3.2.0, 3.3.0-3.3.1, 3.4.0, 3.5.0, 3.6.0, 3.7.0, 3.8.0] or uninstalled
 │   │   └─restricted to versions 2.2.0 by an explicit requirement, leaving only versions 2.2.0
 │   ├─restricted by compatibility requirements with Requires [ae029012] to versions: [6.8.0, 6.9.0-6.9.4, 6.10.0-6.10.2, 6.11.0, 6.12.0-6.12.5, 6.13.0-6.13.3, 6.14.0-6.14.2, 6.15.0-6.15.2, 6.16.0, 6.17.0-6.17.3, 6.18.0-6.18.1, 6.19.0, 6.20.0, 6.21.0-6.21.1, 6.22.0-6.22.2, 6.23.0, 6.24.0] or uninstalled, leaving only versions: [6.8.0, 6.9.0-6.9.4, 6.10.0-6.10.2, 6.11.0, 6.12.0-6.12.5, 6.13.0-6.13.3, 6.14.0-6.14.2, 6.15.0-6.15.2, 6.16.0, 6.17.0-6.17.3, 6.18.0-6.18.1, 6.19.0, 6.20.0, 6.21.0-6.21.1, 6.22.0-6.22.2, 6.24.0] or uninstalled
 │   │ └─Requires [ae029012] log:
 │   │   ├─possible versions are: [0.5.0-0.5.2, 1.0.0-1.0.1] or uninstalled
 │   │   └─restricted to versions 1.0.1 by an explicit requirement, leaving only versions 1.0.1
 │   └─restricted by compatibility requirements with ParameterizedFunctions [65888b18] to versions: [3.13.2-3.13.3, 4.0.0-4.0.1, 4.1.0, 4.2.0, 4.3.0-4.3.1, 4.4.0, 4.5.0, 4.6.0, 4.7.0, 4.8.0, 4.9.0, 4.10.0-4.10.1, 4.11.0-4.11.1, 4.12.0, 4.13.0, 4.14.0-4.14.1, 4.15.0, 4.16.0, 4.17.0, 4.18.0, 4.19.0, 4.20.0-4.20.3, 4.21.0, 4.21.2-4.21.3, 4.22.0-4.22.2, 4.23.0, 4.23.2-4.23.4, 4.24.0-4.24.3, 4.25.0-4.25.1, 4.26.0-4.26.3, 4.27.0-4.27.1, 4.28.0-4.28.1, 4.29.0-4.29.2, 4.30.0-4.30.2, 4.31.0-4.31.2, 4.32.0, 5.0.0-5.0.1, 5.1.0, 5.2.0-5.2.3, 5.3.0-5.3.2, 5.4.0-5.4.1, 5.5.0-5.5.2, 5.6.0-5.6.4, 5.7.0, 5.8.0-5.8.1, 5.9.0, 5.10.0-5.10.3, 5.11.0-5.11.1, 5.12.0, 5.13.0, 5.14.0-5.14.2, 5.15.0, 5.16.0-5.16.5, 5.17.0-5.17.1, 5.18.0, 5.19.0, 5.20.0-5.20.1, 6.0.0, 6.1.0, 6.2.0-6.2.4, 6.3.0-6.3.6, 6.4.0-6.4.2, 6.5.0-6.5.1, 6.6.0, 6.7.0, 6.8.0, 6.9.0-6.9.4, 6.10.0-6.10.2, 6.11.0, 6.12.0-6.12.5, 6.13.0-6.13.3, 6.14.0-6.14.2, 6.15.0-6.15.2, 6.16.0, 6.17.0-6.17.3, 6.18.0-6.18.1, 6.19.0, 6.20.0, 6.21.0-6.21.1, 6.22.0-6.22.2, 6.23.0, 6.24.0], leaving only versions: [6.8.0, 6.9.0-6.9.4, 6.10.0-6.10.2, 6.11.0, 6.12.0-6.12.5, 6.13.0-6.13.3, 6.14.0-6.14.2, 6.15.0-6.15.2, 6.16.0, 6.17.0-6.17.3, 6.18.0-6.18.1, 6.19.0, 6.20.0, 6.21.0-6.21.1, 6.22.0-6.22.2, 6.24.0]
 │     └─ParameterizedFunctions [65888b18] log:
 │       ├─possible versions are: [3.2.0, 3.3.0, 3.4.0, 3.5.0, 3.6.0, 3.7.0-3.7.2, 3.8.0, 3.9.0, 3.10.0, 3.11.0, 3.12.0-3.12.1, 4.0.0, 4.1.0-4.1.1, 4.2.0-4.2.1] or uninstalled
 │       ├─restricted by compatibility requirements with MakieGallery [dbd62bd0] to versions: [3.2.0, 3.3.0, 3.4.0, 3.5.0, 3.6.0, 3.7.0-3.7.2, 3.8.0, 3.9.0, 3.10.0, 3.11.0, 3.12.0-3.12.1, 4.0.0, 4.1.0-4.1.1, 4.2.0-4.2.1]
 │       │ └─MakieGallery [dbd62bd0] log:
 │       │   ├─possible versions are: [0.0.1-0.0.9, 0.1.0-0.1.7] or uninstalled
 │       │   ├─restricted to versions * by an explicit requirement, leaving only versions [0.0.1-0.0.9, 0.1.0-0.1.7]
 │       │   ├─restricted by compatibility requirements with ImageMagick [6218d12a] to versions: [0.0.8-0.0.9, 0.1.0-0.1.1, 0.1.3-0.1.7] or uninstalled, leaving only versions: [0.0.8-0.0.9, 0.1.0-0.1.1, 0.1.3-0.1.7]
 │       │   │ └─ImageMagick [6218d12a] log:
 │       │   │   ├─possible versions are: [0.7.0-0.7.1, 0.7.3-0.7.5, 1.0.0, 1.1.0-1.1.3] or uninstalled
 │       │   │   └─restricted to versions 1.1.3 by an explicit requirement, leaving only versions 1.1.3
 │       │   ├─restricted by compatibility requirements with FFMPEG [c87230d0] to versions: [0.0.1-0.0.8, 0.1.4-0.1.7] or uninstalled, leaving only versions: [0.0.8, 0.1.4-0.1.7]
 │       │   │ └─FFMPEG [c87230d0] log:
 │       │   │   ├─possible versions are: [0.1.0, 0.2.0-0.2.4, 0.3.0] or uninstalled
 │       │   │   └─restricted to versions 0.3.0 by an explicit requirement, leaving only versions 0.3.0
 │       │   └─restricted by compatibility requirements with GeometryTypes [4d00f742] to versions: [0.0.1-0.0.9, 0.1.0-0.1.1, 0.1.5-0.1.7] or uninstalled, leaving only versions: [0.0.8, 0.1.5-0.1.7]
 │       │     └─GeometryTypes [4d00f742] log:
 │       │       ├─possible versions are: [0.6.0-0.6.2, 0.7.0-0.7.10, 0.8.0-0.8.1] or uninstalled
 │       │       └─restricted to versions 0.8.1 by an explicit requirement, leaving only versions 0.8.1
 │       └─restricted by compatibility requirements with DiffEqBase [2b5f629d] to versions: 4.2.0-4.2.1 or uninstalled, leaving only versions: 4.2.0-4.2.1
 │         └─DiffEqBase [2b5f629d] log: see above
 └─restricted by compatibility requirements with IterativeSolvers [42fd0dbc] to versions: 0.6.0 — no versions left
   └─IterativeSolvers [42fd0dbc] log:
     ├─possible versions are: [0.7.0-0.7.1, 0.8.0-0.8.2] or uninstalled
     └─restricted by compatibility requirements with DiffEqBase [2b5f629d] to versions: 0.8.0-0.8.2
       └─DiffEqBase [2b5f629d] log: see above
Stacktrace:
 [1] #propagate_constraints!#61(::Bool, ::typeof(Pkg.GraphType.propagate_constraints!), ::Pkg.GraphType.Graph, ::Set{Int64}) at /buildworker/worker/package_linux64/build/usr/share/julia/stdlib/v1.3/Pkg/src/GraphType.jl:1007
 [2] propagate_constraints! at /buildworker/worker/package_linux64/build/usr/share/julia/stdlib/v1.3/Pkg/src/GraphType.jl:948 [inlined]
 [3] #simplify_graph!#121(::Bool, ::typeof(Pkg.GraphType.simplify_graph!), ::Pkg.GraphType.Graph, ::Set{Int64}) at /buildworker/worker/package_linux64/build/usr/share/julia/stdlib/v1.3/Pkg/src/GraphType.jl:1462
 [4] simplify_graph! at /buildworker/worker/package_linux64/build/usr/share/julia/stdlib/v1.3/Pkg/src/GraphType.jl:1462 [inlined]
 [5] _resolve_versions!(::Pkg.Types.Context, ::Array{Pkg.Types.PackageSpec,1}, ::Nothing) at /buildworker/worker/package_linux64/build/usr/share/julia/stdlib/v1.3/Pkg/src/backwards_compatible_isolation.jl:148
 [6] _resolve_versions! at /buildworker/worker/package_linux64/build/usr/share/julia/stdlib/v1.3/Pkg/src/backwards_compatible_isolation.jl:93 [inlined]
 [7] #_add_or_develop#26(::Array{Base.UUID,1}, ::Symbol, ::typeof(Pkg.Operations._add_or_develop), ::Pkg.Types.Context, ::Array{Pkg.Types.PackageSpec,1}) at /buildworker/worker/package_linux64/build/usr/share/julia/stdlib/v1.3/Pkg/src/backwards_compatible_isolation.jl:348
 [8] _add_or_develop at /buildworker/worker/package_linux64/build/usr/share/julia/stdlib/v1.3/Pkg/src/backwards_compatible_isolation.jl:333 [inlined]
 [9] (::Pkg.Operations.var"#30#36"{Bool,Pkg.Operations.var"#42#44"{Pkg.Types.Context,Pkg.Types.PackageSpec,Pkg.Operations.var"#41#43"{Pkg.Types.Context,Pkg.Types.PackageSpec,Array{String,1},Cmd}},Pkg.Types.Context,Pkg.Types.PackageSpec,Pkg.Types.Context,Set{Base.UUID},Set{Base.UUID},Array{Pkg.Types.PackageSpec,1}})(::String) at /buildworker/worker/package_linux64/build/usr/share/julia/stdlib/v1.3/Pkg/src/backwards_compatible_isolation.jl:537
 [10] #mktempdir#18(::String, ::typeof(mktempdir), ::Pkg.Operations.var"#30#36"{Bool,Pkg.Operations.var"#42#44"{Pkg.Types.Context,Pkg.Types.PackageSpec,Pkg.Operations.var"#41#43"{Pkg.Types.Context,Pkg.Types.PackageSpec,Array{String,1},Cmd}},Pkg.Types.Context,Pkg.Types.PackageSpec,Pkg.Types.Context,Set{Base.UUID},Set{Base.UUID},Array{Pkg.Types.PackageSpec,1}}, ::String) at ./file.jl:634
 [11] mktempdir at ./file.jl:632 [inlined] (repeats 2 times)
 [12] #with_dependencies_loadable_at_toplevel#27(::Bool, ::typeof(Pkg.Operations.with_dependencies_loadable_at_toplevel), ::Pkg.Operations.var"#42#44"{Pkg.Types.Context,Pkg.Types.PackageSpec,Pkg.Operations.var"#41#43"{Pkg.Types.Context,Pkg.Types.PackageSpec,Array{String,1},Cmd}}, ::Pkg.Types.Context, ::Pkg.Types.PackageSpec) at /buildworker/worker/package_linux64/build/usr/share/julia/stdlib/v1.3/Pkg/src/backwards_compatible_isolation.jl:516
 [13] #with_dependencies_loadable_at_toplevel at ./none:0 [inlined]
 [14] #backwards_compatibility_for_test#40(::Cmd, ::Cmd, ::typeof(Pkg.Operations.backwards_compatibility_for_test), ::Pkg.Types.Context, ::Pkg.Types.PackageSpec, ::String, ::Array{String,1}, ::Bool) at /buildworker/worker/package_linux64/build/usr/share/julia/stdlib/v1.3/Pkg/src/backwards_compatible_isolation.jl:608
 [15] #backwards_compatibility_for_test at ./none:0 [inlined]
 [16] #test#131(::Bool, ::Nothing, ::Cmd, ::Cmd, ::typeof(Pkg.Operations.test), ::Pkg.Types.Context, ::Array{Pkg.Types.PackageSpec,1}) at /buildworker/worker/package_linux64/build/usr/share/julia/stdlib/v1.3/Pkg/src/Operations.jl:1347
 [17] #test at ./none:0 [inlined]
 [18] #test#62(::Bool, ::Nothing, ::Cmd, ::Cmd, ::Base.Iterators.Pairs{Union{},Union{},Tuple{},NamedTuple{(),Tuple{}}}, ::typeof(Pkg.API.test), ::Pkg.Types.Context, ::Array{Pkg.Types.PackageSpec,1}) at /buildworker/worker/package_linux64/build/usr/share/julia/stdlib/v1.3/Pkg/src/API.jl:253
 [19] test(::Pkg.Types.Context, ::Array{Pkg.Types.PackageSpec,1}) at /buildworker/worker/package_linux64/build/usr/share/julia/stdlib/v1.3/Pkg/src/API.jl:239
 [20] #test#61 at /buildworker/worker/package_linux64/build/usr/share/julia/stdlib/v1.3/Pkg/src/API.jl:233 [inlined]
 [21] test at /buildworker/worker/package_linux64/build/usr/share/julia/stdlib/v1.3/Pkg/src/API.jl:233 [inlined]
 [22] #test#60 at /buildworker/worker/package_linux64/build/usr/share/julia/stdlib/v1.3/Pkg/src/API.jl:232 [inlined]
 [23] test at /buildworker/worker/package_linux64/build/usr/share/julia/stdlib/v1.3/Pkg/src/API.jl:232 [inlined]
 [24] #test#59(::Base.Iterators.Pairs{Union{},Union{},Tuple{},NamedTuple{(),Tuple{}}}, ::typeof(Pkg.API.test), ::String) at /buildworker/worker/package_linux64/build/usr/share/julia/stdlib/v1.3/Pkg/src/API.jl:231
 [25] test(::String) at /buildworker/worker/package_linux64/build/usr/share/julia/stdlib/v1.3/Pkg/src/API.jl:231
 [26] top-level scope at none:13
