Julia Version 1.3.1
Commit 2d5741174c (2019-12-30 21:36 UTC)
Platform Info:
  OS: Linux (x86_64-pc-linux-gnu)
  CPU: AMD Ryzen Threadripper 2990WX 32-Core Processor
  WORD_SIZE: 64
  LIBM: libopenlibm
  LLVM: libLLVM-6.0.1 (ORCJIT, znver1)
Environment:
  JULIA_DEPOT_PATH = ::/usr/local/share/julia
  JULIA_NUM_THREADS = 2

 Resolving package versions...
 Installed Zstd_jll ───────────────────── v1.4.4+0
 Installed Bzip2_jll ──────────────────── v1.0.6+1
 Installed libvorbis_jll ──────────────── v1.3.6+2
 Installed PlotUtils ──────────────────── v0.6.4
 Installed ImageTransformations ───────── v0.8.4
 Installed WGLMakie ───────────────────── v0.1.9
 Installed NaNMath ────────────────────── v0.3.3
 Installed LibVPX_jll ─────────────────── v1.8.1+1
 Installed AssetRegistry ──────────────── v0.1.0
 Installed MbedTLS ────────────────────── v1.0.1
 Installed StatsBase ──────────────────── v0.32.2
 Installed SignedDistanceFields ───────── v0.4.0
 Installed PaddedViews ────────────────── v0.5.3
 Installed JSServe ────────────────────── v0.4.6
 Installed Packing ────────────────────── v0.3.1
 Installed Interpolations ─────────────── v0.12.5
 Installed x265_jll ───────────────────── v3.0.0+0
 Installed FFMPEG ─────────────────────── v0.3.0
 Installed libpng_jll ─────────────────── v1.6.37+2
 Installed Hyperscript ────────────────── v0.0.3
 Installed UnicodeFun ─────────────────── v0.4.1
 Installed EllipsisNotation ───────────── v0.4.0
 Installed ImageMagick_jll ────────────── v6.9.10-12+0
 Installed GeometryTypes ──────────────── v0.8.1
 Installed FreeType ───────────────────── v3.0.0
 Installed HTTP ───────────────────────── v0.8.12
 Installed StructTypes ────────────────── v1.1.0
 Installed CompilerSupportLibraries_jll ─ v0.2.0+1
 Installed Ratios ─────────────────────── v0.4.0
 Installed ImageCore ──────────────────── v0.8.12
 Installed Pidfile ────────────────────── v1.1.0
 Installed Showoff ────────────────────── v0.3.1
 Installed OpenSSL_jll ────────────────── v1.1.1+1
 Installed ColorBrewer ────────────────── v0.4.0
 Installed CoordinateTransformations ──── v0.5.1
 Installed DataAPI ────────────────────── v1.1.0
 Installed StaticArrays ───────────────── v0.12.1
 Installed DataValueInterfaces ────────── v1.0.0
 Installed MappedArrays ───────────────── v0.2.2
 Installed FriBidi_jll ────────────────── v1.0.5+2
 Installed FreeType2_jll ──────────────── v2.10.1+1
 Installed ImageMagick ────────────────── v1.1.3
 Installed DataStructures ─────────────── v0.17.10
 Installed Requires ───────────────────── v1.0.1
 Installed Zlib_jll ───────────────────── v1.2.11+8
 Installed SpecialFunctions ───────────── v0.10.0
 Installed Graphics ───────────────────── v1.0.2
 Installed IdentityRanges ─────────────── v0.3.1
 Installed MbedTLS_jll ────────────────── v2.16.0+1
 Installed IteratorInterfaceExtensions ── v1.0.0
 Installed CEnum ──────────────────────── v0.2.0
 Installed ColorTypes ─────────────────── v0.9.1
 Installed ColorVectorSpace ───────────── v0.8.3
 Installed JSON3 ──────────────────────── v1.0.1
 Installed GeometryBasics ─────────────── v0.1.3
 Installed OffsetArrays ───────────────── v1.0.3
 Installed ShaderAbstractions ─────────── v0.1.4
 Installed WoodburyMatrices ───────────── v0.5.1
 Installed x264_jll ───────────────────── v2019.5.25+1
 Installed FixedPointNumbers ──────────── v0.7.1
 Installed WebSockets ─────────────────── v1.5.2
 Installed WidgetsBase ────────────────── v0.1.2
 Installed Parsers ────────────────────── v0.3.12
 Installed IntervalSets ───────────────── v0.4.0
 Installed Colors ─────────────────────── v0.11.2
 Installed MsgPack ────────────────────── v1.1.0
 Installed Rotations ──────────────────── v0.13.0
 Installed AxisAlgorithms ─────────────── v1.0.0
 Installed SortingAlgorithms ──────────── v0.3.1
 Installed TableTraits ────────────────── v1.0.0
 Installed JSON ───────────────────────── v0.21.0
 Installed Reexport ───────────────────── v0.2.0
 Installed Tables ─────────────────────── v1.0.3
 Installed OrderedCollections ─────────── v1.1.0
 Installed StructArrays ───────────────── v0.4.2
 Installed libass_jll ─────────────────── v0.14.0+0
 Installed FFMPEG_jll ─────────────────── v4.1.0+2
 Installed IniFile ────────────────────── v0.5.0
 Installed libfdk_aac_jll ─────────────── v0.1.6+1
 Installed Ogg_jll ────────────────────── v1.3.3+0
 Installed DocStringExtensions ────────── v0.8.1
 Installed OpenSpecFun_jll ────────────── v0.5.3+3
 Installed Missings ───────────────────── v0.4.3
 Installed AbstractNumbers ────────────── v0.2.1
 Installed JpegTurbo_jll ──────────────── v2.0.1+0
 Installed Libtiff_jll ────────────────── v4.0.10+0
 Installed Contour ────────────────────── v0.5.2
 Installed LAME_jll ───────────────────── v3.100.0+0
 Installed Opus_jll ───────────────────── v1.3.1+0
 Installed Observables ────────────────── v0.3.1
 Installed FreeTypeAbstraction ────────── v0.6.4
 Installed FileIO ─────────────────────── v1.2.3
 Installed AbstractPlotting ───────────── v0.9.26
 Installed ColorSchemes ───────────────── v3.6.0
  Updating `~/.julia/environments/v1.3/Project.toml`
  [276b4fcb] + WGLMakie v0.1.9
  Updating `~/.julia/environments/v1.3/Manifest.toml`
  [85c772de] + AbstractNumbers v0.2.1
  [537997a7] + AbstractPlotting v0.9.26
  [bf4720bc] + AssetRegistry v0.1.0
  [13072b0f] + AxisAlgorithms v1.0.0
  [6e34b625] + Bzip2_jll v1.0.6+1
  [fa961155] + CEnum v0.2.0
  [a2cac450] + ColorBrewer v0.4.0
  [35d6a980] + ColorSchemes v3.6.0
  [3da002f7] + ColorTypes v0.9.1
  [c3611d14] + ColorVectorSpace v0.8.3
  [5ae59095] + Colors v0.11.2
  [e66e0078] + CompilerSupportLibraries_jll v0.2.0+1
  [d38c429a] + Contour v0.5.2
  [150eb455] + CoordinateTransformations v0.5.1
  [9a962f9c] + DataAPI v1.1.0
  [864edb3b] + DataStructures v0.17.10
  [e2d170a0] + DataValueInterfaces v1.0.0
  [ffbed154] + DocStringExtensions v0.8.1
  [da5c29d0] + EllipsisNotation v0.4.0
  [c87230d0] + FFMPEG v0.3.0
  [b22a6f82] + FFMPEG_jll v4.1.0+2
  [5789e2e9] + FileIO v1.2.3
  [53c48c17] + FixedPointNumbers v0.7.1
  [b38be410] + FreeType v3.0.0
  [d7e528f0] + FreeType2_jll v2.10.1+1
  [663a7486] + FreeTypeAbstraction v0.6.4
  [559328eb] + FriBidi_jll v1.0.5+2
  [5c1252a2] + GeometryBasics v0.1.3
  [4d00f742] + GeometryTypes v0.8.1
  [a2bd30eb] + Graphics v1.0.2
  [cd3eb016] + HTTP v0.8.12
  [47d2ed2b] + Hyperscript v0.0.3
  [bbac6d45] + IdentityRanges v0.3.1
  [a09fc81d] + ImageCore v0.8.12
  [6218d12a] + ImageMagick v1.1.3
  [c73af94c] + ImageMagick_jll v6.9.10-12+0
  [02fcd773] + ImageTransformations v0.8.4
  [83e8ac13] + IniFile v0.5.0
  [a98d9a8b] + Interpolations v0.12.5
  [8197267c] + IntervalSets v0.4.0
  [82899510] + IteratorInterfaceExtensions v1.0.0
  [682c06a0] + JSON v0.21.0
  [0f8b85d8] + JSON3 v1.0.1
  [824d6782] + JSServe v0.4.6
  [aacddb02] + JpegTurbo_jll v2.0.1+0
  [c1c5ebd0] + LAME_jll v3.100.0+0
  [dd192d2f] + LibVPX_jll v1.8.1+1
  [89763e89] + Libtiff_jll v4.0.10+0
  [dbb5928d] + MappedArrays v0.2.2
  [739be429] + MbedTLS v1.0.1
  [c8ffd9c3] + MbedTLS_jll v2.16.0+1
  [e1d29d7a] + Missings v0.4.3
  [99f44e22] + MsgPack v1.1.0
  [77ba4419] + NaNMath v0.3.3
  [510215fc] + Observables v0.3.1
  [6fe1bfb0] + OffsetArrays v1.0.3
  [e7412a2a] + Ogg_jll v1.3.3+0
  [458c3c95] + OpenSSL_jll v1.1.1+1
  [efe28fd5] + OpenSpecFun_jll v0.5.3+3
  [91d4177d] + Opus_jll v1.3.1+0
  [bac558e1] + OrderedCollections v1.1.0
  [19eb6ba3] + Packing v0.3.1
  [5432bcbf] + PaddedViews v0.5.3
  [69de0a69] + Parsers v0.3.12
  [fa939f87] + Pidfile v1.1.0
  [995b91a9] + PlotUtils v0.6.4
  [c84ed2f1] + Ratios v0.4.0
  [189a3867] + Reexport v0.2.0
  [ae029012] + Requires v1.0.1
  [6038ab10] + Rotations v0.13.0
  [65257c39] + ShaderAbstractions v0.1.4
  [992d4aef] + Showoff v0.3.1
  [73760f76] + SignedDistanceFields v0.4.0
  [a2af1166] + SortingAlgorithms v0.3.1
  [276daf66] + SpecialFunctions v0.10.0
  [90137ffa] + StaticArrays v0.12.1
  [2913bbd2] + StatsBase v0.32.2
  [09ab397b] + StructArrays v0.4.2
  [856f2bd8] + StructTypes v1.1.0
  [3783bdb8] + TableTraits v1.0.0
  [bd369af6] + Tables v1.0.3
  [1cfade01] + UnicodeFun v0.4.1
  [276b4fcb] + WGLMakie v0.1.9
  [104b5d7c] + WebSockets v1.5.2
  [eead4739] + WidgetsBase v0.1.2
  [efce3f68] + WoodburyMatrices v0.5.1
  [83775a58] + Zlib_jll v1.2.11+8
  [3161d3a3] + Zstd_jll v1.4.4+0
  [0ac62f75] + libass_jll v0.14.0+0
  [f638f0a6] + libfdk_aac_jll v0.1.6+1
  [b53b4c65] + libpng_jll v1.6.37+2
  [f27f6e37] + libvorbis_jll v1.3.6+2
  [1270edf5] + x264_jll v2019.5.25+1
  [dfaa095f] + x265_jll v3.0.0+0
  [2a0f44e3] + Base64 
  [ade2ca70] + Dates 
  [8ba89e20] + Distributed 
  [7b1f6079] + FileWatching 
  [b77e0a4c] + InteractiveUtils 
  [76f85450] + LibGit2 
  [8f399da3] + Libdl 
  [37e2e46d] + LinearAlgebra 
  [56ddb016] + Logging 
  [d6f4376e] + Markdown 
  [a63ad114] + Mmap 
  [44cfe95a] + Pkg 
  [de0858da] + Printf 
  [3fa0cd96] + REPL 
  [9a3f8284] + Random 
  [ea8e919c] + SHA 
  [9e88b42a] + Serialization 
  [1a1011a3] + SharedArrays 
  [6462fe0b] + Sockets 
  [2f01184e] + SparseArrays 
  [10745b16] + Statistics 
  [8dfed614] + Test 
  [cf7118a7] + UUIDs 
  [4ec0a83e] + Unicode 
   Testing WGLMakie
 Resolving package versions...
 Installed Libiconv_jll ─────────────── v1.16.0+1
 Installed IntelOpenMP_jll ──────────── v2018.0.3+0
 Installed NLSolversBase ────────────── v7.6.1
 Installed QuadGK ───────────────────── v2.3.1
 Installed StatsMakie ───────────────── v0.1.3
 Installed MeshIO ───────────────────── v0.3.1
 Installed LoggingExtras ────────────── v0.4.0
 Installed LeftChildRightSiblingTrees ─ v0.1.2
 Installed GEOS_jll ─────────────────── v3.8.0+4
 Installed Electron ─────────────────── v2.0.1
 Installed EzXML ────────────────────── v1.1.0
 Installed MakieGallery ─────────────── v0.1.7
 Installed ComputationalResources ───── v0.3.1
 Installed FilePathsBase ────────────── v0.6.2
 Installed CodecZlib ────────────────── v0.6.0
 Installed Arpack ───────────────────── v0.4.0
 Installed FiniteDiff ───────────────── v2.2.1
 Installed ElectronDisplay ──────────── v1.0.0
 Installed InvertedIndices ──────────── v1.0.0
 Installed LibCURL_jll ──────────────── v7.68.0+0
 Installed ImageMetadata ────────────── v0.9.0
 Installed Inflate ──────────────────── v0.1.1
 Installed OrdinaryDiffEq ───────────── v5.31.0
 Installed Rmath ────────────────────── v0.6.1
 Installed Adapt ────────────────────── v1.0.1
 Installed TranscodingStreams ───────── v0.9.5
 Installed LineSearches ─────────────── v7.0.1
 Installed MKL_jll ──────────────────── v2019.0.117+2
 Installed PositiveFactorizations ───── v0.2.3
 Installed GDAL_jll ─────────────────── v3.0.4+0
 Installed DiffResults ──────────────── v1.0.2
 Installed CommonSubexpressions ─────── v0.2.0
 Installed IterTools ────────────────── v1.3.0
 Installed ParameterizedFunctions ───── v4.2.1
 Installed GDAL ─────────────────────── v1.1.0
 Installed ProgressMeter ────────────── v1.2.0
 Installed LightGraphs ──────────────── v1.3.1
 Installed SimpleTraits ─────────────── v0.9.1
 Installed SymEngine ────────────────── v0.7.1
 Installed ExprTools ────────────────── v0.1.0
 Installed Distances ────────────────── v0.8.2
 Installed AxisArrays ───────────────── v0.4.2
 Installed Optim ────────────────────── v0.20.4
 Installed MakieLayout ──────────────── v0.3.4
 Installed ForwardDiff ──────────────── v0.10.9
 Installed Compat ───────────────────── v3.8.0
 Installed RecursiveArrayTools ──────── v2.1.0
 Installed AbstractTrees ────────────── v0.3.2
 Installed CustomUnitRanges ─────────── v1.0.0
 Installed KernelDensity ────────────── v0.5.1
 Installed PooledArrays ─────────────── v0.5.3
 Installed XML2_jll ─────────────────── v2.9.9+1
 Installed URIParser ────────────────── v0.4.0
 Installed ConsoleProgressMonitor ───── v0.1.2
 Installed NLsolve ──────────────────── v4.3.0
 Installed Highlights ───────────────── v0.4.5
 Installed FFTW_jll ─────────────────── v3.3.9+4
 Installed Loess ────────────────────── v0.5.1
 Installed FilePaths ────────────────── v0.8.0
 Installed StatsFuns ────────────────── v0.9.4
 Installed OpenBLAS_jll ─────────────── v0.3.7+7
 Installed TreeViews ────────────────── v0.3.0
 Installed TimeZones ────────────────── v1.0.1
 Installed FunctionWrappers ─────────── v1.1.1
 Installed CSV ──────────────────────── v0.5.26
 Installed FillArrays ───────────────── v0.8.5
 Installed ProgressLogging ──────────── v0.1.2
 Installed FFTViews ─────────────────── v0.3.1
 Installed RecipesBase ──────────────── v0.8.0
 Installed Roots ────────────────────── v1.0.0
 Installed CatIndices ───────────────── v0.2.1
 Installed TerminalLoggers ──────────── v0.1.1
 Installed AbstractFFTs ─────────────── v0.5.0
 Installed Mocking ──────────────────── v0.7.1
 Installed Distributions ────────────── v0.22.5
 Installed Formatting ───────────────── v0.4.1
 Installed DiffEqBase ───────────────── v6.24.0
 Installed PDMats ───────────────────── v0.9.12
 Installed SparseDiffTools ──────────── v1.4.0
 Installed TableShowUtils ───────────── v0.2.5
 Installed Parameters ───────────────── v0.12.0
 Installed PROJ_jll ─────────────────── v6.3.0+0
 Installed UnPack ───────────────────── v0.1.0
 Installed IndirectArrays ───────────── v0.5.1
 Installed DiffRules ────────────────── v1.0.1
 Installed RangeArrays ──────────────── v0.3.2
 Installed Rmath_jll ────────────────── v0.2.2+0
 Installed VertexSafeGraphs ─────────── v0.1.1
 Installed DataValues ───────────────── v0.4.13
 Installed CategoricalArrays ────────── v0.7.7
 Installed MacroTools ───────────────── v0.5.4
 Installed ArrayInterface ───────────── v2.5.1
 Installed RData ────────────────────── v0.7.1
 Installed DataFrames ───────────────── v0.20.2
 Installed Arpack_jll ───────────────── v3.5.0+2
 Installed SyntaxTree ───────────────── v1.0.1
 Installed RecursiveFactorization ───── v0.1.0
 Installed FFTW ─────────────────────── v1.2.0
 Installed ChainRulesCore ───────────── v0.7.1
 Installed WeakRefStrings ───────────── v0.6.2
 Installed Documenter ───────────────── v0.24.6
 Installed ArnoldiMethod ────────────── v0.0.4
 Installed GenericSVD ───────────────── v0.2.2
 Installed ModernGL ─────────────────── v1.1.2
 Installed ZygoteRules ──────────────── v0.2.0
 Installed SQLite_jll ───────────────── v3.31.1+0
 Installed ImageAxes ────────────────── v0.6.4
 Installed TiledIteration ───────────── v0.2.4
 Installed MuladdMacro ──────────────── v0.2.2
 Installed BinaryProvider ───────────── v0.5.8
 Installed Match ────────────────────── v1.1.0
 Installed LibSSH2_jll ──────────────── v1.9.0+1
 Installed ZipFile ──────────────────── v0.9.1
 Installed IterativeSolvers ─────────── v0.8.1
 Installed ImageFiltering ───────────── v0.6.11
 Installed ExponentialUtilities ─────── v1.6.0
 Installed RDatasets ────────────────── v0.6.1
 Installed Animations ───────────────── v0.3.3
  Building CodecZlib → `~/.julia/packages/CodecZlib/5t9zO/deps/build.log`
  Building SymEngine → `~/.julia/packages/SymEngine/RK5Ks/deps/build.log`
  Building TimeZones → `~/.julia/packages/TimeZones/zymSN/deps/build.log`
  Building FFTW ─────→ `~/.julia/packages/FFTW/qqcBj/deps/build.log`
  Building ModernGL ─→ `~/.julia/packages/ModernGL/rVuW2/deps/build.log`
[ Info: No changes
    Status `/tmp/jl_6ng8xy/Manifest.toml`
  [621f4979] AbstractFFTs v0.5.0
  [85c772de] AbstractNumbers v0.2.1
  [537997a7] AbstractPlotting v0.9.26
  [1520ce14] AbstractTrees v0.3.2
  [79e6a3ab] Adapt v1.0.1
  [27a7e980] Animations v0.3.3
  [ec485272] ArnoldiMethod v0.0.4
  [7d9fca2a] Arpack v0.4.0
  [68821587] Arpack_jll v3.5.0+2
  [4fba245c] ArrayInterface v2.5.1
  [bf4720bc] AssetRegistry v0.1.0
  [13072b0f] AxisAlgorithms v1.0.0
  [39de3d68] AxisArrays v0.4.2
  [b99e7846] BinaryProvider v0.5.8
  [6e34b625] Bzip2_jll v1.0.6+1
  [fa961155] CEnum v0.2.0
  [336ed68f] CSV v0.5.26
  [aafaddc9] CatIndices v0.2.1
  [324d7699] CategoricalArrays v0.7.7
  [d360d2e6] ChainRulesCore v0.7.1
  [944b1d66] CodecZlib v0.6.0
  [a2cac450] ColorBrewer v0.4.0
  [35d6a980] ColorSchemes v3.6.0
  [3da002f7] ColorTypes v0.9.1
  [c3611d14] ColorVectorSpace v0.8.3
  [5ae59095] Colors v0.11.2
  [bbf7d656] CommonSubexpressions v0.2.0
  [34da2185] Compat v3.8.0
  [e66e0078] CompilerSupportLibraries_jll v0.2.0+1
  [ed09eef8] ComputationalResources v0.3.1
  [88cd18e8] ConsoleProgressMonitor v0.1.2
  [d38c429a] Contour v0.5.2
  [150eb455] CoordinateTransformations v0.5.1
  [dc8bdbbb] CustomUnitRanges v1.0.0
  [9a962f9c] DataAPI v1.1.0
  [a93c6f00] DataFrames v0.20.2
  [864edb3b] DataStructures v0.17.10
  [e2d170a0] DataValueInterfaces v1.0.0
  [e7dc6d0d] DataValues v0.4.13
  [2b5f629d] DiffEqBase v6.24.0
  [163ba53b] DiffResults v1.0.2
  [b552c78f] DiffRules v1.0.1
  [b4f34e82] Distances v0.8.2
  [31c24e10] Distributions v0.22.5
  [ffbed154] DocStringExtensions v0.8.1
  [e30172f5] Documenter v0.24.6
  [a1bb12fb] Electron v2.0.1
  [d872a56f] ElectronDisplay v1.0.0
  [da5c29d0] EllipsisNotation v0.4.0
  [d4d017d3] ExponentialUtilities v1.6.0
  [e2ba6199] ExprTools v0.1.0
  [8f5d6c58] EzXML v1.1.0
  [c87230d0] FFMPEG v0.3.0
  [b22a6f82] FFMPEG_jll v4.1.0+2
  [4f61f5a4] FFTViews v0.3.1
  [7a1cc6ca] FFTW v1.2.0
  [f5851436] FFTW_jll v3.3.9+4
  [5789e2e9] FileIO v1.2.3
  [8fc22ac5] FilePaths v0.8.0
  [48062228] FilePathsBase v0.6.2
  [1a297f60] FillArrays v0.8.5
  [6a86dc24] FiniteDiff v2.2.1
  [53c48c17] FixedPointNumbers v0.7.1
  [59287772] Formatting v0.4.1
  [f6369f11] ForwardDiff v0.10.9
  [b38be410] FreeType v3.0.0
  [d7e528f0] FreeType2_jll v2.10.1+1
  [663a7486] FreeTypeAbstraction v0.6.4
  [559328eb] FriBidi_jll v1.0.5+2
  [069b7b12] FunctionWrappers v1.1.1
  [add2ef01] GDAL v1.1.0
  [a7073274] GDAL_jll v3.0.4+0
  [d604d12d] GEOS_jll v3.8.0+4
  [01680d73] GenericSVD v0.2.2
  [5c1252a2] GeometryBasics v0.1.3
  [4d00f742] GeometryTypes v0.8.1
  [a2bd30eb] Graphics v1.0.2
  [cd3eb016] HTTP v0.8.12
  [eafb193a] Highlights v0.4.5
  [47d2ed2b] Hyperscript v0.0.3
  [bbac6d45] IdentityRanges v0.3.1
  [2803e5a7] ImageAxes v0.6.4
  [a09fc81d] ImageCore v0.8.12
  [6a3955dd] ImageFiltering v0.6.11
  [6218d12a] ImageMagick v1.1.3
  [c73af94c] ImageMagick_jll v6.9.10-12+0
  [bc367c6b] ImageMetadata v0.9.0
  [02fcd773] ImageTransformations v0.8.4
  [9b13fd28] IndirectArrays v0.5.1
  [d25df0c9] Inflate v0.1.1
  [83e8ac13] IniFile v0.5.0
  [1d5cc7b8] IntelOpenMP_jll v2018.0.3+0
  [a98d9a8b] Interpolations v0.12.5
  [8197267c] IntervalSets v0.4.0
  [41ab1584] InvertedIndices v1.0.0
  [c8e1da08] IterTools v1.3.0
  [42fd0dbc] IterativeSolvers v0.8.1
  [82899510] IteratorInterfaceExtensions v1.0.0
  [682c06a0] JSON v0.21.0
  [0f8b85d8] JSON3 v1.0.1
  [824d6782] JSServe v0.4.6
  [aacddb02] JpegTurbo_jll v2.0.1+0
  [5ab0869b] KernelDensity v0.5.1
  [c1c5ebd0] LAME_jll v3.100.0+0
  [1d6d02ad] LeftChildRightSiblingTrees v0.1.2
  [deac9b47] LibCURL_jll v7.68.0+0
  [29816b5a] LibSSH2_jll v1.9.0+1
  [dd192d2f] LibVPX_jll v1.8.1+1
  [94ce4f54] Libiconv_jll v1.16.0+1
  [89763e89] Libtiff_jll v4.0.10+0
  [093fc24a] LightGraphs v1.3.1
  [d3d80556] LineSearches v7.0.1
  [4345ca2d] Loess v0.5.1
  [e6f89c97] LoggingExtras v0.4.0
  [856f044c] MKL_jll v2019.0.117+2
  [1914dd2f] MacroTools v0.5.4
  [dbd62bd0] MakieGallery v0.1.7
  [5a521ce4] MakieLayout v0.3.4
  [dbb5928d] MappedArrays v0.2.2
  [7eb4fadd] Match v1.1.0
  [739be429] MbedTLS v1.0.1
  [c8ffd9c3] MbedTLS_jll v2.16.0+1
  [7269a6da] MeshIO v0.3.1
  [e1d29d7a] Missings v0.4.3
  [78c3b35d] Mocking v0.7.1
  [66fc600b] ModernGL v1.1.2
  [99f44e22] MsgPack v1.1.0
  [46d2c3a1] MuladdMacro v0.2.2
  [d41bc354] NLSolversBase v7.6.1
  [2774e3e8] NLsolve v4.3.0
  [77ba4419] NaNMath v0.3.3
  [510215fc] Observables v0.3.1
  [6fe1bfb0] OffsetArrays v1.0.3
  [e7412a2a] Ogg_jll v1.3.3+0
  [4536629a] OpenBLAS_jll v0.3.7+7
  [458c3c95] OpenSSL_jll v1.1.1+1
  [efe28fd5] OpenSpecFun_jll v0.5.3+3
  [429524aa] Optim v0.20.4
  [91d4177d] Opus_jll v1.3.1+0
  [bac558e1] OrderedCollections v1.1.0
  [1dea7af3] OrdinaryDiffEq v5.31.0
  [90014a1f] PDMats v0.9.12
  [58948b4f] PROJ_jll v6.3.0+0
  [19eb6ba3] Packing v0.3.1
  [5432bcbf] PaddedViews v0.5.3
  [65888b18] ParameterizedFunctions v4.2.1
  [d96e819e] Parameters v0.12.0
  [69de0a69] Parsers v0.3.12
  [fa939f87] Pidfile v1.1.0
  [995b91a9] PlotUtils v0.6.4
  [2dfb63ee] PooledArrays v0.5.3
  [85a6dd25] PositiveFactorizations v0.2.3
  [33c8b6b6] ProgressLogging v0.1.2
  [92933f4c] ProgressMeter v1.2.0
  [1fd47b50] QuadGK v2.3.1
  [df47a6cb] RData v0.7.1
  [ce6b1742] RDatasets v0.6.1
  [b3c3ace0] RangeArrays v0.3.2
  [c84ed2f1] Ratios v0.4.0
  [3cdcf5f2] RecipesBase v0.8.0
  [731186ca] RecursiveArrayTools v2.1.0
  [f2c3362d] RecursiveFactorization v0.1.0
  [189a3867] Reexport v0.2.0
  [ae029012] Requires v1.0.1
  [79098fc4] Rmath v0.6.1
  [f50d1b31] Rmath_jll v0.2.2+0
  [f2b01f46] Roots v1.0.0
  [6038ab10] Rotations v0.13.0
  [76ed43ae] SQLite_jll v3.31.1+0
  [65257c39] ShaderAbstractions v0.1.4
  [992d4aef] Showoff v0.3.1
  [73760f76] SignedDistanceFields v0.4.0
  [699a6c99] SimpleTraits v0.9.1
  [a2af1166] SortingAlgorithms v0.3.1
  [47a9eef4] SparseDiffTools v1.4.0
  [276daf66] SpecialFunctions v0.10.0
  [90137ffa] StaticArrays v0.12.1
  [2913bbd2] StatsBase v0.32.2
  [4c63d2b9] StatsFuns v0.9.4
  [65254759] StatsMakie v0.1.3
  [09ab397b] StructArrays v0.4.2
  [856f2bd8] StructTypes v1.1.0
  [123dc426] SymEngine v0.7.1
  [a4af3ec5] SyntaxTree v1.0.1
  [5e66a065] TableShowUtils v0.2.5
  [3783bdb8] TableTraits v1.0.0
  [bd369af6] Tables v1.0.3
  [5d786b92] TerminalLoggers v0.1.1
  [06e1c1a7] TiledIteration v0.2.4
  [f269a46b] TimeZones v1.0.1
  [3bb67fe8] TranscodingStreams v0.9.5
  [a2a6695c] TreeViews v0.3.0
  [30578b45] URIParser v0.4.0
  [3a884ed6] UnPack v0.1.0
  [1cfade01] UnicodeFun v0.4.1
  [19fa3120] VertexSafeGraphs v0.1.1
  [276b4fcb] WGLMakie v0.1.9
  [ea10d353] WeakRefStrings v0.6.2
  [104b5d7c] WebSockets v1.5.2
  [eead4739] WidgetsBase v0.1.2
  [efce3f68] WoodburyMatrices v0.5.1
  [02c8fc9c] XML2_jll v2.9.9+1
  [a5390f91] ZipFile v0.9.1
  [83775a58] Zlib_jll v1.2.11+8
  [3161d3a3] Zstd_jll v1.4.4+0
  [700de1a5] ZygoteRules v0.2.0
  [0ac62f75] libass_jll v0.14.0+0
  [f638f0a6] libfdk_aac_jll v0.1.6+1
  [b53b4c65] libpng_jll v1.6.37+2
  [f27f6e37] libvorbis_jll v1.3.6+2
  [1270edf5] x264_jll v2019.5.25+1
  [dfaa095f] x265_jll v3.0.0+0
  [2a0f44e3] Base64  [`@stdlib/Base64`]
  [ade2ca70] Dates  [`@stdlib/Dates`]
  [8bb1440f] DelimitedFiles  [`@stdlib/DelimitedFiles`]
  [8ba89e20] Distributed  [`@stdlib/Distributed`]
  [7b1f6079] FileWatching  [`@stdlib/FileWatching`]
  [9fa8497b] Future  [`@stdlib/Future`]
  [b77e0a4c] InteractiveUtils  [`@stdlib/InteractiveUtils`]
  [76f85450] LibGit2  [`@stdlib/LibGit2`]
  [8f399da3] Libdl  [`@stdlib/Libdl`]
  [37e2e46d] LinearAlgebra  [`@stdlib/LinearAlgebra`]
  [56ddb016] Logging  [`@stdlib/Logging`]
  [d6f4376e] Markdown  [`@stdlib/Markdown`]
  [a63ad114] Mmap  [`@stdlib/Mmap`]
  [44cfe95a] Pkg  [`@stdlib/Pkg`]
  [de0858da] Printf  [`@stdlib/Printf`]
  [3fa0cd96] REPL  [`@stdlib/REPL`]
  [9a3f8284] Random  [`@stdlib/Random`]
  [ea8e919c] SHA  [`@stdlib/SHA`]
  [9e88b42a] Serialization  [`@stdlib/Serialization`]
  [1a1011a3] SharedArrays  [`@stdlib/SharedArrays`]
  [6462fe0b] Sockets  [`@stdlib/Sockets`]
  [2f01184e] SparseArrays  [`@stdlib/SparseArrays`]
  [10745b16] Statistics  [`@stdlib/Statistics`]
  [4607b0f0] SuiteSparse  [`@stdlib/SuiteSparse`]
  [8dfed614] Test  [`@stdlib/Test`]
  [cf7118a7] UUIDs  [`@stdlib/UUIDs`]
  [4ec0a83e] Unicode  [`@stdlib/Unicode`]
[ Info: starting from index 1
Running tutorial_simple_scatter
[ Info: Caching fonts, this may take a while. Needed only on first run!
[2565:0318/163739.616593:FATAL:setuid_sandbox_host.cc(157)] The SUID sandbox helper binary was found, but is not configured correctly. Rather than run without sandboxing I'm aborting now. You need to make sure that /home/pkgeval/.julia/artifacts/41afcbdbe95343621162214b9fc07813c12b5d36/chrome-sandbox is owned by root and has mode 4755.
