Julia Version 1.5.1
Commit 697e782ab8 (2020-08-25 20:08 UTC)
Platform Info:
  OS: Linux (x86_64-pc-linux-gnu)
  CPU: Intel(R) Xeon(R) Silver 4114 CPU @ 2.20GHz
  WORD_SIZE: 64
  LIBM: libopenlibm
  LLVM: libLLVM-9.0.1 (ORCJIT, skylake-avx512)
Environment:
  JULIA_DEPOT_PATH = ::/usr/local/share/julia
  JULIA_NUM_THREADS = 2

  Resolving package versions...
  Installed PrettyPrint ──────── v0.2.0
  Installed TimerOutputs ─────── v0.5.6
  Installed SimpleTraits ─────── v0.9.3
  Installed Inflate ──────────── v0.1.2
  Installed ArnoldiMethod ────── v0.0.4
  Installed LuxurySparse ─────── v0.6.4
  Installed YaoLang ──────────── v0.3.0
  Installed ZXCalculus ───────── v0.2.1
  Installed YaoAPI ───────────── v0.1.0
  Installed ExprTools ────────── v0.1.1
  Installed MacroTools ───────── v0.5.5
  Installed RBNF ─────────────── v0.2.0
  Installed DataStructures ───── v0.17.20
  Installed StaticArrays ─────── v0.12.4
  Installed MLStyle ──────────── v0.4.6
  Installed LightGraphs ──────── v1.3.3
  Installed IRTools ──────────── v0.4.1
  Installed OrderedCollections ─ v1.3.0
Updating `~/.julia/environments/v1.5/Project.toml`
  [77e32715] + YaoLang v0.3.0
Updating `~/.julia/environments/v1.5/Manifest.toml`
  [ec485272] + ArnoldiMethod v0.0.4
  [864edb3b] + DataStructures v0.17.20
  [e2ba6199] + ExprTools v0.1.1
  [7869d1d1] + IRTools v0.4.1
  [d25df0c9] + Inflate v0.1.2
  [093fc24a] + LightGraphs v1.3.3
  [d05aeea4] + LuxurySparse v0.6.4
  [d8e11817] + MLStyle v0.4.6
  [1914dd2f] + MacroTools v0.5.5
  [bac558e1] + OrderedCollections v1.3.0
  [8162dcfd] + PrettyPrint v0.2.0
  [83ef0002] + RBNF v0.2.0
  [699a6c99] + SimpleTraits v0.9.3
  [90137ffa] + StaticArrays v0.12.4
  [a759f4b9] + TimerOutputs v0.5.6
  [0843a435] + YaoAPI v0.1.0
  [77e32715] + YaoLang v0.3.0
  [3525faa3] + ZXCalculus v0.2.1
  [2a0f44e3] + Base64
  [8bb1440f] + DelimitedFiles
  [8ba89e20] + Distributed
  [b77e0a4c] + InteractiveUtils
  [8f399da3] + Libdl
  [37e2e46d] + LinearAlgebra
  [56ddb016] + Logging
  [d6f4376e] + Markdown
  [a63ad114] + Mmap
  [de0858da] + Printf
  [9a3f8284] + Random
  [9e88b42a] + Serialization
  [1a1011a3] + SharedArrays
  [6462fe0b] + Sockets
  [2f01184e] + SparseArrays
  [10745b16] + Statistics
  [8dfed614] + Test
  [4ec0a83e] + Unicode
    Testing YaoLang
┌ Error: Pkg.Resolve.ResolverError("Unsatisfiable requirements detected for package YaoBase [a8f54c17]:\n YaoBase [a8f54c17] log:\n ├─possible versions are: [0.1.0, 0.2.0-0.2.1, 0.3.0, 0.4.0, 0.5.0, 0.6.0, 0.7.0, 0.8.0, 0.9.0-0.9.1, 0.10.0, 0.11.0-0.11.2, 0.12.0-0.12.1, 0.13.0-0.13.3, 0.14.0-0.14.1] or uninstalled\n ├─restricted by compatibility requirements with MLStyle [d8e11817] to versions: [0.1.0, 0.2.0-0.2.1, 0.3.0, 0.14.0-0.14.1] or uninstalled\n │ └─MLStyle [d8e11817] log:\n │   ├─possible versions are: [0.1.2, 0.1.4-0.1.5, 0.2.3-0.2.4, 0.2.6-0.2.9, 0.3.0-0.3.1, 0.4.0-0.4.6] or uninstalled\n │   └─restricted to versions 0.4.6 by an explicit requirement, leaving only versions 0.4.6\n ├─restricted by compatibility requirements with LuxurySparse [d05aeea4] to versions: [0.1.0, 0.13.3, 0.14.0-0.14.1] or uninstalled, leaving only versions: [0.1.0, 0.14.0-0.14.1] or uninstalled\n │ └─LuxurySparse [d05aeea4] log:\n │   ├─possible versions are: [0.1.0, 0.1.2, 0.2.0-0.2.1, 0.3.0-0.3.3, 0.4.0-0.4.3, 0.5.0-0.5.6, 0.6.0-0.6.4] or uninstalled\n │   └─restricted to versions 0.6.4 by an explicit requirement, leaving only versions 0.6.4\n ├─restricted by compatibility requirements with YaoArrayRegister [e600142f] to versions: [0.13.0-0.13.3, 0.14.1], leaving only versions: 0.14.1\n │ └─YaoArrayRegister [e600142f] log:\n │   ├─possible versions are: [0.1.0, 0.2.0, 0.3.0-0.3.10, 0.4.0-0.4.2, 0.5.0-0.5.2, 0.6.0-0.6.2, 0.7.0-0.7.1] or uninstalled\n │   ├─restricted to versions * by an explicit requirement, leaving only versions [0.1.0, 0.2.0, 0.3.0-0.3.10, 0.4.0-0.4.2, 0.5.0-0.5.2, 0.6.0-0.6.2, 0.7.0-0.7.1]\n │   └─restricted by compatibility requirements with LuxurySparse [d05aeea4] to versions: [0.6.2, 0.7.0-0.7.1] or uninstalled, leaving only versions: [0.6.2, 0.7.0-0.7.1]\n │     └─LuxurySparse [d05aeea4] log: see above\n └─restricted by compatibility requirements with LegibleLambdas [f1f30506] to versions: [0.1.0, 0.2.0-0.2.1, 0.3.0, 0.4.0] or uninstalled — no versions left\n   └─LegibleLambdas [f1f30506] log:\n     ├─possible versions are: [0.1.0, 0.2.0-0.2.1] or uninstalled\n     └─restricted by compatibility requirements with MLStyle [d8e11817] to versions: uninstalled\n       └─MLStyle [d8e11817] log: see above", nothing)
└ @ Pkg.Operations /buildworker/worker/package_linux64/build/usr/share/julia/stdlib/v1.5/Pkg/src/Operations.jl:1427
ERROR: Unsatisfiable requirements detected for package YaoBase [a8f54c17]:
 YaoBase [a8f54c17] log:
 ├─possible versions are: [0.1.0, 0.2.0-0.2.1, 0.3.0, 0.4.0, 0.5.0, 0.6.0, 0.7.0, 0.8.0, 0.9.0-0.9.1, 0.10.0, 0.11.0-0.11.2, 0.12.0-0.12.1, 0.13.0-0.13.3, 0.14.0-0.14.1] or uninstalled
 ├─restricted by compatibility requirements with LuxurySparse [d05aeea4] to versions: [0.1.0, 0.13.3, 0.14.0-0.14.1] or uninstalled
 │ └─LuxurySparse [d05aeea4] log:
 │   ├─possible versions are: [0.1.0, 0.1.2, 0.2.0-0.2.1, 0.3.0-0.3.3, 0.4.0-0.4.3, 0.5.0-0.5.6, 0.6.0-0.6.4] or uninstalled
 │   └─restricted to versions 0.6 by an explicit requirement, leaving only versions 0.6.0-0.6.4
 ├─restricted by compatibility requirements with YaoArrayRegister [e600142f] to versions: [0.13.0-0.13.3, 0.14.1], leaving only versions: [0.13.3, 0.14.1]
 │ └─YaoArrayRegister [e600142f] log:
 │   ├─possible versions are: [0.1.0, 0.2.0, 0.3.0-0.3.10, 0.4.0-0.4.2, 0.5.0-0.5.2, 0.6.0-0.6.2, 0.7.0-0.7.1] or uninstalled
 │   ├─restricted to versions * by an explicit requirement, leaving only versions [0.1.0, 0.2.0, 0.3.0-0.3.10, 0.4.0-0.4.2, 0.5.0-0.5.2, 0.6.0-0.6.2, 0.7.0-0.7.1]
 │   └─restricted by compatibility requirements with LuxurySparse [d05aeea4] to versions: [0.6.2, 0.7.0-0.7.1] or uninstalled, leaving only versions: [0.6.2, 0.7.0-0.7.1]
 │     └─LuxurySparse [d05aeea4] log: see above
 ├─restricted by compatibility requirements with MLStyle [d8e11817] to versions: [0.1.0, 0.2.0-0.2.1, 0.3.0, 0.14.0-0.14.1] or uninstalled, leaving only versions: 0.14.1
 │ └─MLStyle [d8e11817] log:
 │   ├─possible versions are: [0.1.2, 0.1.4-0.1.5, 0.2.3-0.2.4, 0.2.6-0.2.9, 0.3.0-0.3.1, 0.4.0-0.4.6] or uninstalled
 │   └─restricted by compatibility requirements with RBNF [83ef0002] to versions: 0.4.2-0.4.6
 │     └─RBNF [83ef0002] log:
 │       ├─possible versions are: [0.1.0, 0.2.0] or uninstalled
 │       └─restricted to versions 0.2 by an explicit requirement, leaving only versions 0.2.0
 └─restricted by compatibility requirements with LegibleLambdas [f1f30506] to versions: [0.1.0, 0.2.0-0.2.1, 0.3.0, 0.4.0] or uninstalled — no versions left
   └─LegibleLambdas [f1f30506] log:
     ├─possible versions are: [0.1.0, 0.2.0-0.2.1] or uninstalled
     ├─restricted by julia compatibility requirements to versions: [0.1.0, 0.2.0] or uninstalled
     └─restricted by compatibility requirements with MLStyle [d8e11817] to versions: uninstalled
       └─MLStyle [d8e11817] log: see above
Stacktrace:
 [1] propagate_constraints!(::Pkg.Resolve.Graph, ::Set{Int64}; log_events::Bool) at /buildworker/worker/package_linux64/build/usr/share/julia/stdlib/v1.5/Pkg/src/Resolve/graphtype.jl:1005
 [2] propagate_constraints! at /buildworker/worker/package_linux64/build/usr/share/julia/stdlib/v1.5/Pkg/src/Resolve/graphtype.jl:946 [inlined] (repeats 2 times)
 [3] simplify_graph!(::Pkg.Resolve.Graph, ::Set{Int64}; clean_graph::Bool) at /buildworker/worker/package_linux64/build/usr/share/julia/stdlib/v1.5/Pkg/src/Resolve/graphtype.jl:1460
 [4] simplify_graph! at /buildworker/worker/package_linux64/build/usr/share/julia/stdlib/v1.5/Pkg/src/Resolve/graphtype.jl:1460 [inlined] (repeats 2 times)
 [5] resolve_versions!(::Pkg.Types.Context, ::Array{Pkg.Types.PackageSpec,1}) at /buildworker/worker/package_linux64/build/usr/share/julia/stdlib/v1.5/Pkg/src/Operations.jl:375
 [6] up(::Pkg.Types.Context, ::Array{Pkg.Types.PackageSpec,1}, ::Pkg.Types.UpgradeLevel) at /buildworker/worker/package_linux64/build/usr/share/julia/stdlib/v1.5/Pkg/src/Operations.jl:1222
 [7] up(::Pkg.Types.Context, ::Array{Pkg.Types.PackageSpec,1}; level::Pkg.Types.UpgradeLevel, mode::Pkg.Types.PackageMode, update_registry::Bool, kwargs::Base.Iterators.Pairs{Symbol,Base.DevNull,Tuple{Symbol},NamedTuple{(:io,),Tuple{Base.DevNull}}}) at /buildworker/worker/package_linux64/build/usr/share/julia/stdlib/v1.5/Pkg/src/API.jl:246
 [8] up(::Pkg.Types.Context; kwargs::Base.Iterators.Pairs{Symbol,Any,NTuple{4,Symbol},NamedTuple{(:level, :mode, :update_registry, :io),Tuple{Pkg.Types.UpgradeLevel,Pkg.Types.PackageMode,Bool,Base.DevNull}}}) at /buildworker/worker/package_linux64/build/usr/share/julia/stdlib/v1.5/Pkg/src/API.jl:68
 [9] resolve(::Pkg.Types.Context; kwargs::Base.Iterators.Pairs{Symbol,Base.DevNull,Tuple{Symbol},NamedTuple{(:io,),Tuple{Base.DevNull}}}) at /buildworker/worker/package_linux64/build/usr/share/julia/stdlib/v1.5/Pkg/src/API.jl:252
 [10] (::Pkg.Operations.var"#100#104"{String,Pkg.Operations.var"#110#112"{Bool,Cmd,Cmd,Nothing,Pkg.Types.Context,Array{Tuple{String,Base.Process},1},String,Pkg.Types.PackageSpec},Pkg.Types.PackageSpec})() at /buildworker/worker/package_linux64/build/usr/share/julia/stdlib/v1.5/Pkg/src/Operations.jl:1429
 [11] with_temp_env(::Pkg.Operations.var"#100#104"{String,Pkg.Operations.var"#110#112"{Bool,Cmd,Cmd,Nothing,Pkg.Types.Context,Array{Tuple{String,Base.Process},1},String,Pkg.Types.PackageSpec},Pkg.Types.PackageSpec}, ::String) at /buildworker/worker/package_linux64/build/usr/share/julia/stdlib/v1.5/Pkg/src/Operations.jl:1348
 [12] (::Pkg.Operations.var"#99#103"{Pkg.Operations.var"#110#112"{Bool,Cmd,Cmd,Nothing,Pkg.Types.Context,Array{Tuple{String,Base.Process},1},String,Pkg.Types.PackageSpec},Pkg.Types.Context,Pkg.Types.PackageSpec,String,Pkg.Types.Project,String})(::String) at /buildworker/worker/package_linux64/build/usr/share/julia/stdlib/v1.5/Pkg/src/Operations.jl:1419
 [13] mktempdir(::Pkg.Operations.var"#99#103"{Pkg.Operations.var"#110#112"{Bool,Cmd,Cmd,Nothing,Pkg.Types.Context,Array{Tuple{String,Base.Process},1},String,Pkg.Types.PackageSpec},Pkg.Types.Context,Pkg.Types.PackageSpec,String,Pkg.Types.Project,String}, ::String; prefix::String) at ./file.jl:682
 [14] mktempdir(::Function, ::String) at ./file.jl:680 (repeats 2 times)
 [15] sandbox(::Function, ::Pkg.Types.Context, ::Pkg.Types.PackageSpec, ::String, ::String, ::Pkg.Types.Project) at /buildworker/worker/package_linux64/build/usr/share/julia/stdlib/v1.5/Pkg/src/Operations.jl:1386
 [16] test(::Pkg.Types.Context, ::Array{Pkg.Types.PackageSpec,1}; coverage::Bool, julia_args::Cmd, test_args::Cmd, test_fn::Nothing) at /buildworker/worker/package_linux64/build/usr/share/julia/stdlib/v1.5/Pkg/src/Operations.jl:1550
 [17] test(::Pkg.Types.Context, ::Array{Pkg.Types.PackageSpec,1}; coverage::Bool, test_fn::Nothing, julia_args::Cmd, test_args::Cmd, kwargs::Base.Iterators.Pairs{Union{},Union{},Tuple{},NamedTuple{(),Tuple{}}}) at /buildworker/worker/package_linux64/build/usr/share/julia/stdlib/v1.5/Pkg/src/API.jl:328
 [18] test(::Pkg.Types.Context, ::Array{Pkg.Types.PackageSpec,1}) at /buildworker/worker/package_linux64/build/usr/share/julia/stdlib/v1.5/Pkg/src/API.jl:315
 [19] #test#61 at /buildworker/worker/package_linux64/build/usr/share/julia/stdlib/v1.5/Pkg/src/API.jl:67 [inlined]
 [20] test at /buildworker/worker/package_linux64/build/usr/share/julia/stdlib/v1.5/Pkg/src/API.jl:67 [inlined]
 [21] #test#60 at /buildworker/worker/package_linux64/build/usr/share/julia/stdlib/v1.5/Pkg/src/API.jl:66 [inlined]
 [22] test at /buildworker/worker/package_linux64/build/usr/share/julia/stdlib/v1.5/Pkg/src/API.jl:66 [inlined]
 [23] test(::String; kwargs::Base.Iterators.Pairs{Union{},Union{},Tuple{},NamedTuple{(),Tuple{}}}) at /buildworker/worker/package_linux64/build/usr/share/julia/stdlib/v1.5/Pkg/src/API.jl:65
 [24] test(::String) at /buildworker/worker/package_linux64/build/usr/share/julia/stdlib/v1.5/Pkg/src/API.jl:65
 [25] top-level scope at none:19
caused by [exception 1]
Unsatisfiable requirements detected for package YaoBase [a8f54c17]:
 YaoBase [a8f54c17] log:
 ├─possible versions are: [0.1.0, 0.2.0-0.2.1, 0.3.0, 0.4.0, 0.5.0, 0.6.0, 0.7.0, 0.8.0, 0.9.0-0.9.1, 0.10.0, 0.11.0-0.11.2, 0.12.0-0.12.1, 0.13.0-0.13.3, 0.14.0-0.14.1] or uninstalled
 ├─restricted by compatibility requirements with MLStyle [d8e11817] to versions: [0.1.0, 0.2.0-0.2.1, 0.3.0, 0.14.0-0.14.1] or uninstalled
 │ └─MLStyle [d8e11817] log:
 │   ├─possible versions are: [0.1.2, 0.1.4-0.1.5, 0.2.3-0.2.4, 0.2.6-0.2.9, 0.3.0-0.3.1, 0.4.0-0.4.6] or uninstalled
 │   └─restricted to versions 0.4.6 by an explicit requirement, leaving only versions 0.4.6
 ├─restricted by compatibility requirements with LuxurySparse [d05aeea4] to versions: [0.1.0, 0.13.3, 0.14.0-0.14.1] or uninstalled, leaving only versions: [0.1.0, 0.14.0-0.14.1] or uninstalled
 │ └─LuxurySparse [d05aeea4] log:
 │   ├─possible versions are: [0.1.0, 0.1.2, 0.2.0-0.2.1, 0.3.0-0.3.3, 0.4.0-0.4.3, 0.5.0-0.5.6, 0.6.0-0.6.4] or uninstalled
 │   └─restricted to versions 0.6.4 by an explicit requirement, leaving only versions 0.6.4
 ├─restricted by compatibility requirements with YaoArrayRegister [e600142f] to versions: [0.13.0-0.13.3, 0.14.1], leaving only versions: 0.14.1
 │ └─YaoArrayRegister [e600142f] log:
 │   ├─possible versions are: [0.1.0, 0.2.0, 0.3.0-0.3.10, 0.4.0-0.4.2, 0.5.0-0.5.2, 0.6.0-0.6.2, 0.7.0-0.7.1] or uninstalled
 │   ├─restricted to versions * by an explicit requirement, leaving only versions [0.1.0, 0.2.0, 0.3.0-0.3.10, 0.4.0-0.4.2, 0.5.0-0.5.2, 0.6.0-0.6.2, 0.7.0-0.7.1]
 │   └─restricted by compatibility requirements with LuxurySparse [d05aeea4] to versions: [0.6.2, 0.7.0-0.7.1] or uninstalled, leaving only versions: [0.6.2, 0.7.0-0.7.1]
 │     └─LuxurySparse [d05aeea4] log: see above
 └─restricted by compatibility requirements with LegibleLambdas [f1f30506] to versions: [0.1.0, 0.2.0-0.2.1, 0.3.0, 0.4.0] or uninstalled — no versions left
   └─LegibleLambdas [f1f30506] log:
     ├─possible versions are: [0.1.0, 0.2.0-0.2.1] or uninstalled
     └─restricted by compatibility requirements with MLStyle [d8e11817] to versions: uninstalled
       └─MLStyle [d8e11817] log: see above
Stacktrace:
 [1] propagate_constraints!(::Pkg.Resolve.Graph, ::Set{Int64}; log_events::Bool) at /buildworker/worker/package_linux64/build/usr/share/julia/stdlib/v1.5/Pkg/src/Resolve/graphtype.jl:1005
 [2] propagate_constraints! at /buildworker/worker/package_linux64/build/usr/share/julia/stdlib/v1.5/Pkg/src/Resolve/graphtype.jl:946 [inlined] (repeats 2 times)
 [3] simplify_graph!(::Pkg.Resolve.Graph, ::Set{Int64}; clean_graph::Bool) at /buildworker/worker/package_linux64/build/usr/share/julia/stdlib/v1.5/Pkg/src/Resolve/graphtype.jl:1460
 [4] simplify_graph! at /buildworker/worker/package_linux64/build/usr/share/julia/stdlib/v1.5/Pkg/src/Resolve/graphtype.jl:1460 [inlined] (repeats 2 times)
 [5] resolve_versions!(::Pkg.Types.Context, ::Array{Pkg.Types.PackageSpec,1}) at /buildworker/worker/package_linux64/build/usr/share/julia/stdlib/v1.5/Pkg/src/Operations.jl:375
 [6] up(::Pkg.Types.Context, ::Array{Pkg.Types.PackageSpec,1}, ::Pkg.Types.UpgradeLevel) at /buildworker/worker/package_linux64/build/usr/share/julia/stdlib/v1.5/Pkg/src/Operations.jl:1222
 [7] up(::Pkg.Types.Context, ::Array{Pkg.Types.PackageSpec,1}; level::Pkg.Types.UpgradeLevel, mode::Pkg.Types.PackageMode, update_registry::Bool, kwargs::Base.Iterators.Pairs{Symbol,Base.DevNull,Tuple{Symbol},NamedTuple{(:io,),Tuple{Base.DevNull}}}) at /buildworker/worker/package_linux64/build/usr/share/julia/stdlib/v1.5/Pkg/src/API.jl:246
 [8] up(::Pkg.Types.Context; kwargs::Base.Iterators.Pairs{Symbol,Any,NTuple{4,Symbol},NamedTuple{(:level, :mode, :update_registry, :io),Tuple{Pkg.Types.UpgradeLevel,Pkg.Types.PackageMode,Bool,Base.DevNull}}}) at /buildworker/worker/package_linux64/build/usr/share/julia/stdlib/v1.5/Pkg/src/API.jl:68
 [9] resolve(::Pkg.Types.Context; kwargs::Base.Iterators.Pairs{Symbol,Base.DevNull,Tuple{Symbol},NamedTuple{(:io,),Tuple{Base.DevNull}}}) at /buildworker/worker/package_linux64/build/usr/share/julia/stdlib/v1.5/Pkg/src/API.jl:252
 [10] resolve(; kwargs::Base.Iterators.Pairs{Symbol,Base.DevNull,Tuple{Symbol},NamedTuple{(:io,),Tuple{Base.DevNull}}}) at /buildworker/worker/package_linux64/build/usr/share/julia/stdlib/v1.5/Pkg/src/API.jl:250
 [11] (::Pkg.Operations.var"#100#104"{String,Pkg.Operations.var"#110#112"{Bool,Cmd,Cmd,Nothing,Pkg.Types.Context,Array{Tuple{String,Base.Process},1},String,Pkg.Types.PackageSpec},Pkg.Types.PackageSpec})() at /buildworker/worker/package_linux64/build/usr/share/julia/stdlib/v1.5/Pkg/src/Operations.jl:1424
 [12] with_temp_env(::Pkg.Operations.var"#100#104"{String,Pkg.Operations.var"#110#112"{Bool,Cmd,Cmd,Nothing,Pkg.Types.Context,Array{Tuple{String,Base.Process},1},String,Pkg.Types.PackageSpec},Pkg.Types.PackageSpec}, ::String) at /buildworker/worker/package_linux64/build/usr/share/julia/stdlib/v1.5/Pkg/src/Operations.jl:1348
 [13] (::Pkg.Operations.var"#99#103"{Pkg.Operations.var"#110#112"{Bool,Cmd,Cmd,Nothing,Pkg.Types.Context,Array{Tuple{String,Base.Process},1},String,Pkg.Types.PackageSpec},Pkg.Types.Context,Pkg.Types.PackageSpec,String,Pkg.Types.Project,String})(::String) at /buildworker/worker/package_linux64/build/usr/share/julia/stdlib/v1.5/Pkg/src/Operations.jl:1419
 [14] mktempdir(::Pkg.Operations.var"#99#103"{Pkg.Operations.var"#110#112"{Bool,Cmd,Cmd,Nothing,Pkg.Types.Context,Array{Tuple{String,Base.Process},1},String,Pkg.Types.PackageSpec},Pkg.Types.Context,Pkg.Types.PackageSpec,String,Pkg.Types.Project,String}, ::String; prefix::String) at ./file.jl:682
 [15] mktempdir(::Function, ::String) at ./file.jl:680 (repeats 2 times)
 [16] sandbox(::Function, ::Pkg.Types.Context, ::Pkg.Types.PackageSpec, ::String, ::String, ::Pkg.Types.Project) at /buildworker/worker/package_linux64/build/usr/share/julia/stdlib/v1.5/Pkg/src/Operations.jl:1386
 [17] test(::Pkg.Types.Context, ::Array{Pkg.Types.PackageSpec,1}; coverage::Bool, julia_args::Cmd, test_args::Cmd, test_fn::Nothing) at /buildworker/worker/package_linux64/build/usr/share/julia/stdlib/v1.5/Pkg/src/Operations.jl:1550
 [18] test(::Pkg.Types.Context, ::Array{Pkg.Types.PackageSpec,1}; coverage::Bool, test_fn::Nothing, julia_args::Cmd, test_args::Cmd, kwargs::Base.Iterators.Pairs{Union{},Union{},Tuple{},NamedTuple{(),Tuple{}}}) at /buildworker/worker/package_linux64/build/usr/share/julia/stdlib/v1.5/Pkg/src/API.jl:328
 [19] test(::Pkg.Types.Context, ::Array{Pkg.Types.PackageSpec,1}) at /buildworker/worker/package_linux64/build/usr/share/julia/stdlib/v1.5/Pkg/src/API.jl:315
 [20] #test#61 at /buildworker/worker/package_linux64/build/usr/share/julia/stdlib/v1.5/Pkg/src/API.jl:67 [inlined]
 [21] test at /buildworker/worker/package_linux64/build/usr/share/julia/stdlib/v1.5/Pkg/src/API.jl:67 [inlined]
 [22] #test#60 at /buildworker/worker/package_linux64/build/usr/share/julia/stdlib/v1.5/Pkg/src/API.jl:66 [inlined]
 [23] test at /buildworker/worker/package_linux64/build/usr/share/julia/stdlib/v1.5/Pkg/src/API.jl:66 [inlined]
 [24] test(::String; kwargs::Base.Iterators.Pairs{Union{},Union{},Tuple{},NamedTuple{(),Tuple{}}}) at /buildworker/worker/package_linux64/build/usr/share/julia/stdlib/v1.5/Pkg/src/API.jl:65
 [25] test(::String) at /buildworker/worker/package_linux64/build/usr/share/julia/stdlib/v1.5/Pkg/src/API.jl:65
 [26] top-level scope at none:19
