Julia Version 1.4.0
Commit b8e9a9ecc6 (2020-03-21 16:36 UTC)
Platform Info:
  OS: Linux (x86_64-pc-linux-gnu)
  CPU: AMD Ryzen Threadripper 2990WX 32-Core Processor
  WORD_SIZE: 64
  LIBM: libopenlibm
  LLVM: libLLVM-8.0.1 (ORCJIT, znver1)
Environment:
  JULIA_DEPOT_PATH = ::/usr/local/share/julia
  JULIA_NUM_THREADS = 2

  Resolving package versions...
  Installed DataAPI ────────────────────── v1.1.0
  Installed Zstd_jll ───────────────────── v1.4.4+0
  Installed Missings ───────────────────── v0.4.3
  Installed Libtiff_jll ────────────────── v4.0.10+0
  Installed Reexport ───────────────────── v0.2.0
  Installed NaNMath ────────────────────── v0.3.3
  Installed XML2_jll ───────────────────── v2.9.9+2
  Installed YOLO ───────────────────────── v0.1.0
  Installed CEnum ──────────────────────── v0.2.0
  Installed SimpleTraits ───────────────── v0.9.1
  Installed CoordinateTransformations ──── v0.5.1
  Installed CodeTracking ───────────────── v0.5.8
  Installed ImageMagick_jll ────────────── v6.9.10-12+1
  Installed TranscodingStreams ─────────── v0.9.5
  Installed Requires ───────────────────── v1.0.1
  Installed ImageCore ──────────────────── v0.8.12
  Installed SpecialFunctions ───────────── v0.10.0
  Installed IterTools ──────────────────── v1.3.0
  Installed Libiconv_jll ───────────────── v1.16.0+2
  Installed NNlib ──────────────────────── v0.6.6
  Installed FixedPointNumbers ──────────── v0.8.0
  Installed CatIndices ─────────────────── v0.2.1
  Installed WoodburyMatrices ───────────── v0.5.2
  Installed MKL_jll ────────────────────── v2019.0.117+2
  Installed CustomUnitRanges ───────────── v1.0.0
  Installed OrderedCollections ─────────── v1.1.0
  Installed GeometryTypes ──────────────── v0.8.2
  Installed SortingAlgorithms ──────────── v0.3.1
  Installed ImageAxes ──────────────────── v0.6.4
  Installed JpegTurbo_jll ──────────────── v2.0.1+0
  Installed TerminalMenus ──────────────── v0.1.0
  Installed JLD2 ───────────────────────── v0.1.3
  Installed AxisArrays ─────────────────── v0.4.2
  Installed ColorTypes ─────────────────── v0.10.0
  Installed LLVM ───────────────────────── v1.3.4
  Installed Interpolations ─────────────── v0.12.9
  Installed Knet ───────────────────────── v1.3.5
  Installed Adapt ──────────────────────── v1.0.1
  Installed CodecZlib ──────────────────── v0.7.0
  Installed PaddedViews ────────────────── v0.5.4
  Installed MacroTools ─────────────────── v0.5.5
  Installed CUDAapi ────────────────────── v4.0.0
  Installed QuartzImageIO ──────────────── v0.6.0
  Installed libpng_jll ─────────────────── v1.6.37+3
  Installed Graphics ───────────────────── v1.0.2
  Installed MappedArrays ───────────────── v0.2.2
  Installed GPUArrays ──────────────────── v3.1.0
  Installed CUDAnative ─────────────────── v3.0.2
  Installed FFTViews ───────────────────── v0.3.1
  Installed RangeArrays ────────────────── v0.3.2
  Installed TimerOutputs ───────────────── v0.5.3
  Installed OffsetArrays ───────────────── v1.0.4
  Installed ImageMetadata ──────────────── v0.9.0
  Installed IdentityRanges ─────────────── v0.3.1
  Installed FileIO ─────────────────────── v1.2.4
  Installed ComputationalResources ─────── v0.3.2
  Installed CUDAdrv ────────────────────── v6.2.2
  Installed EllipsisNotation ───────────── v0.4.0
  Installed CuArrays ───────────────────── v2.0.1
  Installed Compat ─────────────────────── v2.2.0
  Installed ColorVectorSpace ───────────── v0.8.4
  Installed Colors ─────────────────────── v0.12.0
  Installed LightXML ───────────────────── v0.9.0
  Installed Zlib_jll ───────────────────── v1.2.11+9
  Installed FFTW_jll ───────────────────── v3.3.9+5
  Installed Rotations ──────────────────── v0.13.0
  Installed StatsBase ──────────────────── v0.32.2
  Installed ImageMagick ────────────────── v1.1.3
  Installed ImageTransformations ───────── v0.8.4
  Installed ImageFiltering ─────────────── v0.6.11
  Installed CompilerSupportLibraries_jll ─ v0.3.3+0
  Installed AxisAlgorithms ─────────────── v1.0.0
  Installed AutoGrad ───────────────────── v1.2.1
  Installed BinaryProvider ─────────────── v0.5.8
  Installed StaticArrays ───────────────── v0.12.1
  Installed IndirectArrays ─────────────── v0.5.1
  Installed TiledIteration ─────────────── v0.2.4
  Installed AbstractFFTs ───────────────── v0.5.0
  Installed DataStructures ─────────────── v0.17.11
  Installed Ratios ─────────────────────── v0.4.0
  Installed IntelOpenMP_jll ────────────── v2018.0.3+0
  Installed Cthulhu ────────────────────── v1.0.0
  Installed OpenSpecFun_jll ────────────── v0.5.3+3
  Installed ProgressMeter ──────────────── v1.2.0
  Installed IntervalSets ───────────────── v0.4.0
  Installed FFTW ───────────────────────── v1.2.0
   Updating `~/.julia/environments/v1.4/Project.toml`
  [af39948a] + YOLO v0.1.0
   Updating `~/.julia/environments/v1.4/Manifest.toml`
  [621f4979] + AbstractFFTs v0.5.0
  [79e6a3ab] + Adapt v1.0.1
  [6710c13c] + AutoGrad v1.2.1
  [13072b0f] + AxisAlgorithms v1.0.0
  [39de3d68] + AxisArrays v0.4.2
  [b99e7846] + BinaryProvider v0.5.8
  [fa961155] + CEnum v0.2.0
  [3895d2a7] + CUDAapi v4.0.0
  [c5f51814] + CUDAdrv v6.2.2
  [be33ccc6] + CUDAnative v3.0.2
  [aafaddc9] + CatIndices v0.2.1
  [da1fd8a2] + CodeTracking v0.5.8
  [944b1d66] + CodecZlib v0.7.0
  [3da002f7] + ColorTypes v0.10.0
  [c3611d14] + ColorVectorSpace v0.8.4
  [5ae59095] + Colors v0.12.0
  [34da2185] + Compat v2.2.0
  [e66e0078] + CompilerSupportLibraries_jll v0.3.3+0
  [ed09eef8] + ComputationalResources v0.3.2
  [150eb455] + CoordinateTransformations v0.5.1
  [f68482b8] + Cthulhu v1.0.0
  [3a865a2d] + CuArrays v2.0.1
  [dc8bdbbb] + CustomUnitRanges v1.0.0
  [9a962f9c] + DataAPI v1.1.0
  [864edb3b] + DataStructures v0.17.11
  [da5c29d0] + EllipsisNotation v0.4.0
  [4f61f5a4] + FFTViews v0.3.1
  [7a1cc6ca] + FFTW v1.2.0
  [f5851436] + FFTW_jll v3.3.9+5
  [5789e2e9] + FileIO v1.2.4
  [53c48c17] + FixedPointNumbers v0.8.0
  [0c68f7d7] + GPUArrays v3.1.0
  [4d00f742] + GeometryTypes v0.8.2
  [a2bd30eb] + Graphics v1.0.2
  [bbac6d45] + IdentityRanges v0.3.1
  [2803e5a7] + ImageAxes v0.6.4
  [a09fc81d] + ImageCore v0.8.12
  [6a3955dd] + ImageFiltering v0.6.11
  [6218d12a] + ImageMagick v1.1.3
  [c73af94c] + ImageMagick_jll v6.9.10-12+1
  [bc367c6b] + ImageMetadata v0.9.0
  [02fcd773] + ImageTransformations v0.8.4
  [9b13fd28] + IndirectArrays v0.5.1
  [1d5cc7b8] + IntelOpenMP_jll v2018.0.3+0
  [a98d9a8b] + Interpolations v0.12.9
  [8197267c] + IntervalSets v0.4.0
  [c8e1da08] + IterTools v1.3.0
  [033835bb] + JLD2 v0.1.3
  [aacddb02] + JpegTurbo_jll v2.0.1+0
  [1902f260] + Knet v1.3.5
  [929cbde3] + LLVM v1.3.4
  [94ce4f54] + Libiconv_jll v1.16.0+2
  [89763e89] + Libtiff_jll v4.0.10+0
  [9c8b4983] + LightXML v0.9.0
  [856f044c] + MKL_jll v2019.0.117+2
  [1914dd2f] + MacroTools v0.5.5
  [dbb5928d] + MappedArrays v0.2.2
  [e1d29d7a] + Missings v0.4.3
  [872c559c] + NNlib v0.6.6
  [77ba4419] + NaNMath v0.3.3
  [6fe1bfb0] + OffsetArrays v1.0.4
  [efe28fd5] + OpenSpecFun_jll v0.5.3+3
  [bac558e1] + OrderedCollections v1.1.0
  [5432bcbf] + PaddedViews v0.5.4
  [92933f4c] + ProgressMeter v1.2.0
  [dca85d43] + QuartzImageIO v0.6.0
  [b3c3ace0] + RangeArrays v0.3.2
  [c84ed2f1] + Ratios v0.4.0
  [189a3867] + Reexport v0.2.0
  [ae029012] + Requires v1.0.1
  [6038ab10] + Rotations v0.13.0
  [699a6c99] + SimpleTraits v0.9.1
  [a2af1166] + SortingAlgorithms v0.3.1
  [276daf66] + SpecialFunctions v0.10.0
  [90137ffa] + StaticArrays v0.12.1
  [2913bbd2] + StatsBase v0.32.2
  [dc548174] + TerminalMenus v0.1.0
  [06e1c1a7] + TiledIteration v0.2.4
  [a759f4b9] + TimerOutputs v0.5.3
  [3bb67fe8] + TranscodingStreams v0.9.5
  [efce3f68] + WoodburyMatrices v0.5.2
  [02c8fc9c] + XML2_jll v2.9.9+2
  [af39948a] + YOLO v0.1.0
  [83775a58] + Zlib_jll v1.2.11+9
  [3161d3a3] + Zstd_jll v1.4.4+0
  [b53b4c65] + libpng_jll v1.6.37+3
  [2a0f44e3] + Base64 
  [ade2ca70] + Dates 
  [8bb1440f] + DelimitedFiles 
  [8ba89e20] + Distributed 
  [b77e0a4c] + InteractiveUtils 
  [76f85450] + LibGit2 
  [8f399da3] + Libdl 
  [37e2e46d] + LinearAlgebra 
  [56ddb016] + Logging 
  [d6f4376e] + Markdown 
  [a63ad114] + Mmap 
  [44cfe95a] + Pkg 
  [de0858da] + Printf 
  [3fa0cd96] + REPL 
  [9a3f8284] + Random 
  [ea8e919c] + SHA 
  [9e88b42a] + Serialization 
  [1a1011a3] + SharedArrays 
  [6462fe0b] + Sockets 
  [2f01184e] + SparseArrays 
  [10745b16] + Statistics 
  [8dfed614] + Test 
  [cf7118a7] + UUIDs 
  [4ec0a83e] + Unicode 
   Building FFTW ─→ `~/.julia/packages/FFTW/qqcBj/deps/build.log`
   Building NNlib → `~/.julia/packages/NNlib/FAI3o/deps/build.log`
   Building Knet ─→ `~/.julia/packages/Knet/bTNMd/deps/build.log`
   Building YOLO ─→ `~/.julia/packages/YOLO/5usZN/deps/build.log`
    Testing YOLO
Status `/tmp/jl_cwsbOO/Manifest.toml`
  [621f4979] AbstractFFTs v0.5.0
  [79e6a3ab] Adapt v1.0.1
  [6710c13c] AutoGrad v1.2.1
  [13072b0f] AxisAlgorithms v1.0.0
  [39de3d68] AxisArrays v0.4.2
  [b99e7846] BinaryProvider v0.5.8
  [fa961155] CEnum v0.2.0
  [3895d2a7] CUDAapi v4.0.0
  [c5f51814] CUDAdrv v6.2.2
  [be33ccc6] CUDAnative v3.0.2
  [aafaddc9] CatIndices v0.2.1
  [da1fd8a2] CodeTracking v0.5.8
  [944b1d66] CodecZlib v0.7.0
  [3da002f7] ColorTypes v0.10.0
  [c3611d14] ColorVectorSpace v0.8.4
  [5ae59095] Colors v0.12.0
  [34da2185] Compat v2.2.0
  [e66e0078] CompilerSupportLibraries_jll v0.3.3+0
  [ed09eef8] ComputationalResources v0.3.2
  [150eb455] CoordinateTransformations v0.5.1
  [f68482b8] Cthulhu v1.0.0
  [3a865a2d] CuArrays v2.0.1
  [dc8bdbbb] CustomUnitRanges v1.0.0
  [9a962f9c] DataAPI v1.1.0
  [864edb3b] DataStructures v0.17.11
  [da5c29d0] EllipsisNotation v0.4.0
  [4f61f5a4] FFTViews v0.3.1
  [7a1cc6ca] FFTW v1.2.0
  [f5851436] FFTW_jll v3.3.9+5
  [5789e2e9] FileIO v1.2.4
  [53c48c17] FixedPointNumbers v0.8.0
  [0c68f7d7] GPUArrays v3.1.0
  [4d00f742] GeometryTypes v0.8.2
  [a2bd30eb] Graphics v1.0.2
  [bbac6d45] IdentityRanges v0.3.1
  [2803e5a7] ImageAxes v0.6.4
  [a09fc81d] ImageCore v0.8.12
  [6a3955dd] ImageFiltering v0.6.11
  [6218d12a] ImageMagick v1.1.3
  [c73af94c] ImageMagick_jll v6.9.10-12+1
  [bc367c6b] ImageMetadata v0.9.0
  [02fcd773] ImageTransformations v0.8.4
  [9b13fd28] IndirectArrays v0.5.1
  [1d5cc7b8] IntelOpenMP_jll v2018.0.3+0
  [a98d9a8b] Interpolations v0.12.9
  [8197267c] IntervalSets v0.4.0
  [c8e1da08] IterTools v1.3.0
  [033835bb] JLD2 v0.1.3
  [aacddb02] JpegTurbo_jll v2.0.1+0
  [1902f260] Knet v1.3.5
  [929cbde3] LLVM v1.3.4
  [94ce4f54] Libiconv_jll v1.16.0+2
  [89763e89] Libtiff_jll v4.0.10+0
  [9c8b4983] LightXML v0.9.0
  [856f044c] MKL_jll v2019.0.117+2
  [1914dd2f] MacroTools v0.5.5
  [dbb5928d] MappedArrays v0.2.2
  [e1d29d7a] Missings v0.4.3
  [872c559c] NNlib v0.6.6
  [77ba4419] NaNMath v0.3.3
  [6fe1bfb0] OffsetArrays v1.0.4
  [efe28fd5] OpenSpecFun_jll v0.5.3+3
  [bac558e1] OrderedCollections v1.1.0
  [5432bcbf] PaddedViews v0.5.4
  [92933f4c] ProgressMeter v1.2.0
  [dca85d43] QuartzImageIO v0.6.0
  [b3c3ace0] RangeArrays v0.3.2
  [c84ed2f1] Ratios v0.4.0
  [189a3867] Reexport v0.2.0
  [ae029012] Requires v1.0.1
  [6038ab10] Rotations v0.13.0
  [699a6c99] SimpleTraits v0.9.1
  [a2af1166] SortingAlgorithms v0.3.1
  [276daf66] SpecialFunctions v0.10.0
  [90137ffa] StaticArrays v0.12.1
  [2913bbd2] StatsBase v0.32.2
  [dc548174] TerminalMenus v0.1.0
  [06e1c1a7] TiledIteration v0.2.4
  [a759f4b9] TimerOutputs v0.5.3
  [3bb67fe8] TranscodingStreams v0.9.5
  [efce3f68] WoodburyMatrices v0.5.2
  [02c8fc9c] XML2_jll v2.9.9+2
  [af39948a] YOLO v0.1.0
  [83775a58] Zlib_jll v1.2.11+9
  [3161d3a3] Zstd_jll v1.4.4+0
  [b53b4c65] libpng_jll v1.6.37+3
  [2a0f44e3] Base64 
  [ade2ca70] Dates 
  [8bb1440f] DelimitedFiles 
  [8ba89e20] Distributed 
  [b77e0a4c] InteractiveUtils 
  [76f85450] LibGit2 
  [8f399da3] Libdl 
  [37e2e46d] LinearAlgebra 
  [56ddb016] Logging 
  [d6f4376e] Markdown 
  [a63ad114] Mmap 
  [44cfe95a] Pkg 
  [de0858da] Printf 
  [3fa0cd96] REPL 
  [9a3f8284] Random 
  [ea8e919c] SHA 
  [9e88b42a] Serialization 
  [1a1011a3] SharedArrays 
  [6462fe0b] Sockets 
  [2f01184e] SparseArrays 
  [10745b16] Statistics 
  [8dfed614] Test 
  [cf7118a7] UUIDs 
  [4ec0a83e] Unicode 
WARNING: eval into closed module Knet:
Expr(:call, :ccall, Expr(:tuple, "cudaGetErrorString", "/usr/local/cuda-10.2/targets/x86_64-linux/lib/libcudart.so"), :Cstring, Expr(:tuple, :UInt32), 0x00000323)
  ** incremental compilation may be fatally broken for this module **

WARNING: eval into closed module Knet:
Expr(:call, :ccall, Expr(:tuple, "nvmlErrorString", "/usr/lib/x86_64-linux-gnu/libnvidia-ml.so"), :Cstring, Expr(:tuple, :UInt32), 0x00000012)
  ** incremental compilation may be fatally broken for this module **

Test Summary:                         | Pass  Total
Example datasets have been downloaded |    1      1
Test Summary:                                         | Pass  Total
Example pretrained weights files have been downloaded |    1      1
[ Info: YOLO_v2_tiny inference time per image: 0.8515 seconds (1.17 fps)
[ Info: YOLO_v2_tiny postprocess time per image: 0.003 seconds (338.45 fps)
[ Info: Total time per image: 0.8544 seconds (1.17 fps)
Test Summary:                                        | Pass  Total
Loading and running YOLOv2_tiny_voc pretrained model |   10     10
    Testing YOLO tests passed 
